[51 INFO root] Initialising Python Geth Console...
[51 INFO root] Initialising RandB board...
[51 INFO root] Initialising resource sensor...
[51 INFO root] Initialising random-walk...
[51 INFO root] Initialising navigation...
[51 INFO root] Initialising Odo...
[51 INFO root] Initialising odometry...
[51 INFO root] Initialising gps...
[51 INFO root] Initialising Ground sensor...
[51 INFO root] --//-- Starting Experiment --//--
[51 INFO root] x y direction
[51 INFO root] 0.6020240187644958 -0.2616580128669739 -0.1706059343824455
[51 INFO root] 0.6028342247009277 -0.26179757714271545 -0.17091731529399243
[51 INFO root] 0.6037502288818359 -0.2619556486606598 -0.17697517823894582
[51 INFO root] 0.604531466960907 -0.2620948255062103 -0.19255679940598092
[51 INFO root] 0.6051556468009949 -0.2622152864933014 -0.20966275517753166
[51 INFO root] 0.605609118938446 -0.2623106837272644 -0.22947539054667854
[51 INFO root] 0.6058992743492126 -0.2623775601387024 -0.2526007644362504
[51 INFO root] 0.6060470938682556 -0.2624150514602661 -0.27867069979805276
[51 INFO root] 0.6060783267021179 -0.2624236047267914 -0.30714385952343803
[51 INFO root] 0.6060166954994202 -0.2624039947986603 -0.3374994040674295
[51 INFO root] 0.6058803200721741 -0.26235637068748474 -0.3692530457818636
[51 INFO root] 0.6056829690933228 -0.26228052377700806 -0.4022078458161596
[51 INFO root] 0.6054357886314392 -0.26217615604400635 -0.43640802165272935
[51 INFO root] 0.605148434638977 -0.26204314827919006 -0.47204586959663736
[51 INFO root] 0.6048300266265869 -0.26188185811042786 -0.509391919622995
[51 INFO root] 0.6044896841049194 -0.2616933286190033 -0.5487397333172906
[51 INFO root] 0.6041371822357178 -0.26147961616516113 -0.5903516401511483
[51 INFO root] 0.6037832498550415 -0.2612445056438446 -0.6344057778446027
[51 INFO root] 0.6034392714500427 -0.26099374890327454 -0.6809492228040913
[51 INFO root] 0.6031172871589661 -0.2607353925704956 -0.7298624811098565
[51 INFO root] 0.6028286218643188 -0.2604798376560211 -0.7808403396127583
[51 INFO root] 0.6025829911231995 -0.26023921370506287 -0.8333959648880799
[51 INFO root] 0.6023873686790466 -0.2600264847278595 -0.8868909129692881
[51 INFO root] 0.6022448539733887 -0.2598540186882019 -0.9405772581090825
[51 INFO root] 0.6021550893783569 -0.2597329616546631 -0.9937260679020824
[51 INFO root] 0.6021140813827515 -0.2596713900566101 -1.0456080669708199
[51 INFO root] 0.6021145582199097 -0.2596729099750519 -1.0955297249230653
[51 INFO root] 0.6021473407745361 -0.2597365081310272 -1.1428817427528595
[51 INFO root] 0.602202832698822 -0.2598572075366974 -1.187172300089177
[51 INFO root] 0.602272093296051 -0.26002711057662964 -1.2280414987104855
[51 INFO root] 0.6023476719856262 -0.2602367699146271 -1.2652594132896835
[51 INFO root] 0.602424144744873 -0.26047632098197937 -1.2987111059390355
[51 INFO root] 0.6024976372718811 -0.2607366442680359 -1.3283728206589982
[51 INFO root] 0.6025660037994385 -0.26100966334342957 -1.3542839892431418
[51 INFO root] 0.6026281118392944 -0.2612885534763336 -1.3765002933982273
[51 INFO root] 0.6026837229728699 -0.2615680396556854 -1.3951048324246558
[51 INFO root] 0.6027333736419678 -0.26184454560279846 -1.4102084301887294
[51 INFO root] 0.6027776598930359 -0.262115478515625 -1.421894873213755
[51 INFO root] 0.6028175950050354 -0.2623792290687561 -1.4302268371851503
[51 INFO root] 0.6028540134429932 -0.2626350522041321 -1.435251304803618
[51 INFO root] 0.6028886437416077 -0.2628880441188812 -1.4374174660040828
[51 INFO root] 0.6029267907142639 -0.26317209005355835 -1.439486956592411
[51 INFO root] 0.6029685139656067 -0.26348745822906494 -1.4417540485048714
[51 INFO root] 0.6030130386352539 -0.2638302743434906 -1.44422287815207
[51 INFO root] 0.6030597686767578 -0.2641967833042145 -1.4469023155440268
[51 INFO root] 0.6031080484390259 -0.2645832896232605 -1.4498050977873262
[51 INFO root] 0.603157103061676 -0.264986127614975 -1.4529478506624296
[51 INFO root] 0.60320645570755 -0.26540181040763855 -1.4563509248223017
[51 INFO root] 0.6032554507255554 -0.2658269703388214 -1.4600379290846959
[51 INFO root] 0.6033036112785339 -0.26625850796699524 -1.4640348869052904
[51 INFO root] 0.6033504605293274 -0.266693651676178 -1.4683690229447284
[51 INFO root] 0.6033954620361328 -0.2671301066875458 -1.4730672830131268
[51 INFO root] 0.6034384369850159 -0.26756614446640015 -1.4781547707134282
[51 INFO root] 0.6034790277481079 -0.2680005133152008 -1.483653319346595
[51 INFO root] 0.6035169959068298 -0.2684325575828552 -1.4895803806052303
[51 INFO root] 0.6035522222518921 -0.2688620686531067 -1.4959483333134054
[51 INFO root] 0.6035845279693604 -0.26928919553756714 -1.5027642542324333
[51 INFO root] 0.6036137938499451 -0.26971447467803955 -1.5100300849417578
[51 INFO root] 0.6036399006843567 -0.270138680934906 -1.5177431049443086
[51 INFO root] 0.6036627888679504 -0.27056270837783813 -1.5258965502780015
[51 INFO root] 0.6036822199821472 -0.2709876000881195 -1.5344802195828304
[51 INFO root] 0.6036980748176575 -0.2714144289493561 -1.5434809474876456
[51 INFO root] 0.6037102341651917 -0.27184435725212097 -1.5528828674576405
[51 INFO root] 0.6037184000015259 -0.27228018641471863 -1.562648032468372
[51 INFO root] 0.6037224531173706 -0.27272507548332214 -1.572727597769332
[51 INFO root] 0.6037220358848572 -0.27318188548088074 -1.5830681338498465
[51 INFO root] 0.6037167310714722 -0.27365317940711975 -1.5936131568132887
[51 INFO root] 0.6037060618400574 -0.27414122223854065 -1.6043039824491179
[51 INFO root] 0.6036896109580994 -0.2746478319168091 -1.615080602733338
[51 INFO root] 0.6036668419837952 -0.2751745879650116 -1.6258825852684993
[51 INFO root] 0.6036372184753418 -0.2757226526737213 -1.6366499539709252
[51 INFO root] 0.6036002039909363 -0.27629292011260986 -1.6473240137662988
[51 INFO root] 0.60355544090271 -0.27688413858413696 -1.6578916881702483
[51 INFO root] 0.6035029292106628 -0.27749329805374146 -1.6683853107907525
[51 INFO root] 0.6034424901008606 -0.27811720967292786 -1.6788531967392568
[51 INFO root] 0.603374183177948 -0.278752863407135 -1.6893500599292928
[51 INFO root] 0.6032980680465698 -0.27939748764038086 -1.6999336510118621
[51 INFO root] 0.6032142043113708 -0.2800486385822296 -1.7106624672843969
[51 INFO root] 0.6031226515769958 -0.28070417046546936 -1.7215940694956644
[51 INFO root] 0.6030233502388 -0.28136229515075684 -1.7327839262421953
[51 INFO root] 0.6029163599014282 -0.2820214629173279 -1.7442846672799823
[51 INFO root] 0.6028016805648804 -0.282680481672287 -1.7561456345539346
[51 INFO root] 0.6026791334152222 -0.28333839774131775 -1.7684126713960338
[51 INFO root] 0.6025485992431641 -0.2839944660663605 -1.7811280634136164
[51 INFO root] 0.6024098992347717 -0.28464820981025696 -1.7943305812141364
[51 INFO root] 0.6022627949714661 -0.28529927134513855 -1.8080555896399817
[51 INFO root] 0.6021069884300232 -0.2859475314617157 -1.8223351683289062
[51 INFO root] 0.6019421219825745 -0.286592960357666 -1.8371982463977439
[51 INFO root] 0.6017677187919617 -0.28723573684692383 -1.852670714736118
[51 INFO root] 0.6015833616256714 -0.28787603974342346 -1.8687755128440595
[51 INFO root] 0.6013885140419006 -0.28851422667503357 -1.8855326706395688
[51 INFO root] 0.6011824607849121 -0.2891506850719452 -1.9029593077879556
[51 INFO root] 0.6009646058082581 -0.28978589177131653 -1.9210695776155213
[51 INFO root] 0.6007340550422668 -0.29042041301727295 -1.9398745734156615
[51 INFO root] 0.6004900932312012 -0.29105472564697266 -1.959382152651205
[51 INFO root] 0.6002316474914551 -0.2916894555091858 -1.9795967225931173
[51 INFO root] 0.5999577641487122 -0.29232513904571533 -2.000518955726554
[51 INFO root] 0.5996673107147217 -0.2929624319076538 -2.022145468715802
[51 INFO root] 0.5993590950965881 -0.29360178112983704 -2.0444684282418506
[51 INFO root] 0.5990318059921265 -0.29424378275871277 -2.067475118893774
[51 INFO root] 0.5986840724945068 -0.29488885402679443 -2.0911474747391674
[51 INFO root] 0.5983144044876099 -0.29553738236427307 -2.1154615645736947
[51 INFO root] 0.5979214310646057 -0.29618963599205017 -2.1403870977730928
[51 INFO root] 0.5975034832954407 -0.29684579372406006 -2.1658869162972887
[51 INFO root] 0.5970590114593506 -0.2975058853626251 -2.191916516956983
[51 INFO root] 0.5965864658355713 -0.2981697916984558 -2.2184236481734314
[51 INFO root] 0.5960842967033386 -0.29883724451065063 -2.2453479887206327
[51 INFO root] 0.5955509543418884 -0.2995077669620514 -2.2726209676411946
[51 INFO root] 0.5949851274490356 -0.30018067359924316 -2.300165756470324
[51 INFO root] 0.5943856239318848 -0.3008551299571991 -2.327897464566741
[51 INFO root] 0.5937512516975403 -0.30153006315231323 -2.3557235678821375
[51 INFO root] 0.5930814146995544 -0.3022042214870453 -2.3835446160539737
[51 INFO root] 0.5923755764961243 -0.3028760850429535 -2.411312199644615
[51 INFO root] 0.5916336178779602 -0.3035441040992737 -2.438980589848973
[51 INFO root] 0.5908385515213013 -0.304220974445343 -2.466969015575761
[51 INFO root] 0.5899946689605713 -0.304899662733078 -2.4949812627029764
[51 INFO root] 0.5891109108924866 -0.3055706024169922 -2.522626483962678
[51 INFO root] 0.5881962776184082 -0.30622589588165283 -2.54956366042074
[51 INFO root] 0.587259829044342 -0.3068593442440033 -2.5755028703672544
[51 INFO root] 0.5863077640533447 -0.30746784806251526 -2.600247380210341
[51 INFO root] 0.585330069065094 -0.3080589473247528 -2.6239012849496097
[51 INFO root] 0.5843290686607361 -0.30863210558891296 -2.6463035566817283
[51 INFO root] 0.5833092927932739 -0.3091859221458435 -2.6672570352496647
[51 INFO root] 0.5822758674621582 -0.3097192645072937 -2.6865667643915927
[51 INFO root] 0.5812343955039978 -0.3102313280105591 -2.7040447916946935
[51 INFO root] 0.5801908373832703 -0.3107217252254486 -2.7195139752118127
[51 INFO root] 0.5791513919830322 -0.3111904561519623 -2.732810496456037
[51 INFO root] 0.5781221985816956 -0.3116379678249359 -2.7437849070719413
[51 INFO root] 0.577109158039093 -0.3120649755001068 -2.752301701955074
[51 INFO root] 0.5761178135871887 -0.3124726712703705 -2.758237567006823
[51 INFO root] 0.5751531720161438 -0.3128623962402344 -2.7614787555802405
[51 INFO root] 0.5742195248603821 -0.3132357895374298 -2.761918034270464
[51 INFO root] 0.5732905864715576 -0.31360653042793274 -2.7619338364276445
[51 INFO root] 0.5723617672920227 -0.31397712230682373 -2.7619338364276445
[51 INFO root] 0.5714330077171326 -0.3143477141857147 -2.7619338364276445
[51 INFO root] 0.5705041885375977 -0.3147183358669281 -2.7619338364276445
[51 INFO root] 0.5695754289627075 -0.3150889277458191 -2.7619338364276445
[51 INFO root] 0.5686466097831726 -0.31545954942703247 -2.7619338364276445
[51 INFO root] 0.5677178502082825 -0.31583014130592346 -2.7619338364276445
[51 INFO root] 0.5667890310287476 -0.31620073318481445 -2.7619338364276445
[51 INFO root] 0.5658602118492126 -0.31657135486602783 -2.7619338364276445
[51 INFO root] 0.5649314522743225 -0.3169419467449188 -2.7619338364276445
[51 INFO root] 0.5640026330947876 -0.3173125684261322 -2.7619338364276445
[51 INFO root] 0.5630738735198975 -0.3176831603050232 -2.7619338364276445
[51 INFO root] 0.5621450543403625 -0.3180537521839142 -2.7619338364276445
[51 INFO root] 0.5612162947654724 -0.31842437386512756 -2.7619338364276445
[51 INFO root] 0.5602874755859375 -0.31879496574401855 -2.7619338364276445
[51 INFO root] 0.5593587160110474 -0.31916558742523193 -2.7619338364276445
[51 INFO root] 0.5584341287612915 -0.3195345103740692 -2.7603380689975245
[51 INFO root] 0.5575196146965027 -0.3199009299278259 -2.754692963264704
[51 INFO root] 0.5566139817237854 -0.32026931643486023 -2.7450860098586207
[51 INFO root] 0.5557494759559631 -0.3206302523612976 -2.731225591669843
[51 INFO root] 0.5549970865249634 -0.32095617055892944 -2.7119431353079686
[51 INFO root] 0.5543450117111206 -0.32125324010849 -2.6875387716673025
[51 INFO root] 0.5537719130516052 -0.3215310275554657 -2.658413438126703
[51 INFO root] 0.5532585382461548 -0.32179832458496094 -2.624886918332288
[51 INFO root] 0.5527876019477844 -0.322063684463501 -2.587218490230101
[51 INFO root] 0.5523442625999451 -0.322335809469223 -2.545629925072165
[51 INFO root] 0.5519157648086548 -0.3226238191127777 -2.500336738347958
[51 INFO root] 0.5514918565750122 -0.32293733954429626 -2.4515444636281254
[51 INFO root] 0.5510645508766174 -0.32328668236732483 -2.399456777774363
[51 INFO root] 0.5506284832954407 -0.3236826956272125 -2.344286884725287
[51 INFO root] 0.5501806735992432 -0.3241366147994995 -2.2862680874389336
[51 INFO root] 0.5497209429740906 -0.3246598541736603 -2.2256630028710003
[51 INFO root] 0.5492519736289978 -0.3252635896205902 -2.1627709229836
[51 INFO root] 0.5487791895866394 -0.3259580433368683 -2.097932637799504
[51 INFO root] 0.5483106970787048 -0.3267520070075989 -2.0315319490753874
[51 INFO root] 0.5478570461273193 -0.3276520371437073 -1.9639931733478067
[51 INFO root] 0.5474307537078857 -0.32866179943084717 -1.8957742048430923
[51 INFO root] 0.5470462441444397 -0.3297795057296753 -1.8274822845490928
[51 INFO root] 0.5467312932014465 -0.33094751834869385 -1.7625719518536729
[51 INFO root] 0.5464924573898315 -0.3321361541748047 -1.7015348171833107
[51 INFO root] 0.5463292598724365 -0.3333207666873932 -1.64436520617684
[51 INFO root] 0.5462369918823242 -0.334479957818985 -1.5909116850090694
[51 INFO root] 0.5462083220481873 -0.3355969488620758 -1.5409042688567458
[51 INFO root] 0.5462345480918884 -0.33665987849235535 -1.493991145603788
[51 INFO root] 0.5463066101074219 -0.33766141533851624 -1.4497748558345744
[51 INFO root] 0.5464161038398743 -0.3385981619358063 -1.4078438287897377
[51 INFO root] 0.5465554594993591 -0.3394700884819031 -1.367797456914051
[51 INFO root] 0.5467184782028198 -0.3402794897556305 -1.329264432434344
[51 INFO root] 0.5469002723693848 -0.3410305380821228 -1.2919150562631605
[51 INFO root] 0.5470971465110779 -0.3417285680770874 -1.2554687063885472
[51 INFO root] 0.5473067760467529 -0.34237974882125854 -1.219697749564165
[51 INFO root] 0.5475280284881592 -0.3429907262325287 -1.1844290292091728
[51 INFO root] 0.5477600693702698 -0.34356725215911865 -1.1495389515099266
[51 INFO root] 0.5480029582977295 -0.34411463141441345 -1.1149619159703652
[51 INFO root] 0.5482574105262756 -0.34463831782341003 -1.0806968818772942
[51 INFO root] 0.5485245585441589 -0.34514328837394714 -1.0468086625404234
[51 INFO root] 0.5488057732582092 -0.34563374519348145 -1.0134234100434136
[51 INFO root] 0.5491021871566772 -0.3461129069328308 -0.9807202004755844
[51 INFO root] 0.5494148135185242 -0.3465830087661743 -0.948919753017735
[51 INFO root] 0.5497440695762634 -0.3470454812049866 -0.9182713140804905
[51 INFO root] 0.5500901937484741 -0.34750130772590637 -0.8890377476110496
[51 INFO root] 0.5504537224769592 -0.34795188903808594 -0.8614866886491673
[51 INFO root] 0.5508346557617188 -0.3483981192111969 -0.8358870508899081
[51 INFO root] 0.5512323379516602 -0.3488403558731079 -0.8124981549026286
[51 INFO root] 0.5516454577445984 -0.3492785394191742 -0.7915591000048613
[51 INFO root] 0.5520721673965454 -0.3497123420238495 -0.7732808543422016
[51 INFO root] 0.5525103807449341 -0.35014161467552185 -0.7578413955547276
[51 INFO root] 0.5529577732086182 -0.3505662679672241 -0.745383659232848
[51 INFO root] 0.5534119009971619 -0.3509865403175354 -0.7360157500180377
[51 INFO root] 0.5538707971572876 -0.35140296816825867 -0.72981276121507
[51 INFO root] 0.5543489456176758 -0.35183122754096985 -0.7260619056989892
[51 INFO root] 0.5548715591430664 -0.35229557752609253 -0.7234376333436784
[51 INFO root] 0.555384635925293 -0.35274890065193176 -0.7240272937011898
[51 INFO root] 0.5558818578720093 -0.35318857431411743 -0.7280642464129152
[51 INFO root] 0.556363582611084 -0.3536176383495331 -0.7354939229985852
[51 INFO root] 0.5568296313285828 -0.35403868556022644 -0.7462327702800194
[51 INFO root] 0.5572801232337952 -0.35445424914360046 -0.7601864073141565
[51 INFO root] 0.5577153563499451 -0.3548669219017029 -0.7772574504408302
[51 INFO root] 0.5581360459327698 -0.3552793860435486 -0.7973498657763322
[51 INFO root] 0.5585429072380066 -0.35569441318511963 -0.8203719860725431
[51 INFO root] 0.5589367151260376 -0.35611477494239807 -0.8462385141402553
[51 INFO root] 0.5593181252479553 -0.3565434217453003 -0.8748716658011924
[51 INFO root] 0.5596877336502075 -0.3569833040237427 -0.9062015534209032
[51 INFO root] 0.5600458383560181 -0.35743752121925354 -0.9401658436643745
[51 INFO root] 0.5603926777839661 -0.357909232378006 -0.9767087054225755
[51 INFO root] 0.5607279539108276 -0.3584017753601074 -1.0157790139423704
[51 INFO root] 0.5610511302947998 -0.35891857743263245 -1.0573277753633539
[51 INFO root] 0.5613611936569214 -0.3594632148742676 -1.1013047610115752
[51 INFO root] 0.561656653881073 -0.36003944277763367 -1.1476543738104885
[51 INFO root] 0.5619353652000427 -0.36065101623535156 -1.1963108423281303
[51 INFO root] 0.5621946454048157 -0.36130180954933167 -1.2471929449145323
[51 INFO root] 0.5624310970306396 -0.36199548840522766 -1.3001985662390487
[51 INFO root] 0.5626404285430908 -0.3627355098724365 -1.3551994869821096
[51 INFO root] 0.5628169775009155 -0.363521933555603 -1.412048544789509
[51 INFO root] 0.5629544854164124 -0.3643515408039093 -1.4705959665983397
[51 INFO root] 0.5630468726158142 -0.3652212917804718 -1.530680838110848
[51 INFO root] 0.563088595867157 -0.36612874269485474 -1.5921235845356663
[51 INFO root] 0.5630740523338318 -0.36707156896591187 -1.6547238723122313
[51 INFO root] 0.5629979372024536 -0.3680470883846283 -1.7182609340063704
[51 INFO root] 0.5628550052642822 -0.36905181407928467 -1.7824889621400772
[51 INFO root] 0.5626405477523804 -0.3700809180736542 -1.8471274520678902
[51 INFO root] 0.562349796295166 -0.37113112211227417 -1.9117990455294145
[51 INFO root] 0.5619677305221558 -0.37222883105278015 -1.9751029027133395
[51 INFO root] 0.5614911913871765 -0.37336134910583496 -2.0364784947037746
[51 INFO root] 0.5609220862388611 -0.3745107054710388 -2.0955258852694776
[51 INFO root] 0.5602658987045288 -0.3756595253944397 -2.1519153104247013
[51 INFO root] 0.5595310926437378 -0.37679195404052734 -2.2053965002163696
[51 INFO root] 0.5587285161018372 -0.3778943121433258 -2.255801914120382
[51 INFO root] 0.5578709840774536 -0.37895479798316956 -2.3031020926921255
[51 INFO root] 0.5569719076156616 -0.3799644708633423 -2.347367896062039
[51 INFO root] 0.5560441017150879 -0.3809173107147217 -2.3887244510246854
[51 INFO root] 0.5550994873046875 -0.38180994987487793 -2.427330718941836
[51 INFO root] 0.5541484951972961 -0.3826410174369812 -2.463366222530087
[51 INFO root] 0.5532001852989197 -0.3834109306335449 -2.497020306613245
[51 INFO root] 0.5522621870040894 -0.3841211199760437 -2.528483831362556
[51 INFO root] 0.5513407588005066 -0.38477393984794617 -2.5579432225048273
[51 INFO root] 0.5504408478736877 -0.3853721618652344 -2.5855765925343794
[51 INFO root] 0.5495666265487671 -0.3859189450740814 -2.611551548775175
[51 INFO root] 0.548721194267273 -0.3864174485206604 -2.636024295368995
[51 INFO root] 0.5479069352149963 -0.3868708908557892 -2.6591396767859647
[51 INFO root] 0.5470777750015259 -0.3873075842857361 -2.6820982037740775
[51 INFO root] 0.5462255477905273 -0.387731671333313 -2.7050766360191547
[51 INFO root] 0.5453499555587769 -0.38814258575439453 -2.7280525726020537
[51 INFO root] 0.5444507598876953 -0.3885396122932434 -2.7509881506464207
[51 INFO root] 0.543528139591217 -0.38892197608947754 -2.7738371397060524
[51 INFO root] 0.5425821542739868 -0.38928890228271484 -2.7965450309210556
[51 INFO root] 0.5416067838668823 -0.3896419107913971 -2.817404768718849
[51 INFO root] 0.54059898853302 -0.3899828791618347 -2.834484072951309
[51 INFO root] 0.539564847946167 -0.3903127610683441 -2.847691357682737
[51 INFO root] 0.5385105609893799 -0.39063334465026855 -2.8571903519487103
[51 INFO root] 0.5374410152435303 -0.3909470736980438 -2.863183707460046
[51 INFO root] 0.5363601446151733 -0.391256719827652 -2.86590263452747
[51 INFO root] 0.5352707505226135 -0.3915652334690094 -2.8655975528296285
[51 INFO root] 0.5341747999191284 -0.39187559485435486 -2.86252955991626
[51 INFO root] 0.5330735445022583 -0.3921907842159271 -2.8569631817349825
[51 INFO root] 0.5319678783416748 -0.39251360297203064 -2.8491605820317107
[51 INFO root] 0.5308582782745361 -0.3928467333316803 -2.8393772037313227
[51 INFO root] 0.5297451615333557 -0.3931925892829895 -2.827858692281942
[51 INFO root] 0.5286287665367126 -0.39355337619781494 -2.814838900207574
[51 INFO root] 0.5275095701217651 -0.3939310610294342 -2.800538774807518
[51 INFO root] 0.5263879895210266 -0.3943273425102234 -2.7851659709783543
[51 INFO root] 0.5252647399902344 -0.3947436213493347 -2.768915091752339
[51 INFO root] 0.5241933465003967 -0.39516037702560425 -2.7508990837210705
[51 INFO root] 0.5231974124908447 -0.3955683410167694 -2.730678455268514
[51 INFO root] 0.5222750902175903 -0.39596787095069885 -2.7082679905148597
[51 INFO root] 0.5214220285415649 -0.3963600695133209 -2.6838000353320233
[51 INFO root] 0.5206339359283447 -0.39674580097198486 -2.657437275630564
[51 INFO root] 0.519906759262085 -0.39712563157081604 -2.6293510379148857
[51 INFO root] 0.5192365050315857 -0.3974998891353607 -2.5997153621432236
[51 INFO root] 0.5186196565628052 -0.3978685736656189 -2.568704538144783
[51 INFO root] 0.518052875995636 -0.398231565952301 -2.53649181120841
[51 INFO root] 0.5175328850746155 -0.3985885977745056 -2.503256676068538
[51 INFO root] 0.5170561075210571 -0.39893975853919983 -2.4691908927021267
[51 INFO root] 0.5166196227073669 -0.3992847204208374 -2.434480360011052
[51 INFO root] 0.5162209272384644 -0.3996228873729706 -2.3992994388858904
[51 INFO root] 0.5158582329750061 -0.39995312690734863 -2.363809565523836
[51 INFO root] 0.5155299305915833 -0.40027403831481934 -2.32815857840732
[51 INFO root] 0.5152348279953003 -0.40058380365371704 -2.2924805476600993
[51 INFO root] 0.5149717926979065 -0.400880366563797 -2.2568961762303
[51 INFO root] 0.5147398114204407 -0.40116146206855774 -2.221513765262194
[51 INFO root] 0.5145378708839417 -0.4014246165752411 -2.1864306299673353
[51 INFO root] 0.5143641829490662 -0.4016681909561157 -2.1516946090245432
[51 INFO root] 0.5142166614532471 -0.4018910527229309 -2.1173237386884893
[51 INFO root] 0.5140931606292725 -0.4020922780036926 -2.083330709614607
[51 INFO root] 0.51399165391922 -0.402271032333374 -2.0497300879667977
[51 INFO root] 0.5139101147651672 -0.4024266004562378 -2.016540073280629
[51 INFO root] 0.5138465762138367 -0.40255823731422424 -1.9837820870999348
[51 INFO root] 0.5137991309165955 -0.4026654064655304 -1.951474304619426
[51 INFO root] 0.5137657523155212 -0.4027478098869324 -1.9196252321329212
[51 INFO root] 0.5137444138526917 -0.4028056561946869 -1.8882325036951644
[51 INFO root] 0.5137330889701843 -0.4028395414352417 -1.857284250446344
