[5 INFO root] Initialising Python Geth Console...
[5 INFO root] Initialising RandB board...
[5 INFO root] Initialising resource sensor...
[5 INFO root] Initialising random-walk...
[5 INFO root] Initialising navigation...
[5 INFO root] Initialising Odo...
[5 INFO root] Initialising odometry...
[5 INFO root] Initialising gps...
[5 INFO root] Initialising Ground sensor...
[5 INFO root] --//-- Starting Experiment --//--
[5 INFO root] x y direction
[5 INFO root] 0.007093419786542654 -0.2237820029258728 0.658989201663255
[5 INFO root] 0.007745674345642328 -0.22327683866024017 0.658989201663255
[5 INFO root] 0.00853628572076559 -0.22266452014446259 0.658989201663255
[5 INFO root] 0.00932689756155014 -0.222052201628685 0.658989201663255
[5 INFO root] 0.01011750940233469 -0.2214398831129074 0.658989201663255
[5 INFO root] 0.010908120311796665 -0.22082756459712982 0.658989201663255
[5 INFO root] 0.011698732152581215 -0.22021524608135223 0.658989201663255
[5 INFO root] 0.012489343993365765 -0.21960292756557465 0.658989201663255
[5 INFO root] 0.01327995490282774 -0.21899060904979706 0.658989201663255
[5 INFO root] 0.01407056674361229 -0.21837829053401947 0.658989201663255
[5 INFO root] 0.01486117858439684 -0.21776597201824188 0.658989201663255
[5 INFO root] 0.01565179042518139 -0.2171536535024643 0.658989201663255
[5 INFO root] 0.016442401334643364 -0.2165413349866867 0.658989201663255
[5 INFO root] 0.01723301224410534 -0.21592901647090912 0.658989201663255
[5 INFO root] 0.018023625016212463 -0.21531669795513153 0.658989201663255
[5 INFO root] 0.01881423592567444 -0.21470437943935394 0.658989201663255
[5 INFO root] 0.019604846835136414 -0.21409206092357635 0.658989201663255
[5 INFO root] 0.020395459607243538 -0.21347974240779877 0.658989201663255
[5 INFO root] 0.021186070516705513 -0.21286743879318237 0.658989201663255
[5 INFO root] 0.021976683288812637 -0.21225512027740479 0.658989201663255
[5 INFO root] 0.022767294198274612 -0.2116428017616272 0.658989201663255
[5 INFO root] 0.023557905107736588 -0.2110304832458496 0.658989201663255
[5 INFO root] 0.024348517879843712 -0.21041816473007202 0.658989201663255
[5 INFO root] 0.025139128789305687 -0.20980584621429443 0.658989201663255
[5 INFO root] 0.025929739698767662 -0.20919352769851685 0.658989201663255
[5 INFO root] 0.026720352470874786 -0.20858120918273926 0.658989201663255
[5 INFO root] 0.02751096338033676 -0.20796889066696167 0.658989201663255
[5 INFO root] 0.028301574289798737 -0.20735657215118408 0.658989201663255
[5 INFO root] 0.02909218706190586 -0.2067442536354065 0.658989201663255
[5 INFO root] 0.029882797971367836 -0.2061319351196289 0.658989201663255
[5 INFO root] 0.03067340888082981 -0.20551961660385132 0.658989201663255
[5 INFO root] 0.031464021652936935 -0.20490729808807373 0.658989201663255
[5 INFO root] 0.03225463256239891 -0.20429497957229614 0.658989201663255
[5 INFO root] 0.033045243471860886 -0.20368266105651855 0.658989201663255
[5 INFO root] 0.03383585438132286 -0.20307034254074097 0.658989201663255
[5 INFO root] 0.034626465290784836 -0.20245802402496338 0.658989201663255
[5 INFO root] 0.03541707992553711 -0.2018457055091858 0.658989201663255
[5 INFO root] 0.036207690834999084 -0.2012333869934082 0.658989201663255
[5 INFO root] 0.03699830174446106 -0.20062106847763062 0.658989201663255
[5 INFO root] 0.037788912653923035 -0.20000874996185303 0.658989201663255
[5 INFO root] 0.03857952356338501 -0.19939643144607544 0.658989201663255
[5 INFO root] 0.03937013819813728 -0.19878411293029785 0.658989201663255
[5 INFO root] 0.04016074910759926 -0.19817179441452026 0.658989201663255
[5 INFO root] 0.040951360017061234 -0.19755947589874268 0.658989201663255
[5 INFO root] 0.04174197092652321 -0.1969471573829651 0.658989201663255
[5 INFO root] 0.042532581835985184 -0.1963348388671875 0.658989201663255
[5 INFO root] 0.04332319274544716 -0.1957225203514099 0.658989201663255
[5 INFO root] 0.04411380738019943 -0.19511021673679352 0.658989201663255
[5 INFO root] 0.04490441828966141 -0.19449789822101593 0.658989201663255
[5 INFO root] 0.04569502919912338 -0.19388557970523834 0.658989201663255
[5 INFO root] 0.04648564010858536 -0.19327326118946075 0.658989201663255
[5 INFO root] 0.04727625101804733 -0.19266094267368317 0.658989201663255
[5 INFO root] 0.04806686192750931 -0.19204862415790558 0.658989201663255
[5 INFO root] 0.04885747656226158 -0.191436305642128 0.658989201663255
[5 INFO root] 0.049648087471723557 -0.1908239871263504 0.658989201663255
[5 INFO root] 0.05043869838118553 -0.19021166861057281 0.658989201663255
[5 INFO root] 0.05122930929064751 -0.18959935009479523 0.658989201663255
[5 INFO root] 0.05202634632587433 -0.1889820545911789 0.6584410328969221
[5 INFO root] 0.05283168703317642 -0.18835896253585815 0.6572353590105089
[5 INFO root] 0.05364514887332916 -0.187731072306633 0.6554513270448568
[5 INFO root] 0.05446633696556091 -0.18709947168827057 0.6531800097548073
[5 INFO root] 0.05529479682445526 -0.18646521866321564 0.65050815714595
[5 INFO root] 0.056130025535821915 -0.1858292520046234 0.6475178433118272
[5 INFO root] 0.05697145685553551 -0.18519248068332672 0.6442862666576087
[5 INFO root] 0.0578184649348259 -0.1845557689666748 0.6408856044903593
[5 INFO root] 0.058670368045568466 -0.18391986191272736 0.6373829211667975
[5 INFO root] 0.05952642858028412 -0.18328548967838287 0.6338401282548001
[5 INFO root] 0.06038587912917137 -0.18265332281589508 0.6303139943197743
[5 INFO root] 0.06124790385365486 -0.18202392756938934 0.6268562011046629
[5 INFO root] 0.062111664563417435 -0.18139784038066864 0.6235134421035694
[5 INFO root] 0.06297630071640015 -0.18077552318572998 0.6203275588917327
[5 INFO root] 0.06384095549583435 -0.18015740811824799 0.6173357101076358
[5 INFO root] 0.06470474600791931 -0.17954380810260773 0.6145705677062405
[5 INFO root] 0.06556683033704758 -0.17893503606319427 0.6120605350179193
[5 INFO root] 0.0664263591170311 -0.17833134531974792 0.6098299812432066
[5 INFO root] 0.06728251278400421 -0.17773288488388062 0.6078994872658053
[5 INFO root] 0.06813450902700424 -0.17713983356952667 0.6062860980450451
[5 INFO root] 0.0689815953373909 -0.17655225098133087 0.6050035773207351
[5 INFO root] 0.06982306391000748 -0.17597021162509918 0.6040626608946189
[5 INFO root] 0.07065825909376144 -0.1753937005996704 0.6034713053124271
[5 INFO root] 0.07148656249046326 -0.17482273280620575 0.6032349293321179
[5 INFO root] 0.07231047749519348 -0.1742551028728485 0.603214846697492
[5 INFO root] 0.07313399761915207 -0.17368781566619873 0.603214846697492
[5 INFO root] 0.07395751029253006 -0.17312051355838776 0.603214846697492
[5 INFO root] 0.07478103041648865 -0.17255322635173798 0.603214846697492
[5 INFO root] 0.07560454308986664 -0.1719859391450882 0.603214846697492
[5 INFO root] 0.07642805576324463 -0.17141863703727722 0.603214846697492
[5 INFO root] 0.07725157588720322 -0.17085134983062744 0.603214846697492
[5 INFO root] 0.07807508856058121 -0.17028404772281647 0.603214846697492
[5 INFO root] 0.0788986086845398 -0.1697167605161667 0.603214846697492
[5 INFO root] 0.07972212135791779 -0.1691494733095169 0.603214846697492
[5 INFO root] 0.08054564148187637 -0.16858217120170593 0.603214846697492
[5 INFO root] 0.08136915415525436 -0.16801488399505615 0.603214846697492
[5 INFO root] 0.08219267427921295 -0.16744759678840637 0.603214846697492
[5 INFO root] 0.08301618695259094 -0.1668802946805954 0.603214846697492
[5 INFO root] 0.08383970707654953 -0.16631300747394562 0.603214846697492
[5 INFO root] 0.08466321974992752 -0.16574570536613464 0.603214846697492
[5 INFO root] 0.08548673242330551 -0.16517841815948486 0.603214846697492
[5 INFO root] 0.0863102525472641 -0.16461113095283508 0.603214846697492
[5 INFO root] 0.08713376522064209 -0.1640438288450241 0.603214846697492
[5 INFO root] 0.08795728534460068 -0.16347654163837433 0.603214846697492
[5 INFO root] 0.08878079801797867 -0.16290925443172455 0.603214846697492
[5 INFO root] 0.08960431814193726 -0.16234195232391357 0.603214846697492
[5 INFO root] 0.09042783081531525 -0.1617746651172638 0.603214846697492
[5 INFO root] 0.09125135093927383 -0.16120736300945282 0.603214846697492
[5 INFO root] 0.09207486361265182 -0.16064007580280304 0.603214846697492
[5 INFO root] 0.09289838373661041 -0.16007278859615326 0.603214846697492
[5 INFO root] 0.0937218964099884 -0.15950548648834229 0.603214846697492
[5 INFO root] 0.09454541653394699 -0.1589381992816925 0.603214846697492
[5 INFO root] 0.09536892920732498 -0.15837091207504272 0.603214846697492
[5 INFO root] 0.09619244188070297 -0.15780360996723175 0.603214846697492
[5 INFO root] 0.09701596200466156 -0.15723632276058197 0.603214846697492
[5 INFO root] 0.09783947467803955 -0.156669020652771 0.603214846697492
[5 INFO root] 0.09866299480199814 -0.15610173344612122 0.603214846697492
[5 INFO root] 0.09948650747537613 -0.15553444623947144 0.603214846697492
[5 INFO root] 0.10031002759933472 -0.15496714413166046 0.603214846697492
[5 INFO root] 0.10113354027271271 -0.15439985692501068 0.603214846697492
[5 INFO root] 0.1019570603966713 -0.1538325548171997 0.603214846697492
[5 INFO root] 0.10278057307004929 -0.15326526761054993 0.603214846697492
[5 INFO root] 0.10360409319400787 -0.15269798040390015 0.603214846697492
[5 INFO root] 0.10442760586738586 -0.15213067829608917 0.603214846697492
[5 INFO root] 0.10525111854076385 -0.1515633910894394 0.603214846697492
[5 INFO root] 0.10607463866472244 -0.1509961038827896 0.603214846697492
[5 INFO root] 0.10689815133810043 -0.15042880177497864 0.603214846697492
[5 INFO root] 0.10772167146205902 -0.14986151456832886 0.603214846697492
[5 INFO root] 0.10854518413543701 -0.14929421246051788 0.603214846697492
[5 INFO root] 0.1093687042593956 -0.1487269252538681 0.603214846697492
[5 INFO root] 0.11019221693277359 -0.14815963804721832 0.603214846697492
[5 INFO root] 0.11101573705673218 -0.14759233593940735 0.603214846697492
[5 INFO root] 0.11183924973011017 -0.14702504873275757 0.603214846697492
[5 INFO root] 0.11266276985406876 -0.1464577615261078 0.603214846697492
[5 INFO root] 0.11348628252744675 -0.14589045941829681 0.603214846697492
[5 INFO root] 0.11430980265140533 -0.14532317221164703 0.603214846697492
[5 INFO root] 0.11513331532478333 -0.14475587010383606 0.603214846697492
[5 INFO root] 0.11595682799816132 -0.14418858289718628 0.603214846697492
[5 INFO root] 0.1167803481221199 -0.1436212956905365 0.603214846697492
[5 INFO root] 0.1176038607954979 -0.14305399358272552 0.603214846697492
[5 INFO root] 0.11842738091945648 -0.14248670637607574 0.603214846697492
[5 INFO root] 0.11925089359283447 -0.14191940426826477 0.603214846697492
[5 INFO root] 0.12007441371679306 -0.141352117061615 0.603214846697492
[5 INFO root] 0.12089792639017105 -0.1407848298549652 0.603214846697492
[5 INFO root] 0.12172144651412964 -0.14021752774715424 0.603214846697492
[5 INFO root] 0.12254495918750763 -0.13965024054050446 0.603214846697492
[5 INFO root] 0.12336847931146622 -0.13908295333385468 0.603214846697492
[5 INFO root] 0.12419199198484421 -0.1385156512260437 0.603214846697492
[5 INFO root] 0.1250155121088028 -0.13794836401939392 0.603214846697492
[5 INFO root] 0.1258390247821808 -0.13738106191158295 0.603214846697492
[5 INFO root] 0.12666253745555878 -0.13681377470493317 0.603214846697492
[5 INFO root] 0.12748605012893677 -0.1362464874982834 0.603214846697492
[5 INFO root] 0.12830957770347595 -0.1356791853904724 0.603214846697492
[5 INFO root] 0.12913309037685394 -0.13511189818382263 0.603214846697492
[5 INFO root] 0.12995660305023193 -0.13454461097717285 0.603214846697492
[5 INFO root] 0.13078011572360992 -0.13397730886936188 0.603214846697492
[5 INFO root] 0.1316036432981491 -0.1334100216627121 0.603214846697492
[5 INFO root] 0.1324271559715271 -0.13284271955490112 0.603214846697492
[5 INFO root] 0.1332506686449051 -0.13227543234825134 0.603214846697492
[5 INFO root] 0.13407418131828308 -0.13170814514160156 0.603214846697492
[5 INFO root] 0.13489770889282227 -0.1311408430337906 0.603214846697492
[5 INFO root] 0.13572122156620026 -0.1305735558271408 0.603214846697492
[5 INFO root] 0.13654473423957825 -0.13000626862049103 0.603214846697492
[5 INFO root] 0.13736824691295624 -0.12943896651268005 0.603214846697492
[5 INFO root] 0.13819175958633423 -0.12887167930603027 0.603214846697492
[5 INFO root] 0.1390152871608734 -0.1283043771982193 0.603214846697492
[5 INFO root] 0.1398387998342514 -0.12773708999156952 0.603214846697492
[5 INFO root] 0.1406623125076294 -0.12716980278491974 0.603214846697492
[5 INFO root] 0.14148582518100739 -0.12660250067710876 0.603214846697492
[5 INFO root] 0.14230935275554657 -0.12603521347045898 0.603214846697492
[5 INFO root] 0.14313286542892456 -0.125467911362648 0.603214846697492
[5 INFO root] 0.14395637810230255 -0.12490062415599823 0.603214846697492
[5 INFO root] 0.14477989077568054 -0.12433332949876785 0.603214846697492
[5 INFO root] 0.14560341835021973 -0.12376604229211807 0.603214846697492
[5 INFO root] 0.14642693102359772 -0.1231987476348877 0.603214846697492
[5 INFO root] 0.1472504436969757 -0.12263145297765732 0.603214846697492
[5 INFO root] 0.1480739563703537 -0.12206415832042694 0.603214846697492
[5 INFO root] 0.1488974690437317 -0.12149687111377716 0.603214846697492
[5 INFO root] 0.14972099661827087 -0.12092957645654678 0.603214846697492
[5 INFO root] 0.15054450929164886 -0.1203622817993164 0.603214846697492
[5 INFO root] 0.15136802196502686 -0.11979498714208603 0.603214846697492
[5 INFO root] 0.15219153463840485 -0.11922769993543625 0.603214846697492
[5 INFO root] 0.15301506221294403 -0.11866040527820587 0.603214846697492
[5 INFO root] 0.15383857488632202 -0.1180931106209755 0.603214846697492
[5 INFO root] 0.1546620875597 -0.11752581596374512 0.603214846697492
[5 INFO root] 0.155485600233078 -0.11695852875709534 0.603214846697492
[5 INFO root] 0.156309112906456 -0.11639123409986496 0.603214846697492
[5 INFO root] 0.15713264048099518 -0.11582393944263458 0.603214846697492
[5 INFO root] 0.15795615315437317 -0.1152566447854042 0.603214846697492
[5 INFO root] 0.15877966582775116 -0.11468935757875443 0.603214846697492
[5 INFO root] 0.15960317850112915 -0.11412206292152405 0.603214846697492
[5 INFO root] 0.16042670607566833 -0.11355476826429367 0.603214846697492
[5 INFO root] 0.16125021874904633 -0.1129874736070633 0.603214846697492
[5 INFO root] 0.16207373142242432 -0.11242018640041351 0.603214846697492
[5 INFO root] 0.1628972440958023 -0.11185289174318314 0.603214846697492
[5 INFO root] 0.1637207716703415 -0.11128559708595276 0.603214846697492
[5 INFO root] 0.16454428434371948 -0.11071830242872238 0.603214846697492
[5 INFO root] 0.16536779701709747 -0.110151007771492 0.603214846697492
[5 INFO root] 0.16619130969047546 -0.10958372056484222 0.603214846697492
[5 INFO root] 0.16701482236385345 -0.10901642590761185 0.603214846697492
[5 INFO root] 0.16783834993839264 -0.10844913125038147 0.603214846697492
[5 INFO root] 0.16866186261177063 -0.10788183659315109 0.603214846697492
[5 INFO root] 0.16948537528514862 -0.10731454938650131 0.603214846697492
[5 INFO root] 0.1703088879585266 -0.10674725472927094 0.603214846697492
[5 INFO root] 0.1711324155330658 -0.10617996007204056 0.603214846697492
[5 INFO root] 0.1719559282064438 -0.10561266541481018 0.603214846697492
[5 INFO root] 0.17277944087982178 -0.1050453782081604 0.603214846697492
[5 INFO root] 0.17360295355319977 -0.10447808355093002 0.603214846697492
[5 INFO root] 0.17442648112773895 -0.10391078889369965 0.603214846697492
[5 INFO root] 0.17524999380111694 -0.10334349423646927 0.603214846697492
[5 INFO root] 0.17607350647449493 -0.10277620702981949 0.603214846697492
[5 INFO root] 0.17689701914787292 -0.10220891237258911 0.603214846697492
[5 INFO root] 0.17772053182125092 -0.10164161771535873 0.603214846697492
[5 INFO root] 0.1785440593957901 -0.10107432305812836 0.603214846697492
[5 INFO root] 0.1793675720691681 -0.10050703585147858 0.603214846697492
[5 INFO root] 0.18019108474254608 -0.0999397411942482 0.603214846697492
[5 INFO root] 0.18101459741592407 -0.09937244653701782 0.603214846697492
[5 INFO root] 0.18183812499046326 -0.09880515187978745 0.603214846697492
[5 INFO root] 0.18266163766384125 -0.09823786467313766 0.603214846697492
[5 INFO root] 0.18348515033721924 -0.09767057001590729 0.603214846697492
[5 INFO root] 0.18430866301059723 -0.09710327535867691 0.603214846697492
[5 INFO root] 0.1851321905851364 -0.09653598070144653 0.603214846697492
[5 INFO root] 0.1859557032585144 -0.09596868604421616 0.603214846697492
[5 INFO root] 0.1867792159318924 -0.09540139883756638 0.603214846697492
[5 INFO root] 0.18760272860527039 -0.094834104180336 0.603214846697492
[5 INFO root] 0.18842624127864838 -0.09426680952310562 0.603214846697492
[5 INFO root] 0.18924976885318756 -0.09369951486587524 0.603214846697492
[5 INFO root] 0.19007328152656555 -0.09313222765922546 0.603214846697492
[5 INFO root] 0.19089679419994354 -0.09256493300199509 0.603214846697492
[5 INFO root] 0.19172030687332153 -0.09199763834476471 0.603214846697492
[5 INFO root] 0.19254383444786072 -0.09143034368753433 0.603214846697492
[5 INFO root] 0.1933673471212387 -0.09086305648088455 0.603214846697492
[5 INFO root] 0.1941908597946167 -0.09029576182365417 0.603214846697492
[5 INFO root] 0.1950143724679947 -0.0897284671664238 0.603214846697492
[5 INFO root] 0.19583790004253387 -0.08916117250919342 0.603214846697492
[5 INFO root] 0.19666141271591187 -0.08859388530254364 0.603214846697492
[5 INFO root] 0.19748492538928986 -0.08802659064531326 0.603214846697492
[5 INFO root] 0.19830843806266785 -0.08745929598808289 0.603214846697492
[5 INFO root] 0.19913195073604584 -0.08689200133085251 0.603214846697492
[5 INFO root] 0.19995547831058502 -0.08632471412420273 0.603214846697492
[5 INFO root] 0.200778990983963 -0.08575741946697235 0.603214846697492
[5 INFO root] 0.201602503657341 -0.08519012480974197 0.603214846697492
[5 INFO root] 0.202426016330719 -0.0846228301525116 0.603214846697492
[5 INFO root] 0.20324954390525818 -0.08405554294586182 0.603214846697492
[5 INFO root] 0.20407305657863617 -0.08348824828863144 0.603214846697492
[5 INFO root] 0.20489656925201416 -0.08292095363140106 0.603214846697492
[5 INFO root] 0.20572008192539215 -0.08235365897417068 0.603214846697492
[5 INFO root] 0.20654359459877014 -0.08178636431694031 0.603214846697492
[5 INFO root] 0.20736712217330933 -0.08121907711029053 0.603214846697492
[5 INFO root] 0.20819063484668732 -0.08065178245306015 0.603214846697492
[5 INFO root] 0.2089940905570984 -0.08009830862283707 0.6039785336883396
[5 INFO root] 0.2097535878419876 -0.079574353992939 0.6064069257187369
[5 INFO root] 0.21046766638755798 -0.07907934486865997 0.610546970148963
[5 INFO root] 0.2111378163099289 -0.078610859811306 0.6163527126505979
[5 INFO root] 0.2117658108472824 -0.07816655188798904 0.623785075170898
[5 INFO root] 0.21235372126102448 -0.07774416357278824 0.6328120349188519
[5 INFO root] 0.21290381252765656 -0.07734151929616928 0.6434088207920502
[5 INFO root] 0.21341843903064728 -0.07695652544498444 0.6555579180959736
[5 INFO root] 0.21390004456043243 -0.07658714056015015 0.6692486572022275
[5 INFO root] 0.21435116231441498 -0.07623134553432465 0.6844766852698887
[5 INFO root] 0.21477431058883667 -0.07588714361190796 0.7012434371136741
[5 INFO root] 0.21517202258110046 -0.07555249333381653 0.7195556144424445
[5 INFO root] 0.21554681658744812 -0.075225330889225 0.7394246632759459
[5 INFO root] 0.21590116620063782 -0.07490348070859909 0.7608662344755672
[5 INFO root] 0.21623750030994415 -0.07458467781543732 0.7838996083084151
[5 INFO root] 0.2165583074092865 -0.07426632940769196 0.8085791936912223
[5 INFO root] 0.21687301993370056 -0.0739382952451706 0.8361870344938492
[5 INFO root] 0.21718455851078033 -0.07359525561332703 0.8667757724236423
[5 INFO root] 0.21749478578567505 -0.07323212921619415 0.9002406854490685
[5 INFO root] 0.2178051620721817 -0.07284338027238846 0.9364733581390255
[5 INFO root] 0.2181166410446167 -0.07242310047149658 0.9753564720544031
[5 INFO root] 0.21842940151691437 -0.07196506857872009 1.0167576695943696
[5 INFO root] 0.21874277293682098 -0.07146292924880981 1.0605236987360982
[5 INFO root] 0.21905505657196045 -0.07091034948825836 1.1064751159049577
[5 INFO root] 0.21936339139938354 -0.07030128687620163 1.1544019093396112
[5 INFO root] 0.2196403443813324 -0.06968318670988083 1.2036076938341802
[5 INFO root] 0.21986207365989685 -0.06911595910787582 1.2536556554760225
[5 INFO root] 0.2200373113155365 -0.06859170645475388 1.3048207402376515
[5 INFO root] 0.22017566859722137 -0.06809451431035995 1.3573817620057345
[5 INFO root] 0.22028347849845886 -0.0676097571849823 1.4115350241425484
[5 INFO root] 0.22036413848400116 -0.06712449342012405 1.4674033382854121
[5 INFO root] 0.22041845321655273 -0.06662756204605103 1.5250453243835558
[5 INFO root] 0.22044505178928375 -0.06610969454050064 1.5844636275711952
[5 INFO root] 0.22044068574905396 -0.06556358933448792 1.6456124354272212
[5 INFO root] 0.2204006016254425 -0.06498400866985321 1.7084045530427392
[5 INFO root] 0.2203189730644226 -0.06436782330274582 1.772718136993061
[5 INFO root] 0.22018961608409882 -0.0637158527970314 1.8384379254323535
[5 INFO root] 0.22000637650489807 -0.06303099542856216 1.9054542473490517
[5 INFO root] 0.21976329386234283 -0.062317438423633575 1.9736625909549332
[5 INFO root] 0.21945485472679138 -0.06158050522208214 2.0429654713785235
[5 INFO root] 0.2190760374069214 -0.060826510190963745 2.113273819410397
[5 INFO root] 0.21862246096134186 -0.06006251275539398 2.1845076116592783
[5 INFO root] 0.21809034049510956 -0.05929611995816231 2.2565949430474097
[5 INFO root] 0.2174765169620514 -0.058535318821668625 2.329469741122772
[5 INFO root] 0.21677835285663605 -0.057788409292697906 2.4030684952155803
[5 INFO root] 0.21598060429096222 -0.05705193802714348 2.4770507597720566
[5 INFO root] 0.2150774896144867 -0.056334178894758224 2.551136686528386
[5 INFO root] 0.21407052874565125 -0.05564894899725914 2.625136090539697
[5 INFO root] 0.2129637897014618 -0.05501006171107292 2.6988856623186432
[5 INFO root] 0.21176329255104065 -0.05443044379353523 2.7722422206472204
[5 INFO root] 0.2104765921831131 -0.05392181873321533 2.8450798884281414
[5 INFO root] 0.20911255478858948 -0.05349450558423996 2.917283861405119
[5 INFO root] 0.20768104493618011 -0.053157299757003784 2.988741396647249
[5 INFO root] 0.20619289577007294 -0.05291739106178284 3.05933101430772
[5 INFO root] 0.2046598196029663 -0.05278029665350914 3.1289129215779696
[5 INFO root] 0.2030438780784607 -0.05274907872080803 -3.08610693710177
[5 INFO root] 0.2012971192598343 -0.05283501371741295 -3.020319529668756
[5 INFO root] 0.19943606853485107 -0.053050145506858826 -2.957850345386311
[5 INFO root] 0.19749051332473755 -0.05339972674846649 -2.8995601688735944
[5 INFO root] 0.19549483060836792 -0.0538804829120636 -2.8461597261552547
[5 INFO root] 0.1934850960969925 -0.05448062717914581 -2.7981524250662577
[5 INFO root] 0.19149614870548248 -0.05518118664622307 -2.7558049890015135
[5 INFO root] 0.18955905735492706 -0.055958278477191925 -2.7191493862237484
[5 INFO root] 0.18769942224025726 -0.05678582191467285 -2.68801251939223
[5 INFO root] 0.18593661487102509 -0.05763811618089676 -2.66206432832629
[5 INFO root] 0.1842791736125946 -0.05849429965019226 -2.6428233377434576
[5 INFO root] 0.18273396790027618 -0.05933191999793053 -2.6303670223677873
[5 INFO root] 0.18130312860012054 -0.06013208255171776 -2.624192751905725
[5 INFO root] 0.17998410761356354 -0.0608815923333168 -2.6237631032155906
[5 INFO root] 0.17877109348773956 -0.06157255917787552 -2.6285799824685583
[5 INFO root] 0.17765606939792633 -0.06220144405961037 -2.6382005932578507
[5 INFO root] 0.17662902176380157 -0.06276844441890717 -2.65222384594848
[5 INFO root] 0.17567744851112366 -0.06327708065509796 -2.670268231524013
[5 INFO root] 0.17471811175346375 -0.06376814842224121 -2.6904339092863068
[5 INFO root] 0.1737332046031952 -0.0642477422952652 -2.712175951504853
[5 INFO root] 0.17271974682807922 -0.0647144466638565 -2.735241146889285
[5 INFO root] 0.17167596518993378 -0.06516639143228531 -2.7593864448270518
[5 INFO root] 0.17060069739818573 -0.06560157984495163 -2.784367216770414
[5 INFO root] 0.16949346661567688 -0.06601794809103012 -2.8099398099465103
[5 INFO root] 0.16835446655750275 -0.06641338765621185 -2.835865043274881
[5 INFO root] 0.16718469560146332 -0.06678587943315506 -2.86191104356579
[5 INFO root] 0.1659858375787735 -0.06713353842496872 -2.887856059635649
[5 INFO root] 0.1647603064775467 -0.06745470315217972 -2.9134914561734044
[5 INFO root] 0.16351111233234406 -0.06774802505970001 -2.938624670513656
[5 INFO root] 0.1622418314218521 -0.0680125430226326 -2.963081840818106
[5 INFO root] 0.16095639765262604 -0.0682477056980133 -2.986709827148613
[5 INFO root] 0.15965905785560608 -0.06845338642597198 -3.009377395620833
[5 INFO root] 0.15835416316986084 -0.06862993538379669 -3.0309754166636282
[5 INFO root] 0.1570460945367813 -0.06877808272838593 -3.051416035992257
[5 INFO root] 0.15573912858963013 -0.06889896094799042 -3.070630899180423
[5 INFO root] 0.15443743765354156 -0.06899401545524597 -3.0885632789196587
[5 INFO root] 0.153144970536232 -0.06906495988368988 -3.105168385528601
[5 INFO root] 0.1518653929233551 -0.06911373883485794 -3.1204152876440783
[5 INFO root] 0.15060199797153473 -0.06914244592189789 -3.134284850529699
[5 INFO root] 0.14935769140720367 -0.06915329396724701 3.136418328734589
[5 INFO root] 0.1481349915266037 -0.06914851814508438 3.1253270460465172
[5 INFO root] 0.14693602919578552 -0.06913036853075027 3.115625124727397
[5 INFO root] 0.1457625776529312 -0.06910105049610138 3.107307419516248
[5 INFO root] 0.14461597800254822 -0.06906269490718842 3.100365875386015
[5 INFO root] 0.1434972584247589 -0.06901734322309494 3.0947899157123704
[5 INFO root] 0.14240704476833344 -0.06896690279245377 3.0905665930473796
[5 INFO root] 0.14134563505649567 -0.06891316175460815 3.0876806137639177
[5 INFO root] 0.14031292498111725 -0.06885773688554764 3.086112279135497
[5 INFO root] 0.13933946192264557 -0.0688038319349289 3.08581957977898
[5 INFO root] 0.13848966360092163 -0.06875641644001007 3.085687762806801
[5 INFO root] 0.13775502145290375 -0.06871531903743744 3.0854318381580024
[5 INFO root] 0.13712206482887268 -0.06867974996566772 3.0850105130535694
[5 INFO root] 0.13657903671264648 -0.06864901632070541 3.0844025049795336
[5 INFO root] 0.13611549139022827 -0.06862250715494156 3.0835900417361337
[5 INFO root] 0.13572217524051666 -0.06859970837831497 3.0825573673000046
[5 INFO root] 0.135390967130661 -0.06858017295598984 3.0812896199238535
[5 INFO root] 0.1351146250963211 -0.06856352835893631 3.0797720051523174
[5 INFO root] 0.1348867565393448 -0.06854946911334991 3.0779892000742484
[5 INFO root] 0.134701669216156 -0.06853771954774857 3.0759249454036395
[5 INFO root] 0.13455423712730408 -0.06852806359529495 3.0735617985417156
[5 INFO root] 0.13443976640701294 -0.06852029263973236 3.0708810341504216
[5 INFO root] 0.13435396552085876 -0.06851425021886826 3.0678626893330696
[5 INFO root] 0.13429276645183563 -0.06850975006818771 3.064485758357839
[5 INFO root] 0.13425230979919434 -0.0685066431760788 3.0607285467356156
[5 INFO root] 0.13422878086566925 -0.06850475817918777 3.056569195834837
[5 INFO root] 0.13421843945980072 -0.06850388646125793 3.05198638633433
[5 INFO root] 0.1342175155878067 -0.06850380450487137 3.046960220916343
[5 INFO root] 0.13422216475009918 -0.06850424408912659 3.041473273210083
[5 INFO root] 0.1342284381389618 -0.06850486993789673 3.035511771323659
[5 INFO root] 0.1342323273420334 -0.06850527971982956 3.029066861677081
[5 INFO root] 0.13422974944114685 -0.06850498914718628 3.0221358750225424
[5 INFO root] 0.1342165619134903 -0.06850340962409973 3.0147234956833673
[5 INFO root] 0.1341886967420578 -0.0684998631477356 3.0068427222509615
[5 INFO root] 0.13414216041564941 -0.06849357485771179 2.9985155081952595
[5 INFO root] 0.13407310843467712 -0.06848367303609848 2.98977298740293
[5 INFO root] 0.13397802412509918 -0.06846918910741806 2.9806552228534677
[5 INFO root] 0.1338537186384201 -0.06844910234212875 2.9712104629262974
[5 INFO root] 0.13369743525981903 -0.068422332406044 2.961493942118996
[5 INFO root] 0.1335068792104721 -0.06838779896497726 2.9515663121637457
[5 INFO root] 0.13328030705451965 -0.06834442168474197 2.9414918268984436
[5 INFO root] 0.13301649689674377 -0.06829115748405457 2.9313364236586628
[5 INFO root] 0.13271474838256836 -0.06822704523801804 2.921165843374412
[5 INFO root] 0.1323748528957367 -0.06815120577812195 2.9110439131769703
[5 INFO root] 0.1319970339536667 -0.06806289404630661 2.901031084486973
[5 INFO root] 0.13158193230628967 -0.06796146929264069 2.8911832829916224
[5 INFO root] 0.13113051652908325 -0.06784644722938538 2.881551090983339
[5 INFO root] 0.13064400851726532 -0.06771746277809143 2.872179251978999
[5 INFO root] 0.1301237940788269 -0.06757431477308273 2.863106465011484
[5 INFO root] 0.12957146763801575 -0.06741691380739212 2.854365422141006
[5 INFO root] 0.12898866832256317 -0.06724528223276138 2.845983036755838
[5 INFO root] 0.12837707996368408 -0.06705956906080246 2.837980810464516
[5 INFO root] 0.12773840129375458 -0.06686000525951385 2.8303752908916464
[5 INFO root] 0.12707430124282837 -0.06664692610502243 2.823178579666314
[5 INFO root] 0.12638641893863678 -0.06642070412635803 2.8163988578653276
[5 INFO root] 0.12567628920078278 -0.06618179380893707 2.810040904086463
[5 INFO root] 0.12494540214538574 -0.06593068689107895 2.8041065875136915
[5 INFO root] 0.1241951659321785 -0.06566791236400604 2.7985953244510786
[5 INFO root] 0.12343685328960419 -0.06539757549762726 2.79377030234278
[5 INFO root] 0.12275147438049316 -0.06514949351549149 2.7917551110828485
[5 INFO root] 0.12213601171970367 -0.06492509692907333 2.7926883165836762
[5 INFO root] 0.12157735973596573 -0.06472180783748627 2.7964801219330777
[5 INFO root] 0.12106411904096603 -0.06453705579042435 2.803058903062479
[5 INFO root] 0.12058649957180023 -0.06436851620674133 2.812366143536746
[5 INFO root] 0.1201360672712326 -0.06421412527561188 2.82435221973887
[5 INFO root] 0.11971259862184525 -0.06407449394464493 2.8387592085397926
[5 INFO root] 0.11932981014251709 -0.06395422667264938 2.8549409508751635
[5 INFO root] 0.11898325383663177 -0.06385140120983124 2.8727848394068114
[5 INFO root] 0.11866684257984161 -0.0637635737657547 2.892254353789728
[5 INFO root] 0.11837510764598846 -0.06368863582611084 2.9133294138571832
[5 INFO root] 0.11810311675071716 -0.063624806702137 2.9360048017244713
[5 INFO root] 0.11784636974334717 -0.06357061862945557 2.9602883874284966
[5 INFO root] 0.11760067939758301 -0.06352493911981583 2.986199641175481
[5 INFO root] 0.1173621341586113 -0.06348691880702972 3.0137683314483126
[5 INFO root] 0.11712697893381119 -0.06345602124929428 3.043033309929413
[5 INFO root] 0.11689154803752899 -0.06343204528093338 3.074041283265866
[5 INFO root] 0.1166522204875946 -0.06341512501239777 3.106845464419981
[5 INFO root] 0.11640533059835434 -0.06340575218200684 3.1415039829837017
[5 INFO root] 0.11614712327718735 -0.0634048655629158 -3.1051073922275405
[5 INFO root] 0.11587386578321457 -0.06341389566659927 -3.066550873350077
[5 INFO root] 0.11558161675930023 -0.06343480199575424 -3.0259477908722423
[5 INFO root] 0.11526618897914886 -0.06347023695707321 -2.9832437659963027
[5 INFO root] 0.11492318660020828 -0.06352362781763077 -2.9383991433154204
[5 INFO root] 0.11454809457063675 -0.06359931081533432 -2.8913950911152884
[5 INFO root] 0.11413642764091492 -0.06370263546705246 -2.842241164417129
[5 INFO root] 0.11368390917778015 -0.06384009122848511 -2.790984435423928
[5 INFO root] 0.1131868064403534 -0.06401928514242172 -2.737719565312251
[5 INFO root] 0.11264228075742722 -0.06424890458583832 -2.6825994816684706
[5 INFO root] 0.11204876005649567 -0.06453854590654373 -2.6258495992878266
[5 INFO root] 0.11140641570091248 -0.06489835679531097 -2.5677791439622566
[5 INFO root] 0.11071757227182388 -0.06533845514059067 -2.5087886026908963
[5 INFO root] 0.10998710244894028 -0.06586816161870956 -2.44937135402091
[5 INFO root] 0.10922255367040634 -0.06649500131607056 -2.390107159055429
[5 INFO root] 0.1084340512752533 -0.0672236755490303 -2.331645825264376
[5 INFO root] 0.10763376206159592 -0.06805507838726044 -2.2746807557143582
[5 INFO root] 0.10683508217334747 -0.06898564100265503 -2.2199140948564042
[5 INFO root] 0.10605153441429138 -0.0700070708990097 -2.168017304892609
[5 INFO root] 0.10529559850692749 -0.07110670208930969 -2.119592548439241
[5 INFO root] 0.1045776829123497 -0.07226839661598206 -2.075140561494058
[5 INFO root] 0.10390540957450867 -0.07347378879785538 -2.0350395242726247
[5 INFO root] 0.10330381244421005 -0.07466283440589905 -1.998094169052724
[5 INFO root] 0.10277705639600754 -0.07580780237913132 -1.963580941476976
[5 INFO root] 0.1023198738694191 -0.07689997553825378 -1.9311069378205854
[5 INFO root] 0.10192586481571198 -0.07793493568897247 -1.9002886578073632
[5 INFO root] 0.10158859193325043 -0.07891075313091278 -1.870750003735876
[5 INFO root] 0.10130185633897781 -0.07982759922742844 -1.842142091331903
[5 INFO root] 0.10105986893177032 -0.08068723976612091 -1.81415408418137
[5 INFO root] 0.10085733979940414 -0.08149266988039017 -1.7865190142858067
[5 INFO root] 0.10069528967142105 -0.08222152292728424 -1.7596112114260285
[5 INFO root] 0.1005726084113121 -0.08285295218229294 -1.7337287719795642
[5 INFO root] 0.10048183798789978 -0.08339501917362213 -1.7085721356674228
[5 INFO root] 0.10041609406471252 -0.08385929465293884 -1.683836904874399
[5 INFO root] 0.10036979615688324 -0.08425702154636383 -1.6592808456468815
[5 INFO root] 0.10033850371837616 -0.08459879457950592 -1.6347170500892514
[5 INFO root] 0.10031875222921371 -0.08489440381526947 -1.6100076367287948
[5 INFO root] 0.100307896733284 -0.08515274524688721 -1.5850583283874322
[5 INFO root] 0.10030399262905121 -0.08538174629211426 -1.5598137996641617
[5 INFO root] 0.10030575841665268 -0.08559451997280121 -1.5340623367325323
[5 INFO root] 0.10031285136938095 -0.08580236881971359 -1.507655674575907
[5 INFO root] 0.10032545030117035 -0.08601026982069016 -1.4806300008674251
[5 INFO root] 0.10034403204917908 -0.08622211217880249 -1.4530511299025843
[5 INFO root] 0.10036937892436981 -0.08644135296344757 -1.4249972936075788
[5 INFO root] 0.10040247440338135 -0.08667102456092834 -1.3965592686822552
[5 INFO root] 0.10044451802968979 -0.08691370487213135 -1.3678401549979562
[5 INFO root] 0.10049685090780258 -0.0871715173125267 -1.3389548766627464
[5 INFO root] 0.10056088864803314 -0.08744612336158752 -1.3100293787083743
[5 INFO root] 0.10063812136650085 -0.08773873746395111 -1.28119950731562
[5 INFO root] 0.10073000192642212 -0.08805015683174133 -1.2526160321603428
[5 INFO root] 0.10083792358636856 -0.08838079124689102 -1.2244403164855024
[5 INFO root] 0.10096311569213867 -0.0887305960059166 -1.1968344554381718
[5 INFO root] 0.101106658577919 -0.08909919112920761 -1.1699572439085923
[5 INFO root] 0.10126937925815582 -0.08948589861392975 -1.14396207712682
[5 INFO root] 0.10145188122987747 -0.08988983929157257 -1.1189953705715132
[5 INFO root] 0.1016545295715332 -0.0903099849820137 -1.0951953766840614
[5 INFO root] 0.10187745094299316 -0.09074524790048599 -1.0726913556786013
[5 INFO root] 0.10212049633264542 -0.09119446575641632 -1.0515981743207903
[5 INFO root] 0.10238251090049744 -0.09165511280298233 -1.0319408578722025
[5 INFO root] 0.10266221314668655 -0.09212497621774673 -1.0137330129437114
[5 INFO root] 0.10295847058296204 -0.09260249882936478 -0.9970000244533054
[5 INFO root] 0.10327031463384628 -0.09308672696352005 -0.9817809527393274
[5 INFO root] 0.10359698534011841 -0.09357723593711853 -0.9681284540724804
[5 INFO root] 0.10393787920475006 -0.09407409280538559 -0.956108369309095
[5 INFO root] 0.10429254919290543 -0.09457778185606003 -0.9457989377023229
[5 INFO root] 0.10466061532497406 -0.09508902579545975 -0.9367584171089238
[5 INFO root] 0.10504224896430969 -0.09560898691415787 -0.9278947181493599
[5 INFO root] 0.10543882846832275 -0.09613937139511108 -0.9191689037812971
[5 INFO root] 0.1058519035577774 -0.0966818779706955 -0.9106713077784285
[5 INFO root] 0.10628298670053482 -0.09723812341690063 -0.9024978311083036
[5 INFO root] 0.10673347115516663 -0.09780965745449066 -0.8947480501604999
[5 INFO root] 0.10720457881689072 -0.0983978733420372 -0.8875225935758169
[5 INFO root] 0.10769732296466827 -0.09900400787591934 -0.8809200219850529
[5 INFO root] 0.10821245610713959 -0.09962913393974304 -0.8750333542766058
[5 INFO root] 0.10875041782855988 -0.10027407854795456 -0.8699464434438025
[5 INFO root] 0.1093112900853157 -0.10093949735164642 -0.8657304474470229
[5 INFO root] 0.10989482700824738 -0.10162577778100967 -0.862440657904059
[5 INFO root] 0.11050038039684296 -0.10233309864997864 -0.8601139680500788
[5 INFO root] 0.11112696677446365 -0.10306141525506973 -0.8587672420406948
[5 INFO root] 0.11177326738834381 -0.10381045937538147 -0.8583966760417018
[5 INFO root] 0.11242637783288956 -0.10456668585538864 -0.8583693751658832
[5 INFO root] 0.11308004707098007 -0.10532347112894058 -0.8583693751658832
[5 INFO root] 0.11373372375965118 -0.10608024895191193 -0.8583693751658832
[5 INFO root] 0.1143873929977417 -0.10683702677488327 -0.8583693751658832
[5 INFO root] 0.11504106223583221 -0.10759380459785461 -0.8583693751658832
[5 INFO root] 0.11569473892450333 -0.10835057497024536 -0.8583693751658832
[5 INFO root] 0.11634840816259384 -0.1091073527932167 -0.8583693751658832
[5 INFO root] 0.11700208485126495 -0.10986413061618805 -0.8583693751658832
[5 INFO root] 0.11765575408935547 -0.1106209084391594 -0.8583693751658832
[5 INFO root] 0.11830943077802658 -0.11137768626213074 -0.8583693751658832
[5 INFO root] 0.1189631000161171 -0.11213446408510208 -0.8583693751658832
[5 INFO root] 0.11961676925420761 -0.11289124190807343 -0.8583693751658832
[5 INFO root] 0.12027044594287872 -0.11364801973104477 -0.8583693751658832
[5 INFO root] 0.12092411518096924 -0.11440479755401611 -0.8583693751658832
[5 INFO root] 0.12157779186964035 -0.11516157537698746 -0.8583693751658832
[5 INFO root] 0.12223146110773087 -0.1159183531999588 -0.8583693751658832
[5 INFO root] 0.12288513034582138 -0.11667513102293015 -0.8583693751658832
[5 INFO root] 0.12353880703449249 -0.11743190884590149 -0.8583693751658832
[5 INFO root] 0.12419247627258301 -0.11818868666887283 -0.8583693751658832
[5 INFO root] 0.12484615296125412 -0.11894546449184418 -0.8583693751658832
[5 INFO root] 0.12549982964992523 -0.11970224231481552 -0.8583693751658832
[5 INFO root] 0.12615349888801575 -0.12045902013778687 -0.8583693751658832
[5 INFO root] 0.12680716812610626 -0.12121579796075821 -0.8583693751658832
[5 INFO root] 0.12746083736419678 -0.12197257578372955 -0.8583693751658832
[5 INFO root] 0.1281145066022873 -0.1227293536067009 -0.8583693751658832
[5 INFO root] 0.128768190741539 -0.12348613142967224 -0.8583693751658832
[5 INFO root] 0.12942185997962952 -0.12424290925264359 -0.8583693751658832
[5 INFO root] 0.13007552921772003 -0.12499968707561493 -0.8583693751658832
[5 INFO root] 0.13072919845581055 -0.12575645744800568 -0.8583693751658832
[5 INFO root] 0.13138286769390106 -0.12651324272155762 -0.8583693751658832
[5 INFO root] 0.13203655183315277 -0.12727001309394836 -0.8583693751658832
[5 INFO root] 0.1326902210712433 -0.1280267983675003 -0.8583693751658832
[5 INFO root] 0.1333438903093338 -0.12878356873989105 -0.8583693751658832
[5 INFO root] 0.13399755954742432 -0.129540354013443 -0.8583693751658832
[5 INFO root] 0.13465122878551483 -0.13029712438583374 -0.8583693751658832
[5 INFO root] 0.13530491292476654 -0.13105390965938568 -0.8583693751658832
[5 INFO root] 0.13595858216285706 -0.13181068003177643 -0.8583693751658832
[5 INFO root] 0.13661225140094757 -0.13256746530532837 -0.8583693751658832
[5 INFO root] 0.13726592063903809 -0.13332423567771912 -0.8583693751658832
[5 INFO root] 0.1379196047782898 -0.13408102095127106 -0.8583693751658832
[5 INFO root] 0.1385732740163803 -0.1348377913236618 -0.8583693751658832
[5 INFO root] 0.13922694325447083 -0.13559457659721375 -0.8583693751658832
[5 INFO root] 0.13988061249256134 -0.1363513469696045 -0.8583693751658832
[5 INFO root] 0.14053428173065186 -0.13710813224315643 -0.8583693751658832
[5 INFO root] 0.14118796586990356 -0.13786490261554718 -0.8583693751658832
[5 INFO root] 0.14184163510799408 -0.13862168788909912 -0.8583693751658832
[5 INFO root] 0.1424953043460846 -0.13937845826148987 -0.8583693751658832
[5 INFO root] 0.1431489735841751 -0.1401352435350418 -0.8583693751658832
[5 INFO root] 0.14380264282226562 -0.14089201390743256 -0.8583693751658832
[5 INFO root] 0.14445632696151733 -0.1416487991809845 -0.8583693751658832
[5 INFO root] 0.14510999619960785 -0.14240556955337524 -0.8583693751658832
[5 INFO root] 0.14576366543769836 -0.14316235482692719 -0.8583693751658832
[5 INFO root] 0.14641733467578888 -0.14391912519931793 -0.8583693751658832
[5 INFO root] 0.1470710039138794 -0.14467591047286987 -0.8583693751658832
[5 INFO root] 0.14772197604179382 -0.1454295516014099 -0.8583946860538687
[5 INFO root] 0.14832961559295654 -0.14613308012485504 -0.8588106485515461
[5 INFO root] 0.14889255166053772 -0.14678531885147095 -0.8596038357911172
[5 INFO root] 0.14941415190696716 -0.14739060401916504 -0.8607235461832217
[5 INFO root] 0.1498977094888687 -0.14795297384262085 -0.8621278587487836
[5 INFO root] 0.15034648776054382 -0.14847633242607117 -0.8637816583168915
[5 INFO root] 0.1507636159658432 -0.14896439015865326 -0.8656552728074188
[5 INFO root] 0.151152104139328 -0.14942066371440887 -0.8677232619738081
[5 INFO root] 0.1515149027109146 -0.14984852075576782 -0.8699633045189838
[5 INFO root] 0.15185479819774628 -0.15025117993354797 -0.8723551972235797
[5 INFO root] 0.15217451751232147 -0.15063177049160004 -0.8748799712559027
[5 INFO root] 0.1524767279624939 -0.15099337697029114 -0.8775191274681122
[5 INFO root] 0.15276409685611725 -0.15133905410766602 -0.8802539936210309
[5 INFO root] 0.15303926169872284 -0.1516718864440918 -0.8830652103034159
[5 INFO root] 0.15330493450164795 -0.15199507772922516 -0.8859323571027924
[5 INFO root] 0.15356384217739105 -0.15231189131736755 -0.8888337346260954
[5 INFO root] 0.15381881594657898 -0.15262575447559357 -0.8917463195052495
[5 INFO root] 0.15407277643680573 -0.15294022858142853 -0.894645906873148
[5 INFO root] 0.15432870388031006 -0.1532590240240097 -0.8975074466573354
[5 INFO root] 0.15458962321281433 -0.15358595550060272 -0.9003055659767639
[5 INFO root] 0.1548585742712021 -0.1539248824119568 -0.9030152509218363
[5 INFO root] 0.1551385074853897 -0.1542796641588211 -0.9056126398002011
[5 INFO root] 0.15543228387832642 -0.15465398132801056 -0.9080758609088406
[5 INFO root] 0.1557418704032898 -0.15505044162273407 -0.9103921803604226
[5 INFO root] 0.15606772899627686 -0.15546977519989014 -0.9125622554219525
[5 INFO root] 0.15640974044799805 -0.1559118777513504 -0.9145918579144896
[5 INFO root] 0.156767338514328 -0.15637606382369995 -0.9164894882281366
[5 INFO root] 0.1571395844221115 -0.15686120092868805 -0.9182658724113407
[5 INFO root] 0.15752525627613068 -0.15736569464206696 -0.9199335645800847
[5 INFO root] 0.1579228639602661 -0.15788759291172028 -0.9215065007954293
[5 INFO root] 0.15833069384098053 -0.15842470526695251 -0.9229995838860782
[5 INFO root] 0.15874697268009186 -0.15897463262081146 -0.9244283364963597
[5 INFO root] 0.15916979312896729 -0.15953488647937775 -0.9258086182811555
[5 INFO root] 0.1595972627401352 -0.16010291874408722 -0.9271563947870372
[5 INFO root] 0.16002748906612396 -0.16067622601985931 -0.928487545875383
[5 INFO root] 0.16045862436294556 -0.16125233471393585 -0.9298177030813994
[5 INFO root] 0.1608889251947403 -0.1618289351463318 -0.9311621069575688
[5 INFO root] 0.16131672263145447 -0.16240379214286804 -0.9325354769204578
[5 INFO root] 0.1617405265569687 -0.16297490894794464 -0.9339518872847327
[5 INFO root] 0.16215892136096954 -0.16354040801525116 -0.9354246440155393
[5 INFO root] 0.16257072985172272 -0.16409870982170105 -0.9369661573127773
[5 INFO root] 0.16297490894794464 -0.16464842855930328 -0.9385878055402481
[5 INFO root] 0.16337059438228607 -0.16518843173980713 -0.940299786320628
[5 INFO root] 0.16375745832920074 -0.16571827232837677 -0.9421083214402615
[5 INFO root] 0.16413559019565582 -0.16623814404010773 -0.9440155503112434
[5 INFO root] 0.1645052134990692 -0.1667483150959015 -0.9460230481655599
[5 INFO root] 0.16486647725105286 -0.16724905371665955 -0.9481326396696528
[5 INFO root] 0.1652195304632187 -0.167740598320961 -0.9503463963225729
[5 INFO root] 0.16556453704833984 -0.16822317242622375 -0.95266658625103
[5 INFO root] 0.16590163111686707 -0.16869698464870453 -0.9550956431799043
[5 INFO root] 0.16622889041900635 -0.16915933787822723 -0.9576576500487566
[5 INFO root] 0.1665441244840622 -0.16960711777210236 -0.9603819530872119
[5 INFO root] 0.16684570908546448 -0.17003798484802246 -0.9632937276463703
[5 INFO root] 0.16713263094425201 -0.17045043408870697 -0.9664139219743968
[5 INFO root] 0.16740429401397705 -0.17084352672100067 -0.9697606365273848
[5 INFO root] 0.16766035556793213 -0.1712167114019394 -0.9733501990707297
[5 INFO root] 0.16790075600147247 -0.17156973481178284 -0.9771978975016787
[5 INFO root] 0.16812554001808167 -0.1719025820493698 -0.9813184495618634
[5 INFO root] 0.16833491623401642 -0.17221534252166748 -0.9857262529803886
[5 INFO root] 0.1685291975736618 -0.17250831425189972 -0.9904355027035684
[5 INFO root] 0.16870875656604767 -0.17278188467025757 -0.9954601913848002
[5 INFO root] 0.168874129652977 -0.1730365753173828 -1.000814046528878
[5 INFO root] 0.16902588307857513 -0.1732730269432068 -1.0065103786958585
[5 INFO root] 0.16916470229625702 -0.17349205911159515 -1.0125617199414443
[5 INFO root] 0.1692913919687271 -0.1736946403980255 -1.0189793599415948
[5 INFO root] 0.16940687596797943 -0.17388193309307098 -1.0257728631516128
[5 INFO root] 0.16951218247413635 -0.1740553379058838 -1.032949600604159
[5 INFO root] 0.169608473777771 -0.17421647906303406 -1.0405143140862407
[5 INFO root] 0.16969701647758484 -0.17436721920967102 -1.0484687240281183
[5 INFO root] 0.16977915167808533 -0.17450964450836182 -1.056811189195859
[5 INFO root] 0.16985632479190826 -0.1746460646390915 -1.065536418635084
[5 INFO root] 0.16993001103401184 -0.17477896809577942 -1.074635238102122
[5 INFO root] 0.17000168561935425 -0.17491108179092407 -1.0840944172031686
[5 INFO root] 0.17007283866405487 -0.17504525184631348 -1.0938965689874298
[5 INFO root] 0.1701449304819107 -0.1751844584941864 -1.1040201431425
[5 INFO root] 0.17021934688091278 -0.17533177137374878 -1.114439548040431
[5 INFO root] 0.17029735445976257 -0.17549030482769012 -1.1251254589143704
[5 INFO root] 0.1703801304101944 -0.17566311359405518 -1.1360453895722267
[5 INFO root] 0.17046862840652466 -0.1758532077074051 -1.1471646127160293
[5 INFO root] 0.17056363821029663 -0.17606331408023834 -1.1584475163912764
[5 INFO root] 0.1706656515598297 -0.17629587650299072 -1.1698594704761602
[5 INFO root] 0.170774906873703 -0.17655284702777863 -1.1813692344363338
[5 INFO root] 0.17089129984378815 -0.17683561146259308 -1.1929518409917368
[5 INFO root] 0.17101441323757172 -0.1771448254585266 -1.2045917763851188
[5 INFO root] 0.17114350199699402 -0.1774803251028061 -1.2162859133246802
[5 INFO root] 0.1712775081396103 -0.1778411716222763 -1.228046180360827
[5 INFO root] 0.17141515016555786 -0.1782255470752716 -1.239901520675119
[5 INFO root] 0.17155495285987854 -0.1786310225725174 -1.2518986271775054
[5 INFO root] 0.17169533669948578 -0.17905454337596893 -1.2641012883717881
[5 INFO root] 0.17183469235897064 -0.1794927716255188 -1.2765877624147743
[5 INFO root] 0.17197149991989136 -0.1799423098564148 -1.289446436069736
[5 INFO root] 0.17210441827774048 -0.18040001392364502 -1.302769814152174
[5 INFO root] 0.1722334623336792 -0.1808674931526184 -1.3164217502417286
[5 INFO root] 0.17236554622650146 -0.18137285113334656 -1.3288322323960924
[5 INFO root] 0.17249952256679535 -0.18191295862197876 -1.339988195814182
[5 INFO root] 0.17263376712799072 -0.18248149752616882 -1.3500780897404978
[5 INFO root] 0.17276717722415924 -0.18307338654994965 -1.3592749203074412
[5 INFO root] 0.17289899289608002 -0.18368463218212128 -1.3677339404531887
[5 INFO root] 0.17302875220775604 -0.1843121349811554 -1.3755939548679008
[5 INFO root] 0.17315608263015747 -0.18495354056358337 -1.382978335823099
[5 INFO root] 0.1732807755470276 -0.18560706079006195 -1.3899956881612365
[5 INFO root] 0.1734028309583664 -0.18627218902111053 -1.396726512729859
[5 INFO root] 0.17352236807346344 -0.18694929778575897 -1.4032201100980795
[5 INFO root] 0.17363955080509186 -0.18763931095600128 -1.4095020087760617
[5 INFO root] 0.17375457286834717 -0.18834351003170013 -1.4155780518326495
[5 INFO root] 0.17386767268180847 -0.18906350433826447 -1.4214367918327293
[5 INFO root] 0.17397908866405487 -0.18980106711387634 -1.4270514555015068
[5 INFO root] 0.17408910393714905 -0.19055812060832977 -1.432381844767977
[5 INFO root] 0.1741979569196701 -0.19133664667606354 -1.4373762535202712
[5 INFO root] 0.1743059903383255 -0.19213859736919403 -1.441973707379755
[5 INFO root] 0.1744135469198227 -0.19296588003635406 -1.4461066634291433
[5 INFO root] 0.17452096939086914 -0.19382020831108093 -1.4497041427848756
[5 INFO root] 0.17462871968746185 -0.1947031021118164 -1.4526951791104452
[5 INFO root] 0.17473728954792023 -0.19561582803726196 -1.4550123995859379
[5 INFO root] 0.17484723031520844 -0.19655930995941162 -1.4565955107479562
[5 INFO root] 0.1749592125415802 -0.1975342184305191 -1.457394449643494
[5 INFO root] 0.17507392168045044 -0.1985408365726471 -1.457371983174273
[5 INFO root] 0.1751922070980072 -0.1995791643857956 -1.4565055898902959
[5 INFO root] 0.17531490325927734 -0.20064888894557953 -1.4547885280232393
[5 INFO root] 0.17544296383857727 -0.20174941420555115 -1.4522300683589127
[5 INFO root] 0.1755773425102234 -0.2028798609972 -1.448854938968415
[5 INFO root] 0.1757190227508545 -0.20403915643692017 -1.4447020826819366
[5 INFO root] 0.17586898803710938 -0.20522603392601013 -1.4398228636535482
[5 INFO root] 0.17602819204330444 -0.20643901824951172 -1.4342788764370706
[5 INFO root] 0.17619749903678894 -0.20767652988433838 -1.4281395123097733
[5 INFO root] 0.17637774348258972 -0.20893685519695282 -1.4214794270357942
[5 INFO root] 0.17656965553760529 -0.2102181762456894 -1.4143760354609853
[5 INFO root] 0.1767738163471222 -0.21151866018772125 -1.4069071407646245
[5 INFO root] 0.17699073255062103 -0.2128363698720932 -1.3991487816693342
[5 INFO root] 0.17722076177597046 -0.21416938304901123 -1.3911733548466032
[5 INFO root] 0.17746414244174957 -0.21551579236984253 -1.3830480467389832
[5 INFO root] 0.17772097885608673 -0.2168736755847931 -1.3748335892602734
[5 INFO root] 0.17799128592014313 -0.21824118494987488 -1.366583337202422
[5 INFO root] 0.1782749444246292 -0.21961648762226105 -1.35834265179002
[5 INFO root] 0.17857173085212708 -0.2209978699684143 -1.3501485647355091
[5 INFO root] 0.17888137698173523 -0.22238364815711975 -1.3420296902612379
[5 INFO root] 0.17920351028442383 -0.22377222776412964 -1.3340066797202275
[5 INFO root] 0.17953772842884064 -0.2251620888710022 -1.326093007261789
[5 INFO root] 0.17988358438014984 -0.22655180096626282 -1.3182956035071103
[5 INFO root] 0.18024058640003204 -0.22793996334075928 -1.3106154578163107
[5 INFO root] 0.18060824275016785 -0.2293252795934677 -1.3030482392108367
[5 INFO root] 0.18098603188991547 -0.23070649802684784 -1.2955849218661888
[5 INFO root] 0.1813734620809555 -0.23208242654800415 -1.288212397513337
[5 INFO root] 0.18176999688148499 -0.2334519326686859 -1.2809140615209158
[5 INFO root] 0.1821751743555069 -0.23481391370296478 -1.2736703635211335
[5 INFO root] 0.18258850276470184 -0.23616735637187958 -1.266459316870844
[5 INFO root] 0.1830095499753952 -0.23751124739646912 -1.2592569640161353
[5 INFO root] 0.18343786895275116 -0.238844633102417 -1.2520377969980019
[5 INFO root] 0.18387307226657867 -0.24016661942005157 -1.2447751339659539
[5 INFO root] 0.1843147873878479 -0.24147631227970123 -1.23744145373521
[5 INFO root] 0.18476229906082153 -0.24277172982692719 -1.2300330717974532
[5 INFO root] 0.18521329760551453 -0.2440466582775116 -1.2229120873997774
[5 INFO root] 0.18566487729549408 -0.2452947348356247 -1.2165079257233453
[5 INFO root] 0.1861153095960617 -0.2465149164199829 -1.2108295469340944
[5 INFO root] 0.18656328320503235 -0.24770724773406982 -1.205833036285448
[5 INFO root] 0.18700768053531647 -0.24887214601039886 -1.2014708863460124
[5 INFO root] 0.1874477118253708 -0.2500104308128357 -1.1976935296645517
[5 INFO root] 0.18788278102874756 -0.2511231601238251 -1.1944503936369766
[5 INFO root] 0.1883125603199005 -0.2522117495536804 -1.191690701350572
[5 INFO root] 0.1887369155883789 -0.25327783823013306 -1.1893640809277921
[5 INFO root] 0.18915590643882751 -0.25432324409484863 -1.187421035549842
[5 INFO root] 0.18956975638866425 -0.25534990429878235 -1.1858133179932067
[5 INFO root] 0.18997883796691895 -0.25635993480682373 -1.1844942457390684
[5 INFO root] 0.19038361310958862 -0.2573555111885071 -1.1834189851705539
[5 INFO root] 0.19078469276428223 -0.2583388686180115 -1.1825448258830948
[5 INFO root] 0.1911827176809311 -0.259312242269516 -1.1818314586417273
[5 INFO root] 0.19157838821411133 -0.2602778375148773 -1.1812412630806641
[5 INFO root] 0.19197240471839905 -0.261237770318985 -1.1807396040281326
[5 INFO root] 0.19236551225185394 -0.26219409704208374 -1.1802951286485988
[5 INFO root] 0.19275841116905212 -0.263148695230484 -1.1798800508302216
[5 INFO root] 0.19315175712108612 -0.2641032040119171 -1.1794704048845301
[5 INFO root] 0.1935461312532425 -0.26505914330482483 -1.1790462481471249
[5 INFO root] 0.1939140111207962 -0.2659497857093811 -1.177340958993238
[5 INFO root] 0.1942501962184906 -0.26676011085510254 -1.173844198979941
[5 INFO root] 0.19456101953983307 -0.2675023376941681 -1.1684996414254956
[5 INFO root] 0.19485270977020264 -0.2681889533996582 -1.1612964584277352
[5 INFO root] 0.19513040781021118 -0.2688300907611847 -1.1522287903295088
[5 INFO root] 0.19539836049079895 -0.26943400502204895 -1.1412944419911748
[5 INFO root] 0.19566017389297485 -0.27000734210014343 -1.1284934067394528
[5 INFO root] 0.19591891765594482 -0.2705555558204651 -1.113826060944849
[5 INFO root] 0.19617734849452972 -0.27108317613601685 -1.0972922559729332
[5 INFO root] 0.1964379847049713 -0.27159395813941956 -1.0788910867068806
[5 INFO root] 0.19670319557189941 -0.2720911204814911 -1.058621072368606
[5 INFO root] 0.19697535037994385 -0.27257755398750305 -1.0364804696510268
[5 INFO root] 0.1972568780183792 -0.2730557322502136 -1.0124679348880126
[5 INFO root] 0.19755032658576965 -0.2735280394554138 -0.9865836842095448
[5 INFO root] 0.19785846769809723 -0.2739966809749603 -0.9588312165892304
[5 INFO root] 0.19818435609340668 -0.2744637131690979 -0.9292196259043817
[5 INFO root] 0.1985314041376114 -0.2749311327934265 -0.8977664906991978
[5 INFO root] 0.19890359044075012 -0.27540093660354614 -0.864501433883617
[5 INFO root] 0.19930559396743774 -0.2758752703666687 -0.8294712447338883
[5 INFO root] 0.19974252581596375 -0.2763557434082031 -0.7927435880956138
[5 INFO root] 0.20021963119506836 -0.2768433094024658 -0.7544099889261038
[5 INFO root] 0.20074236392974854 -0.2773382067680359 -0.71458879667122
[5 INFO root] 0.20131616294384003 -0.2778398096561432 -0.6734277386615075
[5 INFO root] 0.20194630324840546 -0.27834662795066833 -0.6311057304652714
[5 INFO root] 0.20263776183128357 -0.27885618805885315 -0.5878336688741508
[5 INFO root] 0.2033948451280594 -0.2793652415275574 -0.5438539683246024
[5 INFO root] 0.20422102510929108 -0.27986952662467957 -0.4994386530015185
[5 INFO root] 0.20511867105960846 -0.28036418557167053 -0.4548858881621849
[5 INFO root] 0.20608875155448914 -0.2808437645435333 -0.41051492622466884
[5 INFO root] 0.20713073015213013 -0.2813025414943695 -0.36665955659820365
[5 INFO root] 0.20824238657951355 -0.281734824180603 -0.32366038111442325
[5 INFO root] 0.2094198763370514 -0.2821352481842041 -0.2818566962694596
[5 INFO root] 0.2106577754020691 -0.28249913454055786 -0.24157758106215815
[5 INFO root] 0.21194931864738464 -0.28282272815704346 -0.20313299934657117
[5 INFO root] 0.2132866233587265 -0.28310340642929077 -0.1668057445466034
[5 INFO root] 0.21466107666492462 -0.28333985805511475 -0.13284485830844275
[5 INFO root] 0.21606366336345673 -0.2835320830345154 -0.10146098593026068
[5 INFO root] 0.21748541295528412 -0.28368130326271057 -0.07282391617430253
[5 INFO root] 0.21891768276691437 -0.28378990292549133 -0.04706230577626538
[5 INFO root] 0.22035248577594757 -0.2838611900806427 -0.024265356411637094
[5 INFO root] 0.2217826545238495 -0.283899188041687 -0.004486036779949101
[5 INFO root] 0.22320206463336945 -0.2839083671569824 0.01225465056752004
[5 INFO root] 0.22460561990737915 -0.28389355540275574 0.025963175607405665
[5 INFO root] 0.22598931193351746 -0.283859521150589 0.03666892787423201
[5 INFO root] 0.22735010087490082 -0.283811092376709 0.044419780066519116
[5 INFO root] 0.2286859154701233 -0.28375276923179626 0.0492779948726205
[5 INFO root] 0.2299955189228058 -0.28368884325027466 0.051316634856683335
[5 INFO root] 0.2312784045934677 -0.28362321853637695 0.050616548944289554
[5 INFO root] 0.23253469169139862 -0.2835594713687897 0.04726394158455769
[5 INFO root] 0.23376502096652985 -0.2835008502006531 0.041348485834000505
[5 INFO root] 0.23497043550014496 -0.28345027565956116 0.03296191580492522
[5 INFO root] 0.23617637157440186 -0.2834094762802124 0.023984541261910162
[5 INFO root] 0.23738838732242584 -0.28337931632995605 0.014955083791110303
[5 INFO root] 0.23860548436641693 -0.2833600342273712 0.005967541922807771
[5 INFO root] 0.23982621729373932 -0.2833516597747803 -0.002921613522879585
[5 INFO root] 0.24104923009872437 -0.28335413336753845 -0.011663831741535869
[5 INFO root] 0.2422732561826706 -0.2833673357963562 -0.0202192341532881
[5 INFO root] 0.24349716305732727 -0.2833910584449768 -0.028556849208300393
[5 INFO root] 0.2447199821472168 -0.2834249436855316 -0.03665350901955502
[5 INFO root] 0.24594081938266754 -0.28346872329711914 -0.04449250784855987
[5 INFO root] 0.2471589595079422 -0.28352200984954834 -0.052062433585959654
[5 INFO root] 0.24837373197078705 -0.2835843861103058 -0.05935619336453904
[5 INFO root] 0.24958458542823792 -0.28365546464920044 -0.06637020307463917
[5 INFO root] 0.250791072845459 -0.2837347984313965 -0.07310371305633835
[5 INFO root] 0.25199276208877563 -0.2838219702243805 -0.07955824712434391
[5 INFO root] 0.253189355134964 -0.2839165925979614 -0.08573713610777058
[5 INFO root] 0.25438058376312256 -0.28401824831962585 -0.09164513034856038
[5 INFO root] 0.25556620955467224 -0.28412649035453796 -0.09728807825437905
[5 INFO root] 0.2567460834980011 -0.2842409610748291 -0.10267266016801305
[5 INFO root] 0.2579200863838196 -0.2843613028526306 -0.10780616859286353
[5 INFO root] 0.2590881288051605 -0.2844870984554291 -0.11269632727901006
[5 INFO root] 0.2602461874485016 -0.2846175730228424 -0.11740581167125998
[5 INFO root] 0.26132437586784363 -0.2847442030906677 -0.12292850967436955
[5 INFO root] 0.2623231112957001 -0.28486698865890503 -0.12945069106422682
[5 INFO root] 0.26325124502182007 -0.2849871516227722 -0.1370490231120727
[5 INFO root] 0.26411664485931396 -0.28510579466819763 -0.1457878421199255
[5 INFO root] 0.26492610573768616 -0.28522390127182007 -0.15572178815807836
[5 INFO root] 0.2656857371330261 -0.28534233570098877 -0.16689863569908803
[5 INFO root] 0.26640087366104126 -0.2854619324207306 -0.17936141657511523
[5 INFO root] 0.26707637310028076 -0.28558349609375 -0.19314997153115712
[5 INFO root] 0.26771652698516846 -0.2857077419757843 -0.20830210601329682
[5 INFO root] 0.2683253288269043 -0.2858354151248932 -0.224854497891575
[5 INFO root] 0.2689063251018524 -0.28596726059913635 -0.242843474917674
[5 INFO root] 0.26946285367012024 -0.2861040234565735 -0.26230574662451045
[5 INFO root] 0.269997775554657 -0.28624650835990906 -0.2832791338880798
[5 INFO root] 0.2705138027667999 -0.28639551997184753 -0.3058032887009062
[5 INFO root] 0.2710133194923401 -0.28655195236206055 -0.3299203429746165
[5 INFO root] 0.271498441696167 -0.2867167592048645 -0.35567538115754105
[5 INFO root] 0.2719711363315582 -0.2868909239768982 -0.38311659795963426
[5 INFO root] 0.2724339962005615 -0.2870759963989258 -0.4122834634353299
[5 INFO root] 0.27289071679115295 -0.28727415204048157 -0.44319342883952234
[5 INFO root] 0.2733445465564728 -0.2874878942966461 -0.4758626936823636
[5 INFO root] 0.2737979590892792 -0.2877196967601776 -0.5103113767689077
[5 INFO root] 0.27425286173820496 -0.2879723310470581 -0.5465627157555882
[5 INFO root] 0.2747107744216919 -0.2882486879825592 -0.5846415134416783
[5 INFO root] 0.27517279982566833 -0.28855204582214355 -0.6245724016173536
[5 INFO root] 0.27563977241516113 -0.2888859212398529 -0.6663779442548637
[5 INFO root] 0.27611222863197327 -0.28925439715385437 -0.7100765084665268
[5 INFO root] 0.2765902876853943 -0.28966188430786133 -0.7556797616161114
[5 INFO root] 0.2770735025405884 -0.290113240480423 -0.803191921033455
[5 INFO root] 0.2775608003139496 -0.29061368107795715 -0.852606052125202
[5 INFO root] 0.27805063128471375 -0.2911688983440399 -0.9038960250495667
[5 INFO root] 0.278540700674057 -0.2917852997779846 -0.9570065268092363
[5 INFO root] 0.2790280878543854 -0.29246971011161804 -1.0118418340608548
[5 INFO root] 0.2795087993144989 -0.29322949051856995 -1.0682538191199749
[5 INFO root] 0.27997761964797974 -0.2940719425678253 -1.1260300272676578
[5 INFO root] 0.28042805194854736 -0.2950039803981781 -1.1848830120351155
[5 INFO root] 0.28085213899612427 -0.29603150486946106 -1.2444424408686416
[5 INFO root] 0.28124067187309265 -0.2971586287021637 -1.3042517253845791
[5 INFO root] 0.2815834879875183 -0.29838693141937256 -1.3637709692278481
[5 INFO root] 0.28187015652656555 -0.29971468448638916 -1.42238772017953
[5 INFO root] 0.28209081292152405 -0.3011363744735718 -1.4794369261797604
[5 INFO root] 0.28223708271980286 -0.3026425540447235 -1.5342290889732866
[5 INFO root] 0.282303124666214 -0.3042203187942505 -1.5860719980478477
[5 INFO root] 0.2822864055633545 -0.30585360527038574 -1.6343216751248024
[5 INFO root] 0.2821880578994751 -0.30752426385879517 -1.6784222758996885
[5 INFO root] 0.282012939453125 -0.3092138171195984 -1.7178969939238782
[5 INFO root] 0.28176915645599365 -0.310904860496521 -1.752366619356
[5 INFO root] 0.2814673185348511 -0.3125815987586975 -1.7815772267392005
[5 INFO root] 0.28111955523490906 -0.31423071026802063 -1.8053978270032751
[5 INFO root] 0.2807649075984955 -0.3157319128513336 -1.8252374488827912
[5 INFO root] 0.28043028712272644 -0.31703051924705505 -1.8420679392027461
[5 INFO root] 0.28012117743492126 -0.31815028190612793 -1.8559120557754964
[5 INFO root] 0.27983900904655457 -0.31911855936050415 -1.866685593257251
[5 INFO root] 0.2795843183994293 -0.3199576735496521 -1.8743081717452112
[5 INFO root] 0.27935701608657837 -0.3206857144832611 -1.8786991775454773
[5 INFO root] 0.27915647625923157 -0.3213173747062683 -1.879772174465517
[5 INFO root] 0.2789818048477173 -0.3218648135662079 -1.8774303302948214
[5 INFO root] 0.27883175015449524 -0.3223382830619812 -1.8715628953213124
[5 INFO root] 0.27870482206344604 -0.32274651527404785 -1.8620428203880286
[5 INFO root] 0.27859389781951904 -0.32311517000198364 -1.8497945510130098
[5 INFO root] 0.27849170565605164 -0.32347026467323303 -1.8360357875381068
[5 INFO root] 0.2783975601196289 -0.32381486892700195 -1.8208886518919842
[5 INFO root] 0.2783116102218628 -0.32414913177490234 -1.8043534209946437
[5 INFO root] 0.27823391556739807 -0.3244732916355133 -1.7864223506787298
[5 INFO root] 0.27816441655158997 -0.32478776574134827 -1.7670787783949689
[5 INFO root] 0.2781030833721161 -0.3250930607318878 -1.7462974572518333
[5 INFO root] 0.2780497968196869 -0.3253899812698364 -1.7240449224972567
[5 INFO root] 0.27800437808036804 -0.32567957043647766 -1.7002799934354011
[5 INFO root] 0.2779667377471924 -0.32596319913864136 -1.67495452678556
[5 INFO root] 0.27793681621551514 -0.3262426555156708 -1.6480145251090914
[5 INFO root] 0.2779145836830139 -0.32652008533477783 -1.6194016875280666
[5 INFO root] 0.27790024876594543 -0.32679814100265503 -1.5890554733767994
[5 INFO root] 0.2778942584991455 -0.32707998156547546 -1.556915732935985
[5 INFO root] 0.2778973877429962 -0.32736918330192566 -1.52292593921505
[5 INFO root] 0.2779107987880707 -0.32766979932785034 -1.4870370241471653
[5 INFO root] 0.27793624997138977 -0.3279861509799957 -1.4492035358428876
[5 INFO root] 0.27797621488571167 -0.32832297682762146 -1.4093724746959018
[5 INFO root] 0.278033971786499 -0.3286861777305603 -1.3675060150708556
[5 INFO root] 0.2781141698360443 -0.3290829658508301 -1.323602484366407
[5 INFO root] 0.2782229483127594 -0.3295212686061859 -1.2777171550319066
[5 INFO root] 0.2783680260181427 -0.3300092816352844 -1.2299820266999817
[5 INFO root] 0.2785587012767792 -0.3305542767047882 -1.1806206811414983
[5 INFO root] 0.2788054049015045 -0.331161767244339 -1.129954059458812
[5 INFO root] 0.279119074344635 -0.33183443546295166 -1.078393476071263
[5 INFO root] 0.27951017022132874 -0.3325716257095337 -1.0264226060065378
[5 INFO root] 0.27998778223991394 -0.33336901664733887 -0.9745705412597775
[5 INFO root] 0.28055867552757263 -0.33421894907951355 -0.9233805154012515
[5 INFO root] 0.2812266945838928 -0.33511120080947876 -0.8733798505927484
[5 INFO root] 0.28199243545532227 -0.3360338509082794 -0.8250555082545763
[5 INFO root] 0.28285330533981323 -0.33697447180747986 -0.7788373881038678
[5 INFO root] 0.28380388021469116 -0.3379209637641907 -0.7350893388502721
[5 INFO root] 0.2848362922668457 -0.3388623595237732 -0.6941064304908553
[5 INFO root] 0.2859409749507904 -0.3397892117500305 -0.6561165465087646
[5 INFO root] 0.28710711002349854 -0.34069395065307617 -0.6212845380966121
[5 INFO root] 0.2883233428001404 -0.3415709137916565 -0.5897176741615404
[5 INFO root] 0.28957808017730713 -0.3424162268638611 -0.5614716302126788
[5 INFO root] 0.2908601462841034 -0.34322771430015564 -0.5365566382808808
[5 INFO root] 0.292158842086792 -0.3440045118331909 -0.5149436379043426
[5 INFO root] 0.2934643030166626 -0.34474697709083557 -0.49657035782117576
[5 INFO root] 0.2947676479816437 -0.3454563617706299 -0.48134727241114506
[5 INFO root] 0.29606109857559204 -0.3461344838142395 -0.4691633462963811
[5 INFO root] 0.2973378598690033 -0.34678369760513306 -0.4598914861300927
[5 INFO root] 0.2985922396183014 -0.3474065065383911 -0.45339360752298347
