[53 INFO root] Initialising Python Geth Console...
[53 INFO root] Initialising RandB board...
[53 INFO root] Initialising resource sensor...
[53 INFO root] Initialising random-walk...
[53 INFO root] Initialising navigation...
[53 INFO root] Initialising Odo...
[53 INFO root] Initialising odometry...
[53 INFO root] Initialising gps...
[53 INFO root] Initialising Ground sensor...
[53 INFO root] --//-- Starting Experiment --//--
[53 INFO root] x y direction
[53 INFO root] -0.1799290031194687 0.3577040135860443 -1.966497374807051
[53 INFO root] -0.18030722439289093 0.35679855942726135 -2.0527698797543183
[53 INFO root] -0.18096455931663513 0.35551929473876953 -2.150337800780891
[53 INFO root] -0.18188631534576416 0.35408496856689453 -2.246793990532801
[53 INFO root] -0.18308889865875244 0.3525589406490326 -2.337644690237125
[53 INFO root] -0.18460169434547424 0.35096320509910583 -2.419491847492425
[53 INFO root] -0.18636609613895416 0.3493849039077759 -2.490102751539191
[53 INFO root] -0.18824321031570435 0.3479323387145996 -2.5492975357314522
[53 INFO root] -0.19009438157081604 0.3466697931289673 -2.598522512818932
[53 INFO root] -0.19190841913223267 0.34556201100349426 -2.638799297569586
[53 INFO root] -0.1936688870191574 0.3445841670036316 -2.6711858880347163
[53 INFO root] -0.19534842669963837 0.3437228798866272 -2.6968415318434173
[53 INFO root] -0.19692806899547577 0.34296470880508423 -2.7167926892135834
[53 INFO root] -0.19839678704738617 0.3422965407371521 -2.731898747770656
[53 INFO root] -0.1997494250535965 0.3417064845561981 -2.7428739010258476
[53 INFO root] -0.20098567008972168 0.34118393063545227 -2.750326617191787
[53 INFO root] -0.20210979878902435 0.3407191336154938 -2.7548061934462384
[53 INFO root] -0.20313036441802979 0.34030285477638245 -2.7568281858669463
[53 INFO root] -0.20406559109687805 0.3399239182472229 -2.7570063216827942
[53 INFO root] -0.20499253273010254 0.3395487070083618 -2.7570063216827942
[53 INFO root] -0.20591948926448822 0.3391735255718231 -2.7570063216827942
[53 INFO root] -0.2068464457988739 0.3387983739376068 -2.7570063216827942
[53 INFO root] -0.20777340233325958 0.3384231925010681 -2.7570063216827942
[53 INFO root] -0.20870035886764526 0.3380480110645294 -2.7570063216827942
[53 INFO root] -0.20962730050086975 0.3376728296279907 -2.7570063216827942
[53 INFO root] -0.21055425703525543 0.337297648191452 -2.7570063216827942
[53 INFO root] -0.2114812135696411 0.3369224965572357 -2.7570063216827942
[53 INFO root] -0.2124081701040268 0.336547315120697 -2.7570063216827942
[53 INFO root] -0.21333512663841248 0.3361721336841583 -2.7570063216827942
[53 INFO root] -0.21426206827163696 0.33579695224761963 -2.7570063216827942
[53 INFO root] -0.21518902480602264 0.33542177081108093 -2.7570063216827942
[53 INFO root] -0.21611598134040833 0.3350466191768646 -2.7570063216827942
[53 INFO root] -0.217042937874794 0.3346714377403259 -2.7570063216827942
[53 INFO root] -0.2179698944091797 0.33429625630378723 -2.7570063216827942
[53 INFO root] -0.21889685094356537 0.33392107486724854 -2.7570063216827942
[53 INFO root] -0.21969829499721527 0.33359670639038086 -2.756172301077616
[53 INFO root] -0.2203696370124817 0.3333244025707245 -2.7544428113527446
[53 INFO root] -0.22093051671981812 0.33309584856033325 -2.751911105925005
[53 INFO root] -0.22139887511730194 0.3329036831855774 -2.748658948963061
[53 INFO root] -0.22178977727890015 0.3327418267726898 -2.744750844355613
[53 INFO root] -0.2221158742904663 0.3326053321361542 -2.7402374582744575
[53 INFO root] -0.22238779067993164 0.33249011635780334 -2.7351584660780417
[53 INFO root] -0.22261443734169006 0.33239272236824036 -2.7295450376750736
[53 INFO root] -0.2228032797574997 0.3323103189468384 -2.723421230129976
[53 INFO root] -0.22296056151390076 0.33224058151245117 -2.7168048872575103
[53 INFO root] -0.2230914831161499 0.33218148350715637 -2.7097083095244248
[53 INFO root] -0.22320033609867096 0.33213141560554504 -2.702138759112103
[53 INFO root] -0.22329063713550568 0.33208906650543213 -2.6940988282228546
[53 INFO root] -0.22336524724960327 0.3320533335208893 -2.6855866891685896
[53 INFO root] -0.22342649102210999 0.33202338218688965 -2.6765962406878825
[53 INFO root] -0.22347615659236908 0.3319985270500183 -2.6671171623100576
[53 INFO root] -0.22357891499996185 0.3319458067417145 -2.6581684687260094
[53 INFO root] -0.22373877465724945 0.3318620026111603 -2.649922041108162
[53 INFO root] -0.22394543886184692 0.3317514955997467 -2.642324165936219
[53 INFO root] -0.2241889387369156 0.33161890506744385 -2.635305355456884
[53 INFO root] -0.22446046769618988 0.3314685821533203 -2.628793722000788
[53 INFO root] -0.2247520387172699 0.331304669380188 -2.6227133677173673
[53 INFO root] -0.22505630552768707 0.33113113045692444 -2.6169833612976494
[53 INFO root] -0.2253665328025818 0.33095183968544006 -2.6115175741541647
[53 INFO root] -0.2256765365600586 0.3307704031467438 -2.606225218475
[53 INFO root] -0.22598066926002502 0.33059021830558777 -2.601011917029834
[53 INFO root] -0.2262738198041916 0.33041447401046753 -2.5957811323455244
[53 INFO root] -0.2265499085187912 0.33024701476097107 -2.590411201164539
[53 INFO root] -0.22680267691612244 0.33009183406829834 -2.5847696616453852
[53 INFO root] -0.22702740132808685 0.3299521207809448 -2.5787425929687893
[53 INFO root] -0.2272210568189621 0.3298301100730896 -2.57223812720762
[53 INFO root] -0.2273818999528885 0.3297273516654968 -2.5651828265324874
[53 INFO root] -0.22750917077064514 0.3296447694301605 -2.5575175427830117
[53 INFO root] -0.22760286927223206 0.32958295941352844 -2.5491951126935604
[53 INFO root] -0.22766362130641937 0.3295421898365021 -2.540178951711867
[53 INFO root] -0.22769257426261902 0.32952240109443665 -2.530450717990067
[53 INFO root] -0.2276911735534668 0.3295234143733978 -2.5200077548789865
[53 INFO root] -0.22766079008579254 0.32954517006874084 -2.50884639145331
[53 INFO root] -0.22760272026062012 0.3295876979827881 -2.4969584094550195
[53 INFO root] -0.22751817107200623 0.3296511471271515 -2.4843309563723306
[53 INFO root] -0.22740836441516876 0.32973572611808777 -2.4709465969235462
[53 INFO root] -0.227274551987648 0.32984164357185364 -2.4567832824184905
[53 INFO root] -0.22711807489395142 0.3299691081047058 -2.4418142425943374
[53 INFO root] -0.22694042325019836 0.3301182687282562 -2.426007800275878
[53 INFO root] -0.22674325108528137 0.33028915524482727 -2.4093271017576816
[53 INFO root] -0.22652845084667206 0.3304816782474518 -2.3917297487190554
[53 INFO root] -0.22629816830158234 0.3306954503059387 -2.373167312265145
[53 INFO root] -0.2260548174381256 0.33092987537384033 -2.35358471691662
[53 INFO root] -0.22580111026763916 0.33118394017219543 -2.3329194727105533
[53 INFO root] -0.22554007172584534 0.33145636320114136 -2.311100705699955
[53 INFO root] -0.2252749651670456 0.33174529671669006 -2.2880480148523685
[53 INFO root] -0.22500929236412048 0.3320485055446625 -2.2636702363759564
[53 INFO root] -0.2247466742992401 0.3323633074760437 -2.237864225010172
[53 INFO root] -0.22449089586734772 0.3326863944530487 -2.210513784182317
[53 INFO root] -0.2242460548877716 0.3330135643482208 -2.181531645168479
[53 INFO root] -0.22405733168125153 0.3332810699939728 -2.1503705342719033
[53 INFO root] -0.2239285409450531 0.3334760069847107 -2.1167958872262314
[53 INFO root] -0.22385190427303314 0.3336007297039032 -2.0807225086507666
[53 INFO root] -0.2238198220729828 0.33365705609321594 -2.042119754825959
[53 INFO root] -0.2238253951072693 0.33364564180374146 -2.000984126808571
[53 INFO root] -0.2238619327545166 0.33356621861457825 -1.957330489970389
[53 INFO root] -0.22392278909683228 0.33341777324676514 -1.9111872838426296
[53 INFO root] -0.22400116920471191 0.33319881558418274 -1.8625938516320744
[53 INFO root] -0.22408990561962128 0.33290743827819824 -1.811600061541105
[53 INFO root] -0.2241813987493515 0.3325415253639221 -1.7582682408143635
[53 INFO root] -0.22426745295524597 0.3320988416671753 -1.7026773998004219
[53 INFO root] -0.22433921694755554 0.33157727122306824 -1.6449296966512712
[53 INFO root] -0.22438694536685944 0.3309761881828308 -1.5855903536145088
[53 INFO root] -0.2244006097316742 0.330297589302063 -1.5251888803433369
[53 INFO root] -0.22437036037445068 0.32954391837120056 -1.4638180137974
[53 INFO root] -0.22428633272647858 0.3287176787853241 -1.4015544341391803
[53 INFO root] -0.2241385579109192 0.32782191038131714 -1.3385174481346727
[53 INFO root] -0.22391705214977264 0.3268604874610901 -1.2748772595001092
[53 INFO root] -0.22361207008361816 0.3258384168148041 -1.2108614071304005
[53 INFO root] -0.2232145071029663 0.3247624337673187 -1.1467581674732243
[53 INFO root] -0.22271645069122314 0.32364118099212646 -1.0829156901283443
[53 INFO root] -0.22211919724941254 0.3224988877773285 -1.0205482052155195
[53 INFO root] -0.22143001854419708 0.3213599920272827 -0.9606171967786326
[53 INFO root] -0.2206600308418274 0.32024475932121277 -0.9037239519973916
[53 INFO root] -0.21982495486736298 0.31917187571525574 -0.850350147579795
[53 INFO root] -0.21894411742687225 0.31815749406814575 -0.8008614397028758
[53 INFO root] -0.218038871884346 0.3172142803668976 -0.7554938769412501
[53 INFO root] -0.2171296626329422 0.31634974479675293 -0.7144820726417215
[53 INFO root] -0.21623145043849945 0.3155638873577118 -0.6784284413366314
[53 INFO root] -0.21536438167095184 0.3148594796657562 -0.6471827278122976
[53 INFO root] -0.21454553306102753 0.31423628330230713 -0.6204380895103543
[53 INFO root] -0.21378743648529053 0.31369122862815857 -0.5978418478501646
[53 INFO root] -0.21309822797775269 0.3132193684577942 -0.5790259645199948
[53 INFO root] -0.21248213946819305 0.31281471252441406 -0.5636297384407565
[53 INFO root] -0.21194016933441162 0.31247085332870483 -0.5513148037184313
[53 INFO root] -0.21147078275680542 0.3121813237667084 -0.5417738139765118
[53 INFO root] -0.21107050776481628 0.3119398057460785 -0.5347344242006111
[53 INFO root] -0.210734561085701 0.3117404580116272 -0.5299600672172499
[53 INFO root] -0.21045732498168945 0.31157782673835754 -0.527252037725019
[53 INFO root] -0.21023263037204742 0.3114469051361084 -0.5264451166233217
[53 INFO root] -0.21005412936210632 0.31134313344955444 -0.5274034078753563
[53 INFO root] -0.2099153995513916 0.3112623393535614 -0.5300161255060503
[53 INFO root] -0.20981009304523468 0.31120070815086365 -0.5341942349667936
[53 INFO root] -0.2097320705652237 0.3111546039581299 -0.5398681116954032
[53 INFO root] -0.20967482030391693 0.3111203610897064 -0.5470491784375344
[53 INFO root] -0.2096291482448578 0.3110925853252411 -0.5560665807898472
[53 INFO root] -0.20958954095840454 0.31106802821159363 -0.5669532789858139
[53 INFO root] -0.20955127477645874 0.31104370951652527 -0.5797098144670947
[53 INFO root] -0.2095072716474533 0.31101498007774353 -0.5941223100347599
[53 INFO root] -0.2094401866197586 0.3109697699546814 -0.6090158310623882
[53 INFO root] -0.20934854447841644 0.31090599298477173 -0.6241933763059144
[53 INFO root] -0.20923319458961487 0.31082314252853394 -0.6395678135424778
[53 INFO root] -0.20909518003463745 0.3107207417488098 -0.6550460281332428
[53 INFO root] -0.2089357227087021 0.31059858202934265 -0.6705306584483053
[53 INFO root] -0.2087562084197998 0.31045660376548767 -0.685921440960089
[53 INFO root] -0.20855818688869476 0.3102949857711792 -0.7011166165174676
[53 INFO root] -0.2083432972431183 0.3101140856742859 -0.71601435127278
[53 INFO root] -0.20811325311660767 0.3099144995212555 -0.730514128834298
[53 INFO root] -0.20786979794502258 0.3096970021724701 -0.7445180761984275
[53 INFO root] -0.20761467516422272 0.3094625771045685 -0.7579321950169023
[53 INFO root] -0.20734959840774536 0.3092122972011566 -0.7706674802470564
[53 INFO root] -0.20707617700099945 0.30894747376441956 -0.7826409182851674
[53 INFO root] -0.20679359138011932 0.3086670935153961 -0.7939082763644126
[53 INFO root] -0.20649583637714386 0.3083648681640625 -0.8048163089799748
[53 INFO root] -0.20618310570716858 0.30804041028022766 -0.8154005928498231
[53 INFO root] -0.20585647225379944 0.3076942563056946 -0.8256635192378381
[53 INFO root] -0.2055170238018036 0.3073270618915558 -0.8356108150692069
[53 INFO root] -0.20516589283943176 0.3069395124912262 -0.8452511802915907
[53 INFO root] -0.2048041671514511 0.30653244256973267 -0.8545959380419574
[53 INFO root] -0.20443297922611237 0.30610671639442444 -0.8636591449589316
[53 INFO root] -0.20405344665050507 0.3056633770465851 -0.8724577484083553
[53 INFO root] -0.20366668701171875 0.30520346760749817 -0.881011568847272
[53 INFO root] -0.20327383279800415 0.30472806096076965 -0.8893430779281516
[53 INFO root] -0.2028760015964508 0.30423837900161743 -0.8974769937541774
[53 INFO root] -0.20247428119182587 0.303735613822937 -0.90543973552462
[53 INFO root] -0.2020697444677353 0.3032208979129791 -0.9132587855993896
[53 INFO root] -0.20166337490081787 0.30269548296928406 -0.9209620089708528
[53 INFO root] -0.20125611126422882 0.3021604120731354 -0.9285769909021422
[53 INFO root] -0.20084883272647858 0.3016167879104614 -0.9361304475468318
[53 INFO root] -0.2004423439502716 0.3010655641555786 -0.9436477494830849
[53 INFO root] -0.20003734529018402 0.30050763487815857 -0.9511525825099015
[53 INFO root] -0.19963455200195312 0.2999438941478729 -0.9586702568223607
[53 INFO root] -0.19923481345176697 0.29937544465065 -0.9662337128514444
[53 INFO root] -0.19883890450000763 0.29880329966545105 -0.9738740475257276
[53 INFO root] -0.19844748079776764 0.29822829365730286 -0.9816183448187736
[53 INFO root] -0.19806106388568878 0.29765111207962036 -0.9894899279619369
[53 INFO root] -0.19768010079860687 0.29707229137420654 -0.9975088409651912
[53 INFO root] -0.19730497896671295 0.2964922785758972 -1.00569237709193
[53 INFO root] -0.1969360113143921 0.2959114611148834 -1.0140556363391735
[53 INFO root] -0.19657348096370697 0.29533007740974426 -1.022612098246701
[53 INFO root] -0.1962176263332367 0.2947484254837036 -1.0313741974269321
[53 INFO root] -0.19586870074272156 0.2941667437553406 -1.0403538887426935
[53 INFO root] -0.19552692770957947 0.29358524084091187 -1.049563187103514
[53 INFO root] -0.19519256055355072 0.2930041253566742 -1.0590146637663898
[53 INFO root] -0.19486580789089203 0.29242372512817383 -1.0687218771839713
[53 INFO root] -0.19454693794250488 0.2918442487716675 -1.078699712906923
[53 INFO root] -0.19423624873161316 0.2912660837173462 -1.0889660319756924
[53 INFO root] -0.19393424689769745 0.29069003462791443 -1.0995588514343564
[53 INFO root] -0.19364146888256073 0.29011693596839905 -1.1105193382311171
[53 INFO root] -0.1933583766222 0.28954753279685974 -1.121886857072905
[53 INFO root] -0.19308532774448395 0.2889823615550995 -1.1336984220431003
[53 INFO root] -0.19282259047031403 0.2884218096733093 -1.1459883830429747
[53 INFO root] -0.19257038831710815 0.28786608576774597 -1.1587880182397865
[53 INFO root] -0.1923288255929947 0.287315309047699 -1.1721250588402987
[53 INFO root] -0.1920979619026184 0.286769300699234 -1.1860231651088522
[53 INFO root] -0.19187776744365692 0.2862277328968048 -1.200501366274552
[53 INFO root] -0.19166813790798187 0.2856900990009308 -1.215573469735997
[53 INFO root] -0.1914689689874649 0.28515565395355225 -1.2312474356171255
[53 INFO root] -0.1912800520658493 0.28462353348731995 -1.2475247049375457
[53 INFO root] -0.19110120832920074 0.28409257531166077 -1.2643994606758007
[53 INFO root] -0.19093221426010132 0.2835615575313568 -1.2818577989024635
[53 INFO root] -0.1907729059457779 0.2830289900302887 -1.2998768032075412
[53 INFO root] -0.19062307476997375 0.28249332308769226 -1.3184235213774045
[53 INFO root] -0.19048263132572174 0.281952828168869 -1.3374583695710012
[53 INFO root] -0.19035154581069946 0.28140586614608765 -1.3569384983894675
[53 INFO root] -0.1902298778295517 0.2808508276939392 -1.3768169349495465
[53 INFO root] -0.19011777639389038 0.28028604388237 -1.3970403239407494
[53 INFO root] -0.19001547992229462 0.27970996499061584 -1.4175483943697322
[53 INFO root] -0.18992330133914948 0.2791210412979126 -1.4382780580276013
[53 INFO root] -0.18984165787696838 0.27851802110671997 -1.4591646123944897
[53 INFO root] -0.18977107107639313 0.27789971232414246 -1.4801407290525999
[53 INFO root] -0.18971207737922668 0.27726513147354126 -1.5011349565394874
[53 INFO root] -0.18966525793075562 0.27661338448524475 -1.5220702417089296
[53 INFO root] -0.18963122367858887 0.27594369649887085 -1.5428630937087902
[53 INFO root] -0.18961060047149658 0.2752554416656494 -1.563422917187582
[53 INFO root] -0.18960395455360413 0.27454814314842224 -1.5836515705995857
[53 INFO root] -0.18961186707019806 0.2738214433193207 -1.6034432865918122
[53 INFO root] -0.1896347999572754 0.27307507395744324 -1.6226850276930684
[53 INFO root] -0.18967314064502716 0.27230900526046753 -1.6412573231212548
[53 INFO root] -0.18972717225551605 0.27152326703071594 -1.6590356116110863
[53 INFO root] -0.18979698419570923 0.2707180976867676 -1.6758920881692572
[53 INFO root] -0.1898825615644455 0.2698938548564911 -1.6916980197259364
[53 INFO root] -0.18998363614082336 0.2690509855747223 -1.7063264582726745
[53 INFO root] -0.1900997757911682 0.2681901156902313 -1.71965524377428
[53 INFO root] -0.19023030996322632 0.2673119306564331 -1.7315701569513005
[53 INFO root] -0.19037434458732605 0.26641711592674255 -1.7419680578626853
[53 INFO root] -0.19053080677986145 0.26550647616386414 -1.7507598332109766
[53 INFO root] -0.19069840013980865 0.26458072662353516 -1.7578729753535303
[53 INFO root] -0.19087567925453186 0.26364055275917053 -1.7632536297458496
[53 INFO root] -0.19106104969978333 0.2626866102218628 -1.7668679746371994
[53 INFO root] -0.19125279784202576 0.26171940565109253 -1.7687028365670767
[53 INFO root] -0.19144900143146515 0.26074013113975525 -1.7688685168271998
[53 INFO root] -0.1916457563638687 0.25975966453552246 -1.7688685168271998
[53 INFO root] -0.19184254109859467 0.25877922773361206 -1.7688685168271998
[53 INFO root] -0.19203932583332062 0.25779879093170166 -1.7688685168271998
[53 INFO root] -0.19223609566688538 0.25681832432746887 -1.7688685168271998
[53 INFO root] -0.19243288040161133 0.25583788752555847 -1.7688685168271998
[53 INFO root] -0.1926296502351761 0.25485745072364807 -1.7688685168271998
[53 INFO root] -0.19282643496990204 0.2538769841194153 -1.7688685168271998
[53 INFO root] -0.193023219704628 0.2528965473175049 -1.7688685168271998
[53 INFO root] -0.19321998953819275 0.2519161105155945 -1.7688685168271998
[53 INFO root] -0.1934167742729187 0.2509356439113617 -1.7688685168271998
[53 INFO root] -0.19361355900764465 0.2499552071094513 -1.7688685168271998
[53 INFO root] -0.1938103288412094 0.2489747554063797 -1.7688685168271998
[53 INFO root] -0.19400711357593536 0.2479943037033081 -1.7688685168271998
[53 INFO root] -0.19420389831066132 0.2470138520002365 -1.7688685168271998
[53 INFO root] -0.19440066814422607 0.2460334151983261 -1.7688685168271998
[53 INFO root] -0.19459745287895203 0.24505296349525452 -1.7688685168271998
[53 INFO root] -0.19479423761367798 0.24407251179218292 -1.7688685168271998
[53 INFO root] -0.19499100744724274 0.24309206008911133 -1.7688685168271998
[53 INFO root] -0.1951877921819687 0.24211162328720093 -1.7688685168271998
[53 INFO root] -0.19538457691669464 0.24113117158412933 -1.7688685168271998
[53 INFO root] -0.1955813467502594 0.24015071988105774 -1.7688685168271998
[53 INFO root] -0.19577813148498535 0.23917026817798615 -1.7688685168271998
[53 INFO root] -0.1959749162197113 0.23818983137607574 -1.7688685168271998
[53 INFO root] -0.19617168605327606 0.23720937967300415 -1.7688685168271998
[53 INFO root] -0.19636847078800201 0.23622892796993256 -1.7688685168271998
[53 INFO root] -0.19656525552272797 0.23524849116802216 -1.7688685168271998
[53 INFO root] -0.19676202535629272 0.23426803946495056 -1.7688685168271998
[53 INFO root] -0.19695881009101868 0.23328758776187897 -1.7688685168271998
[53 INFO root] -0.19715559482574463 0.23230713605880737 -1.7688685168271998
[53 INFO root] -0.1973523646593094 0.23132669925689697 -1.7688685168271998
[53 INFO root] -0.19754914939403534 0.23034624755382538 -1.7688685168271998
[53 INFO root] -0.1977459192276001 0.22936579585075378 -1.7688685168271998
[53 INFO root] -0.19794270396232605 0.2283853441476822 -1.7688685168271998
[53 INFO root] -0.198139488697052 0.2274049073457718 -1.7688685168271998
[53 INFO root] -0.19833625853061676 0.2264244556427002 -1.7688685168271998
[53 INFO root] -0.1985330432653427 0.2254440039396286 -1.7688685168271998
[53 INFO root] -0.19872982800006866 0.224463552236557 -1.7688685168271998
[53 INFO root] -0.19892659783363342 0.2234831154346466 -1.7688685168271998
[53 INFO root] -0.19912338256835938 0.222502663731575 -1.7688685168271998
[53 INFO root] -0.19932016730308533 0.22152221202850342 -1.7688685168271998
[53 INFO root] -0.19951693713665009 0.22054177522659302 -1.7688685168271998
[53 INFO root] -0.19971372187137604 0.21956132352352142 -1.7688685168271998
[53 INFO root] -0.199910506606102 0.21858087182044983 -1.7688685168271998
[53 INFO root] -0.20010727643966675 0.21760042011737823 -1.7688685168271998
[53 INFO root] -0.2003040611743927 0.21661998331546783 -1.7688685168271998
[53 INFO root] -0.20050084590911865 0.21563953161239624 -1.7688685168271998
[53 INFO root] -0.2006976157426834 0.21465907990932465 -1.7688685168271998
[53 INFO root] -0.20089440047740936 0.21367862820625305 -1.7688685168271998
[53 INFO root] -0.20109118521213531 0.21269819140434265 -1.7688685168271998
[53 INFO root] -0.20128795504570007 0.21171773970127106 -1.7688685168271998
[53 INFO root] -0.20148473978042603 0.21073728799819946 -1.7688685168271998
[53 INFO root] -0.20168152451515198 0.20975683629512787 -1.7688685168271998
[53 INFO root] -0.20187829434871674 0.20877639949321747 -1.7688685168271998
[53 INFO root] -0.2020750790834427 0.20779594779014587 -1.7688685168271998
[53 INFO root] -0.20227186381816864 0.20681549608707428 -1.7688685168271998
[53 INFO root] -0.2024686336517334 0.20583505928516388 -1.7688685168271998
[53 INFO root] -0.20266541838645935 0.20485460758209229 -1.7688685168271998
[53 INFO root] -0.2028621882200241 0.2038741558790207 -1.7688685168271998
[53 INFO root] -0.20305897295475006 0.2028937041759491 -1.7688685168271998
[53 INFO root] -0.203255757689476 0.2019132673740387 -1.7688685168271998
[53 INFO root] -0.20345252752304077 0.2009328156709671 -1.7688685168271998
[53 INFO root] -0.20364931225776672 0.1999523639678955 -1.7688685168271998
[53 INFO root] -0.20384609699249268 0.1989719122648239 -1.7688685168271998
[53 INFO root] -0.20404286682605743 0.1979914754629135 -1.7688685168271998
[53 INFO root] -0.2042396515607834 0.19701102375984192 -1.7688685168271998
[53 INFO root] -0.20443643629550934 0.19603057205677032 -1.7688685168271998
[53 INFO root] -0.2046332061290741 0.19505012035369873 -1.7688685168271998
[53 INFO root] -0.20482999086380005 0.19406968355178833 -1.7688685168271998
[53 INFO root] -0.205026775598526 0.19308923184871674 -1.7688685168271998
[53 INFO root] -0.20522354543209076 0.19210878014564514 -1.7688685168271998
[53 INFO root] -0.2054193615913391 0.19113318622112274 -1.7699251947508328
[53 INFO root] -0.20561382174491882 0.19016902148723602 -1.7734366146491445
[53 INFO root] -0.2058090716600418 0.18921701610088348 -1.7795586655007325
[53 INFO root] -0.20600764453411102 0.1882767677307129 -1.7882995717278702
[53 INFO root] -0.20621219277381897 0.18734735250473022 -1.799661939940421
[53 INFO root] -0.20642538368701935 0.18642738461494446 -1.8136426502921614
[53 INFO root] -0.20665006339550018 0.18551500141620636 -1.8302320791349387
[53 INFO root] -0.20688918232917786 0.18460798263549805 -1.8494127014521178
[53 INFO root] -0.20714597404003143 0.18370378017425537 -1.8711569334675793
[53 INFO root] -0.20742389559745789 0.1827995479106903 -1.8954241427657368
[53 INFO root] -0.20772679150104523 0.1818922907114029 -1.9221568485917662
[53 INFO root] -0.20805886387825012 0.18097898364067078 -1.9512762607668535
[53 INFO root] -0.20842602849006653 0.18005335330963135 -1.9825844512167112
[53 INFO root] -0.20883850753307343 0.1791011542081833 -2.015583923928151
[53 INFO root] -0.2093014121055603 0.17812196910381317 -2.0500923167743097
[53 INFO root] -0.2098192721605301 0.17711740732192993 -2.085934662962069
[53 INFO root] -0.21039649844169617 0.17608952522277832 -2.1228950651557943
[53 INFO root] -0.2110372930765152 0.17504094541072845 -2.160717752522633
[53 INFO root] -0.2117452621459961 0.17397500574588776 -2.1991107215285375
[53 INFO root] -0.21252325177192688 0.17289578914642334 -2.237751333881403
[53 INFO root] -0.21337297558784485 0.1718081831932068 -2.276293882364754
[53 INFO root] -0.21429476141929626 0.17071768641471863 -2.31437875008643
[53 INFO root] -0.215287446975708 0.1696302592754364 -2.3516426928594147
[53 INFO root] -0.21634814143180847 0.16855204105377197 -2.3877306034332575
[53 INFO root] -0.2174723744392395 0.16748906672000885 -2.4223088550094642
[53 INFO root] -0.21865415573120117 0.16644693911075592 -2.4550764432133816
[53 INFO root] -0.21988609433174133 0.1654306799173355 -2.4857418981490134
[53 INFO root] -0.22115972638130188 0.1644444614648819 -2.514046260238307
[53 INFO root] -0.22246599197387695 0.16349130868911743 -2.539784180967453
[53 INFO root] -0.22379569709300995 0.16257302463054657 -2.5628034415321346
[53 INFO root] -0.22513999044895172 0.16169017553329468 -2.5830113475453924
[53 INFO root] -0.22649067640304565 0.1608421951532364 -2.6003724375215667
[53 INFO root] -0.2278405725955963 0.16002754867076874 -2.6149026188282054
[53 INFO root] -0.22918367385864258 0.15924392640590668 -2.6266625265823778
[53 INFO root] -0.2305152416229248 0.15848836302757263 -2.6357510325634483
[53 INFO root] -0.2318318784236908 0.1577574759721756 -2.6422993952520017
[53 INFO root] -0.23313139379024506 0.15704761445522308 -2.6464662621143997
[53 INFO root] -0.23441283404827118 0.15635494887828827 -2.648433575091979
[53 INFO root] -0.23567622900009155 0.15567560493946075 -2.648403235222766
[53 INFO root] -0.2369225025177002 0.15500575304031372 -2.6465942315606696
[53 INFO root] -0.23815332353115082 0.15434160828590393 -2.643243131380515
[53 INFO root] -0.23937153816223145 0.1536792367696762 -2.638630624901181
[53 INFO root] -0.24058184027671814 0.15301410853862762 -2.6331240946196286
[53 INFO root] -0.24178992211818695 0.15234166383743286 -2.6271425347708695
[53 INFO root] -0.24300207197666168 0.15165747702121735 -2.621139820553002
[53 INFO root] -0.24422471225261688 0.15095767378807068 -2.615587033811683
[53 INFO root] -0.2454640418291092 0.15023906528949738 -2.6109456895120773
[53 INFO root] -0.24672524631023407 0.1494997888803482 -2.607613140402318
[53 INFO root] -0.2480120062828064 0.1487395167350769 -2.6058831616453864
[53 INFO root] -0.2493271678686142 0.1479591280221939 -2.6059600001981713
[53 INFO root] -0.25067269802093506 0.14716053009033203 -2.6079484379851574
[53 INFO root] -0.2520495355129242 0.14634668827056885 -2.611844253224323
[53 INFO root] -0.2534576654434204 0.1455214023590088 -2.6175395668257613
[53 INFO root] -0.2548959255218506 0.14468908309936523 -2.624838655842858
[53 INFO root] -0.25636205077171326 0.1438545435667038 -2.6334765364554933
[53 INFO root] -0.2578192949295044 0.14304135739803314 -2.640801149571382
[53 INFO root] -0.2592546045780182 0.14225436747074127 -2.645997098023876
[53 INFO root] -0.2606625556945801 0.14149227738380432 -2.648832919783596
[53 INFO root] -0.2620384395122528 0.14075298607349396 -2.649144876587002
[53 INFO root] -0.26333728432655334 0.1400560587644577 -2.64690431450621
[53 INFO root] -0.26453840732574463 0.13940852880477905 -2.642146516187977
[53 INFO root] -0.26565346121788025 0.13880088925361633 -2.6348926757513818
[53 INFO root] -0.26669442653656006 0.13822415471076965 -2.625160591410316
[53 INFO root] -0.26767081022262573 0.1376710683107376 -2.6129703553446184
[53 INFO root] -0.26859062910079956 0.13713540136814117 -2.598351779082586
[53 INFO root] -0.2694609463214874 0.1366116851568222 -2.581349998584996
[53 INFO root] -0.27028796076774597 0.13609492778778076 -2.562029467422081
[53 INFO root] -0.2710772454738617 0.13558055460453033 -2.5404769495164077
[53 INFO root] -0.27183371782302856 0.1350642293691635 -2.5168037899722124
[53 INFO root] -0.2725631594657898 0.1345408409833908 -2.4912216485358525
[53 INFO root] -0.27327144145965576 0.1340048760175705 -2.4640342233539365
[53 INFO root] -0.2739628851413727 0.13345162570476532 -2.43556903980837
[53 INFO root] -0.2746402323246002 0.1328773945569992 -2.4061649486608783
[53 INFO root] -0.2753049433231354 0.13227954506874084 -2.3761673947823807
[53 INFO root] -0.27595725655555725 0.1316564679145813 -2.345914762568508
[53 INFO root] -0.2765966057777405 0.13100777566432953 -2.315728069705546
[53 INFO root] -0.2772209346294403 0.13033480942249298 -2.285894874368633
[53 INFO root] -0.2778281569480896 0.12963974475860596 -2.2566736186490024
[53 INFO root] -0.27841654419898987 0.12892508506774902 -2.22829369062009
[53 INFO root] -0.2789851427078247 0.1281929612159729 -2.200980262029003
[53 INFO root] -0.27953362464904785 0.1274452954530716 -2.174940212234121
[53 INFO root] -0.2800620198249817 0.1266840398311615 -2.1503565026440925
[53 INFO root] -0.2805706560611725 0.12591108679771423 -2.127388763598414
[53 INFO root] -0.28106021881103516 0.12512828409671783 -2.106174984503538
[53 INFO root] -0.2815317213535309 0.12433726340532303 -2.0868331819754764
[53 INFO root] -0.28198641538619995 0.12353939563035965 -2.0694627675325696
[53 INFO root] -0.28242582082748413 0.12273582816123962 -2.0541454707006563
[53 INFO root] -0.2828516960144043 0.12192745506763458 -2.040945740070755
[53 INFO root] -0.28326594829559326 0.12111491709947586 -2.0299105984839456
[53 INFO root] -0.2836706042289734 0.12029863148927689 -2.0210689438747282
[53 INFO root] -0.2840678095817566 0.11947876960039139 -2.014430405012836
[53 INFO root] -0.28445976972579956 0.11865537613630295 -2.009983788788664
[53 INFO root] -0.28484871983528137 0.11782840639352798 -2.007695278145893
[53 INFO root] -0.28523683547973633 0.11699780821800232 -2.0075065844133166
[53 INFO root] -0.28562626242637634 0.11616352945566177 -2.009334973962492
[53 INFO root] -0.28601911664009094 0.11532548815011978 -2.0130734932165275
[53 INFO root] -0.2864173948764801 0.11448368430137634 -2.0185897553544603
[53 INFO root] -0.28682294487953186 0.11363821476697922 -2.025724678678948
[53 INFO root] -0.28723737597465515 0.11278942227363586 -2.0342920344931623
[53 INFO root] -0.2876620590686798 0.11193793267011642 -2.0440792056994033
[53 INFO root] -0.28809794783592224 0.11108469218015671 -2.054849427619689
[53 INFO root] -0.2885456085205078 0.11023101955652237 -2.0663456545308327
[53 INFO root] -0.2890051603317261 0.10937856137752533 -2.0782960152621532
[53 INFO root] -0.2894720435142517 0.10853656381368637 -2.090264502192013
[53 INFO root] -0.2899564206600189 0.10768723487854004 -2.1018086460229375
[53 INFO root] -0.29045701026916504 0.1068325787782669 -2.112490420726293
[53 INFO root] -0.290970116853714 0.10597782582044601 -2.1219282211020185
[53 INFO root] -0.2914917469024658 0.10512740164995193 -2.1298100234533894
[53 INFO root] -0.29201793670654297 0.10428478568792343 -2.135889469634084
[53 INFO root] -0.29254502058029175 0.10345236212015152 -2.1399836636029277
[53 INFO root] -0.2930704951286316 0.10263033211231232 -2.1420018053930616
[53 INFO root] -0.29359209537506104 0.10181836038827896 -2.141900398089154
[53 INFO root] -0.29410767555236816 0.10101595520973206 -2.139667387863873
[53 INFO root] -0.29461532831192017 0.1002223864197731 -2.135316638441877
[53 INFO root] -0.29511338472366333 0.09943662583827972 -2.1288831993410353
[53 INFO root] -0.2956005930900574 0.09865735471248627 -2.120418936903298
[53 INFO root] -0.29607588052749634 0.0978829562664032 -2.10998885216215
[53 INFO root] -0.2965385317802429 0.09711156785488129 -2.0976683212578005
[53 INFO root] -0.2969995439052582 0.09632126241922379 -2.0847588444241323
[53 INFO root] -0.2974599003791809 0.09550831466913223 -2.071566843315602
[53 INFO root] -0.2979183495044708 0.09467323124408722 -2.058168010221606
[53 INFO root] -0.298373818397522 0.09381658583879471 -2.044634322809915
[53 INFO root] -0.29882484674453735 0.09293995052576065 -2.031016877965783
[53 INFO root] -0.2992667853832245 0.0920514464378357 -2.01719940980897
[53 INFO root] -0.29969891905784607 0.09115175902843475 -2.003249051805635
[53 INFO root] -0.3001209497451782 0.09024080634117126 -1.9892583187256623
[53 INFO root] -0.30053257942199707 0.08931870013475418 -1.9753230507519308
[53 INFO root] -0.3009335398674011 0.08838574588298798 -1.961542096815599
[53 INFO root] -0.30132362246513367 0.08744244277477264 -1.94801683370742
[53 INFO root] -0.30170267820358276 0.0864894762635231 -1.9348505685987833
[53 INFO root] -0.30207058787345886 0.08552771061658859 -1.9221478629946658
[53 INFO root] -0.30242735147476196 0.08455821126699448 -1.9100136555868088
[53 INFO root] -0.3027730882167816 0.08358217775821686 -1.898552212824881
[53 INFO root] -0.30310797691345215 0.08260095119476318 -1.8878659665091222
[53 INFO root] -0.3034323751926422 0.08161596953868866 -1.878054292296286
[53 INFO root] -0.30374667048454285 0.08062874525785446 -1.8692122838706762
[53 INFO root] -0.30405154824256897 0.07964079827070236 -1.8614295773350644
[53 INFO root] -0.3043476343154907 0.07865366339683533 -1.8547892760841942
[53 INFO root] -0.30463579297065735 0.07766880095005035 -1.8493670180991972
[53 INFO root] -0.30491700768470764 0.07668758928775787 -1.8452302160324767
[53 INFO root] -0.30519232153892517 0.07571126520633698 -1.8424374867790976
[53 INFO root] -0.30546289682388306 0.07474091649055481 -1.8410382727743824
[53 INFO root] -0.3057301640510559 0.07377660274505615 -1.8409123350477916
[53 INFO root] -0.30599701404571533 0.07281287014484406 -1.8409123350477916
[53 INFO root] -0.30626386404037476 0.07184913009405136 -1.8409123350477916
[53 INFO root] -0.3065307140350342 0.07088539004325867 -1.8409123350477916
[53 INFO root] -0.3067975640296936 0.06992164999246597 -1.8409123350477916
[53 INFO root] -0.30706438422203064 0.06895790994167328 -1.8409123350477916
[53 INFO root] -0.30733123421669006 0.06799416989088058 -1.8409123350477916
[53 INFO root] -0.3075980842113495 0.06703042984008789 -1.8409123350477916
[53 INFO root] -0.3078649342060089 0.0660666897892952 -1.8409123350477916
[53 INFO root] -0.30813178420066833 0.0651029497385025 -1.8409123350477916
[53 INFO root] -0.30839860439300537 0.06413920968770981 -1.8409123350477916
[53 INFO root] -0.3086654543876648 0.06317546963691711 -1.8409123350477916
[53 INFO root] -0.3089323043823242 0.06221172958612442 -1.8409123350477916
[53 INFO root] -0.30919915437698364 0.061247989535331726 -1.8409123350477916
[53 INFO root] -0.3094659745693207 0.06028424948453903 -1.8409123350477916
[53 INFO root] -0.3097328245639801 0.05932050943374634 -1.8409123350477916
[53 INFO root] -0.3099996745586395 0.058356769382953644 -1.8409123350477916
[53 INFO root] -0.31026652455329895 0.05739302933216095 -1.8409123350477916
[53 INFO root] -0.31051933765411377 0.05647995322942734 -1.8413861232615374
[53 INFO root] -0.31075602769851685 0.05562645569443703 -1.8423902570993054
[53 INFO root] -0.3109770715236664 0.05483240261673927 -1.8438927901981268
[53 INFO root] -0.3111828565597534 0.05409727245569229 -1.8458589074240184
[53 INFO root] -0.3113737106323242 0.05342041328549385 -1.8482540556531726
[53 INFO root] -0.31154999136924744 0.05280083790421486 -1.8510435552141937
[53 INFO root] -0.3117121458053589 0.05223683640360832 -1.854197009485175
[53 INFO root] -0.3118607699871063 0.051725879311561584 -1.857685704777669
[53 INFO root] -0.31199660897254944 0.051264770328998566 -1.8614827147185151
[53 INFO root] -0.31212055683135986 0.05084988474845886 -1.8655637896476185
[53 INFO root] -0.31223347783088684 0.05047735571861267 -1.869907845484947
[53 INFO root] -0.3123363256454468 0.05014326423406601 -1.8744970325320365
[53 INFO root] -0.3124299943447113 0.04984376206994057 -1.8793165042621143
[53 INFO root] -0.3125154376029968 0.04957517981529236 -1.8843537598255746
[53 INFO root] -0.3125934898853302 0.049334071576595306 -1.889598020657092
[53 INFO root] -0.3126648962497711 0.04911724850535393 -1.895039679353974
[53 INFO root] -0.31273049116134644 0.048921771347522736 -1.900669793334364
[53 INFO root] -0.3127909004688263 0.04874493181705475 -1.906479631522912
[53 INFO root] -0.3128468692302704 0.0485842227935791 -1.9124602837685274
[53 INFO root] -0.31289899349212646 0.04843730852007866 -1.9186023365758613
[53 INFO root] -0.31294795870780945 0.048301998525857925 -1.9248956152239767
[53 INFO root] -0.3129943609237671 0.04817621037364006 -1.9313289909878917
[53 INFO root] -0.3130388557910919 0.048057954758405685 -1.9378902517667487
[53 INFO root] -0.3130820691585541 0.04794531315565109 -1.9445660342064046
[53 INFO root] -0.3131246864795685 0.04783641919493675 -1.9513418150008144
[53 INFO root] -0.31316739320755005 0.04772945120930672 -1.9582019583229142
[53 INFO root] -0.3132109045982361 0.04762263968586922 -1.9651298152793986
[53 INFO root] -0.3132559061050415 0.04751424491405487 -1.9721078700005832
[53 INFO root] -0.3133032023906708 0.04740259051322937 -1.9791179256093658
[53 INFO root] -0.3133535385131836 0.04728604480624199 -1.9861413220224406
[53 INFO root] -0.31340768933296204 0.047163043171167374 -1.9931591764784138
[53 INFO root] -0.3134664297103882 0.04703211039304733 -2.0001526369951694
[53 INFO root] -0.313546359539032 0.04685728996992111 -2.0085808606987805
[53 INFO root] -0.3136521875858307 0.04663078859448433 -2.0188478766566154
[53 INFO root] -0.3137829601764679 0.046358127146959305 -2.030830980764515
[53 INFO root] -0.3139376938343048 0.046045027673244476 -2.044371370743021
[53 INFO root] -0.31411588191986084 0.04569625481963158 -2.059320481801123
[53 INFO root] -0.31431740522384644 0.04531583935022354 -2.0755390348307783
[53 INFO root] -0.31454232335090637 0.04490724951028824 -2.0928955042679114
[53 INFO root] -0.31479090452194214 0.0444735586643219 -2.111264541840747
[53 INFO root] -0.3150634467601776 0.04401757940649986 -2.130525519047597
[53 INFO root] -0.31536024808883667 0.04354194551706314 -2.1505613181242254
[53 INFO root] -0.3156815767288208 0.043049197643995285 -2.1712574605967854
[53 INFO root] -0.31602755188941956 0.042541809380054474 -2.1925016132266184
[53 INFO root] -0.3163982033729553 0.04202223941683769 -2.214183461636216
[53 INFO root] -0.31679338216781616 0.04149290919303894 -2.236195001706867
[53 INFO root] -0.3172127306461334 0.04095620661973953 -2.2584310131347816
[53 INFO root] -0.3176557421684265 0.040414437651634216 -2.2807893720707137
[53 INFO root] -0.3181217908859253 0.03986983373761177 -2.303171563593023
[53 INFO root] -0.31860998272895813 0.03932450711727142 -2.3254833157708634
[53 INFO root] -0.3191193640232086 0.03878045082092285 -2.347635168120919
[53 INFO root] -0.319648802280426 0.0382394902408123 -2.369542975159509
[53 INFO root] -0.32019713521003723 0.037703290581703186 -2.3911283380347155
[53 INFO root] -0.3207630515098572 0.03717334568500519 -2.412319915100639
[53 INFO root] -0.32134512066841125 0.03665098920464516 -2.4330547358781858
[53 INFO root] -0.32194194197654724 0.03613736853003502 -2.453277852254147
[53 INFO root] -0.3225521743297577 0.0356333889067173 -2.4729414256863276
[53 INFO root] -0.32317453622817993 0.035139717161655426 -2.4920038360366976
[53 INFO root] -0.32380783557891846 0.034656770527362823 -2.510428923351586
[53 INFO root] -0.32445117831230164 0.03418473154306412 -2.5281853792658886
[53 INFO root] -0.3251037895679474 0.03372356295585632 -2.5452462854105145
[53 INFO root] -0.32576510310173035 0.03327302634716034 -2.5615887867759484
[53 INFO root] -0.32643479108810425 0.032832708209753036 -2.5771938815419086
[53 INFO root] -0.32711270451545715 0.03240204602479935 -2.5920463050110296
[53 INFO root] -0.3277989327907562 0.03198033198714256 -2.6061344836017666
[53 INFO root] -0.3284938335418701 0.03156675770878792 -2.61945053447589
[53 INFO root] -0.32919785380363464 0.031160416081547737 -2.631990286616852
[53 INFO root] -0.3299116790294647 0.03076034039258957 -2.6437532995090725
[53 INFO root] -0.3306361138820648 0.030365508049726486 -2.6547428561623896
[53 INFO root] -0.33137211203575134 0.029974879696965218 -2.6649659087973108
[53 INFO root] -0.3321206867694855 0.029587410390377045 -2.674432957283127
[53 INFO root] -0.3328828811645508 0.029202062636613846 -2.6831562529599675
[53 INFO root] -0.33365997672080994 0.028817739337682724 -2.6911422531067952
[53 INFO root] -0.3344530761241913 0.028433404862880707 -2.6984016520472958
[53 INFO root] -0.3352632522583008 0.028048118576407433 -2.704951472968434
[53 INFO root] -0.3360949158668518 0.027659345418214798 -2.7106011810831268
[53 INFO root] -0.3369489014148712 0.02726609818637371 -2.715291412963278
[53 INFO root] -0.33782288432121277 0.026868686079978943 -2.719096910488068
[53 INFO root] -0.3387143611907959 0.02646751143038273 -2.722100262745211
[53 INFO root] -0.33962079882621765 0.026062948629260063 -2.7243767279056477
[53 INFO root] -0.340539813041687 0.0256553553044796 -2.7259939792688686
[53 INFO root] -0.3414691388607025 0.025245070457458496 -2.727012176037458
[53 INFO root] -0.3424065113067627 0.02483242005109787 -2.7274841896668964
[53 INFO root] -0.34334996342658997 0.024417702108621597 -2.727455977843542
[53 INFO root] -0.3442975580692291 0.024001190438866615 -2.7269670889374233
[53 INFO root] -0.3452475368976593 0.02358311600983143 -2.7260512718630547
[53 INFO root] -0.3461983799934387 0.023163672536611557 -2.7247371623436156
[53 INFO root] -0.34714874625205994 0.022742995992302895 -2.723049247509643
[53 INFO root] -0.3480989933013916 0.022320490330457687 -2.7210206047530643
[53 INFO root] -0.34905409812927246 0.021893536671996117 -2.718723574178246
[53 INFO root] -0.35001057386398315 0.02146337553858757 -2.716336498117227
[53 INFO root] -0.35095924139022827 0.02103399857878685 -2.713628044389982
[53 INFO root] -0.3518425226211548 0.02063140459358692 -2.708143517327285
[53 INFO root] -0.35266274213790894 0.020252376794815063 -2.699773657638073
[53 INFO root] -0.35342904925346375 0.019890746101737022 -2.6886543774462845
[53 INFO root] -0.3541490435600281 0.01954137161374092 -2.6748717628220775
[53 INFO root] -0.3548298180103302 0.019199596717953682 -2.658501282058299
[53 INFO root] -0.3554779291152954 0.01886102929711342 -2.639617575863778
[53 INFO root] -0.3561009168624878 0.018520664423704147 -2.6183148599328083
[53 INFO root] -0.35671624541282654 0.018167398869991302 -2.594847413805591
[53 INFO root] -0.3573281764984131 0.01779690757393837 -2.56934164986114
[53 INFO root] -0.35793840885162354 0.017406003549695015 -2.541907787141639
[53 INFO root] -0.35854801535606384 0.016991637647151947 -2.512658741193859
[53 INFO root] -0.3591575622558594 0.016550874337553978 -2.481710501618194
[53 INFO root] -0.3597670793533325 0.01608090288937092 -2.4491821296565734
[53 INFO root] -0.3603760600090027 0.01557906623929739 -2.41519572900772
[53 INFO root] -0.36098361015319824 0.015042885206639767 -2.3798763976306287
[53 INFO root] -0.36158835887908936 0.014470105059444904 -2.343352160695833
[53 INFO root] -0.3621884882450104 0.013858725316822529 -2.3057538960401467
[53 INFO root] -0.3627818822860718 0.013207051903009415 -2.2672152816414264
[53 INFO root] -0.3633660674095154 0.012513731606304646 -2.227872813522785
[53 INFO root] -0.3639383018016815 0.01177779771387577 -2.1878659320870915
[53 INFO root] -0.3644956350326538 0.010998702608048916 -2.14733735357631
[53 INFO root] -0.3650349974632263 0.010176359675824642 -2.1064336990093753
[53 INFO root] -0.36555320024490356 0.009311167523264885 -2.0653064438267807
[53 INFO root] -0.366047739982605 0.00840272381901741 -2.024097193790681
[53 INFO root] -0.3665269911289215 0.007428658194839954 -1.982734514971662
[53 INFO root] -0.3669876456260681 0.006385670974850655 -1.941394895408969
[53 INFO root] -0.36742478609085083 0.005273670889437199 -1.9003088616172263
[53 INFO root] -0.36783355474472046 0.004093619529157877 -1.8597370873275856
[53 INFO root] -0.36820921301841736 0.002847714815288782 -1.8199659585751076
[53 INFO root] -0.3685474693775177 0.001539513934403658 -1.7812997813337617
[53 INFO root] -0.368844598531723 0.00017397144983988255 -1.7440509220551408
[53 INFO root] -0.36909782886505127 -0.001242630765773356 -1.708528635897031
[53 INFO root] -0.36930540204048157 -0.0027028624899685383 -1.6750274733674713
[53 INFO root] -0.3694668114185333 -0.004198422655463219 -1.6438163549713742
[53 INFO root] -0.3695828914642334 -0.005720487795770168 -1.6151293130565427
[53 INFO root] -0.369655579328537 -0.007260094862431288 -1.5891585756841664
[53 INFO root] -0.3696880042552948 -0.008808517828583717 -1.566050841877459
[53 INFO root] -0.36968424916267395 -0.010357598774135113 -1.5459065052314918
[53 INFO root] -0.3696489632129669 -0.011900010518729687 -1.528781369946044
[53 INFO root] -0.3695873022079468 -0.013429437763988972 -1.5146904445569178
[53 INFO root] -0.369505912065506 -0.014917079359292984 -1.5029512092540187
[53 INFO root] -0.3694106340408325 -0.016345186159014702 -1.493027820140905
[53 INFO root] -0.3693053722381592 -0.01771409623324871 -1.4848178552736286
[53 INFO root] -0.3691933751106262 -0.01902645081281662 -1.478268159109112
[53 INFO root] -0.3690774440765381 -0.02028513513505459 -1.473326867875862
[53 INFO root] -0.3689599633216858 -0.021493181586265564 -1.4699433860648823
[53 INFO root] -0.3688429296016693 -0.022653728723526 -1.468068138508792
[53 INFO root] -0.36872807145118713 -0.023769967257976532 -1.4676519865681665
[53 INFO root] -0.36861681938171387 -0.02484511397778988 -1.4686461723517668
[53 INFO root] -0.3685103952884674 -0.025882408022880554 -1.4710023069382534
[53 INFO root] -0.36840975284576416 -0.02688508853316307 -1.4746721638456866
[53 INFO root] -0.368315726518631 -0.027856389060616493 -1.4796072529099566
[53 INFO root] -0.3682290017604828 -0.028799520805478096 -1.4857581938938975
[53 INFO root] -0.36815014481544495 -0.029717663303017616 -1.4930739256435797
[53 INFO root] -0.36807966232299805 -0.030613938346505165 -1.5015007997590215
[53 INFO root] -0.3680180013179779 -0.03149139881134033 -1.5109816176871878
[53 INFO root] -0.3679654002189636 -0.03235601261258125 -1.5213022731078738
[53 INFO root] -0.36792153120040894 -0.03322342783212662 -1.5317089970629472
[53 INFO root] -0.3678865432739258 -0.0340951606631279 -1.542068179725155
[53 INFO root] -0.36786046624183655 -0.034970954060554504 -1.5523235663639767
[53 INFO root] -0.3678433299064636 -0.035850606858730316 -1.5624264731951993
[53 INFO root] -0.36783504486083984 -0.03673397749662399 -1.5723363059708035
[53 INFO root] -0.36783552169799805 -0.03762100264430046 -1.5820204377438003
[53 INFO root] -0.36784467101097107 -0.038511697202920914 -1.5914540842459075
[53 INFO root] -0.3678623139858246 -0.0394061803817749 -1.600620153333429
[53 INFO root] -0.36788830161094666 -0.040304675698280334 -1.6095090440203363
[53 INFO root] -0.36792245507240295 -0.041207510977983475 -1.6181183783603146
[53 INFO root] -0.36796465516090393 -0.04211510345339775 -1.6264523148970385
[53 INFO root] -0.36801478266716003 -0.043028224259614944 -1.6345295053373798
[53 INFO root] -0.3680727183818817 -0.04394792392849922 -1.6423828928095539
[53 INFO root] -0.36813849210739136 -0.0448751263320446 -1.6500436148617266
[53 INFO root] -0.3682120442390442 -0.04581049457192421 -1.657533570120337
[53 INFO root] -0.368293434381485 -0.04675440490245819 -1.664865219718169
[53 INFO root] -0.3683825433254242 -0.04770621284842491 -1.6719903235900901
[53 INFO root] -0.3684791922569275 -0.048664771020412445 -1.6788371350639832
[53 INFO root] -0.368583083152771 -0.04962879791855812 -1.6853382395689829
[53 INFO root] -0.36869382858276367 -0.05059703812003136 -1.691436344279404
[53 INFO root] -0.3688109815120697 -0.05156828463077545 -1.697085667057809
[53 INFO root] -0.3689339756965637 -0.05254145711660385 -1.7022529149798673
[53 INFO root] -0.36906227469444275 -0.05351565405726433 -1.706918102493747
[53 INFO root] -0.36919528245925903 -0.05449018254876137 -1.7110752061245103
[53 INFO root] -0.36933252215385437 -0.055465035140514374 -1.7147487708433136
[53 INFO root] -0.3694736957550049 -0.056441329419612885 -1.718011324446408
[53 INFO root] -0.36961856484413147 -0.05742049217224121 -1.720951279704081
[53 INFO root] -0.36976706981658936 -0.05840403586626053 -1.723664216741563
[53 INFO root] -0.3699192404747009 -0.05939355492591858 -1.7262522948099481
[53 INFO root] -0.3700752556324005 -0.06039072945713997 -1.7288236987017582
[53 INFO root] -0.370235413312912 -0.06139732897281647 -1.7314916217119933
[53 INFO root] -0.3704001307487488 -0.06241520121693611 -1.7343727015730688
[53 INFO root] -0.3705497980117798 -0.06332377344369888 -1.7385675448041513
[53 INFO root] -0.3706841766834259 -0.06411951035261154 -1.7446467237294232
[53 INFO root] -0.3708072006702423 -0.06482278555631638 -1.7530387014259445
[53 INFO root] -0.3709191381931305 -0.06543350219726562 -1.7660929282397309
[53 INFO root] -0.3710249662399292 -0.06597254425287247 -1.784044398979107
[53 INFO root] -0.3711308240890503 -0.06646600365638733 -1.8062562679306047
[53 INFO root] -0.37124103307724 -0.06693015992641449 -1.8325511574709774
[53 INFO root] -0.371359646320343 -0.0673777312040329 -1.8627974360311501
[53 INFO root] -0.37148457765579224 -0.06779824942350388 -1.8960051322924287
[53 INFO root] -0.37161892652511597 -0.06820117682218552 -1.9320056011429318
[53 INFO root] -0.37176668643951416 -0.06859664618968964 -1.9707224951771114
[53 INFO root] -0.37193232774734497 -0.06899270415306091 -2.0120657913295146
[53 INFO root] -0.37212058901786804 -0.06939545273780823 -2.055923397614624
[53 INFO root] -0.3723364770412445 -0.06980917602777481 -2.1021530714269283
[53 INFO root] -0.3725850284099579 -0.07023634761571884 -2.1505755103550066
[53 INFO root] -0.37287113070487976 -0.07067764550447464 -2.200969591694469
[53 INFO root] -0.3731991648674011 -0.07113189250230789 -2.2530705291049364
[53 INFO root] -0.37357252836227417 -0.07159611582756042 -2.3065713481620693
[53 INFO root] -0.3739936351776123 -0.07206600904464722 -2.3611997762014703
[53 INFO root] -0.37446361780166626 -0.07253620028495789 -2.4166714942373373
[53 INFO root] -0.37498199939727783 -0.07300034165382385 -2.4726554904269156
[53 INFO root] -0.37554624676704407 -0.07345137000083923 -2.528783724635689
[53 INFO root] -0.3761517107486725 -0.07388204336166382 -2.5846700538802865
[53 INFO root] -0.37679171562194824 -0.07428546994924545 -2.6399287001470677
[53 INFO root] -0.37745794653892517 -0.07465565204620361 -2.694190523355893
[53 INFO root] -0.3781408965587616 -0.07498795539140701 -2.7471162773757403
[53 INFO root] -0.37883129715919495 -0.07527971267700195 -2.7983952045485223
[53 INFO root] -0.37952008843421936 -0.07552992552518845 -2.847737501018909
[53 INFO root] -0.3801983892917633 -0.07573895156383514 -2.8948792507073646
[53 INFO root] -0.38085776567459106 -0.07590845227241516 -2.93959006029202
[53 INFO root] -0.3814909756183624 -0.07604122161865234 -2.9816801306852465
[53 INFO root] -0.38209229707717896 -0.07614095509052277 -3.0209740152677473
[53 INFO root] -0.382657915353775 -0.07621190696954727 -3.057292883322451
[53 INFO root] -0.38318589329719543 -0.076258584856987 -3.0904854622939304
[53 INFO root] -0.38367608189582825 -0.07628540694713593 -3.120438560482847
[53 INFO root] -0.38412997126579285 -0.07629647105932236 3.1361056134457366
[53 INFO root] -0.384550541639328 -0.07629536092281342 3.1128084898000457
[53 INFO root] -0.3849758803844452 -0.07628408819437027 3.0920668740979727
[53 INFO root] -0.38541358709335327 -0.07626327872276306 3.073734242084778
[53 INFO root] -0.3858649730682373 -0.07623340934515 3.0577604895179338
[53 INFO root] -0.3863312005996704 -0.07619495689868927 3.0440695882893074
[53 INFO root] -0.38681331276893616 -0.07614843547344208 3.0325559081361404
[53 INFO root] -0.38731205463409424 -0.07609440386295319 3.0230912808393997
[53 INFO root] -0.38782772421836853 -0.07603348791599274 3.0155327620265577
[53 INFO root] -0.38836002349853516 -0.07596642524003983 3.0097292874458197
[53 INFO root] -0.38890811800956726 -0.07589404284954071 3.005526900220114
[53 INFO root] -0.38947048783302307 -0.0758172869682312 3.00277255374265
[53 INFO root] -0.39004507660865784 -0.07573715597391129 3.001316668674122
[53 INFO root] -0.39062947034835815 -0.07565473020076752 3.0010146878507302
[53 INFO root] -0.3912208080291748 -0.07557106763124466 3.0017279034613353
[53 INFO root] -0.3918161392211914 -0.07548720389604568 3.0033242372649487
[53 INFO root] -0.3924124538898468 -0.07540412992238998 3.005678183517461
[53 INFO root] -0.3930068612098694 -0.0753226950764656 3.008670642194059
[53 INFO root] -0.3935966491699219 -0.07524365931749344 3.0121907013484877
[53 INFO root] -0.3941795825958252 -0.07516758888959885 3.0161314374800807
[53 INFO root] -0.39475396275520325 -0.07509490847587585 3.0203895162462917
[53 INFO root] -0.3953186571598053 -0.07502588629722595 3.0248664832235685
[53 INFO root] -0.3958873748779297 -0.07495894283056259 3.0301128064941887
[53 INFO root] -0.3964754343032837 -0.0748928114771843 3.0366068269649875
[53 INFO root] -0.3970802128314972 -0.07482869178056717 3.0431026361739995
[53 INFO root] -0.3976990580558777 -0.07476714998483658 3.0494877720799014
[53 INFO root] -0.39832988381385803 -0.0747084841132164 3.055790515115944
[53 INFO root] -0.39897096157073975 -0.07465294003486633 3.062035283354093
[53 INFO root] -0.39962077140808105 -0.07460072636604309 3.0682436494548355
[53 INFO root] -0.4002780616283417 -0.074552021920681 3.074435017162923
[53 INFO root] -0.4009416997432709 -0.074506975710392 3.0806272376798827
[53 INFO root] -0.4016106426715851 -0.07446572929620743 3.0868371742382243
[53 INFO root] -0.40228399634361267 -0.07442840933799744 3.0930812154101672
[53 INFO root] -0.402960866689682 -0.07439512759447098 3.099375731046509
[53 INFO root] -0.40364038944244385 -0.074365995824337 3.1057374596166905
[53 INFO root] -0.4043217897415161 -0.07434111833572388 3.1121838129354713
[53 INFO root] -0.40500423312187195 -0.07432060688734055 3.118733084575852
[53 INFO root] -0.4056869149208069 -0.07430455088615417 3.125404552052591
[53 INFO root] -0.40636906027793884 -0.07429304718971252 3.1322187041278915
[53 INFO root] -0.40704989433288574 -0.07428620010614395 3.1391974205131645
[53 INFO root] -0.40772855281829834 -0.07428409904241562 -3.1368214124240255
[53 INFO root] -0.40840432047843933 -0.07428684085607529 -3.1294429578668206
[53 INFO root] -0.409076452255249 -0.07429450750350952 -3.12182769152659
[53 INFO root] -0.4097442924976349 -0.07430719584226608 -3.1139506666111307
[53 INFO root] -0.41040727496147156 -0.07432500272989273 -3.1057873330333545
[53 INFO root] -0.41106492280960083 -0.07434801757335663 -3.0973140225222027
[53 INFO root] -0.41171690821647644 -0.07437634468078613 -3.0885083770256627
[53 INFO root] -0.4123629927635193 -0.0744101032614708 -3.079349708687374
[53 INFO root] -0.4130030870437622 -0.07444939762353897 -3.0698192975499525
[53 INFO root] -0.4136372208595276 -0.0744943842291832 -3.059900648749476
[53 INFO root] -0.41426557302474976 -0.07454519718885422 -3.0495804679367393
[53 INFO root] -0.41488853096961975 -0.07460202276706696 -3.0388493646140136
[53 INFO root] -0.4155065417289734 -0.07466506958007812 -3.027701657619084
[53 INFO root] -0.4161202013492584 -0.07473456859588623 -3.0161349638066413
[53 INFO root] -0.41673022508621216 -0.07481078058481216 -3.004149851178424
[53 INFO root] -0.41733723878860474 -0.0748940035700798 -2.9917489159647332
[53 INFO root] -0.41794201731681824 -0.07498454302549362 -2.9789361053170467
[53 INFO root] -0.41854527592658997 -0.07508274167776108 -2.96571680684428
[53 INFO root] -0.41914767026901245 -0.07518897205591202 -2.9520981489871185
[53 INFO root] -0.4197499454021454 -0.07530364394187927 -2.9380892428105323
[53 INFO root] -0.42035284638404846 -0.07542717456817627 -2.9237013854096734
[53 INFO root] -0.4209570288658142 -0.07556004077196121 -2.9089482482538416
[53 INFO root] -0.42156317830085754 -0.0757027193903923 -2.893846050554773
[53 INFO root] -0.42217200994491577 -0.07585575431585312 -2.8784137146151956
[53 INFO root] -0.4227841794490814 -0.07601968199014664 -2.862673002113291
[53 INFO root] -0.42340025305747986 -0.07619507610797882 -2.846648633869235
[53 INFO root] -0.4240208566188812 -0.07638254761695862 -2.830368398308476
[53 INFO root] -0.4246465265750885 -0.07658270001411438 -2.8138632503733847
[53 INFO root] -0.4252777099609375 -0.07679615169763565 -2.797167406482299
[53 INFO root] -0.4259148836135864 -0.07702353596687317 -2.780318443761558
[53 INFO root] -0.42655840516090393 -0.07726547867059708 -2.76335741099716
[53 INFO root] -0.4272085726261139 -0.07752257585525513 -2.746328954992024
[53 INFO root] -0.4278656542301178 -0.07779543101787567 -2.729281459280902
[53 INFO root] -0.4285297989845276 -0.07808458805084229 -2.7122671827477824
[53 INFO root] -0.4292011559009552 -0.07839058339595795 -2.695342374465969
[53 INFO root] -0.4298797845840454 -0.07871387153863907 -2.678567329522343
[53 INFO root] -0.43056565523147583 -0.07905486226081848 -2.6620063407159593
[53 INFO root] -0.4312587082386017 -0.07941387593746185 -2.6457274951789977
[53 INFO root] -0.4319588243961334 -0.07979115098714828 -2.6298022654915947
[53 INFO root] -0.43266579508781433 -0.08018682152032852 -2.6143048536100553
[53 INFO root] -0.4333794414997101 -0.08060090243816376 -2.5993112634804527
[53 INFO root] -0.4340994656085968 -0.08103328943252563 -2.5848981032061014
[53 INFO root] -0.4348255395889282 -0.08148374408483505 -2.571141145896828
[53 INFO root] -0.43555736541748047 -0.08195187896490097 -2.558113705458799
[53 INFO root] -0.4362945258617401 -0.0824371725320816 -2.5458848335118907
[53 INFO root] -0.4370367228984833 -0.08293896168470383 -2.5345175735511756
[53 INFO root] -0.4377835988998413 -0.08345647156238556 -2.5240684676933465
[53 INFO root] -0.43853482604026794 -0.08398881554603577 -2.514589166814064
[53 INFO root] -0.43929019570350647 -0.08453503251075745 -2.5061242224931144
[53 INFO root] -0.44004949927330017 -0.08509406447410583 -2.4987074133690568
[53 INFO root] -0.4408126175403595 -0.0856647863984108 -2.492357522430408
[53 INFO root] -0.4415793716907501 -0.08624599874019623 -2.4870747148065724
[53 INFO root] -0.4423496723175049 -0.08683644980192184 -2.4828379115360812
[53 INFO root] -0.44312340021133423 -0.08743487298488617 -2.479603118223425
[53 INFO root] -0.44390037655830383 -0.08803997188806534 -2.4773012490617172
[53 INFO root] -0.44468042254447937 -0.08865046501159668 -2.4758399423489954
[53 INFO root] -0.4454633295536041 -0.0892651304602623 -2.475108283859381
[53 INFO root] -0.44624873995780945 -0.08988281339406967 -2.4749831471705277
[53 INFO root] -0.447034627199173 -0.09050110727548599 -2.4749765744369046
[53 INFO root] -0.4478205442428589 -0.0911194309592247 -2.4749765744369046
[53 INFO root] -0.4486064910888672 -0.091737762093544 -2.4749765744369046
[53 INFO root] -0.4493924081325531 -0.09235609322786331 -2.4749765744369046
[53 INFO root] -0.450178325176239 -0.09297442436218262 -2.4749765744369046
[53 INFO root] -0.4509642422199249 -0.09359275549650192 -2.4749765744369046
[53 INFO root] -0.45175015926361084 -0.09421108663082123 -2.4749765744369046
[53 INFO root] -0.45253607630729675 -0.09482941031455994 -2.4749765744369046
[53 INFO root] -0.45332199335098267 -0.09544774144887924 -2.4749765744369046
[53 INFO root] -0.4541079103946686 -0.09606607258319855 -2.4749765744369046
[53 INFO root] -0.4548938274383545 -0.09668440371751785 -2.4749765744369046
[53 INFO root] -0.4556797444820404 -0.09730273485183716 -2.4749765744369046
[53 INFO root] -0.4564656615257263 -0.09792106598615646 -2.4749765744369046
[53 INFO root] -0.45725157856941223 -0.09853939712047577 -2.4749765744369046
[53 INFO root] -0.4580373167991638 -0.09915759414434433 -2.4749323121906524
[53 INFO root] -0.4588225483894348 -0.09977541863918304 -2.474751962122369
[53 INFO root] -0.45960715413093567 -0.10039297491312027 -2.474426911271349
[53 INFO root] -0.4603910446166992 -0.10101037472486496 -2.473955685243976
[53 INFO root] -0.4611741602420807 -0.10162773728370667 -2.473333602025653
[53 INFO root] -0.4619564116001129 -0.10224516689777374 -2.472552562493873
[53 INFO root] -0.46273764967918396 -0.10286279767751694 -2.471601556647291
[53 INFO root] -0.46351778507232666 -0.10348072648048401 -2.470467454051592
[53 INFO root] -0.4642966687679291 -0.1040990948677063 -2.4691358391337612
[53 INFO root] -0.46507421135902405 -0.10471804440021515 -2.4675918166445303
[53 INFO root] -0.46585020422935486 -0.10533769428730011 -2.4658055122176656
[53 INFO root] -0.46662449836730957 -0.1059582307934761 -2.463749872226839
[53 INFO root] -0.46739694476127625 -0.10657986998558044 -2.4614073108965
[53 INFO root] -0.4681527316570282 -0.10719097405672073 -2.4596202665720273
[53 INFO root] -0.46887463331222534 -0.10777689516544342 -2.4584016327873948
[53 INFO root] -0.4695623815059662 -0.10833653807640076 -2.4576264335843385
[53 INFO root] -0.47021663188934326 -0.10886983573436737 -2.4570930325935225
[53 INFO root] -0.47083812952041626 -0.10937700420618057 -2.456626475415728
[53 INFO root] -0.4714277684688568 -0.10985863208770752 -2.456098121055792
[53 INFO root] -0.4719866216182709 -0.11031561344861984 -2.4554187155933125
[53 INFO root] -0.47251594066619873 -0.1107490137219429 -2.4545304054626302
[53 INFO root] -0.47301703691482544 -0.1111600399017334 -2.453399903391277
[53 INFO root] -0.4734913408756256 -0.11154995858669281 -2.4520128454557866
[53 INFO root] -0.47394025325775146 -0.11192004382610321 -2.450369274946829
[53 INFO root] -0.4743652641773224 -0.11227156221866608 -2.448480089891973
[53 INFO root] -0.4747677743434906 -0.1126057580113411 -2.4463643243877438
[53 INFO root] -0.4751492142677307 -0.11292380094528198 -2.4440471786811626
[53 INFO root] -0.47551095485687256 -0.11322683095932007 -2.4415587296219683
[53 INFO root] -0.4758543074131012 -0.11351589858531952 -2.4389332575205893
[53 INFO root] -0.4761805832386017 -0.11379202455282211 -2.436209121912913
[53 INFO root] -0.47649094462394714 -0.11405616998672485 -2.433429103966471
[53 INFO root] -0.47678667306900024 -0.11430925130844116 -2.430641109351502
[53 INFO root] -0.4770689010620117 -0.11455216258764267 -2.4279052258577156
[53 INFO root] -0.4773388206958771 -0.11478577554225922 -2.425290856092561
[53 INFO root] -0.47759759426116943 -0.11501093208789825 -2.4228758092478997
[53 INFO root] -0.4778464436531067 -0.11522851139307022 -2.4207467545440164
[53 INFO root] -0.47808653116226196 -0.11543935537338257 -2.418999363181349
[53 INFO root] -0.47831910848617554 -0.11564433574676514 -2.4177377648141674
[53 INFO root] -0.4785454273223877 -0.11584432423114777 -2.4170732567057382
[53 INFO root] -0.4787667393684387 -0.1160401850938797 -2.4171222426477583
[53 INFO root] -0.47898438572883606 -0.11623281240463257 -2.418003391009042
[53 INFO root] -0.47919970750808716 -0.11642306298017502 -2.419834040677097
[53 INFO root] -0.47941407561302185 -0.11661181598901749 -2.422725931909878
[53 INFO root] -0.47962892055511475 -0.11679993569850922 -2.4267804043578085
[53 INFO root] -0.47984573245048523 -0.11698826402425766 -2.432083295367913
[53 INFO root] -0.4800660312175751 -0.11717762053012848 -2.43869987960987
[53 INFO root] -0.48029130697250366 -0.11736873537302017 -2.4466702233438533
[53 INFO root] -0.48052293062210083 -0.11756214499473572 -2.4560053098754295
[53 INFO root] -0.48076215386390686 -0.11775817722082138 -2.4666849158186284
[53 INFO root] -0.48100998997688293 -0.11795695126056671 -2.478657347051032
[53 INFO root] -0.4812672734260559 -0.11815831810235977 -2.491842086091712
[53 INFO root] -0.48153451085090637 -0.11836189776659012 -2.5061339328084835
[53 INFO root] -0.48181191086769104 -0.1185670867562294 -2.5214089347817943
[53 INFO root] -0.4820994436740875 -0.11877309530973434 -2.5375319434480694
[53 INFO root] -0.4823967218399048 -0.11897893995046616 -2.554345246590164
[53 INFO root] -0.4827030897140503 -0.11918357759714127 -2.571683561727363
[53 INFO root] -0.48301613330841064 -0.11938495188951492 -2.5890517061915426
[53 INFO root] -0.4833342432975769 -0.11958186328411102 -2.6062049589311824
[53 INFO root] -0.48365628719329834 -0.11977364122867584 -2.6230180983947866
[53 INFO root] -0.4839814007282257 -0.11995990574359894 -2.6393970415926478
[53 INFO root] -0.4843089282512665 -0.1201404556632042 -2.6552709445126035
[53 INFO root] -0.48463836312294006 -0.12031529098749161 -2.670590297573399
[53 INFO root] -0.48496949672698975 -0.12048455327749252 -2.6853240819579547
[53 INFO root] -0.48530226945877075 -0.12064849585294724 -2.6994564549154747
[53 INFO root] -0.48563677072525024 -0.12080743163824081 -2.7129833399635803
[53 INFO root] -0.48597317934036255 -0.12096168845891953 -2.7259091875719026
[53 INFO root] -0.486311674118042 -0.12111163139343262 -2.738243983768582
[53 INFO root] -0.48665252327919006 -0.12125758081674576 -2.750000006690536
[53 INFO root] -0.4869958758354187 -0.12139983475208282 -2.7611896640216793
[53 INFO root] -0.48734188079833984 -0.12153863906860352 -2.771824158182459
[53 INFO root] -0.4876905679702759 -0.12167421728372574 -2.781912628478334
[53 INFO root] -0.48804187774658203 -0.12180673331022263 -2.7914616317309657
[53 INFO root] -0.48839566111564636 -0.12193630635738373 -2.800474891335949
[53 INFO root] -0.4887516498565674 -0.1220630332827568 -2.808953264198532
[53 INFO root] -0.4891093969345093 -0.12218696624040604 -2.8168948833960807
[53 INFO root] -0.48946839570999146 -0.12230813503265381 -2.824295437647938
[53 INFO root] -0.4898279905319214 -0.12242651730775833 -2.8311485494748525
[53 INFO root] -0.490187406539917 -0.12254209071397781 -2.8374462147532773
[53 INFO root] -0.49054574966430664 -0.12265481799840927 -2.8431792692023192
[53 INFO root] -0.49090197682380676 -0.12276461720466614 -2.8483378527711465
[53 INFO root] -0.4912826716899872 -0.12287977337837219 -2.8511396950473746
[53 INFO root] -0.4916863441467285 -0.12300054728984833 -2.8512621420872732
[53 INFO root] -0.49210527539253235 -0.12312571704387665 -2.848793163040308
[53 INFO root] -0.49253326654434204 -0.12325463443994522 -2.8438450176435848
[53 INFO root] -0.49296578764915466 -0.12338712811470032 -2.836524592140164
[53 INFO root] -0.49339941143989563 -0.12352333217859268 -2.8269314603921134
[53 INFO root] -0.49383169412612915 -0.12366356700658798 -2.8151570769216923
[53 INFO root] -0.4942607879638672 -0.12380827218294144 -2.8012845019345805
[53 INFO root] -0.49468544125556946 -0.12395796924829483 -2.7853884683952344
[53 INFO root] -0.49511900544166565 -0.12411852180957794 -2.767822294715316
[53 INFO root] -0.4955853819847107 -0.12430056929588318 -2.7492303880493187
[53 INFO root] -0.4960811138153076 -0.1245046854019165 -2.7298104971565658
[53 INFO root] -0.4966000020503998 -0.1247301697731018 -2.7096922621167954
[53 INFO root] -0.49713683128356934 -0.12497634440660477 -2.6889849869052425
[53 INFO root] -0.49768707156181335 -0.12524256110191345 -2.6677791434625946
[53 INFO root] -0.4982469379901886 -0.12552817165851593 -2.6461483545275715
[53 INFO root] -0.49881303310394287 -0.12583254277706146 -2.6241512990649083
[53 INFO root] -0.49938249588012695 -0.1261550486087799 -2.601833589732154
[53 INFO root] -0.49995294213294983 -0.12649507820606232 -2.579229647882163
[53 INFO root] -0.500522255897522 -0.1268521100282669 -2.556364585198308
[53 INFO root] -0.5010886788368225 -0.1272256225347519 -2.5332560919957494
[53 INFO root] -0.5016508102416992 -0.12761521339416504 -2.50991555344315
[53 INFO root] -0.5022073984146118 -0.1280204951763153 -2.4863492954031496
[53 INFO root] -0.5027574896812439 -0.12844118475914001 -2.4625605005969997
[53 INFO root] -0.5033003091812134 -0.12887714803218842 -2.4385513182008802
[53 INFO root] -0.5038353204727173 -0.12932835519313812 -2.4143248662376062
[53 INFO root] -0.5043621063232422 -0.12979494035243988 -2.3898870683303812
[53 INFO root] -0.5048804879188538 -0.13027717173099518 -2.365248230971428
[53 INFO root] -0.5053904056549072 -0.13077546656131744 -2.340424238579545
