[42 INFO root] Initialising Python Geth Console...
[42 INFO root] Initialising RandB board...
[42 INFO root] Initialising resource sensor...
[42 INFO root] Initialising random-walk...
[42 INFO root] Initialising navigation...
[42 INFO root] Initialising Odo...
[42 INFO root] Initialising odometry...
[42 INFO root] Initialising gps...
[42 INFO root] Initialising Ground sensor...
[42 INFO root] --//-- Starting Experiment --//--
[42 INFO root] x y direction
[42 INFO root] -0.2114119976758957 -0.687047004699707 -2.2035479938129208
[42 INFO root] -0.21162451803684235 -0.687336802482605 -2.1471000084846
[42 INFO root] -0.21191146969795227 -0.6877741813659668 -2.086649372757526
[42 INFO root] -0.21225367486476898 -0.6883710622787476 -2.032421733645903
[42 INFO root] -0.21262416243553162 -0.6891072392463684 -1.9852326808563379
[42 INFO root] -0.21300020813941956 -0.6899522542953491 -1.9452691731405907
[42 INFO root] -0.21336661279201508 -0.6908742785453796 -1.9120434776498498
[42 INFO root] -0.2137153297662735 -0.6918463110923767 -1.8848690208366026
[42 INFO root] -0.21404346823692322 -0.6928473711013794 -1.8630537476640685
[42 INFO root] -0.21435114741325378 -0.6938620209693909 -1.8459598555578571
[42 INFO root] -0.21464020013809204 -0.6948792338371277 -1.8330252523507289
[42 INFO root] -0.2149132788181305 -0.6958913207054138 -1.8237728866811285
[42 INFO root] -0.21517325937747955 -0.6968930959701538 -1.8178120045083925
[42 INFO root] -0.21542301774024963 -0.6978810429573059 -1.8148335287620205
[42 INFO root] -0.21566535532474518 -0.6988530158996582 -1.8145652042904135
[42 INFO root] -0.21590673923492432 -0.6998234391212463 -1.8145652042904135
[42 INFO root] -0.21614810824394226 -0.7007938623428345 -1.8145652042904135
[42 INFO root] -0.216389462351799 -0.7017643451690674 -1.8145652042904135
[42 INFO root] -0.21663083136081696 -0.7027347683906555 -1.8145652042904135
[42 INFO root] -0.2168721854686737 -0.7037051916122437 -1.8145652042904135
[42 INFO root] -0.21711355447769165 -0.7046756148338318 -1.8145652042904135
[42 INFO root] -0.2173549085855484 -0.7056460380554199 -1.8145652042904135
[42 INFO root] -0.21757858991622925 -0.7065454125404358 -1.8089500357696633
[42 INFO root] -0.21777407824993134 -0.7073484659194946 -1.7952512547620347
[42 INFO root] -0.21794049441814423 -0.7080723643302917 -1.7739351223082485
[42 INFO root] -0.21807941794395447 -0.7087391018867493 -1.7456236589264154
[42 INFO root] -0.2181929349899292 -0.7093707919120789 -1.7108159590367198
[42 INFO root] -0.21828241646289825 -0.7099897265434265 -1.669926991629757
[42 INFO root] -0.2183474898338318 -0.710618257522583 -1.6233245618056242
[42 INFO root] -0.21838515996932983 -0.71127849817276 -1.5713637093725263
[42 INFO root] -0.21838900446891785 -0.7119923830032349 -1.514420523736447
[42 INFO root] -0.2183486372232437 -0.7127805352210999 -1.452925985097197
[42 INFO root] -0.21824921667575836 -0.713661789894104 -1.387398880565944
[42 INFO root] -0.21807165443897247 -0.7146512866020203 -1.3184750065702062
[42 INFO root] -0.21779324114322662 -0.7157592177391052 -1.2469278379096222
[42 INFO root] -0.21738913655281067 -0.7169890403747559 -1.1736742184680289
[42 INFO root] -0.2168346792459488 -0.7183358073234558 -1.0997584263933238
[42 INFO root] -0.21610836684703827 -0.7197859883308411 -1.026310127794381
[42 INFO root] -0.21519483625888824 -0.7213177680969238 -0.954476063883058
[42 INFO root] -0.21408753097057343 -0.722903311252594 -0.8853353913928974
[42 INFO root] -0.212789848446846 -0.7245115041732788 -0.8198154777223824
[42 INFO root] -0.2113148421049118 -0.726111650466919 -0.7586248842481441
[42 INFO root] -0.20968323945999146 -0.7276765704154968 -0.7022172236307788
[42 INFO root] -0.20792067050933838 -0.729184627532959 -0.6507910118802133
[42 INFO root] -0.20605455338954926 -0.7306206226348877 -0.6043204189936953
[42 INFO root] -0.2041115164756775 -0.7319756150245667 -0.562607761299119
[42 INFO root] -0.20211564004421234 -0.733245849609375 -0.5253385372418288
[42 INFO root] -0.20008744299411774 -0.7344317436218262 -0.49213120922658965
[42 INFO root] -0.1980436146259308 -0.7355363368988037 -0.46257746948930245
[42 INFO root] -0.19599713385105133 -0.7365645170211792 -0.43627135880818213
[42 INFO root] -0.19395779073238373 -0.7375219464302063 -0.41282805519023935
[42 INFO root] -0.19193264842033386 -0.7384147047996521 -0.39189442078222086
[42 INFO root] -0.1899266093969345 -0.7392487525939941 -0.3731536129647967
[42 INFO root] -0.1879429668188095 -0.7400296926498413 -0.35632579310438367
[42 INFO root] -0.18598373234272003 -0.7407627701759338 -0.34116650232975404
[42 INFO root] -0.1840500384569168 -0.741452693939209 -0.3274637888351793
[42 INFO root] -0.18214240670204163 -0.7421036958694458 -0.31503481406273925
[42 INFO root] -0.18026092648506165 -0.7427194714546204 -0.3037223616405568
[42 INFO root] -0.17840544879436493 -0.7433033585548401 -0.29339150471477643
[42 INFO root] -0.1765756458044052 -0.7438582181930542 -0.2839265542548166
[42 INFO root] -0.17477114498615265 -0.7443866729736328 -0.27522833558485693
[42 INFO root] -0.1729915887117386 -0.7448909282684326 -0.267211795719682
[42 INFO root] -0.17123658955097198 -0.7453728914260864 -0.2598039310260737
[42 INFO root] -0.16950586438179016 -0.7458343505859375 -0.25294200080359597
[42 INFO root] -0.16779914498329163 -0.7462767958641052 -0.246571967263012
[42 INFO root] -0.16611623764038086 -0.7467014789581299 -0.2406471613395649
[42 INFO root] -0.16445697844028473 -0.7471097707748413 -0.23512715286679892
[42 INFO root] -0.16282124817371368 -0.7475025653839111 -0.22997679832247173
[42 INFO root] -0.1612088978290558 -0.7478809356689453 -0.22516543441852646
[42 INFO root] -0.15961985290050507 -0.7482457160949707 -0.22066619437389257
[42 INFO root] -0.1580539494752884 -0.7485977411270142 -0.21645542798373454
[42 INFO root] -0.1565110832452774 -0.748937726020813 -0.2125122087555294
[42 INFO root] -0.1549910455942154 -0.7492663264274597 -0.2088179159052607
[42 INFO root] -0.15349362790584564 -0.7495841979980469 -0.20535588108274636
[42 INFO root] -0.15201857686042786 -0.749891996383667 -0.20211109072296743
[42 INFO root] -0.15056557953357697 -0.750190258026123 -0.19906993730548234
[42 INFO root] -0.14913424849510193 -0.7504794597625732 -0.19622001401854403
[42 INFO root] -0.1477241963148117 -0.7507601380348206 -0.19354994679083862
[42 INFO root] -0.1463349610567093 -0.751032829284668 -0.19104925736094708
[42 INFO root] -0.1449660360813141 -0.7512979507446289 -0.18870825278864445
[42 INFO root] -0.14361688494682312 -0.7515559792518616 -0.18651792879561618
[42 INFO root] -0.14228695631027222 -0.7518072128295898 -0.1844698822248052
[42 INFO root] -0.14097563922405243 -0.7520521879196167 -0.1825562646768903
[42 INFO root] -0.13968239724636078 -0.752291202545166 -0.18077014503220445
[42 INFO root] -0.13840673863887787 -0.7525246143341064 -0.17910529898018962
[42 INFO root] -0.13714823126792908 -0.7527526617050171 -0.1775560912317596
[42 INFO root] -0.13590644299983978 -0.7529757022857666 -0.17611739890935077
[42 INFO root] -0.1346808671951294 -0.7531939744949341 -0.17478395970339886
[42 INFO root] -0.13347095251083374 -0.7534077763557434 -0.17355019490020576
[42 INFO root] -0.1322760134935379 -0.7536174654960632 -0.17241037679143156
[42 INFO root] -0.13109537959098816 -0.7538231611251831 -0.17135881615105994
[42 INFO root] -0.129928320646286 -0.7540252804756165 -0.17038999546970351
[42 INFO root] -0.12877415120601654 -0.7542240023612976 -0.16949865413882192
[42 INFO root] -0.12763220071792603 -0.7544195055961609 -0.16867983866192748
[42 INFO root] -0.12650182843208313 -0.7546120882034302 -0.16792892869813011
[42 INFO root] -0.12538248300552368 -0.7548019886016846 -0.16724183860751124
[42 INFO root] -0.12427376955747604 -0.7549892067909241 -0.16661539074450435
[42 INFO root] -0.12317537516355515 -0.7551739811897278 -0.16604707515267877
[42 INFO root] -0.12208706885576248 -0.7553564310073853 -0.16553466586915555
[42 INFO root] -0.12100858986377716 -0.755536675453186 -0.16507591354766307
[42 INFO root] -0.11993938684463501 -0.7557148337364197 -0.16466718790952647
[42 INFO root] -0.11887843161821365 -0.7558912038803101 -0.16430259764565588
[42 INFO root] -0.11782480776309967 -0.7560659050941467 -0.16397687681221407
[42 INFO root] -0.11677777022123337 -0.7562392354011536 -0.1636858794272589
[42 INFO root] -0.11573677510023117 -0.7564111948013306 -0.16342638192826947
[42 INFO root] -0.11470140516757965 -0.7565819621086121 -0.16319587536785624
[42 INFO root] -0.11367134749889374 -0.7567515969276428 -0.16299239413803462
[42 INFO root] -0.11264637112617493 -0.7569201588630676 -0.1628143764222467
[42 INFO root] -0.1116262823343277 -0.757087767124176 -0.16266055159222062
[42 INFO root] -0.1106109470129013 -0.7572543621063232 -0.1625298498367747
[42 INFO root] -0.1095990538597107 -0.7574203014373779 -0.16241590977558035
[42 INFO root] -0.10858884453773499 -0.757585883140564 -0.16231054110427492
[42 INFO root] -0.10757873207330704 -0.7577512860298157 -0.16220648482197264
[42 INFO root] -0.1065673679113388 -0.7579168081283569 -0.16209776382582738
[42 INFO root] -0.10555363446474075 -0.7580825686454773 -0.16197954311590593
[42 INFO root] -0.10453662276268005 -0.7582488059997559 -0.16184797543932267
[42 INFO root] -0.10351558774709702 -0.7584155201911926 -0.1617000629375892
[42 INFO root] -0.10248992592096329 -0.7585828304290771 -0.16153353143734547
[42 INFO root] -0.10145917534828186 -0.7587507963180542 -0.16134671503901274
[42 INFO root] -0.10042297095060349 -0.7589194774627686 -0.16113845016419587
[42 INFO root] -0.09938105195760727 -0.7590888738632202 -0.16090797927707326
[42 INFO root] -0.0983332172036171 -0.7592589855194092 -0.16065486516516406
[42 INFO root] -0.09727931767702103 -0.7594298124313354 -0.16037891702102147
[42 INFO root] -0.0962192565202713 -0.7596012949943542 -0.16008012965298524
[42 INFO root] -0.09515297412872314 -0.7597734928131104 -0.15975863699087722
[42 INFO root] -0.09408043324947357 -0.759946346282959 -0.15941468091673347
[42 INFO root] -0.09300162643194199 -0.7601198554039001 -0.15904859551129025
[42 INFO root] -0.09191658347845078 -0.7602939605712891 -0.15866080566530033
[42 INFO root] -0.09082534909248352 -0.760468602180481 -0.15825183798622486
[42 INFO root] -0.08972802758216858 -0.760643720626831 -0.1578223410774981
[42 INFO root] -0.0886247381567955 -0.7608193755149841 -0.157373111648945
[42 INFO root] -0.0875156968832016 -0.7609953880310059 -0.15690512262242953
[42 INFO root] -0.08640115708112717 -0.761171817779541 -0.15641954948072928
[42 INFO root] -0.08528145402669907 -0.7613484263420105 -0.15591779156358385
[42 INFO root] -0.08415699005126953 -0.7615252733230591 -0.15540148577363297
[42 INFO root] -0.08302826434373856 -0.7617021203041077 -0.1548725111004287
[42 INFO root] -0.08189583569765091 -0.761879026889801 -0.15433298336708864
[42 INFO root] -0.08076035976409912 -0.7620556950569153 -0.1537852405248296
[42 INFO root] -0.0796225294470787 -0.7622321248054504 -0.15323181957010726
[42 INFO root] -0.07848313450813293 -0.7624081969261169 -0.15267542668373038
[42 INFO root] -0.07734298706054688 -0.7625836730003357 -0.15211888653482877
[42 INFO root] -0.07620293647050858 -0.7627585530281067 -0.1515650776129069
[42 INFO root] -0.07506383210420609 -0.7629325985908508 -0.15101687450025622
[42 INFO root] -0.07392652332782745 -0.7631056904792786 -0.15047710339584894
[42 INFO root] -0.07279184460639954 -0.7632778286933899 -0.1499485092691682
[42 INFO root] -0.0716606080532074 -0.7634487748146057 -0.14943373197796667
[42 INFO root] -0.07053358107805252 -0.763618528842926 -0.14893528911330509
[42 INFO root] -0.069411501288414 -0.7637869715690613 -0.1484555638571001
[42 INFO root] -0.06829505413770676 -0.7639539837837219 -0.14799679625029488
[42 INFO root] -0.06718489527702332 -0.764119565486908 -0.14756107568885105
[42 INFO root] -0.06608160585165024 -0.7642835974693298 -0.1471503336521391
[42 INFO root] -0.0649857372045517 -0.7644460797309875 -0.14676633652360785
[42 INFO root] -0.06389766186475754 -0.7646069526672363 -0.14641033231890843
[42 INFO root] -0.06281758099794388 -0.764766275882721 -0.14608293065458117
[42 INFO root] -0.061745550483465195 -0.7649240493774414 -0.14578422316913592
[42 INFO root] -0.06068149581551552 -0.7650802731513977 -0.1455139323387551
[42 INFO root] -0.05962526798248291 -0.7652351260185242 -0.1452715284509259
[42 INFO root] -0.058576665818691254 -0.765388548374176 -0.1450563157590842
[42 INFO root] -0.05753545090556145 -0.7655406594276428 -0.14486749518383377
[42 INFO root] -0.0565013624727726 -0.7656915783882141 -0.14470420953791127
[42 INFO root] -0.05547412484884262 -0.7658412456512451 -0.1445655757832363
[42 INFO root] -0.05445345863699913 -0.7659898996353149 -0.14445070770013796
[42 INFO root] -0.053438976407051086 -0.7661374807357788 -0.14435833581362717
[42 INFO root] -0.05242980271577835 -0.766284167766571 -0.14428534454250766
[42 INFO root] -0.05142506584525108 -0.766430139541626 -0.14422865949360988
[42 INFO root] -0.050424039363861084 -0.7665755748748779 -0.14418568195918663
[42 INFO root] -0.0494261160492897 -0.7667204737663269 -0.14415424041306762
[42 INFO root] -0.04843078926205635 -0.7668649554252625 -0.14413251903547963
[42 INFO root] -0.0474376305937767 -0.7670090794563293 -0.14411899820607113
[42 INFO root] -0.046446286141872406 -0.7671529650688171 -0.14411240531691366
[42 INFO root] -0.04545646160840988 -0.7672966122627258 -0.144111674016673
[42 INFO root] -0.04446682706475258 -0.7674401998519897 -0.14411165845641308
[42 INFO root] -0.043477192521095276 -0.7675838470458984 -0.14411165845641308
[42 INFO root] -0.04248755797743797 -0.7677274346351624 -0.14411165845641308
[42 INFO root] -0.04149792343378067 -0.7678710222244263 -0.14411165845641308
[42 INFO root] -0.04050828889012337 -0.768014669418335 -0.14411165845641308
[42 INFO root] -0.039518654346466064 -0.7681582570075989 -0.14411165845641308
[42 INFO root] -0.03852902352809906 -0.7683019042015076 -0.14411165845641308
[42 INFO root] -0.03753938898444176 -0.7684454917907715 -0.14411165845641308
[42 INFO root] -0.036549754440784454 -0.7685891389846802 -0.14411165845641308
[42 INFO root] -0.03556011989712715 -0.7687327265739441 -0.14411165845641308
[42 INFO root] -0.03457048535346985 -0.768876314163208 -0.14411165845641308
[42 INFO root] -0.033580854535102844 -0.7690199613571167 -0.14411165845641308
[42 INFO root] -0.03259121999144554 -0.7691635489463806 -0.14411165845641308
[42 INFO root] -0.03160158544778824 -0.7693071961402893 -0.14411165845641308
[42 INFO root] -0.030611950904130936 -0.7694507837295532 -0.14411165845641308
[42 INFO root] -0.029622318223118782 -0.7695944309234619 -0.14411165845641308
[42 INFO root] -0.02863268367946148 -0.7697380185127258 -0.14411165845641308
[42 INFO root] -0.027643049135804176 -0.7698816061019897 -0.14411165845641308
[42 INFO root] -0.026653416454792023 -0.7700252532958984 -0.14411165845641308
[42 INFO root] -0.02566378191113472 -0.7701688408851624 -0.14411165845641308
[42 INFO root] -0.024674149230122566 -0.770312488079071 -0.14411165845641308
[42 INFO root] -0.023684514686465263 -0.770456075668335 -0.14411165845641308
[42 INFO root] -0.02269488014280796 -0.7705997228622437 -0.14411165845641308
[42 INFO root] -0.021705247461795807 -0.7707433104515076 -0.14411165845641308
[42 INFO root] -0.020715612918138504 -0.7708869576454163 -0.14411165845641308
[42 INFO root] -0.0197259783744812 -0.7710305452346802 -0.14411165845641308
[42 INFO root] -0.018736345693469048 -0.7711741328239441 -0.14411165845641308
[42 INFO root] -0.017746711149811745 -0.7713177800178528 -0.14411165845641308
[42 INFO root] -0.01675707846879959 -0.7714613676071167 -0.14411165845641308
[42 INFO root] -0.015767443925142288 -0.7716050148010254 -0.14411165845641308
[42 INFO root] -0.01477781031280756 -0.7717486023902893 -0.14411165845641308
[42 INFO root] -0.013788175769150257 -0.771892249584198 -0.14411165845641308
[42 INFO root] -0.012798542156815529 -0.7720358371734619 -0.14411165845641308
[42 INFO root] -0.0118089085444808 -0.7721794247627258 -0.14411165845641308
[42 INFO root] -0.010819274000823498 -0.7723230719566345 -0.14411165845641308
[42 INFO root] -0.00982964038848877 -0.7724666595458984 -0.14411165845641308
[42 INFO root] -0.008840006776154041 -0.7726103067398071 -0.14411165845641308
[42 INFO root] -0.007850373163819313 -0.772753894329071 -0.14411165845641308
[42 INFO root] -0.0068607390858232975 -0.7728975415229797 -0.14411165845641308
[42 INFO root] -0.005871105007827282 -0.7730411291122437 -0.14411165845641308
[42 INFO root] -0.004881471395492554 -0.7731847167015076 -0.14411165845641308
[42 INFO root] -0.003891837550327182 -0.7733283638954163 -0.14411165845641308
[42 INFO root] -0.00290220370516181 -0.7734719514846802 -0.14411165845641308
[42 INFO root] -0.0019125697435811162 -0.7736155986785889 -0.14411165845641308
[42 INFO root] -0.0009229359566234052 -0.7737591862678528 -0.14411165845641308
[42 INFO root] 6.669792492175475e-05 -0.7739028334617615 -0.14411165845641308
[42 INFO root] 0.0010563317919149995 -0.7740464210510254 -0.14411165845641308
[42 INFO root] 0.0020459655206650496 -0.7741900086402893 -0.14411165845641308
[42 INFO root] 0.0030355993658304214 -0.774333655834198 -0.14411165845641308
[42 INFO root] 0.004025233443826437 -0.7744772434234619 -0.14411165845641308
[42 INFO root] 0.005014867056161165 -0.7746208906173706 -0.14411165845641308
[42 INFO root] 0.006004501134157181 -0.7747644782066345 -0.14411165845641308
[42 INFO root] 0.006994134746491909 -0.7749081254005432 -0.14411165845641308
[42 INFO root] 0.007983768358826637 -0.7750517129898071 -0.14411165845641308
[42 INFO root] 0.00897340290248394 -0.775195300579071 -0.14411165845641308
[42 INFO root] 0.009963036514818668 -0.7753389477729797 -0.14411165845641308
[42 INFO root] 0.010952670127153397 -0.7754825353622437 -0.14411165845641308
[42 INFO root] 0.011942303739488125 -0.7756261825561523 -0.14411165845641308
[42 INFO root] 0.012931938283145428 -0.7757697701454163 -0.14411165845641308
[42 INFO root] 0.013921571895480156 -0.775913417339325 -0.14411165845641308
[42 INFO root] 0.014911205507814884 -0.7760570049285889 -0.14411165845641308
[42 INFO root] 0.015900839120149612 -0.7762006521224976 -0.14411165845641308
[42 INFO root] 0.016890473663806915 -0.7763442397117615 -0.14411165845641308
[42 INFO root] 0.01788010634481907 -0.7764878273010254 -0.14411165845641308
[42 INFO root] 0.018869740888476372 -0.7766314744949341 -0.14411165845641308
[42 INFO root] 0.019859375432133675 -0.776775062084198 -0.14411165845641308
[42 INFO root] 0.020849008113145828 -0.7769187092781067 -0.14411165845641308
[42 INFO root] 0.02183864265680313 -0.7770622968673706 -0.14411165845641308
[42 INFO root] 0.022828277200460434 -0.7772059440612793 -0.14411165845641308
[42 INFO root] 0.023817909881472588 -0.7773495316505432 -0.14411165845641308
[42 INFO root] 0.02480754442512989 -0.7774931192398071 -0.14411165845641308
[42 INFO root] 0.025797178968787193 -0.7776367664337158 -0.14411165845641308
[42 INFO root] 0.026786811649799347 -0.7777803540229797 -0.14411165845641308
[42 INFO root] 0.02777644619345665 -0.7779240012168884 -0.14411165845641308
[42 INFO root] 0.028766078874468803 -0.7780675888061523 -0.14411165845641308
[42 INFO root] 0.029755713418126106 -0.778211236000061 -0.14411165845641308
[42 INFO root] 0.03074534796178341 -0.778354823589325 -0.14411165845641308
[42 INFO root] 0.03173498064279556 -0.7784984111785889 -0.14411165845641308
[42 INFO root] 0.032724615186452866 -0.7786420583724976 -0.14411165845641308
[42 INFO root] 0.03371424973011017 -0.7787856459617615 -0.14411165845641308
[42 INFO root] 0.03470388427376747 -0.7789292931556702 -0.14411165845641308
[42 INFO root] 0.035693515092134476 -0.7790728807449341 -0.14411165845641308
[42 INFO root] 0.03668314963579178 -0.7792165279388428 -0.14411165845641308
[42 INFO root] 0.03767278417944908 -0.7793601155281067 -0.14411165845641308
[42 INFO root] 0.038662418723106384 -0.7795037031173706 -0.14411165845641308
[42 INFO root] 0.03965205326676369 -0.7796473503112793 -0.14411165845641308
[42 INFO root] 0.04064168408513069 -0.7797909379005432 -0.14411165845641308
[42 INFO root] 0.041631318628787994 -0.7799345850944519 -0.14411165845641308
[42 INFO root] 0.0426209531724453 -0.7800781726837158 -0.14411165845641308
[42 INFO root] 0.0436105877161026 -0.7802218198776245 -0.14411165845641308
[42 INFO root] 0.0446002222597599 -0.7803654074668884 -0.14411165845641308
[42 INFO root] 0.045589856803417206 -0.7805089950561523 -0.14411165845641308
[42 INFO root] 0.04657948762178421 -0.780652642250061 -0.14411165845641308
[42 INFO root] 0.04756912216544151 -0.780796229839325 -0.14411165845641308
[42 INFO root] 0.048558756709098816 -0.7809398770332336 -0.14411165845641308
[42 INFO root] 0.04954839125275612 -0.7810834646224976 -0.14411165845641308
[42 INFO root] 0.05053802579641342 -0.7812271118164062 -0.14411165845641308
[42 INFO root] 0.051527656614780426 -0.7813706994056702 -0.14411165845641308
[42 INFO root] 0.05251729115843773 -0.7815142869949341 -0.14411165845641308
[42 INFO root] 0.05350692570209503 -0.7816579341888428 -0.14411165845641308
[42 INFO root] 0.054496560245752335 -0.7818015217781067 -0.14411165845641308
[42 INFO root] 0.05548619478940964 -0.7819451689720154 -0.14411165845641308
[42 INFO root] 0.05647582933306694 -0.7820887565612793 -0.14411165845641308
[42 INFO root] 0.057465460151433945 -0.782232403755188 -0.14411165845641308
[42 INFO root] 0.05845509469509125 -0.7823759913444519 -0.14411165845641308
[42 INFO root] 0.05944472923874855 -0.7825196385383606 -0.14411165845641308
[42 INFO root] 0.06043436378240585 -0.7826632261276245 -0.14411165845641308
[42 INFO root] 0.061423998326063156 -0.7828068137168884 -0.14411165845641308
[42 INFO root] 0.06241362914443016 -0.7829504609107971 -0.14411165845641308
[42 INFO root] 0.06340326368808746 -0.783094048500061 -0.14411165845641308
[42 INFO root] 0.06439290195703506 -0.7832376956939697 -0.14411165845641308
[42 INFO root] 0.06538253277540207 -0.7833812832832336 -0.14411165845641308
[42 INFO root] 0.06637216359376907 -0.7835249304771423 -0.14411165845641308
[42 INFO root] 0.06736180186271667 -0.7836685180664062 -0.14411165845641308
[42 INFO root] 0.06835143268108368 -0.7838121056556702 -0.14411165845641308
[42 INFO root] 0.06934107095003128 -0.7839557528495789 -0.14411165845641308
[42 INFO root] 0.07033070176839828 -0.7840993404388428 -0.14411165845641308
[42 INFO root] 0.07132033258676529 -0.7842429876327515 -0.14411165845641308
[42 INFO root] 0.07230997085571289 -0.7843865752220154 -0.14411165845641308
[42 INFO root] 0.0732996016740799 -0.7845302224159241 -0.14411165845641308
[42 INFO root] 0.0742892399430275 -0.784673810005188 -0.14411165845641308
[42 INFO root] 0.0752788707613945 -0.7848173975944519 -0.14411165845641308
[42 INFO root] 0.0762685015797615 -0.7849610447883606 -0.14411165845641308
[42 INFO root] 0.07717333734035492 -0.7850923538208008 -0.14632059909616857
[42 INFO root] 0.07796411961317062 -0.7852087020874023 -0.15156355918119271
[42 INFO root] 0.0786537379026413 -0.785313606262207 -0.15961341529776824
[42 INFO root] 0.07925726473331451 -0.7854101657867432 -0.17021076072874722
[42 INFO root] 0.07978764921426773 -0.785500705242157 -0.18316500788210563
[42 INFO root] 0.08025597780942917 -0.7855867743492126 -0.19834007977197296
[42 INFO root] 0.08067189902067184 -0.7856696248054504 -0.21564224303423438
[42 INFO root] 0.08104913681745529 -0.7857515215873718 -0.23495705820734805
[42 INFO root] 0.08143118023872375 -0.7858421802520752 -0.2558450327175617
[42 INFO root] 0.08182273805141449 -0.7859438061714172 -0.27827052753252607
[42 INFO root] 0.08222327381372452 -0.7860572338104248 -0.30226390220277577
[42 INFO root] 0.08263256400823593 -0.7861838340759277 -0.3278578400163056
[42 INFO root] 0.08305078744888306 -0.7863249182701111 -0.3550850983067419
[42 INFO root] 0.08347844332456589 -0.7864822149276733 -0.3839783365320506
[42 INFO root] 0.08391628414392471 -0.7866576910018921 -0.41456973239416084
[42 INFO root] 0.08436522632837296 -0.7868536710739136 -0.4468902947137201
[42 INFO root] 0.08482634276151657 -0.7870728969573975 -0.48096883185833733
[42 INFO root] 0.08530077338218689 -0.7873185276985168 -0.5168305186382002
[42 INFO root] 0.08578966557979584 -0.7875941395759583 -0.55449498799784
[42 INFO root] 0.08629409223794937 -0.7879040241241455 -0.5939738599138467
[42 INFO root] 0.0868149921298027 -0.7882530093193054 -0.6352676113775325
[42 INFO root] 0.08735303580760956 -0.788646399974823 -0.6783616926089311
[42 INFO root] 0.08790852129459381 -0.7890903949737549 -0.7232218123225835
[42 INFO root] 0.08848121017217636 -0.7895916700363159 -0.7697883580059285
[42 INFO root] 0.08907017856836319 -0.7901575565338135 -0.817969996957457
[42 INFO root] 0.08967360109090805 -0.7907958626747131 -0.8676366320424503
[42 INFO root] 0.09028861671686172 -0.7915145754814148 -0.9186120716143557
[42 INFO root] 0.09091112017631531 -0.7923217415809631 -0.9706670154740678
[42 INFO root] 0.09153565764427185 -0.7932248711585999 -1.023513239442565
[42 INFO root] 0.09215539693832397 -0.7942306995391846 -1.0768001329186616
[42 INFO root] 0.09276223182678223 -0.7953441143035889 -1.1301149244422732
[42 INFO root] 0.09332472085952759 -0.7965208888053894 -1.1822910289165638
[42 INFO root] 0.0938219353556633 -0.7977176308631897 -1.2325286766464414
[42 INFO root] 0.09425178170204163 -0.7989199161529541 -1.2806092947393721
[42 INFO root] 0.09461548924446106 -0.8001164793968201 -1.3264271264608318
[42 INFO root] 0.09491567313671112 -0.8012967109680176 -1.3699354430424286
[42 INFO root] 0.09515611082315445 -0.8024511337280273 -1.411141522522503
[42 INFO root] 0.09534142911434174 -0.8035715222358704 -1.4500992499489822
[42 INFO root] 0.09547684341669083 -0.8046514391899109 -1.486900513503849
[42 INFO root] 0.09556783735752106 -0.8056859374046326 -1.521666182994537
[42 INFO root] 0.09561990201473236 -0.806671679019928 -1.554541268526414
[42 INFO root] 0.09563833475112915 -0.8076068162918091 -1.5856892461949612
[42 INFO root] 0.09562806785106659 -0.8084906935691833 -1.6152803186295364
[42 INFO root] 0.09559359401464462 -0.8093236684799194 -1.6434847758591438
[42 INFO root] 0.09553889185190201 -0.8101071119308472 -1.670468728731671
[42 INFO root] 0.09546743333339691 -0.810842752456665 -1.6963911440372625
[42 INFO root] 0.0953821986913681 -0.8115330338478088 -1.7214016118171536
[42 INFO root] 0.09528569877147675 -0.8121804594993591 -1.745639136551133
[42 INFO root] 0.09518001973628998 -0.8127877712249756 -1.7692312531431322
[42 INFO root] 0.09506688266992569 -0.8133577704429626 -1.7922937615421148
[42 INFO root] 0.0949476957321167 -0.8138930797576904 -1.8149307720969423
[42 INFO root] 0.09482359886169434 -0.8143963813781738 -1.8372348522717639
[42 INFO root] 0.09469552338123322 -0.8148699998855591 -1.8592876095321562
[42 INFO root] 0.09456420689821243 -0.8153162598609924 -1.8811601050746072
[42 INFO root] 0.09443027526140213 -0.8157371878623962 -1.9029137195278034
[42 INFO root] 0.09429445117712021 -0.8161339163780212 -1.9245179982407339
[42 INFO root] 0.09415766596794128 -0.8165069818496704 -1.9458504665160214
[42 INFO root] 0.09402099251747131 -0.8168564438819885 -1.9667988705093702
[42 INFO root] 0.09388553351163864 -0.8171824216842651 -1.987278969992717
[42 INFO root] 0.09375244379043579 -0.8174850940704346 -2.0072295089197807
[42 INFO root] 0.0936228409409523 -0.8177644610404968 -2.026606890292184
[42 INFO root] 0.0934978723526001 -0.818020761013031 -2.045380768830344
[42 INFO root] 0.09337864816188812 -0.8182539939880371 -2.0635312741596215
[42 INFO root] 0.09326626360416412 -0.8184642791748047 -2.0810464032460287
[42 INFO root] 0.09316176176071167 -0.8186518549919128 -2.0979204805222715
[42 INFO root] 0.09306617081165314 -0.8188167810440063 -2.1141531739887665
[42 INFO root] 0.09298045188188553 -0.8189592957496643 -2.129748352298193
[42 INFO root] 0.09290552139282227 -0.819079577922821 -2.144713674507073
[42 INFO root] 0.0928422138094902 -0.8191778659820557 -2.1590599831679156
[42 INFO root] 0.09279149025678635 -0.8192542195320129 -2.172775765863124
[42 INFO root] 0.0927545502781868 -0.8193082213401794 -2.185813921968074
[42 INFO root] 0.09273247420787811 -0.8193395733833313 -2.198133669306237
[42 INFO root] 0.09272610396146774 -0.8193484544754028 -2.2097068693691786
[42 INFO root] 0.09273608028888702 -0.8193350434303284 -2.220514920544165
[42 INFO root] 0.09276284277439117 -0.8192997574806213 -2.2305451608222553
[42 INFO root] 0.09280663728713989 -0.8192432522773743 -2.2397885858205133
[42 INFO root] 0.09286755323410034 -0.8191660642623901 -2.248238404450857
[42 INFO root] 0.09294552356004715 -0.8190690279006958 -2.2558884835508484
[42 INFO root] 0.0930403396487236 -0.8189528584480286 -2.262733011061611
[42 INFO root] 0.09315166622400284 -0.8188183307647705 -2.2687657878756506
[42 INFO root] 0.09327903389930725 -0.8186663389205933 -2.2739800622854727
[42 INFO root] 0.09342188388109207 -0.8184976577758789 -2.2783687421930208
[42 INFO root] 0.09357953816652298 -0.8183131814002991 -2.281924327375416
[42 INFO root] 0.09375123679637909 -0.8181137442588806 -2.2846393805237906
[42 INFO root] 0.09393613040447235 -0.8179001808166504 -2.2865067800696237
[42 INFO root] 0.09413328766822815 -0.8176733255386353 -2.2875200965042235
[42 INFO root] 0.0943416953086853 -0.8174341320991516 -2.2876739945136655
[42 INFO root] 0.09456028789281845 -0.8171833157539368 -2.2869648903641573
[42 INFO root] 0.09478792548179626 -0.8169217705726624 -2.2853908487832495
[42 INFO root] 0.09502341598272324 -0.816650390625 -2.2829521997802997
[42 INFO root] 0.09526555240154266 -0.8163700699806213 -2.279651820839036
[42 INFO root] 0.09551306068897247 -0.8160816431045532 -2.2754953032605476
[42 INFO root] 0.09576345235109329 -0.8157874345779419 -2.270490125318192
[42 INFO root] 0.09601186960935593 -0.8154926300048828 -2.264641671450189
[42 INFO root] 0.0962539091706276 -0.815201997756958 -2.2579539434647122
[42 INFO root] 0.09648626297712326 -0.8149192333221436 -2.2504327164213267
[42 INFO root] 0.0967065766453743 -0.8146470189094543 -2.2420873246443036
[42 INFO root] 0.09691330790519714 -0.8143872022628784 -2.2329309199046543
[42 INFO root] 0.09710551053285599 -0.8141411542892456 -2.2229798539691092
[42 INFO root] 0.09728271514177322 -0.8139095902442932 -2.2122529788774488
[42 INFO root] 0.09744478762149811 -0.813693106174469 -2.2007701666923674
[42 INFO root] 0.0975918397307396 -0.813491940498352 -2.1885515759628613
[42 INFO root] 0.09772412478923798 -0.8133062720298767 -2.175616446081414
[42 INFO root] 0.0978420078754425 -0.8131362795829773 -2.1619823948007015
[42 INFO root] 0.09794589132070541 -0.8129820227622986 -2.147664952759499
[42 INFO root] 0.09803620725870132 -0.8128436803817749 -2.1326769705476294
[42 INFO root] 0.09811338782310486 -0.8127215504646301 -2.1170285730301357
[42 INFO root] 0.09817784279584885 -0.8126159906387329 -2.1007272928400385
[42 INFO root] 0.09822998195886612 -0.8125273585319519 -2.083778588230873
[42 INFO root] 0.0982702225446701 -0.8124562501907349 -2.066186133139862
[42 INFO root] 0.09829898178577423 -0.8124033212661743 -2.047952440330561
[42 INFO root] 0.0983167290687561 -0.8123692274093628 -2.029079329698339
[42 INFO root] 0.09832397848367691 -0.8123546838760376 -2.0095682764417107
[42 INFO root] 0.0983213260769844 -0.812360405921936 -1.989420883596427
[42 INFO root] 0.09830942749977112 -0.8123871088027954 -1.9686393208689004
[42 INFO root] 0.09828905016183853 -0.8124354481697083 -1.9472267705042043
[42 INFO root] 0.09826107323169708 -0.8125059008598328 -1.9251877722586557
[42 INFO root] 0.09822645038366318 -0.8125989437103271 -1.9025283703287148
[42 INFO root] 0.09818627685308456 -0.8127148747444153 -1.8792563974029346
[42 INFO root] 0.09814171493053436 -0.8128537535667419 -1.8553814846363013
[42 INFO root] 0.09809403866529465 -0.8130155205726624 -1.8309148729693814
[42 INFO root] 0.09804537892341614 -0.8131967186927795 -1.805883588648886
[42 INFO root] 0.09799788892269135 -0.8133929371833801 -1.780312119710877
[42 INFO root] 0.09795324504375458 -0.8136004209518433 -1.754214576035304
[42 INFO root] 0.09791265428066254 -0.8138161897659302 -1.7275969918090874
[42 INFO root] 0.09787695854902267 -0.8140381574630737 -1.7004609526467809
[42 INFO root] 0.09784675389528275 -0.8142651319503784 -1.6728073241786212
[42 INFO root] 0.09782244265079498 -0.8144963979721069 -1.64463988495564
[42 INFO root] 0.09780436754226685 -0.8147318363189697 -1.6159684359168462
[42 INFO root] 0.0977928414940834 -0.8149717450141907 -1.586811816119463
[42 INFO root] 0.09778822213411331 -0.815216600894928 -1.55720065614284
[42 INFO root] 0.09779089689254761 -0.8154671788215637 -1.5271799477520087
[42 INFO root] 0.09780135750770569 -0.8157240748405457 -1.4968115576199978
[42 INFO root] 0.09782013297080994 -0.8159880042076111 -1.466176505283297
[42 INFO root] 0.0978478193283081 -0.816259503364563 -1.4353771457628781
[42 INFO root] 0.09788501262664795 -0.8165386915206909 -1.404539047101527
[42 INFO root] 0.09793227910995483 -0.8168256282806396 -1.3738125705796318
[42 INFO root] 0.09799006581306458 -0.8171197772026062 -1.3433739622756988
[42 INFO root] 0.09805867075920105 -0.817420244216919 -1.3134259496255671
[42 INFO root] 0.09813810884952545 -0.8177257180213928 -1.2841976580308452
[42 INFO root] 0.09822806715965271 -0.8180342316627502 -1.2559437906817306
[42 INFO root] 0.09832783043384552 -0.818343460559845 -1.2289462028957632
[42 INFO root] 0.09843619167804718 -0.8186506032943726 -1.2035230579052945
[42 INFO root] 0.09855148196220398 -0.8189526200294495 -1.1800042391668437
[42 INFO root] 0.09867164492607117 -0.819246232509613 -1.15872265480958
[42 INFO root] 0.09879431128501892 -0.8195285797119141 -1.140011051563658
[42 INFO root] 0.0989169180393219 -0.8197967410087585 -1.1241986774067354
[42 INFO root] 0.09903690963983536 -0.8200483918190002 -1.1116080717414882
[42 INFO root] 0.0991518422961235 -0.8202816247940063 -1.102550943753436
[42 INFO root] 0.0992596372961998 -0.8204953074455261 -1.0973236789256253
[42 INFO root] 0.09935873001813889 -0.8206889629364014 -1.0962020391349407
[42 INFO root] 0.09944824874401093 -0.8208632469177246 -1.099435554325227
[42 INFO root] 0.09952811151742935 -0.8210198283195496 -1.1072412411577968
[42 INFO root] 0.09959906339645386 -0.8211614489555359 -1.119797487713284
[42 INFO root] 0.09966530650854111 -0.8212977647781372 -1.1367606798216265
[42 INFO root] 0.09974133223295212 -0.8214612007141113 -1.155740668806974
[42 INFO root] 0.0998264029622078 -0.8216533660888672 -1.176403019389932
[42 INFO root] 0.09991785883903503 -0.8218719959259033 -1.1986548593509947
[42 INFO root] 0.10001315176486969 -0.8221146464347839 -1.2224095438133962
[42 INFO root] 0.10010984539985657 -0.8223790526390076 -1.2475884259960572
[42 INFO root] 0.10020564496517181 -0.8226627707481384 -1.2741207372766312
[42 INFO root] 0.10029838979244232 -0.8229634761810303 -1.301944336890858
[42 INFO root] 0.1003861203789711 -0.823278546333313 -1.3310067393146485
[42 INFO root] 0.10046706348657608 -0.8236055970191956 -1.3612665698456783
[42 INFO root] 0.1005396693944931 -0.8239421248435974 -1.392694743736288
[42 INFO root] 0.10060262680053711 -0.8242857456207275 -1.4252755929645933
[42 INFO root] 0.10065486282110214 -0.824634313583374 -1.4590075534515217
[42 INFO root] 0.10069551318883896 -0.8249858021736145 -1.4939034355524698
[42 INFO root] 0.10072391480207443 -0.8253383636474609 -1.5299903278074922
[42 INFO root] 0.10073956847190857 -0.8256904482841492 -1.5673091480671304
[42 INFO root] 0.10074210911989212 -0.8260407447814941 -1.605914018664362
[42 INFO root] 0.100731261074543 -0.8263880610466003 -1.6458716238984323
[42 INFO root] 0.10070683062076569 -0.8267313241958618 -1.6872606581137235
[42 INFO root] 0.10066870599985123 -0.8270694613456726 -1.7301715548736298
[42 INFO root] 0.10061681270599365 -0.8274014592170715 -1.7747065911066704
[42 INFO root] 0.10055114328861237 -0.827726423740387 -1.8209805549983515
[42 INFO root] 0.10047178715467453 -0.8280431628227234 -1.869123409104083
[42 INFO root] 0.10037883371114731 -0.8283507823944092 -1.9192808622481972
[42 INFO root] 0.10027231276035309 -0.8286486864089966 -1.9716128605709804
[42 INFO root] 0.10015197098255157 -0.8289369344711304 -2.0262953845393015
[42 INFO root] 0.10001703351736069 -0.8292162418365479 -2.0835228957038536
[42 INFO root] 0.09986597299575806 -0.829488217830658 -2.1435102444100926
[42 INFO root] 0.09969618916511536 -0.8297549486160278 -2.206494376902387
[42 INFO root] 0.09950364381074905 -0.8300192356109619 -2.272734569113815
[42 INFO root] 0.0992824137210846 -0.8302842378616333 -2.3425116643883945
[42 INFO root] 0.09902416914701462 -0.8305531144142151 -2.416124522392547
[42 INFO root] 0.0987175852060318 -0.8308286666870117 -2.493882208183212
[42 INFO root] 0.09834768623113632 -0.8311126232147217 -2.576090264669309
[42 INFO root] 0.09789524972438812 -0.8314043283462524 -2.6630282145063964
[42 INFO root] 0.09733641147613525 -0.8316996097564697 -2.7549143522220616
[42 INFO root] 0.09664281457662582 -0.8319883942604065 -2.851856044775038
[42 INFO root] 0.0957825779914856 -0.832252562046051 -2.953781451379254
[42 INFO root] 0.09472277760505676 -0.8324634432792664 -3.0603552578174686
[42 INFO root] 0.09343379735946655 -0.8325801491737366 3.112299362692983
[42 INFO root] 0.09189571440219879 -0.8325495719909668 2.998941269268171
[42 INFO root] 0.09010593593120575 -0.8323103785514832 2.884362724070662
[42 INFO root] 0.08808591216802597 -0.8318006992340088 2.7706174051424886
[42 INFO root] 0.08587424457073212 -0.8309661149978638 2.662995336664878
[42 INFO root] 0.08355800807476044 -0.8297933340072632 2.564417532023809
[42 INFO root] 0.08123204857110977 -0.8283095955848694 2.4759559197200933
[42 INFO root] 0.07897494733333588 -0.8265685439109802 2.397898575092016
[42 INFO root] 0.07684203237295151 -0.8246368169784546 2.3299615922607875
[42 INFO root] 0.07486572116613388 -0.8225823640823364 2.2714585952367785
[42 INFO root] 0.07305958867073059 -0.8204667568206787 2.2214764416263506
[42 INFO root] 0.07142388075590134 -0.8183410167694092 2.1790191911937127
[42 INFO root] 0.06995045393705368 -0.8162447214126587 2.143107757191561
[42 INFO root] 0.06867499649524689 -0.8142818212509155 2.1137062155838593
[42 INFO root] 0.06761898845434189 -0.8125448822975159 2.090469205672806
[42 INFO root] 0.06674771010875702 -0.8110314011573792 2.0721444969502665
[42 INFO root] 0.06602603942155838 -0.8097211718559265 2.057676559449425
[42 INFO root] 0.06542520970106125 -0.8085907697677612 2.046279955024829
[42 INFO root] 0.06492165476083755 -0.8076158761978149 2.0373705970437386
[42 INFO root] 0.06449606269598007 -0.8067730069160461 2.030510720170182
[42 INFO root] 0.06413251906633377 -0.8060401678085327 2.0253684137083034
[42 INFO root] 0.0638178363442421 -0.8053972125053406 2.0216884163463367
[42 INFO root] 0.0635409727692604 -0.8048259615898132 2.0192707468968605
[42 INFO root] 0.06329265236854553 -0.8043102622032166 2.0179550806669293
[42 INFO root] 0.0630650743842125 -0.8038358688354492 2.0176094146424974
[42 INFO root] 0.0628516897559166 -0.8033905625343323 2.018122144086515
[42 INFO root] 0.0626470297574997 -0.80296391248703 2.019396531784224
[42 INFO root] 0.062446579337120056 -0.8025473356246948 2.021347322740008
[42 INFO root] 0.06224667280912399 -0.8021338582038879 2.023898704793007
[42 INFO root] 0.062044408172369 -0.8017181754112244 2.026983430524227
[42 INFO root] 0.0618375688791275 -0.8012962937355042 2.0305423834313396
[42 INFO root] 0.06162453070282936 -0.800865650177002 2.034524642472617
[42 INFO root] 0.06140420585870743 -0.8004246950149536 2.0388872844300323
[42 INFO root] 0.061175934970378876 -0.7999727129936218 2.043595270107983
[42 INFO root] 0.06093942001461983 -0.7995097637176514 2.0486211282977167
[42 INFO root] 0.06069466471672058 -0.7990365624427795 2.0539442591544694
[42 INFO root] 0.060441866517066956 -0.7985540628433228 2.0595499621967455
[42 INFO root] 0.0601813867688179 -0.7980635762214661 2.0654286495471594
[42 INFO root] 0.05991367995738983 -0.7975665926933289 2.0715747568072844
[42 INFO root] 0.05963315814733505 -0.7970532774925232 2.077757198068555
[42 INFO root] 0.059329163283109665 -0.7965051531791687 2.083541265525117
[42 INFO root] 0.05900240316987038 -0.7959240078926086 2.0888977944665874
[42 INFO root] 0.05865490064024925 -0.7953136563301086 2.0938493475177897
[42 INFO root] 0.058288536965847015 -0.7946776151657104 2.098419686494636
[42 INFO root] 0.05790504068136215 -0.7940188646316528 2.102632855912803
[42 INFO root] 0.0575060173869133 -0.7933400273323059 2.106512872309251
[42 INFO root] 0.05709293857216835 -0.7926436066627502 2.110083578639357
[42 INFO root] 0.056667160242795944 -0.7919315695762634 2.1133686042762743
[42 INFO root] 0.05622995272278786 -0.791205883026123 2.1163913862227504
[42 INFO root] 0.055782485753297806 -0.7904682755470276 2.1191752157403503
[42 INFO root] 0.05532585084438324 -0.789720356464386 2.1217432825512375
[42 INFO root] 0.05486106500029564 -0.7889634370803833 2.1241186961196794
[42 INFO root] 0.05438907817006111 -0.7881988883018494 2.126324470246873
[42 INFO root] 0.053910769522190094 -0.7874279618263245 2.128383463248155
[42 INFO root] 0.05342695489525795 -0.7866517901420593 2.1303182712311264
[42 INFO root] 0.05293838307261467 -0.7858713269233704 2.132151076352593
[42 INFO root] 0.05244573578238487 -0.7850875854492188 2.1339034553231326
[42 INFO root] 0.05194944515824318 -0.7843011021614075 2.135587456287054
[42 INFO root] 0.05144951492547989 -0.7835118770599365 2.1371976795631444
[42 INFO root] 0.05094589293003082 -0.782719612121582 2.1387255041582405
[42 INFO root] 0.05043854936957359 -0.7819241881370544 2.1401627957452463
[42 INFO root] 0.0499274767935276 -0.7811254858970642 2.1415021347840004
[42 INFO root] 0.049412693828344345 -0.780323326587677 2.142736781953159
[42 INFO root] 0.0488942489027977 -0.7795177102088928 2.1438606400800118
[42 INFO root] 0.04837219417095184 -0.7787085175514221 2.1448682171998272
[42 INFO root] 0.04784661531448364 -0.7778956890106201 2.1457545909607885
[42 INFO root] 0.04731759801506996 -0.7770791053771973 2.1465153745064947
[42 INFO root] 0.046785254031419754 -0.7762588262557983 2.147146683931294
[42 INFO root] 0.04624970629811287 -0.7754347324371338 2.147645107369031
[42 INFO root] 0.045711081475019455 -0.7746068239212036 2.148007675743886
[42 INFO root] 0.045169517397880554 -0.7737751007080078 2.1482318351838963
[42 INFO root] 0.044625166803598404 -0.7729395627975464 2.1483154210732978
[42 INFO root] 0.04407935217022896 -0.7721019387245178 2.148322371800784
[42 INFO root] 0.04353339970111847 -0.7712641358375549 2.148322371800784
[42 INFO root] 0.04298744723200798 -0.7704262733459473 2.148322371800784
[42 INFO root] 0.04244149476289749 -0.7695884704589844 2.148322371800784
[42 INFO root] 0.041895542293787 -0.7687506675720215 2.148322371800784
[42 INFO root] 0.041349589824676514 -0.7679128646850586 2.148322371800784
[42 INFO root] 0.040803637355566025 -0.7670750617980957 2.148322371800784
[42 INFO root] 0.040257684886455536 -0.766237199306488 2.148322371800784
[42 INFO root] 0.03971172869205475 -0.7653993964195251 2.148322371800784
[42 INFO root] 0.03916577622294426 -0.7645615935325623 2.148322371800784
[42 INFO root] 0.03861982375383377 -0.7637237906455994 2.148322371800784
[42 INFO root] 0.03807387128472328 -0.7628859281539917 2.148322371800784
[42 INFO root] 0.03752791881561279 -0.7620481252670288 2.148322371800784
[42 INFO root] 0.036981966346502304 -0.7612103223800659 2.148322371800784
[42 INFO root] 0.036436013877391815 -0.760372519493103 2.148322371800784
[42 INFO root] 0.035890061408281326 -0.7595347166061401 2.148322371800784
[42 INFO root] 0.03534410893917084 -0.7586968541145325 2.148322371800784
[42 INFO root] 0.03479815274477005 -0.7578590512275696 2.148322371800784
[42 INFO root] 0.03425220027565956 -0.7570212483406067 2.148322371800784
[42 INFO root] 0.03370624780654907 -0.7561834454536438 2.148322371800784
[42 INFO root] 0.03316029533743858 -0.7553456425666809 2.148322371800784
[42 INFO root] 0.032614342868328094 -0.7545077800750732 2.148322371800784
[42 INFO root] 0.032068390399217606 -0.7536699771881104 2.148322371800784
[42 INFO root] 0.03152243793010712 -0.7528321743011475 2.148322371800784
[42 INFO root] 0.03097648359835148 -0.7519943714141846 2.148322371800784
[42 INFO root] 0.03043053112924099 -0.7511565089225769 2.148322371800784
[42 INFO root] 0.0298845786601305 -0.750318706035614 2.148322371800784
[42 INFO root] 0.029338626191020012 -0.7494809031486511 2.148322371800784
[42 INFO root] 0.028792671859264374 -0.7486431002616882 2.148322371800784
[42 INFO root] 0.028246719390153885 -0.7478052973747253 2.148322371800784
[42 INFO root] 0.027700766921043396 -0.7469674348831177 2.148322371800784
[42 INFO root] 0.027154814451932907 -0.7461296319961548 2.148322371800784
[42 INFO root] 0.026608861982822418 -0.7452918291091919 2.148322371800784
[42 INFO root] 0.02606290765106678 -0.744454026222229 2.148322371800784
[42 INFO root] 0.02551695518195629 -0.7436161637306213 2.148322371800784
[42 INFO root] 0.024971002712845802 -0.7427783608436584 2.148322371800784
[42 INFO root] 0.024425050243735313 -0.7419405579566956 2.148322371800784
[42 INFO root] 0.023879095911979675 -0.7411027550697327 2.148322371800784
[42 INFO root] 0.023333143442869186 -0.7402649521827698 2.148322371800784
[42 INFO root] 0.022787190973758698 -0.7394270896911621 2.148322371800784
[42 INFO root] 0.02224123850464821 -0.7385892868041992 2.148322371800784
[42 INFO root] 0.02169528603553772 -0.7377514839172363 2.148322371800784
[42 INFO root] 0.02114933170378208 -0.7369136810302734 2.148322371800784
[42 INFO root] 0.020603379234671593 -0.7360758781433105 2.148322371800784
[42 INFO root] 0.020057426765561104 -0.7352380156517029 2.148322371800784
[42 INFO root] 0.019511474296450615 -0.73440021276474 2.148322371800784
[42 INFO root] 0.018965521827340126 -0.7335624098777771 2.148322371800784
[42 INFO root] 0.018419567495584488 -0.7327246069908142 2.148322371800784
[42 INFO root] 0.017873615026474 -0.7318867444992065 2.148322371800784
[42 INFO root] 0.01732766255736351 -0.7310489416122437 2.148322371800784
[42 INFO root] 0.01678171008825302 -0.7302111387252808 2.148322371800784
[42 INFO root] 0.016235755756497383 -0.7293733358383179 2.148322371800784
[42 INFO root] 0.015702372416853905 -0.7285547852516174 2.147895374771433
[42 INFO root] 0.015215709805488586 -0.727807343006134 2.1458577027677443
[42 INFO root] 0.014776214025914669 -0.7271295785903931 2.142165096180046
[42 INFO root] 0.014380084350705147 -0.7265139818191528 2.1369024945003665
[42 INFO root] 0.014023571275174618 -0.7259536981582642 2.1301385589472313
[42 INFO root] 0.013703066855669022 -0.7254425287246704 2.121926422582194
[42 INFO root] 0.013415138237178326 -0.724975049495697 2.112305512888066
[42 INFO root] 0.01315655279904604 -0.7245461344718933 2.101303135622422
[42 INFO root] 0.012924283742904663 -0.7241512537002563 2.088935866616434
[42 INFO root] 0.012715508230030537 -0.7237861752510071 2.0752108060721297
[42 INFO root] 0.012527599930763245 -0.7234469652175903 2.060126746214086
[42 INFO root] 0.012358121573925018 -0.7231299877166748 2.043675299569301
[42 INFO root] 0.01220481563359499 -0.7228316068649292 2.0258420315661354
[42 INFO root] 0.012065598741173744 -0.7225484251976013 2.006607637486002
[42 INFO root] 0.011938557960093021 -0.722277045249939 1.9859491996943268
[42 INFO root] 0.011821954511106014 -0.7220140099525452 1.9638415562144564
[42 INFO root] 0.011714235879480839 -0.721755862236023 1.9402588061228896
[42 INFO root] 0.011614049784839153 -0.721498966217041 1.9151759710039793
[42 INFO root] 0.011520275846123695 -0.7212395668029785 1.8885708251725684
[42 INFO root] 0.011432057246565819 -0.7209737300872803 1.8604259010720914
[42 INFO root] 0.011348851956427097 -0.720697283744812 1.8307306707127062
[42 INFO root] 0.011270479299128056 -0.7204059362411499 1.7994838994607918
[42 INFO root] 0.01119717862457037 -0.7200952172279358 1.7666961646343486
[42 INFO root] 0.011129671707749367 -0.7197604179382324 1.732392526884879
[42 INFO root] 0.011069221422076225 -0.7193969488143921 1.696615334803566
[42 INFO root] 0.01101768109947443 -0.7190000414848328 1.6594271289731382
[42 INFO root] 0.010977531783282757 -0.7185651659965515 1.620913586622126
[42 INFO root] 0.010951901786029339 -0.7180880904197693 1.5811864082302993
[42 INFO root] 0.010944550856947899 -0.7175648212432861 1.540385990953091
[42 INFO root] 0.010959816165268421 -0.7169921398162842 1.498683662527943
[42 INFO root] 0.011002515442669392 -0.7163676023483276 1.4562831712830715
[42 INFO root] 0.011077786795794964 -0.7156897783279419 1.4134210584348283
[42 INFO root] 0.01119087915867567 -0.7149582505226135 1.3703655008923328
[42 INFO root] 0.011346879415214062 -0.7141742706298828 1.327413233893169
[42 INFO root] 0.011550410650670528 -0.7133402228355408 1.2848842691317615
[42 INFO root] 0.011805298738181591 -0.7124601602554321 1.2431143294401032
[42 INFO root] 0.01211425568908453 -0.7115393280982971 1.2024452169548536
[42 INFO root] 0.01247861422598362 -0.710584282875061 1.1632136765351417
[42 INFO root] 0.01289814431220293 -0.709602415561676 1.1257396402108146
[42 INFO root] 0.013370982371270657 -0.7086017727851868 1.0903149555547336
[42 INFO root] 0.013893689028918743 -0.7075904011726379 1.0571937380391747
[42 INFO root] 0.014461432583630085 -0.7065762281417847 1.026585313554149
[42 INFO root] 0.01506826188415289 -0.7055666446685791 0.9986503606691212
[42 INFO root] 0.015707453712821007 -0.7045680284500122 0.973500403684959
[42 INFO root] 0.01637187786400318 -0.7035858631134033 0.9512003569209997
[42 INFO root] 0.01705433614552021 -0.7026245594024658 0.9317727950972723
[42 INFO root] 0.017747877165675163 -0.7016873359680176 0.9152045582426079
[42 INFO root] 0.018446022644639015 -0.7007763385772705 0.9014544136206475
[42 INFO root] 0.019142933189868927 -0.6998929977416992 0.8904606715906013
[42 INFO root] 0.019833501428365707 -0.6990376114845276 0.8821481224930726
[42 INFO root] 0.020513396710157394 -0.6982101202011108 0.8764339435118452
[42 INFO root] 0.02117905206978321 -0.6974098086357117 0.8732324314031585
[42 INFO root] 0.021827638149261475 -0.6966354250907898 0.8724585720597748
[42 INFO root] 0.022470973432064056 -0.6958689093589783 0.8724053777424311
[42 INFO root] 0.023113954812288284 -0.6951030492782593 0.8724053777424311
[42 INFO root] 0.02375694178044796 -0.6943371891975403 0.8724053777424311
[42 INFO root] 0.024399928748607635 -0.6935712695121765 0.8724053777424311
[42 INFO root] 0.025042913854122162 -0.6928054094314575 0.8724053777424311
[42 INFO root] 0.025685900822281837 -0.6920395493507385 0.8724053777424311
[42 INFO root] 0.026328885927796364 -0.6912736892700195 0.8724053777424311
[42 INFO root] 0.026965400204062462 -0.6905155181884766 0.8722995307486933
[42 INFO root] 0.027562599629163742 -0.6898043155670166 0.8715267926435237
[42 INFO root] 0.028116492554545403 -0.6891456246376038 0.8699672130494778
[42 INFO root] 0.028626659885048866 -0.6885406970977783 0.8675474803489236
[42 INFO root] 0.029092706739902496 -0.6879907250404358 0.864186799830508
[42 INFO root] 0.02951446920633316 -0.6874963045120239 0.859801551143721
[42 INFO root] 0.02989215962588787 -0.687057375907898 0.854309642213709
[42 INFO root] 0.030226487666368484 -0.6866729855537415 0.8476348892339971
[42 INFO root] 0.030518746003508568 -0.6863413453102112 0.8397106912415302
[42 INFO root] 0.030770815908908844 -0.6860597729682922 0.8304826651732571
[42 INFO root] 0.0309851486235857 -0.6858246922492981 0.8199100690349284
[42 INFO root] 0.031164702028036118 -0.6856318116188049 0.8079658835313385
[42 INFO root] 0.03131283074617386 -0.6854764223098755 0.794635582078292
[42 INFO root] 0.031432852149009705 -0.6853537559509277 0.7799051814155054
[42 INFO root] 0.03152661770582199 -0.6852606534957886 0.763714857621044
[42 INFO root] 0.03159622102975845 -0.6851937174797058 0.7460068038870331
[42 INFO root] 0.03164433687925339 -0.6851490139961243 0.7267362657776807
[42 INFO root] 0.03167406842112541 -0.6851224303245544 0.7058683043488012
[42 INFO root] 0.03168878331780434 -0.6851097941398621 0.6833731288284952
[42 INFO root] 0.03169196471571922 -0.6851071119308472 0.6592216550591437
[42 INFO root] 0.03168714419007301 -0.685110867023468 0.6333816632165663
[42 INFO root] 0.03167782351374626 -0.6851177215576172 0.605814695784399
[42 INFO root] 0.03166749328374863 -0.685124933719635 0.576473710692094
[42 INFO root] 0.03165964037179947 -0.6851300597190857 0.5453014497432307
[42 INFO root] 0.03165782243013382 -0.6851311922073364 0.512229474053733
[42 INFO root] 0.031665731221437454 -0.685126781463623 0.4771778486494942
[42 INFO root] 0.031687311828136444 -0.6851155757904053 0.4400554423080687
[42 INFO root] 0.03172687068581581 -0.6850968599319458 0.40076083630096737
[42 INFO root] 0.03178921341896057 -0.6850702166557312 0.3591838874504821
[42 INFO root] 0.03187975659966469 -0.6850359439849854 0.31520806306843535
[42 INFO root] 0.032004695385694504 -0.6849946975708008 0.26871376695201415
[42 INFO root] 0.0321711041033268 -0.6849482655525208 0.21958287359329565
[42 INFO root] 0.03238705173134804 -0.6848991513252258 0.16770519817161691
[42 INFO root] 0.032661616802215576 -0.6848514676094055 0.11298107414257988
[42 INFO root] 0.0330050028860569 -0.6848109364509583 0.055346385619564197
[42 INFO root] 0.03342839330434799 -0.6847854852676392 -0.005203939800384673
[42 INFO root] 0.033943481743335724 -0.6847855448722839 -0.0685958451172943
[42 INFO root] 0.034561771899461746 -0.6848247051239014 -0.13465357180396584
[42 INFO root] 0.03529352694749832 -0.6849195957183838 -0.2030741830750873
[42 INFO root] 0.03614646941423416 -0.6850900053977966 -0.27340153951094576
[42 INFO root] 0.0371241569519043 -0.6853577494621277 -0.34500424296818255
[42 INFO root] 0.03822432458400726 -0.6857452988624573 -0.41706443535767845
[42 INFO root] 0.039437439292669296 -0.686273455619812 -0.48858666244862253
[42 INFO root] 0.04074595868587494 -0.6869581937789917 -0.5584337633660296
[42 INFO root] 0.04212469607591629 -0.6878073215484619 -0.6253956556654916
[42 INFO root] 0.043542586266994476 -0.6888176798820496 -0.6882880585090836
[42 INFO root] 0.04496576264500618 -0.6899738907814026 -0.7460662015665888
[42 INFO root] 0.046361278742551804 -0.6912492513656616 -0.797928871520085
[42 INFO root] 0.04770059511065483 -0.6926084756851196 -0.8433867621702543
[42 INFO root] 0.04896197095513344 -0.6940122842788696 -0.8822788571680947
[42 INFO root] 0.050131384283304214 -0.6954219341278076 -0.914737510819642
[42 INFO root] 0.05120205134153366 -0.6968030333518982 -0.9411181955275026
[42 INFO root] 0.05217308923602104 -0.6981279850006104 -0.9619163899025513
[42 INFO root] 0.05304783582687378 -0.6993765830993652 -0.9776909558551431
[42 INFO root] 0.053832270205020905 -0.7005360722541809 -0.9890050213546793
[42 INFO root] 0.054533760994672775 -0.7015997171401978 -0.9963871017679915
[42 INFO root] 0.055160149931907654 -0.7025658488273621 -1.0003101568664508
[42 INFO root] 0.05571920424699783 -0.7034363150596619 -1.0011832502564741
[42 INFO root] 0.056259822100400925 -0.7042803168296814 -1.0012404625810167
[42 INFO root] 0.056799083948135376 -0.7051224112510681 -1.0012404625810167
[42 INFO root] 0.05733834207057953 -0.7059645652770996 -1.0012404625810167
[42 INFO root] 0.05787760019302368 -0.7068067193031311 -1.0012404625810167
[42 INFO root] 0.058416858315467834 -0.7076488733291626 -1.0012404625810167
[42 INFO root] 0.05895611643791199 -0.7084909677505493 -1.0012404625810167
[42 INFO root] 0.05949537456035614 -0.7093331217765808 -1.0012404625810167
[42 INFO root] 0.06003463268280029 -0.7101752758026123 -1.0012404625810167
[42 INFO root] 0.060573890805244446 -0.7110174298286438 -1.0012404625810167
[42 INFO root] 0.0611131489276886 -0.7118595242500305 -1.0012404625810167
[42 INFO root] 0.06165240705013275 -0.712701678276062 -1.0012404625810167
[42 INFO root] 0.062191665172576904 -0.7135438323020935 -1.0012404625810167
[42 INFO root] 0.06273092329502106 -0.714385986328125 -1.0012404625810167
[42 INFO root] 0.06327018141746521 -0.7152281403541565 -1.0012404625810167
[42 INFO root] 0.06380943953990936 -0.7160702347755432 -1.0012404625810167
[42 INFO root] 0.06434869766235352 -0.7169123888015747 -1.0012404625810167
[42 INFO root] 0.06488795578479767 -0.7177545428276062 -1.0012404625810167
[42 INFO root] 0.06542721390724182 -0.7185966968536377 -1.0012404625810167
[42 INFO root] 0.06596647202968597 -0.7194387912750244 -1.0012404625810167
[42 INFO root] 0.06650573015213013 -0.7202809453010559 -1.0012404625810167
[42 INFO root] 0.06704498827457428 -0.7211230993270874 -1.0012404625810167
[42 INFO root] 0.06758424639701843 -0.7219652533531189 -1.0012404625810167
[42 INFO root] 0.06812350451946259 -0.7228074073791504 -1.0012404625810167
[42 INFO root] 0.06866276264190674 -0.7236495018005371 -1.0012404625810167
[42 INFO root] 0.06920202076435089 -0.7244916558265686 -1.0012404625810167
[42 INFO root] 0.06974127888679504 -0.7253338098526001 -1.0012404625810167
[42 INFO root] 0.0702805370092392 -0.7261759638786316 -1.0012404625810167
[42 INFO root] 0.07081979513168335 -0.7270180583000183 -1.0012404625810167
[42 INFO root] 0.0713590532541275 -0.7278602123260498 -1.0012404625810167
[42 INFO root] 0.07189831137657166 -0.7287023663520813 -1.0012404625810167
[42 INFO root] 0.07243756949901581 -0.7295445203781128 -1.0012404625810167
[42 INFO root] 0.07297682762145996 -0.7303866744041443 -1.0012404625810167
[42 INFO root] 0.07351608574390411 -0.731228768825531 -1.0012404625810167
[42 INFO root] 0.07405534386634827 -0.7320709228515625 -1.0012404625810167
[42 INFO root] 0.07459460198879242 -0.732913076877594 -1.0012404625810167
[42 INFO root] 0.07513386011123657 -0.7337552309036255 -1.0012404625810167
[42 INFO root] 0.07567311823368073 -0.7345973253250122 -1.0012404625810167
[42 INFO root] 0.07621237635612488 -0.7354394793510437 -1.0012404625810167
[42 INFO root] 0.07675163447856903 -0.7362816333770752 -1.0012404625810167
[42 INFO root] 0.07729089260101318 -0.7371237874031067 -1.0012404625810167
[42 INFO root] 0.07783015072345734 -0.7379658818244934 -1.0012404625810167
[42 INFO root] 0.07836940884590149 -0.7388080358505249 -1.0012404625810167
[42 INFO root] 0.07890866696834564 -0.7396501898765564 -1.0012404625810167
[42 INFO root] 0.0794479250907898 -0.7404923439025879 -1.0012404625810167
[42 INFO root] 0.07998718321323395 -0.7413344979286194 -1.0012404625810167
[42 INFO root] 0.0805264413356781 -0.7421765923500061 -1.0012404625810167
[42 INFO root] 0.08106569945812225 -0.7430187463760376 -1.0012404625810167
[42 INFO root] 0.0816049575805664 -0.7438609004020691 -1.0012404625810167
[42 INFO root] 0.08214421570301056 -0.7447030544281006 -1.0012404625810167
[42 INFO root] 0.08268347382545471 -0.7455451488494873 -1.0012404625810167
[42 INFO root] 0.08322273194789886 -0.7463873028755188 -1.0012404625810167
[42 INFO root] 0.08376199007034302 -0.7472294569015503 -1.0012404625810167
[42 INFO root] 0.08430124819278717 -0.7480716109275818 -1.0012404625810167
[42 INFO root] 0.08484049886465073 -0.7489137649536133 -1.0012404625810167
[42 INFO root] 0.08537975698709488 -0.749755859375 -1.0012404625810167
[42 INFO root] 0.08591901510953903 -0.7505980134010315 -1.0012404625810167
[42 INFO root] 0.08644074201583862 -0.7514127492904663 -1.0033494297958254
[42 INFO root] 0.08692965656518936 -0.7521795034408569 -1.0093327519349191
[42 INFO root] 0.08738620579242706 -0.7529042959213257 -1.0190381632515464
[42 INFO root] 0.08781304210424423 -0.7535961866378784 -1.0321360606035153
[42 INFO root] 0.08821310102939606 -0.7542635202407837 -1.048340492001066
[42 INFO root] 0.08858931809663773 -0.754914402961731 -1.0674029623071184
[42 INFO root] 0.08894440531730652 -0.7555561661720276 -1.0891048095508873
[42 INFO root] 0.08928070962429047 -0.7561960816383362 -1.1132504365118656
[42 INFO root] 0.0896001085639 -0.7568408250808716 -1.1396612824308938
[42 INFO root] 0.08990395069122314 -0.7574967741966248 -1.168170414778065
[42 INFO root] 0.09019298106431961 -0.7581701874732971 -1.198617648418775
[42 INFO root] 0.09046729654073715 -0.7588667273521423 -1.2308451342597786
[42 INFO root] 0.0907263532280922 -0.7595919370651245 -1.2646933982945892
[42 INFO root] 0.09096893668174744 -0.7603508830070496 -1.2999978526469735
[42 INFO root] 0.09119318425655365 -0.7611480951309204 -1.3365858402716826
[42 INFO root] 0.09139661490917206 -0.761987566947937 -1.3742743110486415
[42 INFO root] 0.09157617390155792 -0.7628727555274963 -1.412868254471065
[42 INFO root] 0.09172836691141129 -0.7638061046600342 -1.4521600271657025
[42 INFO root] 0.09184931218624115 -0.7647892832756042 -1.4919297057542733
[42 INFO root] 0.09193497151136398 -0.7658229470252991 -1.5319465615285288
[42 INFO root] 0.09198126196861267 -0.7669064998626709 -1.571971690243832
[42 INFO root] 0.09198428690433502 -0.7680383920669556 -1.6117617400612694
[42 INFO root] 0.09194055199623108 -0.7692158222198486 -1.6510735718030298
[42 INFO root] 0.09184713661670685 -0.7704349756240845 -1.6896695734940186
[42 INFO root] 0.09170188754796982 -0.7716909646987915 -1.7273232557640568
[42 INFO root] 0.0915035530924797 -0.7729783654212952 -1.7638246968887523
[42 INFO root] 0.09125186502933502 -0.7742908596992493 -1.798985401969645
[42 INFO root] 0.09094756096601486 -0.7756220102310181 -1.83264219581544
[42 INFO root] 0.09059236198663712 -0.7769652009010315 -1.8646598764705506
[42 INFO root] 0.0901888757944107 -0.7783138751983643 -1.8949324973110642
[42 INFO root] 0.08974050730466843 -0.7796617150306702 -1.9233832945948792
[42 INFO root] 0.08925125002861023 -0.7810030579566956 -1.9499634087318058
[42 INFO root] 0.08872557431459427 -0.7823326587677002 -1.974649642153645
[42 INFO root] 0.08816823363304138 -0.7836458683013916 -1.9974415454974603
[42 INFO root] 0.08758412301540375 -0.7849386930465698 -2.0183581282904512
[42 INFO root] 0.08697813004255295 -0.7862078547477722 -2.037434459719122
[42 INFO root] 0.086355060338974 -0.7874507308006287 -2.054718372524316
[42 INFO root] 0.08571948856115341 -0.7886651158332825 -2.070267421790497
[42 INFO root] 0.085075743496418 -0.7898494005203247 -2.084146191014385
[42 INFO root] 0.08442781865596771 -0.7910024523735046 -2.0964239872334023
[42 INFO root] 0.08377937972545624 -0.792123556137085 -2.1071729283888234
[42 INFO root] 0.08313371986150742 -0.793212354183197 -2.1164663998448705
[42 INFO root] 0.08249375224113464 -0.7942686080932617 -2.124377841610458
[42 INFO root] 0.08186203241348267 -0.7952926158905029 -2.130979820967823
[42 INFO root] 0.08124075084924698 -0.7962846755981445 -2.136343344391198
[42 INFO root] 0.08064495772123337 -0.7972245216369629 -2.1413064503228987
[42 INFO root] 0.08009093999862671 -0.7980889081954956 -2.1469056512116107
[42 INFO root] 0.07957662642002106 -0.7988816499710083 -2.1532627022785955
[42 INFO root] 0.0790979266166687 -0.7996094822883606 -2.1603966674173143
[42 INFO root] 0.07865095883607864 -0.8002787232398987 -2.1683341636891615
[42 INFO root] 0.078232042491436 -0.8008954524993896 -2.177106244371829
[42 INFO root] 0.0778309628367424 -0.8014749884605408 -2.1870428391819488
[42 INFO root] 0.07744281738996506 -0.8020241856575012 -2.1982447554208107
[42 INFO root] 0.07706562429666519 -0.8025456070899963 -2.210701020125169
[42 INFO root] 0.0766976997256279 -0.8030411601066589 -2.224397490394731
[42 INFO root] 0.07633741199970245 -0.8035129904747009 -2.239324942642758
[42 INFO root] 0.07598315179347992 -0.8039628863334656 -2.2554789686324894
[42 INFO root] 0.07563330978155136 -0.8043928742408752 -2.2728589374328307
[42 INFO root] 0.07528626918792725 -0.8048046827316284 -2.291468066314406
[42 INFO root] 0.07494036853313446 -0.8052000403404236 -2.311312563165179
[42 INFO root] 0.0745939165353775 -0.8055806159973145 -2.33240126127899
[42 INFO root] 0.0742451474070549 -0.8059479594230652 -2.3547452110593703
[42 INFO root] 0.07389219850301743 -0.8063035011291504 -2.378357111720165
[42 INFO root] 0.07353313267230988 -0.8066486120223999 -2.403250694525665
[42 INFO root] 0.07316586375236511 -0.806984543800354 -2.429440211664635
[42 INFO root] 0.07278820127248764 -0.8073123097419739 -2.4569397479221027
[42 INFO root] 0.07239777594804764 -0.8076328039169312 -2.4857621791310787
[42 INFO root] 0.07199207693338394 -0.8079468011856079 -2.5159182851706627
[42 INFO root] 0.07156841456890106 -0.8082548379898071 -2.547415834279704
[42 INFO root] 0.07112392783164978 -0.8085570931434631 -2.5802582881965495
[42 INFO root] 0.07065557688474655 -0.8088536858558655 -2.614443071799062
[42 INFO root] 0.07016017287969589 -0.8091442584991455 -2.6499604949930613
[42 INFO root] 0.06963437050580978 -0.8094281554222107 -2.6867916247587362
[42 INFO root] 0.06907472759485245 -0.8097043037414551 -2.724906450160478
[42 INFO root] 0.06847775727510452 -0.8099710941314697 -2.764261791424186
[42 INFO root] 0.06783997267484665 -0.8102266788482666 -2.8047988987730186
[42 INFO root] 0.06715801358222961 -0.8104684352874756 -2.8464419847200797
[42 INFO root] 0.06642873585224152 -0.8106933236122131 -2.8890955840436585
[42 INFO root] 0.06564933806657791 -0.8108977675437927 -2.9326430804247496
[42 INFO root] 0.06481754779815674 -0.8110777735710144 -2.97694546433574
[42 INFO root] 0.06393174082040787 -0.8112287521362305 -3.0218409780472313
[42 INFO root] 0.06299111992120743 -0.8113460540771484 -3.067144920444624
[42 INFO root] 0.06199587136507034 -0.8114246129989624 -3.112651685828648
[42 INFO root] 0.06094728410243988 -0.8114595413208008 3.1250486798616373
[42 INFO root] 0.05984782055020332 -0.8114461302757263 3.0798251254177367
[42 INFO root] 0.05870116502046585 -0.8113802075386047 3.0351126738156595
[42 INFO root] 0.05751216411590576 -0.8112583160400391 2.991165181812106
[42 INFO root] 0.05628671869635582 -0.811077892780304 2.948234135850241
[42 INFO root] 0.055031612515449524 -0.8108375668525696 2.9065620510391885
[42 INFO root] 0.05375427380204201 -0.8105372190475464 2.8663757816516893
[42 INFO root] 0.05246249958872795 -0.8101779222488403 2.8278806901716558
[42 INFO root] 0.0511641688644886 -0.8097621202468872 2.791256256209538
[42 INFO root] 0.04986695945262909 -0.8092934489250183 2.756652537575724
[42 INFO root] 0.048578109592199326 -0.8087764382362366 2.724188340679341
[42 INFO root] 0.04730420187115669 -0.8082164525985718 2.6939513045152386
[42 INFO root] 0.04605100676417351 -0.8076193928718567 2.6659989899591072
[42 INFO root] 0.04482342302799225 -0.8069915175437927 2.6403612223795254
[42 INFO root] 0.04362541064620018 -0.8063391447067261 2.617043110730425
[42 INFO root] 0.042460013180971146 -0.8056684732437134 2.5960287378403977
[42 INFO root] 0.041329413652420044 -0.804985523223877 2.577285013761998
[42 INFO root] 0.0402350015938282 -0.8042957186698914 2.5607652185683905
[42 INFO root] 0.039177462458610535 -0.8036041259765625 2.546412996794024
[42 INFO root] 0.03815688192844391 -0.8029152750968933 2.534165267419312
[42 INFO root] 0.037172846496105194 -0.802233099937439 2.5239549314380416
[42 INFO root] 0.03622451052069664 -0.8015609979629517 2.515713247275848
[42 INFO root] 0.035310711711645126 -0.8009016513824463 2.5093716358681957
[42 INFO root] 0.03443002328276634 -0.8002573847770691 2.5048635174043867
[42 INFO root] 0.03358082473278046 -0.7996300458908081 2.502125077364989
[42 INFO root] 0.032761350274086 -0.7990209460258484 2.5010960113378577
[42 INFO root] 0.03195808082818985 -0.7984223961830139 2.501010138529424
[42 INFO root] 0.031156327575445175 -0.7978247404098511 2.501010138529424
[42 INFO root] 0.030354579910635948 -0.7972270846366882 2.501010138529424
[42 INFO root] 0.02955283224582672 -0.7966294288635254 2.501010138529424
[42 INFO root] 0.028751084581017494 -0.7960317730903625 2.501010138529424
