[46 INFO root] Initialising Python Geth Console...
[46 INFO root] Initialising RandB board...
[46 INFO root] Initialising resource sensor...
[46 INFO root] Initialising random-walk...
[46 INFO root] Initialising navigation...
[46 INFO root] Initialising Odo...
[46 INFO root] Initialising odometry...
[46 INFO root] Initialising gps...
[46 INFO root] Initialising Ground sensor...
[46 INFO root] --//-- Starting Experiment --//--
[46 INFO root] x y direction
[46 INFO root] 0.7216020226478577 0.2537739872932434 2.9237581096483813
[46 INFO root] 0.7212592959403992 0.2538498640060425 2.9814279936591572
[46 INFO root] 0.7207528948783875 0.25393393635749817 3.043797247847655
[46 INFO root] 0.7200876474380493 0.25400251150131226 3.1021618116877523
[46 INFO root] 0.7192850708961487 0.2540381848812103 -3.1268983623080473
[46 INFO root] 0.7183709144592285 0.25402915477752686 -3.0768874790233873
[46 INFO root] 0.7173686623573303 0.25396886467933655 -3.0307984216007826
[46 INFO root] 0.7162989377975464 0.25385454297065735 -2.9884199343962443
[46 INFO root] 0.7151793241500854 0.2536863386631012 -2.949548962044776
[46 INFO root] 0.7140249013900757 0.2534663677215576 -2.914001632794702
[46 INFO root] 0.7128483057022095 0.25319817662239075 -2.8816127385829713
[46 INFO root] 0.7116603255271912 0.25288623571395874 -2.8522285129547007
[46 INFO root] 0.7104698419570923 0.25253555178642273 -2.825698496438894
[46 INFO root] 0.7092840671539307 0.2521514594554901 -2.8018702726946927
[46 INFO root] 0.7081087827682495 0.2517392635345459 -2.780587837795768
[46 INFO root] 0.7069485187530518 0.2513040006160736 -2.7616926653796035
[46 INFO root] 0.7058064341545105 0.25085052847862244 -2.745026005178458
[46 INFO root] 0.7046850323677063 0.2503831386566162 -2.7304310982293742
[46 INFO root] 0.7035856246948242 0.24990572035312653 -2.717754419076308
[46 INFO root] 0.7025089859962463 0.249421626329422 -2.706845461625745
[46 INFO root] 0.7014552354812622 0.24893368780612946 -2.697554880890599
[46 INFO root] 0.7004236578941345 0.24844415485858917 -2.6897284134503767
[46 INFO root] 0.699413001537323 0.2479546219110489 -2.6831986619135852
[46 INFO root] 0.6984211206436157 0.24746598303318024 -2.6777765858552263
[46 INFO root] 0.6974447965621948 0.246978297829628 -2.6732417353699427
[46 INFO root] 0.6964793801307678 0.2464904487133026 -2.6693065693593034
[46 INFO root] 0.6955181956291199 0.24599990248680115 -2.6656048021421372
[46 INFO root] 0.6945527791976929 0.24550265073776245 -2.6617010500533915
[46 INFO root] 0.6935732364654541 0.24499329924583435 -2.6571142194916217
[46 INFO root] 0.6925686597824097 0.2444651573896408 -2.6513512807378268
[46 INFO root] 0.6915279030799866 0.24391046166419983 -2.643940345715762
[46 INFO root] 0.6904401183128357 0.2433205097913742 -2.6344726916835883
[46 INFO root] 0.6892958879470825 0.24268613755702972 -2.6226428920936513
[46 INFO root] 0.6880866289138794 0.24199724197387695 -2.6082275992925417
[46 INFO root] 0.6868069767951965 0.24124401807785034 -2.5911689141392693
[46 INFO root] 0.6854575276374817 0.24041888117790222 -2.5716716000196556
[46 INFO root] 0.6840447783470154 0.2395171821117401 -2.5501568042069267
[46 INFO root] 0.6825794577598572 0.23853737115859985 -2.527171749401926
[46 INFO root] 0.6810749173164368 0.23748086392879486 -2.5033045059045964
[46 INFO root] 0.6795456409454346 0.23635180294513702 -2.479118520332146
[46 INFO root] 0.6780060529708862 0.23515668511390686 -2.4551101605848564
[46 INFO root] 0.6764696836471558 0.23390379548072815 -2.431686960914358
[46 INFO root] 0.6749484539031982 0.2326025813817978 -2.4091618344111527
[46 INFO root] 0.6734523177146912 0.2312631756067276 -2.38775809650041
[46 INFO root] 0.6719894409179688 0.22989578545093536 -2.367620727303678
[46 INFO root] 0.670566201210022 0.228510320186615 -2.348830348727495
[46 INFO root] 0.6691871285438538 0.22711610794067383 -2.3314174516875177
[46 INFO root] 0.667855441570282 0.22572165727615356 -2.315375434583101
[46 INFO root] 0.6665729880332947 0.22433455288410187 -2.300671697739452
[46 INFO root] 0.665340781211853 0.2229614555835724 -2.287256604730598
[46 INFO root] 0.6641588807106018 0.22160805761814117 -2.2750703909953436
[46 INFO root] 0.6630269885063171 0.22027912735939026 -2.264048296936673
[46 INFO root] 0.6619440317153931 0.2189786732196808 -2.2541242242264867
[46 INFO root] 0.6609088182449341 0.21770985424518585 -2.2452332350546436
[46 INFO root] 0.659919798374176 0.21647509932518005 -2.2373109689415203
[46 INFO root] 0.6589750647544861 0.2152761071920395 -2.230295196267043
[46 INFO root] 0.6580727100372314 0.2141139656305313 -2.224128338763978
[46 INFO root] 0.6572105884552002 0.2129891961812973 -2.218755434133113
[46 INFO root] 0.6563863754272461 0.2119016796350479 -2.2141224780228312
[46 INFO root] 0.6556000709533691 0.2108539193868637 -2.2102301319389017
[46 INFO root] 0.6548519134521484 0.20984876155853271 -2.207088685701936
[46 INFO root] 0.6541414856910706 0.20888780057430267 -2.204691005607936
[46 INFO root] 0.6534669399261475 0.20797066390514374 -2.203002329557201
[46 INFO root] 0.6528245806694031 0.20709402859210968 -2.201950139550703
[46 INFO root] 0.6522098779678345 0.20625320076942444 -2.2014482924331604
[46 INFO root] 0.6516178846359253 0.2054424285888672 -2.2014008814237314
[46 INFO root] 0.6510282158851624 0.20463474094867706 -2.2014005878125706
[46 INFO root] 0.6504386067390442 0.20382706820964813 -2.2014005878125706
[46 INFO root] 0.6498489379882812 0.2030193954706192 -2.2014005878125706
[46 INFO root] 0.6492593288421631 0.20221172273159027 -2.2014005878125706
[46 INFO root] 0.6486696600914001 0.20140404999256134 -2.2014005878125706
[46 INFO root] 0.648080050945282 0.2005963772535324 -2.2014005878125706
[46 INFO root] 0.6474878191947937 0.19978509843349457 -2.2013472474183335
[46 INFO root] 0.6468685269355774 0.19893677532672882 -2.200751392923936
[46 INFO root] 0.6462172865867615 0.1980435997247696 -2.199520546994492
[46 INFO root] 0.6455333828926086 0.19710330665111542 -2.1976609392192565
[46 INFO root] 0.6448178887367249 0.1961158961057663 -2.195226262636018
[46 INFO root] 0.6441100835800171 0.19513416290283203 -2.1918973220205453
[46 INFO root] 0.6434339880943298 0.19418999552726746 -2.1874813530447272
[46 INFO root] 0.6427886486053467 0.19328059256076813 -2.182053231771427
[46 INFO root] 0.6421717405319214 0.19240131974220276 -2.17573927397177
[46 INFO root] 0.6415817737579346 0.19154928624629974 -2.1686826378569655
[46 INFO root] 0.6410180330276489 0.1907227486371994 -2.1610337047782573
[46 INFO root] 0.6404796838760376 0.18992052972316742 -2.1529428978072853
[46 INFO root] 0.6399659514427185 0.18914149701595306 -2.144555959900973
[46 INFO root] 0.6394757628440857 0.18838439881801605 -2.136011231854969
[46 INFO root] 0.639007568359375 0.18764765560626984 -2.1274382946055077
[46 INFO root] 0.6385596990585327 0.1869293600320816 -2.118957289961791
[46 INFO root] 0.6381301879882812 0.18622726202011108 -2.1106782953129306
[46 INFO root] 0.6377169489860535 0.18553903698921204 -2.102700296220998
[46 INFO root] 0.637317955493927 0.18486230075359344 -2.095109550366784
[46 INFO root] 0.6369313597679138 0.18419493734836578 -2.0879774157195325
[46 INFO root] 0.6365554332733154 0.18353520333766937 -2.0813579600631376
[46 INFO root] 0.6361889243125916 0.1828819066286087 -2.0752858197764583
[46 INFO root] 0.6358309388160706 0.18223442137241364 -2.0697748162323224
[46 INFO root] 0.6354807615280151 0.18159280717372894 -2.064817660751824
[46 INFO root] 0.6351383328437805 0.18095770478248596 -2.0603869083823274
[46 INFO root] 0.6347999572753906 0.18032333254814148 -2.0564680353122835
[46 INFO root] 0.6344419717788696 0.17964570224285126 -2.0532306830812503
[46 INFO root] 0.6340644955635071 0.1789254993200302 -2.0506255696070173
[46 INFO root] 0.6336706876754761 0.17816917598247528 -2.048564943783949
[46 INFO root] 0.6332634091377258 0.17738306522369385 -2.046958325277501
[46 INFO root] 0.6328455209732056 0.17657312750816345 -2.045716969517055
[46 INFO root] 0.6324195861816406 0.17574487626552582 -2.0447568293277243
[46 INFO root] 0.6319878101348877 0.17490333318710327 -2.044000768394395
[46 INFO root] 0.6315522789955139 0.17405293881893158 -2.0433800474191703
[46 INFO root] 0.6311149001121521 0.17319752275943756 -2.042835164843988
[46 INFO root] 0.6306758522987366 0.1723376214504242 -2.042191563337251
[46 INFO root] 0.63022381067276 0.1714509129524231 -2.040257920180952
[46 INFO root] 0.6297624111175537 0.17054180800914764 -2.037156343452605
[46 INFO root] 0.6292962431907654 0.1696164757013321 -2.0331474996006906
[46 INFO root] 0.6288288831710815 0.1686795949935913 -2.028452101267886
[46 INFO root] 0.6283629536628723 0.167734757065773 -2.0232518846014425
[46 INFO root] 0.6279004812240601 0.1667846143245697 -2.0176935697978893
[46 INFO root] 0.6274428367614746 0.165831059217453 -2.01189254912682
[46 INFO root] 0.6269909739494324 0.1648753434419632 -2.005936183541722
[46 INFO root] 0.6265453100204468 0.1639181226491928 -1.9998867778290896
[46 INFO root] 0.6261060237884521 0.16295957565307617 -1.9937843416828518
[46 INFO root] 0.6256731152534485 0.1619993895292282 -1.9876492501526546
[46 INFO root] 0.6252461671829224 0.161036878824234 -1.9814849008611575
[46 INFO root] 0.6248248815536499 0.1600710153579712 -1.975280436565564
[46 INFO root] 0.6244087219238281 0.1591005176305771 -1.969013564016992
[46 INFO root] 0.623997151851654 0.15812388062477112 -1.9626534605260002
[46 INFO root] 0.6235896348953247 0.15713949501514435 -1.9561637218203007
[46 INFO root] 0.6231857538223267 0.15614569187164307 -1.9495053054166598
[46 INFO root] 0.6227851510047913 0.15514087677001953 -1.9426393553135288
[46 INFO root] 0.6223875880241394 0.1541234850883484 -1.9355297245462897
[46 INFO root] 0.6219930052757263 0.1530921906232834 -1.9281450904720132
[46 INFO root] 0.6216014623641968 0.1520458459854126 -1.920460621995285
[46 INFO root] 0.6212131977081299 0.15098358690738678 -1.9124595636218473
[46 INFO root] 0.6208286285400391 0.14990483224391937 -1.9041344084103031
[46 INFO root] 0.6204482913017273 0.14880941808223724 -1.8954874460140492
[46 INFO root] 0.6200729608535767 0.14769747853279114 -1.8865309645124706
[46 INFO root] 0.6197034120559692 0.14656953513622284 -1.8772869007111501
[46 INFO root] 0.6193429231643677 0.14543417096138 -1.8676162403060925
[46 INFO root] 0.6189947724342346 0.14429977536201477 -1.8573663144629118
[46 INFO root] 0.6186611652374268 0.14317195117473602 -1.8464255574946205
[46 INFO root] 0.6183435916900635 0.14205396175384521 -1.834724520665141
[46 INFO root] 0.6180431842803955 0.1409473568201065 -1.8222301109921004
[46 INFO root] 0.6177604794502258 0.13985249400138855 -1.8089400588040079
[46 INFO root] 0.6174958348274231 0.13876885175704956 -1.7948780902203147
[46 INFO root] 0.617249608039856 0.1376953423023224 -1.7800898313771205
[46 INFO root] 0.6170217394828796 0.13663046061992645 -1.7646394039731943
[46 INFO root] 0.6168123483657837 0.13557246327400208 -1.748606638369113
[46 INFO root] 0.6166213750839233 0.13451945781707764 -1.7320848139282827
[46 INFO root] 0.616448700428009 0.13346947729587555 -1.7151788309121125
[46 INFO root] 0.6162943840026855 0.1324205845594406 -1.6980037202669345
[46 INFO root] 0.6161583065986633 0.1313708871603012 -1.6806834038245828
[46 INFO root] 0.6160403490066528 0.13031859695911407 -1.6633496244966148
[46 INFO root] 0.6159404516220093 0.1292620748281479 -1.646140973023732
[46 INFO root] 0.6158584356307983 0.12819983065128326 -1.629201942980804
[46 INFO root] 0.6157941222190857 0.12713056802749634 -1.612681949183933
[46 INFO root] 0.6157472133636475 0.12605318427085876 -1.5967342463498535
[46 INFO root] 0.6157172918319702 0.12496677041053772 -1.5815146854786681
[46 INFO root] 0.6157038807868958 0.12387062609195709 -1.5671802459379818
[46 INFO root] 0.6157063245773315 0.1227642372250557 -1.5538872828776145
[46 INFO root] 0.615723729133606 0.12164729088544846 -1.5417894336399514
[46 INFO root] 0.6157550811767578 0.12051963806152344 -1.531035135120771
[46 INFO root] 0.6157991290092468 0.11938132345676422 -1.5217647185763143
[46 INFO root] 0.6158544421195984 0.11823251843452454 -1.5141070719968808
[46 INFO root] 0.6159193515777588 0.11707353591918945 -1.508175815580342
[46 INFO root] 0.6159919500350952 0.1159047931432724 -1.504065144589655
[46 INFO root] 0.6160702109336853 0.11472677439451218 -1.5018455725537143
[46 INFO root] 0.6161514520645142 0.11354643851518631 -1.501173626209724
[46 INFO root] 0.6162323355674744 0.11238536983728409 -1.5007124146016786
[46 INFO root] 0.6163124442100525 0.11124341189861298 -1.5003089918306591
[46 INFO root] 0.6163918375968933 0.11011797189712524 -1.4999551953272185
[46 INFO root] 0.6164706945419312 0.10900679975748062 -1.4996441276896946
[46 INFO root] 0.6165489554405212 0.10790794342756271 -1.499369948194156
[46 INFO root] 0.6166267991065979 0.1068197712302208 -1.49912772499971
[46 INFO root] 0.6167042255401611 0.10574089735746384 -1.4989133211377148
[46 INFO root] 0.6167812943458557 0.10467015206813812 -1.4987233040223453
[46 INFO root] 0.6168580651283264 0.10360662639141083 -1.4985548692628525
[46 INFO root] 0.6169345378875732 0.10254957526922226 -1.4984057707770302
[46 INFO root] 0.6170107126235962 0.10149848461151123 -1.498274301038949
[46 INFO root] 0.61708664894104 0.10045304149389267 -1.4981593011067664
[46 INFO root] 0.6171623468399048 0.0994131863117218 -1.4980601105805902
[46 INFO root] 0.6172376871109009 0.09837902337312698 -1.4979764760977858
[46 INFO root] 0.6173126697540283 0.09735087305307388 -1.4979084398794023
[46 INFO root] 0.6173872351646423 0.09632916003465652 -1.4978562206831438
[46 INFO root] 0.6174613833427429 0.09531441330909729 -1.497820097304585
[46 INFO root] 0.6175348162651062 0.09430985152721405 -1.4986550209840106
[46 INFO root] 0.6176066398620605 0.09331703931093216 -1.500901072733565
[46 INFO root] 0.6176760792732239 0.09232886880636215 -1.5044615536852144
[46 INFO root] 0.6177419424057007 0.09134252369403839 -1.5092032614926387
[46 INFO root] 0.6178032159805298 0.09035682678222656 -1.5150163166367971
[46 INFO root] 0.6178588271141052 0.08937079459428787 -1.521808738622432
[46 INFO root] 0.6179079413414001 0.08838352560997009 -1.5295047145127703
[46 INFO root] 0.6179495453834534 0.08739415556192398 -1.5380438644905463
[46 INFO root] 0.6179829239845276 0.08640190213918686 -1.5473811144115868
[46 INFO root] 0.6180071830749512 0.08540599048137665 -1.5574870942866863
[46 INFO root] 0.6180214881896973 0.08440569788217545 -1.568348976447344
[46 INFO root] 0.618025004863739 0.08340025693178177 -1.5799716441315783
[46 INFO root] 0.6180168986320496 0.08238886296749115 -1.5923790264008064
[46 INFO root] 0.6179962158203125 0.08137062937021255 -1.6056138242816396
[46 INFO root] 0.6179618239402771 0.0803445428609848 -1.6197403813638698
[46 INFO root] 0.6179125308990479 0.0793093740940094 -1.634847376044734
[46 INFO root] 0.6178470253944397 0.07826364785432816 -1.6510484730301977
[46 INFO root] 0.6177636384963989 0.07720556110143661 -1.668480307954517
[46 INFO root] 0.617660403251648 0.07613293826580048 -1.6872973133276405
[46 INFO root] 0.6175349354743958 0.07504318654537201 -1.7076629235227705
[46 INFO root] 0.6173843741416931 0.07393355667591095 -1.7296956296979185
[46 INFO root] 0.6172055602073669 0.07280226051807404 -1.7532921746061068
[46 INFO root] 0.6170077323913574 0.07171548902988434 -1.7810359667902012
[46 INFO root] 0.6167903542518616 0.07068217545747757 -1.8135999980379744
[46 INFO root] 0.6165464520454407 0.06968311965465546 -1.850534192889498
[46 INFO root] 0.61626797914505 0.0687001645565033 -1.8912952791933588
[46 INFO root] 0.6159467697143555 0.0677192360162735 -1.9353412920640265
[46 INFO root] 0.615574300289154 0.06673035025596619 -1.9821235633430245
[46 INFO root] 0.615142285823822 0.06572763621807098 -2.0310836251691797
[46 INFO root] 0.6146433353424072 0.0647091493010521 -2.0816584991759974
[46 INFO root] 0.6140714287757874 0.06367702782154083 -2.1333419393486444
[46 INFO root] 0.6134224534034729 0.06263630837202072 -2.185634155957331
[46 INFO root] 0.612694501876831 0.06159427389502525 -2.238033821979647
[46 INFO root] 0.6118882298469543 0.06055992841720581 -2.290047398202725
[46 INFO root] 0.6110069751739502 0.05954330042004585 -2.3412003665212846
[46 INFO root] 0.6100572943687439 0.0585547536611557 -2.391047687956615
[46 INFO root] 0.6090481877326965 0.057604316622018814 -2.4391823679028475
[46 INFO root] 0.6079913377761841 0.056701041758060455 -2.4852415554258735
[46 INFO root] 0.6069003343582153 0.05585255101323128 -2.528910092951661
[46 INFO root] 0.6057899594306946 0.05506470799446106 -2.5699217882917766
[46 INFO root] 0.6046760082244873 0.054341450333595276 -2.60805884602822
[46 INFO root] 0.603574275970459 0.053684793412685394 -2.6431498761300727
[46 INFO root] 0.6024805307388306 0.05308439955115318 -2.6753881759375786
[46 INFO root] 0.6013776063919067 0.05252492427825928 -2.7066636700731266
[46 INFO root] 0.6002990007400513 0.05201953276991844 -2.738597673144361
[46 INFO root] 0.5992478132247925 0.051567256450653076 -2.770920202266505
[46 INFO root] 0.5982247591018677 0.05116571858525276 -2.8031844200282547
[46 INFO root] 0.5972326993942261 0.05081282556056976 -2.835004664503028
[46 INFO root] 0.5962721109390259 0.05050523579120636 -2.8656177023126665
[46 INFO root] 0.5953378081321716 0.05023743584752083 -2.89334031587922
[46 INFO root] 0.5944377779960632 0.05000653117895126 -2.9178574355299456
[46 INFO root] 0.5935806632041931 0.04980917274951935 -2.939092808170081
[46 INFO root] 0.5927731394767761 0.04964147508144379 -2.9570336633146117
[46 INFO root] 0.5919787287712097 0.04949168115854263 -2.9741381590432767
[46 INFO root] 0.5912264585494995 0.04936312139034271 -2.9908359318183155
[46 INFO root] 0.5905182957649231 0.04925425723195076 -3.00715631109044
[46 INFO root] 0.5898526906967163 0.04916306585073471 -3.0231127458007805
[46 INFO root] 0.5892282724380493 0.04908766597509384 -3.0387266184441475
[46 INFO root] 0.5886435508728027 0.04902631789445877 -3.054026145507745
[46 INFO root] 0.5880964398384094 0.04897739365696907 -3.0690094387407187
[46 INFO root] 0.5875850915908813 0.04893939569592476 -3.083667747931795
[46 INFO root] 0.5871075391769409 0.048910953104496 -3.0979997766013923
[46 INFO root] 0.5866619944572449 0.04889083653688431 -3.112012472597017
[46 INFO root] 0.5862466096878052 0.04887792468070984 -3.125719614044823
[46 INFO root] 0.5858598351478577 0.04887121915817261 -3.139140480350666
[46 INFO root] 0.5854999423027039 0.048869822174310684 3.1308865965805746
[46 INFO root] 0.5851653814315796 0.0488729327917099 3.117963985219954
[46 INFO root] 0.5848545432090759 0.048879850655794144 3.1052474450878034
[46 INFO root] 0.5845659375190735 0.048889949917793274 3.0927056355220484
[46 INFO root] 0.5842981338500977 0.04890269413590431 3.080306007839267
[46 INFO root] 0.584049642086029 0.048917610198259354 3.0679942915148892
[46 INFO root] 0.5838191509246826 0.04893430322408676 3.0556641760211045
[46 INFO root] 0.583605170249939 0.04895245283842087 3.0432090927077837
[46 INFO root] 0.5834060907363892 0.04897183179855347 3.0305328814300623
[46 INFO root] 0.5832204222679138 0.04899228736758232 3.0175478178790582
[46 INFO root] 0.5830463767051697 0.04901374131441116 3.0041723145680392
[46 INFO root] 0.5828822255134583 0.04903620481491089 2.9903291532352756
[46 INFO root] 0.5827261209487915 0.04905977472662926 2.97594418198202
[46 INFO root] 0.5825759768486023 0.04908464476466179 2.960945426821746
[46 INFO root] 0.5824297070503235 0.049111124128103256 2.9452625938886254
[46 INFO root] 0.5822850465774536 0.049139659851789474 2.928826961320681
[46 INFO root] 0.5821395516395569 0.049170851707458496 2.911571679866227
[46 INFO root] 0.5819904208183289 0.04920550063252449 2.8934325185230625
[46 INFO root] 0.5818349123001099 0.04924461990594864 2.8743491057139123
[46 INFO root] 0.5816698670387268 0.04928949847817421 2.854266727277711
[46 INFO root] 0.5814918875694275 0.049341727048158646 2.833138748227456
[46 INFO root] 0.5812974572181702 0.049403250217437744 2.810929723228851
[46 INFO root] 0.5810829401016235 0.04947640374302864 2.7876192475319272
[46 INFO root] 0.580844521522522 0.04956395924091339 2.7632065710230376
[46 INFO root] 0.5805782675743103 0.049669135361909866 2.73771507537769
[46 INFO root] 0.5802804231643677 0.04979560151696205 2.7111988505248408
[46 INFO root] 0.5799474716186523 0.04994750767946243 2.683750256943677
[46 INFO root] 0.5795760154724121 0.050129421055316925 2.655507401741875
[46 INFO root] 0.579163134098053 0.05034622550010681 2.6266607955318584
[46 INFO root] 0.578706681728363 0.05060294643044472 2.5974583937442857
[46 INFO root] 0.5782053470611572 0.05090450122952461 2.56820810675025
[46 INFO root] 0.5776588320732117 0.05125536397099495 2.5392768334893563
[46 INFO root] 0.5770681500434875 0.05165917053818703 2.5110851916809174
[46 INFO root] 0.5764356255531311 0.05211832746863365 2.4840979515092
[46 INFO root] 0.5757647752761841 0.05263360217213631 2.4588092881320507
[46 INFO root] 0.5750606060028076 0.053203511983156204 2.435763171009399
[46 INFO root] 0.5743290781974792 0.05382423475384712 2.4155139872721314
[46 INFO root] 0.5735763907432556 0.05448988080024719 2.398572638943083
[46 INFO root] 0.5728087425231934 0.05519278720021248 2.3853810017733403
[46 INFO root] 0.572031557559967 0.05592396855354309 2.3762976636988973
[46 INFO root] 0.5712497234344482 0.05667366087436676 2.3715909980857264
[46 INFO root] 0.5704669952392578 0.05743193253874779 2.371439736998061
[46 INFO root] 0.5696861743927002 0.0581892728805542 2.3759402444167472
[46 INFO root] 0.5689089298248291 0.05893708020448685 2.3851186223600465
[46 INFO root] 0.5681358575820923 0.05966801196336746 2.398945181367756
[46 INFO root] 0.5673665404319763 0.06037624180316925 2.4173498601839953
[46 INFO root] 0.5665993094444275 0.06105749309062958 2.4402337726224665
[46 INFO root] 0.5658320188522339 0.06170862913131714 2.467465350546121
[46 INFO root] 0.5650615096092224 0.062327757477760315 2.4988413255861293
[46 INFO root] 0.5642833709716797 0.06291429698467255 2.534100633894557
[46 INFO root] 0.5634933114051819 0.06346773356199265 2.5728845807997733
[46 INFO root] 0.5626856684684753 0.06398838758468628 2.614842402629704
[46 INFO root] 0.5618535876274109 0.06447693705558777 2.6595804756501074
[46 INFO root] 0.5610172748565674 0.0649193599820137 2.7069820385475016
[46 INFO root] 0.5602672696113586 0.06527245044708252 2.7579976250225844
[46 INFO root] 0.5595875382423401 0.0655512586236 2.8122871472035786
[46 INFO root] 0.558954119682312 0.06577189266681671 2.8692541395497675
[46 INFO root] 0.558349072933197 0.06594480574131012 2.9281962401826873
[46 INFO root] 0.557761013507843 0.06607599556446075 2.98832139672347
[46 INFO root] 0.5571867227554321 0.06616836786270142 3.0488398862956116
[46 INFO root] 0.5566298365592957 0.06622368842363358 3.1090477425608145
[46 INFO root] 0.5560988187789917 0.06624433398246765 -3.1147910575240423
[46 INFO root] 0.5556029677391052 0.06623417884111404 -3.0565053845715764
[46 INFO root] 0.5551477074623108 0.06619822978973389 -2.9990649811093353
[46 INFO root] 0.5547323226928711 0.06614124774932861 -2.9419865895115023
[46 INFO root] 0.554351806640625 0.0660666823387146 -2.88470816674875
[46 INFO root] 0.5539979338645935 0.06597600132226944 -2.8266660270228785
[46 INFO root] 0.5536611676216125 0.06586851179599762 -2.7673293647042145
[46 INFO root] 0.5533314943313599 0.06574127823114395 -2.706219488396344
[46 INFO root] 0.5529994368553162 0.06558918952941895 -2.6429205998604126
[46 INFO root] 0.5526565313339233 0.06540508568286896 -2.57708594690985
[46 INFO root] 0.5522962212562561 0.0651799738407135 -2.508444519976907
[46 INFO root] 0.5519142746925354 0.06490330398082733 -2.436802437926462
[46 INFO root] 0.5515092611312866 0.0645633265376091 -2.362042365488485
[46 INFO root] 0.5510829091072083 0.06414751708507538 -2.284122645086727
[46 INFO root] 0.5506402254104614 0.06364315748214722 -2.203076443110787
[46 INFO root] 0.5501901507377625 0.06303809583187103 -2.1190889390591647
[46 INFO root] 0.5497438907623291 0.06231965869665146 -2.0323312118293773
[46 INFO root] 0.5493166446685791 0.06147726625204086 -1.9430635519177735
[46 INFO root] 0.5489275455474854 0.06050417572259903 -1.851656507815335
[46 INFO root] 0.5485985279083252 0.05939868837594986 -1.758573246545873
[46 INFO root] 0.5483530759811401 0.05816497653722763 -1.6643636136793083
[46 INFO root] 0.5482110977172852 0.05677935108542442 -1.5702407441046582
[46 INFO root] 0.5481986999511719 0.055221349000930786 -1.4781182169325942
[46 INFO root] 0.5483413934707642 0.0535300076007843 -1.3894001311102777
[46 INFO root] 0.5486509799957275 0.051757924258708954 -1.305238272897359
[46 INFO root] 0.5491244196891785 0.04995923861861229 -1.226519055347871
[46 INFO root] 0.5497453808784485 0.048183929175138474 -1.1538509559050063
[46 INFO root] 0.5504878163337708 0.046473871916532516 -1.0875883222141838
[46 INFO root] 0.551320493221283 0.04486041143536568 -1.0278205228812622
[46 INFO root] 0.5522109270095825 0.04336392506957054 -0.9744289655233491
[46 INFO root] 0.5531288981437683 0.04199513792991638 -0.9271797232204478
[46 INFO root] 0.5540480613708496 0.040757011622190475 -0.8857815979930984
[46 INFO root] 0.5549469590187073 0.03964671865105629 -0.8499237809398789
[46 INFO root] 0.5558093786239624 0.038657501339912415 -0.8193012835529194
[46 INFO root] 0.5566236972808838 0.037780165672302246 -0.7936303870291622
[46 INFO root] 0.5573827028274536 0.03700423240661621 -0.7726571701864995
[46 INFO root] 0.5580826997756958 0.03631865605711937 -0.7561514134316919
[46 INFO root] 0.5587235689163208 0.03571201488375664 -0.7438734118908866
[46 INFO root] 0.5593073964118958 0.03517335280776024 -0.7356076792800111
[46 INFO root] 0.5598569512367249 0.034675080329179764 -0.7296950806161172
[46 INFO root] 0.5603986382484436 0.03419003635644913 -0.7244270613669601
[46 INFO root] 0.5609636902809143 0.03368949517607689 -0.7197176186095426
[46 INFO root] 0.5615525245666504 0.03317287564277649 -0.7155192383576046
[46 INFO root] 0.5621623396873474 0.03264239802956581 -0.711774841383152
[46 INFO root] 0.5627909302711487 0.03209976851940155 -0.7084392117878758
[46 INFO root] 0.5634365081787109 0.03154624626040459 -0.7054780909806077
[46 INFO root] 0.5640977621078491 0.030982723459601402 -0.7028664535090761
[46 INFO root] 0.5647736191749573 0.030409831553697586 -0.700585572120889
[46 INFO root] 0.5654630661010742 0.029828159138560295 -0.698616958677401
[46 INFO root] 0.5661650896072388 0.029238281771540642 -0.6969412621867063
[46 INFO root] 0.5668786764144897 0.028640761971473694 -0.6955388431879916
[46 INFO root] 0.5676023960113525 0.02803650125861168 -0.6943782437422483
[46 INFO root] 0.5683345198631287 0.027426691725850105 -0.6934184859708028
[46 INFO root] 0.5690736174583435 0.02681233361363411 -0.6926247266190856
[46 INFO root] 0.5698184967041016 0.026194144040346146 -0.6919711658610183
[46 INFO root] 0.5705685019493103 0.02557258866727352 -0.6914404570913802
[46 INFO root] 0.5713230967521667 0.024947896599769592 -0.6910229199378224
[46 INFO root] 0.5720821022987366 0.0243200846016407 -0.6907157756145221
[46 INFO root] 0.5728456377983093 0.023688973858952522 -0.6905223576972132
[46 INFO root] 0.5736138224601746 0.023054225370287895 -0.6904512381499031
[46 INFO root] 0.5743845701217651 0.022417517378926277 -0.6904453582658443
[46 INFO root] 0.5751555562019348 0.02178063616156578 -0.6904453582658443
[46 INFO root] 0.5759264826774597 0.021143754944205284 -0.6904453582658443
[46 INFO root] 0.5766974687576294 0.020506875589489937 -0.6904453582658443
[46 INFO root] 0.5774684548377991 0.01986999437212944 -0.6904453582658443
[46 INFO root] 0.578239381313324 0.019233113154768944 -0.6904453582658443
[46 INFO root] 0.5790103673934937 0.018596233800053596 -0.6904453582658443
[46 INFO root] 0.5797812938690186 0.0179593525826931 -0.6904453582658443
[46 INFO root] 0.5805522799491882 0.017322471365332603 -0.6904453582658443
[46 INFO root] 0.5813232660293579 0.016685592010617256 -0.6904453582658443
[46 INFO root] 0.5820941925048828 0.01604871079325676 -0.6904453582658443
[46 INFO root] 0.5828424692153931 0.015430588275194168 -0.6898368033843333
[46 INFO root] 0.5835637450218201 0.01483540702611208 -0.6884901296786395
[46 INFO root] 0.5842574238777161 0.01426447182893753 -0.6863667549474493
[46 INFO root] 0.5849234461784363 0.013718587346374989 -0.6834382723148054
[46 INFO root] 0.5855621099472046 0.013198182918131351 -0.6796821150082243
[46 INFO root] 0.58617103099823 0.012705677188932896 -0.6720725048606326
[46 INFO root] 0.5867542624473572 0.012240874581038952 -0.6600676988873293
[46 INFO root] 0.5873180031776428 0.011802162043750286 -0.6441648354389573
[46 INFO root] 0.5878683924674988 0.011387422680854797 -0.6248660943646016
[46 INFO root] 0.5884111523628235 0.010994303040206432 -0.6024628100660191
[46 INFO root] 0.5889522433280945 0.010620339773595333 -0.5771179833589984
[46 INFO root] 0.5894977450370789 0.010263195261359215 -0.5489714203571493
[46 INFO root] 0.5900538563728333 0.009920870885252953 -0.5181634704653109
[46 INFO root] 0.5906268358230591 0.009591888636350632 -0.48484079753189074
[46 INFO root] 0.5912228226661682 0.009275432676076889 -0.44916131633470724
[46 INFO root] 0.5918478965759277 0.008971461094915867 -0.4112992760992491
[46 INFO root] 0.5925077199935913 0.008680788800120354 -0.3714503343189153
[46 INFO root] 0.5932074785232544 0.008405119180679321 -0.32983637333545546
[46 INFO root] 0.5939042568206787 0.008163264952600002 -0.2877458468070426
[46 INFO root] 0.5945063829421997 0.007981826551258564 -0.24710737854436565
[46 INFO root] 0.5950164794921875 0.007850569672882557 -0.20768870214648352
[46 INFO root] 0.5954490900039673 0.007757325656712055 -0.16908289245248323
[46 INFO root] 0.5958179235458374 0.007692660205066204 -0.13097307007429862
[46 INFO root] 0.5961353182792664 0.007649435196071863 -0.09312617243196476
[46 INFO root] 0.5964122414588928 0.0076223756186664104 -0.055385809061212286
[46 INFO root] 0.5966580510139465 0.007607708685100079 -0.0176659188900399
[46 INFO root] 0.5968808531761169 0.00760285509750247 0.020056996782434423
[46 INFO root] 0.5970876216888428 0.0076061696745455265 0.05773298419793945
[46 INFO root] 0.5972839593887329 0.007616744842380285 0.09525015528341704
[46 INFO root] 0.5974739193916321 0.007634157780557871 0.1324609609736933
[46 INFO root] 0.5976598858833313 0.007658219896256924 0.16919362343034083
[46 INFO root] 0.5978427529335022 0.007688760291785002 0.20525947507169892
[46 INFO root] 0.5980222821235657 0.007725458592176437 0.24046028424195026
[46 INFO root] 0.5981974005699158 0.0077677322551608086 0.2745959817178025
[46 INFO root] 0.5983663201332092 0.007814678363502026 0.3074714951167541
[46 INFO root] 0.5985268950462341 0.00786507222801447 0.33890585786868205
[46 INFO root] 0.5986770391464233 0.007917424663901329 0.3687425527723433
[46 INFO root] 0.5988146066665649 0.007970083504915237 0.39685999300996205
[46 INFO root] 0.5989411473274231 0.008022683672606945 0.4247154229940093
[46 INFO root] 0.5990628004074097 0.00807726476341486 0.4538843296624619
[46 INFO root] 0.5991846323013306 0.00813627615571022 0.48457919524445864
[46 INFO root] 0.5993115901947021 0.00820264033973217 0.5168540132422794
[46 INFO root] 0.5994482636451721 0.008279805071651936 0.5507468727510181
[46 INFO root] 0.5995991230010986 0.00837182067334652 0.5862753625250281
[46 INFO root] 0.5997682809829712 0.008483408018946648 0.6234314427653807
[46 INFO root] 0.5999595522880554 0.008620006963610649 0.6621754839253416
[46 INFO root] 0.6001766920089722 0.00878812838345766 0.702430966125682
[46 INFO root] 0.6004232168197632 0.008995326235890388 0.7440753718482662
[46 INFO root] 0.6007014513015747 0.009249606169760227 0.7869325779374382
[46 INFO root] 0.6010122895240784 0.009559047408401966 0.8307700517286463
[46 INFO root] 0.6013549566268921 0.00993143580853939 0.8752991276264106
[46 INFO root] 0.6017271280288696 0.010373827069997787 0.9201797987623866
[46 INFO root] 0.6021249294281006 0.010892078280448914 0.9650302526922008
[46 INFO root] 0.6025429964065552 0.01149046141654253 1.0094386071082828
[46 INFO root] 0.602975070476532 0.012171383015811443 1.0529759645157737
[46 INFO root] 0.6034142971038818 0.012935260310769081 1.0952096612269624
[46 INFO root] 0.6038538217544556 0.013780506327748299 1.135716387053385
[46 INFO root] 0.6042871475219727 0.014703631401062012 1.1740946446329683
[46 INFO root] 0.6047086119651794 0.01569945551455021 1.2099760283783778
[46 INFO root] 0.6051135063171387 0.016761414706707 1.2430349019770668
[46 INFO root] 0.6054984927177429 0.01788191869854927 1.2729961234358762
[46 INFO root] 0.6058615446090698 0.019052740186452866 1.299640553416041
[46 INFO root] 0.6062020659446716 0.020265407860279083 1.3228080596365162
[46 INFO root] 0.6065206527709961 0.021511565893888474 1.342397834595843
[46 INFO root] 0.6068188548088074 0.02278328500688076 1.3583660488154086
[46 INFO root] 0.6070992350578308 0.024073321372270584 1.370721183806485
[46 INFO root] 0.6073648929595947 0.025375284254550934 1.3795176628502428
[46 INFO root] 0.6076194643974304 0.026683740317821503 1.3848485570882472
[46 INFO root] 0.6078667044639587 0.02799423411488533 1.3868381285080635
[46 INFO root] 0.6081105470657349 0.02930324152112007 1.385634847210422
[46 INFO root] 0.6083548069000244 0.030608080327510834 1.3814053027945625
[46 INFO root] 0.6086031794548035 0.031906772404909134 1.3743292820090571
[46 INFO root] 0.6088594198226929 0.033198900520801544 1.3656446874419195
[46 INFO root] 0.6091257929801941 0.03448483720421791 1.3570641592631432
[46 INFO root] 0.6094021797180176 0.035763390362262726 1.3487830344830962
[46 INFO root] 0.6096876859664917 0.037033118307590485 1.3408231330100446
[46 INFO root] 0.6099814176559448 0.038292303681373596 1.3332124143746984
[46 INFO root] 0.610282301902771 0.03953905031085014 1.325983173995533
[46 INFO root] 0.6105892062187195 0.04077134281396866 1.3191706048371017
[46 INFO root] 0.6109010577201843 0.041987817734479904 1.3127925396452207
[46 INFO root] 0.6112168431282043 0.043187763541936874 1.3068500400309755
[46 INFO root] 0.6115356683731079 0.04437035694718361 1.3013497201191198
[46 INFO root] 0.6118565201759338 0.045534539967775345 1.2963063311520295
[46 INFO root] 0.6121781468391418 0.04667913541197777 1.291740092995181
[46 INFO root] 0.6124996542930603 0.04780297353863716 1.2876735757177824
[46 INFO root] 0.6128197312355042 0.04890495166182518 1.284129718597702
[46 INFO root] 0.613137423992157 0.049984123557806015 1.281130516023431
[46 INFO root] 0.6134517192840576 0.05103970691561699 1.2786960728490617
[46 INFO root] 0.6137616038322449 0.052071135491132736 1.276843949069186
[46 INFO root] 0.6140661835670471 0.0530780591070652 1.2755887456210908
[46 INFO root] 0.614364743232727 0.05406035855412483 1.274941885201187
[46 INFO root] 0.6146569848060608 0.05501924082636833 1.2748832936923493
[46 INFO root] 0.614948570728302 0.0559757798910141 1.2748832936923493
[46 INFO root] 0.6152401566505432 0.05693231523036957 1.2748832936923493
[46 INFO root] 0.6155318021774292 0.05788885056972504 1.2748832936923493
[46 INFO root] 0.6158233880996704 0.058845385909080505 1.2748832936923493
[46 INFO root] 0.6161150336265564 0.05980192497372627 1.2748832936923493
[46 INFO root] 0.6164066195487976 0.06075846031308174 1.2748832936923493
[46 INFO root] 0.6166982650756836 0.06171499565243721 1.2748832936923493
[46 INFO root] 0.6169898509979248 0.06267153471708298 1.2748832936923493
[46 INFO root] 0.6172814965248108 0.06362807005643845 1.2748832936923493
[46 INFO root] 0.617573082447052 0.06458460539579391 1.2748832936923493
[46 INFO root] 0.617864727973938 0.06554114073514938 1.2748832936923493
[46 INFO root] 0.6181563138961792 0.06649767607450485 1.2748832936923493
[46 INFO root] 0.6184478998184204 0.06745421141386032 1.2748832936923493
[46 INFO root] 0.6187395453453064 0.06841074675321579 1.2748832936923493
[46 INFO root] 0.6190311312675476 0.06936728954315186 1.2748832936923493
[46 INFO root] 0.6193227767944336 0.07032382488250732 1.2748832936923493
[46 INFO root] 0.6195964217185974 0.07122153788805008 1.2777146638488002
[46 INFO root] 0.6198449730873108 0.07204409688711166 1.2842468257128252
[46 INFO root] 0.6200682520866394 0.07279989123344421 1.29423330049564
[46 INFO root] 0.6202675700187683 0.07349923998117447 1.3073767644026961
[46 INFO root] 0.6204445362091064 0.07415187358856201 1.3234302676305594
[46 INFO root] 0.6206009387969971 0.07476692646741867 1.3421894346041323
[46 INFO root] 0.6207385063171387 0.07535292208194733 1.3634848182825576
[46 INFO root] 0.6208586692810059 0.07591782510280609 1.38717532958477
[46 INFO root] 0.6209624409675598 0.07646911591291428 1.4131425377871447
[46 INFO root] 0.6210504770278931 0.07701382040977478 1.441285636197544
[46 INFO root] 0.6211229562759399 0.07755821943283081 1.4715388600672286
[46 INFO root] 0.6211794018745422 0.07810823619365692 1.5038507608834795
[46 INFO root] 0.6212188005447388 0.07866958528757095 1.5381748680231488
[46 INFO root] 0.6212396025657654 0.07924778759479523 1.574465442474352
[46 INFO root] 0.6212395429611206 0.07984817773103714 1.6126735337674674
[46 INFO root] 0.6212155222892761 0.08047587424516678 1.6527427743298897
[46 INFO root] 0.6211638450622559 0.08113569021224976 1.6946048606240118
[46 INFO root] 0.6210800409317017 0.08183208853006363 1.7381747355980648
[46 INFO root] 0.6209586262702942 0.08256900310516357 1.7833455575181867
[46 INFO root] 0.6207936406135559 0.08334968984127045 1.8299836333264012
[46 INFO root] 0.6205782294273376 0.08417651802301407 1.8779236088929403
[46 INFO root] 0.6203052997589111 0.08505076169967651 1.9269643355433104
[46 INFO root] 0.6199672818183899 0.08597233146429062 1.9768659537451787
[46 INFO root] 0.619556725025177 0.08693958073854446 2.027348820827249
[46 INFO root] 0.6190668344497681 0.08794913440942764 2.0780949200310577
[46 INFO root] 0.6184916496276855 0.0889957994222641 2.1287522805785204
[46 INFO root] 0.6178267598152161 0.0900726318359375 2.17894268251503
[46 INFO root] 0.6170698404312134 0.09117108583450317 2.228272517314918
[46 INFO root] 0.6162209510803223 0.09228137135505676 2.276346175656188
[46 INFO root] 0.6152829527854919 0.09339294582605362 2.3227808388608717
[46 INFO root] 0.6142614483833313 0.09449504315853119 2.367221192362455
[46 INFO root] 0.6131646633148193 0.09557724744081497 2.4093524771486123
[46 INFO root] 0.6120032668113708 0.09663009643554688 2.4489105036768115
[46 INFO root] 0.61078941822052 0.09764543920755386 2.4856877327914844
[46 INFO root] 0.6095367670059204 0.09861680865287781 2.519535154427135
[46 INFO root] 0.6082591414451599 0.09953950345516205 2.55036030398727
[46 INFO root] 0.6069702506065369 0.10041061043739319 2.578122208788162
[46 INFO root] 0.6056832075119019 0.10122885555028915 2.602824282057348
[46 INFO root] 0.6044098734855652 0.10199440270662308 2.6245061866141977
[46 INFO root] 0.603160560131073 0.10270856320858002 2.6432355363840077
[46 INFO root] 0.6019441485404968 0.10337357968091965 2.65910007213087
[46 INFO root] 0.6007675528526306 0.10399231314659119 2.6722007080060464
[46 INFO root] 0.599650502204895 0.10456083714962006 2.6812647988526073
[46 INFO root] 0.598609209060669 0.10507842153310776 2.6853481982875884
[46 INFO root] 0.5976465940475464 0.10555139929056168 2.6846152123246134
[46 INFO root] 0.596761167049408 0.10598665475845337 2.67933675686112
[46 INFO root] 0.595949113368988 0.10639069229364395 2.669760982738911
[46 INFO root] 0.5951874256134033 0.10677839815616608 2.6568778066772185
[46 INFO root] 0.5944485664367676 0.10716625303030014 2.641877258218899
[46 INFO root] 0.5937278866767883 0.10755825787782669 2.624939083025353
[46 INFO root] 0.5930233597755432 0.10795695334672928 2.6061285284455127
[46 INFO root] 0.592332661151886 0.10836495459079742 2.58551350225909
[46 INFO root] 0.5916537046432495 0.10878495872020721 2.5631663259778548
[46 INFO root] 0.5909844636917114 0.10921979695558548 2.5391655212049176
[46 INFO root] 0.5903229713439941 0.10967237502336502 2.513597842769465
[46 INFO root] 0.589667558670044 0.11014572530984879 2.4865604953259655
[46 INFO root] 0.5890166759490967 0.1106429323554039 2.458163450541487
[46 INFO root] 0.5883693099021912 0.11116714030504227 2.4285317544517855
[46 INFO root] 0.5877246260643005 0.11172143369913101 2.3978076827608237
[46 INFO root] 0.5870823264122009 0.1123088002204895 2.366152569184223
[46 INFO root] 0.5864426493644714 0.11293201893568039 2.3337481037037833
[46 INFO root] 0.5858061909675598 0.11359350383281708 2.300796880977401
[46 INFO root] 0.5851741433143616 0.11429520696401596 2.2675219825162674
[46 INFO root] 0.5845481753349304 0.11503845453262329 2.234165407773085
[46 INFO root] 0.5839303135871887 0.11582379788160324 2.200985234752563
[46 INFO root] 0.5833228826522827 0.11665091663599014 2.168251490878871
[46 INFO root] 0.5827285051345825 0.11751851439476013 2.1362408429450936
[46 INFO root] 0.5821496844291687 0.11842430382966995 2.105230355894322
[46 INFO root] 0.5815890431404114 0.11936499923467636 2.0754907016815327
[46 INFO root] 0.5810486674308777 0.12033641338348389 2.0472792962261326
[46 INFO root] 0.5805304646492004 0.12133362889289856 2.020833882332248
[46 INFO root] 0.5800355672836304 0.12235114723443985 1.9963670469645078
[46 INFO root] 0.5795647501945496 0.12338313460350037 1.97406206413115
[46 INFO root] 0.5791180729866028 0.12442367523908615 1.9540703061805134
[46 INFO root] 0.5786949396133423 0.125466987490654 1.9365102934871565
[46 INFO root] 0.5782943367958069 0.12650766968727112 1.9214682856167842
[46 INFO root] 0.5779145956039429 0.12754082679748535 1.9090001821271778
[46 INFO root] 0.577553927898407 0.12856225669384003 1.8991316990221951
[46 INFO root] 0.5772097706794739 0.1295691877603531 1.8917897435340814
[46 INFO root] 0.576879620552063 0.13055966794490814 1.8868794020014776
[46 INFO root] 0.5765609741210938 0.13153234124183655 1.8843058826615449
[46 INFO root] 0.5762513875961304 0.13248640298843384 1.883976544734146
[46 INFO root] 0.5759432315826416 0.133437842130661 1.8839659603369119
[46 INFO root] 0.5756351351737976 0.13438920676708221 1.8839659603369119
[46 INFO root] 0.5753270983695984 0.13534057140350342 1.8839659603369119
[46 INFO root] 0.5750190019607544 0.13629193603992462 1.8839659603369119
[46 INFO root] 0.5747109055519104 0.13724328577518463 1.8839659603369119
[46 INFO root] 0.5744028687477112 0.13819465041160583 1.8839659603369119
[46 INFO root] 0.5740947723388672 0.13914601504802704 1.8839659603369119
[46 INFO root] 0.5737866759300232 0.14009737968444824 1.8839659603369119
[46 INFO root] 0.573478639125824 0.14104874432086945 1.8839659603369119
[46 INFO root] 0.57317054271698 0.14200009405612946 1.8839659603369119
[46 INFO root] 0.572862446308136 0.14295145869255066 1.8839659603369119
[46 INFO root] 0.5725544095039368 0.14390282332897186 1.8839659603369119
[46 INFO root] 0.5722463130950928 0.14485418796539307 1.8839659603369119
[46 INFO root] 0.5719382166862488 0.14580555260181427 1.8839659603369119
[46 INFO root] 0.5716301798820496 0.14675691723823547 1.8839659603369119
[46 INFO root] 0.5713220834732056 0.14770826697349548 1.8839659603369119
[46 INFO root] 0.5710139870643616 0.1486596316099167 1.8839659603369119
[46 INFO root] 0.5707059502601624 0.1496109962463379 1.8839659603369119
[46 INFO root] 0.5703978538513184 0.1505623608827591 1.8839659603369119
[46 INFO root] 0.5700897574424744 0.1515137255191803 1.8839659603369119
[46 INFO root] 0.5697817206382751 0.1524650752544403 1.8839659603369119
[46 INFO root] 0.5694736242294312 0.1534164398908615 1.8839659603369119
[46 INFO root] 0.5691655278205872 0.15436780452728271 1.8839659603369119
[46 INFO root] 0.5688574910163879 0.15531916916370392 1.8839659603369119
[46 INFO root] 0.568549394607544 0.15627053380012512 1.8839659603369119
[46 INFO root] 0.5682413578033447 0.15722188353538513 1.8839659603369119
[46 INFO root] 0.5679332613945007 0.15817324817180634 1.8839659603369119
[46 INFO root] 0.5676251649856567 0.15912461280822754 1.8839659603369119
[46 INFO root] 0.5673171281814575 0.16007597744464874 1.8839659603369119
[46 INFO root] 0.5670090317726135 0.16102734208106995 1.8839659603369119
[46 INFO root] 0.5667009353637695 0.16197870671749115 1.8839659603369119
[46 INFO root] 0.5663928985595703 0.16293005645275116 1.8839659603369119
[46 INFO root] 0.5660848021507263 0.16388142108917236 1.8839659603369119
[46 INFO root] 0.5657767057418823 0.16483278572559357 1.8839659603369119
[46 INFO root] 0.5654686689376831 0.16578415036201477 1.8839659603369119
[46 INFO root] 0.5651605725288391 0.16673551499843597 1.8839659603369119
[46 INFO root] 0.5648524761199951 0.16768686473369598 1.8839659603369119
[46 INFO root] 0.5645444393157959 0.1686382293701172 1.8839659603369119
[46 INFO root] 0.5642363429069519 0.1695895940065384 1.8839659603369119
[46 INFO root] 0.5639282464981079 0.1705409586429596 1.8839659603369119
[46 INFO root] 0.5636202096939087 0.1714923232793808 1.8839659603369119
[46 INFO root] 0.5633121132850647 0.1724436730146408 1.8839659603369119
[46 INFO root] 0.5630040168762207 0.173395037651062 1.8839659603369119
[46 INFO root] 0.5626959800720215 0.17434640228748322 1.8839659603369119
[46 INFO root] 0.5623878836631775 0.17529776692390442 1.8839659603369119
[46 INFO root] 0.5620797872543335 0.17624913156032562 1.8839659603369119
[46 INFO root] 0.5617717504501343 0.17720049619674683 1.8839659603369119
[46 INFO root] 0.5614636540412903 0.17815184593200684 1.8839659603369119
[46 INFO root] 0.5611556172370911 0.17910321056842804 1.8839659603369119
[46 INFO root] 0.5608475208282471 0.18005457520484924 1.8839659603369119
[46 INFO root] 0.5605394244194031 0.18100593984127045 1.8839659603369119
[46 INFO root] 0.5602313876152039 0.18195730447769165 1.8839659603369119
[46 INFO root] 0.5599232912063599 0.18290865421295166 1.8839659603369119
[46 INFO root] 0.5596151947975159 0.18386001884937286 1.8839659603369119
[46 INFO root] 0.5593071579933167 0.18481138348579407 1.8839659603369119
[46 INFO root] 0.5589990615844727 0.18576274812221527 1.8839659603369119
[46 INFO root] 0.5586909651756287 0.18671411275863647 1.8839659603369119
[46 INFO root] 0.5583829283714294 0.18766546249389648 1.8839659603369119
[46 INFO root] 0.5580748319625854 0.1886168271303177 1.8839659603369119
[46 INFO root] 0.5577667355537415 0.1895681917667389 1.8839659603369119
[46 INFO root] 0.5574586987495422 0.1905195564031601 1.8839659603369119
[46 INFO root] 0.5571506023406982 0.1914709210395813 1.8839659603369119
[46 INFO root] 0.5568425059318542 0.1924222856760025 1.8839659603369119
[46 INFO root] 0.556534469127655 0.1933736354112625 1.8839659603369119
[46 INFO root] 0.556226372718811 0.19432500004768372 1.8839659603369119
[46 INFO root] 0.555918276309967 0.19527636468410492 1.8839659603369119
[46 INFO root] 0.5556102395057678 0.19622772932052612 1.8839659603369119
[46 INFO root] 0.5553021430969238 0.19717909395694733 1.8839659603369119
[46 INFO root] 0.5549941062927246 0.19813044369220734 1.8839659603369119
[46 INFO root] 0.5546860098838806 0.19908180832862854 1.8839659603369119
[46 INFO root] 0.5543779134750366 0.20003317296504974 1.8839659603369119
[46 INFO root] 0.5540698766708374 0.20098453760147095 1.8839659603369119
[46 INFO root] 0.5537617802619934 0.20193590223789215 1.8839659603369119
[46 INFO root] 0.5534536838531494 0.20288725197315216 1.8839659603369119
[46 INFO root] 0.5531456470489502 0.20383861660957336 1.8839659603369119
[46 INFO root] 0.5528375506401062 0.20478998124599457 1.8839659603369119
[46 INFO root] 0.5525294542312622 0.20574134588241577 1.8839659603369119
[46 INFO root] 0.552221417427063 0.20669271051883698 1.8839659603369119
[46 INFO root] 0.551913321018219 0.20764407515525818 1.8839659603369119
[46 INFO root] 0.551605224609375 0.2085954248905182 1.8839659603369119
[46 INFO root] 0.5512971878051758 0.2095467895269394 1.8839659603369119
[46 INFO root] 0.5509890913963318 0.2104981541633606 1.8839659603369119
[46 INFO root] 0.5506809949874878 0.2114495187997818 1.8839659603369119
[46 INFO root] 0.5503729581832886 0.212400883436203 1.8839659603369119
[46 INFO root] 0.5500648617744446 0.213352233171463 1.8839659603369119
[46 INFO root] 0.5497567653656006 0.21430359780788422 1.8839659603369119
[46 INFO root] 0.5494487285614014 0.21525496244430542 1.8839659603369119
[46 INFO root] 0.5491406321525574 0.21620632708072662 1.8839659603369119
[46 INFO root] 0.5488325357437134 0.21715769171714783 1.8839659603369119
[46 INFO root] 0.5485244989395142 0.21810904145240784 1.8839659603369119
[46 INFO root] 0.5482164025306702 0.21906040608882904 1.8839659603369119
[46 INFO root] 0.547908365726471 0.22001177072525024 1.8839659603369119
[46 INFO root] 0.547600269317627 0.22096313536167145 1.8839659603369119
[46 INFO root] 0.547292172908783 0.22191449999809265 1.8839659603369119
[46 INFO root] 0.5469841361045837 0.22286586463451385 1.8839659603369119
[46 INFO root] 0.5466760396957397 0.22381721436977386 1.8839659603369119
[46 INFO root] 0.5463679432868958 0.22476857900619507 1.8839659603369119
[46 INFO root] 0.5460599064826965 0.22571994364261627 1.8839659603369119
[46 INFO root] 0.5457518100738525 0.22667130827903748 1.8839659603369119
[46 INFO root] 0.5454437136650085 0.22762267291545868 1.8839659603369119
[46 INFO root] 0.5451356768608093 0.2285740226507187 1.8839659603369119
[46 INFO root] 0.5448275804519653 0.2295253872871399 1.8839659603369119
[46 INFO root] 0.5445194840431213 0.2304767519235611 1.8839659603369119
[46 INFO root] 0.5442114472389221 0.2314281165599823 1.8839659603369119
[46 INFO root] 0.5439033508300781 0.2323794811964035 1.8839659603369119
[46 INFO root] 0.5435952544212341 0.2333308309316635 1.8839659603369119
[46 INFO root] 0.5432872176170349 0.23428219556808472 1.8839659603369119
[46 INFO root] 0.5429791212081909 0.23523356020450592 1.8839659603369119
[46 INFO root] 0.5426710247993469 0.23618492484092712 1.8839659603369119
[46 INFO root] 0.5423629879951477 0.23713628947734833 1.8839659603369119
[46 INFO root] 0.5420548915863037 0.23808765411376953 1.8839659603369119
[46 INFO root] 0.5417467951774597 0.23903900384902954 1.8839659603369119
[46 INFO root] 0.5414387583732605 0.23999036848545074 1.8839659603369119
[46 INFO root] 0.5411306619644165 0.24094173312187195 1.8839659603369119
[46 INFO root] 0.5408226251602173 0.24189309775829315 1.8839659603369119
[46 INFO root] 0.5405145287513733 0.24284446239471436 1.8839659603369119
[46 INFO root] 0.5402064323425293 0.24379581212997437 1.8839659603369119
[46 INFO root] 0.5398983955383301 0.24474717676639557 1.8839659603369119
[46 INFO root] 0.5395902991294861 0.24569854140281677 1.8839659603369119
[46 INFO root] 0.5392822027206421 0.24664990603923798 1.8839659603369119
[46 INFO root] 0.5389741659164429 0.24760127067565918 1.8839659603369119
[46 INFO root] 0.5386660695075989 0.2485526204109192 1.8839659603369119
[46 INFO root] 0.5383579730987549 0.2495039850473404 1.8839659603369119
[46 INFO root] 0.5380499362945557 0.2504553496837616 1.8839659603369119
[46 INFO root] 0.5377418398857117 0.2514066994190216 1.8839659603369119
[46 INFO root] 0.5374337434768677 0.252358078956604 1.8839659603369119
[46 INFO root] 0.5371257066726685 0.253309428691864 1.8839659603369119
[46 INFO root] 0.5368176102638245 0.2542608082294464 1.8839659603369119
[46 INFO root] 0.5365095138549805 0.2552121579647064 1.8839659603369119
[46 INFO root] 0.5362014770507812 0.25616350769996643 1.8839659603369119
[46 INFO root] 0.5358933806419373 0.25711488723754883 1.8839659603369119
[46 INFO root] 0.5355852842330933 0.25806623697280884 1.8839659603369119
[46 INFO root] 0.535277247428894 0.25901761651039124 1.8839659603369119
[46 INFO root] 0.53496915102005 0.25996896624565125 1.8839659603369119
[46 INFO root] 0.5346611142158508 0.26092034578323364 1.8839659603369119
[46 INFO root] 0.5343530178070068 0.26187169551849365 1.8839659603369119
[46 INFO root] 0.5340449213981628 0.26282304525375366 1.8839659603369119
[46 INFO root] 0.5337368845939636 0.26377442479133606 1.8839659603369119
[46 INFO root] 0.5334287881851196 0.26472577452659607 1.8839659603369119
[46 INFO root] 0.5331206917762756 0.26567715406417847 1.8839659603369119
[46 INFO root] 0.5328126549720764 0.2666285037994385 1.8839659603369119
[46 INFO root] 0.5325045585632324 0.2675798535346985 1.8839659603369119
[46 INFO root] 0.5321964621543884 0.2685312330722809 1.8839659603369119
[46 INFO root] 0.5318884253501892 0.2694825828075409 1.8839659603369119
[46 INFO root] 0.5315803289413452 0.2704339623451233 1.8839659603369119
[46 INFO root] 0.5312722325325012 0.2713853120803833 1.8839659603369119
[46 INFO root] 0.530964195728302 0.2723366618156433 1.8839659603369119
[46 INFO root] 0.530656099319458 0.2732880413532257 1.8839659603369119
[46 INFO root] 0.530348002910614 0.2742393910884857 1.8839659603369119
[46 INFO root] 0.5300399661064148 0.2751907706260681 1.8839659603369119
[46 INFO root] 0.5297318696975708 0.2761421203613281 1.8839659603369119
[46 INFO root] 0.5294237732887268 0.27709347009658813 1.8839659603369119
[46 INFO root] 0.5291157364845276 0.27804484963417053 1.8839659603369119
[46 INFO root] 0.5288076400756836 0.27899619936943054 1.8839659603369119
[46 INFO root] 0.5284995436668396 0.27994757890701294 1.8839659603369119
[46 INFO root] 0.5281915068626404 0.28089892864227295 1.8839659603369119
[46 INFO root] 0.5278834104537964 0.28185027837753296 1.8839659603369119
[46 INFO root] 0.5275753736495972 0.28280165791511536 1.8839659603369119
[46 INFO root] 0.5272672772407532 0.28375300765037537 1.8839659603369119
[46 INFO root] 0.5269591808319092 0.28470438718795776 1.8839659603369119
[46 INFO root] 0.52665114402771 0.2856557369232178 1.8839659603369119
[46 INFO root] 0.526343047618866 0.2866070866584778 1.8839659603369119
[46 INFO root] 0.526034951210022 0.2875584661960602 1.8839659603369119
[46 INFO root] 0.5257269144058228 0.2885098159313202 1.8839659603369119
[46 INFO root] 0.5254188179969788 0.2894611954689026 1.8839659603369119
[46 INFO root] 0.5251107215881348 0.2904125452041626 1.8839659603369119
[46 INFO root] 0.5248026847839355 0.291363924741745 1.8839659603369119
[46 INFO root] 0.5244945883750916 0.292315274477005 1.8839659603369119
[46 INFO root] 0.5241864919662476 0.293266624212265 1.8839659603369119
[46 INFO root] 0.5238784551620483 0.2942180037498474 1.8839659603369119
[46 INFO root] 0.5235703587532043 0.2951693534851074 1.8839659603369119
[46 INFO root] 0.5232622623443604 0.2961207330226898 1.8839659603369119
[46 INFO root] 0.5229542255401611 0.29707208275794983 1.8839659603369119
[46 INFO root] 0.5226461291313171 0.29802343249320984 1.8839659603369119
[46 INFO root] 0.5223380327224731 0.29897481203079224 1.8839659603369119
[46 INFO root] 0.5220299959182739 0.29992616176605225 1.8839659603369119
[46 INFO root] 0.5217218995094299 0.30087754130363464 1.8839659603369119
[46 INFO root] 0.5214138031005859 0.30182889103889465 1.8839659603369119
[46 INFO root] 0.5211057662963867 0.30278024077415466 1.8839659603369119
[46 INFO root] 0.5207976698875427 0.30373162031173706 1.8839659603369119
[46 INFO root] 0.5204896330833435 0.30468297004699707 1.8839659603369119
[46 INFO root] 0.5201815366744995 0.30563434958457947 1.8839659603369119
[46 INFO root] 0.5198734402656555 0.3065856993198395 1.8839659603369119
[46 INFO root] 0.5195654034614563 0.3075370490550995 1.8839659603369119
[46 INFO root] 0.5192573070526123 0.3084884285926819 1.8839659603369119
[46 INFO root] 0.5189492106437683 0.3094397783279419 1.8839659603369119
[46 INFO root] 0.5186411738395691 0.3103911578655243 1.8839659603369119
[46 INFO root] 0.5183330774307251 0.3113425076007843 1.8839659603369119
[46 INFO root] 0.5180249810218811 0.3122938573360443 1.8839659603369119
[46 INFO root] 0.5177169442176819 0.3132452368736267 1.8839659603369119
[46 INFO root] 0.5174088478088379 0.3141965866088867 1.8839659603369119
[46 INFO root] 0.5171007513999939 0.3151479661464691 1.8839659603369119
[46 INFO root] 0.5167927145957947 0.3160993158817291 1.8839659603369119
[46 INFO root] 0.5164846181869507 0.31705066561698914 1.8839659603369119
[46 INFO root] 0.5161765217781067 0.31800204515457153 1.8839659603369119
[46 INFO root] 0.5158684849739075 0.31895339488983154 1.8839659603369119
[46 INFO root] 0.5155603885650635 0.31990477442741394 1.8839659603369119
[46 INFO root] 0.5152522921562195 0.32085612416267395 1.8839659603369119
[46 INFO root] 0.5149442553520203 0.32180750370025635 1.8839659603369119
[46 INFO root] 0.5146361589431763 0.32275885343551636 1.8839659603369119
[46 INFO root] 0.5143280625343323 0.32371020317077637 1.8839659603369119
[46 INFO root] 0.5140200257301331 0.32466158270835876 1.8839659603369119
[46 INFO root] 0.5137119293212891 0.3256129324436188 1.8839659603369119
[46 INFO root] 0.5134038925170898 0.32656431198120117 1.8839659603369119
[46 INFO root] 0.5130957961082458 0.3275156617164612 1.8839659603369119
[46 INFO root] 0.5127876996994019 0.3284670114517212 1.8839659603369119
[46 INFO root] 0.5124796628952026 0.3294183909893036 1.8839659603369119
[46 INFO root] 0.5121715664863586 0.3303697407245636 1.8839659603369119
[46 INFO root] 0.5118634700775146 0.331321120262146 1.8839659603369119
[46 INFO root] 0.5115554332733154 0.332272469997406 1.8839659603369119
[46 INFO root] 0.5112473368644714 0.333223819732666 1.8839659603369119
[46 INFO root] 0.5109392404556274 0.3341751992702484 1.8839659603369119
[46 INFO root] 0.5106312036514282 0.3351265490055084 1.8839659603369119
[46 INFO root] 0.5103231072425842 0.3360779285430908 1.8839659603369119
[46 INFO root] 0.5100150108337402 0.33702927827835083 1.8839659603369119
[46 INFO root] 0.509706974029541 0.33798062801361084 1.8839659603369119
[46 INFO root] 0.509398877620697 0.33893200755119324 1.8839659603369119
[46 INFO root] 0.509090781211853 0.33988335728645325 1.8839659603369119
[46 INFO root] 0.5087827444076538 0.34083473682403564 1.8839659603369119
[46 INFO root] 0.5084746479988098 0.34178608655929565 1.8839659603369119
[46 INFO root] 0.5081768035888672 0.34270596504211426 1.8849395424101123
[46 INFO root] 0.5078914165496826 0.3435845673084259 1.8871737056187392
[46 INFO root] 0.5076171159744263 0.3444231152534485 1.890618632501109
[46 INFO root] 0.5073521733283997 0.3452240824699402 1.8951985086434762
[46 INFO root] 0.5070950388908386 0.3459899425506592 1.9008401395350558
[46 INFO root] 0.5068442225456238 0.34672337770462036 1.9074726928404535
[46 INFO root] 0.5065984725952148 0.3474271893501282 1.915027313700003
[46 INFO root] 0.5063563585281372 0.3481041193008423 1.9234367569866853
[46 INFO root] 0.5061167478561401 0.34875696897506714 1.932635054058092
[46 INFO root] 0.5058783888816833 0.3493884801864624 1.9425572286096349
[46 INFO root] 0.5056401491165161 0.35000139474868774 1.9531390722326483
[46 INFO root] 0.5054008364677429 0.3505983054637909 1.964315689478468
[46 INFO root] 0.505159318447113 0.35118186473846436 1.9760201944788471
[46 INFO root] 0.5049144625663757 0.3517545461654663 1.9881848205873192
[46 INFO root] 0.5046651363372803 0.35231879353523254 2.0007412671006484
[46 INFO root] 0.5044100880622864 0.35287681221961975 2.013620873182773
[46 INFO root] 0.5041483044624329 0.35343068838119507 2.0267548762379857
[46 INFO root] 0.5038785934448242 0.3539823889732361 2.040074760439612
[46 INFO root] 0.503600001335144 0.35453367233276367 2.0535126796063636
[46 INFO root] 0.5033113956451416 0.355086088180542 2.067001935052994
[46 INFO root] 0.50301194190979 0.35564106702804565 2.0804774866483373
[46 INFO root] 0.5027006268501282 0.3561997413635254 2.0938764743294356
[46 INFO root] 0.5023766756057739 0.35676321387290955 2.107138727796844
[46 INFO root] 0.5020394325256348 0.3573322594165802 2.120207243956663
[46 INFO root] 0.5016881823539734 0.35790759325027466 2.1330286146501773
[46 INFO root] 0.5013223886489868 0.3584897220134735 2.145553390997026
[46 INFO root] 0.5009417533874512 0.3590790033340454 2.1577363749002845
[46 INFO root] 0.5005426406860352 0.3596805930137634 2.1702180673224976
[46 INFO root] 0.5001235008239746 0.3602955937385559 2.1831160490622348
[46 INFO root] 0.4996836185455322 0.36092355847358704 2.1963567920036677
[46 INFO root] 0.49922239780426025 0.3615638017654419 2.209851427454964
[46 INFO root] 0.4987395107746124 0.36221548914909363 2.2235098430936513
[46 INFO root] 0.49823468923568726 0.36287763714790344 2.237241303574327
[46 INFO root] 0.49770796298980713 0.36354920268058777 2.2509551225541937
[46 INFO root] 0.4971594512462616 0.36422914266586304 2.2645613595804064
[46 INFO root] 0.4965895116329193 0.36491629481315613 2.2779715312907487
[46 INFO root] 0.4959986209869385 0.3656095266342163 2.2910993251214697
[46 INFO root] 0.4953875243663788 0.36630767583847046 2.303861302318285
[46 INFO root] 0.4947569966316223 0.3670096695423126 2.3161775764160857
[46 INFO root] 0.49410808086395264 0.36771443486213684 2.327972453526172
[46 INFO root] 0.4934418797492981 0.3684210181236267 2.3391750217264042
[46 INFO root] 0.4927595853805542 0.3691284954547882 2.3497196785075936
[46 INFO root] 0.4920625388622284 0.36983612179756165 2.3595465874576096
[46 INFO root] 0.4913520812988281 0.3705431818962097 2.368602057992316
[46 INFO root] 0.4906296730041504 0.37124916911125183 2.3768388447763917
[46 INFO root] 0.489896684885025 0.3719536364078522 2.3842163663188756
[46 INFO root] 0.489154577255249 0.37265631556510925 2.3907008448929403
[46 INFO root] 0.4884047508239746 0.37335699796676636 2.3962653722582394
[46 INFO root] 0.4876485764980316 0.3740556836128235 2.400889907537781
[46 INFO root] 0.4868873059749603 0.374752402305603 2.404561214943372
[46 INFO root] 0.4861222505569458 0.3754473328590393 2.4072727498236937
[46 INFO root] 0.4853568971157074 0.3761385977268219 2.409247312947899
[46 INFO root] 0.48459503054618835 0.37682390213012695 2.41075996288596
[46 INFO root] 0.4838372468948364 0.3775033950805664 2.4118450310818242
[46 INFO root] 0.4830838143825531 0.3781774938106537 2.4125118152689633
[46 INFO root] 0.4823348820209503 0.37884655594825745 2.4127711035372936
[46 INFO root] 0.4815886914730072 0.37951281666755676 2.4127929683333735
[46 INFO root] 0.4808427095413208 0.3801787793636322 2.4127929683333735
[46 INFO root] 0.4800967276096344 0.38084477186203003 2.4127929683333735
[46 INFO root] 0.479350745677948 0.38151073455810547 2.4127929683333735
[46 INFO root] 0.478604793548584 0.3821766972541809 2.4127929683333735
[46 INFO root] 0.4778588116168976 0.38284268975257874 2.4127929683333735
[46 INFO root] 0.4771128296852112 0.3835086524486542 2.4127929683333735
[46 INFO root] 0.4763668477535248 0.384174644947052 2.4127929683333735
[46 INFO root] 0.47562089562416077 0.38484060764312744 2.4127929683333735
[46 INFO root] 0.47487491369247437 0.3855065703392029 2.4127929683333735
[46 INFO root] 0.47412893176078796 0.3861725628376007 2.4127929683333735
[46 INFO root] 0.47338294982910156 0.38683852553367615 2.4127929683333735
[46 INFO root] 0.47263699769973755 0.387504518032074 2.4127929683333735
[46 INFO root] 0.47189101576805115 0.3881704807281494 2.4127929683333735
[46 INFO root] 0.47114503383636475 0.38883644342422485 2.4127929683333735
[46 INFO root] 0.47039905190467834 0.3895024359226227 2.4127929683333735
[46 INFO root] 0.46965309977531433 0.3901683986186981 2.4127929683333735
[46 INFO root] 0.46890711784362793 0.39083439111709595 2.4127929683333735
[46 INFO root] 0.46816113591194153 0.3915003538131714 2.4127929683333735
[46 INFO root] 0.4674151539802551 0.3921663165092468 2.4127929683333735
[46 INFO root] 0.4666692018508911 0.39283230900764465 2.4127929683333735
[46 INFO root] 0.4659232199192047 0.3934982717037201 2.4127929683333735
[46 INFO root] 0.4651772379875183 0.3941642642021179 2.4127929683333735
[46 INFO root] 0.4644312560558319 0.39483022689819336 2.4127929683333735
[46 INFO root] 0.4636853039264679 0.3954961895942688 2.4127929683333735
[46 INFO root] 0.4629393219947815 0.3961621820926666 2.4127929683333735
[46 INFO root] 0.4621933400630951 0.39682814478874207 2.4127929683333735
[46 INFO root] 0.4614473581314087 0.3974941372871399 2.4127929683333735
[46 INFO root] 0.4607014060020447 0.39816009998321533 2.4127929683333735
[46 INFO root] 0.4599554240703583 0.39882606267929077 2.4127929683333735
[46 INFO root] 0.4592094421386719 0.3994920551776886 2.4127929683333735
[46 INFO root] 0.45846349000930786 0.40015801787376404 2.4127929683333735
[46 INFO root] 0.45771750807762146 0.40082401037216187 2.4127929683333735
[46 INFO root] 0.45697152614593506 0.4014899730682373 2.4127929683333735
[46 INFO root] 0.45622554421424866 0.40215593576431274 2.4127929683333735
[46 INFO root] 0.45547959208488464 0.40282192826271057 2.4127929683333735
[46 INFO root] 0.45473361015319824 0.403487890958786 2.4127929683333735
[46 INFO root] 0.45398762822151184 0.40415388345718384 2.4127929683333735
[46 INFO root] 0.45324164628982544 0.4048198461532593 2.4127929683333735
[46 INFO root] 0.4524956941604614 0.4054858088493347 2.4127929683333735
[46 INFO root] 0.451749712228775 0.40615180134773254 2.4127929683333735
[46 INFO root] 0.4510037302970886 0.406817764043808 2.4127929683333735
[46 INFO root] 0.4502577483654022 0.4074837565422058 2.4127929683333735
[46 INFO root] 0.4495117962360382 0.40814971923828125 2.4127929683333735
[46 INFO root] 0.4487658143043518 0.4088156819343567 2.4127929683333735
[46 INFO root] 0.4480198323726654 0.4094816744327545 2.4127929683333735
[46 INFO root] 0.447273850440979 0.41014763712882996 2.4127929683333735
[46 INFO root] 0.446527898311615 0.4108136296272278 2.4127929683333735
[46 INFO root] 0.4457819163799286 0.4114795923233032 2.4127929683333735
[46 INFO root] 0.4450359344482422 0.41214555501937866 2.4127929683333735
[46 INFO root] 0.4442899525165558 0.4128115475177765 2.4127929683333735
[46 INFO root] 0.4435440003871918 0.41347751021385193 2.4127929683333735
[46 INFO root] 0.44279801845550537 0.41414350271224976 2.4127929683333735
[46 INFO root] 0.44205203652381897 0.4148094654083252 2.4127929683333735
[46 INFO root] 0.44130605459213257 0.41547542810440063 2.4127929683333735
