[22 INFO root] Initialising Python Geth Console...
[22 INFO root] Initialising RandB board...
[22 INFO root] Initialising resource sensor...
[22 INFO root] Initialising random-walk...
[22 INFO root] Initialising navigation...
[22 INFO root] Initialising Odo...
[22 INFO root] Initialising odometry...
[22 INFO root] Initialising gps...
[22 INFO root] Initialising Ground sensor...
[22 INFO root] --//-- Starting Experiment --//--
[22 INFO root] x y direction
[22 INFO root] 0.7007369995117188 0.005127159878611565 2.279661802492394
[22 INFO root] 0.7019575834274292 0.0037038458976894617 2.137179310159236
[22 INFO root] 0.7044926285743713 -0.0001195949298562482 1.9581576920428407
[22 INFO root] 0.7060673236846924 -0.0034933583810925484 1.7723065069213073
[22 INFO root] 0.7066982984542847 -0.0058931615203619 1.5887683428644213
[22 INFO root] 0.7067989110946655 -0.007222802843898535 1.4113609417022968
[22 INFO root] 0.7067745923995972 -0.00758202001452446 1.2432993053595391
[22 INFO root] 0.7069222331047058 -0.007163229864090681 1.0876571176449104
[22 INFO root] 0.7074130177497864 -0.006203124299645424 0.947156198878794
[22 INFO root] 0.7083039283752441 -0.0049331290647387505 0.823810671774062
[22 INFO root] 0.7095524072647095 -0.003555817762389779 0.7185941015866737
[22 INFO root] 0.7110561728477478 -0.002214290900155902 0.6312984767751121
[22 INFO root] 0.7127012610435486 -0.0009896712144836783 0.5607016584638477
[22 INFO root] 0.7143844366073608 8.435842028120533e-05 0.5049575310195553
[22 INFO root] 0.7160273790359497 0.0010052021825686097 0.46199155934113295
[22 INFO root] 0.7175787687301636 0.0017866420093923807 0.4297912802495923
[22 INFO root] 0.7190098762512207 0.0024487203918397427 0.40656611460937486
[22 INFO root] 0.7203090786933899 0.0030120445881038904 0.39080474074246685
[22 INFO root] 0.7214758992195129 0.0034951732959598303 0.3812713817722986
[22 INFO root] 0.7225168943405151 0.00391377741470933 0.37697376722166137
[22 INFO root] 0.7234565615653992 0.004286305513232946 0.3765953949454166
[22 INFO root] 0.72438645362854 0.004654097370803356 0.3765953949454166
[22 INFO root] 0.7253164052963257 0.0050218538381159306 0.3765953949454166
[22 INFO root] 0.7262462973594666 0.005389610305428505 0.3765953949454166
[22 INFO root] 0.7271762490272522 0.005757367238402367 0.3765953949454166
[22 INFO root] 0.7281061410903931 0.006125123705714941 0.3765953949454166
[22 INFO root] 0.7290360927581787 0.006492880173027515 0.3765953949454166
[22 INFO root] 0.7299659848213196 0.00686063664034009 0.3765953949454166
[22 INFO root] 0.7308959364891052 0.0072283935733139515 0.3765953949454166
[22 INFO root] 0.7318258285522461 0.007596150040626526 0.3765953949454166
[22 INFO root] 0.7327557802200317 0.007963906973600388 0.3765953949454166
[22 INFO root] 0.7336856722831726 0.008331662975251675 0.3765953949454166
[22 INFO root] 0.7346156239509583 0.008699419908225536 0.3765953949454166
[22 INFO root] 0.7355455160140991 0.009067175909876823 0.3765953949454166
[22 INFO root] 0.7364754676818848 0.009434932842850685 0.3765953949454166
[22 INFO root] 0.7374053597450256 0.009802689775824547 0.3765953949454166
[22 INFO root] 0.7383353114128113 0.010170445777475834 0.3765953949454166
[22 INFO root] 0.7392652034759521 0.010538202710449696 0.3765953949454166
[22 INFO root] 0.7401951551437378 0.010905959643423557 0.3765953949454166
[22 INFO root] 0.7411250472068787 0.011273715645074844 0.3765953949454166
[22 INFO root] 0.7420549988746643 0.011641472578048706 0.3765953949454166
[22 INFO root] 0.74298495054245 0.012009228579699993 0.3765953949454166
[22 INFO root] 0.7439148426055908 0.012376985512673855 0.3765953949454166
[22 INFO root] 0.7448447942733765 0.012744742445647717 0.3765953949454166
[22 INFO root] 0.7457746863365173 0.013112498447299004 0.3765953949454166
[22 INFO root] 0.746704638004303 0.013480255380272865 0.3765953949454166
[22 INFO root] 0.7476345300674438 0.013848012313246727 0.3765953949454166
[22 INFO root] 0.7485644817352295 0.014215768314898014 0.3765953949454166
[22 INFO root] 0.7494943737983704 0.014583525247871876 0.3765953949454166
[22 INFO root] 0.750424325466156 0.014951281249523163 0.3765953949454166
[22 INFO root] 0.7513542175292969 0.015319038182497025 0.3765953949454166
[22 INFO root] 0.7522841691970825 0.015686795115470886 0.3765953949454166
[22 INFO root] 0.7532140612602234 0.016054552048444748 0.3765953949454166
[22 INFO root] 0.754144012928009 0.01642230711877346 0.3765953949454166
[22 INFO root] 0.7550739049911499 0.016790064051747322 0.3765953949454166
[22 INFO root] 0.7560038566589355 0.017157820984721184 0.3765953949454166
[22 INFO root] 0.7569337487220764 0.017525577917695045 0.3765953949454166
[22 INFO root] 0.7578637003898621 0.017893334850668907 0.3765953949454166
[22 INFO root] 0.7587935924530029 0.01826109178364277 0.3765953949454166
[22 INFO root] 0.7597235441207886 0.01862884685397148 0.3765953949454166
[22 INFO root] 0.7606534361839294 0.018996603786945343 0.3765953949454166
[22 INFO root] 0.7615833878517151 0.019364360719919205 0.3765953949454166
[22 INFO root] 0.762513279914856 0.019732117652893066 0.3765953949454166
[22 INFO root] 0.7634432315826416 0.020099874585866928 0.3765953949454166
[22 INFO root] 0.7643731236457825 0.02046762965619564 0.3765953949454166
[22 INFO root] 0.7653030753135681 0.020835386589169502 0.3765953949454166
[22 INFO root] 0.766232967376709 0.021203143522143364 0.3765953949454166
[22 INFO root] 0.7671629190444946 0.021570900455117226 0.3765953949454166
[22 INFO root] 0.7680928111076355 0.021938657388091087 0.3765953949454166
[22 INFO root] 0.7690227627754211 0.0223064124584198 0.3765953949454166
[22 INFO root] 0.769952654838562 0.02267416939139366 0.3765953949454166
[22 INFO root] 0.7708826065063477 0.023041926324367523 0.3765953949454166
[22 INFO root] 0.7718124985694885 0.023409683257341385 0.3765953949454166
[22 INFO root] 0.7727424502372742 0.023777440190315247 0.3765953949454166
[22 INFO root] 0.773672342300415 0.02414519526064396 0.3765953949454166
[22 INFO root] 0.7746022939682007 0.02451295219361782 0.3765953949454166
[22 INFO root] 0.7755321860313416 0.024880709126591682 0.3765953949454166
[22 INFO root] 0.7764621376991272 0.025248466059565544 0.3765953949454166
[22 INFO root] 0.7773920297622681 0.025616222992539406 0.3765953949454166
[22 INFO root] 0.7783219814300537 0.025983979925513268 0.3765953949454166
[22 INFO root] 0.7792518734931946 0.02635173499584198 0.3765953949454166
[22 INFO root] 0.7801818251609802 0.02671949192881584 0.3765953949454166
[22 INFO root] 0.7811117172241211 0.027087248861789703 0.3765953949454166
[22 INFO root] 0.7820416688919067 0.027455005794763565 0.3765953949454166
[22 INFO root] 0.7829715609550476 0.027822762727737427 0.3765953949454166
[22 INFO root] 0.7839015126228333 0.02819051779806614 0.3765953949454166
[22 INFO root] 0.7848314046859741 0.02855827473104 0.3765953949454166
[22 INFO root] 0.7857613563537598 0.028926031664013863 0.3765953949454166
[22 INFO root] 0.7866912484169006 0.029293788596987724 0.3765953949454166
[22 INFO root] 0.7876212000846863 0.029661545529961586 0.3765953949454166
[22 INFO root] 0.7885510921478271 0.0300293006002903 0.3765953949454166
[22 INFO root] 0.7894810438156128 0.03039705753326416 0.3765953949454166
[22 INFO root] 0.790411114692688 0.030764877796173096 0.37661150484209127
[22 INFO root] 0.7913526296615601 0.031137241050601006 0.37775633666298764
[22 INFO root] 0.7923059463500977 0.031515393406152725 0.38003907165913864
[22 INFO root] 0.7932698726654053 0.03190019354224205 0.38332767495781106
[22 INFO root] 0.7942433953285217 0.03229242190718651 0.387492781556528
[22 INFO root] 0.7952253818511963 0.03269273787736893 0.3924091308892093
[22 INFO root] 0.7962148785591125 0.03310168534517288 0.39795609628557843
[22 INFO root] 0.797210693359375 0.0335196778178215 0.4040181716178344
[22 INFO root] 0.7982118129730225 0.03394698351621628 0.41048541006130074
[22 INFO root] 0.7992171049118042 0.034383732825517654 0.41725380887030966
[22 INFO root] 0.8002254962921143 0.03482991084456444 0.4242256336811169
[22 INFO root] 0.8011733889579773 0.035257186740636826 0.432395314818415
[22 INFO root] 0.8020556569099426 0.03566345199942589 0.441908636512997
[22 INFO root] 0.8028777837753296 0.03605140000581741 0.4527650959377557
[22 INFO root] 0.8036453127861023 0.03642366826534271 0.46496305614425687
[22 INFO root] 0.8043632507324219 0.036782681941986084 0.47850333648123516
[22 INFO root] 0.8050364851951599 0.037130679935216904 0.49338828355255854
[22 INFO root] 0.8056694269180298 0.03746974840760231 0.5096214520148444
[22 INFO root] 0.8062660694122314 0.03780185431241989 0.5272070198052138
[22 INFO root] 0.806830108165741 0.038128871470689774 0.5461492740252902
[22 INFO root] 0.8073651194572449 0.038452595472335815 0.5664523016625486
[22 INFO root] 0.8078740239143372 0.0387747697532177 0.588120021054133
[22 INFO root] 0.8083597421646118 0.039097100496292114 0.6111555517685114
[22 INFO root] 0.8088247179985046 0.03942125663161278 0.635561454906675
[22 INFO root] 0.8092712163925171 0.0397489033639431 0.6613394528293723
[22 INFO root] 0.809701144695282 0.040081679821014404 0.688490557558726
[22 INFO root] 0.810116171836853 0.04042123258113861 0.717015018112416
[22 INFO root] 0.8105176091194153 0.040769197046756744 0.7469124677953213
[22 INFO root] 0.8109066486358643 0.04112721607089043 0.7781819185256837
[22 INFO root] 0.811284065246582 0.041496921330690384 0.8108221972599801
[22 INFO root] 0.8116504549980164 0.04187995567917824 0.8448319109054101
[22 INFO root] 0.8120061755180359 0.042277947068214417 0.8802097988677917
[22 INFO root] 0.8123512268066406 0.04269253462553024 0.9169550334898213
[22 INFO root] 0.8126853704452515 0.04312534257769585 0.9550672261240368
[22 INFO root] 0.813008189201355 0.04357800632715225 0.9945465841396521
[22 INFO root] 0.8133189082145691 0.04405215382575989 1.0353941680222012
[22 INFO root] 0.8136165738105774 0.04454942047595978 1.0776116450532818
[22 INFO root] 0.8138999342918396 0.04507145658135414 1.1212012647801135
[22 INFO root] 0.8141674995422363 0.0456199124455452 1.1661654219295488
[22 INFO root] 0.8144174218177795 0.046196453273296356 1.2125061133442465
[22 INFO root] 0.8146475553512573 0.046802766621112823 1.2602238437747133
[22 INFO root] 0.8148555159568787 0.047440532594919205 1.309316348462632
[22 INFO root] 0.8150384426116943 0.0481114387512207 1.3597771765800548
[22 INFO root] 0.815193235874176 0.048817116767168045 1.411593286603272
[22 INFO root] 0.8153162002563477 0.04955913498997688 1.4647428525930686
[22 INFO root] 0.8154032230377197 0.050338901579380035 1.5191917488625193
[22 INFO root] 0.8154505491256714 0.05117252469062805 1.574713624467312
[22 INFO root] 0.8154516816139221 0.052081331610679626 1.630869975315214
[22 INFO root] 0.8153975605964661 0.05306661128997803 1.6873462795232286
[22 INFO root] 0.8152792453765869 0.05412553250789642 1.743812211367817
[22 INFO root] 0.8150883316993713 0.05525308847427368 1.7999082740949515
[22 INFO root] 0.8148176670074463 0.05644209682941437 1.8552554194889308
[22 INFO root] 0.8144618272781372 0.057683348655700684 1.9094676063683933
[22 INFO root] 0.8140174746513367 0.05896594375371933 1.9621657884179629
[22 INFO root] 0.8134839534759521 0.06027776747941971 2.0129919318950766
[22 INFO root] 0.8128629922866821 0.06160610169172287 2.061622762248491
[22 INFO root] 0.8121591806411743 0.06293822079896927 2.107780070314914
[22 INFO root] 0.8113791942596436 0.0642620250582695 2.151239126498076
[22 INFO root] 0.8105316758155823 0.0655665323138237 2.191832069071259
[22 INFO root] 0.8096266984939575 0.06684225052595139 2.2294481951405483
[22 INFO root] 0.8086751103401184 0.06808141618967056 2.2640309679889605
[22 INFO root] 0.8076879978179932 0.0692780464887619 2.29557222380715
[22 INFO root] 0.8066762089729309 0.07042791694402695 2.324104729935294
[22 INFO root] 0.8056501746177673 0.07152839750051498 2.3496940086089366
[22 INFO root] 0.804619312286377 0.07257823646068573 2.372430632360926
[22 INFO root] 0.8035920262336731 0.07357735931873322 2.3924223730749707
[22 INFO root] 0.8025755286216736 0.07452663034200668 2.4097876138813095
[22 INFO root] 0.8015760183334351 0.0754275843501091 2.424649687285617
[22 INFO root] 0.8005985021591187 0.0762823075056076 2.4371327199146213
[22 INFO root] 0.7996469140052795 0.0770932137966156 2.447358106023695
[22 INFO root] 0.7987242937088013 0.077862948179245 2.4554419494044706
[22 INFO root] 0.7978327870368958 0.07859424501657486 2.4614934777407655
[22 INFO root] 0.7969738245010376 0.07928989082574844 2.465613872183402
[22 INFO root] 0.7961481809616089 0.07995264232158661 2.4678957180894545
[22 INFO root] 0.7953562140464783 0.08058519661426544 2.468422741037313
[22 INFO root] 0.7945736646652222 0.08120927214622498 2.4684579779397224
[22 INFO root] 0.7937918305397034 0.08183271437883377 2.4684579779397224
[22 INFO root] 0.7930099368095398 0.08245615661144257 2.4684579779397224
[22 INFO root] 0.7922280430793762 0.08307959139347076 2.4684579779397224
[22 INFO root] 0.7914462089538574 0.08370303362607956 2.4684579779397224
[22 INFO root] 0.7907074093818665 0.08429211378097534 2.4702498981189898
[22 INFO root] 0.7900516986846924 0.08481325954198837 2.475576598790394
[22 INFO root] 0.7894712090492249 0.08526994287967682 2.4842833469803023
[22 INFO root] 0.7889537215232849 0.08567015826702118 2.4960545288989864
[22 INFO root] 0.7884883284568787 0.08602166175842285 2.510640435203435
[22 INFO root] 0.7880653738975525 0.08633166551589966 2.527848083211532
[22 INFO root] 0.7876765727996826 0.0866066962480545 2.5475314189146205
[22 INFO root] 0.7873141765594482 0.08685257285833359 2.5695836777251966
[22 INFO root] 0.7869714498519897 0.08707435429096222 2.5939314383882155
[22 INFO root] 0.7866584062576294 0.0872664675116539 2.620117816329843
[22 INFO root] 0.7863801121711731 0.08742742240428925 2.6478600382713693
[22 INFO root] 0.7861306071281433 0.08756271749734879 2.6771828505454875
[22 INFO root] 0.7859030961990356 0.08767759799957275 2.708156701851826
[22 INFO root] 0.7856915593147278 0.08777636289596558 2.7408688607099343
[22 INFO root] 0.7854901552200317 0.08786250650882721 2.775422095397589
[22 INFO root] 0.7852932810783386 0.08793880045413971 2.8119325946423843
[22 INFO root] 0.7850953340530396 0.08800734579563141 2.850527395519546
[22 INFO root] 0.7848904132843018 0.08806957304477692 2.8913411644991323
[22 INFO root] 0.7846724987030029 0.08812618255615234 2.9345121412178106
[22 INFO root] 0.784434974193573 0.08817708492279053 2.9801770460666948
[22 INFO root] 0.7841708064079285 0.0882212296128273 3.0284655539796645
[22 INFO root] 0.7838731408119202 0.0882563591003418 3.0795911937299434
[22 INFO root] 0.7835339307785034 0.08827897161245346 3.1337317405543366
[22 INFO root] 0.7831441164016724 0.08828389644622803 -3.0921934776876623
[22 INFO root] 0.7826945185661316 0.08826392889022827 -3.0317909496253126
[22 INFO root] 0.7821761965751648 0.08820956200361252 -2.968313066580673
[22 INFO root] 0.781581699848175 0.08810890465974808 -2.9019263805712217
[22 INFO root] 0.7809057831764221 0.08794790506362915 -2.8329060166563935
[22 INFO root] 0.7801604270935059 0.08771533519029617 -2.7623158288092045
[22 INFO root] 0.7794145345687866 0.08742401748895645 -2.693385027150565
[22 INFO root] 0.7786856889724731 0.08707968890666962 -2.6265063531428914
[22 INFO root] 0.7779828906059265 0.08668806403875351 -2.561710766107662
[22 INFO root] 0.7773126363754272 0.0862552672624588 -2.4989585166403936
[22 INFO root] 0.7766790390014648 0.08578721433877945 -2.438173619878817
[22 INFO root] 0.776085376739502 0.08528993278741837 -2.379305710215806
[22 INFO root] 0.77553391456604 0.08476966619491577 -2.3223323940321015
[22 INFO root] 0.7750262022018433 0.08423269540071487 -2.267250691488656
[22 INFO root] 0.7745630741119385 0.08368515968322754 -2.2140721393060985
[22 INFO root] 0.7741443514823914 0.08313298970460892 -2.162822595918587
[22 INFO root] 0.7737706899642944 0.0825837105512619 -2.113559166751453
[22 INFO root] 0.7734419107437134 0.08204486966133118 -2.066359585185348
[22 INFO root] 0.7731567621231079 0.081523597240448 -2.0213137122148814
[22 INFO root] 0.7729132771492004 0.08102640509605408 -1.9785098716520795
[22 INFO root] 0.7727088928222656 0.08055908977985382 -1.938031471128133
[22 INFO root] 0.7725403308868408 0.08012663573026657 -1.8999558276562196
[22 INFO root] 0.772404134273529 0.07973324507474899 -1.864352537777693
[22 INFO root] 0.7722964882850647 0.07938232272863388 -1.8312814672901683
[22 INFO root] 0.7722137570381165 0.07907648384571075 -1.8007908200841352
[22 INFO root] 0.7721521258354187 0.07881748676300049 -1.7729157588665485
[22 INFO root] 0.7721081376075745 0.0786062628030777 -1.7476778718973842
[22 INFO root] 0.7720783352851868 0.07844279706478119 -1.7250855235082032
[22 INFO root] 0.7720609307289124 0.07833302021026611 -1.7042457848593568
[22 INFO root] 0.77205491065979 0.0782901793718338 -1.682723953000312
[22 INFO root] 0.772056519985199 0.07830516993999481 -1.6602031832526196
[22 INFO root] 0.7720620632171631 0.07836651802062988 -1.636639370089908
[22 INFO root] 0.7720686197280884 0.07846328616142273 -1.61201420294623
[22 INFO root] 0.7720739245414734 0.07858516275882721 -1.5863317450358967
[22 INFO root] 0.7720763683319092 0.07872255146503448 -1.559613483679562
[22 INFO root] 0.7720751166343689 0.07886672019958496 -1.5318928876989004
[22 INFO root] 0.7720699310302734 0.07900987565517426 -1.5032097234129786
[22 INFO root] 0.7720611691474915 0.07914528250694275 -1.4736043959714114
[22 INFO root] 0.7720496654510498 0.07926734536886215 -1.4431126883921597
[22 INFO root] 0.7720366716384888 0.07937157154083252 -1.4117613239818847
[22 INFO root] 0.7720235586166382 0.07945552468299866 -1.3795910468069021
[22 INFO root] 0.7720118761062622 0.07951726019382477 -1.3466553242370847
[22 INFO root] 0.7720035314559937 0.07955481112003326 -1.3130166346762346
[22 INFO root] 0.7720006108283997 0.07956624031066895 -1.278744035887071
[22 INFO root] 0.7720056176185608 0.07954975962638855 -1.2439101315913512
[22 INFO root] 0.7720211744308472 0.07950367033481598 -1.2086119186995776
[22 INFO root] 0.7720502018928528 0.07942655682563782 -1.1729526631282368
[22 INFO root] 0.7720956206321716 0.0793175995349884 -1.137023609121168
[22 INFO root] 0.7721604108810425 0.07917670905590057 -1.1008943489173035
[22 INFO root] 0.7722471952438354 0.07900458574295044 -1.064607109131144
[22 INFO root] 0.7723582983016968 0.07880265265703201 -1.0281741550209689
[22 INFO root] 0.7724958658218384 0.07857289165258408 -0.9915782752577631
[22 INFO root] 0.772661566734314 0.07831769436597824 -0.9547758877877998
[22 INFO root] 0.7728570103645325 0.07803966104984283 -0.9177021126093765
[22 INFO root] 0.7730836272239685 0.07774142175912857 -0.8802770560006234
[22 INFO root] 0.7733427286148071 0.07742553949356079 -0.8424127021364954
[22 INFO root] 0.7736360430717468 0.0770944282412529 -0.8040199962513014
[22 INFO root] 0.7739651799201965 0.07675031572580338 -0.7650158491398937
[22 INFO root] 0.7743322849273682 0.07639526575803757 -0.7253299691452073
[22 INFO root] 0.7747398614883423 0.07603123039007187 -0.6849114496395753
[22 INFO root] 0.7751906514167786 0.07566015422344208 -0.6437350836275295
[22 INFO root] 0.7756878137588501 0.07528407126665115 -0.6018072625321216
[22 INFO root] 0.7762348055839539 0.07490520924329758 -0.5591713083546009
[22 INFO root] 0.7768351435661316 0.07452616095542908 -0.5159119381337355
[22 INFO root] 0.7774922251701355 0.07414992898702621 -0.4721585615853343
[22 INFO root] 0.7782092690467834 0.07377999275922775 -0.42808699963325236
[22 INFO root] 0.7789888381958008 0.07342036068439484 -0.38391928271051806
[22 INFO root] 0.7798324227333069 0.07307545840740204 -0.3399211797212385
[22 INFO root] 0.7807406187057495 0.07275000959634781 -0.29639722095956095
[22 INFO root] 0.7817122936248779 0.07244884222745895 -0.25368315252693324
[22 INFO root] 0.7827449440956116 0.07217659801244736 -0.2121359550028148
[22 INFO root] 0.7838343381881714 0.07193741202354431 -0.17212186709143865
[22 INFO root] 0.7849745154380798 0.07173465192317963 -0.13400314206502387
[22 INFO root] 0.7861583232879639 0.07157059013843536 -0.09812450193450609
[22 INFO root] 0.7873773574829102 0.0714462623000145 -0.06480044772819785
[22 INFO root] 0.7886227965354919 0.07136134803295135 -0.03429225511124414
[22 INFO root] 0.7898855209350586 0.07131421566009521 -0.006795871981125211
[22 INFO root] 0.7911570072174072 0.07130209356546402 0.01755941683167237
[22 INFO root] 0.792429506778717 0.07132133841514587 0.03870746057994686
[22 INFO root] 0.7936961650848389 0.07136770337820053 0.05663910586570762
[22 INFO root] 0.7949515581130981 0.07143660634756088 0.07139444170617514
[22 INFO root] 0.7961912155151367 0.07152339816093445 0.08305428691953651
[22 INFO root] 0.7974120378494263 0.07162357866764069 0.09173168675617192
[22 INFO root] 0.7985656261444092 0.07172863185405731 0.09756794016200818
[22 INFO root] 0.7996060252189636 0.07182978838682175 0.10079939003169144
[22 INFO root] 0.8005378842353821 0.07192370295524597 0.10170501974425747
[22 INFO root] 0.8013714551925659 0.07200869172811508 0.10053611013572247
[22 INFO root] 0.8021165728569031 0.0720839574933052 0.0975066593576874
[22 INFO root] 0.8027824759483337 0.07214931398630142 0.09279707623641341
[22 INFO root] 0.8033775687217712 0.07220501452684402 0.08655832540544026
[22 INFO root] 0.8039097189903259 0.07225155830383301 0.07891552707329794
[22 INFO root] 0.8043860197067261 0.07228963077068329 0.06997090494788404
[22 INFO root] 0.8048127889633179 0.07231996208429337 0.05980606551436882
[22 INFO root] 0.8051959872245789 0.07234333455562592 0.048483630214777945
[22 INFO root] 0.8055408000946045 0.07236050069332123 0.03604821693495783
[22 INFO root] 0.8058519959449768 0.07237214595079422 0.02252694556719412
[22 INFO root] 0.8061391115188599 0.07237903028726578 0.008480094818869443
[22 INFO root] 0.8064067363739014 0.07238170504570007 -0.005911165533786256
[22 INFO root] 0.8066568970680237 0.07238060235977173 -0.020686071989049173
[22 INFO root] 0.8068913817405701 0.07237612456083298 -0.03591306811320851
[22 INFO root] 0.8071120381355286 0.0723685473203659 -0.05167232860870665
[22 INFO root] 0.8073206543922424 0.07235810905694962 -0.06805484411892261
[22 INFO root] 0.8075190782546997 0.07234492152929306 -0.08516020136089365
[22 INFO root] 0.807709276676178 0.07232902944087982 -0.10309314211826262
[22 INFO root] 0.8078930974006653 0.07231035083532333 -0.12195910212161223
[22 INFO root] 0.8080725073814392 0.07228871434926987 -0.14185898391885157
[22 INFO root] 0.8082493543624878 0.07226381450891495 -0.16288400505409253
[22 INFO root] 0.8084255456924438 0.07223523408174515 -0.18511109010245733
[22 INFO root] 0.8086027503013611 0.07220245897769928 -0.2085996506088537
[22 INFO root] 0.8087825775146484 0.07216483354568481 -0.23338990075514787
[22 INFO root] 0.8089662194252014 0.07212163507938385 -0.2595031431387372
[22 INFO root] 0.8091549873352051 0.07207204401493073 -0.2869435226071417
[22 INFO root] 0.8093496561050415 0.07201515883207321 -0.3157016500260037
[22 INFO root] 0.8095520734786987 0.07194966077804565 -0.3458632092807552
[22 INFO root] 0.8097648024559021 0.07187369465827942 -0.3775774675038257
[22 INFO root] 0.8099899888038635 0.07178515195846558 -0.41094887845265343
[22 INFO root] 0.8102290630340576 0.07168184965848923 -0.44602080623120105
[22 INFO root] 0.8104826807975769 0.07156159728765488 -0.4827885814297288
[22 INFO root] 0.8107508420944214 0.07142222672700882 -0.5212143949108301
[22 INFO root] 0.8110328316688538 0.07126164436340332 -0.5612400904731142
[22 INFO root] 0.8113276362419128 0.0710778534412384 -0.6027970986045857
[22 INFO root] 0.8116359114646912 0.07086747884750366 -0.6459314482306315
[22 INFO root] 0.8119581341743469 0.07062657922506332 -0.6906949549316242
[22 INFO root] 0.8122944831848145 0.07035093009471893 -0.7371182981302262
[22 INFO root] 0.812644362449646 0.07003608345985413 -0.7852128108442182
[22 INFO root] 0.8130064606666565 0.06967734545469284 -0.8349725406014443
[22 INFO root] 0.8133788704872131 0.06926985830068588 -0.8863752737966799
[22 INFO root] 0.813758909702301 0.06880860030651093 -0.9393829260034025
[22 INFO root] 0.8141433000564575 0.06828843802213669 -0.9939407110566637
[22 INFO root] 0.814527690410614 0.0677042081952095 -1.049975936159272
[22 INFO root] 0.8149070143699646 0.06705083698034286 -1.1073949547881112
[22 INFO root] 0.8152753710746765 0.0663234293460846 -1.1660802980342304
[22 INFO root] 0.8156258463859558 0.06551747769117355 -1.2258872399081844
[22 INFO root] 0.8159506320953369 0.06462909281253815 -1.286639742541537
[22 INFO root] 0.8162410855293274 0.06365526467561722 -1.3481269247205927
[22 INFO root] 0.8164877891540527 0.06259416788816452 -1.410100513093185
[22 INFO root] 0.8166808485984802 0.06144554167985916 -1.472273418646233
[22 INFO root] 0.8168026208877563 0.06028762087225914 -1.5331670212843893
[22 INFO root] 0.8168519139289856 0.059166472405195236 -1.59227338701336
[22 INFO root] 0.8168354034423828 0.058089468628168106 -1.6497439725690297
[22 INFO root] 0.8167600035667419 0.057057976722717285 -1.705785780758098
[22 INFO root] 0.8166319131851196 0.05607204884290695 -1.7605960839791586
[22 INFO root] 0.81645667552948 0.05513100326061249 -1.8143620202301431
[22 INFO root] 0.8162389397621155 0.05423375591635704 -1.8672628285495814
[22 INFO root] 0.8159829378128052 0.05337904766201973 -1.919472176139598
[22 INFO root] 0.8156921863555908 0.05256551876664162 -1.9711618040394232
[22 INFO root] 0.8153694868087769 0.051791734993457794 -2.022503432443789
[22 INFO root] 0.8150174021720886 0.051056135445833206 -2.0736692349133086
[22 INFO root] 0.8146376013755798 0.05035698413848877 -2.1248321618115225
[22 INFO root] 0.8142311573028564 0.04969232156872749 -2.1761633455981113
[22 INFO root] 0.8137983679771423 0.04905995354056358 -2.2278286743871463
[22 INFO root] 0.8133386373519897 0.04845745116472244 -2.27998332327288
[22 INFO root] 0.8128501772880554 0.04788221791386604 -2.3327638272106497
[22 INFO root] 0.8123303055763245 0.047331586480140686 -2.386275789577715
[22 INFO root] 0.8117747902870178 0.04680299758911133 -2.4405797757670236
[22 INFO root] 0.8111785054206848 0.04629426449537277 -2.495672893467206
[22 INFO root] 0.810535192489624 0.04580390453338623 -2.5514682152745847
[22 INFO root] 0.8098379373550415 0.045331500470638275 -2.6077718683677285
[22 INFO root] 0.8090804815292358 0.0448782704770565 -2.6642653110435295
[22 INFO root] 0.8082593083381653 0.044447898864746094 -2.720534054225332
[22 INFO root] 0.8073736429214478 0.04404551535844803 -2.7760841105826572
[22 INFO root] 0.8064258098602295 0.043676961213350296 -2.8303503717546596
[22 INFO root] 0.8054216504096985 0.04334811493754387 -2.882715684844497
[22 INFO root] 0.8043707013130188 0.04306405410170555 -2.9325260723235895
[22 INFO root] 0.8032857775688171 0.042828310281038284 -2.9791312701544377
[22 INFO root] 0.8021829128265381 0.04264229163527489 -3.021954615533388
[22 INFO root] 0.8010797500610352 0.04250485450029373 -3.0605418762247574
[22 INFO root] 0.7999941110610962 0.04241236671805382 -3.094587855897479
[22 INFO root] 0.7989420294761658 0.04235917329788208 -3.123941522970485
[22 INFO root] 0.7979369759559631 0.042338352650403976 3.134593153959348
[22 INFO root] 0.796918511390686 0.04234301298856735 3.114710534599201
[22 INFO root] 0.7958843111991882 0.04236879199743271 3.099583674414128
[22 INFO root] 0.7948419451713562 0.042411040514707565 3.089116122837126
[22 INFO root] 0.7937968969345093 0.042464833706617355 3.083151341435482
[22 INFO root] 0.792752742767334 0.04252529889345169 3.0815050050922284
[22 INFO root] 0.7917109131813049 0.04258780553936958 3.0839723412548152
[22 INFO root] 0.7906712293624878 0.042648036032915115 3.0903242743588333
[22 INFO root] 0.7896321415901184 0.04270201921463013 3.1003153124676293
[22 INFO root] 0.7885910272598267 0.042746055871248245 3.113692437412614
[22 INFO root] 0.7875446677207947 0.04277665168046951 3.1302015177324054
[22 INFO root] 0.7864893078804016 0.042790405452251434 -3.1335961256720712
[22 INFO root] 0.7854209542274475 0.04278390854597092 -3.1115785986587605
[22 INFO root] 0.7843356728553772 0.0427536815404892 -3.087168272225402
[22 INFO root] 0.783229649066925 0.04269608482718468 -3.0605872305722976
[22 INFO root] 0.7820994853973389 0.04260729253292084 -3.0320422898467885
[22 INFO root] 0.7809419631958008 0.042483244091272354 -3.0017292816257637
[22 INFO root] 0.7797545790672302 0.0423196516931057 -2.9698382745196557
[22 INFO root] 0.7785351872444153 0.04211202263832092 -2.936558654074157
[22 INFO root] 0.7772824168205261 0.041855715215206146 -2.9020847316290173
[22 INFO root] 0.7759955525398254 0.041546016931533813 -2.8666219263925705
[22 INFO root] 0.7746748328208923 0.04117831215262413 -2.830393109761461
[22 INFO root] 0.7733215093612671 0.04074825346469879 -2.7936443672991005
[22 INFO root] 0.7719380855560303 0.04025205597281456 -2.756649219875032
[22 INFO root] 0.7705284357070923 0.03968679904937744 -2.7197160464180006
[22 INFO root] 0.7690977454185486 0.03905084729194641 -2.6831887153193095
[22 INFO root] 0.7676528096199036 0.03834422677755356 -2.647439148803385
[22 INFO root] 0.7662017345428467 0.037569012492895126 -2.6128535731377114
[22 INFO root] 0.764753520488739 0.036729536950588226 -2.5798142371167807
[22 INFO root] 0.7633178234100342 0.03583243116736412 -2.5486790270246398
[22 INFO root] 0.7619044184684753 0.034886445850133896 -2.519761913848438
[22 INFO root] 0.7605223655700684 0.03390203043818474 -2.493317093914328
[22 INFO root] 0.7592194676399231 0.0329207144677639 -2.4684612019978247
[22 INFO root] 0.7580704689025879 0.03200968727469444 -2.4429942455625318
[22 INFO root] 0.7570638656616211 0.03116907738149166 -2.4165358430479964
[22 INFO root] 0.7561795711517334 0.030390148982405663 -2.388968368864629
[22 INFO root] 0.7554003000259399 0.029664713889360428 -2.360209355469654
[22 INFO root] 0.7547111511230469 0.028985347598791122 -2.3301970450678446
[22 INFO root] 0.7540996074676514 0.028345318511128426 -2.298880322197669
[22 INFO root] 0.7535549402236938 0.027738487347960472 -2.266212163549103
[22 INFO root] 0.7530680894851685 0.02715921215713024 -2.2321455980788905
[22 INFO root] 0.7526313662528992 0.026602232828736305 -2.196631381484993
[22 INFO root] 0.7522382736206055 0.026062585413455963 -2.1596163806444126
[22 INFO root] 0.7518832683563232 0.02553546242415905 -2.1210427770912776
[22 INFO root] 0.7515617609024048 0.025016071274876595 -2.0808496560598
[22 INFO root] 0.7512699961662292 0.024499528110027313 -2.038976014402115
[22 INFO root] 0.7510049343109131 0.02398076094686985 -1.99536458318386
[22 INFO root] 0.7507643699645996 0.023454777896404266 -1.9499788651820575
[22 INFO root] 0.7505470514297485 0.02291645109653473 -1.902796844205889
[22 INFO root] 0.7503524422645569 0.022360440343618393 -1.8538118317487318
[22 INFO root] 0.7501809597015381 0.02178123965859413 -1.8030367607961184
[22 INFO root] 0.7500340342521667 0.021173272281885147 -1.7505087974964006
[22 INFO root] 0.7499139904975891 0.020531021058559418 -1.6962938482384555
[22 INFO root] 0.7498244047164917 0.01984923705458641 -1.64048166169437
[22 INFO root] 0.7497698664665222 0.019123122096061707 -1.5831766517172812
[22 INFO root] 0.7497560977935791 0.018348464742302895 -1.5245069310837016
[22 INFO root] 0.7497897744178772 0.017521856352686882 -1.464633772643339
[22 INFO root] 0.7498786449432373 0.016640938818454742 -1.403760255992164
[22 INFO root] 0.7500309944152832 0.01570468582212925 -1.3421389254306544
[22 INFO root] 0.7502555847167969 0.014713707379996777 -1.2800776565329042
[22 INFO root] 0.7505611181259155 0.01367049477994442 -1.2179428006676558
[22 INFO root] 0.7509555816650391 0.012579625472426414 -1.1561573000137086
[22 INFO root] 0.7514458894729614 0.011447813361883163 -1.0951942072200673
[22 INFO root] 0.7520369291305542 0.010283758863806725 -1.0355667977616023
[22 INFO root] 0.7527303695678711 0.009098969399929047 -0.9778013693959927
[22 INFO root] 0.7535239458084106 0.00790708139538765 -0.9224037378594679
[22 INFO root] 0.754412055015564 0.0067217485047876835 -0.8698439097357309
[22 INFO root] 0.7553859353065491 0.005555670242756605 -0.8205390797388559
[22 INFO root] 0.7564342021942139 0.004419977776706219 -0.7748376093602797
[22 INFO root] 0.7575437426567078 0.0033237175084650517 -0.733009681409664
[22 INFO root] 0.7587003111839294 0.0022736508399248123 -0.6952410547986807
[22 INFO root] 0.7598891258239746 0.0012742755934596062 -0.6616313143352681
[22 INFO root] 0.7610958218574524 0.0003279966185800731 -0.6321973402547407
[22 INFO root] 0.7623067498207092 -0.000564588000997901 -0.6068812402179965
[22 INFO root] 0.7635095715522766 -0.0014043247792869806 -0.5855608650194334
[22 INFO root] 0.7646934390068054 -0.002193139400333166 -0.5680628666429625
[22 INFO root] 0.7658491134643555 -0.002933693816885352 -0.5541766613843466
[22 INFO root] 0.7669691443443298 -0.0036290884017944336 -0.5436676683378192
[22 INFO root] 0.7680477499961853 -0.004282617475837469 -0.5362890350671814
[22 INFO root] 0.7690805792808533 -0.004897591657936573 -0.5317914323765528
[22 INFO root] 0.7700647115707397 -0.005477211903780699 -0.5299306287071277
[22 INFO root] 0.770998477935791 -0.006024497095495462 -0.5304731627014372
[22 INFO root] 0.7718812823295593 -0.00654224818572402 -0.5332003172474498
[22 INFO root] 0.7727134227752686 -0.007033043075352907 -0.537910557801615
[22 INFO root] 0.7734957337379456 -0.007499247323721647 -0.5444207321873827
[22 INFO root] 0.7742298245429993 -0.007943038828670979 -0.5525662254516501
[22 INFO root] 0.774939239025116 -0.008379647508263588 -0.5618737553527213
[22 INFO root] 0.7756563425064087 -0.008830204606056213 -0.5716662770361894
[22 INFO root] 0.7763819098472595 -0.00929600466042757 -0.5816367759712844
[22 INFO root] 0.7771132588386536 -0.00977583322674036 -0.5915389080006989
[22 INFO root] 0.7778478860855103 -0.01026831567287445 -0.6011575936710687
[22 INFO root] 0.7785837650299072 -0.010771967470645905 -0.6103083129700785
[22 INFO root] 0.7793190479278564 -0.011285227723419666 -0.6188346622455757
[22 INFO root] 0.7800523638725281 -0.011806508526206017 -0.6266058005906416
[22 INFO root] 0.7807825207710266 -0.012334240600466728 -0.6335138548061503
[22 INFO root] 0.7815088033676147 -0.012866906821727753 -0.6394714115483054
[22 INFO root] 0.7822305560112 -0.013403037562966347 -0.6444056192749621
[22 INFO root] 0.7829473614692688 -0.013941091485321522 -0.6482461069882375
[22 INFO root] 0.7836589217185974 -0.014479623176157475 -0.650934435926436
[22 INFO root] 0.7843652963638306 -0.015017332509160042 -0.6524250230476689
[22 INFO root] 0.7850667238235474 -0.015553077682852745 -0.6526832753047284
[22 INFO root] 0.785763680934906 -0.016085872426629066 -0.6516837341144159
[22 INFO root] 0.7864570021629333 -0.016614878550171852 -0.649408475315939
[22 INFO root] 0.7871474623680115 -0.017139391973614693 -0.645845717433167
[22 INFO root] 0.7878361940383911 -0.01765882782638073 -0.6409886305791298
[22 INFO root] 0.7885242104530334 -0.018172690644860268 -0.6348342832777026
[22 INFO root] 0.7892128825187683 -0.018680555745959282 -0.6273827346008176
[22 INFO root] 0.7899033427238464 -0.019182035699486732 -0.6186362506266987
[22 INFO root] 0.7905970811843872 -0.01967678777873516 -0.6086005525053527
[22 INFO root] 0.7912960052490234 -0.020164869725704193 -0.5973060206786791
[22 INFO root] 0.7920020222663879 -0.020646246150135994 -0.5847764900289028
[22 INFO root] 0.7927166819572449 -0.021120628342032433 -0.5710208415961129
[22 INFO root] 0.7934411764144897 -0.021587464958429337 -0.556034060010922
[22 INFO root] 0.7941765785217285 -0.02204599604010582 -0.5398025201086594
[22 INFO root] 0.794923722743988 -0.022495297715067863 -0.5223066088901149
[22 INFO root] 0.7956832647323608 -0.022934284061193466 -0.5035227896456569
[22 INFO root] 0.7964558601379395 -0.023361751809716225 -0.48342587814376375
[22 INFO root] 0.7972418665885925 -0.023776397109031677 -0.4619915288876631
[22 INFO root] 0.7980417609214783 -0.024176841601729393 -0.43919880547864687
[22 INFO root] 0.7988560795783997 -0.02456166222691536 -0.41503275851768273
[22 INFO root] 0.7996852993965149 -0.024929404258728027 -0.3894868963427583
[22 INFO root] 0.8005250692367554 -0.025276612490415573 -0.36264237097731855
[22 INFO root] 0.8013239502906799 -0.025582320988178253 -0.3352752432260549
[22 INFO root] 0.8020781874656677 -0.02584758773446083 -0.3075155316549829
[22 INFO root] 0.8027907013893127 -0.026076190173625946 -0.2794390432027172
[22 INFO root] 0.8034642338752747 -0.026271628215909004 -0.2511164700837194
[22 INFO root] 0.8041012287139893 -0.026437075808644295 -0.22260748458187177
[22 INFO root] 0.8047040104866028 -0.026575421914458275 -0.1939612191046101
[22 INFO root] 0.805274486541748 -0.026689279824495316 -0.16521646358771075
[22 INFO root] 0.8058146238327026 -0.026781028136610985 -0.13639892362027897
[22 INFO root] 0.806326150894165 -0.026852820068597794 -0.10756137078310804
[22 INFO root] 0.8068185448646545 -0.026907475665211678 -0.07967209686021116
[22 INFO root] 0.8072912096977234 -0.026946594938635826 -0.05285359120553703
[22 INFO root] 0.8077422380447388 -0.02697172202169895 -0.027076660107729713
[22 INFO root] 0.808169960975647 -0.02698446623980999 -0.002299194127265449
[22 INFO root] 0.8085733652114868 -0.02698644809424877 0.021528062595582684
[22 INFO root] 0.8089516758918762 -0.02697925828397274 0.04445985501974168
[22 INFO root] 0.8093045353889465 -0.026964420452713966 0.06655481568379315
[22 INFO root] 0.8096320629119873 -0.026943368837237358 0.08787391877346781
[22 INFO root] 0.8099344968795776 -0.02691742032766342 0.10847906310591846
[22 INFO root] 0.8102124333381653 -0.02688777633011341 0.1284317117332152
[22 INFO root] 0.8104665875434875 -0.026855506002902985 0.14779179427761036
[22 INFO root] 0.8106979727745056 -0.026821555569767952 0.16661682305597011
[22 INFO root] 0.8109076023101807 -0.026786750182509422 0.18496143141498209
[22 INFO root] 0.8110964298248291 -0.0267518050968647 0.20287717143114725
[22 INFO root] 0.811265766620636 -0.026717327535152435 0.22041261871553594
[22 INFO root] 0.8114166259765625 -0.026683829724788666 0.23761412366372148
[22 INFO root] 0.8115502595901489 -0.026651732623577118 0.2545265544137549
[22 INFO root] 0.8116678595542908 -0.026621371507644653 0.271194671659752
[22 INFO root] 0.8117706775665283 -0.026593001559376717 0.28766463958948907
[22 INFO root] 0.8118598461151123 -0.02656678855419159 0.30398582488764325
[22 INFO root] 0.8119367957115173 -0.026542801409959793 0.32021256939061776
[22 INFO root] 0.812002956867218 -0.02652101032435894 0.33640631712028735
[22 INFO root] 0.812059760093689 -0.026501262560486794 0.3526373789209989
[22 INFO root] 0.8121089339256287 -0.026483267545700073 0.3689862704601061
[22 INFO root] 0.8121523261070251 -0.026466578245162964 0.38554474466787053
[22 INFO root] 0.8121919631958008 -0.02645057439804077 0.4024158536973441
[22 INFO root] 0.8122340440750122 -0.026432741433382034 0.4199125000644039
[22 INFO root] 0.8122800588607788 -0.026412280276417732 0.4381208928696727
[22 INFO root] 0.8123303651809692 -0.02638881467282772 0.4570747533679531
[22 INFO root] 0.8123852014541626 -0.02636195346713066 0.4768065537411929
[22 INFO root] 0.8124449253082275 -0.026331249624490738 0.49735020363640076
[22 INFO root] 0.8125097751617432 -0.02629619650542736 0.5187412007742329
[22 INFO root] 0.8125854134559631 -0.026253214105963707 0.5412176277997067
[22 INFO root] 0.8126745820045471 -0.026199838146567345 0.5649122398775129
[22 INFO root] 0.8127783536911011 -0.026134347543120384 0.5898936598556188
[22 INFO root] 0.8128971457481384 -0.02605520933866501 0.616208376131223
[22 INFO root] 0.8130307793617249 -0.02596106007695198 0.6438859178317979
[22 INFO root] 0.8131784796714783 -0.02585073560476303 0.6729416717380248
[22 INFO root] 0.8133389949798584 -0.025723526254296303 0.7033720275776119
[22 INFO root] 0.8135099411010742 -0.02557937428355217 0.7351565982435992
[22 INFO root] 0.8136891722679138 -0.025418270379304886 0.7682802174859055
[22 INFO root] 0.8138747215270996 -0.025240082293748856 0.8027376080516438
[22 INFO root] 0.8140649795532227 -0.025044402107596397 0.8385350330759099
[22 INFO root] 0.8142588138580322 -0.024830255657434464 0.8756925009159697
[22 INFO root] 0.8144552707672119 -0.02459634467959404 0.9142363287239915
[22 INFO root] 0.8146534562110901 -0.024341117590665817 0.9541966199604495
[22 INFO root] 0.8148523569107056 -0.024062756448984146 0.9956060134232564
[22 INFO root] 0.8150508403778076 -0.023759175091981888 1.0384981621592855
[22 INFO root] 0.8152477145195007 -0.02342800982296467 1.0829061847554395
[22 INFO root] 0.8154464364051819 -0.023057200014591217 1.1288771841305179
[22 INFO root] 0.8156479001045227 -0.02263597585260868 1.176407519094642
[22 INFO root] 0.8158490061759949 -0.02215864136815071 1.2254575279400644
[22 INFO root] 0.8160454630851746 -0.02162003517150879 1.2759612141176013
[22 INFO root] 0.8162322640419006 -0.021015141159296036 1.3278222707246266
[22 INFO root] 0.8164031505584717 -0.020339345559477806 1.3809104585220273
[22 INFO root] 0.8165512681007385 -0.01958870328962803 1.4350573380507654
[22 INFO root] 0.8166686296463013 -0.018760276958346367 1.4900547758464542
[22 INFO root] 0.816746711730957 -0.01785246655344963 1.5456534852151342
[22 INFO root] 0.8167766332626343 -0.016865350306034088 1.6015647525434662
[22 INFO root] 0.8167494535446167 -0.015800969675183296 1.657464625448777
[22 INFO root] 0.8166566491127014 -0.014663505367934704 1.7130006707693863
[22 INFO root] 0.8164907097816467 -0.013459346257150173 1.7678015100834459
[22 INFO root] 0.8162455558776855 -0.012196977622807026 1.8214889087967234
[22 INFO root] 0.8159171938896179 -0.01088669989258051 1.873691061613062
[22 INFO root] 0.8155037760734558 -0.009540199302136898 1.9240567257279506
[22 INFO root] 0.8150061368942261 -0.0081699900329113 1.9722676212548167
[22 INFO root] 0.8144274950027466 -0.006788807455450296 2.018049568767839
[22 INFO root] 0.8137732148170471 -0.005409007892012596 2.061179797047344
[22 INFO root] 0.8130509257316589 -0.004042047541588545 2.1014904689731515
[22 INFO root] 0.8122694492340088 -0.0026980640832334757 2.138869837910926
[22 INFO root] 0.8114386796951294 -0.0013856147415935993 2.173258711101363
[22 INFO root] 0.8105688691139221 -0.00011155040556332096 2.2046453103634676
[22 INFO root] 0.8096704483032227 0.0011189813958480954 2.2330581053529186
[22 INFO root] 0.8087531328201294 0.0023024417459964752 2.2585585058707043
[22 INFO root] 0.8078261613845825 0.003436722792685032 2.2812323548066065
[22 INFO root] 0.806897759437561 0.0045209480449557304 2.3011830592767346
[22 INFO root] 0.8059752583503723 0.00555525254458189 2.3185249016453926
[22 INFO root] 0.8050647377967834 0.0065405769273638725 2.333377816457609
[22 INFO root] 0.8041714429855347 0.007478467188775539 2.345862584252893
[22 INFO root] 0.8032995462417603 0.008370916359126568 2.356097851749624
[22 INFO root] 0.8024522066116333 0.00922022107988596 2.3641975026260305
[22 INFO root] 0.8016318678855896 0.010028868913650513 2.370268691085918
[22 INFO root] 0.8008402585983276 0.010799451731145382 2.374410931074386
[22 INFO root] 0.8000785112380981 0.011534599587321281 2.376715507780234
[22 INFO root] 0.7993471026420593 0.012236937880516052 2.3772652821148696
[22 INFO root] 0.798624575138092 0.01292969286441803 2.3773027935415594
[22 INFO root] 0.7979027032852173 0.013621720485389233 2.3773027935415594
[22 INFO root] 0.7971808314323425 0.014313745312392712 2.3773027935415594
[22 INFO root] 0.7964589595794678 0.015005769208073616 2.3773027935415594
[22 INFO root] 0.795737087726593 0.015697794035077095 2.3773027935415594
[22 INFO root] 0.7950152158737183 0.016389818862080574 2.3773027935415594
[22 INFO root] 0.7942933440208435 0.017081843689084053 2.3773027935415594
[22 INFO root] 0.7935714721679688 0.017773866653442383 2.3773027935415594
[22 INFO root] 0.792849600315094 0.018465891480445862 2.3773027935415594
[22 INFO root] 0.7921277284622192 0.01915791630744934 2.3773027935415594
[22 INFO root] 0.7914058566093445 0.01984994113445282 2.3773027935415594
[22 INFO root] 0.7906839847564697 0.0205419659614563 2.3773027935415594
[22 INFO root] 0.789962112903595 0.021233990788459778 2.3773027935415594
[22 INFO root] 0.7892402410507202 0.021926015615463257 2.3773027935415594
[22 INFO root] 0.7885183691978455 0.022618038579821587 2.3773027935415594
[22 INFO root] 0.7877964973449707 0.023310063406825066 2.3773027935415594
[22 INFO root] 0.787074625492096 0.024002088233828545 2.3773027935415594
[22 INFO root] 0.7863527536392212 0.024694113060832024 2.3773027935415594
[22 INFO root] 0.7856308817863464 0.025386137887835503 2.3773027935415594
[22 INFO root] 0.7849090099334717 0.02607816271483898 2.3773027935415594
[22 INFO root] 0.7841871380805969 0.02677018567919731 2.3773027935415594
[22 INFO root] 0.7834652662277222 0.02746221050620079 2.3773027935415594
[22 INFO root] 0.7827433347702026 0.02815423533320427 2.3773027935415594
[22 INFO root] 0.7820214629173279 0.02884626016020775 2.3773027935415594
[22 INFO root] 0.7812995910644531 0.029538284987211227 2.3773027935415594
[22 INFO root] 0.7805777192115784 0.030230309814214706 2.3773027935415594
[22 INFO root] 0.7798558473587036 0.030922332778573036 2.3773027935415594
[22 INFO root] 0.7791339755058289 0.031614359468221664 2.3773027935415594
[22 INFO root] 0.7784121036529541 0.03230638429522514 2.3773027935415594
[22 INFO root] 0.7776902318000793 0.032998405396938324 2.3773027935415594
[22 INFO root] 0.7769683599472046 0.0336904302239418 2.3773027935415594
[22 INFO root] 0.7762464880943298 0.03438245505094528 2.3773027935415594
[22 INFO root] 0.7755246162414551 0.03507447987794876 2.3773027935415594
[22 INFO root] 0.7748027443885803 0.03576650470495224 2.3773027935415594
[22 INFO root] 0.7740808725357056 0.03645852953195572 2.3773027935415594
[22 INFO root] 0.7733590006828308 0.0371505543589592 2.3773027935415594
[22 INFO root] 0.772637128829956 0.03784257918596268 2.3773027935415594
[22 INFO root] 0.7719152569770813 0.038534604012966156 2.3773027935415594
[22 INFO root] 0.7711933851242065 0.039226628839969635 2.3773027935415594
[22 INFO root] 0.7704715132713318 0.039918653666973114 2.3773027935415594
[22 INFO root] 0.769749641418457 0.04061067849397659 2.3773027935415594
[22 INFO root] 0.7690277695655823 0.041302699595689774 2.3773027935415594
[22 INFO root] 0.7683058977127075 0.04199472442269325 2.3773027935415594
[22 INFO root] 0.7675840258598328 0.04268674924969673 2.3773027935415594
[22 INFO root] 0.766862154006958 0.04337877407670021 2.3773027935415594
[22 INFO root] 0.7661402821540833 0.04407079890370369 2.3773027935415594
[22 INFO root] 0.7654184103012085 0.04476282373070717 2.3773027935415594
[22 INFO root] 0.7646965384483337 0.04545484855771065 2.3773027935415594
[22 INFO root] 0.763974666595459 0.04614687338471413 2.3773027935415594
[22 INFO root] 0.7632527947425842 0.046838898211717606 2.3773027935415594
[22 INFO root] 0.7625309228897095 0.047530923038721085 2.3773027935415594
[22 INFO root] 0.7618064284324646 0.04822545126080513 2.376929050598454
[22 INFO root] 0.7610776424407959 0.048924535512924194 2.3759153402604034
[22 INFO root] 0.7603450417518616 0.04962868243455887 2.374261776293702
[22 INFO root] 0.7596091032028198 0.050338227301836014 2.3719996284732736
[22 INFO root] 0.758870542049408 0.05105350911617279 2.369162918498414
[22 INFO root] 0.7581298351287842 0.051774829626083374 2.36578801253653
[22 INFO root] 0.7573875784873962 0.052502475678920746 2.3619132804852945
[22 INFO root] 0.7566443681716919 0.05323668569326401 2.357578751499314
[22 INFO root] 0.7559006810188293 0.053977664560079575 2.3528257696522146
[22 INFO root] 0.7551571130752563 0.05472557991743088 2.347696652335253
[22 INFO root] 0.7544140815734863 0.05548053979873657 2.3422343539887716
[22 INFO root] 0.7536722421646118 0.05624260753393173 2.336482137781189
[22 INFO root] 0.7529319524765015 0.057011786848306656 2.330483257861829
[22 INFO root] 0.7521937489509583 0.05778803676366806 2.324280654798638
[22 INFO root] 0.7514580488204956 0.05857124924659729 2.3179166667512976
[22 INFO root] 0.7507253885269165 0.05936127156019211 2.3114327588093047
[22 INFO root] 0.7499961256980896 0.060157883912324905 2.3048692727354094
[22 INFO root] 0.7492706775665283 0.060960832983255386 2.2982651990925937
[22 INFO root] 0.7485494613647461 0.06176980584859848 2.2916579734016795
[22 INFO root] 0.7478327751159668 0.06258444488048553 2.285083297585135
[22 INFO root] 0.7471209168434143 0.06340435892343521 2.278574987514361
[22 INFO root] 0.746414303779602 0.06422911584377289 2.272164847010087
[22 INFO root] 0.7457130551338196 0.06505826115608215 2.2658825681685353
[22 INFO root] 0.7450174689292908 0.0658913105726242 2.259755657419623
[22 INFO root] 0.74432772397995 0.06672775745391846 2.2538093862871373
[22 INFO root] 0.7436439394950867 0.06756710261106491 2.248066765431153
[22 INFO root] 0.7429662942886353 0.06840881705284119 2.24254854022422
[22 INFO root] 0.7422947883605957 0.0692523941397667 2.2372732058540605
[22 INFO root] 0.7416294813156128 0.07009731233119965 2.232257039761601
[22 INFO root] 0.7409704327583313 0.07094307243824005 2.227514149116386
[22 INFO root] 0.7403175830841064 0.07178919017314911 2.223056530997263
[22 INFO root] 0.7396708130836487 0.07263518869876862 2.2188941429800795
[22 INFO root] 0.7390300631523132 0.07348062843084335 2.215034981926466
[22 INFO root] 0.7383952140808105 0.0743250921368599 2.211485168909318
[22 INFO root] 0.7377661466598511 0.0751681849360466 2.2082490383893005
[22 INFO root] 0.7371426224708557 0.07600954920053482 2.20532922996324
[22 INFO root] 0.7365244626998901 0.07684884965419769 2.202726781226928
[22 INFO root] 0.7359113693237305 0.07768580317497253 2.200441220524215
[22 INFO root] 0.7353032231330872 0.07852013409137726 2.1984706585814506
[22 INFO root] 0.7346996665000916 0.07935162633657455 2.1968118782452724
[22 INFO root] 0.7341004610061646 0.0801800787448883 2.1954604217464286
[22 INFO root] 0.7335053086280823 0.08100534230470657 2.194410675099579
[22 INFO root] 0.7329139113426208 0.08182727545499802 2.193655949414859
[22 INFO root] 0.7323259115219116 0.08264578878879547 2.193188559041612
[22 INFO root] 0.7317410707473755 0.08346080780029297 2.19299989658527
[22 INFO root] 0.7311580777168274 0.08427361398935318 2.192983808919983
[22 INFO root] 0.7305752635002136 0.08508621901273727 2.192983808919983
[22 INFO root] 0.7299924492835999 0.08589882403612137 2.192983808919983
[22 INFO root] 0.7294096350669861 0.08671142905950546 2.192983808919983
[22 INFO root] 0.7288268208503723 0.08752403408288956 2.192983808919983
[22 INFO root] 0.7282440066337585 0.08833663910627365 2.192983808919983
[22 INFO root] 0.7276611924171448 0.08914924412965775 2.192983808919983
[22 INFO root] 0.727078378200531 0.08996184915304184 2.192983808919983
[22 INFO root] 0.7264955639839172 0.09077445417642593 2.192983808919983
[22 INFO root] 0.7259127497673035 0.09158705919981003 2.192983808919983
[22 INFO root] 0.7253299355506897 0.09239966422319412 2.192983808919983
[22 INFO root] 0.7247471213340759 0.09321226924657822 2.192983808919983
[22 INFO root] 0.7241643071174622 0.09402487426996231 2.192983808919983
[22 INFO root] 0.7235814929008484 0.0948374792933464 2.192983808919983
[22 INFO root] 0.7229986786842346 0.0956500917673111 2.192983808919983
[22 INFO root] 0.7224158644676208 0.09646269679069519 2.192983808919983
[22 INFO root] 0.7218330502510071 0.09727530181407928 2.192983808919983
[22 INFO root] 0.7212502360343933 0.09808790683746338 2.192983808919983
[22 INFO root] 0.7206674218177795 0.09890051186084747 2.192983808919983
[22 INFO root] 0.7200846076011658 0.09971311688423157 2.192983808919983
[22 INFO root] 0.719501793384552 0.10052572190761566 2.192983808919983
[22 INFO root] 0.7189189791679382 0.10133832693099976 2.192983808919983
[22 INFO root] 0.7183361649513245 0.10215093195438385 2.192983808919983
[22 INFO root] 0.7177533507347107 0.10296353697776794 2.192983808919983
[22 INFO root] 0.7171705365180969 0.10377614200115204 2.192983808919983
[22 INFO root] 0.7165877223014832 0.10458874702453613 2.192983808919983
[22 INFO root] 0.7160049080848694 0.10540135204792023 2.192983808919983
[22 INFO root] 0.7154220938682556 0.10621395707130432 2.192983808919983
[22 INFO root] 0.7148392796516418 0.10702656209468842 2.192983808919983
[22 INFO root] 0.7142564654350281 0.10783916711807251 2.192983808919983
[22 INFO root] 0.7136736512184143 0.1086517795920372 2.192983808919983
[22 INFO root] 0.7130908370018005 0.1094643846154213 2.192983808919983
[22 INFO root] 0.7125080227851868 0.11027698963880539 2.192983808919983
[22 INFO root] 0.711925208568573 0.11108959466218948 2.192983808919983
[22 INFO root] 0.7113423943519592 0.11190219968557358 2.192983808919983
[22 INFO root] 0.7107595801353455 0.11271480470895767 2.192983808919983
[22 INFO root] 0.7101767659187317 0.11352740973234177 2.192983808919983
[22 INFO root] 0.7095939517021179 0.11434001475572586 2.192983808919983
[22 INFO root] 0.7090111374855042 0.11515261977910995 2.192983808919983
[22 INFO root] 0.7084283232688904 0.11596522480249405 2.192983808919983
[22 INFO root] 0.7078455090522766 0.11677782982587814 2.192983808919983
[22 INFO root] 0.7072626948356628 0.11759043484926224 2.192983808919983
[22 INFO root] 0.7066798806190491 0.11840303987264633 2.192983808919983
[22 INFO root] 0.7060970664024353 0.11921564489603043 2.192983808919983
[22 INFO root] 0.7055142521858215 0.12002824991941452 2.192983808919983
[22 INFO root] 0.7049314379692078 0.12084085494279861 2.192983808919983
[22 INFO root] 0.704348623752594 0.1216534674167633 2.192983808919983
[22 INFO root] 0.7037658095359802 0.1224660724401474 2.192983808919983
[22 INFO root] 0.7031829953193665 0.1232786774635315 2.192983808919983
[22 INFO root] 0.7026001811027527 0.12409128248691559 2.192983808919983
[22 INFO root] 0.7020173668861389 0.12490388751029968 2.192983808919983
[22 INFO root] 0.7014345526695251 0.12571649253368378 2.192983808919983
[22 INFO root] 0.7008517384529114 0.12652909755706787 2.192983808919983
[22 INFO root] 0.7002689242362976 0.12734170258045197 2.192983808919983
[22 INFO root] 0.6996861100196838 0.12815430760383606 2.192983808919983
[22 INFO root] 0.6991032958030701 0.12896691262722015 2.192983808919983
[22 INFO root] 0.6985204815864563 0.12977951765060425 2.192983808919983
[22 INFO root] 0.6979376673698425 0.13059212267398834 2.192983808919983
[22 INFO root] 0.6973548531532288 0.13140472769737244 2.192983808919983
[22 INFO root] 0.6967719197273254 0.13221746683120728 2.1929751447590586
[22 INFO root] 0.6961833238601685 0.13303819298744202 2.1924305266597446
[22 INFO root] 0.695589005947113 0.13386769592761993 2.1913218083446675
[22 INFO root] 0.6949897408485413 0.13470594584941864 2.189678710014002
[22 INFO root] 0.6943863034248352 0.13555298745632172 2.1875309966999423
[22 INFO root] 0.6937792301177979 0.13640877604484558 2.184909780628073
[22 INFO root] 0.693169355392456 0.13727332651615143 2.1818472860351537
[22 INFO root] 0.6925572752952576 0.1381465494632721 2.1783764871620797
[22 INFO root] 0.6919436454772949 0.1390284150838852 2.174530770554826
[22 INFO root] 0.6913291215896606 0.13991880416870117 2.1703436244911827
[22 INFO root] 0.6907142400741577 0.14081759750843048 2.1658483552141905
[22 INFO root] 0.6900997161865234 0.14172464609146118 2.1610778297553157
[22 INFO root] 0.6894859671592712 0.14263977110385895 2.156064245209096
[22 INFO root] 0.6888735890388489 0.14356276392936707 2.150838924320869
[22 INFO root] 0.6882631182670593 0.14449340105056763 2.1454321371810035
[22 INFO root] 0.6876550316810608 0.14543142914772034 2.1398729486927226
[22 INFO root] 0.6870496869087219 0.14637655019760132 2.1341890913108266
[22 INFO root] 0.6864476203918457 0.1473284810781479 2.1284068623475867
[22 INFO root] 0.6858491897583008 0.14828690886497498 2.122551044925419
[22 INFO root] 0.685254693031311 0.14925149083137512 2.116644851436286
[22 INFO root] 0.6846644282341003 0.15022189915180206 2.110709888159293
[22 INFO root] 0.6840788125991821 0.15119776129722595 2.104766139499988
[22 INFO root] 0.6834980249404907 0.15217871963977814 2.098831970158553
[22 INFO root] 0.6829223036766052 0.15316441655158997 2.092924143413453
[22 INFO root] 0.68235182762146 0.15415449440479279 2.08705785362814
[22 INFO root] 0.681786835193634 0.15514858067035675 2.0812467710513274
[22 INFO root] 0.6812273859977722 0.1561463326215744 2.075503096985223
[22 INFO root] 0.6806735992431641 0.1571473777294159 2.069837627438895
[22 INFO root] 0.6801256537437439 0.15815138816833496 2.064259823460718
[22 INFO root] 0.6795834898948669 0.15915802121162415 2.0587778864491924
[22 INFO root] 0.6790472269058228 0.16016696393489838 2.053398836869906
[22 INFO root] 0.6785168647766113 0.16117791831493378 2.048128594951411
[22 INFO root] 0.6779924631118774 0.16219057142734528 2.0429720620884737
[22 INFO root] 0.6774739027023315 0.16320465505123138 2.0379332018417844
[22 INFO root] 0.6769611835479736 0.1642199009656906 2.0330151195842188
[22 INFO root] 0.6764543056488037 0.16523605585098267 2.0282201400001423
[22 INFO root] 0.6759531497955322 0.16625291109085083 2.023549881793727
[22 INFO root] 0.6754576563835144 0.167270228266716 2.0190053291008865
[22 INFO root] 0.6749678254127502 0.16828779876232147 2.01458689922655
[22 INFO root] 0.6744834184646606 0.1693054586648941 2.0102945064429747
[22 INFO root] 0.6740044951438904 0.17032302916049957 2.00612762168471
[22 INFO root] 0.6735308170318604 0.17134033143520355 2.002085328062685
[22 INFO root] 0.6730623841285706 0.17235726118087769 1.9981663721929743
[22 INFO root] 0.6725989580154419 0.17337365448474884 1.99436921139681
[22 INFO root] 0.6721405386924744 0.17438940703868866 1.9906920568773179
[22 INFO root] 0.6716869473457336 0.1754044145345688 1.9871329130173425
[22 INFO root] 0.6712380647659302 0.17641857266426086 1.9836896129717887
[22 INFO root] 0.6707937717437744 0.17743180692195892 1.980359850749071
[22 INFO root] 0.6703539490699768 0.1784440279006958 1.9771412099900851
[22 INFO root] 0.6699184775352478 0.17945517599582672 1.9740311896611595
[22 INFO root] 0.6694872379302979 0.1804652065038681 1.971027226880414
[22 INFO root] 0.6690600514411926 0.18147404491901398 1.9681267170956926
[22 INFO root] 0.6686368584632874 0.18248167634010315 1.9653270318283054
[22 INFO root] 0.6682174801826477 0.18348804116249084 1.9626255341894472
[22 INFO root] 0.6678019165992737 0.18449310958385468 1.9600195923679349
[22 INFO root] 0.6673898696899414 0.18549688160419464 1.9575065912776939
[22 INFO root] 0.6669813990592957 0.18649929761886597 1.955083942542293
[22 INFO root] 0.6665762662887573 0.18750037252902985 1.9527490929828786
[22 INFO root] 0.6661744713783264 0.18850009143352509 1.9504995317635971
[22 INFO root] 0.6657757759094238 0.1894984245300293 1.9483327963375812
[22 INFO root] 0.6653801798820496 0.19049538671970367 1.9462464773247095
[22 INFO root] 0.6649875640869141 0.19149096310138702 1.9442382224416526
[22 INFO root] 0.664597749710083 0.19248516857624054 1.9423057395940562
[22 INFO root] 0.6642107367515564 0.19347800314426422 1.9404467992305836
[22 INFO root] 0.6638263463973999 0.19446945190429688 1.9386592360493426
[22 INFO root] 0.6634445786476135 0.1954595446586609 1.9369409501383712
[22 INFO root] 0.6630652546882629 0.19644826650619507 1.9352899076236072
[22 INFO root] 0.6626883745193481 0.1974356472492218 1.9337041408902278
[22 INFO root] 0.6623137593269348 0.1984216719865799 1.9321817484364716
[22 INFO root] 0.6619413495063782 0.19940638542175293 1.930720894412559
[22 INFO root] 0.6615711450576782 0.20038975775241852 1.9293198078914864
[22 INFO root] 0.6612029671669006 0.20137184858322144 1.9279767819133757
[22 INFO root] 0.6608368158340454 0.2023526281118393 1.926690172340251
[22 INFO root] 0.660472571849823 0.20333212614059448 1.9254583965535976
[22 INFO root] 0.6601101756095886 0.2043103575706482 1.9242799320235215
[22 INFO root] 0.6597495675086975 0.20528732240200043 1.923153314774529
[22 INFO root] 0.6593906879425049 0.20626306533813477 1.9220771377700403
[22 INFO root] 0.6590334177017212 0.20723755657672882 1.9210500492347025
[22 INFO root] 0.6586777567863464 0.20821084082126617 1.9200707509314527
[22 INFO root] 0.6583235859870911 0.20918293297290802 1.919137996407638
[22 INFO root] 0.6579709053039551 0.21015381813049316 1.9182505892227206
[22 INFO root] 0.6576196551322937 0.2111235409975052 1.9174073811684786
[22 INFO root] 0.6572697162628174 0.2120920866727829 1.916607270490706
[22 INFO root] 0.6569210886955261 0.21305948495864868 1.9158492001204066
[22 INFO root] 0.6565737128257751 0.21402575075626373 1.9151321559209664
[22 INFO root] 0.6562274694442749 0.21499088406562805 1.9144551649568873
[22 INFO root] 0.6558824181556702 0.21595489978790283 1.9138172937887814
[22 INFO root] 0.6555384993553162 0.21691781282424927 1.9132176467982285
[22 INFO root] 0.6551955342292786 0.21787963807582855 1.9126553645457756
[22 INFO root] 0.6548536419868469 0.21884037554264069 1.9121296221642898
[22 INFO root] 0.6545126438140869 0.21980005502700806 1.9116396277897445
[22 INFO root] 0.6541725993156433 0.22075866162776947 1.9111846210307808
[22 INFO root] 0.6538333892822266 0.22171621024608612 1.9107638714779716
[22 INFO root] 0.6534950733184814 0.2226727306842804 1.9103766772536745
[22 INFO root] 0.6531574726104736 0.2236282229423523 1.9100223636025484
[22 INFO root] 0.6528206467628479 0.22458268702030182 1.9097002815231128
[22 INFO root] 0.6524844765663147 0.22553613781929016 1.9094098064400133
[22 INFO root] 0.6521490216255188 0.22648859024047852 1.9091503369168163
[22 INFO root] 0.6518142223358154 0.22744005918502808 1.9089212934088946
[22 INFO root] 0.651479959487915 0.22839052975177765 1.9087221170557735
[22 INFO root] 0.6511462926864624 0.22934001684188843 1.908552268512336
[22 INFO root] 0.650813102722168 0.2302885353565216 1.9084112268180673
[22 INFO root] 0.6504804491996765 0.23123610019683838 1.9082984883035947
[22 INFO root] 0.6501482725143433 0.23218271136283875 1.9082135655336712
[22 INFO root] 0.6498165130615234 0.2331283837556839 1.9081559862856403
[22 INFO root] 0.6494851112365723 0.23407310247421265 1.9081252925625074
[22 INFO root] 0.6491540670394897 0.23501689732074738 1.9081210396398178
[22 INFO root] 0.648823082447052 0.23596054315567017 1.9081208783121466
[22 INFO root] 0.648492157459259 0.23690418899059296 1.9081208783121466
[22 INFO root] 0.6481611728668213 0.23784783482551575 1.9081208783121466
[22 INFO root] 0.6478302478790283 0.23879146575927734 1.9081208783121466
[22 INFO root] 0.6474992632865906 0.23973511159420013 1.9081208783121466
[22 INFO root] 0.6471682786941528 0.24067875742912292 1.9081208783121466
[22 INFO root] 0.6468373537063599 0.24162240326404572 1.9081208783121466
[22 INFO root] 0.6465063691139221 0.2425660490989685 1.9081208783121466
[22 INFO root] 0.6461753845214844 0.2435096949338913 1.9081208783121466
[22 INFO root] 0.6458444595336914 0.2444533407688141 1.9081208783121466
[22 INFO root] 0.6455134749412537 0.24539697170257568 1.9081208783121466
[22 INFO root] 0.6451824903488159 0.24634061753749847 1.9081208783121466
[22 INFO root] 0.644851565361023 0.24728426337242126 1.9081208783121466
[22 INFO root] 0.6445205807685852 0.24822790920734406 1.9081208783121466
[22 INFO root] 0.6441895961761475 0.24917155504226685 1.9081208783121466
[22 INFO root] 0.6438586711883545 0.25011518597602844 1.9081208783121466
[22 INFO root] 0.6435276865959167 0.2510588467121124 1.9081208783121466
[22 INFO root] 0.643196702003479 0.252002477645874 1.9081208783121466
[22 INFO root] 0.642865777015686 0.252946138381958 1.9081208783121466
[22 INFO root] 0.6425347924232483 0.2538897693157196 1.9081208783121466
[22 INFO root] 0.6422038078308105 0.2548334002494812 1.9081208783121466
[22 INFO root] 0.6418728828430176 0.2557770609855652 1.9081208783121466
[22 INFO root] 0.6415418982505798 0.2567206919193268 1.9081208783121466
[22 INFO root] 0.6412109732627869 0.25766435265541077 1.9081208783121466
[22 INFO root] 0.6408799886703491 0.25860798358917236 1.9081208783121466
[22 INFO root] 0.6405490040779114 0.25955164432525635 1.9081208783121466
[22 INFO root] 0.6402180790901184 0.26049527525901794 1.9081208783121466
[22 INFO root] 0.6398870944976807 0.26143890619277954 1.9081208783121466
[22 INFO root] 0.6395561099052429 0.2623825669288635 1.9081208783121466
[22 INFO root] 0.63922518491745 0.2633261978626251 1.9081208783121466
[22 INFO root] 0.6388942003250122 0.2642698585987091 1.9081208783121466
[22 INFO root] 0.6385632157325745 0.2652134895324707 1.9081208783121466
[22 INFO root] 0.6382322907447815 0.2661571204662323 1.9081208783121466
[22 INFO root] 0.6379013061523438 0.2671007812023163 1.9081208783121466
[22 INFO root] 0.637570321559906 0.2680444121360779 1.9081208783121466
[22 INFO root] 0.637239396572113 0.26898807287216187 1.9081208783121466
[22 INFO root] 0.6369084119796753 0.26993170380592346 1.9081208783121466
[22 INFO root] 0.6365774273872375 0.27087536454200745 1.9081208783121466
[22 INFO root] 0.6362465023994446 0.27181899547576904 1.9081208783121466
[22 INFO root] 0.6359155178070068 0.27276262640953064 1.9081208783121466
[22 INFO root] 0.6355845928192139 0.2737062871456146 1.9081208783121466
[22 INFO root] 0.6352536082267761 0.2746499180793762 1.9081208783121466
[22 INFO root] 0.6349226236343384 0.2755935788154602 1.9081208783121466
[22 INFO root] 0.6345916986465454 0.2765372097492218 1.9081208783121466
[22 INFO root] 0.6342607140541077 0.2774808704853058 1.9081208783121466
[22 INFO root] 0.6339297294616699 0.2784245014190674 1.9081208783121466
[22 INFO root] 0.633598804473877 0.279368132352829 1.9081208783121466
[22 INFO root] 0.6332678198814392 0.28031179308891296 1.9081208783121466
[22 INFO root] 0.6329368352890015 0.28125542402267456 1.9081208783121466
[22 INFO root] 0.6326059103012085 0.28219908475875854 1.9081208783121466
[22 INFO root] 0.6322749257087708 0.28314271569252014 1.9081208783121466
[22 INFO root] 0.631943941116333 0.28408634662628174 1.9081208783121466
[22 INFO root] 0.63161301612854 0.2850300073623657 1.9081208783121466
[22 INFO root] 0.6312820315361023 0.2859736382961273 1.9081208783121466
[22 INFO root] 0.6309510469436646 0.2869172990322113 1.9081208783121466
[22 INFO root] 0.6306201219558716 0.2878609299659729 1.9081208783121466
[22 INFO root] 0.6302891373634338 0.2888045907020569 1.9081208783121466
