[17 INFO root] Initialising Python Geth Console...
[17 INFO root] Initialising RandB board...
[17 INFO root] Initialising resource sensor...
[17 INFO root] Initialising random-walk...
[17 INFO root] Initialising navigation...
[17 INFO root] Initialising Odo...
[17 INFO root] Initialising odometry...
[17 INFO root] Initialising gps...
[17 INFO root] Initialising Ground sensor...
[17 INFO root] --//-- Starting Experiment --//--
[17 INFO root] x y direction
[17 INFO root] 0.037925198674201965 0.07962659746408463 2.34832305526585
[17 INFO root] 0.038375068455934525 0.07916959375143051 2.375087089491367
[17 INFO root] 0.038955844938755035 0.07860757410526276 2.4081152303050115
[17 INFO root] 0.03970339521765709 0.0779302567243576 2.4484702464835557
[17 INFO root] 0.040608618408441544 0.07717297971248627 2.4992493540546628
[17 INFO root] 0.04161127656698227 0.07641521096229553 2.5654271463429192
[17 INFO root] 0.04264076426625252 0.0757363811135292 2.648329866902131
[17 INFO root] 0.04360564425587654 0.07520611584186554 2.748087578568534
[17 INFO root] 0.044393185526132584 0.07486743479967117 2.8639970818729474
[17 INFO root] 0.04487644508481026 0.07471971958875656 2.994483612543559
[17 INFO root] 0.0449390634894371 0.07470376044511795 3.1372932487013756
[17 INFO root] 0.04449019581079483 0.07470542192459106 -2.993930436260433
[17 INFO root] 0.04348558560013771 0.07456611841917038 -2.836945353826903
[17 INFO root] 0.04195699840784073 0.07410924136638641 -2.6797634064298843
[17 INFO root] 0.040015075355768204 0.07318193465471268 -2.5273344555079977
[17 INFO root] 0.03783298283815384 0.07169727236032486 -2.384181886227649
[17 INFO root] 0.0356089249253273 0.06966003775596619 -2.2537446930557197
[17 INFO root] 0.033518966287374496 0.06716127693653107 -2.1378785316363556
[17 INFO root] 0.03168131411075592 0.06434648483991623 -2.036795513206196
[17 INFO root] 0.030145980417728424 0.06136951968073845 -1.9494269229033725
[17 INFO root] 0.02886650338768959 0.058232393115758896 -1.8768644699030395
[17 INFO root] 0.0278326366096735 0.055042292922735214 -1.8177451128906714
[17 INFO root] 0.027018701657652855 0.051894571632146835 -1.7699942421729722
[17 INFO root] 0.026388658210635185 0.04885179176926613 -1.7315271906698027
[17 INFO root] 0.025906097143888474 0.045949723571538925 -1.7004948815259084
[17 INFO root] 0.0255389753729105 0.04320520907640457 -1.6753631915539586
[17 INFO root] 0.025260981172323227 0.040622614324092865 -1.6549025099835506
[17 INFO root] 0.025051331147551537 0.03819867596030235 -1.638147197370759
[17 INFO root] 0.02489396743476391 0.03592589125037193 -1.6243469113044153
[17 INFO root] 0.024776602163910866 0.03379464149475098 -1.6129206445639268
[17 INFO root] 0.024689871817827225 0.03179450333118439 -1.6034181340147218
[17 INFO root] 0.02462664805352688 0.029915040358901024 -1.5954892278536914
[17 INFO root] 0.024581480771303177 0.02814621850848198 -1.5888602529706637
[17 INFO root] 0.024550188332796097 0.026478633284568787 -1.5833160403293185
[17 INFO root] 0.02452954836189747 0.024903587996959686 -1.5786863333737746
[17 INFO root] 0.024517061188817024 0.023412784561514854 -1.5748326025226105
[17 INFO root] 0.024510765448212624 0.021994704380631447 -1.5716102846747442
[17 INFO root] 0.024509208276867867 0.02063874714076519 -1.5689009199608706
[17 INFO root] 0.02451131120324135 0.01933612860739231 -1.5666140511317717
[17 INFO root] 0.0245162695646286 0.01807969994843006 -1.5646810805017364
[17 INFO root] 0.02452346310019493 0.016863686963915825 -1.5630502299797933
[17 INFO root] 0.024532407522201538 0.015683488920331 -1.561682805067186
[17 INFO root] 0.024542709812521935 0.014535474590957165 -1.5605503807126813
[17 INFO root] 0.024554042145609856 0.013416807167232037 -1.5596326368340006
[17 INFO root] 0.024566125124692917 0.012325302697718143 -1.5589156552192178
[17 INFO root] 0.02457871288061142 0.011259282939136028 -1.5583905477209232
[17 INFO root] 0.024591581895947456 0.010217467322945595 -1.5580523264287456
[17 INFO root] 0.02460452914237976 0.009198862127959728 -1.5578989552030713
[17 INFO root] 0.024617431685328484 0.008197307586669922 -1.5578854648308973
[17 INFO root] 0.024630339816212654 0.007197391241788864 -1.5578854648308973
[17 INFO root] 0.024643251672387123 0.006197474431246519 -1.5578854648308973
[17 INFO root] 0.024656161665916443 0.005197558086365461 -1.5578854648308973
[17 INFO root] 0.024669071659445763 0.004197641275823116 -1.5578854648308973
[17 INFO root] 0.02468198351562023 0.003197724698111415 -1.5578854648308973
[17 INFO root] 0.02469489350914955 0.00219780788756907 -1.5578854648308973
[17 INFO root] 0.02470780350267887 0.0011978913098573685 -1.5578854648308973
[17 INFO root] 0.02472071349620819 0.0001979746884899214 -1.5578854648308973
[17 INFO root] 0.02473362535238266 -0.0008019419619813561 -1.5578854648308973
[17 INFO root] 0.02474653534591198 -0.0018018585396930575 -1.5578854648308973
[17 INFO root] 0.0247594453394413 -0.0028017752338200808 -1.5578854648308973
[17 INFO root] 0.02477235533297062 -0.003801691811531782 -1.5578854648308973
[17 INFO root] 0.024785267189145088 -0.004801608622074127 -1.5578854648308973
[17 INFO root] 0.024798177182674408 -0.005801524966955185 -1.5578854648308973
[17 INFO root] 0.024811087176203728 -0.00680144177749753 -1.5578854648308973
[17 INFO root] 0.024823999032378197 -0.007801358588039875 -1.5578854648308973
[17 INFO root] 0.024836909025907516 -0.008801274932920933 -1.5578854648308973
[17 INFO root] 0.024849819019436836 -0.00980119127780199 -1.5578854648308973
[17 INFO root] 0.024862729012966156 -0.010801108554005623 -1.5578854648308973
[17 INFO root] 0.024875640869140625 -0.01180102489888668 -1.5578854648308973
[17 INFO root] 0.024888550862669945 -0.012800941243767738 -1.5578854648308973
[17 INFO root] 0.024901460856199265 -0.01380085851997137 -1.5578854648308973
[17 INFO root] 0.024914370849728584 -0.014800774864852428 -1.5578854648308973
[17 INFO root] 0.024927282705903053 -0.01580069214105606 -1.5578854648308973
[17 INFO root] 0.024940192699432373 -0.01680060848593712 -1.5578854648308973
[17 INFO root] 0.024953102692961693 -0.017800524830818176 -1.5578854648308973
[17 INFO root] 0.024966014549136162 -0.018800441175699234 -1.5578854648308973
[17 INFO root] 0.02497892454266548 -0.019800357520580292 -1.5578854648308973
[17 INFO root] 0.0249918345361948 -0.02080027386546135 -1.5578854648308973
[17 INFO root] 0.02500474452972412 -0.021800192072987556 -1.5578854648308973
[17 INFO root] 0.02501765638589859 -0.022800108417868614 -1.5578854648308973
[17 INFO root] 0.02503056637942791 -0.023800024762749672 -1.5578854648308973
[17 INFO root] 0.02504347637295723 -0.02479994110763073 -1.5578854648308973
[17 INFO root] 0.02505638636648655 -0.025799857452511787 -1.5578854648308973
[17 INFO root] 0.02506929822266102 -0.026799773797392845 -1.5578854648308973
[17 INFO root] 0.025082208216190338 -0.027799690142273903 -1.5578854648308973
[17 INFO root] 0.025095118209719658 -0.02879960834980011 -1.5578854648308973
[17 INFO root] 0.025108030065894127 -0.029799524694681168 -1.5578854648308973
[17 INFO root] 0.025120940059423447 -0.030799441039562225 -1.5578854648308973
[17 INFO root] 0.025133850052952766 -0.03179935738444328 -1.5578854648308973
[17 INFO root] 0.025146760046482086 -0.03279927372932434 -1.5578854648308973
[17 INFO root] 0.025159671902656555 -0.0337991900742054 -1.5578854648308973
[17 INFO root] 0.025172581896185875 -0.034799106419086456 -1.5578854648308973
[17 INFO root] 0.025185491889715195 -0.035799022763967514 -1.5578854648308973
[17 INFO root] 0.025198401883244514 -0.03679893910884857 -1.5578854648308973
[17 INFO root] 0.025211313739418983 -0.03779885917901993 -1.5578854648308973
[17 INFO root] 0.025224223732948303 -0.038798775523900986 -1.5578854648308973
[17 INFO root] 0.025237133726477623 -0.03979869186878204 -1.5578854648308973
[17 INFO root] 0.025250045582652092 -0.0407986082136631 -1.5578854648308973
[17 INFO root] 0.025262955576181412 -0.04179852455854416 -1.5578854648308973
[17 INFO root] 0.02527586556971073 -0.04279844090342522 -1.5578854648308973
[17 INFO root] 0.02528877556324005 -0.043798357248306274 -1.5578854648308973
[17 INFO root] 0.02530168741941452 -0.04479827359318733 -1.5578854648308973
[17 INFO root] 0.02531459741294384 -0.04579818993806839 -1.5578854648308973
[17 INFO root] 0.02532750740647316 -0.04679810628294945 -1.5578854648308973
[17 INFO root] 0.02534041740000248 -0.047798022627830505 -1.5578854648308973
[17 INFO root] 0.02535332925617695 -0.04879793897271156 -1.5578854648308973
[17 INFO root] 0.02536623924970627 -0.04979785531759262 -1.5578854648308973
[17 INFO root] 0.025379149243235588 -0.05079777538776398 -1.5578854648308973
[17 INFO root] 0.025392061099410057 -0.051797691732645035 -1.5578854648308973
[17 INFO root] 0.025404971092939377 -0.05279760807752609 -1.5578854648308973
[17 INFO root] 0.025417648255825043 -0.05377950146794319 -1.555431198575736
[17 INFO root] 0.025432094931602478 -0.054735299199819565 -1.5492660668688754
[17 INFO root] 0.025451604276895523 -0.05566855147480965 -1.5395699371478246
[17 INFO root] 0.025479309260845184 -0.05658441781997681 -1.5266511323735428
[17 INFO root] 0.025518052279949188 -0.05748826637864113 -1.5107959710716605
[17 INFO root] 0.02557051181793213 -0.05838543549180031 -1.492271882835584
[17 INFO root] 0.02563931979238987 -0.059281084686517715 -1.4713317422057737
[17 INFO root] 0.02572713978588581 -0.06018005311489105 -1.448217929113338
[17 INFO root] 0.02583673782646656 -0.0610867515206337 -1.4231659792948188
[17 INFO root] 0.02597098797559738 -0.062005072832107544 -1.3964077136245916
[17 INFO root] 0.026132874190807343 -0.06293828785419464 -1.3681737435942332
[17 INFO root] 0.02632545307278633 -0.06388898938894272 -1.3386952557706542
[17 INFO root] 0.026551783084869385 -0.06485901772975922 -1.308204987851375
[17 INFO root] 0.026814846321940422 -0.0658494085073471 -1.2769373286231487
[17 INFO root] 0.027117429301142693 -0.0668603777885437 -1.2451275077419042
[17 INFO root] 0.02746201865375042 -0.06789132207632065 -1.2130098902899047
[17 INFO root] 0.027850676327943802 -0.06894084811210632 -1.1808154536672124
[17 INFO root] 0.028284922242164612 -0.0700068324804306 -1.148768594819802
[17 INFO root] 0.02876565419137478 -0.07108651846647263 -1.1170834847949174
[17 INFO root] 0.02929306961596012 -0.07217664271593094 -1.0859602435889415
[17 INFO root] 0.029866639524698257 -0.07327358424663544 -1.0555812397400255
[17 INFO root] 0.03048512525856495 -0.0743735283613205 -1.0261078176086598
[17 INFO root] 0.031146610155701637 -0.07547260075807571 -0.9976777178193202
[17 INFO root] 0.031848594546318054 -0.07656704634428024 -0.9704033868303833
[17 INFO root] 0.03258810564875603 -0.07765335589647293 -0.9443712803725516
[17 INFO root] 0.033361803740262985 -0.07872835546731949 -0.9196421669333772
[17 INFO root] 0.034166138619184494 -0.07978928834199905 -0.8962523466049099
[17 INFO root] 0.034997474402189255 -0.08083385974168777 -0.874215629742038
[17 INFO root] 0.035852186381816864 -0.0818602666258812 -0.853525876203195
[17 INFO root] 0.036726780235767365 -0.08286716043949127 -0.8341598808602095
[17 INFO root] 0.03761797398328781 -0.08385363966226578 -0.816080400989333
[17 INFO root] 0.03852273151278496 -0.08481920510530472 -0.7992391493404567
[17 INFO root] 0.03943831846117973 -0.08576368540525436 -0.7835796152711245
[17 INFO root] 0.04036230593919754 -0.08668722212314606 -0.7690396180851052
[17 INFO root] 0.04129258543252945 -0.08759019523859024 -0.755553536063178
[17 INFO root] 0.04222734645009041 -0.08847316354513168 -0.743054188097305
[17 INFO root] 0.043165065348148346 -0.0893368273973465 -0.7314743707236719
[17 INFO root] 0.044104475528001785 -0.09018200635910034 -0.7207480715491885
[17 INFO root] 0.04504454880952835 -0.09100956469774246 -0.7108113913829873
[17 INFO root] 0.045984458178281784 -0.09182041138410568 -0.701603213101102
[17 INFO root] 0.04692355915904045 -0.09261547029018402 -0.6930656567965505
[17 INFO root] 0.04786134511232376 -0.0933956727385521 -0.6851443594083124
[17 INFO root] 0.04879745468497276 -0.09416191279888153 -0.6777886138768541
[17 INFO root] 0.04973161220550537 -0.09491506218910217 -0.6709513987866595
[17 INFO root] 0.05066364258527756 -0.09565595537424088 -0.6645893250339816
[17 INFO root] 0.05159343406558037 -0.0963853970170021 -0.6586625217046057
[17 INFO root] 0.05252092331647873 -0.09710412472486496 -0.6531344793062559
[17 INFO root] 0.05344609171152115 -0.09781284630298615 -0.6479718649022098
[17 INFO root] 0.05436896160244942 -0.09851221740245819 -0.6431443205850009
[17 INFO root] 0.05528956279158592 -0.09920285642147064 -0.6386242541089404
[17 INFO root] 0.05620795488357544 -0.09988532960414886 -0.6343866283343415
[17 INFO root] 0.05712420493364334 -0.10056015104055405 -0.6304087543763803
[17 INFO root] 0.058047857135534286 -0.10123474150896072 -0.6275108835122547
[17 INFO root] 0.05898832529783249 -0.10191728174686432 -0.6265681073361924
[17 INFO root] 0.05994381010532379 -0.1026090681552887 -0.6275493102806291
[17 INFO root] 0.06091150641441345 -0.10331085324287415 -0.6303139144449939
[17 INFO root] 0.06188899651169777 -0.10402362048625946 -0.634717783499869
[17 INFO root] 0.06287418305873871 -0.10474841296672821 -0.6406136593435356
[17 INFO root] 0.06386517733335495 -0.10548629611730576 -0.6478513587414378
[17 INFO root] 0.06486023217439651 -0.10623825341463089 -0.6562785489487013
[17 INFO root] 0.06585768610239029 -0.10700511932373047 -0.6657419644002345
[17 INFO root] 0.06685592234134674 -0.10778756439685822 -0.6760889145976219
[17 INFO root] 0.06785336136817932 -0.10858604311943054 -0.6871689453546292
[17 INFO root] 0.06884844601154327 -0.10940076410770416 -0.6988353994031888
[17 INFO root] 0.06983963400125504 -0.11023170500993729 -0.7109469700797322
[17 INFO root] 0.07082522660493851 -0.1110784038901329 -0.7233774523069958
[17 INFO root] 0.07180346548557281 -0.11194009333848953 -0.7360138492264705
[17 INFO root] 0.07277282327413559 -0.11281591653823853 -0.7487479812350506
[17 INFO root] 0.07373205572366714 -0.11370502412319183 -0.7614749767423564
[17 INFO root] 0.07468395680189133 -0.11461013555526733 -0.7739348768134549
[17 INFO root] 0.0756274089217186 -0.11552991718053818 -0.7860331544987871
[17 INFO root] 0.07656101882457733 -0.11646244674921036 -0.7977078814722784
[17 INFO root] 0.07748356461524963 -0.11740578711032867 -0.8089107145810471
[17 INFO root] 0.0783940777182579 -0.11835801601409912 -0.819605784631847
[17 INFO root] 0.07929175347089767 -0.11931724846363068 -0.8297683164955968
[17 INFO root] 0.08017602562904358 -0.12028170377016068 -0.8393831587783274
[17 INFO root] 0.0810464546084404 -0.12124969810247421 -0.84844328428507
[17 INFO root] 0.08190279453992844 -0.12221965938806534 -0.8569483115658685
[17 INFO root] 0.08274489641189575 -0.12319011241197586 -0.864903090021522
[17 INFO root] 0.08357274532318115 -0.12415972352027893 -0.8723161963649767
[17 INFO root] 0.08439268916845322 -0.12513473629951477 -0.8788660368112879
[17 INFO root] 0.08520589768886566 -0.1261148750782013 -0.8844887149028138
[17 INFO root] 0.08601277321577072 -0.12709875404834747 -0.8891635958917636
[17 INFO root] 0.08681371062994003 -0.1280849575996399 -0.8928789633363146
[17 INFO root] 0.08760903775691986 -0.1290719211101532 -0.8956317089553222
[17 INFO root] 0.08839904516935349 -0.13005800545215607 -0.8974272584800506
[17 INFO root] 0.08918389678001404 -0.13104146718978882 -0.8982793513048063
[17 INFO root] 0.08996365964412689 -0.13202045857906342 -0.898209640078526
[17 INFO root] 0.09073828905820847 -0.13299305737018585 -0.8972471066103733
[17 INFO root] 0.09150759875774384 -0.13395723700523376 -0.8954272890892307
[17 INFO root] 0.09227128326892853 -0.1349109709262848 -0.8927913209019337
[17 INFO root] 0.0930289477109909 -0.13585224747657776 -0.8893848460837631
[17 INFO root] 0.09378007054328918 -0.1367790699005127 -0.8852568611536226
[17 INFO root] 0.09452402591705322 -0.1376894861459732 -0.8804598671270248
[17 INFO root] 0.09526882320642471 -0.1385921686887741 -0.8753174776756192
[17 INFO root] 0.09602027386426926 -0.13949349522590637 -0.8701172055312772
[17 INFO root] 0.09677737206220627 -0.14039205014705658 -0.8649632264497857
[17 INFO root] 0.09753835946321487 -0.14128585159778595 -0.8599316297097037
[17 INFO root] 0.09830154478549957 -0.14217311143875122 -0.8550870529600616
[17 INFO root] 0.09906531125307083 -0.1430523693561554 -0.8504828521728512
[17 INFO root] 0.09982814639806747 -0.14392238855361938 -0.8461618299321245
[17 INFO root] 0.10058867931365967 -0.1447822004556656 -0.8421571280248001
[17 INFO root] 0.101346455514431 -0.14563196897506714 -0.8384618770362436
[17 INFO root] 0.10210051387548447 -0.14647126197814941 -0.8350902067413506
[17 INFO root] 0.10284996032714844 -0.14729970693588257 -0.8320527223213674
[17 INFO root] 0.10359419137239456 -0.14811734855175018 -0.8293488294509656
[17 INFO root] 0.10432133078575134 -0.14891183376312256 -0.8263806015125879
[17 INFO root] 0.10500948131084442 -0.14965930581092834 -0.8219108474125412
[17 INFO root] 0.10566140711307526 -0.1503613144159317 -0.8157614600996228
[17 INFO root] 0.10628262162208557 -0.1510223001241684 -0.8078728339495299
[17 INFO root] 0.10687824338674545 -0.15164634585380554 -0.7981793409365683
[17 INFO root] 0.10745305567979813 -0.15223723649978638 -0.7866102246870431
[17 INFO root] 0.10801159590482712 -0.15279848873615265 -0.7730907820434025
[17 INFO root] 0.10855824500322342 -0.15333333611488342 -0.7575439570824659
[17 INFO root] 0.10909731686115265 -0.15384480357170105 -0.7398923272830137
[17 INFO root] 0.10963312536478043 -0.15433570742607117 -0.7200604456863868
[17 INFO root] 0.11017005890607834 -0.15480861067771912 -0.6979774961271243
[17 INFO root] 0.11071261018514633 -0.15526577830314636 -0.6735802082975725
[17 INFO root] 0.11126544326543808 -0.15570920705795288 -0.6468159660458339
[17 INFO root] 0.11183339357376099 -0.1561404913663864 -0.6176460268965311
[17 INFO root] 0.11242147535085678 -0.15656080842018127 -0.5860487545700155
[17 INFO root] 0.11303485184907913 -0.15697073936462402 -0.5520227506091839
[17 INFO root] 0.11367876082658768 -0.15737026929855347 -0.5155897574205028
[17 INFO root] 0.11435844004154205 -0.15775863826274872 -0.4767971942359106
[17 INFO root] 0.11507900804281235 -0.15813426673412323 -0.43572013827604406
[17 INFO root] 0.11584523320198059 -0.15849469602108002 -0.3924619679890003
[17 INFO root] 0.11666141450405121 -0.1588365137577057 -0.34715309690230295
[17 INFO root] 0.11753109842538834 -0.1591554582118988 -0.2999493784039633
[17 INFO root] 0.11845690757036209 -0.15944638848304749 -0.2510301930539936
[17 INFO root] 0.11944030225276947 -0.15970349311828613 -0.20059593160240866
[17 INFO root] 0.1204814463853836 -0.15992043912410736 -0.14886469315922238
[17 INFO root] 0.12157903611660004 -0.1600906401872635 -0.09606809342153724
[17 INFO root] 0.12273021042346954 -0.16020748019218445 -0.0424461591818537
[17 INFO root] 0.12393058091402054 -0.16026470065116882 0.01175860890867473
[17 INFO root] 0.12512674927711487 -0.16025716066360474 0.065358815214372
[17 INFO root] 0.12623058259487152 -0.1601913422346115 0.11612045680193427
[17 INFO root] 0.12725721299648285 -0.16007718443870544 0.16430187004952018
[17 INFO root] 0.12821809947490692 -0.15992288291454315 0.21049717270030016
[17 INFO root] 0.12912307679653168 -0.1597340852022171 0.2552116692383721
[17 INFO root] 0.12997859716415405 -0.1595151275396347 0.29882725348337197
[17 INFO root] 0.13078941404819489 -0.15926937758922577 0.34165350631086144
[17 INFO root] 0.13156020641326904 -0.15899911522865295 0.3839613535940394
[17 INFO root] 0.13229574263095856 -0.15870565176010132 0.4259873858281835
[17 INFO root] 0.13300061225891113 -0.15838944911956787 0.4679332295834058
[17 INFO root] 0.13367895781993866 -0.15805025398731232 0.5099656591626399
[17 INFO root] 0.13433438539505005 -0.15768730640411377 0.55221786553058
[17 INFO root] 0.1349697709083557 -0.15729951858520508 0.5947918584372489
[17 INFO root] 0.13558726012706757 -0.15688560903072357 0.6377618942931932
[17 INFO root] 0.13618814945220947 -0.15644428133964539 0.6811787360351909
[17 INFO root] 0.13677304983139038 -0.15597431361675262 0.7250744687480493
[17 INFO root] 0.13734182715415955 -0.1554747223854065 0.7694675356553791
[17 INFO root] 0.13789381086826324 -0.1549447476863861 0.8143676408950405
[17 INFO root] 0.13842783868312836 -0.1543838530778885 0.8597801977952501
[17 INFO root] 0.1389423906803131 -0.15379182994365692 0.90571008132893
[17 INFO root] 0.13943572342395782 -0.15316864848136902 0.9521645563146739
[17 INFO root] 0.13990594446659088 -0.15251445770263672 0.9991553767080511
[17 INFO root] 0.1403510719537735 -0.15182951092720032 1.0467001628303947
[17 INFO root] 0.1407690793275833 -0.1511141061782837 1.0948232447421693
[17 INFO root] 0.14115789532661438 -0.1503685712814331 1.1435562022906154
[17 INFO root] 0.14151541888713837 -0.14959318935871124 1.1929383355537673
[17 INFO root] 0.14183950424194336 -0.14878816902637482 1.2430172682976328
[17 INFO root] 0.1421278715133667 -0.14795367419719696 1.2938498289790386
[17 INFO root] 0.14237812161445618 -0.14708970487117767 1.3455032736281074
[17 INFO root] 0.1425751894712448 -0.1462506651878357 1.3954942357938884
[17 INFO root] 0.14271678030490875 -0.1454758495092392 1.4424806397544676
[17 INFO root] 0.14281174540519714 -0.14476849138736725 1.4867640151569919
[17 INFO root] 0.14286896586418152 -0.1441262662410736 1.528814771470582
[17 INFO root] 0.14289604127407074 -0.14354585111141205 1.5691085803663405
[17 INFO root] 0.14289923012256622 -0.14302340149879456 1.6081640798458607
[17 INFO root] 0.14288371801376343 -0.14255426824092865 1.6465250997047274
[17 INFO root] 0.14285346865653992 -0.14213214814662933 1.6847389770300614
[17 INFO root] 0.1428111046552658 -0.1417478770017624 1.7233268892348155
[17 INFO root] 0.14275774359703064 -0.14139105379581451 1.7627607955821796
[17 INFO root] 0.1426931470632553 -0.14105124771595 1.80346649215328
[17 INFO root] 0.1426156759262085 -0.1407182514667511 1.8458181588130136
[17 INFO root] 0.14252230525016785 -0.1403820514678955 1.890129005758174
[17 INFO root] 0.1424085646867752 -0.14003311097621918 1.9366412086038627
[17 INFO root] 0.14226846396923065 -0.13966257870197296 1.9855158618286202
[17 INFO root] 0.14209453761577606 -0.13926270604133606 2.0368235063761
[17 INFO root] 0.14187806844711304 -0.13882729411125183 2.090535894777451
[17 INFO root] 0.1416092813014984 -0.13835224509239197 2.1465198587239804
[17 INFO root] 0.14127807319164276 -0.1378363072872162 2.204533319033162
[17 INFO root] 0.14087586104869843 -0.13728290796279907 2.2642260518063924
[17 INFO root] 0.14039559662342072 -0.13669858872890472 2.3251684576350438
[17 INFO root] 0.13983213901519775 -0.13609223067760468 2.386883353299394
[17 INFO root] 0.1391838937997818 -0.1354755461215973 2.4488586392702345
[17 INFO root] 0.1384539157152176 -0.13486243784427643 2.510643926544823
[17 INFO root] 0.1376492977142334 -0.13426728546619415 2.571830524750732
[17 INFO root] 0.13678085803985596 -0.13370361924171448 2.6320752849098343
[17 INFO root] 0.13586220145225525 -0.13318318128585815 2.6911307225543157
[17 INFO root] 0.1349087804555893 -0.1327151507139206 2.7488638274037096
[17 INFO root] 0.13393661379814148 -0.1323058009147644 2.8052637997060876
[17 INFO root] 0.13296131789684296 -0.13195852935314178 2.860445796741411
[17 INFO root] 0.13199739158153534 -0.13167421519756317 2.914646656281755
[17 INFO root] 0.13105665147304535 -0.13145141303539276 2.968191284287181
[17 INFO root] 0.1301478147506714 -0.13128697872161865 3.021464650173584
[17 INFO root] 0.12927637994289398 -0.13117685914039612 3.074886705881489
[17 INFO root] 0.1284915655851364 -0.1311197578907013 3.1282217435129342
[17 INFO root] 0.12781599164009094 -0.13110657036304474 -3.1014429580287897
[17 INFO root] 0.12723974883556366 -0.13112616539001465 -3.0470722753017854
[17 INFO root] 0.12674815952777863 -0.13116967678070068 -2.991222316811451
[17 INFO root] 0.12632611393928528 -0.13123087584972382 -2.933349537336316
[17 INFO root] 0.12595884501934052 -0.1313060075044632 -2.872997547262696
[17 INFO root] 0.12563234567642212 -0.13139355182647705 -2.80979414218154
[17 INFO root] 0.12533393502235413 -0.13149413466453552 -2.743444777946602
[17 INFO root] 0.1250525563955307 -0.13161024451255798 -2.6737243216603184
[17 INFO root] 0.12477906793355942 -0.1317460536956787 -2.60046955724188
[17 INFO root] 0.12450646609067917 -0.13190726935863495 -2.523574909827906
[17 INFO root] 0.12423001974821091 -0.13210080564022064 -2.4429930662538255
[17 INFO root] 0.12394578754901886 -0.13233596086502075 -2.358766399466323
[17 INFO root] 0.12364988029003143 -0.13262593746185303 -2.2710640402879503
[17 INFO root] 0.12334274500608444 -0.1329846829175949 -2.1801790496259454
[17 INFO root] 0.12303037941455841 -0.13342460989952087 -2.086549924542363
[17 INFO root] 0.12272419780492783 -0.13395431637763977 -1.99077643435574
[17 INFO root] 0.12244022637605667 -0.1345757246017456 -1.8936361603291592
[17 INFO root] 0.1221964880824089 -0.13528315722942352 -1.7959825195398165
[17 INFO root] 0.12200935930013657 -0.13606710731983185 -1.6984772207669114
[17 INFO root] 0.12189257889986038 -0.1369146853685379 -1.6015958899217118
[17 INFO root] 0.12185649573802948 -0.13781538605690002 -1.5055133266823657
[17 INFO root] 0.12190975248813629 -0.1387631893157959 -1.410191562470898
[17 INFO root] 0.12206126004457474 -0.1397552639245987 -1.3155572963313993
[17 INFO root] 0.12232125550508499 -0.1407894641160965 -1.2216478043984231
[17 INFO root] 0.12270069867372513 -0.14186112582683563 -1.1287125040895816
[17 INFO root] 0.12320898473262787 -0.1429598033428192 -1.0372547795540368
[17 INFO root] 0.12385037541389465 -0.14406752586364746 -0.9480055545104649
[17 INFO root] 0.12462010234594345 -0.1451590359210968 -0.8618236111615533
[17 INFO root] 0.12550166249275208 -0.14620453119277954 -0.7795598853058868
[17 INFO root] 0.1264660358428955 -0.14717356860637665 -0.7019114312007262
[17 INFO root] 0.12747515738010406 -0.14804072678089142 -0.6292577582526301
[17 INFO root] 0.128580704331398 -0.14885744452476501 -0.5625522982733053
[17 INFO root] 0.12976475059986115 -0.14961488544940948 -0.5025554214308011
[17 INFO root] 0.13097868859767914 -0.15029172599315643 -0.4494848167056067
[17 INFO root] 0.1321764886379242 -0.15087774395942688 -0.4031320806898973
[17 INFO root] 0.13332197070121765 -0.1513729691505432 -0.3629957625350078
[17 INFO root] 0.1343904733657837 -0.15178413689136505 -0.3284193353195702
[17 INFO root] 0.13536827266216278 -0.15212146937847137 -0.29870868630445857
[17 INFO root] 0.13625040650367737 -0.1523962914943695 -0.27321608717777807
[17 INFO root] 0.13703835010528564 -0.15261949598789215 -0.2513909654545139
[17 INFO root] 0.13773758709430695 -0.15280090272426605 -0.23280267631828136
[17 INFO root] 0.13835586607456207 -0.15294885635375977 -0.21714325531623097
[17 INFO root] 0.1389017403125763 -0.15307030081748962 -0.20421699422344247
[17 INFO root] 0.1393837183713913 -0.1531708538532257 -0.1939226777020431
[17 INFO root] 0.13981081545352936 -0.15325523912906647 -0.18607231843195088
[17 INFO root] 0.1401921808719635 -0.15332737565040588 -0.18040895641798343
[17 INFO root] 0.14053624868392944 -0.15339034795761108 -0.17669601620605005
[17 INFO root] 0.14085043966770172 -0.15344658493995667 -0.17472680263129142
[17 INFO root] 0.1411411464214325 -0.15349796414375305 -0.17431733142738765
[17 INFO root] 0.1414138376712799 -0.15354599058628082 -0.17529941034800925
[17 INFO root] 0.14167316257953644 -0.15359190106391907 -0.17751727869606218
[17 INFO root] 0.14192312955856323 -0.15363667905330658 -0.1808271360418297
[17 INFO root] 0.14216718077659607 -0.153681218624115 -0.1850979040798806
[17 INFO root] 0.1424083262681961 -0.153726264834404 -0.19021174324363216
[17 INFO root] 0.142649307847023 -0.1537725329399109 -0.19606423034463785
[17 INFO root] 0.14291614294052124 -0.15382538735866547 -0.20192598592683147
[17 INFO root] 0.14321787655353546 -0.15388698875904083 -0.20750042087461879
[17 INFO root] 0.14355245232582092 -0.15395724773406982 -0.2127839316263374
[17 INFO root] 0.14391714334487915 -0.15403585135936737 -0.21779619677095546
[17 INFO root] 0.14430969953536987 -0.15412253141403198 -0.22255344604481714
[17 INFO root] 0.14472831785678864 -0.15421707928180695 -0.22706854878103272
[17 INFO root] 0.14517159759998322 -0.15431930124759674 -0.23135097477332117
[17 INFO root] 0.1456386297941208 -0.1544291079044342 -0.23540717470951172
[17 INFO root] 0.1461288183927536 -0.15454648435115814 -0.23924121357004194
[17 INFO root] 0.14664186537265778 -0.15467143058776855 -0.24285544210958546
[17 INFO root] 0.14717768132686615 -0.15480397641658783 -0.2462511467046516
[17 INFO root] 0.14773567020893097 -0.1549440324306488 -0.2494351837067855
[17 INFO root] 0.14831508696079254 -0.15509143471717834 -0.2524165123396949
[17 INFO root] 0.14891500771045685 -0.15524598956108093 -0.25520488613635856
[17 INFO root] 0.1495300829410553 -0.15540628135204315 -0.2604385607537503
[17 INFO root] 0.15016049146652222 -0.15557393431663513 -0.2684833629347422
[17 INFO root] 0.15080775320529938 -0.15575146675109863 -0.2790001423162854
[17 INFO root] 0.1514730453491211 -0.15594132244586945 -0.2916589372711713
[17 INFO root] 0.15215715765953064 -0.15614578127861023 -0.3061779704847561
[17 INFO root] 0.1528603881597519 -0.1563669890165329 -0.32230983609832775
[17 INFO root] 0.15358267724514008 -0.15660694241523743 -0.33983132898286655
[17 INFO root] 0.1543235331773758 -0.15686745941638947 -0.3585363093941934
[17 INFO root] 0.15508216619491577 -0.15715016424655914 -0.37823191436576714
[17 INFO root] 0.15585748851299286 -0.15745653212070465 -0.39873640048187
[17 INFO root] 0.1566489338874817 -0.15778811275959015 -0.4198661855287474
[17 INFO root] 0.1574963480234146 -0.15816441178321838 -0.4409044913734009
[17 INFO root] 0.15838921070098877 -0.15858356654644012 -0.4617139837204474
[17 INFO root] 0.15931174159049988 -0.15904030203819275 -0.4822547011685026
[17 INFO root] 0.1602506935596466 -0.1595294326543808 -0.5024970813939746
[17 INFO root] 0.16119544208049774 -0.16004617512226105 -0.5224163367428135
[17 INFO root] 0.1621377021074295 -0.16058620810508728 -0.5419894063259485
[17 INFO root] 0.16307123005390167 -0.16114585101604462 -0.5611926424663901
[17 INFO root] 0.16399161517620087 -0.16172194480895996 -0.5800002386172866
[17 INFO root] 0.16489540040493011 -0.1623116284608841 -0.5983950942052361
[17 INFO root] 0.16577555239200592 -0.16290929913520813 -0.6164787052526717
[17 INFO root] 0.16662687063217163 -0.16351020336151123 -0.634358149806579
[17 INFO root] 0.1674467772245407 -0.1641111820936203 -0.6521149396907053
[17 INFO root] 0.16823476552963257 -0.16471058130264282 -0.6698056767301394
[17 INFO root] 0.16899234056472778 -0.16530831158161163 -0.687446452745475
[17 INFO root] 0.1697220355272293 -0.16590523719787598 -0.7050284316333024
[17 INFO root] 0.17042703926563263 -0.1665029674768448 -0.7225184570353282
[17 INFO root] 0.17111210525035858 -0.16710472106933594 -0.7398280789286803
[17 INFO root] 0.17178140580654144 -0.16771350800991058 -0.7568681591195136
[17 INFO root] 0.17243792116641998 -0.16833147406578064 -0.7735754185586967
[17 INFO root] 0.1730835884809494 -0.16895994544029236 -0.7899164584315331
[17 INFO root] 0.17371980845928192 -0.16959984600543976 -0.8058765179419277
[17 INFO root] 0.1743476688861847 -0.17025189101696014 -0.8214575415124697
[17 INFO root] 0.1749679148197174 -0.17091648280620575 -0.8366782715549257
[17 INFO root] 0.17558105289936066 -0.17159390449523926 -0.851578698777749
[17 INFO root] 0.17618779838085175 -0.17228472232818604 -0.8662470452090135
[17 INFO root] 0.1767883598804474 -0.1729891002178192 -0.8804139607226955
[17 INFO root] 0.17738249897956848 -0.17370635271072388 -0.8938397807429764
[17 INFO root] 0.1779697984457016 -0.17443515360355377 -0.9065251529444988
[17 INFO root] 0.1785496026277542 -0.17517374455928802 -0.91849876734616
[17 INFO root] 0.17912109196186066 -0.17592006921768188 -0.9297898595046382
[17 INFO root] 0.17968326807022095 -0.17667177319526672 -0.9404272329088
[17 INFO root] 0.1802351176738739 -0.17742636799812317 -0.9504382322426115
[17 INFO root] 0.18077561259269714 -0.17818129062652588 -0.9598476356646644
[17 INFO root] 0.18130332231521606 -0.1789332777261734 -0.9687000285552352
[17 INFO root] 0.181816965341568 -0.1796792596578598 -0.9770396145557131
[17 INFO root] 0.1823156476020813 -0.18041668832302094 -0.9849020188775027
[17 INFO root] 0.18280844390392303 -0.18115802109241486 -0.9918176661840357
[17 INFO root] 0.1833004206418991 -0.1819094717502594 -0.9975004350152551
[17 INFO root] 0.18379202485084534 -0.1826699674129486 -1.0018990512182726
[17 INFO root] 0.18428346514701843 -0.18343780934810638 -1.0049958156936687
[17 INFO root] 0.18477517366409302 -0.18421156704425812 -1.0067833892305387
[17 INFO root] 0.18526771664619446 -0.18498989939689636 -1.0072610062914351
[17 INFO root] 0.18576176464557648 -0.18577168881893158 -1.0064327112784555
[17 INFO root] 0.18625815212726593 -0.18655596673488617 -1.0043059295273185
[17 INFO root] 0.18675783276557922 -0.18734194338321686 -1.000889527195835
[17 INFO root] 0.18726186454296112 -0.18812905251979828 -0.9961913750517639
[17 INFO root] 0.18777146935462952 -0.18891692161560059 -0.9902155140193796
[17 INFO root] 0.18828804790973663 -0.18970541656017303 -0.9829591899816673
[17 INFO root] 0.18881314992904663 -0.1904945820569992 -0.974410065858209
[17 INFO root] 0.18934834003448486 -0.1912844032049179 -0.9645372676598751
[17 INFO root] 0.1898949146270752 -0.19207435846328735 -0.9532794296906801
[17 INFO root] 0.19045265018939972 -0.19286158680915833 -0.9404979303754686
[17 INFO root] 0.191022127866745 -0.19364424049854279 -0.9260650196317965
[17 INFO root] 0.19160504639148712 -0.19442181289196014 -0.9098819986193072
[17 INFO root] 0.19220395386219025 -0.19519460201263428 -0.8918780481995019
[17 INFO root] 0.19282184541225433 -0.19596318900585175 -0.8720120255990751
[17 INFO root] 0.19346193969249725 -0.19672805070877075 -0.8502771886704932
[17 INFO root] 0.1941322535276413 -0.19749480485916138 -0.8268931618454674
[17 INFO root] 0.19484935700893402 -0.1982775628566742 -0.802498035535296
[17 INFO root] 0.19561658799648285 -0.19907523691654205 -0.7773861601095972
[17 INFO root] 0.19643448293209076 -0.19988404214382172 -0.7518458412742821
[17 INFO root] 0.19730202853679657 -0.20069928467273712 -0.7261913332870784
[17 INFO root] 0.19821670651435852 -0.20151568949222565 -0.7007470864858251
[17 INFO root] 0.19916920363903046 -0.20232327282428741 -0.6760712746801851
[17 INFO root] 0.20014998316764832 -0.20311398804187775 -0.6525888805731559
[17 INFO root] 0.20115457475185394 -0.2038855403661728 -0.6303978235250587
[17 INFO root] 0.20217901468276978 -0.2046365588903427 -0.609544459394272
[17 INFO root] 0.2032192051410675 -0.2053661048412323 -0.5900595757820183
[17 INFO root] 0.20427116751670837 -0.20607352256774902 -0.571961658432953
[17 INFO root] 0.20533089339733124 -0.20675843954086304 -0.5552602348674207
[17 INFO root] 0.20639453828334808 -0.20742076635360718 -0.5399591135987323
[17 INFO root] 0.20745831727981567 -0.2080605924129486 -0.5260592274956104
[17 INFO root] 0.2085181176662445 -0.20867794752120972 -0.513572823520978
[17 INFO root] 0.209557443857193 -0.20926594734191895 -0.5028621764673643
[17 INFO root] 0.21057145297527313 -0.20982514321804047 -0.4939257833872799
[17 INFO root] 0.21155762672424316 -0.21035730838775635 -0.48670649955276746
[17 INFO root] 0.2125156968832016 -0.21086519956588745 -0.4811062196054335
[17 INFO root] 0.21344691514968872 -0.21135199069976807 -0.47700695818815275
[17 INFO root] 0.21435287594795227 -0.21182067692279816 -0.4743002843304507
[17 INFO root] 0.21523530781269073 -0.21227401494979858 -0.47288729720311606
[17 INFO root] 0.21609613299369812 -0.21271458268165588 -0.47267145322168996
[17 INFO root] 0.21693752706050873 -0.21314483880996704 -0.4735512152416868
[17 INFO root] 0.21777202188968658 -0.21357236802577972 -0.4749196251483352
[17 INFO root] 0.21861205995082855 -0.21400414407253265 -0.47616647226438197
[17 INFO root] 0.21945823729038239 -0.21444043517112732 -0.47724670652188955
[17 INFO root] 0.22030985355377197 -0.21488070487976074 -0.4781788413521739
[17 INFO root] 0.22116626799106598 -0.21532447636127472 -0.47897977491285865
[17 INFO root] 0.22202692925930023 -0.21577134728431702 -0.47966456942267627
[17 INFO root] 0.22289133071899414 -0.2162209153175354 -0.4802466328672926
[17 INFO root] 0.22375904023647308 -0.2166728675365448 -0.4807378904699858
[17 INFO root] 0.22462968528270721 -0.21712689101696014 -0.48114894075796016
[17 INFO root] 0.22550290822982788 -0.21758273243904114 -0.4814891969824733
[17 INFO root] 0.2263784110546112 -0.21804015338420868 -0.4817670148366298
[17 INFO root] 0.2272559404373169 -0.21849894523620605 -0.4819898074698856
[17 INFO root] 0.22813525795936584 -0.21895892918109894 -0.4821641488109916
[17 INFO root] 0.22901973128318787 -0.21942181885242462 -0.4821294439521241
[17 INFO root] 0.2299506962299347 -0.21990901231765747 -0.4799552114581532
[17 INFO root] 0.23092986643314362 -0.22041897475719452 -0.475540521129855
[17 INFO root] 0.2319522500038147 -0.22094601392745972 -0.4691151160226377
[17 INFO root] 0.23301157355308533 -0.2214837670326233 -0.4609849170223286
[17 INFO root] 0.23410049080848694 -0.22202567756175995 -0.45150984047512444
[17 INFO root] 0.23521089553833008 -0.2225654274225235 -0.44108053992233615
[17 INFO root] 0.23633429408073425 -0.22309720516204834 -0.4300939781787823
[17 INFO root] 0.23746228218078613 -0.22361615300178528 -0.4189312277199098
[17 INFO root] 0.23858687281608582 -0.2241184562444687 -0.4079399527317152
[17 INFO root] 0.23970095813274384 -0.2246014028787613 -0.39742267555678845
[17 INFO root] 0.2407984584569931 -0.2250634729862213 -0.3876308027561959
[17 INFO root] 0.24187451601028442 -0.225504070520401 -0.3787640801176715
[17 INFO root] 0.2429255098104477 -0.22592346370220184 -0.3709737775353976
[17 INFO root] 0.2439490109682083 -0.22632253170013428 -0.3643681611420591
[17 INFO root] 0.24494363367557526 -0.22670264542102814 -0.35901909988188807
[17 INFO root] 0.24590924382209778 -0.22706563770771027 -0.3575575489708833
[17 INFO root] 0.24684543907642365 -0.2274155616760254 -0.36054907697322897
[17 INFO root] 0.24775324761867523 -0.227757528424263 -0.3677927581571461
[17 INFO root] 0.24863536655902863 -0.22809667885303497 -0.3790241820178033
[17 INFO root] 0.2494955062866211 -0.2284381091594696 -0.39397883808721135
[17 INFO root] 0.25035911798477173 -0.2287956327199936 -0.4113713627039357
[17 INFO root] 0.25123530626296997 -0.2291761040687561 -0.4305471524061032
[17 INFO root] 0.25211867690086365 -0.22957980632781982 -0.45135382451079004
[17 INFO root] 0.25300332903862 -0.2300063669681549 -0.4736868732606401
[17 INFO root] 0.2538849413394928 -0.23045583069324493 -0.4974431250278487
[17 INFO root] 0.2547606825828552 -0.23092865943908691 -0.5225451909240425
[17 INFO root] 0.2556286156177521 -0.2314256727695465 -0.5489106248630552
[17 INFO root] 0.2564876079559326 -0.23194794356822968 -0.5764456897482657
[17 INFO root] 0.25733682513237 -0.2324967086315155 -0.6050465433877031
[17 INFO root] 0.25817570090293884 -0.23307333886623383 -0.6346005618549779
[17 INFO root] 0.2590036988258362 -0.2336791604757309 -0.6649874464302354
[17 INFO root] 0.25982022285461426 -0.2343154400587082 -0.6960802476655474
[17 INFO root] 0.260624498128891 -0.23498332500457764 -0.7277462940129298
[17 INFO root] 0.26141566038131714 -0.23568370938301086 -0.7598481153782656
[17 INFO root] 0.2621925473213196 -0.23641718924045563 -0.7922446719745442
[17 INFO root] 0.26295384764671326 -0.2371840476989746 -0.8247928090707437
[17 INFO root] 0.2636980712413788 -0.23798413574695587 -0.8573488763744401
[17 INFO root] 0.26442354917526245 -0.23881690204143524 -0.889770478264945
[17 INFO root] 0.26512864232063293 -0.23968128859996796 -0.9219183111174182
[17 INFO root] 0.26581159234046936 -0.2405758500099182 -0.9536580320759983
[17 INFO root] 0.2664708197116852 -0.241498664021492 -0.9848620974696646
[17 INFO root] 0.26710474491119385 -0.24244742095470428 -1.0154115091765097
[17 INFO root] 0.2677120268344879 -0.24341946840286255 -1.0451974131015533
[17 INFO root] 0.2682915925979614 -0.24441185593605042 -1.074122504355158
[17 INFO root] 0.26884254813194275 -0.2454214245080948 -1.1021022070211994
[17 INFO root] 0.2693643569946289 -0.24644489586353302 -1.1290656106541774
[17 INFO root] 0.2698567807674408 -0.2474789321422577 -1.1549561589425417
[17 INFO root] 0.2703198492527008 -0.24852021038532257 -1.1797320967217382
[17 INFO root] 0.2707538902759552 -0.24956552684307098 -1.2033666886142176
[17 INFO root] 0.27115947008132935 -0.2506118416786194 -1.2258482255337424
[17 INFO root] 0.2715374529361725 -0.25165635347366333 -1.2471801058115184
[17 INFO root] 0.2718888223171234 -0.2526964545249939 -1.2673805327216194
[17 INFO root] 0.27221471071243286 -0.2537299692630768 -1.2864816730983173
[17 INFO root] 0.2725163698196411 -0.2547548711299896 -1.3045291203390925
[17 INFO root] 0.2727951407432556 -0.25576961040496826 -1.3215817154722491
[17 INFO root] 0.27305230498313904 -0.25677284598350525 -1.3377115225606926
[17 INFO root] 0.27328920364379883 -0.257763534784317 -1.3530449948837924
[17 INFO root] 0.27350711822509766 -0.2587411105632782 -1.3677571366416488
[17 INFO root] 0.2737071216106415 -0.2597053050994873 -1.3820122182661394
[17 INFO root] 0.2738902270793915 -0.2606562674045563 -1.3959573078030627
[17 INFO root] 0.27406004071235657 -0.2616097927093506 -1.410014642358933
[17 INFO root] 0.2742171287536621 -0.26256993412971497 -1.4243657103469587
[17 INFO root] 0.27436116337776184 -0.2635369300842285 -1.43912310214507
[17 INFO root] 0.27449163794517517 -0.26451098918914795 -1.4544061374040678
[17 INFO root] 0.27460789680480957 -0.26549243927001953 -1.4703514074745923
[17 INFO root] 0.27470919489860535 -0.26648181676864624 -1.4871170161233693
[17 INFO root] 0.2747945785522461 -0.26747992634773254 -1.5048845159137714
[17 INFO root] 0.2748628854751587 -0.26848793029785156 -1.5238576742245962
[17 INFO root] 0.2749127149581909 -0.2695074677467346 -1.544257343842729
[17 INFO root] 0.27494221925735474 -0.270540714263916 -1.5663120491850653
[17 INFO root] 0.27494916319847107 -0.27158236503601074 -1.5896119873574919
[17 INFO root] 0.27493205666542053 -0.2726210057735443 -1.613347797762517
[17 INFO root] 0.2748904824256897 -0.2736552059650421 -1.6375742714804857
[17 INFO root] 0.2748241126537323 -0.27468517422676086 -1.6624203955131278
[17 INFO root] 0.27473241090774536 -0.2757112979888916 -1.687975606194382
[17 INFO root] 0.2746146619319916 -0.27673405408859253 -1.714281405512747
[17 INFO root] 0.2744700610637665 -0.27775394916534424 -1.7413273333028436
[17 INFO root] 0.27429771423339844 -0.27877116203308105 -1.7690525084554811
[17 INFO root] 0.27409684658050537 -0.2797856032848358 -1.7973523393462991
[17 INFO root] 0.27386674284935 -0.2807968258857727 -1.826090799404121
[17 INFO root] 0.2736070156097412 -0.28180381655693054 -1.8550991972753548
[17 INFO root] 0.2733176052570343 -0.2828048765659332 -1.8841828973510946
[17 INFO root] 0.272999107837677 -0.2837975323200226 -1.9131321524672138
[17 INFO root] 0.27265265583992004 -0.28477874398231506 -1.9417340675788304
[17 INFO root] 0.2722800672054291 -0.28574490547180176 -1.9697849153539644
[17 INFO root] 0.2718838155269623 -0.2866922616958618 -1.997101848661352
[17 INFO root] 0.2714669108390808 -0.2876169979572296 -2.023533004409734
[17 INFO root] 0.27103275060653687 -0.2885156273841858 -2.0489651875294013
[17 INFO root] 0.27058494091033936 -0.28938519954681396 -2.0733286371977635
[17 INFO root] 0.27012690901756287 -0.29022350907325745 -2.096598449700766
[17 INFO root] 0.26966187357902527 -0.29102930426597595 -2.118793688540919
[17 INFO root] 0.26919251680374146 -0.2918022871017456 -2.1399733172510556
[17 INFO root] 0.26872092485427856 -0.29254287481307983 -2.160212430608422
[17 INFO root] 0.2682493329048157 -0.29325127601623535 -2.1795557144100006
[17 INFO root] 0.26777908205986023 -0.29392877221107483 -2.198075637217221
[17 INFO root] 0.2673105001449585 -0.2945777177810669 -2.2158799727318343
[17 INFO root] 0.2668427526950836 -0.29520168900489807 -2.233099705763417
[17 INFO root] 0.26637396216392517 -0.29580506682395935 -2.249874208743869
[17 INFO root] 0.2659013569355011 -0.29639261960983276 -2.2663366479746068
[17 INFO root] 0.265421599149704 -0.29696932435035706 -2.282601150925148
[17 INFO root] 0.2649311423301697 -0.29753971099853516 -2.2987531164105754
[17 INFO root] 0.2644265592098236 -0.29810771346092224 -2.314843713561699
[17 INFO root] 0.2639048099517822 -0.2986762821674347 -2.3308890053477804
[17 INFO root] 0.26336371898651123 -0.29924729466438293 -2.3468733677470763
[17 INFO root] 0.2628018260002136 -0.29982155561447144 -2.3627561807609383
[17 INFO root] 0.26221877336502075 -0.3003987967967987 -2.378480349130449
[17 INFO root] 0.26161494851112366 -0.30097806453704834 -2.3939811628121856
[17 INFO root] 0.2609916627407074 -0.301557719707489 -2.4091942636550656
[17 INFO root] 0.26035076379776 -0.30213579535484314 -2.4240619264871364
[17 INFO root] 0.25969451665878296 -0.3027102053165436 -2.438537332517449
[17 INFO root] 0.2590254545211792 -0.3032788932323456 -2.45258689306597
[17 INFO root] 0.25834619998931885 -0.3038400113582611 -2.466190925231024
[17 INFO root] 0.2576591968536377 -0.30439186096191406 -2.4793430917031842
[17 INFO root] 0.25696688890457153 -0.3049331605434418 -2.4920490236146056
[17 INFO root] 0.2562713325023651 -0.3054628074169159 -2.504323812221456
[17 INFO root] 0.255574494600296 -0.30598002672195435 -2.516190447938675
[17 INFO root] 0.25487786531448364 -0.3064843416213989 -2.5276784650046182
[17 INFO root] 0.25418251752853394 -0.3069756031036377 -2.5388227953163534
[17 INFO root] 0.2534888684749603 -0.30745410919189453 -2.5496614575604153
[17 INFO root] 0.25279703736305237 -0.30792036652565 -2.5602333960609163
[17 INFO root] 0.2521067261695862 -0.3083750307559967 -2.5705769498575983
[17 INFO root] 0.25141745805740356 -0.30881884694099426 -2.580728856976681
[17 INFO root] 0.25072768330574036 -0.30925309658050537 -2.590738205946979
[17 INFO root] 0.2500351667404175 -0.30967947840690613 -2.6006612056099105
[17 INFO root] 0.24933767318725586 -0.31009939312934875 -2.6105507018724947
[17 INFO root] 0.2486332356929779 -0.31051406264305115 -2.62045467747433
[17 INFO root] 0.24792009592056274 -0.31092438101768494 -2.630416704005152
[17 INFO root] 0.247195765376091 -0.3113315999507904 -2.6404903248188725
[17 INFO root] 0.24645806849002838 -0.3117366135120392 -2.650725031130284
[17 INFO root] 0.2457057386636734 -0.31213971972465515 -2.6611607070376775
[17 INFO root] 0.24493831396102905 -0.3125406801700592 -2.6718279739445365
[17 INFO root] 0.24415616691112518 -0.31293877959251404 -2.6827491256354894
[17 INFO root] 0.24336029589176178 -0.31333303451538086 -2.693938822978858
[17 INFO root] 0.2425522804260254 -0.3137221038341522 -2.7054045561344098
[17 INFO root] 0.24173416197299957 -0.3141045868396759 -2.71714691631515
[17 INFO root] 0.24090830981731415 -0.3144789934158325 -2.7291597136749624
[17 INFO root] 0.24007728695869446 -0.3148437738418579 -2.7414299779601685
[17 INFO root] 0.2392437905073166 -0.31519752740859985 -2.7539378812064705
[17 INFO root] 0.23847045004367828 -0.3155145049095154 -2.763330584491206
[17 INFO root] 0.23775814473628998 -0.31579843163490295 -2.76939693549139
[17 INFO root] 0.2370978146791458 -0.3160566985607147 -2.772379913524626
[17 INFO root] 0.23648132383823395 -0.31629547476768494 -2.772479660885795
[17 INFO root] 0.23590192198753357 -0.3165196180343628 -2.7698501821061776
[17 INFO root] 0.23535388708114624 -0.31673312187194824 -2.764608041343449
[17 INFO root] 0.23483243584632874 -0.31693923473358154 -2.756838383608779
[17 INFO root] 0.23433347046375275 -0.3171408176422119 -2.7465998612632263
[17 INFO root] 0.2338532954454422 -0.3173404037952423 -2.733926802190274
[17 INFO root] 0.2333885133266449 -0.31754040718078613 -2.7188326664635007
[17 INFO root] 0.23293618857860565 -0.31774309277534485 -2.701317355330471
[17 INFO root] 0.23249375820159912 -0.317950576543808 -2.681370289874773
[17 INFO root] 0.23205894231796265 -0.31816503405570984 -2.6589719854651066
[17 INFO root] 0.2316296547651291 -0.3183887302875519 -2.634095323344932
[17 INFO root] 0.23120392858982086 -0.3186240792274475 -2.606706768946975
[17 INFO root] 0.23077990114688873 -0.3188737630844116 -2.57676768544083
[17 INFO root] 0.23035579919815063 -0.319140762090683 -2.544235879821445
[17 INFO root] 0.22992990911006927 -0.3194285035133362 -2.5090675170543837
[17 INFO root] 0.2295006811618805 -0.319740891456604 -2.471219541597709
[17 INFO root] 0.22906675934791565 -0.3200823664665222 -2.4306527527061825
[17 INFO root] 0.2286270558834076 -0.3204580545425415 -2.387335687233039
[17 INFO root] 0.22816012799739838 -0.3208933174610138 -2.3422051078926445
[17 INFO root] 0.2276664525270462 -0.3213968276977539 -2.2956002789330037
[17 INFO root] 0.2271522730588913 -0.32197239995002747 -2.2477063306812313
[17 INFO root] 0.2266245037317276 -0.32262325286865234 -2.198714481218691
[17 INFO root] 0.2260904759168625 -0.32335183024406433 -2.1488322170880623
[17 INFO root] 0.22555789351463318 -0.3241599500179291 -2.098282700072373
[17 INFO root] 0.22503472864627838 -0.3250482380390167 -2.0473033814306114
[17 INFO root] 0.22452911734580994 -0.32601621747016907 -1.9961437942615725
[17 INFO root] 0.2240491807460785 -0.32706210017204285 -1.9450625474496845
[17 INFO root] 0.22360274195671082 -0.32818251848220825 -1.8943230046155848
[17 INFO root] 0.22319713234901428 -0.3293728828430176 -1.8441687395145672
[17 INFO root] 0.2228388637304306 -0.3306271433830261 -1.7948448533409835
[17 INFO root] 0.22253352403640747 -0.3319380283355713 -1.7465987694580307
[17 INFO root] 0.22228549420833588 -0.33329710364341736 -1.699674362966729
[17 INFO root] 0.22209776937961578 -0.334695041179657 -1.6543061489008726
[17 INFO root] 0.22197191417217255 -0.3361218273639679 -1.6107143487648554
[17 INFO root] 0.22190792858600616 -0.3375670909881592 -1.5691010599979092
[17 INFO root] 0.22190436720848083 -0.33902037143707275 -1.5296476166070634
[17 INFO root] 0.22195838391780853 -0.3404715955257416 -1.4925131067374662
[17 INFO root] 0.22206589579582214 -0.34191107749938965 -1.4578339191619016
[17 INFO root] 0.22222183644771576 -0.343330055475235 -1.425720939058721
[17 INFO root] 0.22242037951946259 -0.3447206914424896 -1.396264097233529
[17 INFO root] 0.22265520691871643 -0.34607625007629395 -1.3695349323069252
[17 INFO root] 0.22291973233222961 -0.34739112854003906 -1.3455881325263952
[17 INFO root] 0.22320733964443207 -0.3486609160900116 -1.3244631072848816
[17 INFO root] 0.22351166605949402 -0.34988245368003845 -1.3061856968525398
[17 INFO root] 0.22382664680480957 -0.3510536551475525 -1.2907699823686587
[17 INFO root] 0.2241467833518982 -0.3521735966205597 -1.278220138346367
[17 INFO root] 0.2244671732187271 -0.35324227809906006 -1.268532256751741
[17 INFO root] 0.22478359937667847 -0.35426071286201477 -1.2616960642833746
[17 INFO root] 0.2250925451517105 -0.35523056983947754 -1.2576964544759073
[17 INFO root] 0.22539541125297546 -0.35616734623908997 -1.2561303623118332
[17 INFO root] 0.22570323944091797 -0.35711362957954407 -1.2557792637393885
[17 INFO root] 0.2260129451751709 -0.35806411504745483 -1.2557549994712809
[17 INFO root] 0.22632279992103577 -0.3590148985385895 -1.2557549994712809
[17 INFO root] 0.22663265466690063 -0.3599656820297241 -1.2557549994712809
[17 INFO root] 0.2269425094127655 -0.36091646552085876 -1.2557549994712809
[17 INFO root] 0.22725236415863037 -0.3618672490119934 -1.2557549994712809
[17 INFO root] 0.22756221890449524 -0.36281803250312805 -1.2557549994712809
[17 INFO root] 0.2278720736503601 -0.3637688159942627 -1.2557549994712809
[17 INFO root] 0.22818192839622498 -0.36471959948539734 -1.2557549994712809
[17 INFO root] 0.22849178314208984 -0.365670382976532 -1.2557549994712809
[17 INFO root] 0.2288016378879547 -0.3666211664676666 -1.2557549994712809
[17 INFO root] 0.22911149263381958 -0.36757194995880127 -1.2557549994712809
[17 INFO root] 0.22942134737968445 -0.3685227334499359 -1.2557549994712809
[17 INFO root] 0.22973120212554932 -0.36947351694107056 -1.2557549994712809
[17 INFO root] 0.23004105687141418 -0.3704243004322052 -1.2557549994712809
[17 INFO root] 0.23035091161727905 -0.37137508392333984 -1.2557549994712809
[17 INFO root] 0.23066078126430511 -0.3723258674144745 -1.2557549994712809
[17 INFO root] 0.23097063601016998 -0.37327665090560913 -1.2557549994712809
[17 INFO root] 0.23128049075603485 -0.3742274343967438 -1.2557549994712809
[17 INFO root] 0.23159034550189972 -0.3751782178878784 -1.2557549994712809
[17 INFO root] 0.2319002002477646 -0.37612900137901306 -1.2557549994712809
[17 INFO root] 0.23221005499362946 -0.3770797848701477 -1.2557549994712809
[17 INFO root] 0.23251990973949432 -0.37803056836128235 -1.2557549994712809
[17 INFO root] 0.2328297644853592 -0.378981351852417 -1.2557549994712809
[17 INFO root] 0.23313961923122406 -0.37993213534355164 -1.2557549994712809
[17 INFO root] 0.23344947397708893 -0.3808829188346863 -1.2557549994712809
[17 INFO root] 0.2337593287229538 -0.3818337023258209 -1.2557549994712809
[17 INFO root] 0.23406918346881866 -0.38278448581695557 -1.2557549994712809
[17 INFO root] 0.23437903821468353 -0.3837352693080902 -1.2557549994712809
[17 INFO root] 0.2346888929605484 -0.38468605279922485 -1.2557549994712809
[17 INFO root] 0.23499874770641327 -0.3856368362903595 -1.2557549994712809
[17 INFO root] 0.23530861735343933 -0.38658761978149414 -1.2557549994712809
[17 INFO root] 0.2356184720993042 -0.3875384032726288 -1.2557549994712809
[17 INFO root] 0.23592832684516907 -0.3884891867637634 -1.2557549994712809
[17 INFO root] 0.23623818159103394 -0.38943997025489807 -1.2557549994712809
[17 INFO root] 0.2365480363368988 -0.3903907537460327 -1.2557549994712809
[17 INFO root] 0.23685789108276367 -0.39134153723716736 -1.2557549994712809
[17 INFO root] 0.23716770112514496 -0.39229220151901245 -1.2558083416977568
[17 INFO root] 0.23747704923152924 -0.3932415843009949 -1.2563934489380366
[17 INFO root] 0.2377854883670807 -0.39418989419937134 -1.2575545854099563
[17 INFO root] 0.2380925416946411 -0.3951374590396881 -1.2592813447048283
[17 INFO root] 0.2383977174758911 -0.3960846960544586 -1.2615620323938035
[17 INFO root] 0.23870059847831726 -0.3970319330692291 -1.2643836463631684
[17 INFO root] 0.23900070786476135 -0.39797961711883545 -1.2677317947544366
[17 INFO root] 0.23929765820503235 -0.39892810583114624 -1.2715905554013236
[17 INFO root] 0.23959101736545563 -0.3998778462409973 -1.2759422879785987
[17 INFO root] 0.23988039791584015 -0.4008291959762573 -1.2807673900728076
[17 INFO root] 0.24016542732715607 -0.4017825722694397 -1.2860440265699027
[17 INFO root] 0.24044574797153473 -0.4027383625507355 -1.291747923599792
[17 INFO root] 0.2407209873199463 -0.4036968946456909 -1.2978522723691526
[17 INFO root] 0.2409908026456833 -0.40465855598449707 -1.3043276979112073
[17 INFO root] 0.24125489592552185 -0.40562358498573303 -1.311142265876056
[17 INFO root] 0.2415129393339157 -0.40659230947494507 -1.3182615212050472
[17 INFO root] 0.24176464974880219 -0.4075649380683899 -1.3256485577395822
[17 INFO root] 0.24200977385044098 -0.40854164958000183 -1.3332641188626533
[17 INFO root] 0.2422480583190918 -0.4095225930213928 -1.3410667295145806
[17 INFO root] 0.24247926473617554 -0.41050782799720764 -1.3490128602732718
[17 INFO root] 0.24270322918891907 -0.4114973843097687 -1.3570571243535974
[17 INFO root] 0.24291977286338806 -0.41249117255210876 -1.3651525082304485
[17 INFO root] 0.24312877655029297 -0.41348910331726074 -1.3732506268874034
[17 INFO root] 0.24333015084266663 -0.4144909977912903 -1.3813020104729685
[17 INFO root] 0.24352385103702545 -0.4154965877532959 -1.3892564266270075
[17 INFO root] 0.24370989203453064 -0.4165055453777313 -1.3970632366732958
[17 INFO root] 0.24388830363750458 -0.4175175130367279 -1.4046717808733313
[17 INFO root] 0.24405920505523682 -0.41853204369544983 -1.4120317862151794
[17 INFO root] 0.2442227452993393 -0.4195486605167389 -1.4190937888392043
[17 INFO root] 0.24437913298606873 -0.4205667972564697 -1.4258094660034473
[17 INFO root] 0.2445286363363266 -0.42158594727516174 -1.4321319143208648
[17 INFO root] 0.24467158317565918 -0.4226054549217224 -1.4380159766730611
[17 INFO root] 0.24480833113193512 -0.42362475395202637 -1.4434215402435613
[17 INFO root] 0.24493932723999023 -0.42464324831962585 -1.4483165390053512
[17 INFO root] 0.24506504833698273 -0.4256603717803955 -1.4526710971650683
[17 INFO root] 0.2451859712600708 -0.42667555809020996 -1.4564563405235968
[17 INFO root] 0.24530266225337982 -0.42768827080726624 -1.459644648146146
[17 INFO root] 0.24541568756103516 -0.42869803309440613 -1.4622099718152328
[17 INFO root] 0.24552565813064575 -0.42970430850982666 -1.464128126996285
[17 INFO root] 0.24563318490982056 -0.4307067096233368 -1.4653770397556234
[17 INFO root] 0.2457389235496521 -0.4317048192024231 -1.4659369409870517
[17 INFO root] 0.24584367871284485 -0.43269965052604675 -1.4659860214581806
[17 INFO root] 0.24594762921333313 -0.4336877763271332 -1.466262761389008
[17 INFO root] 0.24604587256908417 -0.43462395668029785 -1.468792319428442
[17 INFO root] 0.24613642692565918 -0.43550625443458557 -1.4736847975341871
[17 INFO root] 0.24621793627738953 -0.4363385736942291 -1.48083107040816
[17 INFO root] 0.24628946185112 -0.4371248185634613 -1.4901399134833526
[17 INFO root] 0.24635034799575806 -0.4378689229488373 -1.5015364757641911
[17 INFO root] 0.24640017747879028 -0.43857520818710327 -1.5149471803904864
[17 INFO root] 0.24643875658512115 -0.43924808502197266 -1.530302211812217
[17 INFO root] 0.24646586179733276 -0.43989190459251404 -1.5475451994732219
[17 INFO root] 0.24648137390613556 -0.44051089882850647 -1.5666323000218143
[17 INFO root] 0.24648503959178925 -0.44110918045043945 -1.5875290513247262
[17 INFO root] 0.24647654592990875 -0.44169071316719055 -1.6102084637001544
[17 INFO root] 0.24645543098449707 -0.4422594904899597 -1.634649522411158
[17 INFO root] 0.24642102420330048 -0.4428194463253021 -1.6608337077459585
[17 INFO root] 0.24637238681316376 -0.44337448477745056 -1.688743574333325
[17 INFO root] 0.24630829691886902 -0.443928599357605 -1.7183619037070381
[17 INFO root] 0.2462271749973297 -0.44448554515838623 -1.749670509435282
[17 INFO root] 0.24612706899642944 -0.44504913687705994 -1.7826484990092504
[17 INFO root] 0.2460055649280548 -0.4456230401992798 -1.8172702226146957
[17 INFO root] 0.2458598017692566 -0.44621074199676514 -1.853502825088484
[17 INFO root] 0.24568641185760498 -0.44681552052497864 -1.8913034373290363
[17 INFO root] 0.24548150599002838 -0.44744041562080383 -1.930616000065465
[17 INFO root] 0.24524065852165222 -0.4480879604816437 -1.9713677907621112
[17 INFO root] 0.2449590265750885 -0.4487603008747101 -2.013465772623731
[17 INFO root] 0.24463126063346863 -0.44945892691612244 -2.0567929435749392
[17 INFO root] 0.24425175786018372 -0.45018452405929565 -2.101204941602323
[17 INFO root] 0.24381473660469055 -0.4509369134902954 -2.1465272480052406
[17 INFO root] 0.24331450462341309 -0.4517148733139038 -2.1925534075786453
[17 INFO root] 0.24274568259716034 -0.4525160491466522 -2.2390447346748688
[17 INFO root] 0.24210359156131744 -0.4533368647098541 -2.2857319704458896
[17 INFO root] 0.24138453602790833 -0.4541725814342499 -2.3323192717638297
[17 INFO root] 0.24058623611927032 -0.45501741766929626 -2.3784907259955372
[17 INFO root] 0.2397080659866333 -0.45586472749710083 -2.423919296593699
[17 INFO root] 0.2387513518333435 -0.45670729875564575 -2.468277740954522
[17 INFO root] 0.23771946132183075 -0.4575376510620117 -2.5112506668067103
[17 INFO root] 0.23661775887012482 -0.4583485722541809 -2.5525465943306274
[17 INFO root] 0.23545344173908234 -0.4591333568096161 -2.591908757637816
[17 INFO root] 0.2342352569103241 -0.45988619327545166 -2.629123470105633
[17 INFO root] 0.23297297954559326 -0.4606024920940399 -2.6640251949843603
[17 INFO root] 0.23167702555656433 -0.46127888560295105 -2.696497942739818
[17 INFO root] 0.23035798966884613 -0.4619133472442627 -2.726473150586305
[17 INFO root] 0.2290261685848236 -0.46250513195991516 -2.7539246683878997
[17 INFO root] 0.22769124805927277 -0.4630545377731323 -2.778861786376807
[17 INFO root] 0.22636206448078156 -0.46356284618377686 -2.801321111851419
[17 INFO root] 0.22504645586013794 -0.46403199434280396 -2.821358072708565
[17 INFO root] 0.22375120222568512 -0.4644645154476166 -2.8390403282633376
[17 INFO root] 0.22248195111751556 -0.46486321091651917 -2.8544429760240324
[17 INFO root] 0.22124330699443817 -0.46523115038871765 -2.86764520571645
[17 INFO root] 0.22003880143165588 -0.4655713737010956 -2.878728086394935
[17 INFO root] 0.21887105703353882 -0.46588703989982605 -2.8877731491285616
[17 INFO root] 0.2177417278289795 -0.4661811292171478 -2.894861463227834
[17 INFO root] 0.21665175259113312 -0.46645650267601013 -2.900072984670065
[17 INFO root] 0.21560129523277283 -0.46671587228775024 -2.9034860440857373
[17 INFO root] 0.2145899534225464 -0.46696171164512634 -2.9051769144861646
[17 INFO root] 0.21361424028873444 -0.4671969711780548 -2.905328855699056
[17 INFO root] 0.21264202892780304 -0.46743103861808777 -2.905328855699056
[17 INFO root] 0.21166980266571045 -0.4676651060581207 -2.905328855699056
[17 INFO root] 0.21069759130477905 -0.4678992033004761 -2.905328855699056
[17 INFO root] 0.20972536504268646 -0.46813327074050903 -2.905328855699056
[17 INFO root] 0.20875313878059387 -0.468367338180542 -2.905328855699056
[17 INFO root] 0.20778092741966248 -0.46860140562057495 -2.905328855699056
[17 INFO root] 0.20680870115756989 -0.4688354730606079 -2.905328855699056
[17 INFO root] 0.2058364897966385 -0.46906954050064087 -2.905328855699056
[17 INFO root] 0.2048642635345459 -0.4693036377429962 -2.905328855699056
[17 INFO root] 0.2038920521736145 -0.4695377051830292 -2.905328855699056
[17 INFO root] 0.2029198259115219 -0.46977177262306213 -2.905328855699056
[17 INFO root] 0.20194761455059052 -0.4700058400630951 -2.905328855699056
[17 INFO root] 0.20097538828849792 -0.47023990750312805 -2.905328855699056
[17 INFO root] 0.20000317692756653 -0.470473974943161 -2.905328855699056
[17 INFO root] 0.19903095066547394 -0.47070804238319397 -2.905328855699056
[17 INFO root] 0.19805873930454254 -0.4709421396255493 -2.905328855699056
[17 INFO root] 0.19708651304244995 -0.4711762070655823 -2.905328855699056
[17 INFO root] 0.19611430168151855 -0.47141027450561523 -2.905328855699056
[17 INFO root] 0.19514207541942596 -0.4716443419456482 -2.905328855699056
[17 INFO root] 0.19416986405849457 -0.47187840938568115 -2.905328855699056
[17 INFO root] 0.19319763779640198 -0.4721124768257141 -2.905328855699056
[17 INFO root] 0.19235461950302124 -0.4723154604434967 -2.9048807029124473
[17 INFO root] 0.19165243208408356 -0.4724847972393036 -2.9039703088494435
[17 INFO root] 0.19107265770435333 -0.47262516617774963 -2.902676394941166
[17 INFO root] 0.19059818983078003 -0.47274065017700195 -2.9010614741958656
[17 INFO root] 0.19021499156951904 -0.4728345572948456 -2.899171320438214
[17 INFO root] 0.1899113655090332 -0.4729095697402954 -2.897040335049733
[17 INFO root] 0.1896774172782898 -0.47296786308288574 -2.894695146099983
[17 INFO root] 0.1895047128200531 -0.4730113446712494 -2.892156963508683
[17 INFO root] 0.1893858164548874 -0.4730415940284729 -2.8894431121826067
[17 INFO root] 0.18931420147418976 -0.4730600118637085 -2.886568015574993
[17 INFO root] 0.18928396701812744 -0.47306787967681885 -2.8835438079478366
[17 INFO root] 0.18928977847099304 -0.4730663299560547 -2.8803806968058674
[17 INFO root] 0.1893267184495926 -0.47305646538734436 -2.8770871622802976
[17 INFO root] 0.18939030170440674 -0.4730392396450043 -2.873670057510369
[17 INFO root] 0.18947641551494598 -0.4730156362056732 -2.8701346576117115
[17 INFO root] 0.18958158791065216 -0.4729864001274109 -2.866484880830788
[17 INFO root] 0.18970373272895813 -0.4729519486427307 -2.862724175813199
[17 INFO root] 0.18984098732471466 -0.4729126989841461 -2.8588556508018024
[17 INFO root] 0.18997861444950104 -0.472872793674469 -2.8537408070261088
[17 INFO root] 0.19010233879089355 -0.4728362262248993 -2.8461585502851823
[17 INFO root] 0.19021184742450714 -0.472802996635437 -2.836014843045787
[17 INFO root] 0.1903078854084015 -0.47277283668518066 -2.823339176220904
[17 INFO root] 0.19039054214954376 -0.47274571657180786 -2.808157347567523
[17 INFO root] 0.19045941531658173 -0.47272202372550964 -2.7904914986023344
[17 INFO root] 0.1905137598514557 -0.4727022349834442 -2.770360634691134
[17 INFO root] 0.19055254757404327 -0.4726872742176056 -2.747781233017657
[17 INFO root] 0.19057460129261017 -0.47267818450927734 -2.7227678744742385
[17 INFO root] 0.19057868421077728 -0.47267645597457886 -2.695333856489246
[17 INFO root] 0.19056349992752075 -0.47268369793891907 -2.6654917551925466
[17 INFO root] 0.19052791595458984 -0.4727019965648651 -2.6332539134488084
[17 INFO root] 0.1904708445072174 -0.47273364663124084 -2.5986328373268575
[17 INFO root] 0.19039155542850494 -0.4727812111377716 -2.561640940368554
[17 INFO root] 0.19028963148593903 -0.4728475511074066 -2.5222901221022096
[17 INFO root] 0.19016505777835846 -0.4729357659816742 -2.480591449207133
[17 INFO root] 0.19001813232898712 -0.47304919362068176 -2.436554930391241
[17 INFO root] 0.1898496299982071 -0.473191499710083 -2.3901893547493036
[17 INFO root] 0.18966074287891388 -0.47336652874946594 -2.3415021909102056
[17 INFO root] 0.18942666053771973 -0.47360578179359436 -2.2911871517681246
[17 INFO root] 0.18915343284606934 -0.4739144444465637 -2.239475908881174
[17 INFO root] 0.18885526061058044 -0.47428831458091736 -2.1863742378006266
[17 INFO root] 0.18854419887065887 -0.4747236669063568 -2.1318473377277773
[17 INFO root] 0.18823008239269257 -0.4752179980278015 -2.075847578234367
[17 INFO root] 0.18792113661766052 -0.475769966840744 -2.018322921708027
[17 INFO root] 0.18762461841106415 -0.47637924551963806 -1.9592239078583578
[17 INFO root] 0.18734730780124664 -0.47704625129699707 -1.8985100784332924
[17 INFO root] 0.18709604442119598 -0.4777716398239136 -1.836122384383709
[17 INFO root] 0.18687772750854492 -0.47855666279792786 -1.772023178050667
[17 INFO root] 0.1866997331380844 -0.47940295934677124 -1.7062155442084606
[17 INFO root] 0.18657006323337555 -0.4803122580051422 -1.6387510352694137
[17 INFO root] 0.1864985078573227 -0.4812720715999603 -1.5705490273177538
[17 INFO root] 0.18649214506149292 -0.48222818970680237 -1.504400591361494
[17 INFO root] 0.1865478754043579 -0.4831615090370178 -1.440667675615169
[17 INFO root] 0.18665944039821625 -0.48405975103378296 -1.3793667390263653
[17 INFO root] 0.18681922554969788 -0.48491325974464417 -1.3204616008782186
[17 INFO root] 0.1870189756155014 -0.4857150614261627 -1.2638710745070463
[17 INFO root] 0.18725040555000305 -0.4864606559276581 -1.2094782947735436
[17 INFO root] 0.1875055879354477 -0.48714783787727356 -1.1571370634587328
[17 INFO root] 0.1877833604812622 -0.487790048122406 -1.1069333411153726
[17 INFO root] 0.18808802962303162 -0.48840686678886414 -1.05920412204773
[17 INFO root] 0.18841445446014404 -0.4889949560165405 -1.0139368461497493
[17 INFO root] 0.18875621259212494 -0.4895496368408203 -0.9710598806697194
[17 INFO root] 0.18910714983940125 -0.49006780982017517 -0.9304812255993871
[17 INFO root] 0.1894615739583969 -0.490547776222229 -0.8920934259509737
[17 INFO root] 0.1898144632577896 -0.49098894000053406 -0.8557789303278764
[17 INFO root] 0.19016145169734955 -0.49139168858528137 -0.8214148027814194
[17 INFO root] 0.190498948097229 -0.4917570650577545 -0.7888765647982977
[17 INFO root] 0.19082410633563995 -0.4920867681503296 -0.7580411052801534
[17 INFO root] 0.1911347359418869 -0.49238282442092896 -0.7287887092521665
[17 INFO root] 0.1914292871952057 -0.4926474392414093 -0.7010043228464872
