[50 INFO root] Initialising Python Geth Console...
[50 INFO root] Initialising RandB board...
[50 INFO root] Initialising resource sensor...
[50 INFO root] Initialising random-walk...
[50 INFO root] Initialising navigation...
[50 INFO root] Initialising Odo...
[50 INFO root] Initialising odometry...
[50 INFO root] Initialising gps...
[50 INFO root] Initialising Ground sensor...
[50 INFO root] --//-- Starting Experiment --//--
[50 INFO root] x y direction
[50 INFO root] -0.013808400370180607 0.07929850369691849 0.6858341108881798
[50 INFO root] -0.013169939629733562 0.07982099056243896 0.6858341108881798
[50 INFO root] -0.012396048754453659 0.08045430481433868 0.6858341108881798
[50 INFO root] -0.011622157879173756 0.081087626516819 0.6858341108881798
[50 INFO root] -0.010848267003893852 0.08172094076871872 0.6858341108881798
[50 INFO root] -0.010074376128613949 0.08235426247119904 0.6858341108881798
[50 INFO root] -0.00930048432201147 0.08298758417367935 0.6858341108881798
[50 INFO root] -0.008526593446731567 0.08362089842557907 0.6858341108881798
[50 INFO root] -0.007752702571451664 0.08425422012805939 0.6858341108881798
[50 INFO root] -0.0069788116961717606 0.0848875343799591 0.6858341108881798
[50 INFO root] -0.00620492035523057 0.08552085608243942 0.6858341108881798
[50 INFO root] -0.005431029479950666 0.08615417778491974 0.6858341108881798
[50 INFO root] -0.004657138604670763 0.08678749203681946 0.6858341108881798
[50 INFO root] -0.003883247496560216 0.08742081373929977 0.6858341108881798
[50 INFO root] -0.003109356388449669 0.0880541279911995 0.6858341108881798
[50 INFO root] -0.002335465280339122 0.08868744969367981 0.6858341108881798
[50 INFO root] -0.0015615742886438966 0.08932077139616013 0.6858341108881798
[50 INFO root] -0.0007876832387410104 0.08995408564805984 0.6858341108881798
[50 INFO root] -1.3792193385597784e-05 0.09058740735054016 0.6858341108881798
[50 INFO root] 0.0007600988610647619 0.09122072160243988 0.6858341108881798
[50 INFO root] 0.001533989910967648 0.0918540433049202 0.6858341108881798
[50 INFO root] 0.0023078809026628733 0.09248736500740051 0.6858341108881798
[50 INFO root] 0.0030817720107734203 0.09312067925930023 0.6858341108881798
[50 INFO root] 0.0038556631188839674 0.09375400096178055 0.6858341108881798
[50 INFO root] 0.0046295542269945145 0.09438731521368027 0.6858341108881798
[50 INFO root] 0.005403445102274418 0.09502063691616058 0.6858341108881798
[50 INFO root] 0.006177335977554321 0.0956539586186409 0.6858341108881798
[50 INFO root] 0.006951227318495512 0.09628727287054062 0.6858341108881798
[50 INFO root] 0.007725118193775415 0.09692059457302094 0.6858341108881798
[50 INFO root] 0.008499009534716606 0.09755390882492065 0.6858341108881798
[50 INFO root] 0.00927290040999651 0.09818723052740097 0.6858341108881798
[50 INFO root] 0.010046791285276413 0.09882055222988129 0.6858341108881798
[50 INFO root] 0.010820682160556316 0.099453866481781 0.6858341108881798
[50 INFO root] 0.01159457303583622 0.10008718818426132 0.6858341108881798
[50 INFO root] 0.012368464842438698 0.10072050243616104 0.6858341108881798
[50 INFO root] 0.013142355717718601 0.10135382413864136 0.6858341108881798
[50 INFO root] 0.013916246592998505 0.10198714584112167 0.6858341108881798
[50 INFO root] 0.014690137468278408 0.10262046009302139 0.6858341108881798
[50 INFO root] 0.015464028343558311 0.10325378179550171 0.6858341108881798
[50 INFO root] 0.01623792015016079 0.10388709604740143 0.6858341108881798
[50 INFO root] 0.01701181009411812 0.10452041774988174 0.6858341108881798
[50 INFO root] 0.017785701900720596 0.10515373945236206 0.6858341108881798
[50 INFO root] 0.018559593707323074 0.10578705370426178 0.6858341108881798
[50 INFO root] 0.019333483651280403 0.1064203754067421 0.6858341108881798
[50 INFO root] 0.02010737545788288 0.10705368965864182 0.6858341108881798
[50 INFO root] 0.02088126540184021 0.10768701136112213 0.6858341108881798
[50 INFO root] 0.021655157208442688 0.10832033306360245 0.6858341108881798
[50 INFO root] 0.022429047152400017 0.10895364731550217 0.6858341108881798
[50 INFO root] 0.023202938959002495 0.10958696901798248 0.6858341108881798
[50 INFO root] 0.023976830765604973 0.1102202832698822 0.6858341108881798
[50 INFO root] 0.0247507207095623 0.11085360497236252 0.6858341108881798
[50 INFO root] 0.02552461251616478 0.11148692667484283 0.6858341108881798
[50 INFO root] 0.02629850246012211 0.11212024092674255 0.6858341108881798
[50 INFO root] 0.027072394266724586 0.11275356262922287 0.6858341108881798
[50 INFO root] 0.027846286073327065 0.11338687688112259 0.6858341108881798
[50 INFO root] 0.028620176017284393 0.1140201985836029 0.6858341108881798
[50 INFO root] 0.02939406782388687 0.11465352028608322 0.6858341108881798
[50 INFO root] 0.0301679577678442 0.11528683453798294 0.6858341108881798
[50 INFO root] 0.030941849574446678 0.11592015624046326 0.6858341108881798
[50 INFO root] 0.03171573951840401 0.11655347049236298 0.6858341108881798
[50 INFO root] 0.032489631325006485 0.11718679219484329 0.6858341108881798
[50 INFO root] 0.03326352313160896 0.11782011389732361 0.6858341108881798
[50 INFO root] 0.03403741493821144 0.11845342814922333 0.6858341108881798
[50 INFO root] 0.03481130301952362 0.11908674985170364 0.6858341108881798
[50 INFO root] 0.0355851948261261 0.11972007155418396 0.6858341108881798
[50 INFO root] 0.03635908663272858 0.12035338580608368 0.6858341108881798
[50 INFO root] 0.037132978439331055 0.120986707508564 0.6858341108881798
[50 INFO root] 0.03790687024593353 0.12162002176046371 0.6858341108881798
[50 INFO root] 0.03868075832724571 0.12225334346294403 0.6858341108881798
[50 INFO root] 0.03945465013384819 0.12288666516542435 0.6858341108881798
[50 INFO root] 0.04022854194045067 0.12351997941732407 0.6858341108881798
[50 INFO root] 0.041002433747053146 0.12415330111980438 0.6858341108881798
[50 INFO root] 0.041776325553655624 0.1247866153717041 0.6858341108881798
[50 INFO root] 0.042550213634967804 0.12541992962360382 0.6858341108881798
[50 INFO root] 0.04332410544157028 0.12605325877666473 0.6858341108881798
[50 INFO root] 0.04409799724817276 0.12668657302856445 0.6858341108881798
[50 INFO root] 0.04487188905477524 0.12731988728046417 0.6858341108881798
[50 INFO root] 0.045645780861377716 0.12795321643352509 0.6858341108881798
[50 INFO root] 0.046419668942689896 0.1285865306854248 0.6858341108881798
[50 INFO root] 0.047193560749292374 0.12921984493732452 0.6858341108881798
[50 INFO root] 0.04796745255589485 0.12985317409038544 0.6858341108881798
[50 INFO root] 0.04874134436249733 0.13048648834228516 0.6858341108881798
[50 INFO root] 0.04951523616909981 0.13111980259418488 0.6858341108881798
[50 INFO root] 0.05028912425041199 0.1317531168460846 0.6858341108881798
[50 INFO root] 0.051063016057014465 0.1323864459991455 0.6858341108881798
[50 INFO root] 0.05183690786361694 0.13301976025104523 0.6858341108881798
[50 INFO root] 0.05261079967021942 0.13365307450294495 0.6858341108881798
[50 INFO root] 0.0533846914768219 0.13428640365600586 0.6858341108881798
[50 INFO root] 0.05415857955813408 0.13491971790790558 0.6858341108881798
[50 INFO root] 0.05493247136473656 0.1355530321598053 0.6858341108881798
[50 INFO root] 0.055706363171339035 0.1361863613128662 0.6858341108881798
[50 INFO root] 0.05641954392194748 0.13676999509334564 0.685486553850284
[50 INFO root] 0.05705093964934349 0.13728636503219604 0.6847003421476345
[50 INFO root] 0.057606399059295654 0.13773997128009796 0.683536384434349
[50 INFO root] 0.05809374898672104 0.13813702762126923 0.682058150559969
[50 INFO root] 0.058520134538412094 0.13848340511322021 0.6803186942223137
[50 INFO root] 0.05889202654361725 0.13878445327281952 0.6783629804559974
[50 INFO root] 0.05921530723571777 0.1390451341867447 0.6762298972672813
[50 INFO root] 0.059495337307453156 0.13926994800567627 0.673953889181208
[50 INFO root] 0.05973700433969498 0.13946306705474854 0.6715662746360873
[50 INFO root] 0.05994482710957527 0.1396283507347107 0.6690962960400013
[50 INFO root] 0.06012300029397011 0.13976933062076569 0.6665719380431858
[50 INFO root] 0.06027546897530556 0.13988934457302094 0.6640205378519348
[50 INFO root] 0.06040598824620247 0.13999155163764954 0.6614692018556136
[50 INFO root] 0.060518186539411545 0.14007893204689026 0.6589450360309108
[50 INFO root] 0.06061559543013573 0.1401544213294983 0.6564751940874242
[50 INFO root] 0.060701705515384674 0.14022080600261688 0.6540867476189781
[50 INFO root] 0.06077997013926506 0.1402808278799057 0.6518063868971249
[50 INFO root] 0.06085383519530296 0.14033722877502441 0.6496599692187831
[50 INFO root] 0.060926735401153564 0.14039263129234314 0.6476719430703977
[50 INFO root] 0.06100207194685936 0.1404496431350708 0.6458646891779977
[50 INFO root] 0.06108318269252777 0.14051081240177155 0.6442578314328721
[50 INFO root] 0.06117331609129906 0.14057853817939758 0.6428675789793673
[50 INFO root] 0.06127556413412094 0.14065514504909515 0.6417061628790248
[50 INFO root] 0.061392828822135925 0.14074277877807617 0.6407814250775826
[50 INFO root] 0.06152774766087532 0.14084340631961823 0.640096603751267
[50 INFO root] 0.06168266758322716 0.1409587860107422 0.6396503390924347
[50 INFO root] 0.06185959279537201 0.14109043776988983 0.6394369002896391
[50 INFO root] 0.0620601586997509 0.14123959839344025 0.6394466116961771
[50 INFO root] 0.062285538762807846 0.14140720665454865 0.6396660890606045
[50 INFO root] 0.06253621727228165 0.14159370958805084 0.6400792401333285
[50 INFO root] 0.06281199306249619 0.14179904758930206 0.64066895295122
[50 INFO root] 0.0631120502948761 0.1420227438211441 0.6414185120957192
[50 INFO root] 0.06343518942594528 0.14226402342319489 0.6423125674079729
[50 INFO root] 0.06377991288900375 0.14252187311649323 0.6433377081344048
[50 INFO root] 0.0641445741057396 0.14279522001743317 0.6444827270859063
[50 INFO root] 0.06452745944261551 0.1430829018354416 0.6457386626051757
[50 INFO root] 0.0649268701672554 0.14338378608226776 0.6470986969666304
[50 INFO root] 0.06534118205308914 0.14369677007198334 0.6485579747756215
[50 INFO root] 0.06576884537935257 0.14402082562446594 0.6501133888296737
[50 INFO root] 0.06620842963457108 0.14435496926307678 0.6517633664229469
[50 INFO root] 0.06665860861539841 0.1446983367204666 0.6535076772738839
[50 INFO root] 0.06711817532777786 0.14505012333393097 0.6553472752159838
[50 INFO root] 0.06758599728345871 0.14540959894657135 0.6572841791042695
[50 INFO root] 0.06806106865406036 0.14577609300613403 0.6593213934777573
[50 INFO root] 0.06854242086410522 0.14614899456501007 0.6614628658318923
[50 INFO root] 0.06902915984392166 0.1465277224779129 0.6637134744350439
[50 INFO root] 0.06952042877674103 0.14691175520420074 0.6660790381648521
[50 INFO root] 0.07001541554927826 0.1473005712032318 0.6685663377428546
[50 INFO root] 0.07051333039999008 0.1476936936378479 0.6711831354377784
[50 INFO root] 0.07101340591907501 0.14809063076972961 0.6739381788433612
[50 INFO root] 0.07151490449905396 0.14849093556404114 0.676841176138515
[50 INFO root] 0.07201710343360901 0.14889420568943024 0.6799027313527387
[50 INFO root] 0.07251933962106705 0.1492999941110611 0.6831342302909286
[50 INFO root] 0.07302096486091614 0.14970798790454865 0.686547671575211
[50 INFO root] 0.07352141290903091 0.15011784434318542 0.6901554423282565
[50 INFO root] 0.074020154774189 0.15052929520606995 0.6939700438165075
[50 INFO root] 0.07451674342155457 0.15094216167926788 0.6980037782505393
[50 INFO root] 0.07501082867383957 0.1513562947511673 0.7022684131544482
[50 INFO root] 0.07550211995840073 0.1517716497182846 0.7067748435347525
[50 INFO root] 0.07599042356014252 0.1521882563829422 0.711532773871558
[50 INFO root] 0.07647563517093658 0.15260618925094604 0.7165504410403802
[50 INFO root] 0.07695771008729935 0.15302564203739166 0.7218344398606912
[50 INFO root] 0.0774366706609726 0.15344683825969696 0.727389653455515
[50 INFO root] 0.0779125988483429 0.15387004613876343 0.7332191780503698
[50 INFO root] 0.0783856064081192 0.15429560840129852 0.7393242572362009
[50 INFO root] 0.07885586470365524 0.1547238826751709 0.7457042326959807
[50 INFO root] 0.07932355999946594 0.15515530109405518 0.7523564997051654
[50 INFO root] 0.07978891581296921 0.15559029579162598 0.759276450211784
[50 INFO root] 0.08025219291448593 0.1560293734073639 0.7664573909740695
[50 INFO root] 0.0807136669754982 0.1564730554819107 0.773890421739634
[50 INFO root] 0.08117365092039108 0.1569218933582306 0.7815642535499665
[50 INFO root] 0.08163248002529144 0.15737652778625488 0.7894649410306014
[50 INFO root] 0.08209054172039032 0.15783759951591492 0.7975754960739257
[50 INFO root] 0.08254886418581009 0.15830647945404053 0.8058560304390552
[50 INFO root] 0.08300863951444626 0.1587846726179123 0.8142572029074241
[50 INFO root] 0.0834708884358406 0.15927357971668243 0.822728251691786
[50 INFO root] 0.08393646776676178 0.15977445244789124 0.8312186178756986
[50 INFO root] 0.08440607041120529 0.16028831899166107 0.8396784630657875
[50 INFO root] 0.08488024026155472 0.16081610321998596 0.8480591034042153
[50 INFO root] 0.08535938709974289 0.16135850548744202 0.856313410263398
[50 INFO root] 0.08584381639957428 0.1619160920381546 0.8643961690888716
[50 INFO root] 0.08633371442556381 0.16248930990695953 0.8722643901057984
[50 INFO root] 0.08682920038700104 0.1630783975124359 0.8798775675734017
[50 INFO root] 0.08733033388853073 0.16368353366851807 0.8871978868869146
[50 INFO root] 0.08783730864524841 0.1643049567937851 0.8941797758196421
[50 INFO root] 0.08835112303495407 0.1649438589811325 0.9007323003572489
[50 INFO root] 0.0888727456331253 0.16560131311416626 0.9067626794453305
[50 INFO root] 0.08940288424491882 0.1662779152393341 0.9121914386451901
[50 INFO root] 0.08994199335575104 0.1669737845659256 0.9169555610247415
[50 INFO root] 0.09049029648303986 0.16768863797187805 0.9210095036690685
[50 INFO root] 0.09104786813259125 0.16842180490493774 0.9243251491461402
[50 INFO root] 0.09161462634801865 0.16917230188846588 0.9268909215947211
[50 INFO root] 0.09219039231538773 0.16993895173072815 0.9287103010569238
[50 INFO root] 0.09277494251728058 0.17072035372257233 0.92979996082582
[50 INFO root] 0.09336797893047333 0.17151503264904022 0.9301877190014455
[50 INFO root] 0.09396528452634811 0.17231619358062744 0.9302195047150045
[50 INFO root] 0.09456294775009155 0.17311795055866241 0.9302195047150045
[50 INFO root] 0.0951606035232544 0.1739196926355362 0.9302195047150045
[50 INFO root] 0.09575825929641724 0.17472144961357117 0.9302195047150045
[50 INFO root] 0.09635592252016068 0.17552319169044495 0.9302195047150045
[50 INFO root] 0.09695357829332352 0.17632494866847992 0.9302195047150045
[50 INFO root] 0.09755123406648636 0.1771267056465149 0.9302195047150045
[50 INFO root] 0.0981488898396492 0.17792844772338867 0.9302195047150045
[50 INFO root] 0.09874655306339264 0.17873020470142365 0.9302195047150045
[50 INFO root] 0.09934715181589127 0.1795358955860138 0.9299844894503685
[50 INFO root] 0.09995784610509872 0.1803547739982605 0.9289676569347564
[50 INFO root] 0.10057894885540009 0.1811859905719757 0.9272130144301581
[50 INFO root] 0.10120996832847595 0.18202750384807587 0.9248319358574916
[50 INFO root] 0.10185043513774872 0.18287751078605652 0.921926443352676
[50 INFO root] 0.10249987989664078 0.18373432755470276 0.9185887637135649
[50 INFO root] 0.10315784811973572 0.1845964789390564 0.9149018391494521
[50 INFO root] 0.10382387787103653 0.18546262383460999 0.9109398624157747
[50 INFO root] 0.10449748486280441 0.18633152544498444 0.9067688233980816
[50 INFO root] 0.10517819970846176 0.1872020959854126 0.9024470630521553
[50 INFO root] 0.10586553066968918 0.18807338178157806 0.8980258300058954
[50 INFO root] 0.10655899345874786 0.1889445036649704 0.893549834702229
[50 INFO root] 0.10725808888673782 0.1898147016763687 0.8890577958315209
[50 INFO root] 0.10796234011650085 0.1906832903623581 0.8845829739518489
[50 INFO root] 0.10867127031087875 0.19154968857765198 0.8801536875850555
[50 INFO root] 0.10938159376382828 0.19240999221801758 0.8760914836402015
[50 INFO root] 0.11003529280424118 0.1931951940059662 0.8725416413116681
[50 INFO root] 0.11059121787548065 0.19385811686515808 0.8693014646569857
[50 INFO root] 0.11106184870004654 0.1944155991077423 0.866002264270474
[50 INFO root] 0.11146300286054611 0.19488762319087982 0.8623506242408445
[50 INFO root] 0.11180762201547623 0.19529016315937042 0.8581533159062626
[50 INFO root] 0.11210562288761139 0.1956353485584259 0.8533074282044563
[50 INFO root] 0.11236440390348434 0.19593223929405212 0.8477818079620597
[50 INFO root] 0.11258944869041443 0.1961875855922699 0.8415989484518206
[50 INFO root] 0.11278482526540756 0.19640657305717468 0.834819157228451
[50 INFO root] 0.11295361816883087 0.19659322500228882 0.8275267602350773
[50 INFO root] 0.11309828609228134 0.19675089418888092 0.819818384027233
[50 INFO root] 0.1132209450006485 0.19688254594802856 0.8117935964617227
[50 INFO root] 0.11332361400127411 0.1969909816980362 0.8035481639543123
[50 INFO root] 0.1134084016084671 0.19707907736301422 0.7951700222906277
[50 INFO root] 0.11347764730453491 0.1971498280763626 0.7867380017441623
[50 INFO root] 0.11353404074907303 0.1972064971923828 0.7783224443612482
[50 INFO root] 0.11358063668012619 0.1972525268793106 0.7699870965172949
[50 INFO root] 0.11362091451883316 0.19729165732860565 0.761791583683681
[50 INFO root] 0.11365870386362076 0.19732776284217834 0.7537938234804719
[50 INFO root] 0.11369814723730087 0.19736485183238983 0.7460519192020121
[50 INFO root] 0.11374357342720032 0.19740688800811768 0.738625287987209
[50 INFO root] 0.11379937082529068 0.19745776057243347 0.7315749643245795
[50 INFO root] 0.11386983841657639 0.19752109050750732 0.7249631687902232
[50 INFO root] 0.11395858228206635 0.19759979844093323 0.7188378218365437
[50 INFO root] 0.11406780034303665 0.19769546389579773 0.7132284761253243
[50 INFO root] 0.11419828236103058 0.19780845940113068 0.708156849096876
[50 INFO root] 0.11434964090585709 0.19793818891048431 0.7036423540315921
[50 INFO root] 0.11452072858810425 0.19808349013328552 0.6996947686578536
[50 INFO root] 0.11470987647771835 0.19824281334877014 0.6963124777673512
[50 INFO root] 0.11491517722606659 0.19841456413269043 0.6934823158824148
[50 INFO root] 0.11513468623161316 0.19859711825847626 0.6911798122811835
[50 INFO root] 0.11536654829978943 0.19878903031349182 0.6893697440040989
[50 INFO root] 0.1156090721487999 0.19898900389671326 0.6880069102449626
[50 INFO root] 0.11586075276136398 0.19919593632221222 0.6870370471152969
[50 INFO root] 0.11612030863761902 0.19940891861915588 0.6863978224982303
[50 INFO root] 0.11638665199279785 0.19962716102600098 0.6860198737492615
[50 INFO root] 0.11665887385606766 0.19985003769397736 0.685827870539864
[50 INFO root] 0.11693619191646576 0.20007698237895966 0.6857415984173288
[50 INFO root] 0.11721796542406082 0.20030753314495087 0.6856770652932652
[50 INFO root] 0.11750366538763046 0.20054127275943756 0.6855476341129855
[50 INFO root] 0.11779282987117767 0.20077776908874512 0.6852651820516702
[50 INFO root] 0.11808505654335022 0.20101666450500488 0.6847412814716336
[50 INFO root] 0.11838003993034363 0.20125754177570343 0.683888392093751
[50 INFO root] 0.11865614354610443 0.2014826387166977 0.6806495906856761
[50 INFO root] 0.11891235411167145 0.20169025659561157 0.6744197111970298
[50 INFO root] 0.11915502697229385 0.20188452303409576 0.6651697074316489
[50 INFO root] 0.1193900778889656 0.2020692676305771 0.6529108938345635
[50 INFO root] 0.11962252110242844 0.2022475004196167 0.6376539765420595
[50 INFO root] 0.11985677480697632 0.2024216204881668 0.6194125288810995
[50 INFO root] 0.12009690701961517 0.20259349048137665 0.5982057956310383
[50 INFO root] 0.12034674733877182 0.20276452600955963 0.5740608394268912
[50 INFO root] 0.12061002850532532 0.20293565094470978 0.5470141352491876
[50 INFO root] 0.12089037895202637 0.20310738682746887 0.5171126624626775
[50 INFO root] 0.12119140475988388 0.20327973365783691 0.48441451231337096
[50 INFO root] 0.12151660025119781 0.20345214009284973 0.4489890229466307
[50 INFO root] 0.12185961753129959 0.2036188691854477 0.41175120345769073
[50 INFO root] 0.12222213298082352 0.20377874374389648 0.37285754410860755
[50 INFO root] 0.12260696291923523 0.20393092930316925 0.3323471196683651
[50 INFO root] 0.12301681935787201 0.2040741741657257 0.29025261886859
[50 INFO root] 0.1234542652964592 0.20420674979686737 0.24660198499902908
[50 INFO root] 0.12392173707485199 0.20432649552822113 0.20141783368962252
[50 INFO root] 0.12442146986722946 0.20443075895309448 0.15471741417381102
[50 INFO root] 0.12495557218790054 0.2045164853334427 0.10651351928011131
[50 INFO root] 0.12552601099014282 0.20458011329174042 0.056816552635405346
[50 INFO root] 0.1261352300643921 0.20461764931678772 0.005697007221537459
[50 INFO root] 0.12678590416908264 0.2046244889497757 -0.04668695716767588
[50 INFO root] 0.12747953832149506 0.20459550619125366 -0.1001560453427671
[50 INFO root] 0.12821629643440247 0.20452523231506348 -0.1545243148303877
[50 INFO root] 0.12899495661258698 0.20440803468227386 -0.20959736583213565
[50 INFO root] 0.1298130750656128 0.20423845946788788 -0.2651720035985769
[50 INFO root] 0.13066688179969788 0.2040114402770996 -0.3210367202833492
[50 INFO root] 0.13150933384895325 0.20373651385307312 -0.37619131920705834
[50 INFO root] 0.13236625492572784 0.2034032791852951 -0.42870927572585804
[50 INFO root] 0.13322751224040985 0.20301496982574463 -0.4779868228066446
[50 INFO root] 0.13407526910305023 0.2025810331106186 -0.5238292064423402
[50 INFO root] 0.13489492237567902 0.2021126002073288 -0.566170027580316
[50 INFO root] 0.13567577302455902 0.20162102580070496 -0.6050372916763768
[50 INFO root] 0.1364108920097351 0.20111700892448425 -0.6405317628422872
[50 INFO root] 0.13709652423858643 0.20060987770557404 -0.6728054994736048
[50 INFO root] 0.1377316266298294 0.20010732114315033 -0.7020424097429115
[50 INFO root] 0.13831721246242523 0.19961512088775635 -0.7284417365115277
[50 INFO root] 0.13885585963726044 0.19913728535175323 -0.7522047274645052
[50 INFO root] 0.1393512487411499 0.19867606461048126 -0.7735243218477547
[50 INFO root] 0.1398078203201294 0.19823221862316132 -0.7925775538692287
[50 INFO root] 0.14023050665855408 0.19780512154102325 -0.8095201567083726
[50 INFO root] 0.14062455296516418 0.19739305973052979 -0.8244828192436622
[50 INFO root] 0.14099544286727905 0.19699323177337646 -0.8375688170436429
[50 INFO root] 0.1413470208644867 0.19660398364067078 -0.8506135588703273
[50 INFO root] 0.1416855752468109 0.19621914625167847 -0.863832337504596
[50 INFO root] 0.1420171856880188 0.1958320140838623 -0.8772135209575532
[50 INFO root] 0.1423473358154297 0.19543595612049103 -0.8907202889452033
[50 INFO root] 0.14268089830875397 0.19502463936805725 -0.9042928812505906
[50 INFO root] 0.14302195608615875 0.19459222257137299 -0.9178511401036312
[50 INFO root] 0.14337384700775146 0.19413337111473083 -0.9312971144844985
[50 INFO root] 0.14373913407325745 0.19364355504512787 -0.9445179557153908
[50 INFO root] 0.14411945641040802 0.19311922788619995 -0.9573903827686769
[50 INFO root] 0.14451542496681213 0.19255821406841278 -0.9697866475772277
[50 INFO root] 0.14492662250995636 0.19195997714996338 -0.9815815116883301
[50 INFO root] 0.1453515738248825 0.19132578372955322 -0.9926594606844675
[50 INFO root] 0.14578793942928314 0.1906585842370987 -1.0029211722411147
[50 INFO root] 0.14623276889324188 0.18996286392211914 -1.012288289631807
[50 INFO root] 0.1466827541589737 0.18924419581890106 -1.0207058643928018
[50 INFO root] 0.14713452756404877 0.18850885331630707 -1.028142316973122
[50 INFO root] 0.1475849151611328 0.1877632439136505 -1.0345872891620815
[50 INFO root] 0.148031085729599 0.18701358139514923 -1.040047981830264
[50 INFO root] 0.1484707146883011 0.1862654983997345 -1.0445447220306687
[50 INFO root] 0.14890195429325104 0.1855238974094391 -1.0481064879886806
[50 INFO root] 0.1493222415447235 0.18479499220848083 -1.0508010308068496
[50 INFO root] 0.1497383862733841 0.18406863510608673 -1.0531004137110618
[50 INFO root] 0.15015330910682678 0.18334047496318817 -1.055388784933891
[50 INFO root] 0.15056400001049042 0.18261586129665375 -1.0577946794376962
[50 INFO root] 0.15096791088581085 0.18189924955368042 -1.0603958419380497
[50 INFO root] 0.15136310458183289 0.18119382858276367 -1.0632530536962697
[50 INFO root] 0.15174821019172668 0.18050183355808258 -1.066414699850851
[50 INFO root] 0.15212059020996094 0.1798277646303177 -1.06997078525848
[50 INFO root] 0.1524779200553894 0.1791755110025406 -1.0740062327523339
[50 INFO root] 0.15281862020492554 0.1785477101802826 -1.0785888643937747
[50 INFO root] 0.15314164757728577 0.17794600129127502 -1.0837730840565247
[50 INFO root] 0.15344637632369995 0.1773713231086731 -1.0896040883292373
[50 INFO root] 0.1537325531244278 0.17682404816150665 -1.0961208244146126
[50 INFO root] 0.1540001630783081 0.17630413174629211 -1.1033578336851302
[50 INFO root] 0.1542494297027588 0.17581123113632202 -1.1113462011466233
[50 INFO root] 0.15448078513145447 0.17534461617469788 -1.120113810108965
[50 INFO root] 0.1546948403120041 0.1749032884836197 -1.129685090815305
[50 INFO root] 0.15489241480827332 0.17448590695858002 -1.1400804529891777
[50 INFO root] 0.15507449209690094 0.17409081757068634 -1.1513155960225396
[50 INFO root] 0.1552421599626541 0.1737160086631775 -1.163400884415225
[50 INFO root] 0.15539667010307312 0.1733592003583908 -1.1763409493382269
[50 INFO root] 0.15553951263427734 0.17301735281944275 -1.1897595294399956
[50 INFO root] 0.15567262470722198 0.17268644273281097 -1.2019240813469825
[50 INFO root] 0.15579701960086823 0.17236585915088654 -1.212653320042862
[50 INFO root] 0.15591371059417725 0.17205511033535004 -1.2219522219127545
[50 INFO root] 0.1560237556695938 0.17175346612930298 -1.2298210419983615
[50 INFO root] 0.1561281681060791 0.17145995795726776 -1.2362563425989401
[50 INFO root] 0.1562279462814331 0.17117351293563843 -1.2412430432007924
[50 INFO root] 0.15632402896881104 0.17089304327964783 -1.2447353803068875
[50 INFO root] 0.15641732513904572 0.17061744630336761 -1.246683779265411
[50 INFO root] 0.1565086990594864 0.17034567892551422 -1.2470423501158048
[50 INFO root] 0.15659908950328827 0.17007631063461304 -1.24576103561473
[50 INFO root] 0.1566896140575409 0.1698075830936432 -1.2427839733275339
[50 INFO root] 0.15678147971630096 0.16953738033771515 -1.2380515973539301
[50 INFO root] 0.15687604248523712 0.1692633479833603 -1.2315035728614003
[50 INFO root] 0.15697480738162994 0.16898292303085327 -1.2230820090210488
[50 INFO root] 0.15707947313785553 0.1686934232711792 -1.212734880460178
[50 INFO root] 0.15719185769557953 0.16839216649532318 -1.2004200025055702
[50 INFO root] 0.1573140174150467 0.16807645559310913 -1.1861090109501546
[50 INFO root] 0.1574481725692749 0.16774378716945648 -1.169791016702529
[50 INFO root] 0.15759676694869995 0.1673918068408966 -1.1514758515918957
[50 INFO root] 0.15776240825653076 0.16701850295066833 -1.1311968563285533
[50 INFO root] 0.1579478681087494 0.16662217676639557 -1.1090129422196264
[50 INFO root] 0.15815608203411102 0.1662016063928604 -1.085010333514348
[50 INFO root] 0.15839003026485443 0.16575609147548676 -1.0593037603097084
[50 INFO root] 0.1586526483297348 0.16528557240962982 -1.0320368880054867
[50 INFO root] 0.15894678235054016 0.16479061543941498 -1.0033818391570846
[50 INFO root] 0.15927499532699585 0.16427254676818848 -0.9735377054765626
[50 INFO root] 0.1596394181251526 0.16373343765735626 -0.9427280006326788
[50 INFO root] 0.1600416749715805 0.16317607462406158 -0.9111970720329239
[50 INFO root] 0.16048260033130646 0.16260389983654022 -0.8792055680599581
[50 INFO root] 0.1609622985124588 0.16202093660831451 -0.8470251442534422
[50 INFO root] 0.1614798903465271 0.16143159568309784 -0.8149326714995012
[50 INFO root] 0.16203360259532928 0.1608404815196991 -0.7832042293799905
[50 INFO root] 0.16262075304985046 0.16025225818157196 -0.7521092258451826
[50 INFO root] 0.1632378250360489 0.15967141091823578 -0.7219049932453251
[50 INFO root] 0.16388066112995148 0.15910200774669647 -0.6928321668170712
[50 INFO root] 0.16454459726810455 0.15854762494564056 -0.6651110733401985
[50 INFO root] 0.16522473096847534 0.15801112353801727 -0.6389392591664954
[50 INFO root] 0.16591611504554749 0.1574946790933609 -0.614490182359651
[50 INFO root] 0.16661396622657776 0.15699967741966248 -0.591912996953277
[50 INFO root] 0.16731394827365875 0.15652672946453094 -0.571333279213681
[50 INFO root] 0.1680115908384323 0.15607619285583496 -0.5528541702478208
[50 INFO root] 0.1687029004096985 0.15564781427383423 -0.5365561856723581
[50 INFO root] 0.16938470304012299 0.15524077415466309 -0.5224994358794885
[50 INFO root] 0.17005465924739838 0.1548536717891693 -0.5107268191133815
[50 INFO root] 0.17071130871772766 0.15448470413684845 -0.5012670588568091
[50 INFO root] 0.17135390639305115 0.15413178503513336 -0.4941373239439823
[50 INFO root] 0.17198239266872406 0.1537926197052002 -0.4893453761184204
[50 INFO root] 0.172597274184227 0.15346477925777435 -0.4868912397046905
[50 INFO root] 0.17321395874023438 0.15313811600208282 -0.48589151921898854
[50 INFO root] 0.1738528162240982 0.15280063450336456 -0.4850974995236708
[50 INFO root] 0.17451424896717072 0.15245191752910614 -0.48437705483411087
[50 INFO root] 0.17519640922546387 0.15209291875362396 -0.4837241792844893
[50 INFO root] 0.17589761316776276 0.15172448754310608 -0.48313326880168966
[50 INFO root] 0.17661629617214203 0.15134741365909576 -0.4825991131236344
[50 INFO root] 0.1773509681224823 0.1509624570608139 -0.4821167334915217
[50 INFO root] 0.17810015380382538 0.150570347905159 -0.48168129053456865
[50 INFO root] 0.17886245250701904 0.15017181634902954 -0.4812880458853728
[50 INFO root] 0.17963644862174988 0.14976756274700165 -0.4809323611504946
[50 INFO root] 0.18042075634002686 0.14935828745365143 -0.48060972029672605
[50 INFO root] 0.18121403455734253 0.1489446461200714 -0.4803157643058772
[50 INFO root] 0.18201501667499542 0.14852729439735413 -0.4800463297520823
[50 INFO root] 0.18282248079776764 0.14810684323310852 -0.47979748554356794
[50 INFO root] 0.18363530933856964 0.14768385887145996 -0.4795655642315774
[50 INFO root] 0.18445241451263428 0.14725889265537262 -0.47934718596971365
[50 INFO root] 0.18527287244796753 0.1468324065208435 -0.4791392744826978
[50 INFO root] 0.18609580397605896 0.14640486240386963 -0.4789390652998416
[50 INFO root] 0.18692044913768768 0.14597663283348083 -0.4787441070724935
[50 INFO root] 0.18774613738059998 0.14554806053638458 -0.47855225704314136
[50 INFO root] 0.18857231736183167 0.14511945843696594 -0.47836167187199935
[50 INFO root] 0.18939849734306335 0.14469103515148163 -0.4781707950632678
[50 INFO root] 0.190224289894104 0.14426301419734955 -0.47797834215520024
[50 INFO root] 0.19104942679405212 0.14383552968502045 -0.4777832846902081
[50 INFO root] 0.1918736696243286 0.14340871572494507 -0.47758483320889045
[50 INFO root] 0.19269689917564392 0.14298264682292938 -0.4773824210289862
[50 INFO root] 0.19351902604103088 0.14255735278129578 -0.4771756896517034
[50 INFO root] 0.1943400651216507 0.14213281869888306 -0.4769644758813646
[50 INFO root] 0.19516009092330933 0.14170904457569122 -0.4767488005135111
[50 INFO root] 0.19597920775413513 0.1412859708070755 -0.476528858351812
[50 INFO root] 0.19679757952690125 0.14086349308490753 -0.4763050092364764
[50 INFO root] 0.19761988520622253 0.1404392123222351 -0.47636151548734845
[50 INFO root] 0.19845689833164215 0.14000733196735382 -0.47738107948458547
[50 INFO root] 0.19930581748485565 0.1395682990550995 -0.47923416798958657
[50 INFO root] 0.2001640349626541 0.13912254571914673 -0.48178843775786717
[50 INFO root] 0.2010296881198883 0.1386701911687851 -0.48494086764017863
[50 INFO root] 0.20190148055553436 0.138211190700531 -0.48860954128176803
[50 INFO root] 0.20277872681617737 0.13774524629116058 -0.49273957900754217
[50 INFO root] 0.20366093516349792 0.13727204501628876 -0.4972815223054439
[50 INFO root] 0.20454761385917664 0.13679128885269165 -0.502186119145161
[50 INFO root] 0.20543834567070007 0.13630270957946777 -0.5074042764065294
[50 INFO root] 0.20633269846439362 0.1358060985803604 -0.5128873973106315
[50 INFO root] 0.20723026990890503 0.13530127704143524 -0.5185877105859489
[50 INFO root] 0.2081306129693985 0.1347881406545639 -0.5244585830088928
[50 INFO root] 0.2090333104133606 0.13426662981510162 -0.5304548135186327
[50 INFO root] 0.2099379599094391 0.1337367594242096 -0.5365329053282155
[50 INFO root] 0.21084409952163696 0.1331985890865326 -0.5426513111273505
[50 INFO root] 0.2117512971162796 0.13265226781368256 -0.5487706460595795
[50 INFO root] 0.21265913546085358 0.13209795951843262 -0.5548538631301978
[50 INFO root] 0.21356716752052307 0.13153591752052307 -0.5608663868063569
[50 INFO root] 0.21447445452213287 0.13096675276756287 -0.5667762696102004
[50 INFO root] 0.21537993848323822 0.1303912252187729 -0.5725555404812847
[50 INFO root] 0.21628274023532867 0.12981005012989044 -0.5781804458629067
[50 INFO root] 0.21718209981918335 0.12922386825084686 -0.583631020582956
[50 INFO root] 0.21807746589183807 0.1286333054304123 -0.5888905890947329
[50 INFO root] 0.21896831691265106 0.1280389279127121 -0.593945328245896
[50 INFO root] 0.21985431015491486 0.12744128704071045 -0.5987838943633083
[50 INFO root] 0.22073513269424438 0.12684087455272675 -0.6033971048971233
[50 INFO root] 0.22161057591438293 0.12623818218708038 -0.6077776658191452
[50 INFO root] 0.22248046100139618 0.12563364207744598 -0.6119199374225458
[50 INFO root] 0.22334468364715576 0.12502768635749817 -0.6158197324091715
[50 INFO root] 0.22420315444469452 0.12442070990800858 -0.6194741411867415
[50 INFO root] 0.22505587339401245 0.12381310015916824 -0.6228813801598724
[50 INFO root] 0.22590281069278717 0.12320521473884583 -0.6260406595128195
[50 INFO root] 0.22674399614334106 0.12259738892316818 -0.6289520675717206
[50 INFO root] 0.22757945954799652 0.12198994308710098 -0.6316164693205626
[50 INFO root] 0.2284083217382431 0.121383897960186 -0.6340075915969268
[50 INFO root] 0.22922754287719727 0.12078185379505157 -0.6360371840828062
[50 INFO root] 0.23003484308719635 0.12018600106239319 -0.6376346315353101
[50 INFO root] 0.23082922399044037 0.1195976659655571 -0.6387603252587621
[50 INFO root] 0.23161062598228455 0.11901751160621643 -0.6393994044940008
[50 INFO root] 0.23238041996955872 0.11844517290592194 -0.639573489176747
[50 INFO root] 0.23315396904945374 0.11786974966526031 -0.6396825597123377
[50 INFO root] 0.23393234610557556 0.11729061603546143 -0.6397732999588316
[50 INFO root] 0.23471473157405853 0.11670838296413422 -0.639848693952991
[50 INFO root] 0.23550045490264893 0.11612357199192047 -0.6399113079022803
[50 INFO root] 0.23628896474838257 0.11553661525249481 -0.6399632826402338
[50 INFO root] 0.23707976937294006 0.11494787782430649 -0.6400064021839149
[50 INFO root] 0.23787248134613037 0.11435765773057938 -0.6400421526276447
[50 INFO root] 0.23866678774356842 0.11376621574163437 -0.640071771510433
[50 INFO root] 0.23946243524551392 0.11317373812198639 -0.6400962891222622
[50 INFO root] 0.24025917053222656 0.11258041858673096 -0.6401165630281259
[50 INFO root] 0.24105681478977203 0.11198639124631882 -0.6401333068978762
[50 INFO root] 0.2418552190065384 0.11139178276062012 -0.6401471145633834
[50 INFO root] 0.24265426397323608 0.11079667508602142 -0.6401584800808889
[50 INFO root] 0.24345383048057556 0.11020117253065109 -0.6401678144534781
[50 INFO root] 0.24425382912158966 0.1096053272485733 -0.6401754595638438
[50 INFO root] 0.2450542002916336 0.10900920629501343 -0.6401816997786961
[50 INFO root] 0.24585486948490143 0.10841284692287445 -0.6401867716111416
[50 INFO root] 0.24665577709674835 0.10781629383563995 -0.6401908717641065
[50 INFO root] 0.24745690822601318 0.10721958428621292 -0.640194163824741
[50 INFO root] 0.24828273057937622 0.10660447180271149 -0.6407371140096201
[50 INFO root] 0.24914349615573883 0.10596268624067307 -0.6420961010046355
[50 INFO root] 0.2500346302986145 0.10529647022485733 -0.6442468723320608
[50 INFO root] 0.2509499490261078 0.10460920631885529 -0.6471188372359639
[50 INFO root] 0.25188350677490234 0.10390415787696838 -0.6506292446657361
[50 INFO root] 0.2528296113014221 0.10318449884653091 -0.6546867900294612
[50 INFO root] 0.2537829279899597 0.1024533212184906 -0.6591948721521267
[50 INFO root] 0.25473853945732117 0.10171359032392502 -0.6640547382445416
[50 INFO root] 0.2556920349597931 0.1009681224822998 -0.6691682898377602
[50 INFO root] 0.2566394805908203 0.10021955519914627 -0.6744404073743221
[50 INFO root] 0.2575775980949402 0.0994703471660614 -0.6797807370445701
[50 INFO root] 0.2585035562515259 0.09872271865606308 -0.6851049525147118
[50 INFO root] 0.2594151198863983 0.09797865897417068 -0.6903355484405428
[50 INFO root] 0.2603105306625366 0.09723993390798569 -0.6954022449140598
[50 INFO root] 0.2611885070800781 0.09650806337594986 -0.7002420897816776
[50 INFO root] 0.2620481848716736 0.09578433632850647 -0.7047993418449432
[50 INFO root] 0.2628890573978424 0.09506982564926147 -0.7090252077432262
[50 INFO root] 0.26371094584465027 0.09436539560556412 -0.7128774924058298
[50 INFO root] 0.26451393961906433 0.09367172420024872 -0.71632017689938
[50 INFO root] 0.26529836654663086 0.09298929572105408 -0.7193230330525232
[50 INFO root] 0.26606476306915283 0.09231844544410706 -0.7218612782724411
[50 INFO root] 0.2668149471282959 0.0916583463549614 -0.723939141217822
[50 INFO root] 0.26755139231681824 0.09100756049156189 -0.7255779707859423
[50 INFO root] 0.26827627420425415 0.09036483615636826 -0.7267992846198839
[50 INFO root] 0.2689913511276245 0.08972916752099991 -0.7276221433695046
[50 INFO root] 0.2696983516216278 0.08909958600997925 -0.7280677322241227
[50 INFO root] 0.27041012048721313 0.0884651392698288 -0.7283955232363736
[50 INFO root] 0.2711281180381775 0.08782469481229782 -0.7286611704663913
[50 INFO root] 0.27185145020484924 0.08717914670705795 -0.7288761059138604
[50 INFO root] 0.27257922291755676 0.08652935177087784 -0.7290484565051747
[50 INFO root] 0.27331072092056274 0.08587600290775299 -0.7291850632050126
[50 INFO root] 0.27404531836509705 0.08521970361471176 -0.7292916686742984
[50 INFO root] 0.2747824788093567 0.08456093817949295 -0.7293730904203471
[50 INFO root] 0.275521844625473 0.08390013128519058 -0.7294333677860608
[50 INFO root] 0.2762629985809326 0.08323761075735092 -0.7294758862263765
[50 INFO root] 0.277005672454834 0.08257367461919785 -0.7295034821789218
[50 INFO root] 0.2777496576309204 0.08190855383872986 -0.7295185314215862
[50 INFO root] 0.2784946858882904 0.08124245703220367 -0.7295230234219505
[50 INFO root] 0.27924013137817383 0.08057597279548645 -0.7295233690011301
[50 INFO root] 0.279985636472702 0.07990945875644684 -0.7295233690011301
[50 INFO root] 0.2807311415672302 0.07924294471740723 -0.7295233690011301
[50 INFO root] 0.28147661685943604 0.07857643067836761 -0.7295233690011301
[50 INFO root] 0.28222212195396423 0.077909916639328 -0.7295233690011301
[50 INFO root] 0.28296759724617004 0.07724340260028839 -0.7295233690011301
[50 INFO root] 0.28371310234069824 0.07657688856124878 -0.7295233690011301
[50 INFO root] 0.28445857763290405 0.07591037452220917 -0.7295233690011301
[50 INFO root] 0.28520408272743225 0.07524386048316956 -0.7295233690011301
[50 INFO root] 0.28594955801963806 0.07457734644412994 -0.7295233690011301
[50 INFO root] 0.28669506311416626 0.07391083240509033 -0.7295233690011301
[50 INFO root] 0.28744056820869446 0.07324431836605072 -0.7295233690011301
[50 INFO root] 0.28818604350090027 0.07257780432701111 -0.7295233690011301
[50 INFO root] 0.28893154859542847 0.0719112902879715 -0.7295233690011301
[50 INFO root] 0.2896770238876343 0.07124477624893188 -0.7295233690011301
[50 INFO root] 0.2904225289821625 0.07057826220989227 -0.7295233690011301
[50 INFO root] 0.2911680042743683 0.06991174817085266 -0.7295233690011301
[50 INFO root] 0.2919135093688965 0.06924523413181305 -0.7295233690011301
[50 INFO root] 0.2926590144634247 0.06857872009277344 -0.7295233690011301
[50 INFO root] 0.2934044897556305 0.06791219860315323 -0.7295233690011301
[50 INFO root] 0.2941499948501587 0.06724568456411362 -0.7295233690011301
[50 INFO root] 0.2948954701423645 0.066579170525074 -0.7295233690011301
[50 INFO root] 0.2956409752368927 0.0659126564860344 -0.7295233690011301
[50 INFO root] 0.2963864505290985 0.06524614244699478 -0.7295233690011301
[50 INFO root] 0.2971319556236267 0.06457962840795517 -0.7295233690011301
[50 INFO root] 0.2978774607181549 0.06391311436891556 -0.7295233690011301
[50 INFO root] 0.2986229360103607 0.06324660032987595 -0.7295233690011301
[50 INFO root] 0.2993684411048889 0.06258008629083633 -0.7295233690011301
[50 INFO root] 0.3001139163970947 0.06191357225179672 -0.7295233690011301
[50 INFO root] 0.3008594214916229 0.06124705821275711 -0.7295233690011301
[50 INFO root] 0.30160489678382874 0.0605805441737175 -0.7295233690011301
[50 INFO root] 0.30235040187835693 0.05991403013467789 -0.7295233690011301
[50 INFO root] 0.30309590697288513 0.059247516095638275 -0.7295233690011301
[50 INFO root] 0.30384138226509094 0.05858100205659866 -0.7295233690011301
[50 INFO root] 0.30458688735961914 0.05791448801755905 -0.7295233690011301
[50 INFO root] 0.30533236265182495 0.05724797397851944 -0.7295233690011301
[50 INFO root] 0.30607786774635315 0.05658145621418953 -0.7295233690011301
[50 INFO root] 0.30682334303855896 0.05591494217514992 -0.7295233690011301
[50 INFO root] 0.30756884813308716 0.055248428136110306 -0.7295233690011301
[50 INFO root] 0.30831432342529297 0.054581914097070694 -0.7295233690011301
[50 INFO root] 0.30905982851982117 0.05391540005803108 -0.7295233690011301
[50 INFO root] 0.30980533361434937 0.05324888601899147 -0.7295233690011301
[50 INFO root] 0.3105508089065552 0.05258237197995186 -0.7295233690011301
[50 INFO root] 0.3112963140010834 0.05191585794091225 -0.7295233690011301
[50 INFO root] 0.3120417892932892 0.051249343901872635 -0.7295233690011301
[50 INFO root] 0.3127872943878174 0.05058282986283302 -0.7295233690011301
[50 INFO root] 0.3135327696800232 0.04991631582379341 -0.7295233690011301
[50 INFO root] 0.3142782747745514 0.0492497980594635 -0.7295233690011301
[50 INFO root] 0.3150237798690796 0.04858328402042389 -0.7295233690011301
[50 INFO root] 0.3157692551612854 0.04791676998138428 -0.7295233690011301
[50 INFO root] 0.3165147602558136 0.047250255942344666 -0.7295233690011301
[50 INFO root] 0.3172602355480194 0.046583741903305054 -0.7295233690011301
[50 INFO root] 0.3180057406425476 0.04591722786426544 -0.7295233690011301
[50 INFO root] 0.3187512159347534 0.04525071382522583 -0.7295233690011301
[50 INFO root] 0.3194967210292816 0.04458419978618622 -0.7295233690011301
[50 INFO root] 0.3202422261238098 0.043917685747146606 -0.7295233690011301
[50 INFO root] 0.3209877014160156 0.043251171708106995 -0.7295233690011301
[50 INFO root] 0.3217332065105438 0.04258465766906738 -0.7295233690011301
[50 INFO root] 0.32247868180274963 0.04191814363002777 -0.7295233690011301
[50 INFO root] 0.32322418689727783 0.04125162586569786 -0.7295233690011301
[50 INFO root] 0.32396966218948364 0.04058511182665825 -0.7295233690011301
[50 INFO root] 0.32471516728401184 0.03991859778761864 -0.7295233690011301
[50 INFO root] 0.32546064257621765 0.039252083748579025 -0.7295233690011301
[50 INFO root] 0.32620614767074585 0.03858556970953941 -0.7295233690011301
[50 INFO root] 0.32695165276527405 0.0379190556704998 -0.7295233690011301
[50 INFO root] 0.32769712805747986 0.03725254163146019 -0.7295233690011301
[50 INFO root] 0.32844263315200806 0.03658602759242058 -0.7295233690011301
[50 INFO root] 0.32918810844421387 0.035919513553380966 -0.7295233690011301
[50 INFO root] 0.32993361353874207 0.035252999514341354 -0.7295233690011301
[50 INFO root] 0.3306790888309479 0.03458648547530174 -0.7295233690011301
[50 INFO root] 0.3314245939254761 0.03391996771097183 -0.7295233690011301
[50 INFO root] 0.3321700990200043 0.03325345367193222 -0.7295233690011301
[50 INFO root] 0.3329155743122101 0.03258693963289261 -0.7295233690011301
[50 INFO root] 0.3336610794067383 0.031920425593853 -0.7295233690011301
[50 INFO root] 0.3344065546989441 0.031253911554813385 -0.7295233690011301
[50 INFO root] 0.3351520597934723 0.030587397515773773 -0.7295233690011301
[50 INFO root] 0.3358975350856781 0.02992088347673416 -0.7295233690011301
[50 INFO root] 0.3366430401802063 0.02925436943769455 -0.7295233690011301
[50 INFO root] 0.3373885452747345 0.02858785353600979 -0.7295233690011301
[50 INFO root] 0.3381340205669403 0.027921339496970177 -0.7295233690011301
[50 INFO root] 0.3388795256614685 0.027254825457930565 -0.7295233690011301
[50 INFO root] 0.3396250009536743 0.026588311418890953 -0.7295233690011301
[50 INFO root] 0.3403705060482025 0.02592179737985134 -0.7295233690011301
[50 INFO root] 0.3411159813404083 0.02525528334081173 -0.7295233690011301
[50 INFO root] 0.3418614864349365 0.02458876743912697 -0.7295233690011301
[50 INFO root] 0.34260696172714233 0.023922253400087357 -0.7295233690011301
[50 INFO root] 0.34335246682167053 0.023255739361047745 -0.7295233690011301
[50 INFO root] 0.34409797191619873 0.022589225322008133 -0.7295233690011301
[50 INFO root] 0.34484344720840454 0.02192271128296852 -0.7295233690011301
[50 INFO root] 0.34558895230293274 0.02125619538128376 -0.7295233690011301
[50 INFO root] 0.34633442759513855 0.020589681342244148 -0.7295233690011301
[50 INFO root] 0.34707993268966675 0.019923167303204536 -0.7295233690011301
[50 INFO root] 0.34782540798187256 0.019256653264164925 -0.7295233690011301
[50 INFO root] 0.34857091307640076 0.018590139225125313 -0.7295233690011301
[50 INFO root] 0.34931641817092896 0.0179236251860857 -0.7295233690011301
[50 INFO root] 0.35006189346313477 0.01725710928440094 -0.7295233690011301
[50 INFO root] 0.35080739855766296 0.016590595245361328 -0.7295233690011301
[50 INFO root] 0.3515528738498688 0.015924081206321716 -0.7295233690011301
[50 INFO root] 0.352298378944397 0.015257567167282104 -0.7295233690011301
[50 INFO root] 0.3530438542366028 0.014591052196919918 -0.7295233690011301
[50 INFO root] 0.353789359331131 0.013924538157880306 -0.7295233690011301
[50 INFO root] 0.3545348644256592 0.013258024118840694 -0.7295233690011301
[50 INFO root] 0.355280339717865 0.012591509148478508 -0.7295233690011301
[50 INFO root] 0.3560258448123932 0.011924995109438896 -0.7295233690011301
[50 INFO root] 0.356771320104599 0.011258481070399284 -0.7295233690011301
[50 INFO root] 0.3575168251991272 0.010591966100037098 -0.7295233690011301
[50 INFO root] 0.358262300491333 0.009925452060997486 -0.7295233690011301
[50 INFO root] 0.3590078055858612 0.009258938021957874 -0.7295233690011301
[50 INFO root] 0.3597533106803894 0.008592423051595688 -0.7295233690011301
[50 INFO root] 0.3604987859725952 0.007925909012556076 -0.7295233690011301
[50 INFO root] 0.3612442910671234 0.007259394507855177 -0.7295233690011301
[50 INFO root] 0.3619897663593292 0.006592880003154278 -0.7295233690011301
[50 INFO root] 0.3627352714538574 0.005926365964114666 -0.7295233690011301
[50 INFO root] 0.36348074674606323 0.005259851459413767 -0.7295233690011301
[50 INFO root] 0.36422625184059143 0.004593336954712868 -0.7295233690011301
[50 INFO root] 0.36497172713279724 0.003926822450011969 -0.7295233690011301
[50 INFO root] 0.36571723222732544 0.003260308178141713 -0.7295233690011301
[50 INFO root] 0.36646273732185364 0.0025937939062714577 -0.7295233690011301
[50 INFO root] 0.36720821261405945 0.0019272795179858804 -0.7295233690011301
[50 INFO root] 0.36795371770858765 0.001260765129700303 -0.7295233690011301
[50 INFO root] 0.36869919300079346 0.0005942507996223867 -0.7295233690011301
[50 INFO root] 0.36944469809532166 -7.226359593914822e-05 -0.7295233690011301
[50 INFO root] 0.37019017338752747 -0.0007387779769487679 -0.7295233690011301
[50 INFO root] 0.37093567848205566 -0.0014052923070266843 -0.7295233690011301
[50 INFO root] 0.37168118357658386 -0.0020718066953122616 -0.7295233690011301
[50 INFO root] 0.3724266588687897 -0.002738320967182517 -0.7295233690011301
[50 INFO root] 0.37317216396331787 -0.003404835471883416 -0.7295233690011301
[50 INFO root] 0.3739176392555237 -0.004071349743753672 -0.7295233690011301
[50 INFO root] 0.3746631443500519 -0.004737864248454571 -0.7295233690011301
[50 INFO root] 0.3754086196422577 -0.00540437875315547 -0.7295233690011301
[50 INFO root] 0.3761541247367859 -0.006070892792195082 -0.7295233690011301
[50 INFO root] 0.3768996298313141 -0.006737407296895981 -0.7295233690011301
[50 INFO root] 0.3776451051235199 -0.00740392180159688 -0.7295233690011301
[50 INFO root] 0.3783906102180481 -0.008070436306297779 -0.7295233690011301
[50 INFO root] 0.3791360855102539 -0.008736950345337391 -0.7295233690011301
[50 INFO root] 0.3798815906047821 -0.009403464384377003 -0.7295233690011301
[50 INFO root] 0.3806270658969879 -0.01006997935473919 -0.7295233690011301
[50 INFO root] 0.3813725709915161 -0.010736493393778801 -0.7295233690011301
[50 INFO root] 0.3821180462837219 -0.011403008364140987 -0.7295233690011301
[50 INFO root] 0.3828635513782501 -0.0120695224031806 -0.7295233690011301
[50 INFO root] 0.3836090564727783 -0.012736036442220211 -0.7295233690011301
[50 INFO root] 0.38435453176498413 -0.013402551412582397 -0.7295233690011301
[50 INFO root] 0.38510003685951233 -0.01406906545162201 -0.7295233690011301
[50 INFO root] 0.38584551215171814 -0.014735579490661621 -0.7295233690011301
[50 INFO root] 0.38659101724624634 -0.015402094461023808 -0.7295233690011301
[50 INFO root] 0.38733649253845215 -0.016068609431385994 -0.7295233690011301
[50 INFO root] 0.38808199763298035 -0.016735123470425606 -0.7295233690011301
[50 INFO root] 0.38882750272750854 -0.017401637509465218 -0.7295233690011301
[50 INFO root] 0.38957297801971436 -0.01806815154850483 -0.7295233690011301
[50 INFO root] 0.39031848311424255 -0.01873466558754444 -0.7295233690011301
[50 INFO root] 0.39106395840644836 -0.019401179626584053 -0.7295233690011301
[50 INFO root] 0.39180946350097656 -0.020067695528268814 -0.7295233690011301
[50 INFO root] 0.3925549387931824 -0.020734209567308426 -0.7295233690011301
[50 INFO root] 0.39330044388771057 -0.021400723606348038 -0.7295233690011301
[50 INFO root] 0.39404594898223877 -0.02206723764538765 -0.7295233690011301
[50 INFO root] 0.3947914242744446 -0.02273375168442726 -0.7295233690011301
[50 INFO root] 0.3955369293689728 -0.023400265723466873 -0.7295233690011301
[50 INFO root] 0.3962824046611786 -0.024066781625151634 -0.7295233690011301
[50 INFO root] 0.3970279097557068 -0.024733295664191246 -0.7295233690011301
[50 INFO root] 0.3977733850479126 -0.025399809703230858 -0.7295233690011301
[50 INFO root] 0.3985188901424408 -0.02606632374227047 -0.7295233690011301
[50 INFO root] 0.3992643654346466 -0.02673283778131008 -0.7295233690011301
[50 INFO root] 0.4000098705291748 -0.027399353682994843 -0.7295233690011301
[50 INFO root] 0.400755375623703 -0.028065867722034454 -0.7295233690011301
[50 INFO root] 0.4015008509159088 -0.028732381761074066 -0.7295233690011301
[50 INFO root] 0.402246356010437 -0.029398895800113678 -0.7295233690011301
[50 INFO root] 0.4029918313026428 -0.03006540983915329 -0.7295233690011301
[50 INFO root] 0.403737336397171 -0.0307319238781929 -0.7295233690011301
[50 INFO root] 0.40448281168937683 -0.03139843791723251 -0.7295233690011301
[50 INFO root] 0.40522831678390503 -0.032064951956272125 -0.7295233690011301
[50 INFO root] 0.4059738218784332 -0.03273146599531174 -0.7295233690011301
[50 INFO root] 0.40671929717063904 -0.03339798375964165 -0.7295233690011301
[50 INFO root] 0.40746480226516724 -0.03406449779868126 -0.7295233690011301
[50 INFO root] 0.40821027755737305 -0.03473101183772087 -0.7295233690011301
[50 INFO root] 0.40895578265190125 -0.03539752587676048 -0.7295233690011301
[50 INFO root] 0.40970125794410706 -0.036064039915800095 -0.7295233690011301
[50 INFO root] 0.41044676303863525 -0.036730553954839706 -0.7295233690011301
[50 INFO root] 0.41119226813316345 -0.03739706799387932 -0.7295233690011301
[50 INFO root] 0.41193774342536926 -0.03806358203291893 -0.7295233690011301
[50 INFO root] 0.41268324851989746 -0.03873009607195854 -0.7295233690011301
[50 INFO root] 0.41342872381210327 -0.039396610110998154 -0.7295233690011301
[50 INFO root] 0.41417422890663147 -0.040063124150037766 -0.7295233690011301
[50 INFO root] 0.4149197041988373 -0.040729641914367676 -0.7295233690011301
[50 INFO root] 0.4156652092933655 -0.04139615595340729 -0.7295233690011301
[50 INFO root] 0.4164106845855713 -0.0420626699924469 -0.7295233690011301
[50 INFO root] 0.4171561896800995 -0.04272918403148651 -0.7295233690011301
[50 INFO root] 0.4179016947746277 -0.04339569807052612 -0.7295233690011301
[50 INFO root] 0.41861164569854736 -0.04403043910861015 -0.7301003446994778
[50 INFO root] 0.419270396232605 -0.04462001845240593 -0.731514065515708
[50 INFO root] 0.4198805093765259 -0.045167528092861176 -0.7337340774391039
[50 INFO root] 0.42044636607170105 -0.045677490532398224 -0.7367057405578528
[50 INFO root] 0.42097222805023193 -0.046154171228408813 -0.7403795179437658
[50 INFO root] 0.4214622676372528 -0.04660161957144737 -0.7447092983150843
[50 INFO root] 0.4219205975532532 -0.04702369496226311 -0.7496517219895562
[50 INFO root] 0.42235109210014343 -0.04742404818534851 -0.7551657306590819
[50 INFO root] 0.42275750637054443 -0.047806158661842346 -0.7612119844801863
[50 INFO root] 0.4231433868408203 -0.048173338174819946 -0.767752178835432
[50 INFO root] 0.4235120713710785 -0.04852877929806709 -0.7747483093215716
[50 INFO root] 0.4238668382167816 -0.048875562846660614 -0.7821619143636315
[50 INFO root] 0.42421045899391174 -0.04921645298600197 -0.7899585146048875
[50 INFO root] 0.4245447516441345 -0.0495532788336277 -0.7981206674564729
[50 INFO root] 0.4248710870742798 -0.04988744854927063 -0.8066384479485571
[50 INFO root] 0.4251905083656311 -0.05022015795111656 -0.8155057070275393
[50 INFO root] 0.42552122473716736 -0.05057081580162048 -0.8249786599994808
[50 INFO root] 0.4258630871772766 -0.05094020068645477 -0.8350802708700629
[50 INFO root] 0.42621302604675293 -0.051326025277376175 -0.8457949576143862
[50 INFO root] 0.4265685975551605 -0.05172652006149292 -0.8571081188945211
[50 INFO root] 0.4269278943538666 -0.0521405003964901 -0.8690072325134013
[50 INFO root] 0.4272894859313965 -0.052567221224308014 -0.8814817489170997
[50 INFO root] 0.4276522397994995 -0.05300626531243324 -0.8945230860308825
[50 INFO root] 0.4280152916908264 -0.05345747247338295 -0.9081247748368528
[50 INFO root] 0.4283779263496399 -0.05392085388302803 -0.9222828052371916
[50 INFO root] 0.428739458322525 -0.054396528750658035 -0.9369962132056634
[50 INFO root] 0.42909932136535645 -0.05488467589020729 -0.9522679377607902
[50 INFO root] 0.429456889629364 -0.05538547411561012 -0.9681059570905819
[50 INFO root] 0.4298114776611328 -0.05589906871318817 -0.9845246847802661
[50 INFO root] 0.43016237020492554 -0.056425537914037704 -1.0015465688066854
[50 INFO root] 0.4305087625980377 -0.05696486681699753 -1.0192037896739103
[50 INFO root] 0.4308497905731201 -0.05751693993806839 -1.0375399051774477
[50 INFO root] 0.43118444085121155 -0.058081548660993576 -1.056611246823809
[50 INFO root] 0.4315117597579956 -0.05865843966603279 -1.0764878482576745
[50 INFO root] 0.43183064460754395 -0.05924734100699425 -1.0972536901156233
[50 INFO root] 0.4321400225162506 -0.05984805151820183 -1.1190060851111503
[50 INFO root] 0.4324388802051544 -0.060460519045591354 -1.1418541008991836
[50 INFO root] 0.4327261447906494 -0.06108492985367775 -1.1659160329823648
[50 INFO root] 0.4330008924007416 -0.0617218054831028 -1.1913160401933867
[50 INFO root] 0.4332621097564697 -0.062372080981731415 -1.218180142479369
[50 INFO root] 0.43350887298583984 -0.06303717195987701 -1.246631879077435
[50 INFO root] 0.43374013900756836 -0.06371903419494629 -1.276788002659333
[50 INFO root] 0.43395471572875977 -0.0644201934337616 -1.3087546428869312
[50 INFO root] 0.43415120244026184 -0.06514371931552887 -1.342624397746706
[50 INFO root] 0.4343278408050537 -0.06589322537183762 -1.3784747526485024
[50 INFO root] 0.43448248505592346 -0.06667278707027435 -1.416368536239391
[50 INFO root] 0.4346122443675995 -0.06748682260513306 -1.456357489622228
[50 INFO root] 0.4347136616706848 -0.06834004074335098 -1.4984841264366648
[50 INFO root] 0.4347822964191437 -0.06923750787973404 -1.542779818076166
[50 INFO root] 0.43481284379959106 -0.0701846033334732 -1.589258145598228
[50 INFO root] 0.4347987771034241 -0.07118692994117737 -1.6379007479875929
[50 INFO root] 0.43473222851753235 -0.07225000113248825 -1.6886355892635587
[50 INFO root] 0.4346185624599457 -0.07325631380081177 -1.7407744534863308
[50 INFO root] 0.4344618022441864 -0.07420070469379425 -1.7943638473802244
[50 INFO root] 0.43426230549812317 -0.07510115951299667 -1.8495028551324184
[50 INFO root] 0.43401801586151123 -0.07597324997186661 -1.906208053512139
[50 INFO root] 0.4337253272533417 -0.0768284872174263 -1.9644210372239512
[50 INFO root] 0.4333797097206116 -0.07767440378665924 -2.024025007750362
[50 INFO root] 0.43297645449638367 -0.07851479947566986 -2.084853022965426
[50 INFO root] 0.43251127004623413 -0.07935012876987457 -2.1467071597221117
[50 INFO root] 0.4319806694984436 -0.0801781639456749 -2.2093789873122702
[50 INFO root] 0.43138229846954346 -0.08099456131458282 -2.2726658933225488
[50 INFO root] 0.4307152032852173 -0.08179353177547455 -2.33638275486489
[50 INFO root] 0.4299796521663666 -0.08256842195987701 -2.400369451917178
[50 INFO root] 0.4291771650314331 -0.08331224322319031 -2.4644946047076757
[50 INFO root] 0.4283102750778198 -0.08401812613010406 -2.528655511865074
[50 INFO root] 0.4273821711540222 -0.08467964828014374 -2.592773840147129
[50 INFO root] 0.42639628052711487 -0.0852910727262497 -2.6567860568812276
[50 INFO root] 0.42535600066185 -0.08584743738174438 -2.7206273856498897
[50 INFO root] 0.42426425218582153 -0.08634451031684875 -2.784208326161186
[50 INFO root] 0.4231235384941101 -0.08677862584590912 -2.8473837024795716
[50 INFO root] 0.4219360947608948 -0.08714649081230164 -2.909916116403631
[50 INFO root] 0.42070457339286804 -0.08744502067565918 -2.9714387662412545
[50 INFO root] 0.41943269968032837 -0.08767146617174149 -3.0314241541164506
[50 INFO root] 0.4181266725063324 -0.08782374113798141 -3.0891709003501684
[50 INFO root] 0.41679704189300537 -0.08790112286806107 3.1393552188208997
[50 INFO root] 0.41545966267585754 -0.0879054144024849 3.0887166627908
[50 INFO root] 0.4141356945037842 -0.08784212917089462 3.0429204104573366
[50 INFO root] 0.4128485321998596 -0.08772079646587372 3.002528540898653
[50 INFO root] 0.41161981225013733 -0.08755407482385635 2.967845648580374
[50 INFO root] 0.41046765446662903 -0.08735620230436325 2.939027776198135
[50 INFO root] 0.409404456615448 -0.087141253054142 2.91604600673292
[50 INFO root] 0.4084363579750061 -0.08692166209220886 2.898726722521993
[50 INFO root] 0.40753355622291565 -0.08669974654912949 2.8872183449728266
[50 INFO root] 0.4066740572452545 -0.0864773616194725 2.8816152614690393
[50 INFO root] 0.4058578610420227 -0.08626077324151993 2.881729670674301
[50 INFO root] 0.4050842523574829 -0.08605507761240005 2.887338110452723
[50 INFO root] 0.40434956550598145 -0.08586368709802628 2.8982251893553417
[50 INFO root] 0.40364786982536316 -0.08568861335515976 2.9141960662787003
[50 INFO root] 0.40297120809555054 -0.08553086221218109 2.9350799340156337
[50 INFO root] 0.40231001377105713 -0.0853908583521843 2.9607212401228624
[50 INFO root] 0.40165311098098755 -0.08526898175477982 2.990966211979968
[50 INFO root] 0.4009881913661957 -0.08516601473093033 3.025649487434403
[50 INFO root] 0.40030184388160706 -0.0850837305188179 3.0645802809017777
[50 INFO root] 0.3996271789073944 -0.08502896130084991 3.1081357765144264
[50 INFO root] 0.3990190625190735 -0.08500567078590393 -3.126082685834771
[50 INFO root] 0.3984551727771759 -0.08501147478818893 -3.0718993320381744
[50 INFO root] 0.39790672063827515 -0.08504671603441238 -3.012822638499083
[50 INFO root] 0.3973487317562103 -0.0851157084107399 -2.949193845631574
[50 INFO root] 0.39676031470298767 -0.08522667735815048 -2.8814006716608795
[50 INFO root] 0.3961254060268402 -0.08539149165153503 -2.809904653156117
[50 INFO root] 0.39543333649635315 -0.08562484383583069 -2.7352616818250217
[50 INFO root] 0.3946799337863922 -0.08594301342964172 -2.6581321721812077
[50 INFO root] 0.3938681185245514 -0.08636203408241272 -2.5792766197894403
[50 INFO root] 0.3930079936981201 -0.08689546585083008 -2.499533169998556
[50 INFO root] 0.3921161890029907 -0.08755215257406235 -2.419777156450984
[50 INFO root] 0.39121416211128235 -0.0883343368768692 -2.3408671282670372
[50 INFO root] 0.3903266489505768 -0.08923587203025818 -2.26361255927076
[50 INFO root] 0.38947904109954834 -0.09024160355329514 -2.188712133211476
[50 INFO root] 0.38869360089302063 -0.09132960438728333 -2.116668010872529
[50 INFO root] 0.38798803091049194 -0.09247252345085144 -2.0478303586685316
[50 INFO root] 0.3873748779296875 -0.09363871812820435 -1.9824405932473845
[50 INFO root] 0.3868595063686371 -0.09479767829179764 -1.9205090253783996
[50 INFO root] 0.3864406943321228 -0.09592323005199432 -1.8618449996407709
[50 INFO root] 0.38611239194869995 -0.09699483960866928 -1.8061260356880835
[50 INFO root] 0.3858655095100403 -0.09799784421920776 -1.7529578860637665
[50 INFO root] 0.38568955659866333 -0.09892299026250839 -1.7019191631594133
[50 INFO root] 0.3855736255645752 -0.09976570308208466 -1.6525914786704343
[50 INFO root] 0.3855014443397522 -0.10059542208909988 -1.6044573132900974
[50 INFO root] 0.38546931743621826 -0.1014307364821434 -1.5575557658187962
[50 INFO root] 0.3854764401912689 -0.10226473212242126 -1.5120515083244972
[50 INFO root] 0.38552117347717285 -0.10309005528688431 -1.4680498291022062
[50 INFO root] 0.3856011629104614 -0.10390108078718185 -1.4255962700644056
[50 INFO root] 0.3857135772705078 -0.10469388961791992 -1.384692487762044
[50 INFO root] 0.38585567474365234 -0.10546622425317764 -1.3453111234993982
[50 INFO root] 0.3860248029232025 -0.10621727257966995 -1.3074093973234022
[50 INFO root] 0.3862186372280121 -0.10694734752178192 -1.2709405482465113
[50 INFO root] 0.386435329914093 -0.10765750706195831 -1.2358624156239058
[50 INFO root] 0.38667330145835876 -0.10834917426109314 -1.2021427922572239
[50 INFO root] 0.38693130016326904 -0.10902378708124161 -1.169761516940372
[50 INFO root] 0.3872040808200836 -0.1096731573343277 -1.140719109269857
[50 INFO root] 0.38748469948768616 -0.11028977483510971 -1.1162097962549835
[50 INFO root] 0.3877676725387573 -0.11087255924940109 -1.0961569928231214
[50 INFO root] 0.3880486786365509 -0.11142228543758392 -1.0803519377203576
[50 INFO root] 0.3883242607116699 -0.11194045096635818 -1.0685907308809643
[50 INFO root] 0.3885916769504547 -0.11242884397506714 -1.0606755907085195
[50 INFO root] 0.38884881138801575 -0.11288929730653763 -1.056414741620639
[50 INFO root] 0.38909396529197693 -0.11332354694604874 -1.0556225671257942
[50 INFO root] 0.389325886964798 -0.11373323947191238 -1.0581206195756352
[50 INFO root] 0.38954365253448486 -0.11411989480257034 -1.0637391116107335
[50 INFO root] 0.389746755361557 -0.11448501795530319 -1.072318409813939
[50 INFO root] 0.38993504643440247 -0.11483016610145569 -1.0837103223330087
[50 INFO root] 0.3901086747646332 -0.11515702307224274 -1.097778924960602
[50 INFO root] 0.3902681767940521 -0.11546759307384491 -1.1144021370425867
[50 INFO root] 0.3904145061969757 -0.1157643049955368 -1.1334715980855505
[50 INFO root] 0.3905487358570099 -0.11604996025562286 -1.1548906727203003
[50 INFO root] 0.39067211747169495 -0.11632765829563141 -1.1785718512609955
[50 INFO root] 0.3907858431339264 -0.11660066246986389 -1.204434266769972
[50 INFO root] 0.390890896320343 -0.11687231063842773 -1.2324017470796615
[50 INFO root] 0.3909880220890045 -0.11714589595794678 -1.2624017252534994
[50 INFO root] 0.3910776972770691 -0.11742449551820755 -1.294365379189668
[50 INFO root] 0.39115992188453674 -0.1177108883857727 -1.3282290373969545
[50 INFO root] 0.3912343978881836 -0.11800768971443176 -1.3639412652579024
[50 INFO root] 0.39130041003227234 -0.11831696331501007 -1.4014683403908625
[50 INFO root] 0.39135682582855225 -0.11863990128040314 -1.4407942471806865
[50 INFO root] 0.3914021849632263 -0.1189768835902214 -1.4819241893922586
[50 INFO root] 0.3914348781108856 -0.11932777613401413 -1.524887713229508
[50 INFO root] 0.3914531469345093 -0.11969231814146042 -1.5697396711382159
[50 INFO root] 0.39145517349243164 -0.1200704500079155 -1.6165582581510696
[50 INFO root] 0.3914389908313751 -0.12046270817518234 -1.6654396496409147
[50 INFO root] 0.3914022147655487 -0.12087045609951019 -1.7164891270203562
[50 INFO root] 0.391341894865036 -0.12129604071378708 -1.7698089565463686
[50 INFO root] 0.39125415682792664 -0.12174275517463684 -1.8254836065662345
[50 INFO root] 0.3911339342594147 -0.12221458554267883 -1.8835631221010982
[50 INFO root] 0.39097487926483154 -0.12271576374769211 -1.9440456554317929
[50 INFO root] 0.39076903462409973 -0.12325013428926468 -2.006860347990165
[50 INFO root] 0.390507310628891 -0.12382040172815323 -2.0718520312780715
[50 INFO root] 0.3901796340942383 -0.12442728877067566 -2.1387695563317406
[50 INFO root] 0.389775812625885 -0.1250687837600708 -2.2072605796321403
[50 INFO root] 0.3892865777015686 -0.12573955953121185 -2.276875612806388
[50 INFO root] 0.388704776763916 -0.12643079459667206 -2.3470804724722028
[50 INFO root] 0.38802674412727356 -0.1271304190158844 -2.4172781395659557
[50 INFO root] 0.3872532844543457 -0.12782391905784607 -2.4868394803181855
[50 INFO root] 0.38639041781425476 -0.12849552929401398 -2.55514020810004
[50 INFO root] 0.3854500949382782 -0.1291293203830719 -2.6215705233560107
[50 INFO root] 0.384449303150177 -0.1297110617160797 -2.685599248203769
[50 INFO root] 0.3834087550640106 -0.13022968173027039 -2.7468134789582384
[50 INFO root] 0.3823511600494385 -0.13067804276943207 -2.8049373757289526
[50 INFO root] 0.3812991976737976 -0.13105326890945435 -2.8598360984354865
[50 INFO root] 0.3802739381790161 -0.1313564032316208 -2.911506935740894
[50 INFO root] 0.37929344177246094 -0.13159170746803284 -2.9600608206982977
[50 INFO root] 0.3783719539642334 -0.13176579773426056 -3.005698363166072
[50 INFO root] 0.3775196671485901 -0.13188661634922028 -3.0486843580307257
[50 INFO root] 0.37674278020858765 -0.13196270167827606 -3.0893238590430947
[50 INFO root] 0.3760438561439514 -0.13200239837169647 -3.127941768146131
[50 INFO root] 0.3754226267337799 -0.13201355934143066 3.118318486426873
[50 INFO root] 0.37487632036209106 -0.13200309872627258 3.082765261193937
[50 INFO root] 0.37440064549446106 -0.13197700679302216 3.0482780233117936
[50 INFO root] 0.37399131059646606 -0.1319403201341629 3.0145468513326406
[50 INFO root] 0.37363168597221375 -0.1318957656621933 2.981409372301539
[50 INFO root] 0.37331804633140564 -0.13184629380702972 2.9486058656519187
[50 INFO root] 0.37304869294166565 -0.13179470598697662 2.9158506911716855
[50 INFO root] 0.37282079458236694 -0.13174326717853546 2.8828584159794146
[50 INFO root] 0.3726305067539215 -0.13169369101524353 2.8493488197172687
[50 INFO root] 0.3724733889102936 -0.13164709508419037 2.8150490276011095
