[59 INFO root] Initialising Python Geth Console...
[59 INFO root] Initialising RandB board...
[59 INFO root] Initialising resource sensor...
[59 INFO root] Initialising random-walk...
[59 INFO root] Initialising navigation...
[59 INFO root] Initialising Odo...
[59 INFO root] Initialising odometry...
[59 INFO root] Initialising gps...
[59 INFO root] Initialising Ground sensor...
[59 INFO root] --//-- Starting Experiment --//--
[59 INFO root] x y direction
[59 INFO root] 0.2178879976272583 0.35489100217819214 -2.2493977932628124
[59 INFO root] 0.2187306135892868 0.3559359908103943 -2.3228266612511215
[59 INFO root] 0.2199060022830963 0.3572124242782593 -2.4157845400620035
[59 INFO root] 0.22101497650146484 0.35821789503097534 -2.5223646780527065
[59 INFO root] 0.22194984555244446 0.3589034676551819 -2.6396883152482036
[59 INFO root] 0.22260434925556183 0.35927799344062805 -2.7633737989746567
[59 INFO root] 0.2229042947292328 0.3594070076942444 -2.8890133440034935
[59 INFO root] 0.2228308916091919 0.3593917191028595 -3.013396596175326
[59 INFO root] 0.222422793507576 0.3593376874923706 -3.13455544794309
[59 INFO root] 0.22175069153308868 0.3593275845050812 3.03168533266416
[59 INFO root] 0.22089456021785736 0.35941386222839355 2.919133649823964
[59 INFO root] 0.21992775797843933 0.35962241888046265 2.8105733418339796
[59 INFO root] 0.2189088612794876 0.3599611222743988 2.7052486884066966
[59 INFO root] 0.2178792506456375 0.36042869091033936 2.6022507948028424
[59 INFO root] 0.2168651968240738 0.361022025346756 2.5006842398820286
[59 INFO root] 0.21588246524333954 0.3617401719093323 2.3997852170823424
[59 INFO root] 0.21494999527931213 0.36257800459861755 2.302845060239975
[59 INFO root] 0.21411925554275513 0.3634842336177826 2.21814379290269
[59 INFO root] 0.2134203314781189 0.3643915057182312 2.1454885939474533
[59 INFO root] 0.21286001801490784 0.36524152755737305 2.083717243488255
[59 INFO root] 0.21243225038051605 0.36598843336105347 2.03179311162022
[59 INFO root] 0.212123841047287 0.36659950017929077 1.988790989954752
[59 INFO root] 0.21191959083080292 0.367052286863327 1.9538791133129865
[59 INFO root] 0.2118060290813446 0.3673296272754669 1.9262662739399279
[59 INFO root] 0.21177208423614502 0.3674188256263733 1.905148081717636
[59 INFO root] 0.21180851757526398 0.3673134744167328 1.8896546800373764
[59 INFO root] 0.21190814673900604 0.3670123219490051 1.8790063377501787
[59 INFO root] 0.21206548810005188 0.3665192723274231 1.8725608915576173
[59 INFO root] 0.21227633953094482 0.3658430874347687 1.8698353734752218
[59 INFO root] 0.21253743767738342 0.3649967908859253 1.870513736634835
[59 INFO root] 0.21284645795822144 0.36399656534194946 1.8744315328320023
[59 INFO root] 0.21320199966430664 0.36286047101020813 1.8815327975985945
[59 INFO root] 0.21360354125499725 0.36160731315612793 1.8918279956943869
[59 INFO root] 0.2140512466430664 0.3602566123008728 1.905340780140077
[59 INFO root] 0.2145458608865738 0.3588278591632843 1.922076506688785
[59 INFO root] 0.21508829295635223 0.35734033584594727 1.9419861368962963
[59 INFO root] 0.21567921340465546 0.3558134138584137 1.9649272775010662
[59 INFO root] 0.21631836891174316 0.35426679253578186 1.9906256925708532
[59 INFO root] 0.2170037031173706 0.35272088646888733 2.018642041435361
[59 INFO root] 0.2177305817604065 0.35119685530662537 2.0483512805276414
[59 INFO root] 0.21849104762077332 0.349716454744339 2.0789435782572476
[59 INFO root] 0.21927347779273987 0.34830108284950256 2.109453827973357
[59 INFO root] 0.2200629711151123 0.34697043895721436 2.1388205986801685
[59 INFO root] 0.22084230184555054 0.3457408547401428 2.165967094609661
[59 INFO root] 0.2215937376022339 0.34462401270866394 2.1898869405628107
[59 INFO root] 0.22230084240436554 0.34362614154815674 2.209715568390006
[59 INFO root] 0.22295010089874268 0.34274810552597046 2.2247746357915186
[59 INFO root] 0.22353218495845795 0.3419860303401947 2.2346652285491877
[59 INFO root] 0.22404339909553528 0.3413310647010803 2.23938430215385
[59 INFO root] 0.2244841307401657 0.34077250957489014 2.239072364854219
[59 INFO root] 0.2248573750257492 0.3402997851371765 2.2339229118425963
[59 INFO root] 0.22516775131225586 0.3399029076099396 2.224152605204675
[59 INFO root] 0.22542084753513336 0.33957308530807495 2.2099813604862373
[59 INFO root] 0.22562269866466522 0.33930251002311707 2.1916174981757193
[59 INFO root] 0.22577941417694092 0.3390843868255615 2.1692472788538777
[59 INFO root] 0.2258968949317932 0.3389131426811218 2.143028221898603
[59 INFO root] 0.2259805053472519 0.3387843072414398 2.113085871651306
[59 INFO root] 0.2260349988937378 0.3386947512626648 2.079514017862673
[59 INFO root] 0.22606432437896729 0.33864283561706543 2.042378473836441
[59 INFO root] 0.2260717898607254 0.3386286497116089 2.001724499640366
[59 INFO root] 0.226060152053833 0.3386540710926056 1.9575946762110432
[59 INFO root] 0.226033017039299 0.33872032165527344 1.9100782581782092
[59 INFO root] 0.22599434852600098 0.33882880210876465 1.859267605698893
[59 INFO root] 0.2259482741355896 0.33898189663887024 1.8052351554916062
[59 INFO root] 0.2258993238210678 0.33918309211730957 1.748035732029745
[59 INFO root] 0.22585272789001465 0.3394363820552826 1.6877126406665328
[59 INFO root] 0.22581472992897034 0.3397462069988251 1.6243035276468245
[59 INFO root] 0.22579285502433777 0.3401171863079071 1.5578461644148984
[59 INFO root] 0.22579599916934967 0.3405536413192749 1.4883845737990564
[59 INFO root] 0.2258346825838089 0.34105944633483887 1.4159758303490018
[59 INFO root] 0.2259211391210556 0.3416374921798706 1.3406977332259677
[59 INFO root] 0.22606925666332245 0.34228935837745667 1.2626570671551083
[59 INFO root] 0.22629453241825104 0.34301453828811646 1.1819985400777429
[59 INFO root] 0.22661375999450684 0.34381014108657837 1.0989143095333067
[59 INFO root] 0.22704453766345978 0.3446700870990753 1.0136536385239971
[59 INFO root] 0.22761856019496918 0.3456071615219116 0.928166123050831
[59 INFO root] 0.2283598631620407 0.34661322832107544 0.8444402192012961
[59 INFO root] 0.22927092015743256 0.34765470027923584 0.7632184273223717
[59 INFO root] 0.2303447276353836 0.34869757294654846 0.6850170203524784
[59 INFO root] 0.23156777024269104 0.3497120141983032 0.6102560447081953
[59 INFO root] 0.23292143642902374 0.35067319869995117 0.5392651118869243
[59 INFO root] 0.23438358306884766 0.3515619933605194 0.4722900137821943
[59 INFO root] 0.23592989146709442 0.35236480832099915 0.4094988042355559
[59 INFO root] 0.2375352531671524 0.3530735373497009 0.3509870337580935
[59 INFO root] 0.23917485773563385 0.35368481278419495 0.296782716865675
[59 INFO root] 0.24082517623901367 0.3541994094848633 0.24685199638264013
[59 INFO root] 0.24246470630168915 0.35462144017219543 0.20110632392927322
[59 INFO root] 0.24407455325126648 0.3549575209617615 0.1594114751819362
[59 INFO root] 0.2456386536359787 0.3552159070968628 0.1215981169663929
[59 INFO root] 0.2471439093351364 0.35540586709976196 0.0874731651459373
[59 INFO root] 0.24858014285564423 0.3555369973182678 0.056830948956266406
[59 INFO root] 0.24993984401226044 0.35561874508857727 0.0294632498695482
[59 INFO root] 0.25122538208961487 0.3556603491306305 0.003868398941300446
[59 INFO root] 0.25244924426078796 0.3556683659553528 -0.022060512575974942
[59 INFO root] 0.25361716747283936 0.3556457459926605 -0.04864262062429402
[59 INFO root] 0.25473394989967346 0.3555944859981537 -0.075981441816072
[59 INFO root] 0.2558043301105499 0.3555160462856293 -0.10417155741242709
[59 INFO root] 0.25683289766311646 0.3554115295410156 -0.13330034092209675
[59 INFO root] 0.257824182510376 0.35528162121772766 -0.16344911675083362
[59 INFO root] 0.2587825059890747 0.35512661933898926 -0.1946940311688079
[59 INFO root] 0.2597121000289917 0.35494640469551086 -0.2271066681506821
[59 INFO root] 0.26061707735061646 0.3547404110431671 -0.26075442558792417
[59 INFO root] 0.2615014314651489 0.3545076549053192 -0.29570065439376836
[59 INFO root] 0.26236897706985474 0.35424670577049255 -0.33200455083637403
[59 INFO root] 0.26322343945503235 0.35395559668540955 -0.3697207806503681
[59 INFO root] 0.26406827569007874 0.353631854057312 -0.40889880208738266
[59 INFO root] 0.2649068236351013 0.35327234864234924 -0.44958184416149716
[59 INFO root] 0.26574212312698364 0.35287341475486755 -0.4918054865899781
[59 INFO root] 0.26657694578170776 0.3524306118488312 -0.5355957804547519
[59 INFO root] 0.2674136161804199 0.3519389033317566 -0.5809668453122236
[59 INFO root] 0.26825404167175293 0.3513924181461334 -0.6279178823016947
[59 INFO root] 0.26909953355789185 0.3507844805717468 -0.6764295577289452
[59 INFO root] 0.26995059847831726 0.35010775923728943 -0.7264597429432278
[59 INFO root] 0.2708069384098053 0.34935417771339417 -0.7779386502623395
[59 INFO root] 0.27166712284088135 0.34851500391960144 -0.8307634874689904
[59 INFO root] 0.2725285291671753 0.3475811183452606 -0.8847928695622336
[59 INFO root] 0.27338707447052 0.34654325246810913 -0.9398413758320118
[59 INFO root] 0.27423718571662903 0.34539228677749634 -0.9956748138118997
[59 INFO root] 0.2750717103481293 0.344119668006897 -1.05200692643361
[59 INFO root] 0.27588191628456116 0.3427180051803589 -1.1084984146142094
[59 INFO root] 0.2766577899456024 0.34118160605430603 -1.1647591879281298
[59 INFO root] 0.277388334274292 0.3395070433616638 -1.220354636879479
[59 INFO root] 0.27805647253990173 0.3377089202404022 -1.274514914613169
[59 INFO root] 0.27862226963043213 0.33589115738868713 -1.3251072733264457
[59 INFO root] 0.2790854573249817 0.33408355712890625 -1.3719258444339795
[59 INFO root] 0.27945294976234436 0.33230429887771606 -1.4150664320662594
[59 INFO root] 0.2797333598136902 0.33056846261024475 -1.4546785673463265
[59 INFO root] 0.27993640303611755 0.32888779044151306 -1.490948379742944
[59 INFO root] 0.2800719439983368 0.3272704482078552 -1.524082910810272
[59 INFO root] 0.2801497280597687 0.3257211446762085 -1.5542957760955731
[59 INFO root] 0.28017881512641907 0.3242413103580475 -1.5817949645228564
[59 INFO root] 0.2801673412322998 0.32282906770706177 -1.6067732720513515
[59 INFO root] 0.2801222801208496 0.3214796781539917 -1.6294016800693087
[59 INFO root] 0.2800494134426117 0.32018566131591797 -1.6498258272499935
[59 INFO root] 0.2799531817436218 0.31893742084503174 -1.6681655121932255
[59 INFO root] 0.2798369526863098 0.31772375106811523 -1.6845168255585026
[59 INFO root] 0.27970290184020996 0.31653261184692383 -1.698956114061891
[59 INFO root] 0.27955248951911926 0.3153519034385681 -1.7115448000362299
[59 INFO root] 0.27938660979270935 0.31417039036750793 -1.7223340684135378
[59 INFO root] 0.279205858707428 0.3129782974720001 -1.7313686204232324
[59 INFO root] 0.27901092171669006 0.3117678165435791 -1.7386893605417038
[59 INFO root] 0.2788025736808777 0.31053316593170166 -1.744335251610792
[59 INFO root] 0.27858197689056396 0.3092706799507141 -1.7483446859227594
[59 INFO root] 0.2783505916595459 0.3079783022403717 -1.7507566394686067
[59 INFO root] 0.278110146522522 0.30665484070777893 -1.7516125076871363
[59 INFO root] 0.27786263823509216 0.30530041456222534 -1.7509553962423323
[59 INFO root] 0.2776104509830475 0.30391624569892883 -1.7488302092611272
[59 INFO root] 0.2773560881614685 0.30250439047813416 -1.7452845000338222
[59 INFO root] 0.2771022319793701 0.3010672926902771 -1.740369190725083
[59 INFO root] 0.2768515646457672 0.299607515335083 -1.734138922226778
[59 INFO root] 0.2766067385673523 0.2981276214122772 -1.7266520621674937
[59 INFO root] 0.2763702869415283 0.29663002490997314 -1.7179704554252593
[59 INFO root] 0.2761446535587311 0.29511696100234985 -1.7081590058700742
[59 INFO root] 0.27593210339546204 0.29359039664268494 -1.6972851644425944
[59 INFO root] 0.2757348120212555 0.2920522391796112 -1.6854183793244804
[59 INFO root] 0.27555474638938904 0.29050418734550476 -1.672629545444838
[59 INFO root] 0.27539369463920593 0.28894782066345215 -1.6589904757155798
[59 INFO root] 0.2752533257007599 0.28738459944725037 -1.6445732107321998
[59 INFO root] 0.2751351296901703 0.2858160734176636 -1.629449210381117
[59 INFO root] 0.2750404179096222 0.28424370288848877 -1.6136886655310236
[59 INFO root] 0.2749703526496887 0.2826690971851349 -1.5973599972391292
[59 INFO root] 0.27492591738700867 0.28109386563301086 -1.5805295079236807
[59 INFO root] 0.2749079465866089 0.27951961755752563 -1.5632611402754246
[59 INFO root] 0.2749170660972595 0.27794796228408813 -1.5456163081860168
[59 INFO root] 0.2749537527561188 0.2763805687427521 -1.5276537710194178
[59 INFO root] 0.2750183641910553 0.274819016456604 -1.5094295394128439
[59 INFO root] 0.27511098980903625 0.27326488494873047 -1.4909968090610108
[59 INFO root] 0.2752316892147064 0.27171966433525085 -1.47240592153316
[59 INFO root] 0.27538028359413147 0.27018487453460693 -1.4537034205865145
[59 INFO root] 0.2755565047264099 0.2686622440814972 -1.4349281813522852
[59 INFO root] 0.27575987577438354 0.26715338230133057 -1.4161153815301935
[59 INFO root] 0.2759878635406494 0.2656726539134979 -1.3980308746137113
[59 INFO root] 0.27623793482780457 0.2642238736152649 -1.3808519456640436
[59 INFO root] 0.2765076160430908 0.26280781626701355 -1.3646038108550704
[59 INFO root] 0.2767944931983948 0.2614249289035797 -1.3492993911359485
[59 INFO root] 0.2770962119102478 0.26007533073425293 -1.3349481746775198
[59 INFO root] 0.277410626411438 0.258758544921875 -1.3215664866470787
[59 INFO root] 0.2777361273765564 0.25747227668762207 -1.309205120407222
[59 INFO root] 0.27807125449180603 0.2562142014503479 -1.2979182895205985
[59 INFO root] 0.2784145772457123 0.25498199462890625 -1.287755449119709
[59 INFO root] 0.27876466512680054 0.25377368927001953 -1.2787610654652766
[59 INFO root] 0.27912014722824097 0.25258728861808777 -1.270974915954216
[59 INFO root] 0.2794797122478485 0.2514209747314453 -1.2644323449520065
[59 INFO root] 0.2798420190811157 0.2502728998661041 -1.2591644686335388
[59 INFO root] 0.2802058756351471 0.24914133548736572 -1.2551983222086915
[59 INFO root] 0.28057003021240234 0.24802446365356445 -1.2525569367370977
[59 INFO root] 0.2809334099292755 0.24692051112651825 -1.2512593295788326
[59 INFO root] 0.2812948226928711 0.24582770466804504 -1.2513203933416175
[59 INFO root] 0.2816532552242279 0.24474424123764038 -1.252750490378365
[59 INFO root] 0.2820076048374176 0.2436683624982834 -1.2555548938123564
[59 INFO root] 0.2823569178581238 0.24259833991527557 -1.2597332381243356
[59 INFO root] 0.2827000916004181 0.24153245985507965 -1.2652790562822325
[59 INFO root] 0.28303608298301697 0.24046915769577026 -1.272179445953994
[59 INFO root] 0.28336387872695923 0.23940691351890564 -1.2804148909638051
[59 INFO root] 0.28368237614631653 0.23834431171417236 -1.2899592499964094
[59 INFO root] 0.2839904725551605 0.23728007078170776 -1.3007799115679493
[59 INFO root] 0.2842870354652405 0.2362130582332611 -1.3128381020383368
[59 INFO root] 0.28457093238830566 0.23514226078987122 -1.3260893237690998
[59 INFO root] 0.28484100103378296 0.23406681418418884 -1.3404838944039228
[59 INFO root] 0.28509604930877686 0.2329859733581543 -1.3559675554708146
[59 INFO root] 0.2853349447250366 0.2318991869688034 -1.3724821184833338
[59 INFO root] 0.28555649518966675 0.23080600798130035 -1.3899661187956738
[59 INFO root] 0.2857595682144165 0.22970613837242126 -1.4083554510141123
[59 INFO root] 0.28594303131103516 0.2285993993282318 -1.4275839642443147
[59 INFO root] 0.28610581159591675 0.2274857610464096 -1.447584000427003
[59 INFO root] 0.2862468361854553 0.22636529803276062 -1.4682868640468996
[59 INFO root] 0.2863651216030121 0.22523817420005798 -1.4896232163056586
[59 INFO root] 0.2864597737789154 0.22410467267036438 -1.511523391255057
[59 INFO root] 0.28652986884117126 0.22296516597270966 -1.5339176352584987
[59 INFO root] 0.28657469153404236 0.22182008624076843 -1.556736274404862
[59 INFO root] 0.2865934669971466 0.2206699699163437 -1.579909817122593
[59 INFO root] 0.28658562898635864 0.2195153683423996 -1.603369002534565
[59 INFO root] 0.2865505814552307 0.2183569371700287 -1.6270448249894052
[59 INFO root] 0.2864879369735718 0.2171953171491623 -1.6508685006119161
[59 INFO root] 0.2863973081111908 0.21603122353553772 -1.674771380903249
[59 INFO root] 0.28627845644950867 0.21486537158489227 -1.6986848426918744
[59 INFO root] 0.28613123297691345 0.21369850635528564 -1.7225401851351694
[59 INFO root] 0.2859555780887604 0.2125314176082611 -1.7462685601523125
[59 INFO root] 0.285751610994339 0.21136489510536194 -1.769800957422685
[59 INFO root] 0.28551948070526123 0.210199773311615 -1.7930682591399625
[59 INFO root] 0.28525951504707336 0.2090369164943695 -1.816001373277984
[59 INFO root] 0.28497210144996643 0.20787718892097473 -1.838531447725179
[59 INFO root] 0.28465786576271057 0.20672151446342468 -1.8605901617743006
[59 INFO root] 0.2843175232410431 0.20557081699371338 -1.8821100864500797
[59 INFO root] 0.28395187854766846 0.20442605018615723 -1.9030251011734938
[59 INFO root] 0.28356194496154785 0.20328815281391144 -1.9232708513580652
[59 INFO root] 0.283148854970932 0.20215806365013123 -1.9427852297930117
[59 INFO root] 0.2827138602733612 0.2010367214679718 -1.9615088640191531
[59 INFO root] 0.28225839138031006 0.1999249905347824 -1.9793855921898638
[59 INFO root] 0.28178393840789795 0.1988237351179123 -1.9963629109831904
[59 INFO root] 0.2812921106815338 0.19773373007774353 -2.0123923808660322
[59 INFO root] 0.28078460693359375 0.19665569067001343 -2.0274299762783374
[59 INFO root] 0.28026318550109863 0.19559027254581451 -2.0414363709685635
[59 INFO root] 0.2797296941280365 0.19453801214694977 -2.054377151621253
[59 INFO root] 0.279185950756073 0.193499356508255 -2.066222955916945
[59 INFO root] 0.27863383293151855 0.19247470796108246 -2.07694953409962
[59 INFO root] 0.2780751585960388 0.19146429002285004 -2.0865377358567425
[59 INFO root] 0.27751198410987854 0.1904686540365219 -2.094981633445201
[59 INFO root] 0.27694642543792725 0.1894884705543518 -2.1022857276823874
[59 INFO root] 0.2763804495334625 0.18852417171001434 -2.108459105921515
[59 INFO root] 0.27579954266548157 0.18754854798316956 -2.1137192788846484
[59 INFO root] 0.27520379424095154 0.18656009435653687 -2.118116641116685
[59 INFO root] 0.2745955288410187 0.18556103110313416 -2.121679741550835
[59 INFO root] 0.2739769518375397 0.18455326557159424 -2.1244368044498056
[59 INFO root] 0.27334997057914734 0.18353836238384247 -2.126415764641253
[59 INFO root] 0.2727164924144745 0.18251757323741913 -2.127644416257247
[59 INFO root] 0.27207812666893005 0.1814919263124466 -2.1281505559789884
[59 INFO root] 0.2714364230632782 0.18046224117279053 -2.127962095067939
[59 INFO root] 0.27079278230667114 0.17942914366722107 -2.127107140427402
[59 INFO root] 0.27014845609664917 0.1783931404352188 -2.125614046664163
[59 INFO root] 0.2695046067237854 0.17735464870929718 -2.123511441874862
[59 INFO root] 0.26886236667633057 0.17631395161151886 -2.1208282302619867
[59 INFO root] 0.2682226002216339 0.1752711534500122 -2.117589834303089
[59 INFO root] 0.2675859332084656 0.17422598600387573 -2.1138143182243923
[59 INFO root] 0.2669529616832733 0.17317813634872437 -2.1095198101395667
[59 INFO root] 0.2663242816925049 0.17212729156017303 -2.1047262876165145
[59 INFO root] 0.26570039987564087 0.17107319831848145 -2.099455559669767
[59 INFO root] 0.26508188247680664 0.1700155884027481 -2.0937311114607944
[59 INFO root] 0.2644692361354828 0.16895422339439392 -2.087577941031716
[59 INFO root] 0.2638629674911499 0.16788893938064575 -2.081022390841459
[59 INFO root] 0.2632635533809662 0.16681954264640808 -2.0740919750445204
[59 INFO root] 0.26267147064208984 0.16574594378471375 -2.0668152035438
[59 INFO root] 0.2620871365070343 0.1646680235862732 -2.059221403960038
[59 INFO root] 0.2615109980106354 0.16358573734760284 -2.051340542761274
[59 INFO root] 0.2609434425830841 0.1624990701675415 -2.0432030468808207
[59 INFO root] 0.26038479804992676 0.16140805184841156 -2.0348396272160443
[59 INFO root] 0.25983545184135437 0.1603127419948578 -2.026281105440159
[59 INFO root] 0.2592957317829132 0.15921324491500854 -2.0175582455694108
[59 INFO root] 0.25876584649086 0.15810969471931458 -2.0087015917068953
[59 INFO root] 0.25824612379074097 0.157002255320549 -1.999741313330004
[59 INFO root] 0.25773677229881287 0.15589116513729095 -1.9907070594003087
[59 INFO root] 0.25723797082901 0.15477663278579712 -1.981627822455193
[59 INFO root] 0.25674986839294434 0.15365895628929138 -1.972531813691061
[59 INFO root] 0.2562726140022278 0.15253840386867523 -1.9634463498741377
[59 INFO root] 0.2558062970638275 0.15141531825065613 -1.9543977527214584
[59 INFO root] 0.2553509473800659 0.15029001235961914 -1.9454112611880594
[59 INFO root] 0.2549065947532654 0.1491628736257553 -1.9365109568837136
[59 INFO root] 0.2544732391834259 0.1480342596769333 -1.9277197026306696
[59 INFO root] 0.2540508508682251 0.14690455794334412 -1.919059093969336
[59 INFO root] 0.2536393105983734 0.14577414095401764 -1.9105494232286
[59 INFO root] 0.25323858857154846 0.1446434110403061 -1.9022096556056327
[59 INFO root] 0.25284844636917114 0.1435127705335617 -1.8940574165522397
[59 INFO root] 0.2524688243865967 0.14238260686397552 -1.8861089896428227
[59 INFO root] 0.2520994544029236 0.1412533074617386 -1.8783793240053155
[59 INFO root] 0.25174012780189514 0.14012525975704193 -1.870882050331179
[59 INFO root] 0.251390665769577 0.1389988213777542 -1.8636295044431532
[59 INFO root] 0.251050740480423 0.13787437975406647 -1.8566327573881387
[59 INFO root] 0.2507201135158539 0.13675226271152496 -1.8499016510348782
[59 INFO root] 0.2503984868526459 0.13563281297683716 -1.8434448381890822
[59 INFO root] 0.2500855326652527 0.1345163732767105 -1.8372698262888656
[59 INFO root] 0.24978093802928925 0.1334032118320465 -1.831383023806511
[59 INFO root] 0.2494843602180481 0.13229365646839142 -1.8257897885567471
[59 INFO root] 0.24919548630714417 0.13118796050548553 -1.820494477191209
[59 INFO root] 0.2489139288663864 0.13008637726306915 -1.8155004952426823
[59 INFO root] 0.24863936007022858 0.12898917496204376 -1.8108103471666155
[59 INFO root] 0.248371422290802 0.12789654731750488 -1.8064256859099943
[59 INFO root] 0.24810974299907684 0.12680873274803162 -1.80234736161662
[59 INFO root] 0.24785396456718445 0.1257259100675583 -1.7985754691517053
[59 INFO root] 0.24760372936725616 0.12464825063943863 -1.7951093941967693
[59 INFO root] 0.24735867977142334 0.12357592582702637 -1.7919478577272299
[59 INFO root] 0.24711847305297852 0.12250908464193344 -1.7890889587390946
[59 INFO root] 0.24688273668289185 0.12144786864519119 -1.7865302151387998
[59 INFO root] 0.24665115773677826 0.12039239704608917 -1.7842686027507584
