[11 INFO root] Initialising Python Geth Console...
[11 INFO root] Initialising RandB board...
[11 INFO root] Initialising resource sensor...
[11 INFO root] Initialising random-walk...
[11 INFO root] Initialising navigation...
[11 INFO root] Initialising Odo...
[11 INFO root] Initialising odometry...
[11 INFO root] Initialising gps...
[11 INFO root] Initialising Ground sensor...
[11 INFO root] --//-- Starting Experiment --//--
[11 INFO root] x y direction
[11 INFO root] -0.2290409952402115 -0.21924099326133728 -1.1435048193216448
[11 INFO root] -0.2282639890909195 -0.22094741463661194 -1.1638062973860828
[11 INFO root] -0.22608457505702972 -0.2259475290775299 -1.1823111638017216
[11 INFO root] -0.22405484318733215 -0.23086635768413544 -1.1956606867073731
[11 INFO root] -0.2223276048898697 -0.2352273166179657 -1.2050527901072656
[11 INFO root] -0.22082887589931488 -0.23912684619426727 -1.2117362301299208
[11 INFO root] -0.21949175000190735 -0.24268150329589844 -1.2166806987673007
[11 INFO root] -0.21826313436031342 -0.24599942564964294 -1.2206595685723594
[11 INFO root] -0.2171073704957962 -0.2491602599620819 -1.2243011613148398
[11 INFO root] -0.2160034328699112 -0.25221413373947144 -1.2280915346189845
[11 INFO root] -0.2149428427219391 -0.2551831305027008 -1.232358930977308
[11 INFO root] -0.21392576396465302 -0.25806868076324463 -1.23726103523982
[11 INFO root] -0.21295666694641113 -0.2608610987663269 -1.2427957862985197
[11 INFO root] -0.21204107999801636 -0.2635466158390045 -1.2488480274064993
[11 INFO root] -0.21118368208408356 -0.26611173152923584 -1.2552369820678668
[11 INFO root] -0.2103874236345291 -0.2685452103614807 -1.2617564406728126
[11 INFO root] -0.20965337753295898 -0.2708388864994049 -1.268203376574837
[11 INFO root] -0.20898085832595825 -0.2729879915714264 -1.2743953745850742
[11 INFO root] -0.20836776494979858 -0.2749907374382019 -1.280179409708093
[11 INFO root] -0.20781099796295166 -0.2768481373786926 -1.2854346593937829
[11 INFO root] -0.20730674266815186 -0.27856341004371643 -1.290071506661942
[11 INFO root] -0.2068507969379425 -0.280141681432724 -1.2940283206650982
[11 INFO root] -0.20643888413906097 -0.28158944845199585 -1.2972671419462565
[11 INFO root] -0.20606672763824463 -0.2829141318798065 -1.2997690449480597
[11 INFO root] -0.20573027431964874 -0.2841236889362335 -1.3015296744266234
[11 INFO root] -0.20542572438716888 -0.285226434469223 -1.30255524196178
[11 INFO root] -0.2051495760679245 -0.2862306833267212 -1.302859116647322
[11 INFO root] -0.20488397777080536 -0.287198007106781 -1.3028823012387383
[11 INFO root] -0.20461924374103546 -0.28816235065460205 -1.3028823012387383
[11 INFO root] -0.20435452461242676 -0.2891266644001007 -1.3028823012387383
[11 INFO root] -0.20408980548381805 -0.29009100794792175 -1.3028823012387383
[11 INFO root] -0.20382508635520935 -0.2910553216934204 -1.3028823012387383
[11 INFO root] -0.20356036722660065 -0.29201963543891907 -1.3028823012387383
[11 INFO root] -0.20329564809799194 -0.2929839789867401 -1.3028823012387383
[11 INFO root] -0.20303092896938324 -0.29394829273223877 -1.3028823012387383
[11 INFO root] -0.20276620984077454 -0.2949126064777374 -1.3028823012387383
[11 INFO root] -0.20250149071216583 -0.29587695002555847 -1.3028823012387383
[11 INFO root] -0.20223677158355713 -0.29684126377105713 -1.3028823012387383
[11 INFO root] -0.20197203755378723 -0.2978056073188782 -1.3028823012387383
[11 INFO root] -0.20170731842517853 -0.29876992106437683 -1.3028823012387383
[11 INFO root] -0.20144259929656982 -0.2997342348098755 -1.3028823012387383
[11 INFO root] -0.20117788016796112 -0.30069857835769653 -1.3028823012387383
[11 INFO root] -0.20091316103935242 -0.3016628921031952 -1.3028823012387383
[11 INFO root] -0.2006484419107437 -0.30262723565101624 -1.3028823012387383
[11 INFO root] -0.200383722782135 -0.3035915493965149 -1.3028823012387383
[11 INFO root] -0.2001190036535263 -0.30455586314201355 -1.3028823012387383
[11 INFO root] -0.1998542845249176 -0.3055202066898346 -1.3028823012387383
[11 INFO root] -0.1995895653963089 -0.30648452043533325 -1.3028823012387383
[11 INFO root] -0.1993248462677002 -0.3074488341808319 -1.3028823012387383
[11 INFO root] -0.1990601122379303 -0.30841317772865295 -1.3028823012387383
[11 INFO root] -0.1987953931093216 -0.3093774914741516 -1.3028823012387383
[11 INFO root] -0.1985306739807129 -0.31034183502197266 -1.3028823012387383
[11 INFO root] -0.1982659548521042 -0.3113061487674713 -1.3028823012387383
[11 INFO root] -0.19800123572349548 -0.31227046251296997 -1.3028823012387383
[11 INFO root] -0.19773651659488678 -0.313234806060791 -1.3028823012387383
[11 INFO root] -0.19747179746627808 -0.3141991198062897 -1.3028823012387383
[11 INFO root] -0.19720707833766937 -0.3151634633541107 -1.3028823012387383
[11 INFO root] -0.19694235920906067 -0.3161277770996094 -1.3028823012387383
[11 INFO root] -0.19667764008045197 -0.31709209084510803 -1.3028823012387383
[11 INFO root] -0.19641292095184326 -0.3180564343929291 -1.3028823012387383
[11 INFO root] -0.19614820182323456 -0.31902074813842773 -1.3028823012387383
[11 INFO root] -0.19588346779346466 -0.3199850618839264 -1.3028823012387383
[11 INFO root] -0.19561874866485596 -0.32094940543174744 -1.3028823012387383
[11 INFO root] -0.19535402953624725 -0.3219137191772461 -1.3028823012387383
[11 INFO root] -0.19508931040763855 -0.32287806272506714 -1.3028823012387383
[11 INFO root] -0.19482459127902985 -0.3238423764705658 -1.3028823012387383
[11 INFO root] -0.19455987215042114 -0.32480669021606445 -1.3028823012387383
[11 INFO root] -0.19429515302181244 -0.3257710337638855 -1.3028823012387383
[11 INFO root] -0.19403043389320374 -0.32673534750938416 -1.3028823012387383
[11 INFO root] -0.19376571476459503 -0.3276996612548828 -1.3028823012387383
[11 INFO root] -0.19350099563598633 -0.32866400480270386 -1.3028823012387383
[11 INFO root] -0.19323627650737762 -0.3296283185482025 -1.3028823012387383
[11 INFO root] -0.19297154247760773 -0.33059266209602356 -1.3028823012387383
[11 INFO root] -0.19270682334899902 -0.3315569758415222 -1.3028823012387383
[11 INFO root] -0.19244210422039032 -0.3325212895870209 -1.3028823012387383
[11 INFO root] -0.19217738509178162 -0.3334856331348419 -1.3028823012387383
[11 INFO root] -0.1919126659631729 -0.3344499468803406 -1.3028823012387383
[11 INFO root] -0.1916479468345642 -0.3354142904281616 -1.3028823012387383
[11 INFO root] -0.1913832277059555 -0.3363786041736603 -1.3028823012387383
[11 INFO root] -0.1911185085773468 -0.33734291791915894 -1.3028823012387383
[11 INFO root] -0.1908537894487381 -0.33830726146698 -1.3028823012387383
[11 INFO root] -0.1905890703201294 -0.33927157521247864 -1.3028823012387383
[11 INFO root] -0.1903243511915207 -0.3402358889579773 -1.3028823012387383
[11 INFO root] -0.1900596171617508 -0.34120023250579834 -1.3028823012387383
[11 INFO root] -0.1897948980331421 -0.342164546251297 -1.3028823012387383
[11 INFO root] -0.1895301789045334 -0.34312888979911804 -1.3028823012387383
[11 INFO root] -0.18926545977592468 -0.3440932035446167 -1.3028823012387383
[11 INFO root] -0.18900074064731598 -0.34505751729011536 -1.3028823012387383
[11 INFO root] -0.18873602151870728 -0.3460218608379364 -1.3028823012387383
[11 INFO root] -0.18847130239009857 -0.34698617458343506 -1.3028823012387383
[11 INFO root] -0.18820658326148987 -0.3479505181312561 -1.3028823012387383
[11 INFO root] -0.18794186413288116 -0.34891483187675476 -1.3028823012387383
[11 INFO root] -0.18767714500427246 -0.3498791456222534 -1.3028823012387383
[11 INFO root] -0.18741242587566376 -0.35084348917007446 -1.3028823012387383
[11 INFO root] -0.18714769184589386 -0.3518078029155731 -1.3028823012387383
[11 INFO root] -0.18688297271728516 -0.3527721166610718 -1.3028823012387383
[11 INFO root] -0.18661825358867645 -0.3537364602088928 -1.3028823012387383
[11 INFO root] -0.18635353446006775 -0.3547007739543915 -1.3028823012387383
[11 INFO root] -0.18608881533145905 -0.3556651175022125 -1.3028823012387383
[11 INFO root] -0.18582409620285034 -0.3566294312477112 -1.3028823012387383
[11 INFO root] -0.18555937707424164 -0.35759374499320984 -1.3028823012387383
[11 INFO root] -0.18529465794563293 -0.3585580885410309 -1.3028823012387383
[11 INFO root] -0.18502993881702423 -0.35952240228652954 -1.3028823012387383
[11 INFO root] -0.18476521968841553 -0.3604867458343506 -1.3028823012387383
[11 INFO root] -0.18450050055980682 -0.36145105957984924 -1.3028823012387383
[11 INFO root] -0.18423578143119812 -0.3624153733253479 -1.3028823012387383
[11 INFO root] -0.18397104740142822 -0.36337971687316895 -1.3028823012387383
[11 INFO root] -0.18370632827281952 -0.3643440306186676 -1.3028823012387383
[11 INFO root] -0.18344160914421082 -0.36530834436416626 -1.3028823012387383
[11 INFO root] -0.1831768900156021 -0.3662726879119873 -1.3028823012387383
[11 INFO root] -0.1829121708869934 -0.36723700165748596 -1.3028823012387383
[11 INFO root] -0.1826474517583847 -0.368201345205307 -1.3028823012387383
[11 INFO root] -0.182382732629776 -0.36916565895080566 -1.3028823012387383
[11 INFO root] -0.1821180135011673 -0.3701299726963043 -1.3028823012387383
[11 INFO root] -0.1818532943725586 -0.37109431624412537 -1.3028823012387383
[11 INFO root] -0.1815885752439499 -0.372058629989624 -1.3028823012387383
[11 INFO root] -0.1813238561153412 -0.37302297353744507 -1.3028823012387383
[11 INFO root] -0.1810591220855713 -0.3739872872829437 -1.3028823012387383
[11 INFO root] -0.18079440295696259 -0.3749516010284424 -1.3028823012387383
[11 INFO root] -0.18052968382835388 -0.3759159445762634 -1.3028823012387383
[11 INFO root] -0.18026496469974518 -0.3768802583217621 -1.3028823012387383
[11 INFO root] -0.18000024557113647 -0.37784457206726074 -1.3028823012387383
[11 INFO root] -0.17973552644252777 -0.3788089156150818 -1.3028823012387383
[11 INFO root] -0.17947080731391907 -0.37977322936058044 -1.3028823012387383
[11 INFO root] -0.17920608818531036 -0.3807375729084015 -1.3028823012387383
[11 INFO root] -0.17894136905670166 -0.38170188665390015 -1.3028823012387383
[11 INFO root] -0.17867664992809296 -0.3826662003993988 -1.3028823012387383
[11 INFO root] -0.17841193079948425 -0.38363054394721985 -1.3028823012387383
[11 INFO root] -0.17814719676971436 -0.3845948576927185 -1.3028823012387383
[11 INFO root] -0.17788247764110565 -0.38555917143821716 -1.3028823012387383
[11 INFO root] -0.17761775851249695 -0.3865235149860382 -1.3028823012387383
[11 INFO root] -0.17735303938388824 -0.38748782873153687 -1.3028823012387383
[11 INFO root] -0.17708832025527954 -0.3884521722793579 -1.3028823012387383
[11 INFO root] -0.17682360112667084 -0.38941648602485657 -1.3028823012387383
[11 INFO root] -0.17655888199806213 -0.3903807997703552 -1.3028823012387383
[11 INFO root] -0.17629416286945343 -0.39134514331817627 -1.3028823012387383
[11 INFO root] -0.17602944374084473 -0.3923094570636749 -1.3028823012387383
[11 INFO root] -0.17576472461223602 -0.39327380061149597 -1.3028823012387383
[11 INFO root] -0.17550000548362732 -0.39423811435699463 -1.3028823012387383
[11 INFO root] -0.17523528635501862 -0.3952024281024933 -1.3028823012387383
[11 INFO root] -0.17497055232524872 -0.39616677165031433 -1.3028823012387383
[11 INFO root] -0.17470583319664001 -0.397131085395813 -1.3028823012387383
[11 INFO root] -0.1744411140680313 -0.39809539914131165 -1.3028823012387383
[11 INFO root] -0.1741763949394226 -0.3990597426891327 -1.3028823012387383
[11 INFO root] -0.1739116758108139 -0.40002405643463135 -1.3028823012387383
[11 INFO root] -0.1736469566822052 -0.4009883999824524 -1.3028823012387383
[11 INFO root] -0.1733822375535965 -0.40195271372795105 -1.3028823012387383
[11 INFO root] -0.1731175184249878 -0.4029170274734497 -1.3028823012387383
[11 INFO root] -0.1728527992963791 -0.40388137102127075 -1.3028823012387383
[11 INFO root] -0.17258808016777039 -0.4048456847667694 -1.3028823012387383
[11 INFO root] -0.17232336103916168 -0.40581002831459045 -1.3028823012387383
[11 INFO root] -0.17205862700939178 -0.4067743420600891 -1.3028823012387383
[11 INFO root] -0.17179390788078308 -0.40773865580558777 -1.3028823012387383
[11 INFO root] -0.17152918875217438 -0.4087029993534088 -1.3028823012387383
[11 INFO root] -0.17126446962356567 -0.40966731309890747 -1.3028823012387383
[11 INFO root] -0.17099975049495697 -0.41063162684440613 -1.3028823012387383
[11 INFO root] -0.17073503136634827 -0.4115959703922272 -1.3028823012387383
[11 INFO root] -0.17046773433685303 -0.41256967186927795 -1.3009934212067342
[11 INFO root] -0.1701953411102295 -0.413555383682251 -1.2967677271211298
[11 INFO root] -0.16991540789604187 -0.41455283761024475 -1.2903956038763904
[11 INFO root] -0.16962556540966034 -0.4155616760253906 -1.2821145532366658
[11 INFO root] -0.16932356357574463 -0.4165816009044647 -1.272154397558357
[11 INFO root] -0.16900734603405 -0.4176124334335327 -1.2607367111083385
[11 INFO root] -0.1686956137418747 -0.41858941316604614 -1.2472783104966048
[11 INFO root] -0.16842618584632874 -0.4193972945213318 -1.2303539315110565
[11 INFO root] -0.1681957095861435 -0.4200521409511566 -1.209916558103904
[11 INFO root] -0.16799673438072205 -0.4205833077430725 -1.1860364061484931
[11 INFO root] -0.16782306134700775 -0.4210157096385956 -1.1587368076250224
[11 INFO root] -0.16766928136348724 -0.42137065529823303 -1.1280067813817622
[11 INFO root] -0.1675303429365158 -0.42166638374328613 -1.093811303057021
[11 INFO root] -0.16740117967128754 -0.42191869020462036 -1.0560991532001436
[11 INFO root] -0.16727638244628906 -0.42214149236679077 -1.014809440230854
[11 INFO root] -0.16714994609355927 -0.42234694957733154 -0.969877546953771
[11 INFO root] -0.167014941573143 -0.42254579067230225 -0.9212409968497017
[11 INFO root] -0.166863352060318 -0.42274734377861023 -0.8688455589229502
[11 INFO root] -0.16668583452701569 -0.4229592978954315 -0.8126517773668902
[11 INFO root] -0.16647164523601532 -0.423187792301178 -0.7526420085926606
[11 INFO root] -0.16620855033397675 -0.4234367907047272 -0.6888279673222045
[11 INFO root] -0.1658829003572464 -0.4237079620361328 -0.6212587251741508
[11 INFO root] -0.16549383103847504 -0.42399001121520996 -0.5504045597180327
[11 INFO root] -0.16507963836193085 -0.42424824833869934 -0.47747805035570706
[11 INFO root] -0.1646360158920288 -0.4244817793369293 -0.40240072527160764
[11 INFO root] -0.16415223479270935 -0.4246917963027954 -0.32498261527814504
[11 INFO root] -0.16361746191978455 -0.42487630248069763 -0.2450858293234553
[11 INFO root] -0.16302132606506348 -0.42503008246421814 -0.16262324194522165
[11 INFO root] -0.1623545140028 -0.42514467239379883 -0.07755612665667118
[11 INFO root] -0.16160930693149567 -0.4252084195613861 0.010107839124145687
[11 INFO root] -0.1607801467180252 -0.42520663142204285 0.10031576923327148
[11 INFO root] -0.15986423194408417 -0.4251220226287842 0.1929696179178648
[11 INFO root] -0.15886206924915314 -0.424934983253479 0.2879248771714074
[11 INFO root] -0.15777809917926788 -0.42462414503097534 0.3849878622248043
[11 INFO root] -0.15662118792533875 -0.4241672456264496 0.4839116086073823
[11 INFO root] -0.1554049253463745 -0.42354199290275574 0.5843903775727948
[11 INFO root] -0.1541479378938675 -0.42272716760635376 0.6860526474978428
[11 INFO root] -0.15287379920482635 -0.4217038154602051 0.7884523825564015
[11 INFO root] -0.15161067247390747 -0.4204568564891815 0.8910585588923805
[11 INFO root] -0.150390625 -0.41897648572921753 0.9932436859620319
[11 INFO root] -0.14924831688404083 -0.41725975275039673 1.094268894261974
[11 INFO root] -0.14821913838386536 -0.41531166434288025 1.1932566134203653
[11 INFO root] -0.14733722805976868 -0.4131472706794739 1.2892190751333614
[11 INFO root] -0.1466326117515564 -0.4107924699783325 1.3810963503661433
[11 INFO root] -0.1461278647184372 -0.40828388929367065 1.467812964157458
[11 INFO root] -0.1458350419998169 -0.4056670069694519 1.5483540913679201
[11 INFO root] -0.14575375616550446 -0.402992844581604 1.6218499195490874
[11 INFO root] -0.14587096869945526 -0.40031349658966064 1.6876503336438844
[11 INFO root] -0.14616262912750244 -0.39767760038375854 1.7453724023013688
[11 INFO root] -0.14659707248210907 -0.3951263725757599 1.7949107257794756
[11 INFO root] -0.1471390277147293 -0.3926912844181061 1.8364119730010189
[11 INFO root] -0.14775346219539642 -0.3903934061527252 1.8702243026221825
[11 INFO root] -0.14840860664844513 -0.38824406266212463 1.8968361104445735
[11 INFO root] -0.14907775819301605 -0.3862464129924774 1.9168167276888772
[11 INFO root] -0.14973989129066467 -0.3843974769115448 1.9307669692668743
[11 INFO root] -0.15037964284420013 -0.3826899826526642 1.9392824478970287
[11 INFO root] -0.15098653733730316 -0.3811139166355133 1.9429292326630576
[11 INFO root] -0.1515541821718216 -0.37965792417526245 1.94222910321422
[11 INFO root] -0.15208055078983307 -0.37830689549446106 1.937606568632244
[11 INFO root] -0.15258072316646576 -0.377006858587265 1.9288778906848765
[11 INFO root] -0.15305496752262115 -0.37574303150177 1.9163272530617412
[11 INFO root] -0.15350137650966644 -0.3745079040527344 1.9003033642969842
[11 INFO root] -0.15391863882541656 -0.37329423427581787 1.8811368049811625
[11 INFO root] -0.1543058454990387 -0.37209489941596985 1.859139197733969
[11 INFO root] -0.15466223657131195 -0.3709030747413635 1.8346055328612603
[11 INFO root] -0.15498699247837067 -0.3697124421596527 1.807817087832089
[11 INFO root] -0.15527908504009247 -0.36851727962493896 1.779044533760234
[11 INFO root] -0.15553727746009827 -0.36731255054473877 1.7485508456477317
[11 INFO root] -0.1557599902153015 -0.36609408259391785 1.716593720109827
[11 INFO root] -0.15594542026519775 -0.36485859751701355 1.6834272724323915
[11 INFO root] -0.15609152615070343 -0.36360371112823486 1.6493028459399466
[11 INFO root] -0.1561962068080902 -0.3623281419277191 1.6144688307662844
[11 INFO root] -0.15625733137130737 -0.3610316216945648 1.579169462477184
[11 INFO root] -0.15627294778823853 -0.35971492528915405 1.543642654806743
[11 INFO root] -0.15624137222766876 -0.3583798110485077 1.5081170105125776
[11 INFO root] -0.15616126358509064 -0.35702767968177795 1.4729480427825947
[11 INFO root] -0.15603122115135193 -0.35565415024757385 1.4392819095465188
[11 INFO root] -0.15585219860076904 -0.3542652130126953 1.4073445928024375
[11 INFO root] -0.1556262969970703 -0.3528679311275482 1.3772189064423954
[11 INFO root] -0.15535640716552734 -0.3514690399169922 1.3489531283309606
[11 INFO root] -0.1550460159778595 -0.3500746190547943 1.3225634414891323
[11 INFO root] -0.15469896793365479 -0.348690003156662 1.2980376673171232
[11 INFO root] -0.15431931614875793 -0.3473197817802429 1.2753397047921702
[11 INFO root] -0.15391115844249725 -0.34596771001815796 1.254414243876208
[11 INFO root] -0.15347853302955627 -0.3446367084980011 1.2351913959757632
[11 INFO root] -0.15302526950836182 -0.3433290719985962 1.21759097614429
[11 INFO root] -0.1525549441576004 -0.34204626083374023 1.201526268029394
[11 INFO root] -0.1520708203315735 -0.3407893478870392 1.186907188847624
[11 INFO root] -0.15157586336135864 -0.3395587205886841 1.1736428399704488
[11 INFO root] -0.1510726660490036 -0.3383544981479645 1.161643476712041
[11 INFO root] -0.15056350827217102 -0.3371763825416565 1.1508219601502945
[11 INFO root] -0.1500503569841385 -0.33602380752563477 1.1410947678371013
[11 INFO root] -0.1495349109172821 -0.3348960876464844 1.13238264321683
[11 INFO root] -0.14901858568191528 -0.33379223942756653 1.1246109593378164
[11 INFO root] -0.14850255846977234 -0.3327113091945648 1.1177098641493033
[11 INFO root] -0.14798761904239655 -0.3316517770290375 1.1115994619001237
[11 INFO root] -0.14747433364391327 -0.33061206340789795 1.1062011348429555
[11 INFO root] -0.14696303009986877 -0.32959049940109253 1.1014421339282146
[11 INFO root] -0.14645394682884216 -0.3285854756832123 1.0972551855845314
[11 INFO root] -0.1459471732378006 -0.32759547233581543 1.0935775951917903
[11 INFO root] -0.1454426646232605 -0.32661890983581543 1.0903505470456707
[11 INFO root] -0.1449403315782547 -0.3256542980670929 1.0875185998270265
[11 INFO root] -0.1444399505853653 -0.32470014691352844 1.0850293456696332
[11 INFO root] -0.14394128322601318 -0.32375505566596985 1.0828332048754499
[11 INFO root] -0.1434440314769745 -0.32281768321990967 1.0808833311460526
[11 INFO root] -0.14294782280921936 -0.3218867778778076 1.079135604056946
[11 INFO root] -0.14245229959487915 -0.3209610879421234 1.0775486867699613
[11 INFO root] -0.14195707440376282 -0.3200394809246063 1.076084128003447
[11 INFO root] -0.14146175980567932 -0.31912100315093994 1.0747064883636974
[11 INFO root] -0.14096596837043762 -0.3182046711444855 1.0733834725238554
[11 INFO root] -0.14046932756900787 -0.31728965044021606 1.0720860505750203
[11 INFO root] -0.13997146487236023 -0.3163752257823944 1.0707885542305333
[11 INFO root] -0.13947205245494843 -0.31546080112457275 1.0694687364039914
[11 INFO root] -0.1389707773923874 -0.3145458400249481 1.068107785885933
[11 INFO root] -0.13846735656261444 -0.3136298954486847 1.0666902922324721
[11 INFO root] -0.13796155154705048 -0.312712699174881 1.0652041593384312
[11 INFO root] -0.13745315372943878 -0.3117939829826355 1.063640469284054
[11 INFO root] -0.13694196939468384 -0.3108736276626587 1.0619933007326918
[11 INFO root] -0.1364278495311737 -0.3099515736103058 1.0602595082801973
[11 INFO root] -0.13591067492961884 -0.3090277910232544 1.0584384706392371
[11 INFO root] -0.13539040088653564 -0.30810239911079407 1.0565318163691906
[11 INFO root] -0.13486693799495697 -0.3071754574775696 1.0545431360753572
[11 INFO root] -0.134340301156044 -0.30624717473983765 1.0524776896831411
[11 INFO root] -0.13381046056747437 -0.305317759513855 1.0503421166534075
[11 INFO root] -0.13333573937416077 -0.30448901653289795 1.0485895208469955
[11 INFO root] -0.13292326033115387 -0.3037719428539276 1.0471503945139566
[11 INFO root] -0.1325630098581314 -0.3031478226184845 1.0457987279578977
[11 INFO root] -0.13224534690380096 -0.3025991916656494 1.0443402887471422
[11 INFO root] -0.1319623440504074 -0.30211207270622253 1.0426235867432123
[11 INFO root] -0.1317075937986374 -0.3016752600669861 1.040531210822208
[11 INFO root] -0.13147595524787903 -0.3012799322605133 1.037972457636536
[11 INFO root] -0.13126330077648163 -0.3009191155433655 1.0348775560412562
[11 INFO root] -0.13106633722782135 -0.3005872070789337 1.0311931091717084
[11 INFO root] -0.13088244199752808 -0.3002798855304718 1.0268784824585215
[11 INFO root] -0.13070955872535706 -0.29999372363090515 1.0219029449212218
[11 INFO root] -0.13054603338241577 -0.2997260093688965 1.0162434227234696
[11 INFO root] -0.13039052486419678 -0.2994746267795563 1.009882759556073
[11 INFO root] -0.1302420198917389 -0.2992378771305084 1.002808404652531
[11 INFO root] -0.13009938597679138 -0.29901400208473206 0.9950068253743017
[11 INFO root] -0.1299605667591095 -0.2987997531890869 0.9864481796508805
[11 INFO root] -0.129823699593544 -0.2985924482345581 0.9771066168490439
[11 INFO root] -0.12968747317790985 -0.2983901798725128 0.9669639700482212
[11 INFO root] -0.12955087423324585 -0.29819172620773315 0.9560078898369984
[11 INFO root] -0.1294132024049759 -0.29799628257751465 0.944230029120415
[11 INFO root] -0.129273921251297 -0.2978034019470215 0.931624744838247
[11 INFO root] -0.12913264334201813 -0.2976127862930298 0.9181882646466464
[11 INFO root] -0.12898898124694824 -0.29742431640625 0.903918273134502
[11 INFO root] -0.1288425773382187 -0.2972377836704254 0.888813891290876
[11 INFO root] -0.12869296967983246 -0.2970529794692993 0.8728760352411626
[11 INFO root] -0.12853960692882538 -0.29686951637268066 0.8561081449629572
[11 INFO root] -0.1283816546201706 -0.29668688774108887 0.8385172705516662
[11 INFO root] -0.1282181739807129 -0.296504408121109 0.8201044610123822
[11 INFO root] -0.1280481368303299 -0.29632148146629333 0.8008661705480812
[11 INFO root] -0.127870574593544 -0.29613763093948364 0.7808002049395125
[11 INFO root] -0.12768448889255524 -0.29595252871513367 0.759907501894137
[11 INFO root] -0.12748873233795166 -0.29576575756073 0.7381930298522636
[11 INFO root] -0.127282053232193 -0.29557693004608154 0.7156668183258216
[11 INFO root] -0.12706294655799866 -0.29538559913635254 0.6923451075103488
[11 INFO root] -0.12682971358299255 -0.29519128799438477 0.6682515062209788
[11 INFO root] -0.1265803724527359 -0.29499351978302 0.6434180424604039
[11 INFO root] -0.1263127475976944 -0.2947918176651001 0.6178860135001614
[11 INFO root] -0.12602442502975464 -0.29458585381507874 0.5917065913987628
[11 INFO root] -0.1257137805223465 -0.2943759858608246 0.5649229726122459
[11 INFO root] -0.12538136541843414 -0.29416409134864807 0.5375377442079392
[11 INFO root] -0.12502866983413696 -0.2939525842666626 0.5095293300146552
[11 INFO root] -0.1246575191617012 -0.29374387860298157 0.4808592046865378
[11 INFO root] -0.12426968663930893 -0.29354017972946167 0.45147650765001324
[11 INFO root] -0.12386658042669296 -0.29334327578544617 0.42132504332639975
[11 INFO root] -0.12344887852668762 -0.29315459728240967 0.3903527733431804
[11 INFO root] -0.1230161041021347 -0.29297497868537903 0.3585257834587464
[11 INFO root] -0.12256624549627304 -0.2928048074245453 0.32584550053637157
[11 INFO root] -0.12209579348564148 -0.292644202709198 0.2923601764372574
[11 INFO root] -0.12160003185272217 -0.29249322414398193 0.25816962877292554
[11 INFO root] -0.12107374519109726 -0.2923524081707001 0.22342012288097174
[11 INFO root] -0.12051194161176682 -0.2922228276729584 0.18829142193075205
[11 INFO root] -0.11991063505411148 -0.29210618138313293 0.1529796500187429
[11 INFO root] -0.11926732957363129 -0.29200479388237 0.11767873020432953
[11 INFO root] -0.1185813844203949 -0.29192134737968445 0.08256233819887208
[11 INFO root] -0.11785409599542618 -0.2918587327003479 0.04776786862344956
[11 INFO root] -0.11708858609199524 -0.29181957244873047 0.013383810569496543
[11 INFO root] -0.11629132181406021 -0.29180625081062317 -0.020636580638697097
[11 INFO root] -0.11546996235847473 -0.2918204963207245 -0.05442909349269043
[11 INFO root] -0.1146320328116417 -0.291863352060318 -0.08818237464824333
[11 INFO root] -0.11378423124551773 -0.29193544387817383 -0.12211417448721144
[11 INFO root] -0.11293184012174606 -0.29203715920448303 -0.15643966217568211
[11 INFO root] -0.11207860708236694 -0.2921687364578247 -0.19135451678286444
[11 INFO root] -0.11122694611549377 -0.29233065247535706 -0.22702736429545423
[11 INFO root] -0.11037813127040863 -0.2925235629081726 -0.2635944994434843
[11 INFO root] -0.10953252762556076 -0.29274848103523254 -0.3011559390392284
[11 INFO root] -0.10868985950946808 -0.2930067777633667 -0.33977301012815464
[11 INFO root] -0.10784947872161865 -0.29330021142959595 -0.3794672625028071
[11 INFO root] -0.1070106029510498 -0.2936309576034546 -0.42022018893326557
[11 INFO root] -0.1061725988984108 -0.29400137066841125 -0.4619732562182344
[11 INFO root] -0.10533519089221954 -0.29441404342651367 -0.504628391481497
[11 INFO root] -0.10454846173524857 -0.29484403133392334 -0.5490983529736874
[11 INFO root] -0.10382943600416183 -0.295279324054718 -0.5957491716153741
[11 INFO root] -0.103204645216465 -0.2956981658935547 -0.6430636051341386
[11 INFO root] -0.10269137471914291 -0.2960783839225769 -0.6899978636294412
[11 INFO root] -0.10227811336517334 -0.29641565680503845 -0.7368569300417794
[11 INFO root] -0.10195005685091019 -0.2967100143432617 -0.784049051635757
[11 INFO root] -0.10169282555580139 -0.2969636619091034 -0.8319273834189819
[11 INFO root] -0.10149289667606354 -0.2971805930137634 -0.8807838748172461
[11 INFO root] -0.10133800655603409 -0.29736605286598206 -0.9308464196602044
[11 INFO root] -0.10121779888868332 -0.2975255250930786 -0.98227478949911
[11 INFO root] -0.10112364590167999 -0.2976647913455963 -1.0351844128517016
[11 INFO root] -0.101048544049263 -0.29778963327407837 -1.0896610198777914
[11 INFO root] -0.10098714381456375 -0.2979055643081665 -1.1457700816828362
[11 INFO root] -0.10093563795089722 -0.29801759123802185 -1.203567621703932
[11 INFO root] -0.10089153796434402 -0.2981302738189697 -1.263110312832216
[11 INFO root] -0.10085337609052658 -0.29824796319007874 -1.3244617134335206
[11 INFO root] -0.10082067549228668 -0.29837489128112793 -1.3876961063966404
[11 INFO root] -0.10079386085271835 -0.29851511120796204 -1.452900764038708
[11 INFO root] -0.10077426582574844 -0.2986725866794586 -1.5201769539598518
[11 INFO root] -0.10076414048671722 -0.29885125160217285 -1.589639799892635
[11 INFO root] -0.10076671838760376 -0.29905498027801514 -1.6614170137713054
[11 INFO root] -0.10078637301921844 -0.2992876172065735 -1.7356453786827923
[11 INFO root] -0.10082869231700897 -0.29955270886421204 -1.812467049847774
[11 INFO root] -0.10090070217847824 -0.2998535633087158 -1.8920257364577602
[11 INFO root] -0.10103441029787064 -0.30026328563690186 -1.9745944662775936
[11 INFO root] -0.10125542432069778 -0.30078986287117004 -2.059533915056925
[11 INFO root] -0.10158711671829224 -0.30142417550086975 -2.1461486699145165
[11 INFO root] -0.1020500659942627 -0.30214962363243103 -2.233599317084495
[11 INFO root] -0.10265950858592987 -0.30294278264045715 -2.320916505981527
[11 INFO root] -0.10342257469892502 -0.3037746548652649 -2.407041244461
[11 INFO root] -0.10433747619390488 -0.30461418628692627 -2.490910532111009
[11 INFO root] -0.10539152473211288 -0.3054298162460327 -2.5714576510398595
[11 INFO root] -0.10656121373176575 -0.3061926066875458 -2.647651436495373
[11 INFO root] -0.10781313478946686 -0.30687883496284485 -2.718557826157086
[11 INFO root] -0.10910666733980179 -0.3074723184108734 -2.7834120858020106
[11 INFO root] -0.1103985533118248 -0.3079657554626465 -2.841677893400173
[11 INFO root] -0.11164776235818863 -0.3083604574203491 -2.893073132413913
[11 INFO root] -0.11281966418027878 -0.3086647689342499 -2.937562460222608
[11 INFO root] -0.11388898640871048 -0.3088914752006531 -2.975320640364405
[11 INFO root] -0.114841029047966 -0.3090553879737854 -3.0066768501487866
[11 INFO root] -0.11567127704620361 -0.30917108058929443 -3.032054002763997
[11 INFO root] -0.11638379096984863 -0.3092515766620636 -3.0519151593972174
[11 INFO root] -0.11698899418115616 -0.30930739641189575 -3.066723817207844
[11 INFO root] -0.11750134080648422 -0.3093467056751251 -3.076919306206611
[11 INFO root] -0.11793720722198486 -0.30937543511390686 -3.0829047950498114
[11 INFO root] -0.11831068992614746 -0.3093976378440857 -3.0850281512245536
[11 INFO root] -0.11863330006599426 -0.3094159960746765 -3.0835816189628584
[11 INFO root] -0.11891484260559082 -0.3094322979450226 -3.0788106761064316
[11 INFO root] -0.11916369199752808 -0.3094478249549866 -3.0709202148703367
[11 INFO root] -0.1193869411945343 -0.30946341156959534 -3.0600794891092447
[11 INFO root] -0.11961700767278671 -0.30948197841644287 -3.0484820203827265
[11 INFO root] -0.11986059695482254 -0.3095044493675232 -3.036834952837318
[11 INFO root] -0.1201227605342865 -0.30953171849250793 -3.025158461294426
[11 INFO root] -0.12041114270687103 -0.30956515669822693 -3.013396329579385
[11 INFO root] -0.12071863561868668 -0.3096044361591339 -3.001451804257941
[11 INFO root] -0.12103763967752457 -0.3096490502357483 -2.9892219185427784
[11 INFO root] -0.12136206775903702 -0.3096984922885895 -2.97660960807439
[11 INFO root] -0.1216871365904808 -0.3097521960735321 -2.9635245028656985
[11 INFO root] -0.12200911343097687 -0.30980968475341797 -2.94988180141873
[11 INFO root] -0.1223251149058342 -0.30987057089805603 -2.935601187024331
[11 INFO root] -0.12263298034667969 -0.30993443727493286 -2.9206064002067293
[11 INFO root] -0.12293122708797455 -0.3100009560585022 -2.9048256850599876
[11 INFO root] -0.12321904301643372 -0.3100699186325073 -2.8881931252170188
[11 INFO root] -0.12349631637334824 -0.3101412057876587 -2.870650668088979
[11 INFO root] -0.12376366555690765 -0.31021493673324585 -2.852150288022179
[11 INFO root] -0.12402236461639404 -0.31029146909713745 -2.8326555487369176
[11 INFO root] -0.12427430599927902 -0.3103713095188141 -2.8121418773776305
[11 INFO root] -0.12452178448438644 -0.3104553520679474 -2.7905948112211583
[11 INFO root] -0.12476726621389389 -0.3105446398258209 -2.768006462313278
[11 INFO root] -0.12501320242881775 -0.310640424489975 -2.7443717609282228
[11 INFO root] -0.12526187300682068 -0.310744047164917 -2.7196853920515403
[11 INFO root] -0.12551531195640564 -0.3108570873737335 -2.6939397346484393
[11 INFO root] -0.1257752925157547 -0.3109811246395111 -2.6671237812969486
[11 INFO root] -0.12604328989982605 -0.31111788749694824 -2.639222856547555
[11 INFO root] -0.12632055580615997 -0.31126925349235535 -2.6102189171326176
[11 INFO root] -0.12660180032253265 -0.31143349409103394 -2.5802839222496083
[11 INFO root] -0.12682558596134186 -0.3115730583667755 -2.551205631995296
[11 INFO root] -0.12699444591999054 -0.31168532371520996 -2.522937278606823
[11 INFO root] -0.12711843848228455 -0.3117729127407074 -2.495233304923282
[11 INFO root] -0.1272062063217163 -0.31183862686157227 -2.4678785751818473
[11 INFO root] -0.12726503610610962 -0.31188520789146423 -2.440682210347815
[11 INFO root] -0.12730106711387634 -0.3119153678417206 -2.4134710610985453
[11 INFO root] -0.12731947004795074 -0.3119316101074219 -2.386085733879653
[11 INFO root] -0.12732461094856262 -0.3119363486766815 -2.3583780701641475
[11 INFO root] -0.12732021510601044 -0.3119319677352905 -2.330209455277188
[11 INFO root] -0.1273088902235031 -0.31192004680633545 -2.3014628137429276
[11 INFO root] -0.12729167938232422 -0.31190094351768494 -2.2720466326207402
[11 INFO root] -0.12726953625679016 -0.3118748366832733 -2.241869660393584
[11 INFO root] -0.12724359333515167 -0.31184232234954834 -2.2108361753065706
[11 INFO root] -0.12721507251262665 -0.31180423498153687 -2.1788466887438367
[11 INFO root] -0.12718532979488373 -0.3117617964744568 -2.145798706484972
[11 INFO root] -0.12715572118759155 -0.3117164075374603 -2.1115872463293495
[11 INFO root] -0.127127543091774 -0.31166985630989075 -2.0761052004172624
[11 INFO root] -0.1271020919084549 -0.3116242289543152 -2.03924363357999
[11 INFO root] -0.12708045542240143 -0.31158190965652466 -2.0008921064144256
[11 INFO root] -0.12706363201141357 -0.3115456700325012 -1.9609391092082067
[11 INFO root] -0.12705233693122864 -0.3115186095237732 -1.9192726809760317
[11 INFO root] -0.12704698741436005 -0.31150421500205994 -1.8757812345305431
[11 INFO root] -0.127047598361969 -0.31150636076927185 -1.8303535402782865
[11 INFO root] -0.12705370783805847 -0.311529278755188 -1.7828800794795994
[11 INFO root] -0.12706424295902252 -0.3115776777267456 -1.7332553710101652
[11 INFO root] -0.12707743048667908 -0.31165647506713867 -1.6813809019043722
[11 INFO root] -0.12709058821201324 -0.31177106499671936 -1.627168628200688
[11 INFO root] -0.12710002064704895 -0.31192687153816223 -1.5705450510958108
[11 INFO root] -0.127100870013237 -0.312129408121109 -1.5114558243697855
[11 INFO root] -0.12708696722984314 -0.31238406896591187 -1.4498707709867378
[11 INFO root] -0.1270507276058197 -0.31269562244415283 -1.385789085190431
[11 INFO root] -0.12698310613632202 -0.3130680322647095 -1.3192443774353295
[11 INFO root] -0.1268737018108368 -0.31350404024124146 -1.2503091035615104
[11 INFO root] -0.12671087682247162 -0.3140045702457428 -1.1790978389046696
[11 INFO root] -0.12648211419582367 -0.3145683705806732 -1.1057688573567028
[11 INFO root] -0.1261744648218155 -0.3151916563510895 -1.0305236031129683
[11 INFO root] -0.12577511370182037 -0.31586775183677673 -0.9536039311565566
[11 INFO root] -0.12527215480804443 -0.31658700108528137 -0.8752875140012366
[11 INFO root] -0.12465523928403854 -0.3173369765281677 -0.7958818686607734
[11 INFO root] -0.12391617894172668 -0.31810280680656433 -0.7157145695678448
[11 INFO root] -0.12304957956075668 -0.3188677430152893 -0.6351334854923261
[11 INFO root] -0.12205334007740021 -0.31961360573768616 -0.5545075631728336
[11 INFO root] -0.12092908471822739 -0.3203217685222626 -0.4742286078280318
[11 INFO root] -0.11968252062797546 -0.3209736943244934 -0.39471575076242094
[11 INFO root] -0.11832388490438461 -0.3215518295764923 -0.3164181588264853
[11 INFO root] -0.11686838418245316 -0.3220406174659729 -0.2398104887985594
[11 INFO root] -0.11523053050041199 -0.32245323061943054 -0.16596912643039644
[11 INFO root] -0.1134161502122879 -0.3227699100971222 -0.09623931208347866
[11 INFO root] -0.1114615723490715 -0.3229716122150421 -0.03186630457820522
[11 INFO root] -0.10941445827484131 -0.3230496048927307 0.026159980812080125
[11 INFO root] -0.10732775926589966 -0.32300692796707153 0.07720631813859458
[11 INFO root] -0.10525361448526382 -0.32285717129707336 0.1210344015560421
[11 INFO root] -0.1032380685210228 -0.3226211965084076 0.15777050756278096
[11 INFO root] -0.10131771117448807 -0.322323203086853 0.1878237463054231
[11 INFO root] -0.09951840341091156 -0.3219871520996094 0.21178224203359725
[11 INFO root] -0.09785580635070801 -0.3216341435909271 0.23031471126403366
[11 INFO root] -0.09633695334196091 -0.32128119468688965 0.24409407048154175
[11 INFO root] -0.0949622392654419 -0.3209410011768341 0.2537478087253033
[11 INFO root] -0.09372734278440475 -0.32062214612960815 0.2598318723828255
[11 INFO root] -0.09262490272521973 -0.320329874753952 0.2628215658375606
[11 INFO root] -0.09164580702781677 -0.32006680965423584 0.26311298909403663
[11 INFO root] -0.0906800925731659 -0.3198067247867584 0.26311553692153683
[11 INFO root] -0.08971450477838516 -0.3195466101169586 0.26311553692153683
[11 INFO root] -0.08874892443418503 -0.3192865252494812 0.26311553692153683
[11 INFO root] -0.0877833366394043 -0.3190264403820038 0.26311553692153683
[11 INFO root] -0.08681775629520416 -0.31876635551452637 0.26311553692153683
[11 INFO root] -0.08585216850042343 -0.31850627064704895 0.26311553692153683
[11 INFO root] -0.0848865881562233 -0.31824618577957153 0.26311553692153683
[11 INFO root] -0.08392100036144257 -0.31798607110977173 0.26311553692153683
[11 INFO root] -0.08295542001724243 -0.3177259862422943 0.26311553692153683
[11 INFO root] -0.0819898322224617 -0.3174659013748169 0.26311553692153683
[11 INFO root] -0.08102424442768097 -0.3172058165073395 0.26311553692153683
[11 INFO root] -0.08005866408348083 -0.31694573163986206 0.26311553692153683
[11 INFO root] -0.0790930762887001 -0.31668561697006226 0.26311553692153683
[11 INFO root] -0.07812749594449997 -0.31642553210258484 0.26311553692153683
[11 INFO root] -0.07716190814971924 -0.3161654472351074 0.26311553692153683
[11 INFO root] -0.0761963278055191 -0.31590536236763 0.26311553692153683
[11 INFO root] -0.07523074001073837 -0.3156452775001526 0.26311553692153683
[11 INFO root] -0.07426515966653824 -0.31538519263267517 0.26311553692153683
[11 INFO root] -0.07329957187175751 -0.31512507796287537 0.26311553692153683
[11 INFO root] -0.07233399152755737 -0.31486499309539795 0.26311553692153683
[11 INFO root] -0.07136840373277664 -0.31460490822792053 0.26311553692153683
[11 INFO root] -0.07040282338857651 -0.3143448233604431 0.26311553692153683
[11 INFO root] -0.06947118788957596 -0.3140938878059387 0.2634397934518017
[11 INFO root] -0.0685790628194809 -0.31385329365730286 0.264161982775803
[11 INFO root] -0.06772264093160629 -0.31362172961235046 0.2652689611920295
[11 INFO root] -0.06689763814210892 -0.31339767575263977 0.26674107433671473
[11 INFO root] -0.06610000133514404 -0.3131798505783081 0.2685587285075747
[11 INFO root] -0.06532593071460724 -0.3129669725894928 0.27070216574704936
[11 INFO root] -0.06457187980413437 -0.3127579092979431 0.273151231508524
[11 INFO root] -0.0638345330953598 -0.3125515282154083 0.27588522655228964
[11 INFO root] -0.06311080604791641 -0.31234684586524963 0.2788828327315145
[11 INFO root] -0.062463704496622086 -0.31216180324554443 0.2795541844421667
[11 INFO root] -0.061907585710287094 -0.3120022118091583 0.276961551297035
[11 INFO root] -0.061425577849149704 -0.31186503171920776 0.2712531232742417
[11 INFO root] -0.06100044026970863 -0.3117465078830719 0.26261246575172636
[11 INFO root] -0.06061772629618645 -0.31164324283599854 0.25116703864842643
[11 INFO root] -0.06026532128453255 -0.31155234575271606 0.23700428920721422
[11 INFO root] -0.05993300676345825 -0.311471551656723 0.22018411698250165
[11 INFO root] -0.059612080454826355 -0.3113991320133209 0.2007479374913348
[11 INFO root] -0.05929504334926605 -0.3113339841365814 0.1787252529026007
[11 INFO root] -0.058975353837013245 -0.3112754821777344 0.15413804424841157
[11 INFO root] -0.05864724889397621 -0.31122371554374695 0.1270037472343475
[11 INFO root] -0.05830557271838188 -0.31117916107177734 0.09733794740983545
[11 INFO root] -0.057945650070905685 -0.3111429810523987 0.06515668564926314
[11 INFO root] -0.05757109448313713 -0.31111738085746765 0.030532756416255594
[11 INFO root] -0.0571906603872776 -0.3111044466495514 -0.006443465729004991
[11 INFO root] -0.05679946765303612 -0.3111055791378021 -0.0457652072639693
[11 INFO root] -0.05639107897877693 -0.31112271547317505 -0.0874287207545628
[11 INFO root] -0.05595909804105759 -0.3111588656902313 -0.1314208342193773
[11 INFO root] -0.05549725890159607 -0.3112179934978485 -0.1777128465485946
[11 INFO root] -0.05499951168894768 -0.3113051950931549 -0.22625323768881275
[11 INFO root] -0.054460227489471436 -0.3114267885684967 -0.2769595105646655
[11 INFO root] -0.053874436765909195 -0.31159037351608276 -0.3297093212936984
[11 INFO root] -0.05323820561170578 -0.3118046820163727 -0.3843335773359738
[11 INFO root] -0.05254918336868286 -0.3120793402194977 -0.4406185618643305
[11 INFO root] -0.05180681124329567 -0.31242474913597107 -0.49828293130341095
[11 INFO root] -0.05101267993450165 -0.3128513991832733 -0.5569669757918781
[11 INFO root] -0.05017092823982239 -0.3133692741394043 -0.6162296375077035
[11 INFO root] -0.04928845912218094 -0.31398704648017883 -0.6755522870484814
[11 INFO root] -0.048374928534030914 -0.3147108256816864 -0.7343508136125969
[11 INFO root] -0.04744237661361694 -0.31554341316223145 -0.7919968214493751
[11 INFO root] -0.04650455713272095 -0.31648337841033936 -0.84784711643761
[11 INFO root] -0.04557592049241066 -0.31752464175224304 -0.9012787233378355
[11 INFO root] -0.04468232020735741 -0.3186416029930115 -0.9524146667335774
[11 INFO root] -0.043835725635290146 -0.3198188841342926 -1.0009769652178298
[11 INFO root] -0.04304265230894089 -0.32104361057281494 -1.0465718340845096
[11 INFO root] -0.042307399213314056 -0.322301983833313 -1.088859422656121
[11 INFO root] -0.041632138192653656 -0.3235796391963959 -1.1275783678633373
[11 INFO root] -0.04101697355508804 -0.32486245036125183 -1.1625517993302745
[11 INFO root] -0.040460120886564255 -0.32613733410835266 -1.1936803978688981
[11 INFO root] -0.039958249777555466 -0.32739272713661194 -1.2209329053027789
[11 INFO root] -0.03950691223144531 -0.32861897349357605 -1.2443344037737463
[11 INFO root] -0.03910095989704132 -0.32980847358703613 -1.2639535164252145
[11 INFO root] -0.03873491659760475 -0.3309555947780609 -1.2798898783083332
[11 INFO root] -0.03840328007936478 -0.33205661177635193 -1.2922628145192798
[11 INFO root] -0.038100916892290115 -0.3331087827682495 -1.3012633635995774
[11 INFO root] -0.037823088467121124 -0.3341107964515686 -1.307097855557977
[11 INFO root] -0.037565480917692184 -0.3350626230239868 -1.3099634538404692
[11 INFO root] -0.03731248527765274 -0.3360093832015991 -1.3119412173832208
[11 INFO root] -0.03706060349941254 -0.3369598686695099 -1.3135449509311228
[11 INFO root] -0.03680954873561859 -0.33791354298591614 -1.3148848197095895
[11 INFO root] -0.03655928373336792 -0.33886951208114624 -1.316038953337335
[11 INFO root] -0.03630981594324112 -0.3398270308971405 -1.3170748517749156
[11 INFO root] -0.036061178892850876 -0.3407854437828064 -1.3180499320050463
[11 INFO root] -0.035813432186841965 -0.3417443335056305 -1.3190125803512178
[11 INFO root] -0.03556666150689125 -0.3427032232284546 -1.3200037553530541
[11 INFO root] -0.035320986062288284 -0.3436618149280548 -1.3210592850324787
[11 INFO root] -0.03507653996348381 -0.3446197807788849 -1.3222129679760284
[11 INFO root] -0.03483349829912186 -0.34557679295539856 -1.3235005016370205
[11 INFO root] -0.03459208086133003 -0.34653252363204956 -1.3249641136824015
[11 INFO root] -0.034352581948041916 -0.3474864363670349 -1.3266575717355171
[11 INFO root] -0.034115374088287354 -0.34843799471855164 -1.3286510192687202
[11 INFO root] -0.03388093411922455 -0.3493863642215729 -1.3310348354449053
[11 INFO root] -0.03364987298846245 -0.35033056139945984 -1.3339216384496106
[11 INFO root] -0.033422935754060745 -0.3512694239616394 -1.3374457037170266
[11 INFO root] -0.03320101276040077 -0.3522016406059265 -1.34175946274587
[11 INFO root] -0.032985128462314606 -0.3531258702278137 -1.3470273153517656
[11 INFO root] -0.032776400446891785 -0.35404080152511597 -1.3534175643511128
[11 INFO root] -0.03257601708173752 -0.35494524240493774 -1.361093671217838
[11 INFO root] -0.0323852002620697 -0.3558383882045746 -1.3702061012276323
[11 INFO root] -0.03220514580607414 -0.3567197918891907 -1.3808857724863974
[11 INFO root] -0.032037001103162766 -0.3575894236564636 -1.3932396632032922
[11 INFO root] -0.03188185393810272 -0.3584478497505188 -1.4073486372631374
[11 INFO root] -0.031740713864564896 -0.3592960834503174 -1.4232671623021425
[11 INFO root] -0.031614549458026886 -0.3601357638835907 -1.4410243837526429
[11 INFO root] -0.0315043069422245 -0.36096885800361633 -1.4606259748008559
[11 INFO root] -0.03141094744205475 -0.36179786920547485 -1.4820562548786975
[11 INFO root] -0.03133551776409149 -0.36262550950050354 -1.5052801985890418
[11 INFO root] -0.031279176473617554 -0.36345475912094116 -1.5302450963134424
[11 INFO root] -0.031243259087204933 -0.3642888069152832 -1.5568817503868724
[11 INFO root] -0.03122931905090809 -0.36513078212738037 -1.5851051867072314
[11 INFO root] -0.03123914636671543 -0.3659838140010834 -1.6148149315821292
[11 INFO root] -0.03127479925751686 -0.36685091257095337 -1.6458949517797505
[11 INFO root] -0.031338587403297424 -0.3677346706390381 -1.6782150453220523
[11 INFO root] -0.031433045864105225 -0.36863744258880615 -1.711630251742077
[11 INFO root] -0.031560905277729034 -0.36956092715263367 -1.745979641449261
[11 INFO root] -0.03172497823834419 -0.3705063462257385 -1.7810855186493975
[11 INFO root] -0.031928107142448425 -0.3714742064476013 -1.8167533469019967
[11 INFO root] -0.03217299282550812 -0.37246420979499817 -1.8527725459282973
[11 INFO root] -0.03246207907795906 -0.3734753429889679 -1.888918261219398
[11 INFO root] -0.03279738128185272 -0.3745057284832001 -1.9249541587562702
[11 INFO root] -0.03318032994866371 -0.3755527436733246 -1.9606362013227325
[11 INFO root] -0.03361162170767784 -0.37661293148994446 -1.9957172706295203
[11 INFO root] -0.03409109637141228 -0.3776823580265045 -2.02995241238157
[11 INFO root] -0.034617647528648376 -0.37875646352767944 -2.0631043967885976
[11 INFO root] -0.035189203917980194 -0.3798304796218872 -2.094949220482857
[11 INFO root] -0.035802751779556274 -0.380899578332901 -2.125281166613554
[11 INFO root] -0.03645440563559532 -0.381958931684494 -2.153917076647496
[11 INFO root] -0.03713955357670784 -0.3830040991306305 -2.180699558508134
[11 INFO root] -0.03785302862524986 -0.3840309679508209 -2.2054989611486167
[11 INFO root] -0.03858930617570877 -0.3850361108779907 -2.2282140699825645
[11 INFO root] -0.03934271261096001 -0.38601669669151306 -2.2487715991069663
[11 INFO root] -0.04010762274265289 -0.38697054982185364 -2.267124656168376
[11 INFO root] -0.04087863489985466 -0.38789626955986023 -2.2832504219733503
[11 INFO root] -0.04165073111653328 -0.38879308104515076 -2.2971473154965447
[11 INFO root] -0.04241938516497612 -0.3896608054637909 -2.3088319090253835
[11 INFO root] -0.04318065568804741 -0.3904998302459717 -2.318337070914319
[11 INFO root] -0.04393122345209122 -0.39131107926368713 -2.3257087723735683
[11 INFO root] -0.04466840252280235 -0.39209580421447754 -2.331002610225452
[11 INFO root] -0.04539010673761368 -0.3928556442260742 -2.334280828911492
[11 INFO root] -0.04609481245279312 -0.3935924470424652 -2.3356099661377785
[11 INFO root] -0.04678827524185181 -0.394315242767334 -2.3357234559899283
[11 INFO root] -0.0474807508289814 -0.3950366973876953 -2.3357234559899283
[11 INFO root] -0.04817323759198189 -0.39575812220573425 -2.3357234559899283
[11 INFO root] -0.04886572062969208 -0.3964795470237732 -2.3357234559899283
[11 INFO root] -0.04955820366740227 -0.3972010016441345 -2.3357234559899283
[11 INFO root] -0.050250690430402756 -0.39792242646217346 -2.3357234559899283
[11 INFO root] -0.050943173468112946 -0.3986438512802124 -2.3357234559899283
[11 INFO root] -0.051635656505823135 -0.39936527609825134 -2.3357234559899283
[11 INFO root] -0.052328143268823624 -0.40008673071861267 -2.3357234559899283
[11 INFO root] -0.053020626306533813 -0.4008081555366516 -2.3357234559899283
[11 INFO root] -0.053713109344244 -0.40152958035469055 -2.3357234559899283
[11 INFO root] -0.05440559610724449 -0.4022510051727295 -2.3357234559899283
[11 INFO root] -0.05509807914495468 -0.4029724597930908 -2.3357234559899283
[11 INFO root] -0.05579056590795517 -0.40369388461112976 -2.3357234559899283
[11 INFO root] -0.05648304894566536 -0.4044153094291687 -2.3357234559899283
[11 INFO root] -0.05717553198337555 -0.40513676404953003 -2.3357234559899283
[11 INFO root] -0.05786801874637604 -0.40585818886756897 -2.3357234559899283
[11 INFO root] -0.05856050178408623 -0.4065796136856079 -2.3357234559899283
[11 INFO root] -0.05925298482179642 -0.40730103850364685 -2.3357234559899283
[11 INFO root] -0.059945471584796906 -0.4080224931240082 -2.3357234559899283
[11 INFO root] -0.060637954622507095 -0.4087439179420471 -2.3357234559899283
[11 INFO root] -0.061330441385507584 -0.40946534276008606 -2.3357234559899283
[11 INFO root] -0.06202292442321777 -0.410186767578125 -2.3357234559899283
[11 INFO root] -0.06271541118621826 -0.41090822219848633 -2.3357234559899283
[11 INFO root] -0.06340789049863815 -0.41162964701652527 -2.3357234559899283
[11 INFO root] -0.06410037726163864 -0.4123510718345642 -2.3357234559899283
[11 INFO root] -0.06479286402463913 -0.41307249665260315 -2.3357234559899283
[11 INFO root] -0.06548534333705902 -0.4137939512729645 -2.3357234559899283
[11 INFO root] -0.06614130735397339 -0.41447731852531433 -2.3349975785716315
[11 INFO root] -0.06672017276287079 -0.4150811731815338 -2.3327061457919736
[11 INFO root] -0.06722548604011536 -0.41561052203178406 -2.328867918028745
[11 INFO root] -0.06766566634178162 -0.41607505083084106 -2.323588761277019
[11 INFO root] -0.06804855912923813 -0.4164832532405853 -2.3169563237406368
[11 INFO root] -0.06838128715753555 -0.41684263944625854 -2.309041331286975
[11 INFO root] -0.06867028772830963 -0.41715970635414124 -2.2998997722286427
[11 INFO root] -0.06892132759094238 -0.41744014620780945 -2.289574719858016
[11 INFO root] -0.06913953274488449 -0.4176889657974243 -2.278097857907705
[11 INFO root] -0.06932946294546127 -0.4179105758666992 -2.2654907384056107
[11 INFO root] -0.06949514150619507 -0.41810885071754456 -2.251765813806026
[11 INFO root] -0.0696401372551918 -0.4182872176170349 -2.2369272876886974
[11 INFO root] -0.06976757198572159 -0.4184488356113434 -2.220971820280917
[11 INFO root] -0.06988023966550827 -0.41859644651412964 -2.203889117359052
[11 INFO root] -0.06998057663440704 -0.418732613325119 -2.185662296399512
[11 INFO root] -0.07007072865962982 -0.4188597500324249 -2.166268098939319
[11 INFO root] -0.07015261054039001 -0.41898009181022644 -2.145677235710337
[11 INFO root] -0.07022788375616074 -0.4190957248210907 -2.12385460291269
[11 INFO root] -0.07029803097248077 -0.4192087948322296 -2.1007595642323165
[11 INFO root] -0.07036435604095459 -0.4193213880062103 -2.076346345550073
[11 INFO root] -0.07042797654867172 -0.41943567991256714 -2.050564510193288
[11 INFO root] -0.07048989087343216 -0.4195539355278015 -2.023359533663822
[11 INFO root] -0.07055089622735977 -0.41967856884002686 -1.9946735192736442
[11 INFO root] -0.07061164826154709 -0.41981223225593567 -1.96444610365941
[11 INFO root] -0.07067259401082993 -0.41995781660079956 -1.9326156072274217
[11 INFO root] -0.0707339495420456 -0.4201184809207916 -1.8991204894495797
[11 INFO root] -0.07079564779996872 -0.4202978014945984 -1.8639011713197835
[11 INFO root] -0.07085727900266647 -0.42049968242645264 -1.8269022863117235
[11 INFO root] -0.07091798633337021 -0.4207284152507782 -1.7880754167698463
[11 INFO root] -0.07097640633583069 -0.42098870873451233 -1.7473823657909069
[11 INFO root] -0.07103051245212555 -0.4212856888771057 -1.7047990071243178
[11 INFO root] -0.07107754051685333 -0.4216247498989105 -1.660319749004015
[11 INFO root] -0.07111380249261856 -0.4220115542411804 -1.6139626412923485
[11 INFO root] -0.07113464176654816 -0.42245179414749146 -1.5657751426150517
[11 INFO root] -0.0711342841386795 -0.4229511022567749 -1.515840530742621
[11 INFO root] -0.07110580801963806 -0.4235146641731262 -1.4642848616241049
[11 INFO root] -0.07104116678237915 -0.42414695024490356 -1.4112842309294142
[11 INFO root] -0.07093128561973572 -0.42485135793685913 -1.3570718419670371
[11 INFO root] -0.07076635211706161 -0.42562970519065857 -1.30194403252501
[11 INFO root] -0.07053617388010025 -0.42648181319236755 -1.2462640018403806
[11 INFO root] -0.07023081183433533 -0.42740505933761597 -1.1904616136193695
[11 INFO root] -0.06984134763479233 -0.4283939301967621 -1.135013322695786
[11 INFO root] -0.06936077028512955 -0.42944008111953735 -1.0803874328815746
[11 INFO root] -0.06878451257944107 -0.430532842874527 -1.0270309270403952
[11 INFO root] -0.06811082363128662 -0.4316600263118744 -0.9753554840305492
[11 INFO root] -0.06734094768762589 -0.43280860781669617 -0.925724419607084
[11 INFO root] -0.06647898256778717 -0.4339655935764313 -0.8784427077465738
[11 INFO root] -0.06553163379430771 -0.4351186752319336 -0.8337500898821084
[11 INFO root] -0.06450766324996948 -0.4362567365169525 -0.791816532213166
[11 INFO root] -0.06341730058193207 -0.43737033009529114 -0.7527434458771305
[11 INFO root] -0.06227162107825279 -0.438451886177063 -0.716569324867098
[11 INFO root] -0.06108194589614868 -0.43949568271636963 -0.6832791411652372
[11 INFO root] -0.05985936149954796 -0.4404977858066559 -0.6528135532939074
[11 INFO root] -0.05861430615186691 -0.4414558708667755 -0.625077848264697
[11 INFO root] -0.05735630914568901 -0.4423690140247345 -0.599950902848403
[11 INFO root] -0.05609375983476639 -0.44323742389678955 -0.5772916774715006
[11 INFO root] -0.05483383685350418 -0.44406214356422424 -0.5569465983693229
[11 INFO root] -0.05358939617872238 -0.444840669631958 -0.5387930273221698
[11 INFO root] -0.052442073822021484 -0.44552960991859436 -0.5229640085478738
[11 INFO root] -0.051394153386354446 -0.4461361765861511 -0.5089982498778409
[11 INFO root] -0.050436120480298996 -0.4466727077960968 -0.4964346319104672
[11 INFO root] -0.0495578907430172 -0.44714999198913574 -0.48489940981900354
[11 INFO root] -0.048749472945928574 -0.44757720828056335 -0.47409328713999366
[11 INFO root] -0.04800128564238548 -0.44796222448349 -0.46377787417443045
[11 INFO root] -0.047304313629865646 -0.44831177592277527 -0.4537647477614772
[11 INFO root] -0.04665018618106842 -0.4486316442489624 -0.4439067924685474
[11 INFO root] -0.046031199395656586 -0.44892680644989014 -0.4340913970281086
[11 INFO root] -0.04544031247496605 -0.44920146465301514 -0.42423510398824604
[11 INFO root] -0.04487112537026405 -0.4494592547416687 -0.41427936426653517
[11 INFO root] -0.04431787133216858 -0.4497032165527344 -0.4041871101557528
[11 INFO root] -0.04377538710832596 -0.4499359130859375 -0.3939399210688827
[11 INFO root] -0.04323909804224968 -0.45015949010849 -0.38353561190544816
[11 INFO root] -0.042705003172159195 -0.45037564635276794 -0.37298612258691977
[11 INFO root] -0.04216965660452843 -0.4505857825279236 -0.36231562813318946
[11 INFO root] -0.04163016751408577 -0.4507909417152405 -0.35155882111202885
[11 INFO root] -0.0410841703414917 -0.4509918689727783 -0.3407593422177607
[11 INFO root] -0.04052981361746788 -0.4511891007423401 -0.3299683508217893
[11 INFO root] -0.03996575251221657 -0.45138296484947205 -0.3192432351674438
[11 INFO root] -0.039391111582517624 -0.45157358050346375 -0.30864646374640975
[11 INFO root] -0.03880548104643822 -0.4517609775066376 -0.29824457740016624
[11 INFO root] -0.03820888325572014 -0.45194506645202637 -0.28810731752056945
[11 INFO root] -0.03760174289345741 -0.4521256387233734 -0.27830688103611984
[11 INFO root] -0.03698708117008209 -0.45230191946029663 -0.2688893946233499
[11 INFO root] -0.03637070208787918 -0.45247238874435425 -0.2599892538444054
[11 INFO root] -0.03577611595392227 -0.4526311457157135 -0.25476721616725795
[11 INFO root] -0.03520708158612251 -0.4527796506881714 -0.2533634912130862
[11 INFO root] -0.03466359153389931 -0.45292046666145325 -0.25555448499086353
[11 INFO root] -0.0341448113322258 -0.45305588841438293 -0.2611525397682477
[11 INFO root] -0.03364935144782066 -0.4531880021095276 -0.2700065634571215
[11 INFO root] -0.03315635025501251 -0.45332396030426025 -0.2816239848870022
[11 INFO root] -0.032661791890859604 -0.4534664452075958 -0.29578233744731913
[11 INFO root] -0.03216518834233284 -0.45361700654029846 -0.3123311730594945
[11 INFO root] -0.031665828078985214 -0.45377734303474426 -0.33113553225729014
[11 INFO root] -0.03116268292069435 -0.4539492726325989 -0.35207036708427436
[11 INFO root] -0.03065456636250019 -0.4541347622871399 -0.37501727994197825
[11 INFO root] -0.03014025092124939 -0.45433586835861206 -0.3998612369985808
[11 INFO root] -0.029618611559271812 -0.45455485582351685 -0.42648743728144534
[11 INFO root] -0.029088759794831276 -0.45479393005371094 -0.4547785053106854
[11 INFO root] -0.028550179675221443 -0.45505544543266296 -0.4846121967146528
[11 INFO root] -0.028002863749861717 -0.4553415775299072 -0.5158598318199167
[11 INFO root] -0.027447424829006195 -0.4556543231010437 -0.5483856894951156
[11 INFO root] -0.026885205879807472 -0.4559953510761261 -0.5820475850195816
[11 INFO root] -0.026318339630961418 -0.4563657343387604 -0.6166987956434448
[11 INFO root] -0.025749744847416878 -0.45676594972610474 -0.6521914006150775
[11 INFO root] -0.02518308535218239 -0.45719558000564575 -0.6883809294113246
[11 INFO root] -0.024622611701488495 -0.45765331387519836 -0.7251319855979563
[11 INFO root] -0.024072961881756783 -0.45813682675361633 -0.7623242825602707
[11 INFO root] -0.023538874462246895 -0.4586430490016937 -0.799858352805149
[11 INFO root] -0.02302488498389721 -0.4591681659221649 -0.8376601338145535
[11 INFO root] -0.02253502607345581 -0.45970794558525085 -0.8756837315361203
[11 INFO root] -0.022072667255997658 -0.46025803685188293 -0.913918491383827
[11 INFO root] -0.021640218794345856 -0.46081435680389404 -0.9523846297640679
[11 INFO root] -0.02121911011636257 -0.4614015519618988 -0.9890428074507762
[11 INFO root] -0.020785201340913773 -0.4620564579963684 -1.0203514840458976
[11 INFO root] -0.02034822665154934 -0.4627637267112732 -1.0459397684121723
[11 INFO root] -0.019918151199817657 -0.4635022282600403 -1.0660443908099129
[11 INFO root] -0.019500819966197014 -0.4642540216445923 -1.0810589628146463
[11 INFO root] -0.019098859280347824 -0.46500536799430847 -1.0914479531173318
[11 INFO root] -0.018712660297751427 -0.4657464325428009 -1.0976864301984863
[11 INFO root] -0.018341178074479103 -0.46647101640701294 -1.100222048926334
[11 INFO root] -0.017982492223381996 -0.46717569231987 -1.0994543426338368
[11 INFO root] -0.017634166404604912 -0.46785926818847656 -1.0957260011637715
[11 INFO root] -0.017293434590101242 -0.4685223400592804 -1.0893218366580977
[11 INFO root] -0.016957292333245277 -0.46916669607162476 -1.0804724744035974
[11 INFO root] -0.016622494906187057 -0.46979525685310364 -1.0693609516099918
[11 INFO root] -0.016285525634884834 -0.47041162848472595 -1.0561312070135478
[11 INFO root] -0.01594255305826664 -0.47102001309394836 -1.0408978974114484
[11 INFO root] -0.015589374117553234 -0.47162503004074097 -1.0237571359904885
[11 INFO root] -0.0152213703840971 -0.47223156690597534 -1.0047938011844777
[11 INFO root] -0.014833509922027588 -0.47284457087516785 -0.9840903926220984
[11 INFO root] -0.014420431107282639 -0.4734686315059662 -0.9617390389662387
[11 INFO root] -0.013976605609059334 -0.47410786151885986 -0.9378521487240906
[11 INFO root] -0.013496551662683487 -0.4747653603553772 -0.9125695861346468
[11 INFO root] -0.012975094839930534 -0.4754430949687958 -0.8860617620921901
[11 INFO root] -0.012407641857862473 -0.47614166140556335 -0.8585286461083053
[11 INFO root] -0.011790447868406773 -0.47686025500297546 -0.8301952050079894
[11 INFO root] -0.011120842769742012 -0.4775967001914978 -0.8013041663384667
[11 INFO root] -0.010397395119071007 -0.47834768891334534 -0.772107207159092
[11 INFO root] -0.00962000247091055 -0.4791089594364166 -0.7428556723379898
[11 INFO root] -0.00878989975899458 -0.4798756241798401 -0.713791786987774
[11 INFO root] -0.007909582927823067 -0.4806424677371979 -0.6851411221125732
[11 INFO root] -0.006982660852372646 -0.48140427470207214 -0.657106853826768
[11 INFO root] -0.006013655569404364 -0.48215609788894653 -0.6298661369536348
[11 INFO root] -0.005007746163755655 -0.4828934669494629 -0.6035684886765833
[11 INFO root] -0.00397047633305192 -0.4836125373840332 -0.5783354580442932
[11 INFO root] -0.0029074568301439285 -0.4843102693557739 -0.5542620743854926
[11 INFO root] -0.0018241106299683452 -0.48498445749282837 -0.5314201664812538
[11 INFO root] -0.0007254803786054254 -0.48563364148139954 -0.5098629315057966
[11 INFO root] 0.00038406343082897365 -0.4862572252750397 -0.4896483158626167
[11 INFO root] 0.0015007806941866875 -0.48685526847839355 -0.470838633289703
[11 INFO root] 0.0026214225217700005 -0.48742836713790894 -0.4534879211953492
[11 INFO root] 0.003743228269740939 -0.487977534532547 -0.43764148798285124
[11 INFO root] 0.004863932263106108 -0.4885040819644928 -0.42333788810169326
[11 INFO root] 0.0059817517176270485 -0.48900970816612244 -0.41061016224127217
[11 INFO root] 0.0070953634567558765 -0.48949623107910156 -0.3994861446112603
[11 INFO root] 0.008203878998756409 -0.48996567726135254 -0.3899879198154978
[11 INFO root] 0.009308282285928726 -0.4904208779335022 -0.3821105186233007
[11 INFO root] 0.01041021104902029 -0.49086472392082214 -0.3758345049162274
[11 INFO root] 0.011511160060763359 -0.49129995703697205 -0.3711323783717489
[11 INFO root] 0.012612356804311275 -0.49172908067703247 -0.3679676238122512
[11 INFO root] 0.013714754022657871 -0.49215447902679443 -0.36629276896656116
[11 INFO root] 0.01481902226805687 -0.49257829785346985 -0.3660476354734842
[11 INFO root] 0.015925545245409012 -0.4930025041103363 -0.3671579400165898
[11 INFO root] 0.017034409567713737 -0.4934288263320923 -0.36953435543231344
[11 INFO root] 0.018145404756069183 -0.49385884404182434 -0.3730721205503992
[11 INFO root] 0.019257815554738045 -0.49429377913475037 -0.37764028080039713
[11 INFO root] 0.020368924364447594 -0.4947339594364166 -0.3829991554062582
[11 INFO root] 0.02147621288895607 -0.4951793849468231 -0.38890627017950635
[11 INFO root] 0.022577762603759766 -0.4956299960613251 -0.3951408475108868
[11 INFO root] 0.023672068491578102 -0.49608561396598816 -0.4015003275728451
[11 INFO root] 0.02475784532725811 -0.4965457618236542 -0.4077957058114291
[11 INFO root] 0.025833919644355774 -0.49700984358787537 -0.41384790535825505
[11 INFO root] 0.02689914032816887 -0.4974769353866577 -0.41948517874539576
[11 INFO root] 0.027849851176142693 -0.49790018796920776 -0.42739675935645405
[11 INFO root] 0.028687849640846252 -0.49828097224235535 -0.43795839696442024
[11 INFO root] 0.029439322650432587 -0.4986318349838257 -0.45090574867826994
[11 INFO root] 0.030125683173537254 -0.49896296858787537 -0.46593605644702
[11 INFO root] 0.03076251968741417 -0.49928194284439087 -0.4827445408319892
[11 INFO root] 0.03136080875992775 -0.49959415197372437 -0.5010183333564467
[11 INFO root] 0.031927987933158875 -0.4999033510684967 -0.5204369124773534
[11 INFO root] 0.032468825578689575 -0.5002118945121765 -0.5406755528685147
[11 INFO root] 0.032986126840114594 -0.5005210041999817 -0.5614096315463918
[11 INFO root] 0.03348127380013466 -0.5008309483528137 -0.5823192833809171
[11 INFO root] 0.0339546874165535 -0.5011411905288696 -0.6030941211655303
[11 INFO root] 0.03440620005130768 -0.5014507174491882 -0.6234377834202094
[11 INFO root] 0.034835334867239 -0.5017579793930054 -0.6430720716502387
[11 INFO root] 0.03524155542254448 -0.5020610690116882 -0.661740463045283
[11 INFO root] 0.03562983497977257 -0.5023623108863831 -0.6794335402149457
[11 INFO root] 0.03601674735546112 -0.5026736855506897 -0.6966324820934447
[11 INFO root] 0.03640188276767731 -0.5029947757720947 -0.7132324523621643
[11 INFO root] 0.03678307682275772 -0.503323495388031 -0.7290763646149875
[11 INFO root] 0.03715858981013298 -0.5036578178405762 -0.7440164848425019
[11 INFO root] 0.03752657771110535 -0.5039955377578735 -0.7579419694934558
[11 INFO root] 0.03788519650697708 -0.504334032535553 -0.7707920249656549
[11 INFO root] 0.03823314979672432 -0.5046710968017578 -0.7825262804249196
[11 INFO root] 0.038569677621126175 -0.5050048828125 -0.7931206184649198
[11 INFO root] 0.03889445960521698 -0.5053340196609497 -0.8025695477361873
[11 INFO root] 0.03920751437544823 -0.5056573748588562 -0.8108877676572751
[11 INFO root] 0.03950909152626991 -0.5059741735458374 -0.8181106168962273
[11 INFO root] 0.03979961946606636 -0.5062839388847351 -0.824293709013017
[11 INFO root] 0.04007962718605995 -0.5065861940383911 -0.8295120654954247
[11 INFO root] 0.04034971445798874 -0.5068809390068054 -0.833859027811482
[11 INFO root] 0.040610503405332565 -0.5071680545806885 -0.8374451849041299
[11 INFO root] 0.04086466133594513 -0.5074499249458313 -0.8402854156162665
[11 INFO root] 0.041114650666713715 -0.5077288150787354 -0.8424127044012462
[11 INFO root] 0.041362252086400986 -0.5080062747001648 -0.8439075691312939
[11 INFO root] 0.04160871356725693 -0.5082833170890808 -0.8448931139324203
[11 INFO root] 0.04185492917895317 -0.5085606575012207 -0.8455280575555155
[11 INFO root] 0.04210156574845314 -0.5088388919830322 -0.8460012977851522
[11 INFO root] 0.04234914109110832 -0.5091184377670288 -0.846527555958805
[11 INFO root] 0.04259807616472244 -0.5093997716903687 -0.8473433049468173
[11 INFO root] 0.04284784570336342 -0.5096825361251831 -0.848783544228176
[11 INFO root] 0.043097857385873795 -0.5099663734436035 -0.851194470511861
[11 INFO root] 0.043347809463739395 -0.5102514028549194 -0.8548923389866647
[11 INFO root] 0.043598007410764694 -0.5105388760566711 -0.8601371015562641
[11 INFO root] 0.0438489094376564 -0.5108300447463989 -0.8671505957023403
[11 INFO root] 0.04410092160105705 -0.5111266374588013 -0.8761198336974816
[11 INFO root] 0.04435434192419052 -0.5114302635192871 -0.8871928068315996
[11 INFO root] 0.04460935294628143 -0.5117425918579102 -0.9004734672496975
[11 INFO root] 0.04486600682139397 -0.5120654702186584 -0.9160169004196853
[11 INFO root] 0.045124251395463943 -0.51240074634552 -0.9338264623147877
[11 INFO root] 0.045383892953395844 -0.5127504467964172 -0.9538521031483149
[11 INFO root] 0.04564463347196579 -0.5131164789199829 -0.9759892252013462
[11 INFO root] 0.04590616375207901 -0.5135012865066528 -1.0000694118299345
[11 INFO root] 0.04616851732134819 -0.5139078497886658 -1.0258509350402671
[11 INFO root] 0.04643148183822632 -0.51433926820755 -1.0530634643889498
[11 INFO root] 0.04669446125626564 -0.5147982239723206 -1.081425465996203
[11 INFO root] 0.04695655032992363 -0.5152871012687683 -1.1106398231787253
[11 INFO root] 0.04721646383404732 -0.5158078670501709 -1.1404082655155485
[11 INFO root] 0.04747257009148598 -0.5163615345954895 -1.1704374167892884
[11 INFO root] 0.04772299900650978 -0.5169485211372375 -1.2004411398666548
[11 INFO root] 0.04796569421887398 -0.5175682902336121 -1.2301312022436062
[11 INFO root] 0.04819851368665695 -0.5182191133499146 -1.2592057657398072
[11 INFO root] 0.04841947183012962 -0.518898606300354 -1.2873667345815292
[11 INFO root] 0.048626866191625595 -0.5196033716201782 -1.3143280210005528
[11 INFO root] 0.048819370567798615 -0.5203296542167664 -1.339820285361989
[11 INFO root] 0.04899612441658974 -0.5210728049278259 -1.363594993458049
[11 INFO root] 0.049156758934259415 -0.5218281149864197 -1.3854279264782419
[11 INFO root] 0.04930143803358078 -0.5225905179977417 -1.4051220628543208
[11 INFO root] 0.04943080618977547 -0.5233549475669861 -1.4225097543003984
[11 INFO root] 0.049545954912900925 -0.5241166353225708 -1.437454139508758
[11 INFO root] 0.04964834451675415 -0.524871289730072 -1.449849776498331
