[43 INFO root] Initialising Python Geth Console...
[43 INFO root] Initialising RandB board...
[43 INFO root] Initialising resource sensor...
[43 INFO root] Initialising random-walk...
[43 INFO root] Initialising navigation...
[43 INFO root] Initialising Odo...
[43 INFO root] Initialising odometry...
[43 INFO root] Initialising gps...
[43 INFO root] Initialising Ground sensor...
[43 INFO root] --//-- Starting Experiment --//--
[43 INFO root] x y direction
[43 INFO root] 0.5989279747009277 0.7173810005187988 -2.189585359796966
[43 INFO root] 0.597840428352356 0.7158536314964294 -2.0691125455665196
[43 INFO root] 0.5945807099342346 0.7107846736907959 -2.0098091458797107
[43 INFO root] 0.5896323919296265 0.701913058757782 -1.9793221157189151
[43 INFO root] 0.5834254026412964 0.6890764832496643 -1.9550955237813996
[43 INFO root] 0.5771794319152832 0.6738529205322266 -1.950194290081327
[43 INFO root] 0.571690022945404 0.6601685881614685 -1.9691605152014384
[43 INFO root] 0.5671402812004089 0.649097740650177 -2.005340177068922
[43 INFO root] 0.5633212327957153 0.6405630111694336 -2.0550063258674323
[43 INFO root] 0.5600059032440186 0.6340174078941345 -2.111334212729928
[43 INFO root] 0.5570505857467651 0.6289348602294922 -2.1722195327315896
[43 INFO root] 0.5543138980865479 0.624850869178772 -2.237148524679886
[43 INFO root] 0.5516377687454224 0.6213852167129517 -2.3026459168348867
[43 INFO root] 0.5489339232444763 0.6183327436447144 -2.3642990721762014
[43 INFO root] 0.5461976528167725 0.6156054735183716 -2.4189497821208232
[43 INFO root] 0.5434674620628357 0.6131701469421387 -2.4652017316902852
[43 INFO root] 0.5407924652099609 0.6110013127326965 -2.5030254792310416
[43 INFO root] 0.5382168889045715 0.609073281288147 -2.5331431796577504
[43 INFO root] 0.535771906375885 0.6073583364486694 -2.55653252338697
[43 INFO root] 0.5334963202476501 0.605842649936676 -2.577931975569929
[43 INFO root] 0.531389594078064 0.6045041680335999 -2.5992835419599407
[43 INFO root] 0.5294381380081177 0.6033221483230591 -2.6211995211385557
[43 INFO root] 0.5276308655738831 0.6022807359695435 -2.6442969617286676
[43 INFO root] 0.5259601473808289 0.6013684272766113 -2.669182997140073
[43 INFO root] 0.5243428945541382 0.6005367636680603 -2.6934392877442694
[43 INFO root] 0.5227490663528442 0.5997655987739563 -2.713670863017829
[43 INFO root] 0.5211936235427856 0.5990521907806396 -2.7284738129161177
[43 INFO root] 0.5196837782859802 0.598387598991394 -2.737563076667097
[43 INFO root] 0.5182183384895325 0.5977594256401062 -2.7410981667395258
[43 INFO root] 0.516789436340332 0.5971538424491882 -2.739340131665415
[43 INFO root] 0.5153852105140686 0.5965567231178284 -2.7327181995295917
[43 INFO root] 0.5139923095703125 0.5959542989730835 -2.7217688447573174
[43 INFO root] 0.5125979781150818 0.5953337550163269 -2.7069841659004097
[43 INFO root] 0.5111920833587646 0.5946835875511169 -2.688706554119073
[43 INFO root] 0.509772777557373 0.5939961075782776 -2.666916862949851
[43 INFO root] 0.5083625912666321 0.5932753086090088 -2.6411136692441715
[43 INFO root] 0.5069795846939087 0.5925235748291016 -2.610578566682296
[43 INFO root] 0.5056308507919312 0.5917370319366455 -2.5748192834354127
[43 INFO root] 0.504315972328186 0.5909068584442139 -2.5336874691098896
[43 INFO root] 0.5030600428581238 0.5900407433509827 -2.484109890560845
[43 INFO root] 0.5018540620803833 0.5891191363334656 -2.4258073854048967
[43 INFO root] 0.5006844401359558 0.5881137251853943 -2.359288351943019
[43 INFO root] 0.49954256415367126 0.586993396282196 -2.2853786156307345
[43 INFO root] 0.4984282851219177 0.5857270956039429 -2.205174100314513
[43 INFO root] 0.49735212326049805 0.5842875242233276 -2.1200004109699893
[43 INFO root] 0.4963352084159851 0.5826554298400879 -2.031351906465369
[43 INFO root] 0.4954070448875427 0.5808231830596924 -1.9408103293092935
[43 INFO root] 0.49460119009017944 0.5787972807884216 -1.8499518353207742
[43 INFO root] 0.4939501881599426 0.5765984058380127 -1.7602551196908653
[43 INFO root] 0.4934805631637573 0.5742590427398682 -1.6730283059489273
[43 INFO root] 0.4932093620300293 0.5718198418617249 -1.5893652632758846
[43 INFO root] 0.4931424558162689 0.5693246126174927 -1.5101316342046365
[43 INFO root] 0.493274986743927 0.5668162703514099 -1.4359736888088455
[43 INFO root] 0.4935930073261261 0.5643330216407776 -1.3673412024772544
[43 INFO root] 0.4940760135650635 0.5619068741798401 -1.3045372898248022
[43 INFO root] 0.4946994483470917 0.5595621466636658 -1.2477559455674345
[43 INFO root] 0.4954368770122528 0.55731600522995 -1.1970951377442223
[43 INFO root] 0.4962615966796875 0.5551801323890686 -1.152725909985819
[43 INFO root] 0.497147798538208 0.5531604290008545 -1.1147439653326776
[43 INFO root] 0.4980705678462982 0.5512603521347046 -1.0831393210394953
[43 INFO root] 0.49900731444358826 0.5494799613952637 -1.0578074485436246
[43 INFO root] 0.4999391734600067 0.5478153228759766 -1.0385267898459347
[43 INFO root] 0.5008512735366821 0.5462594628334045 -1.025031446271345
[43 INFO root] 0.5017324686050415 0.5448038578033447 -1.0170424130057132
[43 INFO root] 0.5025747418403625 0.5434389114379883 -1.0142797470049807
[43 INFO root] 0.5033730268478394 0.5421549081802368 -1.016470092614142
[43 INFO root] 0.5041242837905884 0.5409420132637024 -1.023351125147532
[43 INFO root] 0.5048272013664246 0.5397908091545105 -1.0346732394492313
[43 INFO root] 0.5054818391799927 0.538692057132721 -1.0501995812063096
[43 INFO root] 0.5060889720916748 0.5376370549201965 -1.0697035807427926
[43 INFO root] 0.5066501498222351 0.5366173982620239 -1.0929644935122325
[43 INFO root] 0.5071669816970825 0.5356252789497375 -1.119761216076629
[43 INFO root] 0.5076411962509155 0.5346530079841614 -1.1498647520498917
[43 INFO root] 0.5080744028091431 0.5336933135986328 -1.1830293309877693
[43 INFO root] 0.5084679126739502 0.5327391028404236 -1.218982415861117
[43 INFO root] 0.5088226199150085 0.5317835807800293 -1.257416063381363
[43 INFO root] 0.5091388821601868 0.5308203101158142 -1.2979775506878686
[43 INFO root] 0.5094165205955505 0.529843270778656 -1.3402608802051623
[43 INFO root] 0.509654700756073 0.5288472175598145 -1.3837963824571398
[43 INFO root] 0.5098521113395691 0.5278279185295105 -1.428008713345692
[43 INFO root] 0.5100070238113403 0.526782751083374 -1.4722627923757803
[43 INFO root] 0.5101176500320435 0.5257112383842468 -1.5158867321354297
[43 INFO root] 0.5101826190948486 0.5246149301528931 -1.5581912416773531
[43 INFO root] 0.5102013349533081 0.5234977006912231 -1.5984934650887759
[43 INFO root] 0.5101744532585144 0.5223647952079773 -1.6361432329452603
[43 INFO root] 0.5101040005683899 0.521222710609436 -1.6705482451586182
[43 INFO root] 0.5099934339523315 0.5200783610343933 -1.7011951494252984
[43 INFO root] 0.5098475217819214 0.518938422203064 -1.7276642354953549
[43 INFO root] 0.5096718668937683 0.5178084969520569 -1.749636357971067
[43 INFO root] 0.5094727277755737 0.5166926980018616 -1.7668923126930203
[43 INFO root] 0.5092563033103943 0.5155932307243347 -1.7793062750146502
[43 INFO root] 0.5090286135673523 0.514510452747345 -1.786835704970251
[43 INFO root] 0.5087979435920715 0.5134554505348206 -1.7898152192969254
[43 INFO root] 0.5085715651512146 0.5124370455741882 -1.7886466494246507
[43 INFO root] 0.5083536505699158 0.5114530324935913 -1.7835445282989808
[43 INFO root] 0.5081470012664795 0.5104989409446716 -1.7747258815228637
[43 INFO root] 0.5079540610313416 0.5095700621604919 -1.7624258839799123
[43 INFO root] 0.5077765583992004 0.5086613893508911 -1.7468897673186978
[43 INFO root] 0.5076160430908203 0.507767379283905 -1.7283599571119925
[43 INFO root] 0.5074735283851624 0.5068812966346741 -1.707045424568736
[43 INFO root] 0.5073502659797668 0.5059962868690491 -1.6831619469645385
[43 INFO root] 0.5072476863861084 0.5051061511039734 -1.6569477471124567
[43 INFO root] 0.5071675181388855 0.5042052865028381 -1.6286722290969446
[43 INFO root] 0.5071119070053101 0.5032892823219299 -1.5986466266320614
[43 INFO root] 0.5070831179618835 0.5023548007011414 -1.567228741583623
[43 INFO root] 0.5070835947990417 0.5014002323150635 -1.5348233649024001
[43 INFO root] 0.5071155428886414 0.500425398349762 -1.5018789966262855
[43 INFO root] 0.5071808695793152 0.49943214654922485 -1.4688804677332983
[43 INFO root] 0.507280707359314 0.4984239339828491 -1.4363374280997891
[43 INFO root] 0.5074150562286377 0.49740588665008545 -1.4047693643596233
[43 INFO root] 0.50758296251297 0.4963844418525696 -1.3746885877475314
[43 INFO root] 0.507781982421875 0.4953663945198059 -1.3465787642419726
[43 INFO root] 0.5080128908157349 0.4943408966064453 -1.320755363514761
[43 INFO root] 0.5082722306251526 0.49331438541412354 -1.2976679938051998
[43 INFO root] 0.5085551738739014 0.4922952950000763 -1.277725953574574
[43 INFO root] 0.508855938911438 0.4912913739681244 -1.261264079477987
[43 INFO root] 0.5091682076454163 0.49030929803848267 -1.2485386775687308
[43 INFO root] 0.5094857215881348 0.4893541634082794 -1.2397293579537496
[43 INFO root] 0.5098026394844055 0.48842936754226685 -1.2349453316713546
[43 INFO root] 0.5101138353347778 0.4875364899635315 -1.2342346099027763
[43 INFO root] 0.5104150176048279 0.4866754114627838 -1.2375944800438936
[43 INFO root] 0.5107029676437378 0.4858444035053253 -1.2449818392330223
[43 INFO root] 0.5109788775444031 0.48502978682518005 -1.2546832656044145
[43 INFO root] 0.5112443566322327 0.4842207431793213 -1.265283402183032
[43 INFO root] 0.511499285697937 0.48341548442840576 -1.2766487294228335
[43 INFO root] 0.5117433667182922 0.48261308670043945 -1.2887739220853256
[43 INFO root] 0.5119763612747192 0.4818125367164612 -1.3016443768002495
[43 INFO root] 0.5121980905532837 0.4810127913951874 -1.3152363820259574
[43 INFO root] 0.5124083161354065 0.4802127182483673 -1.3295307518209902
[43 INFO root] 0.5126067399978638 0.47941121459007263 -1.3445025374576294
[43 INFO root] 0.5127931237220764 0.4786071181297302 -1.3601182436897894
[43 INFO root] 0.5129672288894653 0.4777992367744446 -1.37633569307762
[43 INFO root] 0.5131286978721619 0.4769863784313202 -1.3931040413701863
[43 INFO root] 0.5132771730422974 0.47616735100746155 -1.4103638146306778
[43 INFO root] 0.513412356376648 0.4753410518169403 -1.4280470121302564
[43 INFO root] 0.5135337710380554 0.4745064973831177 -1.4460773203145152
[43 INFO root] 0.5136411190032959 0.47366276383399963 -1.4643704577031333
[43 INFO root] 0.5137338638305664 0.4728090465068817 -1.4828346994289083
[43 INFO root] 0.5138117074966431 0.47194474935531616 -1.5013715907587977
[43 INFO root] 0.5138741731643677 0.4710693955421448 -1.519876845026942
[43 INFO root] 0.5139209628105164 0.47018274664878845 -1.5382414071507857
[43 INFO root] 0.5139518976211548 0.4692847430706024 -1.5563526494325026
[43 INFO root] 0.5139666199684143 0.46837547421455383 -1.574095679520483
[43 INFO root] 0.5139651894569397 0.46745532751083374 -1.5913547303692397
[43 INFO root] 0.5139476656913757 0.46652474999427795 -1.6080145955679275
[43 INFO root] 0.5139142274856567 0.4655844569206238 -1.6239620756424924
[43 INFO root] 0.5138651728630066 0.4646352529525757 -1.639087408138355
[43 INFO root] 0.5138011574745178 0.4636780023574829 -1.6532856373149545
[43 INFO root] 0.513722836971283 0.46271371841430664 -1.6664578953855715
[43 INFO root] 0.5136309862136841 0.46174347400665283 -1.678512553905239
[43 INFO root] 0.5135267376899719 0.4607682228088379 -1.6893662187180027
[43 INFO root] 0.5134111642837524 0.459788978099823 -1.6989445444247029
[43 INFO root] 0.5132855176925659 0.45880672335624695 -1.70718285262165
[43 INFO root] 0.513151228427887 0.4578222334384918 -1.7140265438642974
[43 INFO root] 0.5130097270011902 0.4568362236022949 -1.7194313102544976
[43 INFO root] 0.512862503528595 0.455849289894104 -1.7233631526047464
[43 INFO root] 0.5127110481262207 0.4548618197441101 -1.725798227948802
[43 INFO root] 0.5125569701194763 0.45387402176856995 -1.7267225530934796
[43 INFO root] 0.5124017596244812 0.452886164188385 -1.7267998651056318
[43 INFO root] 0.5122463703155518 0.4518983066082001 -1.7267998651056318
[43 INFO root] 0.5120909810066223 0.45091044902801514 -1.7267998651056318
[43 INFO root] 0.5119356513023376 0.4499225914478302 -1.7267998651056318
[43 INFO root] 0.5117802619934082 0.44893473386764526 -1.7267998651056318
[43 INFO root] 0.5116248726844788 0.4479468762874603 -1.7267998651056318
[43 INFO root] 0.5114695429801941 0.4469590485095978 -1.7267998651056318
[43 INFO root] 0.5113141536712646 0.44597119092941284 -1.7267998651056318
[43 INFO root] 0.5111587643623352 0.4449833333492279 -1.7267998651056318
[43 INFO root] 0.5110034346580505 0.44399547576904297 -1.7267998651056318
[43 INFO root] 0.5108480453491211 0.44300761818885803 -1.7267998651056318
[43 INFO root] 0.5106926560401917 0.4420197606086731 -1.7267998651056318
[43 INFO root] 0.5105372667312622 0.44103190302848816 -1.7267998651056318
[43 INFO root] 0.5103819370269775 0.4400440454483032 -1.7267998651056318
[43 INFO root] 0.5102265477180481 0.4390561878681183 -1.7267998651056318
[43 INFO root] 0.5100711584091187 0.43806833028793335 -1.7267998651056318
[43 INFO root] 0.509915828704834 0.4370804727077484 -1.7267998651056318
[43 INFO root] 0.5097604393959045 0.4360926151275635 -1.7267998651056318
[43 INFO root] 0.5096050500869751 0.43510475754737854 -1.7267998651056318
[43 INFO root] 0.5094497203826904 0.4341168999671936 -1.7267998651056318
[43 INFO root] 0.509294331073761 0.43312904238700867 -1.7267998651056318
[43 INFO root] 0.5091389417648315 0.43214118480682373 -1.7267998651056318
[43 INFO root] 0.5089835524559021 0.4311533272266388 -1.7267998651056318
[43 INFO root] 0.5088282227516174 0.43016546964645386 -1.7267998651056318
[43 INFO root] 0.508672833442688 0.4291776120662689 -1.7267998651056318
[43 INFO root] 0.5085174441337585 0.428189754486084 -1.7267998651056318
[43 INFO root] 0.5083621144294739 0.42720192670822144 -1.7267998651056318
[43 INFO root] 0.5082067251205444 0.4262140691280365 -1.7267998651056318
[43 INFO root] 0.508051335811615 0.42522621154785156 -1.7267998651056318
[43 INFO root] 0.5078960061073303 0.4242383539676666 -1.7267998651056318
[43 INFO root] 0.5077406167984009 0.4232504963874817 -1.7267998651056318
[43 INFO root] 0.5075852274894714 0.42226263880729675 -1.7267998651056318
[43 INFO root] 0.507429838180542 0.4212747812271118 -1.7267998651056318
[43 INFO root] 0.5072745084762573 0.4202869236469269 -1.7267998651056318
[43 INFO root] 0.5071191191673279 0.41929906606674194 -1.7267998651056318
[43 INFO root] 0.5069637298583984 0.418311208486557 -1.7267998651056318
[43 INFO root] 0.5068084001541138 0.41732335090637207 -1.7267998651056318
[43 INFO root] 0.5066530108451843 0.41633549332618713 -1.7267998651056318
[43 INFO root] 0.5064976215362549 0.4153476357460022 -1.7267998651056318
[43 INFO root] 0.5063422918319702 0.41435977816581726 -1.7267998651056318
[43 INFO root] 0.5061869025230408 0.4133719205856323 -1.7267998651056318
[43 INFO root] 0.5060315132141113 0.4123840630054474 -1.7267998651056318
[43 INFO root] 0.5058761239051819 0.41139620542526245 -1.7267998651056318
[43 INFO root] 0.5057207942008972 0.4104083478450775 -1.7267998651056318
[43 INFO root] 0.5055654048919678 0.4094204902648926 -1.7267998651056318
[43 INFO root] 0.5054100155830383 0.40843263268470764 -1.7267998651056318
[43 INFO root] 0.5052546858787537 0.4074448049068451 -1.7267998651056318
[43 INFO root] 0.5050992965698242 0.40645694732666016 -1.7267998651056318
[43 INFO root] 0.5049439072608948 0.4054690897464752 -1.7267998651056318
[43 INFO root] 0.5047885179519653 0.4044812321662903 -1.7267998651056318
[43 INFO root] 0.5046331882476807 0.40349337458610535 -1.7267998651056318
[43 INFO root] 0.5044777989387512 0.4025055170059204 -1.7267998651056318
[43 INFO root] 0.5043224096298218 0.4015176594257355 -1.7267998651056318
[43 INFO root] 0.5041670799255371 0.40052980184555054 -1.7267998651056318
[43 INFO root] 0.5040116906166077 0.3995419442653656 -1.7267998651056318
[43 INFO root] 0.5038563013076782 0.39855408668518066 -1.7267998651056318
[43 INFO root] 0.5037009716033936 0.3975662291049957 -1.7267998651056318
[43 INFO root] 0.5035455822944641 0.3965783715248108 -1.7267998651056318
[43 INFO root] 0.5033901929855347 0.39559051394462585 -1.7267998651056318
[43 INFO root] 0.5032348036766052 0.3946026563644409 -1.7267998651056318
[43 INFO root] 0.5030794739723206 0.393614798784256 -1.7267998651056318
[43 INFO root] 0.5029240846633911 0.39262694120407104 -1.7267998651056318
[43 INFO root] 0.5027686953544617 0.3916390836238861 -1.7267998651056318
[43 INFO root] 0.502613365650177 0.39065122604370117 -1.7267998651056318
[43 INFO root] 0.5024579763412476 0.38966336846351624 -1.7267998651056318
[43 INFO root] 0.5023025870323181 0.3886755108833313 -1.7267998651056318
[43 INFO root] 0.5021472573280334 0.38768768310546875 -1.7267998651056318
[43 INFO root] 0.501991868019104 0.3866998255252838 -1.7267998651056318
[43 INFO root] 0.5018364787101746 0.3857119679450989 -1.7267998651056318
[43 INFO root] 0.5016810894012451 0.38472411036491394 -1.7267998651056318
[43 INFO root] 0.5015257596969604 0.383736252784729 -1.7267998651056318
[43 INFO root] 0.501370370388031 0.38274839520454407 -1.7267998651056318
[43 INFO root] 0.5012149810791016 0.38176053762435913 -1.7267998651056318
[43 INFO root] 0.5010596513748169 0.3807726800441742 -1.7267998651056318
[43 INFO root] 0.5009042620658875 0.37978482246398926 -1.7267998651056318
[43 INFO root] 0.500748872756958 0.3787969648838043 -1.7267998651056318
[43 INFO root] 0.5005935430526733 0.3778091073036194 -1.7267998651056318
[43 INFO root] 0.5004381537437439 0.37682124972343445 -1.7267998651056318
[43 INFO root] 0.5002827644348145 0.3758333921432495 -1.7267998651056318
[43 INFO root] 0.500127375125885 0.3748455345630646 -1.7267998651056318
[43 INFO root] 0.49997201561927795 0.37385767698287964 -1.7267998651056318
[43 INFO root] 0.4998166561126709 0.3728698194026947 -1.7267998651056318
[43 INFO root] 0.49966129660606384 0.37188196182250977 -1.7267998651056318
[43 INFO root] 0.4995059072971344 0.37089410424232483 -1.7267998651056318
[43 INFO root] 0.49935054779052734 0.3699062466621399 -1.7267998651056318
[43 INFO root] 0.4991951584815979 0.36891838908195496 -1.7267998651056318
[43 INFO root] 0.49903979897499084 0.3679305613040924 -1.7267998651056318
[43 INFO root] 0.4988844394683838 0.36694270372390747 -1.7267998651056318
[43 INFO root] 0.49872905015945435 0.36595484614372253 -1.7267998651056318
[43 INFO root] 0.4985736906528473 0.3649669885635376 -1.7267998651056318
[43 INFO root] 0.49841830134391785 0.36397913098335266 -1.7267998651056318
[43 INFO root] 0.4982629418373108 0.3629912734031677 -1.7267998651056318
[43 INFO root] 0.49810758233070374 0.3620034158229828 -1.7267998651056318
[43 INFO root] 0.4979521930217743 0.36101555824279785 -1.7267998651056318
[43 INFO root] 0.49779683351516724 0.3600277006626129 -1.7267998651056318
[43 INFO root] 0.4976414442062378 0.359039843082428 -1.7267998651056318
[43 INFO root] 0.49748608469963074 0.35805198550224304 -1.7267998651056318
[43 INFO root] 0.4973307251930237 0.3570641279220581 -1.7267998651056318
[43 INFO root] 0.49717533588409424 0.35607627034187317 -1.7267998651056318
[43 INFO root] 0.4970199763774872 0.35508841276168823 -1.7267998651056318
[43 INFO root] 0.49686458706855774 0.3541005551815033 -1.7267998651056318
[43 INFO root] 0.4967092275619507 0.35311269760131836 -1.7267998651056318
[43 INFO root] 0.49655386805534363 0.3521248400211334 -1.7267998651056318
[43 INFO root] 0.4963984787464142 0.3511369824409485 -1.7267998651056318
[43 INFO root] 0.49624311923980713 0.35014912486076355 -1.7267998651056318
[43 INFO root] 0.4960877299308777 0.3491612672805786 -1.7267998651056318
[43 INFO root] 0.49593237042427063 0.34817343950271606 -1.7267998651056318
[43 INFO root] 0.4957770109176636 0.34718558192253113 -1.7267998651056318
[43 INFO root] 0.49562162160873413 0.3461977243423462 -1.7267998651056318
[43 INFO root] 0.4954662621021271 0.34520986676216125 -1.7267998651056318
[43 INFO root] 0.495318204164505 0.3442686200141907 -1.7262157147668353
[43 INFO root] 0.4951784610748291 0.3433769643306732 -1.725007887914168
[43 INFO root] 0.4950467646121979 0.34253042936325073 -1.7232280544930918
[43 INFO root] 0.4949229061603546 0.3417252004146576 -1.7209188174744574
[43 INFO root] 0.4948066771030426 0.34095820784568787 -1.7181122401371494
[43 INFO root] 0.4946979582309723 0.3402269780635834 -1.7148323681735065
[43 INFO root] 0.49459657073020935 0.33952951431274414 -1.7110971533481496
[43 INFO root] 0.49450230598449707 0.3388640880584717 -1.7069198569020894
[43 INFO root] 0.4944150745868683 0.338229238986969 -1.7023100354984255
[43 INFO root] 0.49433469772338867 0.3376237750053406 -1.697274180954448
[43 INFO root] 0.4942609965801239 0.33704668283462524 -1.6918160688225827
[43 INFO root] 0.4941938519477844 0.33649706840515137 -1.6859368701640645
[43 INFO root] 0.4941345155239105 0.3359868824481964 -1.6801594249395024
[43 INFO root] 0.4940831959247589 0.3355221450328827 -1.6747919564917302
[43 INFO root] 0.494038850069046 0.3350997865200043 -1.6697879459565497
[43 INFO root] 0.49400055408477783 0.3347162902355194 -1.6650715413929789
[43 INFO root] 0.4939675033092499 0.3343687057495117 -1.6605734489406783
[43 INFO root] 0.493939071893692 0.3340543806552887 -1.6562273885138714
[43 INFO root] 0.4939146339893341 0.33377084136009216 -1.651966673116203
[43 INFO root] 0.49389374256134033 0.333515465259552 -1.6477211998441166
[43 INFO root] 0.4938759207725525 0.333285391330719 -1.6434147293199224
[43 INFO root] 0.4938606917858124 0.33307740092277527 -1.6389623447951192
[43 INFO root] 0.49384766817092896 0.33288803696632385 -1.6342756650649204
[43 INFO root] 0.4938364624977112 0.33271342515945435 -1.6292553641600485
[43 INFO root] 0.4938267767429352 0.33254924416542053 -1.6237883797819512
[43 INFO root] 0.4938182830810547 0.33239060640335083 -1.6177476588658466
[43 INFO root] 0.4938107132911682 0.3322320580482483 -1.6109929525171647
[43 INFO root] 0.493804007768631 0.33206766843795776 -1.6033726903481171
[43 INFO root] 0.4937981367111206 0.3318909704685211 -1.5947272210728767
[43 INFO root] 0.493793249130249 0.33169397711753845 -1.5848408349378449
[43 INFO root] 0.49379003047943115 0.33147934079170227 -1.5738823489599674
[43 INFO root] 0.4937891364097595 0.3312661349773407 -1.5626180102629386
[43 INFO root] 0.4937906563282013 0.3310532569885254 -1.5511641942140766
[43 INFO root] 0.49379462003707886 0.330838680267334 -1.5395219948501329
[43 INFO root] 0.49380117654800415 0.3306210935115814 -1.5276854878539283
[43 INFO root] 0.4938104450702667 0.33039990067481995 -1.5156374875022902
[43 INFO root] 0.4938226044178009 0.3301752507686615 -1.5033484351412525
[43 INFO root] 0.4938376843929291 0.3299476206302643 -1.4907844896748375
[43 INFO root] 0.49385586380958557 0.3297175168991089 -1.4779101816898714
[43 INFO root] 0.4938771724700928 0.32948559522628784 -1.464689482363406
[43 INFO root] 0.49390169978141785 0.32925230264663696 -1.4510868833532946
[43 INFO root] 0.49392956495285034 0.3290180563926697 -1.4370685839935842
[43 INFO root] 0.49396365880966187 0.3287619948387146 -1.4221355890860545
[43 INFO root] 0.4940062463283539 0.3284749984741211 -1.40601996429036
[43 INFO root] 0.4940580725669861 0.32816049456596375 -1.3887164893622006
[43 INFO root] 0.4941197633743286 0.32782238721847534 -1.3702483699513575
[43 INFO root] 0.4941920042037964 0.3274637758731842 -1.350642224263961
[43 INFO root] 0.49427559971809387 0.3270869851112366 -1.329928802281108
[43 INFO root] 0.49437135457992554 0.32669371366500854 -1.308143805959756
[43 INFO root] 0.49448028206825256 0.3262852132320404 -1.2853288216205299
[43 INFO root] 0.49460339546203613 0.3258622884750366 -1.261532410458283
[43 INFO root] 0.494741827249527 0.32542553544044495 -1.2368114043207816
[43 INFO root] 0.49489688873291016 0.32497522234916687 -1.2112324355082593
[43 INFO root] 0.49506986141204834 0.3245115578174591 -1.1848736964128843
[43 INFO root] 0.4952617883682251 0.3240357041358948 -1.1577801174513203
[43 INFO root] 0.4954734146595001 0.3235493302345276 -1.1299809726978602
[43 INFO root] 0.49570566415786743 0.3230535387992859 -1.1015198600227807
[43 INFO root] 0.4959597587585449 0.3225489854812622 -1.0724651581385125
[43 INFO root] 0.4962370693683624 0.32203590869903564 -1.0429144554525496
[43 INFO root] 0.4965391457080841 0.32151439785957336 -1.0129955820744603
[43 INFO root] 0.4968676269054413 0.32098451256752014 -0.9828673656285347
[43 INFO root] 0.4972192645072937 0.3204535245895386 -0.9537629299965766
[43 INFO root] 0.49758413434028625 0.31993603706359863 -0.9278766157445589
[43 INFO root] 0.497959166765213 0.31943264603614807 -0.9055538678954851
[43 INFO root] 0.4983425438404083 0.31894171237945557 -0.8869430023589022
[43 INFO root] 0.49873271584510803 0.31846117973327637 -0.8722012108280003
[43 INFO root] 0.4991282820701599 0.3179887533187866 -0.8614778305905169
[43 INFO root] 0.49952811002731323 0.31752195954322815 -0.8548992253153727
[43 INFO root] 0.4999311566352844 0.3170579671859741 -0.8525515873740696
[43 INFO root] 0.5003334283828735 0.31659749150276184 -0.8544990264162079
[43 INFO root] 0.5007105469703674 0.31616446375846863 -0.8609529195521369
[43 INFO root] 0.5010647773742676 0.315752774477005 -0.8718739096422417
[43 INFO root] 0.5014012455940247 0.31535330414772034 -0.8871591703681316
[43 INFO root] 0.5017243027687073 0.3149580657482147 -0.906670044286173
[43 INFO root] 0.5020372271537781 0.3145599365234375 -0.9302344550074473
[43 INFO root] 0.5023424029350281 0.31415244936943054 -0.9576499558204762
[43 INFO root] 0.5026414394378662 0.3137299120426178 -0.9886866039814516
[43 INFO root] 0.5029348134994507 0.3132871389389038 -1.0230885443921365
[43 INFO root] 0.5032220482826233 0.3128197193145752 -1.060579198549334
[43 INFO root] 0.5035015344619751 0.31232452392578125 -1.100881613438153
[43 INFO root] 0.5037709474563599 0.3117990791797638 -1.1437005494787886
[43 INFO root] 0.5040260553359985 0.31124478578567505 -1.1882783498859686
[43 INFO root] 0.504265308380127 0.3106573522090912 -1.2340295166298667
[43 INFO root] 0.5044862627983093 0.31003502011299133 -1.28066795482424
[43 INFO root] 0.5046857595443726 0.30937767028808594 -1.3279148581122346
[43 INFO root] 0.5048602819442749 0.3086869418621063 -1.3754736820430797
[43 INFO root] 0.5050063133239746 0.30796611309051514 -1.4230413615260948
[43 INFO root] 0.5051208734512329 0.3072202801704407 -1.4703213542579319
[43 INFO root] 0.505201518535614 0.30645591020584106 -1.5170371642356744
[43 INFO root] 0.5052468776702881 0.30568063259124756 -1.5629447777577603
[43 INFO root] 0.5052565336227417 0.3049027919769287 -1.6078425659637918
[43 INFO root] 0.5052316784858704 0.3041379153728485 -1.651464673495762
[43 INFO root] 0.505175769329071 0.3034052550792694 -1.6935734787346428
[43 INFO root] 0.5050933361053467 0.30271169543266296 -1.7341722588993749
[43 INFO root] 0.5049889087677002 0.3020610809326172 -1.7733314372690838
[43 INFO root] 0.5048671960830688 0.30145543813705444 -1.8111546054498568
[43 INFO root] 0.5047323107719421 0.3008953928947449 -1.847768102152809
[43 INFO root] 0.504579484462738 0.30035027861595154 -1.8843086161359046
[43 INFO root] 0.5044001340866089 0.29979026317596436 -1.9217319925316556
[43 INFO root] 0.5041913986206055 0.2992137670516968 -1.9600690621740071
[43 INFO root] 0.5039513111114502 0.2986222207546234 -1.9992503381415352
[43 INFO root] 0.5036777257919312 0.2980171740055084 -2.039199894532894
[43 INFO root] 0.5033684968948364 0.2974000573158264 -2.0798335314401957
[43 INFO root] 0.5030214190483093 0.29677248001098633 -2.1210576802583363
[43 INFO root] 0.502634584903717 0.29613620042800903 -2.1627687422774367
[43 INFO root] 0.502206027507782 0.2954932749271393 -2.2048528906504616
[43 INFO root] 0.5017341375350952 0.2948460280895233 -2.247186344308325
[43 INFO root] 0.5012175440788269 0.2941970229148865 -2.2896362561448615
[43 INFO root] 0.5006554126739502 0.29354923963546753 -2.33206213310619
[43 INFO root] 0.5000475645065308 0.2929060161113739 -2.3741288522350183
[43 INFO root] 0.4993962347507477 0.2922724783420563 -2.414747513494983
[43 INFO root] 0.4987059533596039 0.29165369272232056 -2.4535665018574924
[43 INFO root] 0.49798232316970825 0.2910541892051697 -2.4903414313189165
[43 INFO root] 0.49723175168037415 0.2904777526855469 -2.524852196372409
[43 INFO root] 0.4964609742164612 0.28992727398872375 -2.5569074911404885
[43 INFO root] 0.49567705392837524 0.2894047796726227 -2.5863471500359476
[43 INFO root] 0.4948868453502655 0.2889113128185272 -2.6130424541792596
[43 INFO root] 0.49409687519073486 0.2884471118450165 -2.6368946442855568
[43 INFO root] 0.4933130443096161 0.2880116105079651 -2.6578314050030936
[43 INFO root] 0.4925406277179718 0.2876036465167999 -2.6758031808803198
[43 INFO root] 0.4917839765548706 0.2872215509414673 -2.690779388497509
[43 INFO root] 0.4910466969013214 0.2868632674217224 -2.702744537488738
[43 INFO root] 0.4903315305709839 0.28652650117874146 -2.7116946053791686
[43 INFO root] 0.48964035511016846 0.286208838224411 -2.7176340245067765
[43 INFO root] 0.48897433280944824 0.2859077453613281 -2.72057348900555
[43 INFO root] 0.4883338510990143 0.28562068939208984 -2.720528672366167
[43 INFO root] 0.4877185821533203 0.2853451669216156 -2.7175198664158433
[43 INFO root] 0.4871275722980499 0.2850785553455353 -2.7115724905841834
[43 INFO root] 0.48655933141708374 0.2848183512687683 -2.702718371939588
[43 INFO root] 0.4860117435455322 0.2845619320869446 -2.6909976615359326
[43 INFO root] 0.48548227548599243 0.2843065559864044 -2.6764612250529067
[43 INFO root] 0.48496806621551514 0.28404945135116577 -2.6591734916893186
[43 INFO root] 0.48446592688560486 0.2837876081466675 -2.6392156829198004
[43 INFO root] 0.4839725196361542 0.28351783752441406 -2.6166888262245527
[43 INFO root] 0.4834845960140228 0.2832367420196533 -2.5917185706184718
[43 INFO root] 0.48299914598464966 0.2829408347606659 -2.564457594920523
[43 INFO root] 0.48251327872276306 0.28262633085250854 -2.535110665817004
[43 INFO root] 0.4820101857185364 0.28227943181991577 -2.5051198703875115
[43 INFO root] 0.4814901649951935 0.2818973958492279 -2.4749062665245383
[43 INFO root] 0.48095616698265076 0.28147968649864197 -2.4447705144603167
[43 INFO root] 0.48041146993637085 0.2810265123844147 -2.4150134359923427
[43 INFO root] 0.4798595905303955 0.2805388569831848 -2.385929418529394
[43 INFO root] 0.47930413484573364 0.2800184488296509 -2.357800306405785
[43 INFO root] 0.4787485599517822 0.2794676721096039 -2.3308897305451626
[43 INFO root] 0.4781961739063263 0.27888965606689453 -2.3054382508335896
[43 INFO root] 0.47764989733695984 0.27828794717788696 -2.2816596015770116
[43 INFO root] 0.47711217403411865 0.2776664197444916 -2.2597382091365503
[43 INFO root] 0.47658494114875793 0.2770290672779083 -2.239828030530899
[43 INFO root] 0.4760696291923523 0.2763799726963043 -2.222052634143693
[43 INFO root] 0.4755670130252838 0.2757229804992676 -2.206506348165995
[43 INFO root] 0.47507745027542114 0.2750616669654846 -2.193256244476736
[43 INFO root] 0.4746007025241852 0.2743992507457733 -2.1823447020714912
[43 INFO root] 0.47413623332977295 0.27373841404914856 -2.1737923001643344
[43 INFO root] 0.47368305921554565 0.2730814814567566 -2.16760081913555
[43 INFO root] 0.473239928483963 0.2724301815032959 -2.16375616861409
[43 INFO root] 0.472805380821228 0.27178582549095154 -2.162231107930881
[43 INFO root] 0.4723776876926422 0.27114924788475037 -2.162987668442046
[43 INFO root] 0.4719540774822235 0.2705194652080536 -2.164443463228531
[43 INFO root] 0.4715333580970764 0.2698958218097687 -2.1659850239583114
[43 INFO root] 0.4711151719093323 0.26927801966667175 -2.1675618834304875
[43 INFO root] 0.47069934010505676 0.26866573095321655 -2.169171474302175
[43 INFO root] 0.470285564661026 0.2680585980415344 -2.1708108892055074
[43 INFO root] 0.4698735773563385 0.26745620369911194 -2.172476849990176
[43 INFO root] 0.4694630801677704 0.26685813069343567 -2.1741656553109543
[43 INFO root] 0.469053715467453 0.266263872385025 -2.175873152510873
[43 INFO root] 0.4686451256275177 0.265672892332077 -2.177594738500221
[43 INFO root] 0.46823689341545105 0.26508456468582153 -2.179325394318738
[43 INFO root] 0.4678286015987396 0.2644983232021332 -2.18105975723155
[43 INFO root] 0.4674197733402252 0.26391348242759705 -2.1827922327507503
[43 INFO root] 0.467009961605072 0.263329416513443 -2.184517146364172
[43 INFO root] 0.4665987491607666 0.2627454698085785 -2.1862289309051213
[43 INFO root] 0.46618565917015076 0.2621610462665558 -2.187922345481085
[43 INFO root] 0.4657703936100006 0.2615756094455719 -2.189592721956583
[43 INFO root] 0.4653526544570923 0.260988712310791 -2.191236257468289
[43 INFO root] 0.4649322032928467 0.26040011644363403 -2.1928502680371817
[43 INFO root] 0.464508980512619 0.259809672832489 -2.194433357133103
[43 INFO root] 0.4640830159187317 0.25921738147735596 -2.1959854910178036
[43 INFO root] 0.46365445852279663 0.2586234509944916 -2.197507984635705
[43 INFO root] 0.4632236361503601 0.2580282688140869 -2.1990034071054367
[43 INFO root] 0.46279090642929077 0.25743231177330017 -2.2004754202677086
[43 INFO root] 0.4623567461967468 0.25683626532554626 -2.201928569486793
[43 INFO root] 0.46192169189453125 0.2562408447265625 -2.2033680496104293
[43 INFO root] 0.4614863991737366 0.25564682483673096 -2.2047994577159074
[43 INFO root] 0.46105140447616577 0.2550550699234009 -2.2062285475144736
[43 INFO root] 0.46061739325523376 0.25446638464927673 -2.2076610012540026
[43 INFO root] 0.4601849615573883 0.253881573677063 -2.209102231417789
[43 INFO root] 0.45975467562675476 0.2533014118671417 -2.210557171353824
[43 INFO root] 0.45932698249816895 0.2527265250682831 -2.2120299984184473
[43 INFO root] 0.45890235900878906 0.2521574795246124 -2.213524110093887
[43 INFO root] 0.458481103181839 0.25159475207328796 -2.215042177673707
[43 INFO root] 0.4580635130405426 0.25103867053985596 -2.216586195025498
[43 INFO root] 0.457649827003479 0.2504895329475403 -2.218157516476605
[43 INFO root] 0.45724019408226013 0.24994753301143646 -2.21975688756891
[43 INFO root] 0.45683473348617554 0.24941281974315643 -2.221384471304684
[43 INFO root] 0.4564334452152252 0.24888543784618378 -2.2230398702576335
[43 INFO root] 0.45603641867637634 0.2483654022216797 -2.2247221438276
[43 INFO root] 0.45564353466033936 0.247852623462677 -2.226429820788541
[43 INFO root] 0.45525479316711426 0.24734696745872498 -2.2281608560020785
[43 INFO root] 0.45486998558044434 0.24684827029705048 -2.2299126225305805
[43 INFO root] 0.45448899269104004 0.2463562786579132 -2.231681958950145
[43 INFO root] 0.45411157608032227 0.2458707094192505 -2.2334652256980005
[43 INFO root] 0.4537375569343567 0.24539124965667725 -2.235258355875324
[43 INFO root] 0.4533666670322418 0.24491755664348602 -2.237056901433399
[43 INFO root] 0.45299863815307617 0.24444928765296936 -2.2388560772826938
[43 INFO root] 0.452633261680603 0.2439860701560974 -2.2406508052929133
[43 INFO root] 0.4522702097892761 0.24352753162384033 -2.242435759311632
[43 INFO root] 0.45190930366516113 0.24307332932949066 -2.2442054113641836
[43 INFO root] 0.4515502154827118 0.24262307584285736 -2.24595407830435
[43 INFO root] 0.451192706823349 0.24217642843723297 -2.2476759675602147
[43 INFO root] 0.45083653926849365 0.24173301458358765 -2.2493652204074244
[43 INFO root] 0.45048147439956665 0.24129250645637512 -2.251015951458216
[43 INFO root] 0.4501272737979889 0.24085454642772675 -2.2526222837421823
[43 INFO root] 0.4497736692428589 0.24041876196861267 -2.2541783797530264
[43 INFO root] 0.44942042231559753 0.23998478055000305 -2.255678469961781
[43 INFO root] 0.44906723499298096 0.23955221474170685 -2.257116881341339
[43 INFO root] 0.4487137496471405 0.23912060260772705 -2.258488069230745
[43 INFO root] 0.4483596980571747 0.23868945240974426 -2.259786656263651
[43 INFO root] 0.4480045735836029 0.2382582128047943 -2.261007482042313
[43 INFO root] 0.44764798879623413 0.23782622814178467 -2.2621456667778417
[43 INFO root] 0.4472894072532654 0.2373928278684616 -2.2631966913013604
[43 INFO root] 0.4469281733036041 0.23695719242095947 -2.264156494742175
[43 INFO root] 0.44656363129615784 0.23651844263076782 -2.265021589798665
[43 INFO root] 0.4461950361728668 0.23607559502124786 -2.2657891938670898
[43 INFO root] 0.4458215534687042 0.23562759160995483 -2.2664573723137664
[43 INFO root] 0.4454423189163208 0.2351732850074768 -2.267025187875987
[43 INFO root] 0.44505661725997925 0.23471178114414215 -2.267493871349712
[43 INFO root] 0.4446639120578766 0.23424234986305237 -2.2678662110012837
[43 INFO root] 0.4442638158798218 0.23376448452472687 -2.2681459156666093
[43 INFO root] 0.44385606050491333 0.23327773809432983 -2.268337356385127
[43 INFO root] 0.4434404671192169 0.23278184235095978 -2.2684453878382693
[43 INFO root] 0.4430169463157654 0.23227660357952118 -2.2684751892666526
[43 INFO root] 0.4425854980945587 0.23176196217536926 -2.26843212422363
[43 INFO root] 0.4421471357345581 0.23123902082443237 -2.2683225254965587
[43 INFO root] 0.4417029321193695 0.23070897161960602 -2.2681516868415437
[43 INFO root] 0.4412536025047302 0.23017267882823944 -2.267923720639778
[43 INFO root] 0.4407997131347656 0.22963066399097443 -2.2676419932039273
[43 INFO root] 0.4403415024280548 0.22908318042755127 -2.2673094945215304
[43 INFO root] 0.43987905979156494 0.22853030264377594 -2.2669290986991895
[43 INFO root] 0.4394124150276184 0.22797195613384247 -2.26650373802935
[43 INFO root] 0.43894141912460327 0.22740793228149414 -2.26603650982135
[43 INFO root] 0.43846595287323 0.22683800756931305 -2.265530730243949
[43 INFO root] 0.4379858076572418 0.2262618988752365 -2.2649899460702723
[43 INFO root] 0.43750083446502686 0.22567932307720184 -2.264417912382426
[43 INFO root] 0.43701082468032837 0.22509002685546875 -2.263818541879343
[43 INFO root] 0.4365156292915344 0.22449380159378052 -2.263195833028989
[43 INFO root] 0.43601515889167786 0.22389046847820282 -2.2625537843689907
[43 INFO root] 0.4355093836784363 0.2232799082994461 -2.261896301667889
[43 INFO root] 0.4349982738494873 0.22266212105751038 -2.2612271041527796
[43 INFO root] 0.4344819188117981 0.22203712165355682 -2.260549635385693
[43 INFO root] 0.4339604079723358 0.2214050143957138 -2.2598669835778855
[43 INFO root] 0.4334339499473572 0.22076599299907684 -2.2591818151884793
[43 INFO root] 0.4329026937484741 0.22012029588222504 -2.2584963245975604
[43 INFO root] 0.4323669672012329 0.21946822106838226 -2.257812201535895
[43 INFO root] 0.43182703852653503 0.21881012618541718 -2.257130616874243
[43 INFO root] 0.43128320574760437 0.21814638376235962 -2.2564522263984834
[43 INFO root] 0.43073588609695435 0.21747741103172302 -2.255777192151014
[43 INFO root] 0.4301854074001312 0.2168036550283432 -2.25510522002638
[43 INFO root] 0.42963212728500366 0.21612554788589478 -2.2544356111372497
[43 INFO root] 0.4290764033794403 0.21544353663921356 -2.2537673238709064
[43 INFO root] 0.4285186231136322 0.21475805342197418 -2.253099043435588
[43 INFO root] 0.4279591143131256 0.21406947076320648 -2.2524294841201606
[43 INFO root] 0.42739805579185486 0.21337808668613434 -2.2517578264737432
[43 INFO root] 0.42683565616607666 0.21268408000469208 -2.2510837841709335
[43 INFO root] 0.4262720048427582 0.21198755502700806 -2.2504075298104294
[43 INFO root] 0.4257071316242218 0.21128858625888824 -2.2497296111820506
[43 INFO root] 0.4251410961151123 0.21058717370033264 -2.2490508777209546
[43 INFO root] 0.4245738387107849 0.20988330245018005 -2.2483724174563964
[43 INFO root] 0.4240054190158844 0.20917697250843048 -2.2476955033428156
[43 INFO root] 0.4234357178211212 0.20846810936927795 -2.2470215478293505
[43 INFO root] 0.42286476492881775 0.20775668323040009 -2.2463520645923363
[43 INFO root] 0.4222925007343292 0.2070426493883133 -2.245688636451973
[43 INFO root] 0.42171886563301086 0.2063259333372116 -2.2450328886003055
[43 INFO root] 0.42114385962486267 0.20560649037361145 -2.244386466373135
[43 INFO root] 0.4205673635005951 0.20488429069519043 -2.24375101689781
[43 INFO root] 0.4199894070625305 0.20415927469730377 -2.243128174039528
[43 INFO root] 0.41940993070602417 0.20343144237995148 -2.2425195461497287
[43 INFO root] 0.41882890462875366 0.20270071923732758 -2.2419267061913506
[43 INFO root] 0.4182462990283966 0.20196713507175446 -2.2413511838777027
[43 INFO root] 0.4176620543003082 0.20123063027858734 -2.240794459515182
[43 INFO root] 0.4170762002468109 0.20049123466014862 -2.240257959286026
[43 INFO root] 0.4164886772632599 0.1997489184141159 -2.239743051746555
[43 INFO root] 0.41589948534965515 0.1990036964416504 -2.239251045349759
[43 INFO root] 0.4153086543083191 0.19825564324855804 -2.238782443313765
[43 INFO root] 0.41471630334854126 0.1975049376487732 -2.2383363044894002
[43 INFO root] 0.4141225516796112 0.19675175845623016 -2.2379115260510987
[43 INFO root] 0.4135274887084961 0.1959962546825409 -2.2375071596699443
[43 INFO root] 0.4129312038421631 0.19523856043815613 -2.2371224151389684
[43 INFO root] 0.41233378648757935 0.1944788247346878 -2.236756642236456
[43 INFO root] 0.41173529624938965 0.1937171369791031 -2.2364093140436734
[43 INFO root] 0.4111357629299164 0.19295360147953033 -2.2360800120039896
[43 INFO root] 0.4105352461338043 0.1921882927417755 -2.235768412588274
[43 INFO root] 0.40993380546569824 0.1914212852716446 -2.2354742754254917
[43 INFO root] 0.40933144092559814 0.19065265357494354 -2.2351974327618773
[43 INFO root] 0.4087282121181488 0.18988244235515594 -2.2349377801188295
[43 INFO root] 0.40812548995018005 0.18911249935626984 -2.234805848451434
[43 INFO root] 0.4075610041618347 0.18839117884635925 -2.2378225113835066
[43 INFO root] 0.40703102946281433 0.18771770596504211 -2.2441427738368227
[43 INFO root] 0.406527042388916 0.18708503246307373 -2.2535824124296995
[43 INFO root] 0.4060487747192383 0.18649578094482422 -2.265840415841737
[43 INFO root] 0.4055919647216797 0.1859464943408966 -2.2807234371905025
[43 INFO root] 0.4051516056060791 0.18543247878551483 -2.298080957373898
[43 INFO root] 0.4047233462333679 0.18494956195354462 -2.317819139373098
[43 INFO root] 0.40430304408073425 0.18449382483959198 -2.339870231440623
[43 INFO root] 0.4038865566253662 0.18406155705451965 -2.364180655601543
[43 INFO root] 0.40346968173980713 0.1836492270231247 -2.3907074867031026
[43 INFO root] 0.4030480682849884 0.18325364589691162 -2.4194156030486402
[43 INFO root] 0.4026172161102295 0.18287189304828644 -2.45027457145394
[43 INFO root] 0.40217238664627075 0.18250146508216858 -2.483255147447882
[43 INFO root] 0.40170854330062866 0.1821402907371521 -2.518325292684076
[43 INFO root] 0.4012203514575958 0.18178680539131165 -2.5554456157027596
[43 INFO root] 0.4007021486759186 0.18144004046916962 -2.5945641632145087
[43 INFO root] 0.40014803409576416 0.18109971284866333 -2.6356105341390808
[43 INFO root] 0.3995518982410431 0.18076631426811218 -2.6784893658358424
[43 INFO root] 0.39890748262405396 0.1804412603378296 -2.723073358971151
[43 INFO root] 0.39820876717567444 0.18012693524360657 -2.7691961683248794
[43 INFO root] 0.3974500596523285 0.1798267513513565 -2.8166456870230188
[43 INFO root] 0.39662644267082214 0.17954517900943756 -2.8651584717942886
[43 INFO root] 0.39573416113853455 0.1792876273393631 -2.914416256604507
[43 INFO root] 0.39477112889289856 0.17906028032302856 -2.9640456181578787
[43 INFO root] 0.393737256526947 0.17886973917484283 -3.0136218099706062
[43 INFO root] 0.39263495802879333 0.17872262001037598 -3.0626774973976856
[43 INFO root] 0.391469269990921 0.1786249428987503 -3.1107165686721907
[43 INFO root] 0.3902478814125061 0.17858156561851501 3.1259528981041185
[43 INFO root] 0.388980895280838 0.1785956770181656 3.0814561578183315
[43 INFO root] 0.3876802921295166 0.1786683201789856 3.0394416466551943
[43 INFO root] 0.3863593637943268 0.17879821360111237 3.000319602678965
[43 INFO root] 0.38503170013427734 0.17898178100585938 2.9644314868610464
[43 INFO root] 0.3837105333805084 0.17921341955661774 2.932040087398431
[43 INFO root] 0.3824079930782318 0.1794860064983368 2.903326084718359
[43 INFO root] 0.3811330497264862 0.17979173362255096 2.8782987927961465
[43 INFO root] 0.3798922002315521 0.18012280762195587 2.8568717706050464
[43 INFO root] 0.37868988513946533 0.18047183752059937 2.8389008293167164
[43 INFO root] 0.3775286376476288 0.1808321326971054 2.824205277010529
[43 INFO root] 0.37640947103500366 0.1811978965997696 2.812585001841246
[43 INFO root] 0.3753321170806885 0.18156428635120392 2.8038338808127694
[43 INFO root] 0.3742954432964325 0.18192732334136963 2.7977496485820668
[43 INFO root] 0.37329772114753723 0.18228386342525482 2.7941406898146104
[43 INFO root] 0.372336745262146 0.1826314628124237 2.7928303436318376
[43 INFO root] 0.37139520049095154 0.1829736977815628 2.7927221200145906
[43 INFO root] 0.37045544385910034 0.18331553041934967 2.7927221200145906
[43 INFO root] 0.36951568722724915 0.18365736305713654 2.7927221200145906
[43 INFO root] 0.36857593059539795 0.1839991956949234 2.7927221200145906
[43 INFO root] 0.36763617396354675 0.18434102833271027 2.7927221200145906
[43 INFO root] 0.36669641733169556 0.18468287587165833 2.7927221200145906
[43 INFO root] 0.36575666069984436 0.1850247085094452 2.7927221200145906
[43 INFO root] 0.36481690406799316 0.18536654114723206 2.7927221200145906
[43 INFO root] 0.3638771176338196 0.18570838868618011 2.7927221200145906
[43 INFO root] 0.3629373610019684 0.18605022132396698 2.7927221200145906
[43 INFO root] 0.3619976043701172 0.18639205396175385 2.7927221200145906
[43 INFO root] 0.361057847738266 0.1867338865995407 2.7927221200145906
[43 INFO root] 0.3601180911064148 0.18707573413848877 2.7927221200145906
[43 INFO root] 0.3591783344745636 0.18741756677627563 2.7927221200145906
[43 INFO root] 0.3582385778427124 0.1877593994140625 2.7927221200145906
[43 INFO root] 0.3572988212108612 0.18810123205184937 2.7927221200145906
[43 INFO root] 0.35635906457901 0.18844307959079742 2.7927221200145906
[43 INFO root] 0.3554193079471588 0.1887849122285843 2.7927221200145906
[43 INFO root] 0.3544795513153076 0.18912674486637115 2.7927221200145906
[43 INFO root] 0.35353976488113403 0.18946857750415802 2.7927221200145906
[43 INFO root] 0.35260000824928284 0.18981042504310608 2.7927221200145906
[43 INFO root] 0.35166025161743164 0.19015225768089294 2.7927221200145906
[43 INFO root] 0.35072049498558044 0.1904940903186798 2.7927221200145906
[43 INFO root] 0.34978073835372925 0.19083593785762787 2.7927221200145906
[43 INFO root] 0.34884098172187805 0.19117777049541473 2.7927221200145906
[43 INFO root] 0.34790122509002686 0.1915196031332016 2.7927221200145906
[43 INFO root] 0.34696146845817566 0.19186143577098846 2.7927221200145906
[43 INFO root] 0.34602171182632446 0.19220328330993652 2.7927221200145906
[43 INFO root] 0.34508195519447327 0.1925451159477234 2.7927221200145906
[43 INFO root] 0.3441421687602997 0.19288694858551025 2.7927221200145906
[43 INFO root] 0.3432024121284485 0.19322878122329712 2.7927221200145906
[43 INFO root] 0.3422626554965973 0.19357062876224518 2.7927221200145906
[43 INFO root] 0.3413228988647461 0.19391246140003204 2.7927221200145906
[43 INFO root] 0.3403831422328949 0.1942542940378189 2.7927221200145906
[43 INFO root] 0.3394433856010437 0.19459612667560577 2.7927221200145906
[43 INFO root] 0.3385036289691925 0.19493797421455383 2.7927221200145906
[43 INFO root] 0.3375638723373413 0.1952798068523407 2.7927221200145906
[43 INFO root] 0.3366241157054901 0.19562163949012756 2.7927221200145906
[43 INFO root] 0.3356843590736389 0.19596348702907562 2.7927221200145906
[43 INFO root] 0.3347446024417877 0.1963053196668625 2.7927221200145906
[43 INFO root] 0.33380481600761414 0.19664715230464935 2.7927221200145906
[43 INFO root] 0.33286505937576294 0.19698898494243622 2.7927221200145906
[43 INFO root] 0.33192530274391174 0.19733083248138428 2.7927221200145906
[43 INFO root] 0.33098554611206055 0.19767266511917114 2.7927221200145906
[43 INFO root] 0.33004578948020935 0.198014497756958 2.7927221200145906
[43 INFO root] 0.32910603284835815 0.19835633039474487 2.7927221200145906
[43 INFO root] 0.32816627621650696 0.19869817793369293 2.7927221200145906
[43 INFO root] 0.32722651958465576 0.1990400105714798 2.7927221200145906
[43 INFO root] 0.32628676295280457 0.19938184320926666 2.7927221200145906
[43 INFO root] 0.32534700632095337 0.19972367584705353 2.7927221200145906
[43 INFO root] 0.3244072496891022 0.2000655233860016 2.7927221200145906
[43 INFO root] 0.3234674632549286 0.20040735602378845 2.7927221200145906
[43 INFO root] 0.3225277066230774 0.20074918866157532 2.7927221200145906
[43 INFO root] 0.3215879499912262 0.20109102129936218 2.7927221200145906
[43 INFO root] 0.320648193359375 0.20143286883831024 2.7927221200145906
[43 INFO root] 0.3197084367275238 0.2017747014760971 2.7927221200145906
[43 INFO root] 0.3187686800956726 0.20211653411388397 2.7927221200145906
[43 INFO root] 0.3178289234638214 0.20245838165283203 2.7927221200145906
[43 INFO root] 0.3168891668319702 0.2028002142906189 2.7927221200145906
[43 INFO root] 0.315949410200119 0.20314204692840576 2.7927221200145906
[43 INFO root] 0.3150096535682678 0.20348387956619263 2.7927221200145906
[43 INFO root] 0.3140698969364166 0.20382572710514069 2.7927221200145906
[43 INFO root] 0.31313011050224304 0.20416755974292755 2.7927221200145906
[43 INFO root] 0.31219035387039185 0.20450939238071442 2.7927221200145906
[43 INFO root] 0.31125059723854065 0.20485122501850128 2.7927221200145906
[43 INFO root] 0.31031084060668945 0.20519307255744934 2.7927221200145906
[43 INFO root] 0.30937108397483826 0.2055349051952362 2.7927221200145906
[43 INFO root] 0.30843132734298706 0.20587673783302307 2.7927221200145906
[43 INFO root] 0.30749157071113586 0.20621857047080994 2.7927221200145906
[43 INFO root] 0.30655181407928467 0.206560418009758 2.7927221200145906
[43 INFO root] 0.30561205744743347 0.20690225064754486 2.7927221200145906
[43 INFO root] 0.3046723008155823 0.20724408328533173 2.7927221200145906
[43 INFO root] 0.3037325441837311 0.20758593082427979 2.7927221200145906
[43 INFO root] 0.3027927577495575 0.20792776346206665 2.7927221200145906
[43 INFO root] 0.3018530011177063 0.20826959609985352 2.7927221200145906
[43 INFO root] 0.3009132444858551 0.20861142873764038 2.7927221200145906
[43 INFO root] 0.2999734878540039 0.20895327627658844 2.7927221200145906
[43 INFO root] 0.2990337312221527 0.2092951089143753 2.7927221200145906
[43 INFO root] 0.2980939745903015 0.20963694155216217 2.7927221200145906
[43 INFO root] 0.2971542179584503 0.20997877418994904 2.7927221200145906
[43 INFO root] 0.2962144613265991 0.2103206217288971 2.7927221200145906
[43 INFO root] 0.2952747046947479 0.21066245436668396 2.7927221200145906
[43 INFO root] 0.29433494806289673 0.21100428700447083 2.7927221200145906
[43 INFO root] 0.29339516162872314 0.2113461196422577 2.7927221200145906
[43 INFO root] 0.29245540499687195 0.21168796718120575 2.7927221200145906
[43 INFO root] 0.29151564836502075 0.21202979981899261 2.7927221200145906
[43 INFO root] 0.29057589173316956 0.21237163245677948 2.7927221200145906
[43 INFO root] 0.28963613510131836 0.21271347999572754 2.7927221200145906
[43 INFO root] 0.28869637846946716 0.2130553126335144 2.7927221200145906
[43 INFO root] 0.28775662183761597 0.21339714527130127 2.7927221200145906
[43 INFO root] 0.28681686520576477 0.21373897790908813 2.7927221200145906
[43 INFO root] 0.2858771085739136 0.2140808254480362 2.7927221200145906
[43 INFO root] 0.2849373519420624 0.21442265808582306 2.7927221200145906
[43 INFO root] 0.2839975953102112 0.21476449072360992 2.7927221200145906
[43 INFO root] 0.2830578088760376 0.2151063233613968 2.7927221200145906
[43 INFO root] 0.2821180522441864 0.21544817090034485 2.7927221200145906
[43 INFO root] 0.2811782956123352 0.2157900035381317 2.7927221200145906
[43 INFO root] 0.280238538980484 0.21613183617591858 2.7927221200145906
[43 INFO root] 0.2792987823486328 0.21647366881370544 2.7927221200145906
[43 INFO root] 0.2783590257167816 0.2168155163526535 2.7927221200145906
[43 INFO root] 0.2774192690849304 0.21715734899044037 2.7927221200145906
[43 INFO root] 0.2764795124530792 0.21749918162822723 2.7927221200145906
[43 INFO root] 0.275539755821228 0.2178410142660141 2.7927221200145906
[43 INFO root] 0.27459999918937683 0.21818286180496216 2.7927221200145906
[43 INFO root] 0.27366024255752563 0.21852469444274902 2.7927221200145906
[43 INFO root] 0.27272045612335205 0.2188665270805359 2.7927221200145906
[43 INFO root] 0.27178069949150085 0.21920837461948395 2.7927221200145906
[43 INFO root] 0.27084094285964966 0.2195502072572708 2.7927221200145906
[43 INFO root] 0.26990118622779846 0.21989203989505768 2.7927221200145906
[43 INFO root] 0.26896142959594727 0.22023387253284454 2.7927221200145906
[43 INFO root] 0.26802167296409607 0.2205757200717926 2.7927221200145906
[43 INFO root] 0.2670819163322449 0.22091755270957947 2.7927221200145906
[43 INFO root] 0.2661421597003937 0.22125938534736633 2.7927221200145906
[43 INFO root] 0.2652024030685425 0.2216012179851532 2.7927221200145906
[43 INFO root] 0.2642626464366913 0.22194306552410126 2.7927221200145906
[43 INFO root] 0.2633228898048401 0.22228489816188812 2.7927221200145906
[43 INFO root] 0.2623831033706665 0.222626730799675 2.7927221200145906
[43 INFO root] 0.2614433467388153 0.22296856343746185 2.7927221200145906
[43 INFO root] 0.2605035901069641 0.2233104109764099 2.7927221200145906
[43 INFO root] 0.2595638334751129 0.22365224361419678 2.7927221200145906
[43 INFO root] 0.2586240768432617 0.22399407625198364 2.7927221200145906
[43 INFO root] 0.2576843202114105 0.2243359237909317 2.7927221200145906
[43 INFO root] 0.2567445635795593 0.22467775642871857 2.7927221200145906
[43 INFO root] 0.25580480694770813 0.22501958906650543 2.7927221200145906
[43 INFO root] 0.25486505031585693 0.2253614217042923 2.7927221200145906
[43 INFO root] 0.25392529368400574 0.22570326924324036 2.7927221200145906
[43 INFO root] 0.25298553705215454 0.22604510188102722 2.7927221200145906
[43 INFO root] 0.25204575061798096 0.2263869345188141 2.7927221200145906
[43 INFO root] 0.25110599398612976 0.22672876715660095 2.7927221200145906
[43 INFO root] 0.25016623735427856 0.227070614695549 2.7927221200145906
[43 INFO root] 0.24922648072242737 0.22741244733333588 2.7927221200145906
[43 INFO root] 0.24828672409057617 0.22775427997112274 2.7927221200145906
[43 INFO root] 0.24734696745872498 0.2280961126089096 2.7927221200145906
[43 INFO root] 0.24640721082687378 0.22843796014785767 2.7927221200145906
[43 INFO root] 0.24546745419502258 0.22877979278564453 2.7927221200145906
[43 INFO root] 0.2445276826620102 0.2291216254234314 2.7927221200145906
[43 INFO root] 0.243587926030159 0.22946347296237946 2.7927221200145906
[43 INFO root] 0.2426481693983078 0.22980530560016632 2.7927221200145906
[43 INFO root] 0.2417084127664566 0.23014713823795319 2.7927221200145906
[43 INFO root] 0.2407686561346054 0.23048897087574005 2.7927221200145906
[43 INFO root] 0.23982888460159302 0.2308308184146881 2.7927221200145906
[43 INFO root] 0.23888912796974182 0.23117265105247498 2.7927221200145906
[43 INFO root] 0.23794937133789062 0.23151448369026184 2.7927221200145906
[43 INFO root] 0.23700961470603943 0.2318563163280487 2.7927221200145906
[43 INFO root] 0.23606985807418823 0.23219816386699677 2.7927221200145906
[43 INFO root] 0.23513010144233704 0.23253999650478363 2.7927221200145906
[43 INFO root] 0.23419032990932465 0.2328818291425705 2.7927221200145906
[43 INFO root] 0.23325057327747345 0.23322366178035736 2.7927221200145906
[43 INFO root] 0.23231081664562225 0.23356550931930542 2.7927221200145906
[43 INFO root] 0.23137106001377106 0.23390734195709229 2.7927221200145906
[43 INFO root] 0.23043130338191986 0.23424917459487915 2.7927221200145906
[43 INFO root] 0.22949153184890747 0.23459100723266602 2.7927221200145906
[43 INFO root] 0.22855177521705627 0.23493285477161407 2.7927221200145906
[43 INFO root] 0.22761201858520508 0.23527468740940094 2.7927221200145906
[43 INFO root] 0.22667226195335388 0.2356165200471878 2.7927221200145906
[43 INFO root] 0.22573250532150269 0.23595836758613586 2.7927221200145906
[43 INFO root] 0.2247927486896515 0.23630020022392273 2.7927221200145906
[43 INFO root] 0.2238529771566391 0.2366420328617096 2.7927221200145906
[43 INFO root] 0.2229132205247879 0.23698386549949646 2.7927221200145906
[43 INFO root] 0.2219734638929367 0.23732571303844452 2.7927221200145906
[43 INFO root] 0.2210337072610855 0.23766754567623138 2.7927221200145906
[43 INFO root] 0.22009395062923431 0.23800937831401825 2.7927221200145906
[43 INFO root] 0.21915417909622192 0.23835121095180511 2.7927221200145906
[43 INFO root] 0.21821442246437073 0.23869305849075317 2.7927221200145906
[43 INFO root] 0.21727466583251953 0.23903489112854004 2.7927221200145906
[43 INFO root] 0.21633490920066833 0.2393767237663269 2.7927221200145906
[43 INFO root] 0.21539515256881714 0.23971855640411377 2.7927221200145906
[43 INFO root] 0.21445538103580475 0.24006040394306183 2.7927221200145906
[43 INFO root] 0.21351562440395355 0.2404022365808487 2.7927221200145906
[43 INFO root] 0.21257586777210236 0.24074406921863556 2.7927221200145906
[43 INFO root] 0.21163611114025116 0.24108591675758362 2.7927221200145906
[43 INFO root] 0.21069635450839996 0.24142774939537048 2.7927221200145906
[43 INFO root] 0.20975659787654877 0.24176958203315735 2.7927221200145906
[43 INFO root] 0.20881682634353638 0.2421114146709442 2.7927221200145906
[43 INFO root] 0.20787706971168518 0.24245326220989227 2.7927221200145906
[43 INFO root] 0.20693731307983398 0.24279509484767914 2.7927221200145906
[43 INFO root] 0.2059975564479828 0.243136927485466 2.7927221200145906
[43 INFO root] 0.2050577998161316 0.24347876012325287 2.7927221200145906
[43 INFO root] 0.2041180282831192 0.24382060766220093 2.7927221200145906
[43 INFO root] 0.203178271651268 0.2441624402999878 2.7927221200145906
[43 INFO root] 0.2022385150194168 0.24450427293777466 2.7927221200145906
[43 INFO root] 0.2012987583875656 0.24484610557556152 2.7927221200145906
[43 INFO root] 0.20035900175571442 0.24518795311450958 2.7927221200145906
[43 INFO root] 0.19941924512386322 0.24552978575229645 2.7927221200145906
[43 INFO root] 0.19847947359085083 0.2458716183900833 2.7927221200145906
[43 INFO root] 0.19753971695899963 0.24621346592903137 2.7927221200145906
[43 INFO root] 0.19659996032714844 0.24655529856681824 2.7927221200145906
[43 INFO root] 0.19566020369529724 0.2468971312046051 2.7927221200145906
[43 INFO root] 0.19472044706344604 0.24723896384239197 2.7927221200145906
[43 INFO root] 0.19378067553043365 0.24758081138134003 2.7927221200145906
[43 INFO root] 0.19284091889858246 0.2479226440191269 2.7927221200145906
[43 INFO root] 0.19190116226673126 0.24826447665691376 2.7927221200145906
[43 INFO root] 0.19096140563488007 0.24860630929470062 2.7927221200145906
[43 INFO root] 0.19002164900302887 0.24894815683364868 2.7927221200145906
[43 INFO root] 0.18908187747001648 0.24928998947143555 2.7927221200145906
[43 INFO root] 0.18814212083816528 0.2496318221092224 2.7927221200145906
[43 INFO root] 0.1872023642063141 0.24997365474700928 2.7927221200145906
[43 INFO root] 0.1862626075744629 0.25031548738479614 2.7927221200145906
[43 INFO root] 0.1853228509426117 0.250657320022583 2.7927221200145906
[43 INFO root] 0.1843830943107605 0.25099918246269226 2.7927221200145906
[43 INFO root] 0.1834433227777481 0.2513410151004791 2.7927221200145906
[43 INFO root] 0.1825035661458969 0.251682847738266 2.7927221200145906
[43 INFO root] 0.18156380951404572 0.25202468037605286 2.7927221200145906
[43 INFO root] 0.18062405288219452 0.2523665130138397 2.7927221200145906
[43 INFO root] 0.17968429625034332 0.2527083456516266 2.7927221200145906
[43 INFO root] 0.17874452471733093 0.25305017828941345 2.7927221200145906
[43 INFO root] 0.17780476808547974 0.2533920407295227 2.7927221200145906
[43 INFO root] 0.17686501145362854 0.25373387336730957 2.7927221200145906
[43 INFO root] 0.17592525482177734 0.25407570600509644 2.7927221200145906
[43 INFO root] 0.17498549818992615 0.2544175386428833 2.7927221200145906
[43 INFO root] 0.17404574155807495 0.25475937128067017 2.7927221200145906
[43 INFO root] 0.17310597002506256 0.25510120391845703 2.7927221200145906
[43 INFO root] 0.17216621339321136 0.2554430365562439 2.7927221200145906
[43 INFO root] 0.17122645676136017 0.25578486919403076 2.7927221200145906
[43 INFO root] 0.17028670012950897 0.25612673163414 2.7927221200145906
[43 INFO root] 0.16934694349765778 0.2564685642719269 2.7927221200145906
[43 INFO root] 0.16840717196464539 0.25681039690971375 2.7927221200145906
[43 INFO root] 0.1674674153327942 0.2571522295475006 2.7927221200145906
[43 INFO root] 0.166527658700943 0.2574940621852875 2.7927221200145906
[43 INFO root] 0.1655879020690918 0.25783589482307434 2.7927221200145906
[43 INFO root] 0.1646481454372406 0.2581777274608612 2.7927221200145906
[43 INFO root] 0.1637083888053894 0.25851958990097046 2.7927221200145906
[43 INFO root] 0.16276861727237701 0.2588614225387573 2.7927221200145906
[43 INFO root] 0.16182886064052582 0.2592032551765442 2.7927221200145906
[43 INFO root] 0.16088910400867462 0.25954508781433105 2.7927221200145906
[43 INFO root] 0.15994934737682343 0.2598869204521179 2.7927221200145906
[43 INFO root] 0.15900959074497223 0.2602287530899048 2.7927221200145906
[43 INFO root] 0.15806981921195984 0.26057058572769165 2.7927221200145906
[43 INFO root] 0.15713006258010864 0.2609124183654785 2.7927221200145906
[43 INFO root] 0.15619030594825745 0.26125428080558777 2.7927221200145906
[43 INFO root] 0.15525054931640625 0.26159611344337463 2.7927221200145906
[43 INFO root] 0.15431079268455505 0.2619379460811615 2.7927221200145906
[43 INFO root] 0.15337102115154266 0.26227977871894836 2.7927221200145906
[43 INFO root] 0.15243126451969147 0.26262161135673523 2.7927221200145906
[43 INFO root] 0.15149150788784027 0.2629634439945221 2.7927221200145906
[43 INFO root] 0.15055175125598907 0.26330527663230896 2.7927221200145906
[43 INFO root] 0.14961199462413788 0.2636471390724182 2.7927221200145906
[43 INFO root] 0.14867223799228668 0.2639889717102051 2.7927221200145906
[43 INFO root] 0.1477324664592743 0.26433080434799194 2.7927221200145906
[43 INFO root] 0.1467927098274231 0.2646726369857788 2.7927221200145906
[43 INFO root] 0.1458529531955719 0.2650144696235657 2.7927221200145906
[43 INFO root] 0.1449131965637207 0.26535630226135254 2.7927221200145906
[43 INFO root] 0.1439734399318695 0.2656981348991394 2.7927221200145906
[43 INFO root] 0.14303366839885712 0.26603996753692627 2.7927221200145906
[43 INFO root] 0.14209391176700592 0.2663818299770355 2.7927221200145906
[43 INFO root] 0.14115415513515472 0.2667236626148224 2.7927221200145906
[43 INFO root] 0.14021439850330353 0.26706549525260925 2.7927221200145906
[43 INFO root] 0.13927464187145233 0.2674073278903961 2.7927221200145906
[43 INFO root] 0.13833488523960114 0.267749160528183 2.7927221200145906
[43 INFO root] 0.13739511370658875 0.26809099316596985 2.7927221200145906
[43 INFO root] 0.13645535707473755 0.2684328258037567 2.7927221200145906
[43 INFO root] 0.13551560044288635 0.26877468824386597 2.7927221200145906
[43 INFO root] 0.13457584381103516 0.26911652088165283 2.7927221200145906
[43 INFO root] 0.13363608717918396 0.2694583535194397 2.7927221200145906
[43 INFO root] 0.13269631564617157 0.26980018615722656 2.7927221200145906
[43 INFO root] 0.13175655901432037 0.2701420187950134 2.7927221200145906
[43 INFO root] 0.13081680238246918 0.2704838514328003 2.7927221200145906
[43 INFO root] 0.12987704575061798 0.27082568407058716 2.7927221200145906
[43 INFO root] 0.12893728911876678 0.271167516708374 2.7927221200145906
[43 INFO root] 0.1279975175857544 0.2715093791484833 2.7927221200145906
[43 INFO root] 0.1270577609539032 0.27185121178627014 2.7927221200145906
[43 INFO root] 0.126118004322052 0.272193044424057 2.7927221200145906
[43 INFO root] 0.1251782476902008 0.27253487706184387 2.7927221200145906
[43 INFO root] 0.12423848360776901 0.27287670969963074 2.7927221200145906
[43 INFO root] 0.12329872697591782 0.2732185423374176 2.7927221200145906
[43 INFO root] 0.12235897034406662 0.27356037497520447 2.7927221200145906
[43 INFO root] 0.12141920626163483 0.27390220761299133 2.7927221200145906
[43 INFO root] 0.12047944962978363 0.2742440700531006 2.7927221200145906
[43 INFO root] 0.11953969299793243 0.27458590269088745 2.7927221200145906
[43 INFO root] 0.11859992891550064 0.2749277353286743 2.7927221200145906
[43 INFO root] 0.11766017228364944 0.2752695679664612 2.7927221200145906
[43 INFO root] 0.11672041565179825 0.27561140060424805 2.7927221200145906
[43 INFO root] 0.11578065156936646 0.2759532332420349 2.7927221200145906
[43 INFO root] 0.11484089493751526 0.2762950658798218 2.7927221200145906
[43 INFO root] 0.11390113085508347 0.27663692831993103 2.7927221200145906
[43 INFO root] 0.11296137422323227 0.2769787609577179 2.7927221200145906
[43 INFO root] 0.11202161759138107 0.27732059359550476 2.7927221200145906
[43 INFO root] 0.11108185350894928 0.2776624262332916 2.7927221200145906
[43 INFO root] 0.11014209687709808 0.2780042588710785 2.7927221200145906
[43 INFO root] 0.10920234024524689 0.27834609150886536 2.7927221200145906
[43 INFO root] 0.1082625761628151 0.2786879241466522 2.7927221200145906
[43 INFO root] 0.1073228195309639 0.2790297567844391 2.7927221200145906
[43 INFO root] 0.1063830554485321 0.27937161922454834 2.7927221200145906
[43 INFO root] 0.10544329881668091 0.2797134518623352 2.7927221200145906
[43 INFO root] 0.10450354218482971 0.28005528450012207 2.7927221200145906
[43 INFO root] 0.10356377810239792 0.28039711713790894 2.7927221200145906
[43 INFO root] 0.10262402147054672 0.2807389497756958 2.7927221200145906
[43 INFO root] 0.10168426483869553 0.28108078241348267 2.7927221200145906
[43 INFO root] 0.10074450075626373 0.28142261505126953 2.7927221200145906
[43 INFO root] 0.09980474412441254 0.2817644774913788 2.7927221200145906
[43 INFO root] 0.09886498749256134 0.28210631012916565 2.7927221200145906
[43 INFO root] 0.09792522341012955 0.2824481427669525 2.7927221200145906
[43 INFO root] 0.09698546677827835 0.2827899754047394 2.7927221200145906
