[2 INFO root] Initialising Python Geth Console...
[2 INFO root] Initialising RandB board...
[2 INFO root] Initialising resource sensor...
[2 INFO root] Initialising random-walk...
[2 INFO root] Initialising navigation...
[2 INFO root] Initialising Odo...
[2 INFO root] Initialising odometry...
[2 INFO root] Initialising gps...
[2 INFO root] Initialising Ground sensor...
[2 INFO root] --//-- Starting Experiment --//--
[2 INFO root] K alpha beta V_0 L R_rate
[2 INFO root] 5.0 5.0 150.0 3.0 0.2 0.03
[2 INFO root] motion_x motion_y direction
[2 INFO root] -0.5382590293884277 -0.011546099558472633 -1.0164710297152375
[2 INFO root] -0.5378247499465942 -0.012247560545802116 -1.0164710297152375
[2 INFO root] -0.5372983813285828 -0.013097817078232765 -1.0164710297152375
[2 INFO root] -0.5367720127105713 -0.01394807267934084 -1.0164710297152375
[2 INFO root] -0.5362456440925598 -0.014798328280448914 -1.0164710297152375
[2 INFO root] -0.5357192754745483 -0.015648584812879562 -1.0164710297152375
[2 INFO root] -0.5351929068565369 -0.016498839482665062 -1.0164710297152375
[2 INFO root] -0.5346665382385254 -0.01734909601509571 -1.0164710297152375
[2 INFO root] -0.5341401696205139 -0.01819935068488121 -1.0164710297152375
[2 INFO root] -0.5336138010025024 -0.01904960721731186 -1.0164710297152375
[2 INFO root] -0.533087432384491 -0.019899863749742508 -1.0164710297152375
[2 INFO root] -0.5325610637664795 -0.020750118419528008 -1.0164710297152375
[2 INFO root] -0.532034695148468 -0.021600374951958656 -1.0164710297152375
[2 INFO root] -0.5315083265304565 -0.022450629621744156 -1.0164710297152375
[2 INFO root] -0.5309819579124451 -0.023300886154174805 -1.0164710297152375
[2 INFO root] -0.5304555892944336 -0.024151140823960304 -1.0164710297152375
[2 INFO root] -0.5299292206764221 -0.025001397356390953 -1.0164710297152375
[2 INFO root] -0.5294028520584106 -0.025851653888821602 -1.0164710297152375
[2 INFO root] -0.5288764834403992 -0.0267019085586071 -1.0164710297152375
[2 INFO root] -0.5283501148223877 -0.02755216509103775 -1.0164710297152375
[2 INFO root] -0.5278237462043762 -0.02840241976082325 -1.0164710297152375
[2 INFO root] -0.5272973775863647 -0.0292526762932539 -1.0164710297152375
[2 INFO root] -0.5267710089683533 -0.030102932825684547 -1.0164710297152375
[2 INFO root] -0.5262446403503418 -0.030953187495470047 -1.0164710297152375
[2 INFO root] -0.5257182121276855 -0.031803444027900696 -1.0164710297152375
[2 INFO root] -0.5251918435096741 -0.032653700560331345 -1.0164710297152375
[2 INFO root] -0.5246654748916626 -0.033503953367471695 -1.0164710297152375
[2 INFO root] -0.5241391062736511 -0.034354209899902344 -1.0164710297152375
[2 INFO root] -0.5236127376556396 -0.03520446643233299 -1.0164710297152375
[2 INFO root] -0.5230863690376282 -0.03605472296476364 -1.0164710297152375
[2 INFO root] -0.5225600004196167 -0.03690497949719429 -1.0164710297152375
[2 INFO root] -0.5220336318016052 -0.03775523230433464 -1.0164710297152375
[2 INFO root] -0.5215072631835938 -0.03860548883676529 -1.0164710297152375
[2 INFO root] -0.5209808945655823 -0.03945574536919594 -1.0164710297152375
[2 INFO root] -0.5204545259475708 -0.04030600190162659 -1.0164710297152375
[2 INFO root] -0.5199281573295593 -0.041156258434057236 -1.0164710297152375
[2 INFO root] -0.5194017887115479 -0.042006511241197586 -1.0164710297152375
[2 INFO root] -0.5188754200935364 -0.042856767773628235 -1.0164710297152375
[2 INFO root] -0.5183490514755249 -0.043707024306058884 -1.0164710297152375
[2 INFO root] -0.5178226828575134 -0.04455728083848953 -1.0164710297152375
[2 INFO root] -0.517296314239502 -0.04540753737092018 -1.0164710297152375
[2 INFO root] -0.5167699456214905 -0.04625779017806053 -1.0164710297152375
[2 INFO root] -0.516243577003479 -0.04710804671049118 -1.0164710297152375
[2 INFO root] -0.5157172083854675 -0.04795830324292183 -1.0164710297152375
[2 INFO root] -0.515190839767456 -0.04880855977535248 -1.0164710297152375
[2 INFO root] -0.5146644711494446 -0.04965881258249283 -1.0164710297152375
[2 INFO root] -0.5141381025314331 -0.05050906911492348 -1.0164710297152375
[2 INFO root] -0.5136117339134216 -0.051359325647354126 -1.0164710297152375
[2 INFO root] -0.5130853652954102 -0.052209582179784775 -1.0164710297152375
[2 INFO root] -0.5125589966773987 -0.053059838712215424 -1.0164710297152375
[2 INFO root] -0.5120326280593872 -0.053910091519355774 -1.0164710297152375
[2 INFO root] -0.5115062594413757 -0.05476034805178642 -1.0164710297152375
[2 INFO root] -0.5109798908233643 -0.05561060458421707 -1.0164710297152375
[2 INFO root] -0.5104535222053528 -0.05646086111664772 -1.0164710297152375
[2 INFO root] -0.5099271535873413 -0.05731111764907837 -1.0164710297152375
[2 INFO root] -0.5094007849693298 -0.05816137045621872 -1.0164710297152375
[2 INFO root] -0.5088744163513184 -0.05901162698864937 -1.0164710297152375
[2 INFO root] -0.5083480477333069 -0.05986188352108002 -1.0164710297152375
[2 INFO root] -0.5078216791152954 -0.060712140053510666 -1.0164710297152375
[2 INFO root] -0.5072953104972839 -0.061562396585941315 -1.0164710297152375
[2 INFO root] -0.5067689418792725 -0.062412649393081665 -1.0164710297152375
[2 INFO root] -0.506242573261261 -0.06326290965080261 -1.0164710297152375
[2 INFO root] -0.5057162046432495 -0.06411316245794296 -1.0164710297152375
[2 INFO root] -0.505189836025238 -0.06496341526508331 -1.0164710297152375
[2 INFO root] -0.5046634674072266 -0.06581367552280426 -1.0164710297152375
[2 INFO root] -0.5041370987892151 -0.06666392832994461 -1.0164710297152375
[2 INFO root] -0.5036107301712036 -0.06751418858766556 -1.0164710297152375
[2 INFO root] -0.5030843615531921 -0.06836444139480591 -1.0164710297152375
[2 INFO root] -0.5025579929351807 -0.06921469420194626 -1.0164710297152375
[2 INFO root] -0.5020316243171692 -0.0700649544596672 -1.0164710297152375
[2 INFO root] -0.5015052556991577 -0.07091520726680756 -1.0164710297152375
[2 INFO root] -0.5009788870811462 -0.0717654675245285 -1.0164710297152375
[2 INFO root] -0.5004525184631348 -0.07261572033166885 -1.0164710297152375
[2 INFO root] -0.4999261200428009 -0.0734659731388092 -1.0164710297152375
[2 INFO root] -0.49939975142478943 -0.07431623339653015 -1.0164710297152375
[2 INFO root] -0.49887338280677795 -0.0751664862036705 -1.0164710297152375
[2 INFO root] -0.4983470141887665 -0.07601674646139145 -1.0164710297152375
[2 INFO root] -0.497820645570755 -0.0768669992685318 -1.0164710297152375
[2 INFO root] -0.49729427695274353 -0.07771725207567215 -1.0164710297152375
[2 INFO root] -0.49676790833473206 -0.0785675123333931 -1.0164710297152375
[2 INFO root] -0.4962415397167206 -0.07941776514053345 -1.0164710297152375
[2 INFO root] -0.4957151710987091 -0.0802680179476738 -1.0164710297152375
[2 INFO root] -0.49518880248069763 -0.08111827820539474 -1.0164710297152375
[2 INFO root] -0.49466243386268616 -0.0819685310125351 -1.0164710297152375
[2 INFO root] -0.4941360652446747 -0.08281879127025604 -1.0164710297152375
[2 INFO root] -0.4936096966266632 -0.08366904407739639 -1.0164710297152375
[2 INFO root] -0.49308332800865173 -0.08451929688453674 -1.0164710297152375
[2 INFO root] -0.49255695939064026 -0.08536955714225769 -1.0164710297152375
[2 INFO root] -0.4920305907726288 -0.08621980994939804 -1.0164710297152375
[2 INFO root] -0.4915042221546173 -0.08707007020711899 -1.0164710297152375
[2 INFO root] -0.49097782373428345 -0.08792032301425934 -1.0164710297152375
[2 INFO root] -0.490451455116272 -0.08877057582139969 -1.0164710297152375
[2 INFO root] -0.4899250864982605 -0.08962083607912064 -1.0164710297152375
[2 INFO root] -0.489398717880249 -0.09047108888626099 -1.0164710297152375
[2 INFO root] -0.48887234926223755 -0.09132134914398193 -1.0164710297152375
[2 INFO root] -0.4883459806442261 -0.09217160195112228 -1.0164710297152375
[2 INFO root] -0.4878196120262146 -0.09302185475826263 -1.0164710297152375
[2 INFO root] -0.4872932434082031 -0.09387211501598358 -1.0164710297152375
[2 INFO root] -0.48676687479019165 -0.09472236782312393 -1.0164710297152375
[2 INFO root] -0.4862405061721802 -0.09557262808084488 -1.0164710297152375
[2 INFO root] -0.4857141375541687 -0.09642288088798523 -1.0164710297152375
[2 INFO root] -0.4851877689361572 -0.09727313369512558 -1.0164710297152375
[2 INFO root] -0.48466140031814575 -0.09812339395284653 -1.0164710297152375
[2 INFO root] -0.4841350317001343 -0.09897364675998688 -1.0164710297152375
[2 INFO root] -0.4836086630821228 -0.09982390701770782 -1.0164710297152375
[2 INFO root] -0.48308229446411133 -0.10067415982484818 -1.0164710297152375
[2 INFO root] -0.48255592584609985 -0.10152441263198853 -1.0164710297152375
[2 INFO root] -0.4820295572280884 -0.10237467288970947 -1.0164710297152375
[2 INFO root] -0.4815031886100769 -0.10322492569684982 -1.0164710297152375
[2 INFO root] -0.48097681999206543 -0.10407518595457077 -1.0164710297152375
[2 INFO root] -0.48045045137405396 -0.10492543876171112 -1.0164710297152375
[2 INFO root] -0.4799240827560425 -0.10577569156885147 -1.0164710297152375
[2 INFO root] -0.479397714138031 -0.10662595182657242 -1.0164710297152375
[2 INFO root] -0.47887134552001953 -0.10747620463371277 -1.0164710297152375
[2 INFO root] -0.47834497690200806 -0.10832646489143372 -1.0164710297152375
[2 INFO root] -0.4778186082839966 -0.10917671769857407 -1.0164710297152375
[2 INFO root] -0.4772922396659851 -0.11002697050571442 -1.0164710297152375
[2 INFO root] -0.47676584124565125 -0.11087723076343536 -1.0164710297152375
[2 INFO root] -0.47623947262763977 -0.11172748357057571 -1.0164710297152375
[2 INFO root] -0.4757131040096283 -0.11257774382829666 -1.0164710297152375
[2 INFO root] -0.4751867353916168 -0.11342799663543701 -1.0164710297152375
[2 INFO root] -0.47466036677360535 -0.11427824944257736 -1.0164710297152375
[2 INFO root] -0.47413399815559387 -0.11512850970029831 -1.0164710297152375
[2 INFO root] -0.4736076295375824 -0.11597876250743866 -1.0164710297152375
[2 INFO root] -0.4730812609195709 -0.1168290227651596 -1.0164710297152375
[2 INFO root] -0.47255489230155945 -0.11767927557229996 -1.0164710297152375
[2 INFO root] -0.472028523683548 -0.11852952837944031 -1.0164710297152375
[2 INFO root] -0.4715021550655365 -0.11937978863716125 -1.0164710297152375
[2 INFO root] -0.470975786447525 -0.1202300414443016 -1.0164710297152375
[2 INFO root] -0.47044941782951355 -0.12108030170202255 -1.0164710297152375
[2 INFO root] -0.4699230492115021 -0.1219305545091629 -1.0164710297152375
[2 INFO root] -0.4693966805934906 -0.12278080731630325 -1.0164710297152375
[2 INFO root] -0.4688703119754791 -0.1236310675740242 -1.0164710297152375
[2 INFO root] -0.46834394335746765 -0.12448132038116455 -1.0164710297152375
[2 INFO root] -0.4678175747394562 -0.1253315806388855 -1.0164710297152375
[2 INFO root] -0.4672912061214447 -0.12618182599544525 -1.0164710297152375
[2 INFO root] -0.4667648375034332 -0.1270320862531662 -1.0164710297152375
[2 INFO root] -0.46623846888542175 -0.12788234651088715 -1.0164710297152375
[2 INFO root] -0.4657121002674103 -0.1287326067686081 -1.0164710297152375
[2 INFO root] -0.4651857316493988 -0.12958285212516785 -1.0164710297152375
[2 INFO root] -0.46465936303138733 -0.1304331123828888 -1.0164710297152375
[2 INFO root] -0.46413299441337585 -0.13128337264060974 -1.0164710297152375
[2 INFO root] -0.4636066257953644 -0.1321336179971695 -1.0164710297152375
[2 INFO root] -0.4630802273750305 -0.13298387825489044 -1.0164710297152375
[2 INFO root] -0.46255385875701904 -0.1338341385126114 -1.0164710297152375
[2 INFO root] -0.46202749013900757 -0.13468438386917114 -1.0164710297152375
[2 INFO root] -0.4615011215209961 -0.1355346441268921 -1.0164710297152375
[2 INFO root] -0.4609747529029846 -0.13638490438461304 -1.0164710297152375
[2 INFO root] -0.46044838428497314 -0.13723516464233398 -1.0164710297152375
[2 INFO root] -0.45992201566696167 -0.13808540999889374 -1.0164710297152375
[2 INFO root] -0.4593956470489502 -0.13893567025661469 -1.0164710297152375
[2 INFO root] -0.4588692784309387 -0.13978593051433563 -1.0164710297152375
[2 INFO root] -0.45834290981292725 -0.14063617587089539 -1.0164710297152375
[2 INFO root] -0.45781654119491577 -0.14148643612861633 -1.0164710297152375
[2 INFO root] -0.4572901725769043 -0.14233669638633728 -1.0164710297152375
[2 INFO root] -0.4567638039588928 -0.14318694174289703 -1.0164710297152375
[2 INFO root] -0.45623743534088135 -0.14403720200061798 -1.0164710297152375
[2 INFO root] -0.4557110667228699 -0.14488746225833893 -1.0164710297152375
[2 INFO root] -0.4551846981048584 -0.14573770761489868 -1.0164710297152375
[2 INFO root] -0.4546583294868469 -0.14658796787261963 -1.0164710297152375
[2 INFO root] -0.45413196086883545 -0.14743822813034058 -1.0164710297152375
[2 INFO root] -0.453605592250824 -0.14828848838806152 -1.0164710297152375
[2 INFO root] -0.4530792236328125 -0.14913873374462128 -1.0164710297152375
[2 INFO root] -0.452552855014801 -0.14998899400234222 -1.0164710297152375
[2 INFO root] -0.45202648639678955 -0.15083925426006317 -1.0164710297152375
[2 INFO root] -0.4515001177787781 -0.15168949961662292 -1.0164710297152375
[2 INFO root] -0.4509737491607666 -0.15253975987434387 -1.0164710297152375
[2 INFO root] -0.4504473805427551 -0.15339002013206482 -1.0164710297152375
[2 INFO root] -0.44992101192474365 -0.15424026548862457 -1.0164710297152375
[2 INFO root] -0.4493946433067322 -0.15509052574634552 -1.0164710297152375
[2 INFO root] -0.4488682448863983 -0.15594078600406647 -1.0164710297152375
[2 INFO root] -0.44834187626838684 -0.15679104626178741 -1.0164710297152375
[2 INFO root] -0.44781550765037537 -0.15764129161834717 -1.0164710297152375
[2 INFO root] -0.4472891390323639 -0.15849155187606812 -1.0164710297152375
[2 INFO root] -0.4467627704143524 -0.15934181213378906 -1.0164710297152375
[2 INFO root] -0.44623640179634094 -0.16019205749034882 -1.0164710297152375
[2 INFO root] -0.44571003317832947 -0.16104231774806976 -1.0164710297152375
[2 INFO root] -0.445183664560318 -0.1618925780057907 -1.0164710297152375
[2 INFO root] -0.4446572959423065 -0.16274282336235046 -1.0164710297152375
[2 INFO root] -0.44413092732429504 -0.1635930836200714 -1.0164710297152375
[2 INFO root] -0.44360455870628357 -0.16444334387779236 -1.0164710297152375
[2 INFO root] -0.4430781900882721 -0.1652936041355133 -1.0164710297152375
[2 INFO root] -0.4425518214702606 -0.16614384949207306 -1.0164710297152375
[2 INFO root] -0.44202545285224915 -0.166994109749794 -1.0164710297152375
[2 INFO root] -0.44149908423423767 -0.16784437000751495 -1.0164710297152375
[2 INFO root] -0.4409727156162262 -0.1686946153640747 -1.0164710297152375
[2 INFO root] -0.4404463469982147 -0.16954487562179565 -1.0164710297152375
[2 INFO root] -0.43991997838020325 -0.1703951358795166 -1.0164710297152375
[2 INFO root] -0.4393936097621918 -0.17124538123607635 -1.0164710297152375
[2 INFO root] -0.4388672411441803 -0.1720956414937973 -1.0164710297152375
[2 INFO root] -0.4383408725261688 -0.17294590175151825 -1.0164710297152375
[2 INFO root] -0.43781450390815735 -0.1737961620092392 -1.0164710297152375
[2 INFO root] -0.4372881352901459 -0.17464640736579895 -1.0164710297152375
[2 INFO root] -0.4367617666721344 -0.1754966676235199 -1.0164710297152375
[2 INFO root] -0.4362353980541229 -0.17634692788124084 -1.0164710297152375
[2 INFO root] -0.43570902943611145 -0.1771971732378006 -1.0164710297152375
[2 INFO root] -0.4351826608181 -0.17804743349552155 -1.0164710297152375
[2 INFO root] -0.4346562623977661 -0.1788976937532425 -1.0164710297152375
[2 INFO root] -0.43412989377975464 -0.17974793910980225 -1.0164710297152375
[2 INFO root] -0.43360352516174316 -0.1805981993675232 -1.0164710297152375
[2 INFO root] -0.4330771565437317 -0.18144845962524414 -1.0164710297152375
[2 INFO root] -0.4325507879257202 -0.1822987198829651 -1.0164710297152375
[2 INFO root] -0.43202441930770874 -0.18314896523952484 -1.0164710297152375
[2 INFO root] -0.43149805068969727 -0.1839992254972458 -1.0164710297152375
[2 INFO root] -0.4309716820716858 -0.18484948575496674 -1.0164710297152375
[2 INFO root] -0.4304453134536743 -0.1856997311115265 -1.0164710297152375
[2 INFO root] -0.42991894483566284 -0.18654999136924744 -1.0164710297152375
[2 INFO root] -0.42939257621765137 -0.18740025162696838 -1.0164710297152375
[2 INFO root] -0.4288662075996399 -0.18825049698352814 -1.0164710297152375
[2 INFO root] -0.4283398389816284 -0.18910075724124908 -1.0164710297152375
