[45 INFO root] Initialising Python Geth Console...
[45 INFO root] Initialising RandB board...
[45 INFO root] Initialising resource sensor...
[45 INFO root] Initialising random-walk...
[45 INFO root] Initialising navigation...
[45 INFO root] Initialising Odo...
[45 INFO root] Initialising odometry...
[45 INFO root] Initialising gps...
[45 INFO root] Initialising Ground sensor...
[45 INFO root] --//-- Starting Experiment --//--
[45 INFO root] x y direction
[45 INFO root] -0.3556700050830841 -0.6471139788627625 2.1396689431899287
[45 INFO root] -0.3566669523715973 -0.645554780960083 2.056251075125394
[45 INFO root] -0.3584137260913849 -0.6423063278198242 1.9707596222795996
[45 INFO root] -0.3599386215209961 -0.6387805938720703 1.8945928686695834
[45 INFO root] -0.3612040877342224 -0.6351022124290466 1.8262162841384735
[45 INFO root] -0.3621397316455841 -0.6316244602203369 1.7685566501652383
[45 INFO root] -0.36279502511024475 -0.6284606456756592 1.720097755148145
[45 INFO root] -0.36323419213294983 -0.6256449818611145 1.6784804809794676
[45 INFO root] -0.3635132312774658 -0.6231726408004761 1.6414256494010122
[45 INFO root] -0.36367499828338623 -0.6210147142410278 1.606866745939217
[45 INFO root] -0.3637504577636719 -0.6191278100013733 1.5729775662408048
[45 INFO root] -0.36376041173934937 -0.6174608469009399 1.5381711298475949
[45 INFO root] -0.3637171685695648 -0.6159602999687195 1.5011055383213505
[45 INFO root] -0.36362549662590027 -0.6145679950714111 1.459706167193483
[45 INFO root] -0.3634807765483856 -0.6132188439369202 1.4115262459085105
[45 INFO root] -0.3632635176181793 -0.6118252277374268 1.3567388171578456
[45 INFO root] -0.3629477620124817 -0.6103363037109375 1.2947868070315
[45 INFO root] -0.36250028014183044 -0.6087214946746826 1.226221166506238
[45 INFO root] -0.36188414692878723 -0.6069704294204712 1.152469481982327
[45 INFO root] -0.361064076423645 -0.6050918102264404 1.0753951701447697
[45 INFO root] -0.36001139879226685 -0.603110134601593 0.996983741144505
[45 INFO root] -0.35870882868766785 -0.6010622382164001 0.9191194763382285
[45 INFO root] -0.3571600317955017 -0.5990005731582642 0.8431065413059612
[45 INFO root] -0.35538360476493835 -0.5969766974449158 0.7696313006227501
[45 INFO root] -0.3534049689769745 -0.5950318574905396 0.6990408509761763
[45 INFO root] -0.35125136375427246 -0.5931957960128784 0.6315843412190032
[45 INFO root] -0.3489508032798767 -0.5914891362190247 0.5674886879567619
[45 INFO root] -0.3465317487716675 -0.5899253487586975 0.5069668592639267
[45 INFO root] -0.3440232276916504 -0.5885121822357178 0.45020298479633303
[45 INFO root] -0.34145423769950867 -0.5872524380683899 0.3973308535299289
[45 INFO root] -0.33885321021080017 -0.5861445665359497 0.34840672303034287
[45 INFO root] -0.3362470269203186 -0.5851832032203674 0.3033941826237957
[45 INFO root] -0.33365997672080994 -0.5843602418899536 0.2621683235853588
[45 INFO root] -0.3311131000518799 -0.5836652517318726 0.22452995236491677
[45 INFO root] -0.32862359285354614 -0.5830865502357483 0.19022455416467998
[45 INFO root] -0.32620495557785034 -0.5826119184494019 0.15896351375372336
[45 INFO root] -0.3238668143749237 -0.5822293162345886 0.13044406426947472
[45 INFO root] -0.3216148614883423 -0.5819271206855774 0.1043722400503327
[45 INFO root] -0.319451242685318 -0.5816945433616638 0.08047718468585202
[45 INFO root] -0.3173758387565613 -0.5815219283103943 0.058512918927111426
[45 INFO root] -0.3153868019580841 -0.5814008712768555 0.03826244205967819
[45 INFO root] -0.31348085403442383 -0.5813238620758057 0.019540472336142017
[45 INFO root] -0.31165361404418945 -0.5812846422195435 0.0021933536674747546
[45 INFO root] -0.309848427772522 -0.5812774896621704 -0.01314557200664594
[45 INFO root] -0.3080577552318573 -0.581298291683197 -0.02644730532987333
[45 INFO root] -0.30628201365470886 -0.581342875957489 -0.037798959938101284
[45 INFO root] -0.30452123284339905 -0.5814074277877808 -0.047303288580051846
[45 INFO root] -0.30277493596076965 -0.5814884305000305 -0.05507424454258977
[45 INFO root] -0.30104225873947144 -0.5815826058387756 -0.06123452738419779
[45 INFO root] -0.2993222177028656 -0.5816869735717773 -0.06591255516505674
[45 INFO root] -0.2976137101650238 -0.5817989706993103 -0.06923913783950021
[45 INFO root] -0.2959159314632416 -0.581916093826294 -0.0713441849055238
[45 INFO root] -0.2942282259464264 -0.5820363759994507 -0.07235377930404566
[45 INFO root] -0.29255032539367676 -0.5821577906608582 -0.07238790536802417
[45 INFO root] -0.2908824384212494 -0.5822787284851074 -0.07155901688021886
[45 INFO root] -0.28922513127326965 -0.5823976993560791 -0.0699714744586327
[45 INFO root] -0.2875794470310211 -0.5825132727622986 -0.06772175427293543
[45 INFO root] -0.28594669699668884 -0.5826244354248047 -0.06489919842227887
[45 INFO root] -0.28432855010032654 -0.5827300548553467 -0.06158703501179135
[45 INFO root] -0.28272685408592224 -0.5828293561935425 -0.05786339476016567
[45 INFO root] -0.28114357590675354 -0.5829216837882996 -0.053802105712964884
[45 INFO root] -0.279580682516098 -0.5830064415931702 -0.04947404862775418
[45 INFO root] -0.2780400812625885 -0.58308345079422 -0.04495212513838465
[45 INFO root] -0.2765233814716339 -0.5831523537635803 -0.04031000403869273
[45 INFO root] -0.2750321626663208 -0.583213210105896 -0.03561885645111514
[45 INFO root] -0.2735677659511566 -0.5832660794258118 -0.030944257037423574
[45 INFO root] -0.2721315622329712 -0.5833112001419067 -0.02634351805234169
[45 INFO root] -0.2707248330116272 -0.5833489298820496 -0.021863406393094777
[45 INFO root] -0.2693488597869873 -0.5833796858787537 -0.017538134648145447
[45 INFO root] -0.2680048942565918 -0.5834038257598877 -0.0133875170253855
[45 INFO root] -0.2666943073272705 -0.5834219455718994 -0.009415201804584583
[45 INFO root] -0.26541846990585327 -0.5834344625473022 -0.005606925560128358
[45 INFO root] -0.264178991317749 -0.5834419131278992 -0.0019287492470397927
[45 INFO root] -0.26297760009765625 -0.5834446549415588 0.0016746977169826921
[45 INFO root] -0.2618162930011749 -0.5834431648254395 0.005281864235667166
[45 INFO root] -0.26069730520248413 -0.5834376811981201 0.008995687233702676
[45 INFO root] -0.25962314009666443 -0.5834284424781799 0.012943776551742947
[45 INFO root] -0.2585850954055786 -0.5834153890609741 0.016842747987045277
[45 INFO root] -0.25755858421325684 -0.5833985209465027 0.019813243586912967
[45 INFO root] -0.25654107332229614 -0.5833786725997925 0.021778664609339034
[45 INFO root] -0.2555324137210846 -0.5833568572998047 0.022762008374764674
[45 INFO root] -0.2545318603515625 -0.58333420753479 0.02285054537717512
[45 INFO root] -0.2535321116447449 -0.5833113789558411 0.02285054537717512
[45 INFO root] -0.25253239274024963 -0.5832884907722473 0.02285054537717512
[45 INFO root] -0.251532644033432 -0.5832656621932983 0.02285054537717512
[45 INFO root] -0.2505328953266144 -0.5832428336143494 0.02285054537717512
[45 INFO root] -0.24953316152095795 -0.5832199454307556 0.02285054537717512
[45 INFO root] -0.2485334277153015 -0.5831971168518066 0.02285054537717512
[45 INFO root] -0.2475336790084839 -0.5831742882728577 0.02285054537717512
[45 INFO root] -0.24653394520282745 -0.5831514000892639 0.02285054537717512
[45 INFO root] -0.24553421139717102 -0.5831285715103149 0.02285054537717512
[45 INFO root] -0.2445344626903534 -0.583105742931366 0.02285054537717512
[45 INFO root] -0.24353472888469696 -0.5830828547477722 0.02285054537717512
[45 INFO root] -0.24253499507904053 -0.5830600261688232 0.02285054537717512
[45 INFO root] -0.2415352463722229 -0.5830371975898743 0.02285054537717512
[45 INFO root] -0.24053551256656647 -0.5830143094062805 0.02285054537717512
[45 INFO root] -0.23953577876091003 -0.5829914808273315 0.02285054537717512
[45 INFO root] -0.2385360300540924 -0.5829686522483826 0.02285054537717512
[45 INFO root] -0.23753629624843597 -0.5829457640647888 0.02285054537717512
[45 INFO root] -0.23653656244277954 -0.5829229354858398 0.02285054537717512
[45 INFO root] -0.23553681373596191 -0.5829001069068909 0.02285054537717512
[45 INFO root] -0.23453707993030548 -0.5828772187232971 0.02285054537717512
[45 INFO root] -0.23353734612464905 -0.5828543901443481 0.02285054537717512
[45 INFO root] -0.23253759741783142 -0.5828315615653992 0.02285054537717512
[45 INFO root] -0.231537863612175 -0.5828086733818054 0.02285054537717512
[45 INFO root] -0.23053812980651855 -0.5827858448028564 0.02285054537717512
[45 INFO root] -0.22953838109970093 -0.5827630162239075 0.02285054537717512
[45 INFO root] -0.2285386472940445 -0.5827401280403137 0.02285054537717512
[45 INFO root] -0.22753891348838806 -0.5827172994613647 0.02285054537717512
[45 INFO root] -0.22653916478157043 -0.5826944708824158 0.02285054537717512
[45 INFO root] -0.225539430975914 -0.582671582698822 0.02285054537717512
[45 INFO root] -0.22453969717025757 -0.582648754119873 0.02285054537717512
[45 INFO root] -0.22353994846343994 -0.5826259255409241 0.02285054537717512
[45 INFO root] -0.2225402146577835 -0.5826030373573303 0.02285054537717512
[45 INFO root] -0.22154048085212708 -0.5825802087783813 0.02285054537717512
[45 INFO root] -0.22054073214530945 -0.5825573801994324 0.02285054537717512
[45 INFO root] -0.21954099833965302 -0.5825344920158386 0.02285054537717512
[45 INFO root] -0.21854126453399658 -0.5825116634368896 0.02285054537717512
[45 INFO root] -0.21754151582717896 -0.5824888348579407 0.02285054537717512
[45 INFO root] -0.21654178202152252 -0.5824659466743469 0.02285054537717512
[45 INFO root] -0.2155420482158661 -0.582443118095398 0.02285054537717512
[45 INFO root] -0.21454229950904846 -0.582420289516449 0.02285054537717512
[45 INFO root] -0.21354256570339203 -0.5823974013328552 0.02285054537717512
[45 INFO root] -0.2125428169965744 -0.5823745727539062 0.02285054537717512
[45 INFO root] -0.21154308319091797 -0.5823517441749573 0.02285054537717512
[45 INFO root] -0.21054334938526154 -0.5823288559913635 0.02285054537717512
[45 INFO root] -0.2095436006784439 -0.5823060274124146 0.02285054537717512
[45 INFO root] -0.20854386687278748 -0.5822831988334656 0.02285054537717512
[45 INFO root] -0.20754413306713104 -0.5822603106498718 0.02285054537717512
[45 INFO root] -0.20654438436031342 -0.5822374820709229 0.02285054537717512
[45 INFO root] -0.20554465055465698 -0.5822146534919739 0.02285054537717512
[45 INFO root] -0.20454491674900055 -0.5821917653083801 0.02285054537717512
[45 INFO root] -0.20354516804218292 -0.5821689367294312 0.02285054537717512
[45 INFO root] -0.2025454342365265 -0.5821461081504822 0.02285054537717512
[45 INFO root] -0.20154570043087006 -0.5821232199668884 0.02285054537717512
[45 INFO root] -0.20054595172405243 -0.5821003913879395 0.02285054537717512
[45 INFO root] -0.199546217918396 -0.5820775628089905 0.02285054537717512
[45 INFO root] -0.19854648411273956 -0.5820546746253967 0.02285054537717512
[45 INFO root] -0.19754673540592194 -0.5820318460464478 0.02285054537717512
[45 INFO root] -0.1965470016002655 -0.5820090174674988 0.02285054537717512
[45 INFO root] -0.19554726779460907 -0.581986129283905 0.02285054537717512
[45 INFO root] -0.19454751908779144 -0.581963300704956 0.02285054537717512
[45 INFO root] -0.193547785282135 -0.5819404721260071 0.02285054537717512
[45 INFO root] -0.19254805147647858 -0.5819175839424133 0.02285054537717512
[45 INFO root] -0.19154830276966095 -0.5818947553634644 0.02285054537717512
[45 INFO root] -0.19054856896400452 -0.5818719267845154 0.02285054537717512
[45 INFO root] -0.18954883515834808 -0.5818490386009216 0.02285054537717512
[45 INFO root] -0.18854908645153046 -0.5818262100219727 0.02285054537717512
[45 INFO root] -0.18754935264587402 -0.5818033814430237 0.02285054537717512
[45 INFO root] -0.1865496188402176 -0.5817804932594299 0.02285054537717512
[45 INFO root] -0.18554987013339996 -0.581757664680481 0.02285054537717512
[45 INFO root] -0.18455013632774353 -0.581734836101532 0.02285054537717512
[45 INFO root] -0.1835504025220871 -0.5817119479179382 0.02285054537717512
[45 INFO root] -0.18255065381526947 -0.5816891193389893 0.02285054537717512
[45 INFO root] -0.18155092000961304 -0.5816662907600403 0.02285054537717512
[45 INFO root] -0.1805511862039566 -0.5816434025764465 0.02285054537717512
[45 INFO root] -0.17955143749713898 -0.5816205739974976 0.02285054537717512
[45 INFO root] -0.17855170369148254 -0.5815977454185486 0.02285054537717512
[45 INFO root] -0.17755195498466492 -0.5815748572349548 0.02285054537717512
[45 INFO root] -0.17655222117900848 -0.5815520286560059 0.02285054537717512
[45 INFO root] -0.17555248737335205 -0.5815292000770569 0.02285054537717512
[45 INFO root] -0.17455273866653442 -0.5815063118934631 0.02285054537717512
[45 INFO root] -0.173553004860878 -0.5814834833145142 0.02285054537717512
[45 INFO root] -0.17255327105522156 -0.5814606547355652 0.02285054537717512
[45 INFO root] -0.17155352234840393 -0.5814377665519714 0.02285054537717512
[45 INFO root] -0.1705537885427475 -0.5814149379730225 0.02285054537717512
[45 INFO root] -0.16955405473709106 -0.5813921093940735 0.02285054537717512
[45 INFO root] -0.16855430603027344 -0.5813692212104797 0.02285054537717512
[45 INFO root] -0.167554572224617 -0.5813463926315308 0.02285054537717512
[45 INFO root] -0.16655483841896057 -0.5813235640525818 0.02285054537717512
[45 INFO root] -0.16555508971214294 -0.581300675868988 0.02285054537717512
[45 INFO root] -0.1645553559064865 -0.5812778472900391 0.02285054537717512
[45 INFO root] -0.16355562210083008 -0.5812550187110901 0.02285054537717512
[45 INFO root] -0.16255587339401245 -0.5812321305274963 0.02285054537717512
[45 INFO root] -0.16155613958835602 -0.5812093019485474 0.02285054537717512
[45 INFO root] -0.16055640578269958 -0.5811864733695984 0.02285054537717512
[45 INFO root] -0.15955665707588196 -0.5811635851860046 0.02285054537717512
[45 INFO root] -0.15855692327022552 -0.5811407566070557 0.02285054537717512
[45 INFO root] -0.1575571894645691 -0.5811179280281067 0.02285054537717512
[45 INFO root] -0.15655744075775146 -0.5810950398445129 0.02285054537717512
[45 INFO root] -0.15555770695209503 -0.581072211265564 0.02285054537717512
[45 INFO root] -0.1545579731464386 -0.581049382686615 0.02285054537717512
[45 INFO root] -0.15355822443962097 -0.5810264945030212 0.02285054537717512
[45 INFO root] -0.15255849063396454 -0.5810036659240723 0.02285054537717512
[45 INFO root] -0.1515587568283081 -0.5809808373451233 0.02285054537717512
[45 INFO root] -0.15055900812149048 -0.5809579491615295 0.02285054537717512
[45 INFO root] -0.14955927431583405 -0.5809351205825806 0.02285054537717512
[45 INFO root] -0.1485595405101776 -0.5809122920036316 0.02285054537717512
[45 INFO root] -0.14755979180335999 -0.5808894038200378 0.02285054537717512
[45 INFO root] -0.14656005799770355 -0.5808665752410889 0.02285054537717512
[45 INFO root] -0.14556032419204712 -0.5808437466621399 0.02285054537717512
[45 INFO root] -0.1445605754852295 -0.5808208584785461 0.02285054537717512
[45 INFO root] -0.14356084167957306 -0.5807980298995972 0.02285054537717512
[45 INFO root] -0.14256109297275543 -0.5807752013206482 0.02285054537717512
[45 INFO root] -0.141561359167099 -0.5807523131370544 0.02285054537717512
[45 INFO root] -0.14056162536144257 -0.5807294845581055 0.02285054537717512
[45 INFO root] -0.13956187665462494 -0.5807066559791565 0.02285054537717512
[45 INFO root] -0.1385621428489685 -0.5806837677955627 0.02285054537717512
[45 INFO root] -0.13756240904331207 -0.5806609392166138 0.02285054537717512
[45 INFO root] -0.13656266033649445 -0.5806381106376648 0.02285054537717512
[45 INFO root] -0.135562926530838 -0.580615222454071 0.02285054537717512
[45 INFO root] -0.13456319272518158 -0.5805923938751221 0.02285054537717512
[45 INFO root] -0.13356344401836395 -0.5805695652961731 0.02285054537717512
[45 INFO root] -0.13256371021270752 -0.5805466771125793 0.02285054537717512
[45 INFO root] -0.1315639764070511 -0.5805238485336304 0.02285054537717512
[45 INFO root] -0.13056422770023346 -0.5805010199546814 0.02285054537717512
[45 INFO root] -0.12956449389457703 -0.5804781317710876 0.02285054537717512
[45 INFO root] -0.1285647600889206 -0.5804553031921387 0.02285054537717512
[45 INFO root] -0.12756501138210297 -0.5804324746131897 0.02285054537717512
[45 INFO root] -0.12656527757644653 -0.580409586429596 0.02285054537717512
[45 INFO root] -0.1255655437707901 -0.580386757850647 0.02285054537717512
[45 INFO root] -0.12456580251455307 -0.580363929271698 0.02285054537717512
[45 INFO root] -0.12356606125831604 -0.5803410410881042 0.02285054537717512
[45 INFO root] -0.12256632000207901 -0.5803182125091553 0.02285054537717512
[45 INFO root] -0.12156658619642258 -0.5802953839302063 0.02285054537717512
[45 INFO root] -0.12056684494018555 -0.5802724957466125 0.02285054537717512
[45 INFO root] -0.11956710368394852 -0.5802496671676636 0.02285054537717512
[45 INFO root] -0.11856736987829208 -0.5802268385887146 0.02285054537717512
[45 INFO root] -0.11756762862205505 -0.5802039504051208 0.02285054537717512
[45 INFO root] -0.11656788736581802 -0.5801811218261719 0.02285054537717512
[45 INFO root] -0.115568146109581 -0.5801582932472229 0.02285054537717512
[45 INFO root] -0.11456841230392456 -0.5801354050636292 0.02285054537717512
[45 INFO root] -0.11356867104768753 -0.5801125764846802 0.02285054537717512
[45 INFO root] -0.1125689297914505 -0.5800897479057312 0.02285054537717512
[45 INFO root] -0.11156919598579407 -0.5800668597221375 0.02285054537717512
[45 INFO root] -0.11056945472955704 -0.5800440311431885 0.02285054537717512
[45 INFO root] -0.10956971347332001 -0.5800212025642395 0.02285054537717512
[45 INFO root] -0.10856997966766357 -0.5799983143806458 0.02285054537717512
[45 INFO root] -0.10757023841142654 -0.5799754858016968 0.02285054537717512
[45 INFO root] -0.10657049715518951 -0.5799526572227478 0.02285054537717512
[45 INFO root] -0.10557076334953308 -0.579929769039154 0.02285054537717512
[45 INFO root] -0.10457102209329605 -0.5799069404602051 0.02285054537717512
[45 INFO root] -0.10357128083705902 -0.5798841118812561 0.02285054537717512
[45 INFO root] -0.10257154703140259 -0.5798612236976624 0.02285054537717512
[45 INFO root] -0.10157180577516556 -0.5798383951187134 0.02285054537717512
[45 INFO root] -0.10057206451892853 -0.5798155665397644 0.02285054537717512
[45 INFO root] -0.0995723232626915 -0.5797926783561707 0.02285054537717512
[45 INFO root] -0.09857258945703506 -0.5797698497772217 0.02285054537717512
[45 INFO root] -0.09757284820079803 -0.5797470211982727 0.02285054537717512
[45 INFO root] -0.096573106944561 -0.579724133014679 0.02285054537717512
[45 INFO root] -0.09557337313890457 -0.57970130443573 0.02285054537717512
[45 INFO root] -0.09457363188266754 -0.579678475856781 0.02285054537717512
[45 INFO root] -0.09357389062643051 -0.5796555876731873 0.02285054537717512
[45 INFO root] -0.09257415682077408 -0.5796327590942383 0.02285054537717512
[45 INFO root] -0.09157441556453705 -0.5796099305152893 0.02285054537717512
[45 INFO root] -0.09057467430830002 -0.5795870423316956 0.02285054537717512
[45 INFO root] -0.08957494050264359 -0.5795642137527466 0.02285054537717512
[45 INFO root] -0.08857519924640656 -0.5795413851737976 0.02285054537717512
[45 INFO root] -0.08757545799016953 -0.5795184969902039 0.02285054537717512
[45 INFO root] -0.08657572418451309 -0.5794956684112549 0.02285054537717512
[45 INFO root] -0.08557598292827606 -0.5794728398323059 0.02285054537717512
[45 INFO root] -0.08457624167203903 -0.5794499516487122 0.02285054537717512
[45 INFO root] -0.0835765078663826 -0.5794271230697632 0.02285054537717512
[45 INFO root] -0.08257676661014557 -0.5794042348861694 0.02285054537717512
[45 INFO root] -0.08157702535390854 -0.5793814063072205 0.02285054537717512
[45 INFO root] -0.08057728409767151 -0.5793585777282715 0.02285054537717512
[45 INFO root] -0.07957755029201508 -0.5793356895446777 0.02285054537717512
[45 INFO root] -0.07857780903577805 -0.5793128609657288 0.02285054537717512
[45 INFO root] -0.07757806777954102 -0.5792900323867798 0.02285054537717512
[45 INFO root] -0.07657833397388458 -0.579267144203186 0.02285054537717512
[45 INFO root] -0.07557859271764755 -0.5792443156242371 0.02285054537717512
[45 INFO root] -0.07457885146141052 -0.5792214870452881 0.02285054537717512
[45 INFO root] -0.07357911765575409 -0.5791985988616943 0.02285054537717512
[45 INFO root] -0.07257937639951706 -0.5791757702827454 0.02285054537717512
[45 INFO root] -0.07157963514328003 -0.5791529417037964 0.02285054537717512
[45 INFO root] -0.0705799013376236 -0.5791300535202026 0.02285054537717512
[45 INFO root] -0.06958016008138657 -0.5791072249412537 0.02285054537717512
[45 INFO root] -0.06858041882514954 -0.5790843963623047 0.02285054537717512
[45 INFO root] -0.0675806850194931 -0.5790615081787109 0.02285054537717512
[45 INFO root] -0.06658094376325607 -0.579038679599762 0.02285054537717512
[45 INFO root] -0.06558120250701904 -0.579015851020813 0.02285054537717512
[45 INFO root] -0.06467054039239883 -0.5789950489997864 0.022116888525538957
[45 INFO root] -0.0638987123966217 -0.5789778828620911 0.02020754163540898
[45 INFO root] -0.06325045973062515 -0.5789646506309509 0.017201387705569705
[45 INFO root] -0.06270603090524673 -0.5789550542831421 0.013212148813559772
[45 INFO root] -0.062248703092336655 -0.5789488554000854 0.00832999973960433
[45 INFO root] -0.06186443939805031 -0.5789453983306885 0.002625591533692774
[45 INFO root] -0.06154145672917366 -0.5789443254470825 -0.003846099739626122
[45 INFO root] -0.06126987561583519 -0.5789451599121094 -0.011042867261258086
[45 INFO root] -0.061041414737701416 -0.5789475440979004 -0.018933067908652377
[45 INFO root] -0.060849130153656006 -0.5789510011672974 -0.0274939334532634
[45 INFO root] -0.060687195509672165 -0.5789552927017212 -0.03671026877301162
[45 INFO root] -0.06055073440074921 -0.578960120677948 -0.046573444480094615
[45 INFO root] -0.060435641556978226 -0.5789653658866882 -0.05708061717616405
[45 INFO root] -0.06033846735954285 -0.5789707899093628 -0.06823412869727016
[45 INFO root] -0.060256313532590866 -0.5789763331413269 -0.08004104861850758
[45 INFO root] -0.060186728835105896 -0.5789818167686462 -0.09251283356564446
[45 INFO root] -0.06012763828039169 -0.578987181186676 -0.10566508361307922
[45 INFO root] -0.06007726863026619 -0.5789924263954163 -0.11951738096852597
[45 INFO root] -0.06003411486744881 -0.5789975523948669 -0.13409319975228096
[45 INFO root] -0.05999686196446419 -0.5790025591850281 -0.14941987830662232
[45 INFO root] -0.059964369982481 -0.5790073871612549 -0.165528647336169
[45 INFO root] -0.059935614466667175 -0.5790120959281921 -0.1824547084131504
[45 INFO root] -0.059909675270318985 -0.5790168642997742 -0.20023735804297071
[45 INFO root] -0.059885699301958084 -0.579021692276001 -0.2189201525740801
[45 INFO root] -0.05986286699771881 -0.5790266990661621 -0.23855110869023122
[45 INFO root] -0.059840381145477295 -0.5790321230888367 -0.25918293291485506
[45 INFO root] -0.05981743335723877 -0.579038143157959 -0.28087327128093525
[45 INFO root] -0.059793177992105484 -0.5790451169013977 -0.3036849667739151
[45 INFO root] -0.05976671725511551 -0.5790533423423767 -0.32768630691803985
[45 INFO root] -0.05973706394433975 -0.579063355922699 -0.3529512363753072
[45 INFO root] -0.05970313400030136 -0.5790757536888123 -0.3795594989027366
[45 INFO root] -0.059663694351911545 -0.5790913701057434 -0.40759665849143945
[45 INFO root] -0.059617362916469574 -0.5791112780570984 -0.43715392977626444
[45 INFO root] -0.0595625601708889 -0.5791367292404175 -0.4683277214255636
[45 INFO root] -0.05949749797582626 -0.5791693925857544 -0.5012187616484818
[45 INFO root] -0.05942016467452049 -0.5792114734649658 -0.5359306307899904
[45 INFO root] -0.05932829901576042 -0.5792657136917114 -0.5725674715174058
[45 INFO root] -0.059219419956207275 -0.5793353915214539 -0.6112305833667481
[45 INFO root] -0.05909084528684616 -0.5794248580932617 -0.6520135399711208
[45 INFO root] -0.058939773589372635 -0.57953941822052 -0.6949954050854544
[45 INFO root] -0.058763403445482254 -0.579685389995575 -0.7402315890445502
[45 INFO root] -0.05855913460254669 -0.5798705220222473 -0.7877419177918169
[45 INFO root] -0.05832483991980553 -0.5801040530204773 -0.8374956399632535
[45 INFO root] -0.05805924907326698 -0.5803963541984558 -0.889393452919213
[45 INFO root] -0.057762399315834045 -0.5807591080665588 -0.9432472755872051
[45 INFO root] -0.057436149567365646 -0.5812044739723206 -0.9987594996069529
[45 INFO root] -0.05708465725183487 -0.5817446708679199 -1.0555047808391271
[45 INFO root] -0.05671471357345581 -0.5823903679847717 -1.1129188615571826
[45 INFO root] -0.05633575841784477 -0.5831495523452759 -1.1702999125111642
[45 INFO root] -0.05595142021775246 -0.5840446949005127 -1.225133662561598
[45 INFO root] -0.055576566606760025 -0.5850696563720703 -1.2763053986235473
[45 INFO root] -0.05522551387548447 -0.5862076282501221 -1.3230338012493552
[45 INFO root] -0.05490873008966446 -0.587437093257904 -1.3646019714563955
[45 INFO root] -0.05463215336203575 -0.588733434677124 -1.4004043976696123
[45 INFO root] -0.054397162050008774 -0.5900710821151733 -1.4299980750797614
[45 INFO root] -0.05420110374689102 -0.5914255976676941 -1.4531282090565503
[45 INFO root] -0.05403817072510719 -0.592776894569397 -1.469873854110603
[45 INFO root] -0.053900834172964096 -0.5941104888916016 -1.4805551391448541
[45 INFO root] -0.05378119647502899 -0.595416784286499 -1.4855673982652446
[45 INFO root] -0.053671710193157196 -0.5966905951499939 -1.4852991244839782
[45 INFO root] -0.05356552079319954 -0.5979300141334534 -1.4801277262351935
[45 INFO root] -0.053456541150808334 -0.5991357564926147 -1.4704246975451558
[45 INFO root] -0.05333942174911499 -0.6003103852272034 -1.456551733881086
[45 INFO root] -0.053209416568279266 -0.6014576554298401 -1.4388576093966405
[45 INFO root] -0.0530594140291214 -0.6026034951210022 -1.4194811796546898
[45 INFO root] -0.05288507044315338 -0.6037617325782776 -1.3997490715394838
[45 INFO root] -0.05268518626689911 -0.6049324870109558 -1.3799306230808248
[45 INFO root] -0.052459266036748886 -0.6061142086982727 -1.3601803989766703
[45 INFO root] -0.05220712721347809 -0.6073049306869507 -1.3406397327802884
[45 INFO root] -0.05192891135811806 -0.6085028052330017 -1.3214357549894797
[45 INFO root] -0.05162506923079491 -0.6097055077552795 -1.302680897146578
[45 INFO root] -0.05129633843898773 -0.6109108328819275 -1.284472694127509
[45 INFO root] -0.05094371736049652 -0.6121165752410889 -1.266893890096358
[45 INFO root] -0.05056844651699066 -0.6133205890655518 -1.250012838189997
[45 INFO root] -0.050171952694654465 -0.6145206689834595 -1.2338841650461436
[45 INFO root] -0.04975581914186478 -0.6157148480415344 -1.2185496569087841
[45 INFO root] -0.049321744590997696 -0.6169013977050781 -1.2040393151065192
[45 INFO root] -0.04887149855494499 -0.6180785894393921 -1.1903725252310857
[45 INFO root] -0.04840688779950142 -0.6192450523376465 -1.1775592857164021
[45 INFO root] -0.047929730266332626 -0.6203994750976562 -1.1656014466691413
[45 INFO root] -0.047441814094781876 -0.6215407848358154 -1.1544939174731261
[45 INFO root] -0.04694488272070885 -0.6226680874824524 -1.1442258106451422
[45 INFO root] -0.04644060879945755 -0.6237807273864746 -1.1347814985960567
[45 INFO root] -0.04593059793114662 -0.6248780488967896 -1.1261415685422116
[45 INFO root] -0.045416343957185745 -0.6259597539901733 -1.1182836682910036
[45 INFO root] -0.044899262487888336 -0.6270255446434021 -1.1111832417197738
[45 INFO root] -0.04438065364956856 -0.6280751824378967 -1.1048141574130441
[45 INFO root] -0.043861716985702515 -0.6291086673736572 -1.0991492372006249
[45 INFO root] -0.04334355145692825 -0.6301260590553284 -1.0941606934194352
[45 INFO root] -0.042827147990465164 -0.6311274170875549 -1.0898204848188613
[45 INFO root] -0.04231340065598488 -0.6321129202842712 -1.0861006013652676
[45 INFO root] -0.04181236773729324 -0.6330652832984924 -1.0824421256456653
[45 INFO root] -0.04133813828229904 -0.6339587569236755 -1.077960064862687
[45 INFO root] -0.04088868200778961 -0.6347966194152832 -1.0725623450967807
[45 INFO root] -0.04046027362346649 -0.6355851888656616 -1.0662512928053716
[45 INFO root] -0.04004960507154465 -0.6363300085067749 -1.05903190768504
[45 INFO root] -0.0396537259221077 -0.6370360851287842 -1.0509122039709833
[45 INFO root] -0.039269983768463135 -0.6377077698707581 -1.0419035962871948
[45 INFO root] -0.03889596834778786 -0.6383491158485413 -1.0320212120302785
[45 INFO root] -0.038529474288225174 -0.6389636993408203 -1.021284141838196
[45 INFO root] -0.038168467581272125 -0.6395546197891235 -1.0097156329674328
[45 INFO root] -0.037811070680618286 -0.6401247978210449 -0.9973432208630179
[45 INFO root] -0.037455521523952484 -0.6406768560409546 -0.9841987948981544
[45 INFO root] -0.03710018843412399 -0.6412129998207092 -0.9703185925892683
[45 INFO root] -0.036743540316820145 -0.6417353749275208 -0.955743123110199
[45 INFO root] -0.03638414666056633 -0.6422457098960876 -0.9405169934556351
[45 INFO root] -0.03602068871259689 -0.6427454948425293 -0.9246886505152452
[45 INFO root] -0.035651929676532745 -0.6432361602783203 -0.908310025564912
[45 INFO root] -0.035276755690574646 -0.6437187194824219 -0.8914360826914589
[45 INFO root] -0.03489414602518082 -0.6441941261291504 -0.8741242769081743
[45 INFO root] -0.034503206610679626 -0.6446630358695984 -0.8564339140608216
[45 INFO root] -0.0341031476855278 -0.6451260447502136 -0.8384254324629922
[45 INFO root] -0.03369332477450371 -0.64558345079422 -0.8201596220287118
[45 INFO root] -0.033273205161094666 -0.6460354924201965 -0.8016967891080137
[45 INFO root] -0.03283846750855446 -0.6464862823486328 -0.7830396721962787
[45 INFO root] -0.032386962324380875 -0.6469373106956482 -0.7642238873651814
[45 INFO root] -0.03191768005490303 -0.6473888158798218 -0.7452977317884575
[45 INFO root] -0.03142980858683586 -0.647840678691864 -0.726309135256452
[45 INFO root] -0.0309226606041193 -0.6482928991317749 -0.7073040511187502
[45 INFO root] -0.03039568103849888 -0.648745059967041 -0.688325779662593
[45 INFO root] -0.029848452657461166 -0.6491969227790833 -0.669414518333474
[45 INFO root] -0.029280690476298332 -0.6496478915214539 -0.6506071401395971
[45 INFO root] -0.028692230582237244 -0.6500974893569946 -0.6319371645742815
[45 INFO root] -0.028083035722374916 -0.6505452394485474 -0.6134348782547367
[45 INFO root] -0.027453171089291573 -0.65099036693573 -0.59512751853198
[45 INFO root] -0.026802800595760345 -0.6514323949813843 -0.5770395281472018
[45 INFO root] -0.02613217942416668 -0.651870608329773 -0.5591928490596361
[45 INFO root] -0.02544163167476654 -0.652304470539093 -0.5416072479974627
[45 INFO root] -0.024731552228331566 -0.6527333855628967 -0.5243006158200033
[45 INFO root] -0.024002397432923317 -0.6531566977500916 -0.5072892828775827
[45 INFO root] -0.02325466461479664 -0.6535739302635193 -0.49058831909164574
[45 INFO root] -0.022488897666335106 -0.653984546661377 -0.47421183032856884
[45 INFO root] -0.02170567587018013 -0.6543881893157959 -0.4581732249346576
[45 INFO root] -0.02090561017394066 -0.6547843217849731 -0.4424854651779266
[45 INFO root] -0.02008933201432228 -0.6551726460456848 -0.42716127777771273
[45 INFO root] -0.019257500767707825 -0.6555528044700623 -0.41221335108075724
[45 INFO root] -0.01841079257428646 -0.6559245586395264 -0.3976545073987471
[45 INFO root] -0.017549898475408554 -0.6562876105308533 -0.38349782900964413
[45 INFO root] -0.016675526276230812 -0.6566418409347534 -0.3697567563234538
[45 INFO root] -0.015788398683071136 -0.6569870710372925 -0.35644512382749177
[45 INFO root] -0.014889247715473175 -0.6573231816291809 -0.3435772023412168
[45 INFO root] -0.01397881843149662 -0.6576502323150635 -0.3311676917922374
[45 INFO root] -0.013057864271104336 -0.6579681634902954 -0.3192317204038944
[45 INFO root] -0.01223517581820488 -0.658241331577301 -0.30903214750117614
[45 INFO root] -0.011540061794221401 -0.6584641337394714 -0.30082461650598646
[45 INFO root] -0.010957718826830387 -0.6586454510688782 -0.29436921552097006
[45 INFO root] -0.010471677407622337 -0.6587932109832764 -0.2894332477996592
[45 INFO root] -0.010068133473396301 -0.6589136123657227 -0.28583425068686025
[45 INFO root] -0.00973562803119421 -0.6590114831924438 -0.2834316660086728
[45 INFO root] -0.009464825503528118 -0.6590904593467712 -0.28212108172675293
[45 INFO root] -0.009248191490769386 -0.6591532826423645 -0.28182844014964564
[45 INFO root] -0.009079646319150925 -0.6592020988464355 -0.282504984256523
[45 INFO root] -0.008954271674156189 -0.6592384576797485 -0.2841233052354225
[45 INFO root] -0.008868059143424034 -0.6592636108398438 -0.2866742369615371
[45 INFO root] -0.008817698806524277 -0.6592784523963928 -0.29016441471681986
[45 INFO root] -0.008800397627055645 -0.6592835783958435 -0.2946142811970587
[45 INFO root] -0.008813727647066116 -0.6592795252799988 -0.3000563443111077
[45 INFO root] -0.0088554872199893 -0.6592666506767273 -0.30653354431926977
[45 INFO root] -0.008923585526645184 -0.6592451333999634 -0.3140975586111348
[45 INFO root] -0.009015940129756927 -0.6592151522636414 -0.32280692798450755
[45 INFO root] -0.009130391292273998 -0.6591770052909851 -0.3327248416255208
[45 INFO root] -0.0092646274715662 -0.6591307520866394 -0.3439164648077354
[45 INFO root] -0.009416138753294945 -0.6590766310691833 -0.35644568479632643
[45 INFO root] -0.009582318365573883 -0.6590149998664856 -0.3702778786466289
[45 INFO root] -0.009761270135641098 -0.6589457988739014 -0.3848833590813394
[45 INFO root] -0.009950504638254642 -0.6588694453239441 -0.4002125553680746
[45 INFO root] -0.010147345252335072 -0.6587864756584167 -0.4162694181792582
[45 INFO root] -0.010348992422223091 -0.6586977243423462 -0.43305363488981935
[45 INFO root] -0.010552547872066498 -0.6586040258407593 -0.4505606660901939
[45 INFO root] -0.010755056515336037 -0.6585065126419067 -0.4687816271082071
[45 INFO root] -0.010953547433018684 -0.6584064364433289 -0.4877032963216747
[45 INFO root] -0.011145085096359253 -0.658305287361145 -0.5073082603219632
[45 INFO root] -0.011326825246214867 -0.6582047939300537 -0.5275751967097467
[45 INFO root] -0.011496074497699738 -0.6581066250801086 -0.5484792807073503
[45 INFO root] -0.011650343425571918 -0.658012866973877 -0.5699926855151496
[45 INFO root] -0.011787397786974907 -0.6579254865646362 -0.5920851299506737
[45 INFO root] -0.011905300430953503 -0.6578465700149536 -0.6147244123143148
[45 INFO root] -0.012008167803287506 -0.6577743887901306 -0.6368399900814019
[45 INFO root] -0.01210063323378563 -0.6577063202857971 -0.6574373286338603
[45 INFO root] -0.012185189872980118 -0.6576413512229919 -0.6759791012283463
[45 INFO root] -0.012263812124729156 -0.6575785279273987 -0.6920223876674617
[45 INFO root] -0.012337847612798214 -0.6575173735618591 -0.7051995734769828
[45 INFO root] -0.012407846748828888 -0.6574579477310181 -0.7152239096337564
[45 INFO root] -0.012473502196371555 -0.6574010252952576 -0.7218849709219188
[45 INFO root] -0.01253367681056261 -0.6573481559753418 -0.7250387343713174
[45 INFO root] -0.01258646696805954 -0.6573014259338379 -0.7245952905475007
[45 INFO root] -0.012629279866814613 -0.6572635173797607 -0.7205065752654845
[45 INFO root] -0.012658891268074512 -0.6572374701499939 -0.712755589820192
[45 INFO root] -0.012671488337218761 -0.6572265625 -0.7013479304429624
[45 INFO root] -0.012662668712437153 -0.6572339534759521 -0.6863059544306187
[45 INFO root] -0.012627428397536278 -0.6572628617286682 -0.6676656168456963
[45 INFO root] -0.01255993265658617 -0.6573162078857422 -0.6455346223147
[45 INFO root] -0.012453812174499035 -0.6573963761329651 -0.6200410252204571
[45 INFO root] -0.012302231043577194 -0.6575050354003906 -0.591323673995725
[45 INFO root] -0.012097913771867752 -0.6576429009437561 -0.5595376713754692
[45 INFO root] -0.011833234690129757 -0.6578096151351929 -0.5248614495407693
[45 INFO root] -0.011500383727252483 -0.6580036282539368 -0.487504166641775
[45 INFO root] -0.011091644875705242 -0.6582220196723938 -0.4477129451471017
[45 INFO root] -0.010599778965115547 -0.658460259437561 -0.4057792068813559
[45 INFO root] -0.010018333792686462 -0.65871262550354 -0.36204128777272027
[45 INFO root] -0.009342381730675697 -0.6589716076850891 -0.3168886222498865
[45 INFO root] -0.008569810539484024 -0.6592284440994263 -0.2707630645087954
[45 INFO root] -0.007701870519667864 -0.6594733595848083 -0.22414654540184364
[45 INFO root] -0.0067433384247124195 -0.6596962213516235 -0.17754288899546464
[45 INFO root] -0.005702289752662182 -0.6598877310752869 -0.13145156127102148
[45 INFO root] -0.004590054042637348 -0.6600397229194641 -0.0863640146113153
[45 INFO root] -0.0034208514261990786 -0.6601460576057434 -0.042746923519643015
[45 INFO root] -0.002211161656305194 -0.6602029204368591 -0.0010226872050710586
[45 INFO root] -0.0009789055911824107 -0.6602092385292053 0.0384479358239667
[45 INFO root] 0.0002574949758127332 -0.6601665616035461 0.07537922636857872
[45 INFO root] 0.0014800851931795478 -0.6600788235664368 0.10956849889449727
[45 INFO root] 0.0026722722686827183 -0.6599518656730652 0.14089785166130112
[45 INFO root] 0.0038195529486984015 -0.659792959690094 0.1693297269649225
[45 INFO root] 0.0049100094474852085 -0.659609854221344 0.19489727182397437
[45 INFO root] 0.005934550892561674 -0.6594104766845703 0.21769117399844742
[45 INFO root] 0.00688691483810544 -0.6592022180557251 0.2378448865919981
[45 INFO root] 0.007763486355543137 -0.6589916944503784 0.25551993472714607
[45 INFO root] 0.008562993258237839 -0.6587845087051392 0.2708924668405101
[45 INFO root] 0.009286152198910713 -0.6585849523544312 0.2841415951978061
[45 INFO root] 0.009935105219483376 -0.6583964824676514 0.29544412743708715
[45 INFO root] 0.01051326747983694 -0.6582213044166565 0.30497631541951326
[45 INFO root] 0.01105386484414339 -0.6580517292022705 0.31349046724284624
[45 INFO root] 0.011597596108913422 -0.6578759551048279 0.32186707703665285
[45 INFO root] 0.012149653397500515 -0.6576923727989197 0.3301628116651851
[45 INFO root] 0.01271075289696455 -0.6575005650520325 0.338352959510609
[45 INFO root] 0.013281406834721565 -0.6573002934455872 0.34641685481702705
[45 INFO root] 0.013862007297575474 -0.6570912003517151 0.35433614645656836
[45 INFO root] 0.014452861621975899 -0.6568731665611267 0.36209411165836014
[45 INFO root] 0.015054223127663136 -0.6566458940505981 0.36967514487903025
[45 INFO root] 0.015669595450162888 -0.6564079523086548 0.380698664095412
[45 INFO root] 0.016306212171912193 -0.6561539769172668 0.39861460965060597
[45 INFO root] 0.01697005145251751 -0.6558757424354553 0.4229217042416408
[45 INFO root] 0.01766740344464779 -0.6555637717247009 0.45264921300820254
[45 INFO root] 0.0184172410517931 -0.6552016735076904 0.4856963989423976
[45 INFO root] 0.01921764202415943 -0.6547822952270508 0.5213701491523565
[45 INFO root] 0.020063728094100952 -0.6543000340461731 0.5591305401961163
[45 INFO root] 0.020951036363840103 -0.6537492275238037 0.5983170533727082
[45 INFO root] 0.021873995661735535 -0.6531250476837158 0.6382663684651387
[45 INFO root] 0.02282562665641308 -0.6524246335029602 0.6783518323633153
[45 INFO root] 0.023797927424311638 -0.65164715051651 0.7179891693395554
[45 INFO root] 0.024782508611679077 -0.6507936716079712 0.7566328968291963
[45 INFO root] 0.025771070271730423 -0.6498673558235168 0.7937804610334163
[45 INFO root] 0.026755819097161293 -0.6488731503486633 0.8289787658405438
[45 INFO root] 0.027729835361242294 -0.6478176712989807 0.8618305117034628
[45 INFO root] 0.02868736907839775 -0.6467085480690002 0.8919993718552129
[45 INFO root] 0.029624031856656075 -0.6455544829368591 0.9192134030817443
[45 INFO root] 0.03053687885403633 -0.6443642973899841 0.9432663383057003
[45 INFO root] 0.0314243882894516 -0.6431468725204468 0.9640167527042528
[45 INFO root] 0.03228634595870972 -0.6419105529785156 0.9813853016232749
[45 INFO root] 0.0331236757338047 -0.6406630873680115 0.9953504687303162
[45 INFO root] 0.033938221633434296 -0.6394112706184387 1.0059432804978439
[45 INFO root] 0.03473253548145294 -0.6381608247756958 1.0132414608922151
[45 INFO root] 0.035509634763002396 -0.6369166374206543 1.0173634515563257
[45 INFO root] 0.036272816359996796 -0.6356825232505798 1.0184626053896717
[45 INFO root] 0.03702547028660774 -0.6344616413116455 1.0167216991649413
[45 INFO root] 0.03776785731315613 -0.6332612633705139 1.0129531008784456
[45 INFO root] 0.03850039839744568 -0.6320862174034119 1.0078970063762378
[45 INFO root] 0.03922567144036293 -0.6309354901313782 1.0018657834890081
[45 INFO root] 0.039945974946022034 -0.6298075914382935 0.9951169555751794
[45 INFO root] 0.04066299647092819 -0.6287011504173279 0.9878936513917947
[45 INFO root] 0.04137784242630005 -0.627615213394165 0.9804251513707973
[45 INFO root] 0.04209107160568237 -0.6265490651130676 0.9729276210689808
[45 INFO root] 0.04280275106430054 -0.625502347946167 0.965604370164247
[45 INFO root] 0.043512482196092606 -0.6244747638702393 0.9586457345941541
[45 INFO root] 0.0442194789648056 -0.6234663128852844 0.9522287031531121
[45 INFO root] 0.044922616332769394 -0.6224770545959473 0.9465164125128424
[45 INFO root] 0.04562050476670265 -0.6215071082115173 0.941657628078102
[45 INFO root] 0.04631156474351883 -0.6205565929412842 0.9377863128197031
[45 INFO root] 0.04699409753084183 -0.6196256279945374 0.9350213636289241
[45 INFO root] 0.04766635596752167 -0.6187141537666321 0.9334665672175103
[45 INFO root] 0.04832662269473076 -0.6178221106529236 0.9332107982638075
[45 INFO root] 0.048973266035318375 -0.6169491410255432 0.9343284546836483
[45 INFO root] 0.04960903525352478 -0.6160891056060791 0.9363328742229363
[45 INFO root] 0.050240546464920044 -0.6152313947677612 0.9383028823418609
[45 INFO root] 0.05086841434240341 -0.614375114440918 0.9401399283185334
[45 INFO root] 0.0514925941824913 -0.6135205626487732 0.9418403887450021
[45 INFO root] 0.05211305990815163 -0.612667977809906 0.9434015799802333
[45 INFO root] 0.052729807794094086 -0.6118177771568298 0.9448218892989837
[45 INFO root] 0.053342852741479874 -0.6109700798988342 0.9461006298126413
[45 INFO root] 0.05395222455263138 -0.6101251244544983 0.947237906927626
[45 INFO root] 0.05455796793103218 -0.6092832088470459 0.9482345002605371
[45 INFO root] 0.05516013503074646 -0.6084444522857666 0.949091759683588
[45 INFO root] 0.055758796632289886 -0.6076090335845947 0.9498115141617003
[45 INFO root] 0.05635402351617813 -0.6067771315574646 0.9503959921043142
[45 INFO root] 0.05694589018821716 -0.6059489250183105 0.9508477520288295
[45 INFO root] 0.057534486055374146 -0.6051244139671326 0.9511696224139493
[45 INFO root] 0.058119893074035645 -0.6043038368225098 0.9513646497064496
[45 INFO root] 0.05870220810174942 -0.6034871935844421 0.9514360535313219
[45 INFO root] 0.05928287282586098 -0.6026727557182312 0.9514419609156347
[45 INFO root] 0.05986338108778 -0.6018584966659546 0.9514419609156347
[45 INFO root] 0.06044389307498932 -0.601044237613678 0.9514419609156347
[45 INFO root] 0.06102440133690834 -0.6002299785614014 0.9514419609156347
[45 INFO root] 0.06160490959882736 -0.5994157791137695 0.9514419609156347
[45 INFO root] 0.06218542158603668 -0.5986015200614929 0.9514419609156347
[45 INFO root] 0.062765933573246 -0.5977872610092163 0.9514419609156347
[45 INFO root] 0.06334643810987473 -0.5969730019569397 0.9514419609156347
[45 INFO root] 0.06392695009708405 -0.5961587429046631 0.9514419609156347
[45 INFO root] 0.06450746208429337 -0.5953444838523865 0.9514419609156347
[45 INFO root] 0.06508796662092209 -0.5945302248001099 0.9514419609156347
[45 INFO root] 0.06566847860813141 -0.5937159657478333 0.9514419609156347
[45 INFO root] 0.06624899059534073 -0.5929017066955566 0.9514419609156347
[45 INFO root] 0.06682949513196945 -0.59208744764328 0.9514419609156347
[45 INFO root] 0.06741000711917877 -0.5912732481956482 0.9514419609156347
[45 INFO root] 0.06799051910638809 -0.5904589891433716 0.9514419609156347
[45 INFO root] 0.06857102364301682 -0.589644730091095 0.9514419609156347
[45 INFO root] 0.06915153563022614 -0.5888304710388184 0.9514419609156347
[45 INFO root] 0.06973204761743546 -0.5880162119865417 0.9514419609156347
[45 INFO root] 0.07031255215406418 -0.5872019529342651 0.9514419609156347
[45 INFO root] 0.0708930641412735 -0.5863876938819885 0.9514419609156347
[45 INFO root] 0.07147357612848282 -0.5855734348297119 0.9514419609156347
[45 INFO root] 0.07205408066511154 -0.5847591757774353 0.9514419609156347
[45 INFO root] 0.07263459265232086 -0.5839449167251587 0.9514419609156347
[45 INFO root] 0.07321510463953018 -0.5831306576728821 0.9514419609156347
[45 INFO root] 0.0737956091761589 -0.5823164582252502 0.9514419609156347
[45 INFO root] 0.07437612116336823 -0.5815021991729736 0.9514419609156347
[45 INFO root] 0.07495663315057755 -0.580687940120697 0.9514419609156347
[45 INFO root] 0.07553713768720627 -0.5798736810684204 0.9514419609156347
[45 INFO root] 0.07611764967441559 -0.5790594220161438 0.9514419609156347
[45 INFO root] 0.07669816166162491 -0.5782451629638672 0.9514419609156347
[45 INFO root] 0.07727866619825363 -0.5774309039115906 0.9514419609156347
[45 INFO root] 0.07785917818546295 -0.576616644859314 0.9514419609156347
[45 INFO root] 0.07843969017267227 -0.5758023858070374 0.9514419609156347
[45 INFO root] 0.079020194709301 -0.5749881267547607 0.9514419609156347
[45 INFO root] 0.07960070669651031 -0.5741739273071289 0.9514419609156347
[45 INFO root] 0.08018121868371964 -0.5733596682548523 0.9514419609156347
[45 INFO root] 0.08076172322034836 -0.5725454092025757 0.9514419609156347
[45 INFO root] 0.08134223520755768 -0.5717311501502991 0.9514419609156347
[45 INFO root] 0.081922747194767 -0.5709168910980225 0.9514419609156347
[45 INFO root] 0.08250325173139572 -0.5701026320457458 0.9514419609156347
[45 INFO root] 0.08308376371860504 -0.5692883729934692 0.9514419609156347
[45 INFO root] 0.08366427570581436 -0.5684741139411926 0.9514419609156347
[45 INFO root] 0.08424478024244308 -0.567659854888916 0.9514419609156347
[45 INFO root] 0.0848252922296524 -0.5668455958366394 0.9514419609156347
[45 INFO root] 0.08540580421686172 -0.5660313367843628 0.9514419609156347
[45 INFO root] 0.08598631620407104 -0.565217137336731 0.9514419609156347
[45 INFO root] 0.08656682074069977 -0.5644028782844543 0.9514419609156347
[45 INFO root] 0.08714733272790909 -0.5635886192321777 0.9514419609156347
[45 INFO root] 0.08772784471511841 -0.5627743601799011 0.9514419609156347
[45 INFO root] 0.08830834925174713 -0.5619601011276245 0.9514419609156347
[45 INFO root] 0.08888886123895645 -0.5611458420753479 0.9514419609156347
[45 INFO root] 0.08946937322616577 -0.5603315830230713 0.9514419609156347
[45 INFO root] 0.0900498777627945 -0.5595173239707947 0.9514419609156347
[45 INFO root] 0.09063038975000381 -0.5587030649185181 0.9514419609156347
[45 INFO root] 0.09121090173721313 -0.5578888058662415 0.9514419609156347
[45 INFO root] 0.09179140627384186 -0.5570746064186096 0.9514419609156347
[45 INFO root] 0.09237191826105118 -0.556260347366333 0.9514419609156347
[45 INFO root] 0.0929524302482605 -0.5554460883140564 0.9514419609156347
[45 INFO root] 0.09353293478488922 -0.5546318292617798 0.9514419609156347
[45 INFO root] 0.09411344677209854 -0.5538175702095032 0.9514419609156347
[45 INFO root] 0.09469395875930786 -0.5530033111572266 0.9514419609156347
[45 INFO root] 0.09527446329593658 -0.55218905210495 0.9514419609156347
[45 INFO root] 0.0958549752831459 -0.5513747930526733 0.9514419609156347
[45 INFO root] 0.09643548727035522 -0.5505605340003967 0.9514419609156347
[45 INFO root] 0.09701599180698395 -0.5497462749481201 0.9514419609156347
[45 INFO root] 0.09759389609098434 -0.5489357113838196 0.9513026283420889
[45 INFO root] 0.09813898801803589 -0.54817134141922 0.9493740227265248
[45 INFO root] 0.09865079820156097 -0.5474562644958496 0.9454960154873452
[45 INFO root] 0.09913259744644165 -0.5467883348464966 0.9396898522079348
[45 INFO root] 0.09958744794130325 -0.5461651086807251 0.9319659687362832
[45 INFO root] 0.10001826286315918 -0.5455840826034546 0.9223236468976603
[45 INFO root] 0.10042548179626465 -0.5450455546379089 0.9123096706131768
[45 INFO root] 0.10080594569444656 -0.5445526838302612 0.9043982389875573
[45 INFO root] 0.101157546043396 -0.544104814529419 0.8990522403386277
[45 INFO root] 0.10147865116596222 -0.5437004566192627 0.8964148676274789
[45 INFO root] 0.10176833719015121 -0.543337881565094 0.8965517417150712
[45 INFO root] 0.10202642530202866 -0.5430149435997009 0.8994641604086951
[45 INFO root] 0.1022535115480423 -0.5427293181419373 0.9051023137530181
[45 INFO root] 0.10245084762573242 -0.5424783229827881 0.9133788813435693
[45 INFO root] 0.10262025892734528 -0.5422592759132385 0.9241816597966114
[45 INFO root] 0.10276398062705994 -0.5420694351196289 0.9373831494751139
[45 INFO root] 0.1028844490647316 -0.5419058799743652 0.9528474071174379
[45 INFO root] 0.10294327884912491 -0.5418236255645752 0.9711452096155623
[45 INFO root] 0.10294754803180695 -0.5418177247047424 0.9923212254076668
[45 INFO root] 0.10291048884391785 -0.5418744683265686 1.0163619115639249
[45 INFO root] 0.10284461081027985 -0.541980504989624 1.0432592100262008
[45 INFO root] 0.10276118665933609 -0.5421229600906372 1.0730067975389412
[45 INFO root] 0.10267002135515213 -0.542289674282074 1.1055967455225555
[45 INFO root] 0.1025792583823204 -0.5424691438674927 1.141016763051123
[45 INFO root] 0.10249530524015427 -0.542650580406189 1.1792480574339121
[45 INFO root] 0.10242286324501038 -0.5428240299224854 1.2202639674346059
[45 INFO root] 0.10236489027738571 -0.5429803729057312 1.2640295393097893
[45 INFO root] 0.10232271999120712 -0.5431110858917236 1.3105002496572709
[45 INFO root] 0.1022961214184761 -0.5432085394859314 1.3596207150893447
[45 INFO root] 0.1022827997803688 -0.5432683825492859 1.4114031404218417
[45 INFO root] 0.1022794246673584 -0.5432875156402588 1.4658947618210736
[45 INFO root] 0.10228200256824493 -0.543262243270874 1.5231434636749688
[45 INFO root] 0.10228569060564041 -0.5431884527206421 1.58318715096535
[45 INFO root] 0.10228459537029266 -0.5430618524551392 1.646047775137377
[45 INFO root] 0.10227158665657043 -0.5428783297538757 1.7117256204519664
[45 INFO root] 0.1022382378578186 -0.5426343679428101 1.7801942046043127
[45 INFO root] 0.10217484831809998 -0.5423277616500854 1.8513967814320518
[45 INFO root] 0.1020706444978714 -0.5419579744338989 1.9252454257926266
[45 INFO root] 0.1019141748547554 -0.5415268540382385 2.0016225739297377
[45 INFO root] 0.10169380903244019 -0.5410389304161072 2.080385502242464
[45 INFO root] 0.10139841586351395 -0.5405015349388123 2.1613736948847104
[45 INFO root] 0.10101807117462158 -0.5399251580238342 2.2444183042233905
[45 INFO root] 0.10054470598697662 -0.5393227934837341 2.329352167026724
[45 INFO root] 0.0999726727604866 -0.5387097001075745 2.416018193706686
[45 INFO root] 0.09929896146059036 -0.5381023287773132 2.504260559612008
[45 INFO root] 0.09852369129657745 -0.5375182628631592 2.5938042719113064
[45 INFO root] 0.09764918684959412 -0.5369745492935181 2.6839622983322635
[45 INFO root] 0.09668250381946564 -0.5364880561828613 2.772370428795615
[45 INFO root] 0.09564676880836487 -0.5360769629478455 2.8585042858192824
[45 INFO root] 0.09456753730773926 -0.5357530117034912 2.9421081801328786
[45 INFO root] 0.09346901625394821 -0.5355212688446045 3.0229589437921085
[45 INFO root] 0.09237392991781235 -0.5353816151618958 3.100801080880406
[45 INFO root] 0.09130452573299408 -0.5353294014930725 -3.1079206876471934
[45 INFO root] 0.09028048068284988 -0.5353559255599976 -3.037186790377263
[45 INFO root] 0.0893179178237915 -0.5354495644569397 -2.9704521435229316
[45 INFO root] 0.08842889219522476 -0.5355967283248901 -2.9078718016724734
[45 INFO root] 0.08762107789516449 -0.5357832908630371 -2.849470695853384
[45 INFO root] 0.08689790964126587 -0.5359957218170166 -2.7951484606830777
[45 INFO root] 0.0862492024898529 -0.5362256169319153 -2.7450460796151877
[45 INFO root] 0.08562538027763367 -0.536483108997345 -2.700846889580147
[45 INFO root] 0.08503274619579315 -0.5367593765258789 -2.6626335535715153
[45 INFO root] 0.08447973430156708 -0.5370437502861023 -2.630210233342596
[45 INFO root] 0.08396978676319122 -0.5373276472091675 -2.603317294739757
[45 INFO root] 0.08350248634815216 -0.537604808807373 -2.581674090683912
[45 INFO root] 0.08307480812072754 -0.5378715395927429 -2.5650103215170095
[45 INFO root] 0.08268208056688309 -0.5381259322166443 -2.5530846733291908
[45 INFO root] 0.08231878280639648 -0.538367748260498 -2.5456937245768727
[45 INFO root] 0.08197904378175735 -0.5385977029800415 -2.542674160901494
[45 INFO root] 0.08165698498487473 -0.5388174057006836 -2.5439008481048577
[45 INFO root] 0.08134690672159195 -0.539028525352478 -2.549282714404347
[45 INFO root] 0.08104343712329865 -0.5392329692840576 -2.558757870636899
[45 INFO root] 0.08074148744344711 -0.5394324660301208 -2.5722888806752557
[45 INFO root] 0.08043625950813293 -0.5396283864974976 -2.58985879007763
[45 INFO root] 0.08012311905622482 -0.5398218631744385 -2.6114681699965736
[45 INFO root] 0.07979745417833328 -0.5400136709213257 -2.6371331152816486
[45 INFO root] 0.07945450395345688 -0.5402041077613831 -2.666883875425076
[45 INFO root] 0.07908907532691956 -0.5403932332992554 -2.700746299074947
[45 INFO root] 0.07869532704353333 -0.5405805706977844 -2.7387293723441384
[45 INFO root] 0.07826332747936249 -0.5407664775848389 -2.7792851085362402
[45 INFO root] 0.07778952270746231 -0.5409480929374695 -2.821717881921503
[45 INFO root] 0.07727312296628952 -0.5411214232444763 -2.866095277158163
[45 INFO root] 0.07671239227056503 -0.5412824749946594 -2.9125524389956685
[45 INFO root] 0.076104074716568 -0.5414271354675293 -2.961208819884055
[45 INFO root] 0.07544335722923279 -0.5415506958961487 -3.012151658422518
[45 INFO root] 0.07472392916679382 -0.5416478514671326 -3.0654135827969013
[45 INFO root] 0.07393825799226761 -0.541711688041687 -3.120943908064417
[45 INFO root] 0.07307814806699753 -0.5417338609695435 3.1046108524845977
[45 INFO root] 0.07213480770587921 -0.541703999042511 3.045239351464225
[45 INFO root] 0.07110127061605453 -0.5416097640991211 2.9846868009864744
[45 INFO root] 0.06997454166412354 -0.5414379239082336 2.923720623925265
[45 INFO root] 0.06875751167535782 -0.5411756634712219 2.863306062961158
[45 INFO root] 0.06746023148298264 -0.5408129096031189 2.8045614953495646
[45 INFO root] 0.06610018014907837 -0.5403448343276978 2.748675468765039
[45 INFO root] 0.06470100581645966 -0.5397736430168152 2.696796664262659
[45 INFO root] 0.06328987330198288 -0.5391097664833069 2.6499206559958295
[45 INFO root] 0.061894096434116364 -0.5383705496788025 2.6088016134312895
[45 INFO root] 0.06053793802857399 -0.5375784039497375 2.573909163792893
[45 INFO root] 0.05924035608768463 -0.5367574691772461 2.5454344473409525
[45 INFO root] 0.05801407992839813 -0.5359306931495667 2.523334004281796
[45 INFO root] 0.056865792721509933 -0.5351179242134094 2.5073926382314005
[45 INFO root] 0.05579705536365509 -0.5343345403671265 2.497287695075882
[45 INFO root] 0.05480574443936348 -0.5335915088653564 2.492598727567854
[45 INFO root] 0.05388707295060158 -0.5328952670097351 2.4928804159493074
[45 INFO root] 0.05303448438644409 -0.532248854637146 2.4977125663923485
[45 INFO root] 0.052205462008714676 -0.5316259264945984 2.5042937414470923
[45 INFO root] 0.051384951919317245 -0.5310176014900208 2.511659059786462
[45 INFO root] 0.05056886747479439 -0.5304217338562012 2.5196126614654135
[45 INFO root] 0.049778249114751816 -0.5298539996147156 2.527283008723976
[45 INFO root] 0.04903759807348251 -0.5293306708335876 2.5336898208879415
[45 INFO root] 0.048343464732170105 -0.5288469791412354 2.5387079224066778
[45 INFO root] 0.04768958315253258 -0.5283963084220886 2.5423247987753617
[45 INFO root] 0.04707021266222 -0.527972936630249 2.544545758391531
[45 INFO root] 0.04648004099726677 -0.5275714993476868 2.545393952805266
[45 INFO root] 0.04591410234570503 -0.5271874070167542 2.5449108607507513
[45 INFO root] 0.04536772519350052 -0.5268163084983826 2.5431570257380143
[45 INFO root] 0.04483857378363609 -0.5264556407928467 2.5403160846702053
[45 INFO root] 0.04433244839310646 -0.5261086821556091 2.536994733665385
[45 INFO root] 0.04384617507457733 -0.5257729291915894 2.533439932006724
[45 INFO root] 0.04337543249130249 -0.5254454612731934 2.529865097152708
[45 INFO root] 0.042915962636470795 -0.5251234173774719 2.5264915188628954
[45 INFO root] 0.04246358200907707 -0.5248039960861206 2.523546220635895
[45 INFO root] 0.04201417788863182 -0.5244846940040588 2.521259257627179
[45 INFO root] 0.0415637232363224 -0.5241630673408508 2.5198598897117077
[45 INFO root] 0.04110823571681976 -0.5238367915153503 2.519571632174062
[45 INFO root] 0.04064378887414932 -0.5235037803649902 2.5206062857686042
[45 INFO root] 0.04016648977994919 -0.5231622457504272 2.5231571503830765
[45 INFO root] 0.039672449231147766 -0.5228105783462524 2.5273917273497033
[45 INFO root] 0.03915781155228615 -0.5224473476409912 2.5334440000530902
[45 INFO root] 0.038618750870227814 -0.5220715999603271 2.541407189640832
[45 INFO root] 0.03805152326822281 -0.5216827392578125 2.5513275420470642
[45 INFO root] 0.03745250776410103 -0.5212805867195129 2.563199612652808
[45 INFO root] 0.036818310618400574 -0.5208654999732971 2.5769635262393575
[45 INFO root] 0.036145880818367004 -0.5204383730888367 2.5925046299677077
[45 INFO root] 0.035432662814855576 -0.5200005173683167 2.6096558327161468
[45 INFO root] 0.034676749259233475 -0.5195539593696594 2.62820274109551
[45 INFO root] 0.03387705609202385 -0.5191012024879456 2.647891469294792
[45 INFO root] 0.03303344175219536 -0.518645167350769 2.6684387351649552
[45 INFO root] 0.032146796584129333 -0.518189013004303 2.6895435926902835
[45 INFO root] 0.031219078227877617 -0.5177361965179443 2.7108999378376244
[45 INFO root] 0.03025326505303383 -0.5172899961471558 2.732208808700785
[45 INFO root] 0.02925323136150837 -0.5168536305427551 2.753189515944751
[45 INFO root] 0.028223566710948944 -0.5164297819137573 2.7735887925128893
[45 INFO root] 0.027169357985258102 -0.5160208940505981 2.7931874164049644
[45 INFO root] 0.026095937937498093 -0.5156286358833313 2.8118040844741707
[45 INFO root] 0.025008654221892357 -0.5152541995048523 2.829296635355892
[45 INFO root] 0.023912660777568817 -0.5148982405662537 2.8455609789792216
[45 INFO root] 0.022812744602560997 -0.5145608186721802 2.8605282541114647
[45 INFO root] 0.021713215857744217 -0.5142415761947632 2.874160796608525
[45 INFO root] 0.020617829635739326 -0.5139398574829102 2.886447474486559
[45 INFO root] 0.019529761746525764 -0.5136545896530151 2.897398859490834
[45 INFO root] 0.018451618030667305 -0.5133846998214722 2.907042589131936
[45 INFO root] 0.017385460436344147 -0.5131288170814514 2.915419153972599
[45 INFO root] 0.016330279409885406 -0.5128850936889648 2.9226671095083616
[45 INFO root] 0.015284034423530102 -0.5126515030860901 2.9289437942921466
[45 INFO root] 0.014244434423744678 -0.5124263763427734 2.9343994134214584
[45 INFO root] 0.013209326192736626 -0.5122081637382507 2.9391665840891625
[45 INFO root] 0.01217687502503395 -0.511995792388916 2.9433576897424216
[45 INFO root] 0.01114552654325962 -0.5117881298065186 2.9470683928257704
[45 INFO root] 0.010113945230841637 -0.5115845203399658 2.950381430555134
[45 INFO root] 0.009080952033400536 -0.5113841891288757 2.953369519521853
[45 INFO root] 0.008045489899814129 -0.5111866593360901 2.956097477107915
[45 INFO root] 0.007006584666669369 -0.5109913945198059 2.9586237290116717
[45 INFO root] 0.005963328294456005 -0.5107980966567993 2.9610013398263773
[45 INFO root] 0.0049148621037602425 -0.5106064081192017 2.963278675712753
[45 INFO root] 0.0038603763096034527 -0.5104160904884338 2.9654997212064633
[45 INFO root] 0.0027991081587970257 -0.5102270245552063 2.967704206147924
[45 INFO root] 0.0017303492641076446 -0.5100390315055847 2.969927606839601
[45 INFO root] 0.0006534534622915089 -0.5098521113395691 2.9722010553368974
[45 INFO root] -0.00043215215555392206 -0.5096661448478699 2.9745511982450887
[45 INFO root] -0.0015269545838236809 -0.5094813108444214 2.97700004589274
[45 INFO root] -0.0026313418056815863 -0.5092976093292236 2.9795648478778816
[45 INFO root] -0.0037455898709595203 -0.5091151595115662 2.9822580251255433
[45 INFO root] -0.004870326723903418 -0.5089341402053833 2.985100616045365
[45 INFO root] -0.006006090436130762 -0.5087546110153198 2.9881101708285165
[45 INFO root] -0.007153145503252745 -0.5085768103599548 2.991295969727921
[45 INFO root] -0.008311507292091846 -0.5084009766578674 2.994660092276803
[45 INFO root] -0.009480980224907398 -0.508227527141571 2.9981989855493114
[45 INFO root] -0.010661181062459946 -0.5080567002296448 3.0019046324818954
[45 INFO root] -0.011851559393107891 -0.5078888535499573 3.005765411527376
[45 INFO root] -0.013051404617726803 -0.507724404335022 3.0097667694394334
[45 INFO root] -0.014259854331612587 -0.5075637102127075 3.01389179071591
[45 INFO root] -0.015475908294320107 -0.5074070692062378 3.018121716687463
[45 INFO root] -0.016698438674211502 -0.5072547793388367 3.0224364890021893
[45 INFO root] -0.01792621798813343 -0.5071072578430176 3.0268154439701562
[45 INFO root] -0.019157934933900833 -0.5069647431373596 3.0312377994298423
[45 INFO root] -0.02039221115410328 -0.5068274140357971 3.0356830571803024
[45 INFO root] -0.021627623587846756 -0.5066955089569092 3.0401313912926935
[45 INFO root] -0.022856397554278374 -0.5065698623657227 3.0443758228768925
[45 INFO root] -0.024075929075479507 -0.5064504146575928 3.0483615616712667
[45 INFO root] -0.02528531663119793 -0.5063368082046509 3.052084087010277
[45 INFO root] -0.026483742520213127 -0.5062288045883179 3.0555418603703606
[45 INFO root] -0.02767038159072399 -0.5061260461807251 3.058732988824099
[45 INFO root] -0.028844410553574562 -0.5060281753540039 3.0616555405300434
[45 INFO root] -0.03000503033399582 -0.5059348344802856 3.064307808328921
[45 INFO root] -0.031151486560702324 -0.5058457255363464 3.0666885058282394
[45 INFO root] -0.032283078879117966 -0.5057605504989624 3.0687969057624866
[45 INFO root] -0.03339965641498566 -0.5056788921356201 3.0706404187988654
[45 INFO root] -0.03450293466448784 -0.5056002736091614 3.0722539219796783
[45 INFO root] -0.035594791173934937 -0.5055242776870728 3.0736729901707047
[45 INFO root] -0.03667687252163887 -0.5054504871368408 3.0749277139904305
[45 INFO root] -0.03775057569146156 -0.5053786635398865 3.0760432062407332
[45 INFO root] -0.038817085325717926 -0.5053085684776306 3.0770404424364552
[45 INFO root] -0.03987741842865944 -0.5052399039268494 3.077936960135693
[45 INFO root] -0.04093243554234505 -0.5051725506782532 3.0787474360667724
[45 INFO root] -0.04198286309838295 -0.5051063895225525 3.079484163471326
[45 INFO root] -0.04302932694554329 -0.505041241645813 3.0801574477592664
[45 INFO root] -0.04407235234975815 -0.5049769878387451 3.0807759350575807
[45 INFO root] -0.04511238634586334 -0.5049135684967041 3.081346885461252
[45 INFO root] -0.046149805188179016 -0.5048509836196899 3.081876400593172
[45 INFO root] -0.04718492925167084 -0.5047889947891235 3.0823696133221588
[45 INFO root] -0.048218030482530594 -0.5047277212142944 3.082830846076562
[45 INFO root] -0.04924933984875679 -0.5046669840812683 3.083263743050974
[45 INFO root] -0.050279054790735245 -0.5046068429946899 3.0836713806784926
[45 INFO root] -0.05130733549594879 -0.504547119140625 3.0840563599867092
[45 INFO root] -0.05233432352542877 -0.504487931728363 3.084420883838143
[45 INFO root] -0.05336013808846474 -0.5044292211532593 3.0847668215484774
[45 INFO root] -0.054368287324905396 -0.5043718218803406 3.0852471006099593
[45 INFO root] -0.055252980440855026 -0.5043218731880188 3.0868510035019985
[45 INFO root] -0.056027382612228394 -0.5042793154716492 3.0896489775643934
[45 INFO root] -0.056716181337833405 -0.5042432546615601 3.0936039833498916
[45 INFO root] -0.05733855441212654 -0.5042130947113037 3.098685206810609
[45 INFO root] -0.05790863558650017 -0.5041882991790771 3.1048699305064567
[45 INFO root] -0.058437127619981766 -0.5041685700416565 3.112139096650404
[45 INFO root] -0.05893224477767944 -0.5041536092758179 3.120476172387264
[45 INFO root] -0.05940032750368118 -0.5041432976722717 3.1298672001678653
[45 INFO root] -0.05984627455472946 -0.5041376352310181 3.1403010373743148
[45 INFO root] -0.0602739043533802 -0.5041366219520569 -3.1314156616456343
[45 INFO root] -0.06068619340658188 -0.504140317440033 -3.1189169209470715
[45 INFO root] -0.06108547002077103 -0.5041488409042358 -3.1053890045752843
[45 INFO root] -0.061473581939935684 -0.5041623711585999 -3.0908289297768046
[45 INFO root] -0.06185199320316315 -0.5041810274124146 -3.0752295421930445
[45 INFO root] -0.06222187355160713 -0.504205048084259 -3.0585793099182927
[45 INFO root] -0.06258417665958405 -0.5042345523834229 -3.0408621431745804
[45 INFO root] -0.06294037401676178 -0.5042698979377747 -3.022066043779342
[45 INFO root] -0.06329181790351868 -0.5043114423751831 -3.0021765888110994
[45 INFO root] -0.0636395737528801 -0.5043595433235168 -2.9811739035609173
[45 INFO root] -0.0639844462275505 -0.5044145584106445 -2.959032062838374
[45 INFO root] -0.06432706862688065 -0.5044770836830139 -2.93571887050693
[45 INFO root] -0.0646679475903511 -0.5045474171638489 -2.911195722415651
[45 INFO root] -0.06500749289989471 -0.5046261548995972 -2.8854175621562184
[45 INFO root] -0.06534609943628311 -0.5047139525413513 -2.8583329698071966
[45 INFO root] -0.06568415462970734 -0.5048113465309143 -2.829884444023465
[45 INFO root] -0.06602208316326141 -0.504919171333313 -2.8000089628584033
[45 INFO root] -0.06636036932468414 -0.505038321018219 -2.7686389393386057
[45 INFO root] -0.06669962406158447 -0.5051698684692383 -2.7357037238245527
[45 INFO root] -0.06704056262969971 -0.5053150653839111 -2.7011318447830774
[45 INFO root] -0.06738408654928207 -0.5054755806922913 -2.6648542181681325
[45 INFO root] -0.06773125380277634 -0.5056533217430115 -2.6268085841002673
[45 INFO root] -0.06808330863714218 -0.5058507323265076 -2.5869454325632093
[45 INFO root] -0.06844165176153183 -0.5060708522796631 -2.545235634278301
[45 INFO root] -0.06880777329206467 -0.5063172578811646 -2.5016798685270403
[45 INFO root] -0.06918319314718246 -0.5065943002700806 -2.4563197042114284
[45 INFO root] -0.06956925243139267 -0.5069071650505066 -2.4092498222606253
[45 INFO root] -0.06996715068817139 -0.5072617530822754 -2.36062216288396
[45 INFO root] -0.07037744671106339 -0.5076647400856018 -2.310647652622775
[45 INFO root] -0.07079973816871643 -0.5081230998039246 -2.2596074871079646
[45 INFO root] -0.07123249024152756 -0.508643627166748 -2.2078624713232267
[45 INFO root] -0.07167287915945053 -0.5092328190803528 -2.1558576083902508
[45 INFO root] -0.07211682945489883 -0.5098960399627686 -2.104120351095794
[45 INFO root] -0.07255911082029343 -0.5106369853019714 -2.0532510163119877
[45 INFO root] -0.07299366593360901 -0.5114572048187256 -2.0039046566233125
[45 INFO root] -0.07341408729553223 -0.5123554468154907 -1.9567649670824763
[45 INFO root] -0.07381422072649002 -0.5133276581764221 -1.9124668049325317
[45 INFO root] -0.07418882846832275 -0.5143670439720154 -1.8714858753293326
[45 INFO root] -0.07453407347202301 -0.5154650807380676 -1.8341719304466333
[45 INFO root] -0.07484780997037888 -0.5166120529174805 -1.800758993731048
[45 INFO root] -0.07512956112623215 -0.517798125743866 -1.7713730229030775
[45 INFO root] -0.07538037747144699 -0.5190137624740601 -1.7460457409647445
[45 INFO root] -0.07559897005558014 -0.520230233669281 -1.7241992511600936
[45 INFO root] -0.07578563690185547 -0.5214198231697083 -1.705131716423119
[45 INFO root] -0.07594452798366547 -0.5225784182548523 -1.6886917394105885
[45 INFO root] -0.07607988268136978 -0.5237048864364624 -1.6747729318983349
[45 INFO root] -0.07619556039571762 -0.5247982740402222 -1.6632522194467392
[45 INFO root] -0.07629507035017014 -0.5258578062057495 -1.6540006434161927
