[24 INFO root] Initialising Python Geth Console...
[24 INFO root] Initialising RandB board...
[24 INFO root] Initialising resource sensor...
[24 INFO root] Initialising random-walk...
[24 INFO root] Initialising navigation...
[24 INFO root] Initialising Odo...
[24 INFO root] Initialising odometry...
[24 INFO root] Initialising gps...
[24 INFO root] Initialising Ground sensor...
[24 INFO root] --//-- Starting Experiment --//--
[24 INFO root] x y direction
[24 INFO root] 0.1785150021314621 0.17997300624847412 2.975943454283011
[24 INFO root] 0.17789041996002197 0.1800774186849594 3.1270134442495876
[24 INFO root] 0.17662440240383148 0.18011075258255005 -2.9948256246301352
[24 INFO root] 0.17479515075683594 0.17986968159675598 -2.8504935227124526
[24 INFO root] 0.1726917326450348 0.17926855385303497 -2.727367264306968
[24 INFO root] 0.1706876903772354 0.17841720581054688 -2.626727818347473
[24 INFO root] 0.16896352171897888 0.17746683955192566 -2.5461308871695962
[24 INFO root] 0.167588472366333 0.17655418813228607 -2.4820350426013587
[24 INFO root] 0.16656266152858734 0.17577189207077026 -2.4308753223726973
[24 INFO root] 0.16584791243076324 0.1751651167869568 -2.3894323365400463
[24 INFO root] 0.16538889706134796 0.1747407615184784 -2.3551314181711605
[24 INFO root] 0.16512390971183777 0.17447809875011444 -2.326002565486861
[24 INFO root] 0.16499006748199463 0.17433740198612213 -2.300627387775009
[24 INFO root] 0.16487343609333038 0.17420770227909088 -2.277751878696766
[24 INFO root] 0.16470792889595032 0.17401456832885742 -2.25701560488911
[24 INFO root] 0.16446447372436523 0.1737181693315506 -2.238655416262417
[24 INFO root] 0.16412588953971863 0.17329008877277374 -2.2231200504092765
[24 INFO root] 0.16368702054023743 0.17271700501441956 -2.2107141342958863
[24 INFO root] 0.16315840184688568 0.1720084249973297 -2.200895925650538
[24 INFO root] 0.1625516414642334 0.1711779236793518 -2.1934567832018437
[24 INFO root] 0.16196683049201965 0.17036466300487518 -2.18656721657622
[24 INFO root] 0.16141478717327118 0.16958563029766083 -2.1798329616429677
[24 INFO root] 0.16089150309562683 0.16883650422096252 -2.173015346294725
[24 INFO root] 0.16038291156291962 0.16809771955013275 -2.1650163979881927
[24 INFO root] 0.1598874032497406 0.1673656702041626 -2.1557408615766938
[24 INFO root] 0.1594049334526062 0.16663862764835358 -2.145215578113478
[24 INFO root] 0.15893536806106567 0.16591478884220123 -2.1334726274887212
[24 INFO root] 0.1584785133600235 0.16519232094287872 -2.120551228628609
[24 INFO root] 0.15803420543670654 0.16446933150291443 -2.1064986807892176
[24 INFO root] 0.1576021909713745 0.16374389827251434 -2.09137083117129
[24 INFO root] 0.15718229115009308 0.16301405429840088 -2.075232277260617
[24 INFO root] 0.15677431225776672 0.16227789223194122 -2.058156464272595
[24 INFO root] 0.1563781350851059 0.16153346002101898 -2.0402257863495836
[24 INFO root] 0.15599371492862701 0.1607789546251297 -2.0215317583538437
[24 INFO root] 0.15562106668949127 0.16001258790493011 -2.0021752948887674
[24 INFO root] 0.15526030957698822 0.15923276543617249 -1.9822701981885296
[24 INFO root] 0.1549115926027298 0.15843793749809265 -1.9619837939867513
[24 INFO root] 0.1545751541852951 0.15762685239315033 -1.941503511792621
[24 INFO root] 0.15425129234790802 0.1567985862493515 -1.921024383410398
[24 INFO root] 0.1539403349161148 0.15595261752605438 -1.9007448231267212
[24 INFO root] 0.15364256501197815 0.15508881211280823 -1.8808630965775346
[24 INFO root] 0.15335828065872192 0.1542074829339981 -1.8615738910976944
[24 INFO root] 0.15308761596679688 0.15330928564071655 -1.8430650426577933
[24 INFO root] 0.15283061563968658 0.15239524841308594 -1.8255145044262424
[24 INFO root] 0.15258711576461792 0.15146668255329132 -1.8090876490589143
[24 INFO root] 0.15235678851604462 0.15052512288093567 -1.7939349905121331
[24 INFO root] 0.15213905274868011 0.14957228302955627 -1.780190393157404
[24 INFO root] 0.15193316340446472 0.14860990643501282 -1.7679698091948635
[24 INFO root] 0.15173813700675964 0.14763976633548737 -1.7573705536891693
[24 INFO root] 0.15155279636383057 0.14666356146335602 -1.7484660751914742
[24 INFO root] 0.15137580037117004 0.14568285644054413 -1.7412974580669787
[24 INFO root] 0.15120567381381989 0.14469902217388153 -1.7358876274491044
[24 INFO root] 0.15104088187217712 0.14371320605278015 -1.7322456548932375
[24 INFO root] 0.15087978541851044 0.14272631704807281 -1.730367948374827
[24 INFO root] 0.15072070062160492 0.14173905551433563 -1.730197815534954
[24 INFO root] 0.15056195855140686 0.14075173437595367 -1.730197815534954
[24 INFO root] 0.15040323138237 0.13976441323757172 -1.730197815534954
[24 INFO root] 0.15024450421333313 0.13877709209918976 -1.730197815534954
[24 INFO root] 0.15008577704429626 0.1377897709608078 -1.730197815534954
[24 INFO root] 0.1499270498752594 0.13680244982242584 -1.730197815534954
[24 INFO root] 0.14976832270622253 0.13581512868404388 -1.730197815534954
[24 INFO root] 0.14960959553718567 0.13482780754566193 -1.730197815534954
[24 INFO root] 0.1494508683681488 0.13384047150611877 -1.730197815534954
[24 INFO root] 0.14929214119911194 0.13285315036773682 -1.730197815534954
[24 INFO root] 0.14913341403007507 0.13186582922935486 -1.730197815534954
[24 INFO root] 0.1489746868610382 0.1308785080909729 -1.730197815534954
[24 INFO root] 0.14881595969200134 0.12989118695259094 -1.730197815534954
[24 INFO root] 0.14865723252296448 0.12890386581420898 -1.730197815534954
[24 INFO root] 0.1484985053539276 0.12791654467582703 -1.730197815534954
[24 INFO root] 0.14833977818489075 0.12692922353744507 -1.730197815534954
[24 INFO root] 0.14818105101585388 0.1259419023990631 -1.730197815534954
[24 INFO root] 0.14802232384681702 0.12495457381010056 -1.730197815534954
[24 INFO root] 0.14787420630455017 0.12403327226638794 -1.7325404736382268
[24 INFO root] 0.14773893356323242 0.12320281565189362 -1.738187782744162
[24 INFO root] 0.14761288464069366 0.12245407700538635 -1.746948749042278
[24 INFO root] 0.14749273657798767 0.12177528440952301 -1.7585653613552614
[24 INFO root] 0.14737579226493835 0.12115561217069626 -1.7728280017161586
[24 INFO root] 0.1472598761320114 0.12058523297309875 -1.7895682592538666
[24 INFO root] 0.14714303612709045 0.12005527317523956 -1.8086518871555781
[24 INFO root] 0.14702346920967102 0.1195577010512352 -1.8299730343726825
[24 INFO root] 0.14689932763576508 0.11908527463674545 -1.8534494693895875
[24 INFO root] 0.1467687040567398 0.11863142251968384 -1.8790185473772836
[24 INFO root] 0.14662949740886688 0.11819019168615341 -1.9066337111236484
[24 INFO root] 0.14647933840751648 0.11775615811347961 -1.9362613449603379
[24 INFO root] 0.1463155597448349 0.1173243522644043 -1.967877820214664
[24 INFO root] 0.1461351066827774 0.11689025163650513 -2.0014665817759925
[24 INFO root] 0.14593444764614105 0.11644970625638962 -2.0370151296557073
[24 INFO root] 0.1457095444202423 0.11599895358085632 -2.0745117486966493
[24 INFO root] 0.14545582234859467 0.11553464084863663 -2.1139418361738005
[24 INFO root] 0.1451679915189743 0.11505383253097534 -2.155283674262703
[24 INFO root] 0.14484016597270966 0.11455409228801727 -2.1985034972238497
[24 INFO root] 0.14446569979190826 0.11403360217809677 -2.2435497190690206
[24 INFO root] 0.14403729140758514 0.1134912446141243 -2.2903462270726083
[24 INFO root] 0.14354702830314636 0.11292680352926254 -2.338784724163231
[24 INFO root] 0.1429864913225174 0.11234115064144135 -2.388716236793075
[24 INFO root] 0.1423470377922058 0.11173641681671143 -2.439942113266437
[24 INFO root] 0.1416202038526535 0.1111162006855011 -2.492205134900805
[24 INFO root] 0.14079810678958893 0.11048572510480881 -2.545181746978589
[24 INFO root] 0.13987426459789276 0.10985185950994492 -2.5984768528189317
[24 INFO root] 0.13884423673152924 0.10922303795814514 -2.6516230119114717
[24 INFO root] 0.13770665228366852 0.10860898345708847 -2.7040860801889997
[24 INFO root] 0.13646391034126282 0.10802017152309418 -2.7552791034170663
[24 INFO root] 0.13512293994426727 0.10746708512306213 -2.804585398478932
[24 INFO root] 0.13369545340538025 0.10695932060480118 -2.8513901345336916
[24 INFO root] 0.1321977823972702 0.10650463402271271 -2.8951175529523065
[24 INFO root] 0.1306501030921936 0.1061081811785698 -2.9352688324578504
[24 INFO root] 0.12907521426677704 0.1057719811797142 -2.971454386407435
[24 INFO root] 0.12749674916267395 0.10549488663673401 -3.0014833751077092
[24 INFO root] 0.1259417086839676 0.10527072101831436 -3.0245509670773356
[24 INFO root] 0.12443403154611588 0.10508980602025986 -3.040593220971126
[24 INFO root] 0.12299168854951859 0.10494119673967361 -3.04974385321383
[24 INFO root] 0.12162622064352036 0.10481409728527069 -3.052240895539541
[24 INFO root] 0.12034313380718231 0.10469880700111389 -3.0483814597364045
[24 INFO root] 0.11914265900850296 0.10458707809448242 -3.038484978601246
[24 INFO root] 0.11802075058221817 0.10447218269109726 -3.0228669918586624
[24 INFO root] 0.11697010695934296 0.10434861481189728 -3.0018234274244113
[24 INFO root] 0.11595374345779419 0.10420785844326019 -2.976703937250528
[24 INFO root] 0.11492281407117844 0.10403891652822495 -2.949394181885497
[24 INFO root] 0.11386941373348236 0.10383684188127518 -2.92027019725085
[24 INFO root] 0.11279084533452988 0.10359736531972885 -2.8895522995647123
[24 INFO root] 0.11168514937162399 0.10331614315509796 -2.8574789467263475
[24 INFO root] 0.11055120825767517 0.1029888391494751 -2.8243060205095896
[24 INFO root] 0.10938889533281326 0.10261129587888718 -2.7903052436925195
[24 INFO root] 0.10819913446903229 0.10217969864606857 -2.755761444701761
[24 INFO root] 0.10698399692773819 0.1016908586025238 -2.7209735986564345
[24 INFO root] 0.10574685782194138 0.10114247351884842 -2.686266138790979
[24 INFO root] 0.10452169924974442 0.10054782778024673 -2.6512249719633565
[24 INFO root] 0.10332131385803223 0.09991239756345749 -2.615805525888815
[24 INFO root] 0.102146677672863 0.09923635423183441 -2.5802324184315686
[24 INFO root] 0.1009983941912651 0.0985199511051178 -2.5447526545750723
[24 INFO root] 0.09987775981426239 0.0977642759680748 -2.509602786803757
[24 INFO root] 0.09878654778003693 0.09697121381759644 -2.4750053691577207
[24 INFO root] 0.09772676229476929 0.09614340215921402 -2.441166016790512
[24 INFO root] 0.09670042246580124 0.0952841266989708 -2.4082709812240553
[24 INFO root] 0.09570934623479843 0.09439717233181 -2.3764855956983846
[24 INFO root] 0.09475501626729965 0.09348665922880173 -2.3459535739344597
[24 INFO root] 0.09383846819400787 0.092556893825531 -2.316797027441324
[24 INFO root] 0.09296022355556488 0.09161217510700226 -2.2891170285489264
[24 INFO root] 0.09212025254964828 0.09065664559602737 -2.2629945427620166
[24 INFO root] 0.09131799638271332 0.08969414234161377 -2.238491561989941
[24 INFO root] 0.09055234491825104 0.08872808516025543 -2.2156523007038578
[24 INFO root] 0.08982174843549728 0.08776137232780457 -2.194504362594494
[24 INFO root] 0.08912420272827148 0.08679629862308502 -2.175059848519725
[24 INFO root] 0.08845733851194382 0.08583447337150574 -2.157316356046118
[24 INFO root] 0.08781848102807999 0.08487685024738312 -2.1412578559044406
[24 INFO root] 0.08720467984676361 0.08392363041639328 -2.1268554663638612
[24 INFO root] 0.08661279082298279 0.08297431468963623 -2.1140681671325927
[24 INFO root] 0.08603949099779129 0.08202773332595825 -2.102843506814717
[24 INFO root] 0.08548136800527573 0.0810820683836937 -2.0931183648567973
[24 INFO root] 0.08493492752313614 0.08013495057821274 -2.084819830179101
[24 INFO root] 0.08439668267965317 0.07918355613946915 -2.0778662531939704
[24 INFO root] 0.08386316895484924 0.07822474092245102 -2.0721685142546624
[24 INFO root] 0.08333107084035873 0.07725520431995392 -2.0676315288983784
[24 INFO root] 0.08279722183942795 0.0762716606259346 -2.064155979307293
[24 INFO root] 0.08225874602794647 0.07527105510234833 -2.06164022542257
[24 INFO root] 0.08171480894088745 0.07425395399332047 -2.059659465803802
[24 INFO root] 0.08116605132818222 0.073222815990448 -2.057611935892822
[24 INFO root] 0.0806112289428711 0.07217511534690857 -2.0554056979983595
[24 INFO root] 0.08004941046237946 0.07110856473445892 -2.053021095631838
[24 INFO root] 0.07948024570941925 0.07002183794975281 -2.050453226071353
[24 INFO root] 0.0789039209485054 0.06891457736492157 -2.047710134302374
[24 INFO root] 0.07832108438014984 0.06778731197118759 -2.044810447009647
[24 INFO root] 0.07774315774440765 0.06666161119937897 -2.0421090658148153
[24 INFO root] 0.0771811380982399 0.06555954366922379 -2.0399797897837724
[24 INFO root] 0.07663373649120331 0.06448030471801758 -2.0384295586137884
[24 INFO root] 0.07609865814447403 0.06342113763093948 -2.037431105960405
[24 INFO root] 0.0755741149187088 0.062380097806453705 -2.036966174023352
[24 INFO root] 0.07505867630243301 0.06135581061244011 -2.0370216745366743
[24 INFO root] 0.07455112785100937 0.06034720689058304 -2.037586230240007
[24 INFO root] 0.07405038177967072 0.05935339257121086 -2.038647775682175
[24 INFO root] 0.07355540245771408 0.058373499661684036 -2.0401919818945884
[24 INFO root] 0.07306519895792007 0.05740664526820183 -2.0422012990212344
[24 INFO root] 0.0725787878036499 0.05645191669464111 -2.0446550540231083
[24 INFO root] 0.07209520041942596 0.055508363991975784 -2.0475289864689254
[24 INFO root] 0.07161345332860947 0.05457492545247078 -2.0507948462307275
[24 INFO root] 0.07113254070281982 0.05365043878555298 -2.0544203637411464
[24 INFO root] 0.07065144181251526 0.052733633667230606 -2.0583697765654256
[24 INFO root] 0.0701691135764122 0.05182318761944771 -2.0626045025685857
[24 INFO root] 0.06968453526496887 0.05091771110892296 -2.067083651925234
[24 INFO root] 0.0691966786980629 0.05001578852534294 -2.0717645392663067
[24 INFO root] 0.06870441883802414 0.04911579564213753 -2.0765979930338316
[24 INFO root] 0.06820671260356903 0.04821614921092987 -2.081534400659781
[24 INFO root] 0.06770259141921997 0.04731542244553566 -2.086526057549616
[24 INFO root] 0.0671912357211113 0.04641236737370491 -2.0915280720328053
[24 INFO root] 0.0666719600558281 0.04550592601299286 -2.0964991227907737
[24 INFO root] 0.06614423543214798 0.04459527134895325 -2.1014021523042627
[24 INFO root] 0.0656077191233635 0.04367983341217041 -2.1062049581789157
[24 INFO root] 0.0650622546672821 0.04275931417942047 -2.1108806311004806
[24 INFO root] 0.06450790166854858 0.04183372110128403 -2.115407740165011
[24 INFO root] 0.06394495069980621 0.04090338200330734 -2.1197703207391583
[24 INFO root] 0.06337392330169678 0.03996894136071205 -2.123957575483496
[24 INFO root] 0.06279530376195908 0.039030976593494415 -2.1279481172391113
[24 INFO root] 0.06220979988574982 0.03809031844139099 -2.1317207955376665
[24 INFO root] 0.0616183876991272 0.03714814782142639 -2.1352573359495914
[24 INFO root] 0.06102226674556732 0.036205947399139404 -2.1385413985613386
[24 INFO root] 0.060422852635383606 0.03526543825864792 -2.141557275748875
[24 INFO root] 0.059821706265211105 0.03432851284742355 -2.1442886461369435
[24 INFO root] 0.059220489114522934 0.033397141844034195 -2.146717406547889
[24 INFO root] 0.05862090736627579 0.03247329592704773 -2.1488228576760493
[24 INFO root] 0.05802466720342636 0.031558889895677567 -2.1505813957993576
[24 INFO root] 0.05743343383073807 0.030655698850750923 -2.151966306729652
[24 INFO root] 0.056848764419555664 0.029765306040644646 -2.1529479351925698
[24 INFO root] 0.05627208948135376 0.028889041393995285 -2.153494208376929
[24 INFO root] 0.05570468679070473 0.028027968481183052 -2.1535713953050517
[24 INFO root] 0.05515272915363312 0.027190569788217545 -2.153574389246324
[24 INFO root] 0.05460238456726074 0.02635563164949417 -2.153574389246324
[24 INFO root] 0.05405203998088837 0.025520695373415947 -2.153574389246324
[24 INFO root] 0.05350169539451599 0.024685759097337723 -2.153574389246324
[24 INFO root] 0.05295134708285332 0.02385082095861435 -2.153574389246324
[24 INFO root] 0.05240100249648094 0.023015884682536125 -2.153574389246324
[24 INFO root] 0.051850657910108566 0.022180946543812752 -2.153574389246324
[24 INFO root] 0.051313288509845734 0.021365700289607048 -2.153423523673666
[24 INFO root] 0.05082708224654198 0.02062784880399704 -2.152695451973741
[24 INFO root] 0.05039236322045326 0.01996718719601631 -2.1514113996883903
[24 INFO root] 0.050004780292510986 0.019376583397388458 -2.1496386710026205
[24 INFO root] 0.04966012388467789 0.01884942129254341 -2.147435069722862
[24 INFO root] 0.04935440421104431 0.018379608169198036 -2.144850686617267
[24 INFO root] 0.04908385127782822 0.017961513251066208 -2.141929782556453
[24 INFO root] 0.04884488508105278 0.017589887604117393 -2.1387122992363916
[24 INFO root] 0.04863410443067551 0.017259785905480385 -2.1352349085433553
[24 INFO root] 0.04844825714826584 0.01696651242673397 -2.13153173837031
[24 INFO root] 0.04828426614403725 0.016705604270100594 -2.1276349625585245
[24 INFO root] 0.048139192163944244 0.01647280342876911 -2.123575294529104
[24 INFO root] 0.04801025986671448 0.016264021396636963 -2.119382387622799
[24 INFO root] 0.04789481312036514 0.016075322404503822 -2.1150851435218803
[24 INFO root] 0.04779033735394478 0.015902891755104065 -2.1107119308829256
[24 INFO root] 0.04769442230463028 0.01574302464723587 -2.1062907168547143
[24 INFO root] 0.04760478064417839 0.01559209730476141 -2.1018491146840828
[24 INFO root] 0.04751921445131302 0.015446566045284271 -2.097414351328599
[24 INFO root] 0.04743563383817673 0.01530295331031084 -2.0930131600390824
[24 INFO root] 0.04735204204916954 0.015157847665250301 -2.0886716043348024
[24 INFO root] 0.047266531735658646 0.015007908456027508 -2.0844148417027903
[24 INFO root] 0.04717729613184929 0.014849874190986156 -2.08026683768143
[24 INFO root] 0.04708263278007507 0.014680581167340279 -2.076250043631122
[24 INFO root] 0.04698093980550766 0.014496983960270882 -2.072385054250162
[24 INFO root] 0.04687073454260826 0.014296186156570911 -2.0686902634576456
[24 INFO root] 0.04675066098570824 0.01407547015696764 -2.0651815392318285
[24 INFO root] 0.04661950469017029 0.0138323362916708 -2.061871938856358
[24 INFO root] 0.04647618904709816 0.013564537279307842 -2.0587714854778123
[24 INFO root] 0.046319808810949326 0.01327012199908495 -2.0558870247770087
[24 INFO root] 0.04614962637424469 0.012947463430464268 -2.053222176383613
[24 INFO root] 0.045965082943439484 0.01259529497474432 -2.050777388505997
[24 INFO root] 0.04576581344008446 0.012212725356221199 -2.0485500967376233
[24 INFO root] 0.04555162787437439 0.011799255385994911 -2.046534980055311
[24 INFO root] 0.04532252252101898 0.011354775168001652 -2.0447242996553823
[24 INFO root] 0.04508351534605026 0.010889003053307533 -2.042053860317543
[24 INFO root] 0.04484226182103157 0.010415843687951565 -2.036964494300531
[24 INFO root] 0.04459971934556961 0.009934408590197563 -2.0293903090291727
[24 INFO root] 0.04435635730624199 0.009442390874028206 -2.019389725504975
[24 INFO root] 0.04411273077130318 0.008937501348555088 -2.007013728589285
[24 INFO root] 0.04386722669005394 0.008412498980760574 -1.9923360549844038
[24 INFO root] 0.043620336800813675 0.007864014245569706 -1.97541978168914
[24 INFO root] 0.043374255299568176 0.0072919875383377075 -1.9563161065348675
[24 INFO root] 0.04313121736049652 0.0066962894052267075 -1.935079293250131
[24 INFO root] 0.04289337247610092 0.00607637083157897 -1.9117683323809018
[24 INFO root] 0.042662858963012695 0.005431364756077528 -1.886446498098546
[24 INFO root] 0.04244183748960495 0.004760172683745623 -1.8591812207566607
[24 INFO root] 0.04223257303237915 0.0040615457110106945 -1.8300443614864481
[24 INFO root] 0.04203744977712631 0.003334146924316883 -1.7991128645026448
[24 INFO root] 0.041858039796352386 0.002572388853877783 -1.7665247731697085
[24 INFO root] 0.04169660806655884 0.0017713239649310708 -1.7324334708544111
[24 INFO root] 0.04155644029378891 0.0009290996240451932 -1.6969724890900741
[24 INFO root] 0.0414411686360836 4.455148882698268e-05 -1.660285651612145
[24 INFO root] 0.04135464131832123 -0.0008830315782688558 -1.6225324757159867
[24 INFO root] 0.041300833225250244 -0.0018538142321631312 -1.5838894381796929
[24 INFO root] 0.04128379002213478 -0.002867317060008645 -1.5445508458660024
[24 INFO root] 0.041307482868433 -0.003922324627637863 -1.5047292042411402
[24 INFO root] 0.041375670582056046 -0.0050168088637292385 -1.4646549233884154
[24 INFO root] 0.04149173945188522 -0.006147874519228935 -1.4245752147770319
[24 INFO root] 0.04165852442383766 -0.007311737630516291 -1.3847520676716683
[24 INFO root] 0.0418781042098999 -0.00850374810397625 -1.345459252487122
[24 INFO root] 0.04215165600180626 -0.009718460962176323 -1.3069783772786263
[24 INFO root] 0.042479269206523895 -0.010949753224849701 -1.2695941159963653
[24 INFO root] 0.04283589869737625 -0.012113837525248528 -1.2346920280115594
[24 INFO root] 0.043197035789489746 -0.013160360977053642 -1.2030034414917037
[24 INFO root] 0.04355241730809212 -0.014092309400439262 -1.1744874584294467
[24 INFO root] 0.04389527440071106 -0.014918947592377663 -1.149030720146889
[24 INFO root] 0.04422058165073395 -0.0156494602560997 -1.1265312213916128
[24 INFO root] 0.044524773955345154 -0.01629265584051609 -1.1069000990248343
[24 INFO root] 0.04480189457535744 -0.016849637031555176 -1.089610951004435
[24 INFO root] 0.04504535719752312 -0.01731821894645691 -1.0738516718008626
[24 INFO root] 0.04525475949048996 -0.017706040292978287 -1.059368731780186
[24 INFO root] 0.04543086886405945 -0.018021108582615852 -1.0460084776133363
[24 INFO root] 0.045574624091386795 -0.018270360305905342 -1.0336548387130355
[24 INFO root] 0.04568694904446602 -0.01845964603126049 -1.0222234478544092
[24 INFO root] 0.045768626034259796 -0.018593760207295418 -1.0116554322998301
[24 INFO root] 0.045820221304893494 -0.01867651380598545 -1.001911629698313
[24 INFO root] 0.04584202542901039 -0.018710780888795853 -0.9929672684730911
[24 INFO root] 0.04583403468132019 -0.01869858242571354 -0.9848071096263233
[24 INFO root] 0.045795947313308716 -0.018641168251633644 -0.9774210480488014
[24 INFO root] 0.04572918638586998 -0.018542086705565453 -0.971069300351758
[24 INFO root] 0.04564793407917023 -0.018423112109303474 -0.9678193011101331
[24 INFO root] 0.04555239528417587 -0.0182842668145895 -0.9681807885683986
[24 INFO root] 0.04544172063469887 -0.018123412504792213 -0.9724915721820669
[24 INFO root] 0.04531635716557503 -0.017939649522304535 -0.9811160738566324
[24 INFO root] 0.04517818242311478 -0.017733488231897354 -0.994436303948371
[24 INFO root] 0.04503064602613449 -0.01750711351633072 -1.0128389950343248
[24 INFO root] 0.04487878829240799 -0.01726474054157734 -1.0367011739096503
[24 INFO root] 0.04472906142473221 -0.017012933269143105 -1.0663757798998443
[24 INFO root] 0.04458893835544586 -0.016760915517807007 -1.1021778250071617
[24 INFO root] 0.04446624591946602 -0.016520828008651733 -1.144370732656004
[24 INFO root] 0.044369980692863464 -0.016311660408973694 -1.1927686616712656
[24 INFO root] 0.04430771619081497 -0.016157835721969604 -1.2465388438697176
[24 INFO root] 0.044278986752033234 -0.016075050458312035 -1.3054070496903603
[24 INFO root] 0.044279150664806366 -0.01607743464410305 -1.3690750543828056
[24 INFO root] 0.044299665838479996 -0.01617738977074623 -1.4371572298659978
[24 INFO root] 0.0443282313644886 -0.016384141519665718 -1.5092054337379077
[24 INFO root] 0.04434944689273834 -0.016702543944120407 -1.5847434832315408
[24 INFO root] 0.0443459153175354 -0.017134496942162514 -1.663270614995404
[24 INFO root] 0.04429907351732254 -0.017677275463938713 -1.7443119023193987
[24 INFO root] 0.044190555810928345 -0.018322467803955078 -1.8274829158702022
[24 INFO root] 0.04400340095162392 -0.019057275727391243 -1.9125240808552662
[24 INFO root] 0.0437224917113781 -0.01986653544008732 -1.9993087152408935
[24 INFO root] 0.043334219604730606 -0.020734556019306183 -2.0878272122812063
[24 INFO root] 0.04282550886273384 -0.021646369248628616 -2.178149833558514
[24 INFO root] 0.04218260198831558 -0.022588083520531654 -2.2703727009699284
[24 INFO root] 0.04139005020260811 -0.02354629896581173 -2.364552583224772
[24 INFO root] 0.04043029993772507 -0.02450668253004551 -2.46063639130178
[24 INFO root] 0.039314448833465576 -0.02542770840227604 -2.5591574667005026
[24 INFO root] 0.03807736188173294 -0.02625967003405094 -2.661548489024296
[24 INFO root] 0.03669600933790207 -0.026996128261089325 -2.7678624325682852
[24 INFO root] 0.03513909876346588 -0.027624627575278282 -2.87763797573415
[24 INFO root] 0.03338007628917694 -0.028119217604398727 -2.9899999994050237
[24 INFO root] 0.03138346970081329 -0.028445137664675713 -3.102102735315283
[24 INFO root] 0.029176823794841766 -0.028555208817124367 3.0734444700340244
[24 INFO root] 0.026908693835139275 -0.028424402698874474 2.971319110123248
[24 INFO root] 0.024656588211655617 -0.02806074358522892 2.874798555431868
[24 INFO root] 0.022554881870746613 -0.027509132400155067 2.7862627200212073
[24 INFO root] 0.02068517729640007 -0.026835709810256958 2.7056971446558724
[24 INFO root] 0.019069671630859375 -0.026100724935531616 2.6316115855248157
[24 INFO root] 0.017703194171190262 -0.025351282209157944 2.562354215706882
[24 INFO root] 0.0165651123970747 -0.02461959794163704 2.496357316243529
[24 INFO root] 0.015627453103661537 -0.02392481081187725 2.432193043427241
[24 INFO root] 0.014860066585242748 -0.02327572926878929 2.3685870829461315
[24 INFO root] 0.014233543537557125 -0.022673331201076508 2.3044138496068927
[24 INFO root] 0.013720658607780933 -0.02211257629096508 2.2386878907422
[24 INFO root] 0.013297035358846188 -0.021583493798971176 2.170560550842019
[24 INFO root] 0.012942994013428688 -0.02107381261885166 2.099390000085646
[24 INFO root] 0.0126428147777915 -0.02056850679218769 2.0247041192217408
[24 INFO root] 0.012335318140685558 -0.019948193803429604 1.947471271920227
[24 INFO root] 0.012025579810142517 -0.0191799383610487 1.8686134765517297
[24 INFO root] 0.011739958077669144 -0.018272021785378456 1.7888144234602383
[24 INFO root] 0.011503515765070915 -0.017240291461348534 1.7086670230641623
[24 INFO root] 0.011337128467857838 -0.01610339805483818 1.628676134640285
[24 INFO root] 0.011257003992795944 -0.014880596660077572 1.549268920225755
[24 INFO root] 0.01127499621361494 -0.013590478338301182 1.47083900675107
[24 INFO root] 0.011399174109101295 -0.012250478379428387 1.393791384833075
[24 INFO root] 0.011634262278676033 -0.010877150110900402 1.3185796354620256
[24 INFO root] 0.01198167260736227 -0.009486951865255833 1.2457236649080072
[24 INFO root] 0.012438800185918808 -0.008097846992313862 1.1758191833183151
[24 INFO root] 0.01299794390797615 -0.006730003282427788 1.1095003426828396
[24 INFO root] 0.013646273873746395 -0.005403656978160143 1.0473538600566321
[24 INFO root] 0.01438113022595644 -0.004112045746296644 0.988845093287674
[24 INFO root] 0.015211137942969799 -0.00283473776653409 0.9331049161464496
[24 INFO root] 0.01612834632396698 -0.0015825798036530614 0.8804794502852746
[24 INFO root] 0.017119869589805603 -0.0003691519086714834 0.8313474379228828
[24 INFO root] 0.018170399591326714 0.0007940756040625274 0.7859711675439326
[24 INFO root] 0.019263457506895065 0.0018984479829668999 0.7445019432138323
[24 INFO root] 0.02038262039422989 0.002938373014330864 0.7069949925372646
[24 INFO root] 0.021491197869181633 0.0038929712027311325 0.6727692560426075
[24 INFO root] 0.022567106410861015 0.00475659454241395 0.6413288521756734
[24 INFO root] 0.02360699325799942 0.0055383662693202496 0.6126200885323476
[24 INFO root] 0.02461055852472782 0.006248234771192074 0.5866361345065365
[24 INFO root] 0.025578413158655167 0.006895375903695822 0.5633667549471125
[24 INFO root] 0.026512086391448975 0.007488316856324673 0.5428055009497331
[24 INFO root] 0.027413614094257355 0.008034804835915565 0.5249470409867615
[24 INFO root] 0.02828524447977543 0.0085417740046978 0.5097863792250477
[24 INFO root] 0.029129333794116974 0.009015429764986038 0.4973206747090499
[24 INFO root] 0.029948275536298752 0.009461342357099056 0.48755021994530623
[24 INFO root] 0.03074447065591812 0.0098845474421978 0.4804781901060706
[24 INFO root] 0.03153601288795471 0.010297831147909164 0.47486281795911156
[24 INFO root] 0.03233828395605087 0.010710840113461018 0.4696586069617039
[24 INFO root] 0.03315310180187225 0.011124917306005955 0.4648068259599968
[24 INFO root] 0.03398076817393303 0.011540447361767292 0.4603494570754897
[24 INFO root] 0.03482158109545708 0.01195785403251648 0.4563286902862561
[24 INFO root] 0.03567579761147499 0.012377598322927952 0.45278601887326336
[24 INFO root] 0.03643891587853432 0.012749227695167065 0.4524709111803616
[24 INFO root] 0.03711722791194916 0.013078988529741764 0.45610581851611726
[24 INFO root] 0.037734758108854294 0.013381651602685452 0.463992484961801
[24 INFO root] 0.03831200301647186 0.013669922947883606 0.4763328303142311
[24 INFO root] 0.03886493667960167 0.013954322785139084 0.4932542939314465
[24 INFO root] 0.03940575197339058 0.014243862591683865 0.514811684935892
[24 INFO root] 0.039943549782037735 0.014546571299433708 0.5409866692687171
[24 INFO root] 0.040476009249687195 0.014864573255181313 0.57112383359207
[24 INFO root] 0.041005976498126984 0.015202882699668407 0.6049751841724235
[24 INFO root] 0.04153672605752945 0.015567287802696228 0.6424090857552953
[24 INFO root] 0.04206966981291771 0.015963071957230568 0.6832669554609071
[24 INFO root] 0.04260453209280968 0.01639498397707939 0.7273635923177666
[24 INFO root] 0.043139733374118805 0.016867337748408318 0.7744993855491807
[24 INFO root] 0.04367176815867424 0.01738317683339119 0.8244385571574154
[24 INFO root] 0.044196806848049164 0.0179454293102026 0.8769648535629166
[24 INFO root] 0.04471105337142944 0.018557323142886162 0.9318927522700299
[24 INFO root] 0.04521061107516289 0.019222432747483253 0.9890621396448329
[24 INFO root] 0.045691292732954025 0.019944654777646065 1.048329837639353
[24 INFO root] 0.046140968799591064 0.020715218037366867 1.1092261203203446
[24 INFO root] 0.046545352786779404 0.021515974774956703 1.1712025538678514
[24 INFO root] 0.04690094292163849 0.022343691438436508 1.2341698161343921
[24 INFO root] 0.04720573127269745 0.023197483271360397 1.2981077539218875
[24 INFO root] 0.04745766147971153 0.02407681755721569 1.3630048537365484
[24 INFO root] 0.04765450581908226 0.02498166449368 1.4288518255477882
[24 INFO root] 0.047793615609407425 0.025911970064044 1.495629493439994
[24 INFO root] 0.047871869057416916 0.0268673337996006 1.563303262533026
[24 INFO root] 0.0478857047855854 0.027846815064549446 1.6318195661016466
[24 INFO root] 0.047831207513809204 0.028848953545093536 1.701101899244936
[24 INFO root] 0.04770408570766449 0.029872598126530647 1.771032332621343
[24 INFO root] 0.04749637469649315 0.03093237243592739 1.841125095395545
[24 INFO root] 0.047198906540870667 0.03203429654240608 1.91080896085967
[24 INFO root] 0.04680786281824112 0.033163681626319885 1.979822640494169
[24 INFO root] 0.04632282629609108 0.0343034565448761 2.0480047186948593
[24 INFO root] 0.04574599489569664 0.03543747216463089 2.1152635835976037
[24 INFO root] 0.04508170112967491 0.0365510955452919 2.1815760359629968
[24 INFO root] 0.044335685670375824 0.037631720304489136 2.2469820757779284
[24 INFO root] 0.04351402819156647 0.038669489324092865 2.3115829129437495
[24 INFO root] 0.042622968554496765 0.03965649753808975 2.3755066847895336
[24 INFO root] 0.041668638586997986 0.040586456656455994 2.438895818783059
[24 INFO root] 0.04065675660967827 0.0414544902741909 2.501900497516929
[24 INFO root] 0.03959242254495621 0.04225689172744751 2.5646726909392648
[24 INFO root] 0.038479942828416824 0.04299084469676018 2.6273605268912226
[24 INFO root] 0.03732278198003769 0.043654147535562515 2.6901030138714543
[24 INFO root] 0.03612354025244713 0.04424494877457619 2.7530250048191762
[24 INFO root] 0.03487158939242363 0.044766563922166824 2.814463764083045
[24 INFO root] 0.033572714775800705 0.04521610587835312 2.8740244212782526
[24 INFO root] 0.03223663941025734 0.045590873807668686 2.93168186312648
[24 INFO root] 0.030872631818056107 0.045889660716056824 2.9874408068749054
[24 INFO root] 0.029489094391465187 0.04611252248287201 3.041305628544692
[24 INFO root] 0.02809363231062889 0.0462605282664299 3.093287960992018
[24 INFO root] 0.026698986068367958 0.04633525013923645 -3.1396993696902515
[24 INFO root] 0.02540261298418045 0.04633979871869087 -3.0896268985011637
[24 INFO root] 0.02419748716056347 0.04628356173634529 -3.0394816955739237
[24 INFO root] 0.02306560054421425 0.046173613518476486 -2.989299353818133
[24 INFO root] 0.02199259214103222 0.04601466655731201 -2.9391332554748337
[24 INFO root] 0.020967286080121994 0.045809727162122726 -2.8890561297695223
[24 INFO root] 0.019981130957603455 0.04556063935160637 -2.839166128098575
[24 INFO root] 0.01902780681848526 0.045268505811691284 -2.78959128781564
[24 INFO root] 0.018102943897247314 0.04493405669927597 -2.7404922487140744
[24 INFO root] 0.01720385067164898 0.04455799609422684 -2.692064940000337
[24 INFO root] 0.016317075118422508 0.04413538798689842 -2.6451627991791917
[24 INFO root] 0.015446696430444717 0.043669167906045914 -2.600034445679084
[24 INFO root] 0.014598487876355648 0.04316413030028343 -2.5568044181575282
[24 INFO root] 0.013776457868516445 0.04262503609061241 -2.5154288327950733
[24 INFO root] 0.012984155677258968 0.042057015001773834 -2.4758802800515194
[24 INFO root] 0.012224937789142132 0.041465695947408676 -2.438166961549774
[24 INFO root] 0.011501873843371868 0.04085717350244522 -2.402314460982937
[24 INFO root] 0.010817631147801876 0.04023788124322891 -2.3683524063335497
[24 INFO root] 0.010174392722547054 0.039614465087652206 -2.33630644866276
[24 INFO root] 0.009573915041983128 0.03899374231696129 -2.3062036540509583
[24 INFO root] 0.009018049575388432 0.03838318586349487 -2.278128758976741
[24 INFO root] 0.008508019149303436 0.03779014199972153 -2.2521530964601224
[24 INFO root] 0.008044297806918621 0.03722149133682251 -2.228323460186776
[24 INFO root] 0.0076267048716545105 0.03668351471424103 -2.2066715044002856
[24 INFO root] 0.007254498545080423 0.03618174046278 -2.1872212466375385
[24 INFO root] 0.006926440633833408 0.03572080656886101 -2.1699945684311506
[24 INFO root] 0.006639645900577307 0.03530258685350418 -2.1554572727551835
[24 INFO root] 0.006391421426087618 0.03492886200547218 -2.144000018939074
[24 INFO root] 0.006179546471685171 0.03460156172513962 -2.1356997849152775
[24 INFO root] 0.006001078989356756 0.03432057425379753 -2.1305838205193948
[24 INFO root] 0.005852484609931707 0.0340837687253952 -2.128665160496963
[24 INFO root] 0.0057297516614198685 0.03388717398047447 -2.1299427186748034
[24 INFO root] 0.005628466140478849 0.03372526168823242 -2.134400108968359
[24 INFO root] 0.005543889012187719 0.03359127417206764 -2.1420045676805364
[24 INFO root] 0.005471040960401297 0.03347770497202873 -2.1527067446211308
[24 INFO root] 0.005404799245297909 0.03337676078081131 -2.1664420064623036
[24 INFO root] 0.005339851602911949 0.033280640840530396 -2.1831269881479933
[24 INFO root] 0.005270338151603937 0.033181339502334595 -2.202642627757838
[24 INFO root] 0.00519036129117012 0.033071670681238174 -2.2248547654667328
[24 INFO root] 0.005094206426292658 0.032945744693279266 -2.2496267549077285
[24 INFO root] 0.00497643556445837 0.0327991247177124 -2.276826163132855
[24 INFO root] 0.0048082079738378525 0.03260102495551109 -2.305093677907244
[24 INFO root] 0.004577827639877796 0.03234468027949333 -2.3337664885968086
[24 INFO root] 0.0042834593914449215 0.03203533589839935 -2.362566338650721
[24 INFO root] 0.0039253318682312965 0.03167998045682907 -2.391243940648925
[24 INFO root] 0.003504951950162649 0.031286075711250305 -2.419554748474019
[24 INFO root] 0.003024999052286148 0.03086119145154953 -2.447264728132182
[24 INFO root] 0.002489168895408511 0.0304127037525177 -2.4741536902711685
[24 INFO root] 0.0019020050531253219 0.02994755282998085 -2.5000189491639055
[24 INFO root] 0.0012687097769230604 0.029472051188349724 -2.5246778750740324
[24 INFO root] 0.0005949367769062519 0.028991762548685074 -2.5479684994479475
[24 INFO root] -0.00011342095967847854 0.028511416167020798 -2.5697479723007506
[24 INFO root] -0.0008512110216543078 0.02803437039256096 -2.5899685735659603
[24 INFO root] -0.0016136389458552003 0.027563124895095825 -2.608595398154302
[24 INFO root] -0.002396184019744396 0.027099519968032837 -2.625579365676913
[24 INFO root] -0.0031946292147040367 0.02664479985833168 -2.640850499007413
[24 INFO root] -0.004005082882940769 0.026199664920568466 -2.6543147945533487
[24 INFO root] -0.004823991097509861 0.02576431818306446 -2.6658551609132966
[24 INFO root] -0.00564814917743206 0.02533850260078907 -2.6753379047460886
[24 INFO root] -0.006474724039435387 0.024921532720327377 -2.682625419186145
[24 INFO root] -0.0073012737557291985 0.024512330070137978 -2.6875969261968855
[24 INFO root] -0.008125784806907177 0.02410946600139141 -2.6901644744778372
[24 INFO root] -0.00894669909030199 0.02371121011674404 -2.6902832369397762
[24 INFO root] -0.009762903675436974 0.023315606638789177 -2.68795575144865
[24 INFO root] -0.010573666542768478 0.022920556366443634 -2.6832296935443645
[24 INFO root] -0.011377544142305851 0.022524388507008553 -2.676447356634953
[24 INFO root] -0.012169974856078625 0.022127367556095123 -2.6687851666298457
[24 INFO root] -0.012950781732797623 0.021728744730353355 -2.6603732257207473
[24 INFO root] -0.013720175251364708 0.021327827125787735 -2.6512074210702297
[24 INFO root] -0.014477998949587345 0.020924139767885208 -2.641254072870596
[24 INFO root] -0.015223861671984196 0.020517317578196526 -2.6304607254322203
[24 INFO root] -0.015957241877913475 0.020107055082917213 -2.6187638911513558
[24 INFO root] -0.01667754538357258 0.019693059846758842 -2.6060914280947185
[24 INFO root] -0.01738417148590088 0.019275018945336342 -2.5923645556640245
[24 INFO root] -0.018076572567224503 0.018852559849619865 -2.5775001972149205
[24 INFO root] -0.01875436305999756 0.018425170332193375 -2.5614161506424793
[24 INFO root] -0.019417380914092064 0.017992153763771057 -2.5440344281901623
[24 INFO root] -0.020065711811184883 0.017552589997649193 -2.5252830945503333
[24 INFO root] -0.020699692890048027 0.017105303704738617 -2.5050978262257466
[24 INFO root] -0.02131991647183895 0.01664883829653263 -2.4834235098477815
[24 INFO root] -0.02192719280719757 0.01618141494691372 -2.4602158759872306
[24 INFO root] -0.02252252586185932 0.015700923278927803 -2.435443087333643
[24 INFO root] -0.02310742624104023 0.015204578638076782 -2.409120385518211
[24 INFO root] -0.023684203624725342 0.014688552357256413 -2.38135707732766
[24 INFO root] -0.024254901334643364 0.014148843474686146 -2.3522818030756745
[24 INFO root] -0.02482103556394577 0.013581509701907635 -2.322026445378057
[24 INFO root] -0.025383582338690758 0.012982702814042568 -2.2907280923958697
[24 INFO root] -0.025942975655198097 0.012348725460469723 -2.2585314547110795
[24 INFO root] -0.026499109342694283 0.011676080524921417 -2.2255916205305333
[24 INFO root] -0.02705136127769947 0.010961550287902355 -2.1920764584533416
[24 INFO root] -0.027598608285188675 0.010202286764979362 -2.158168306834486
[24 INFO root] -0.028139278292655945 0.009395918808877468 -2.1240649270761667
[24 INFO root] -0.028671398758888245 0.008540663868188858 -2.0899796789682212
[24 INFO root] -0.029192684218287468 0.007635439280420542 -2.056140754812326
[24 INFO root] -0.0297006294131279 0.006679970305413008 -2.022789318713588
[24 INFO root] -0.030192630365490913 0.005674901884049177 -1.9901669465872784
[24 INFO root] -0.03066611848771572 0.004621830303221941 -1.9585081156983084
[24 INFO root] -0.031118717044591904 0.0035232589580118656 -1.9280383841228492
[24 INFO root] -0.03154837712645531 0.0023825238458812237 -1.8989730567733931
[24 INFO root] -0.03195350989699364 0.001203694031573832 -1.8715150658577324
[24 INFO root] -0.032333046197891235 -8.555537533538882e-06 -1.8458523942309928
[24 INFO root] -0.03268653154373169 -0.0012490926310420036 -1.8221723709311874
[24 INFO root] -0.03301412984728813 -0.0025124456733465195 -1.8006672551827025
[24 INFO root] -0.033316660672426224 -0.0037929497193545103 -1.7815070886310498
[24 INFO root] -0.033595580607652664 -0.005084947217255831 -1.7648331698108433
[24 INFO root] -0.03385290503501892 -0.006382985971868038 -1.750758536961092
[24 INFO root] -0.034091126173734665 -0.00768198911100626 -1.7393698157808937
[24 INFO root] -0.03431311249732971 -0.008977388963103294 -1.730729752002832
[24 INFO root] -0.034522008150815964 -0.010265232063829899 -1.7248800866060796
[24 INFO root] -0.034721117466688156 -0.011542234569787979 -1.7218445854873574
[24 INFO root] -0.034913841634988785 -0.012805827893316746 -1.7216312649229508
[24 INFO root] -0.03510361164808273 -0.014054229483008385 -1.724231105786457
[24 INFO root] -0.03529384359717369 -0.015286456793546677 -1.7296179303125332
[24 INFO root] -0.03548790514469147 -0.01650228351354599 -1.73774885434952
[24 INFO root] -0.0356891006231308 -0.01770218089222908 -1.748564576692129
[24 INFO root] -0.035900674760341644 -0.01888723112642765 -1.7619892748648909
[24 INFO root] -0.03612583875656128 -0.020059021189808846 -1.7779302323135575
[24 INFO root] -0.03636777400970459 -0.021219519898295403 -1.796277679051883
[24 INFO root] -0.036629658192396164 -0.02237093448638916 -1.816903506215785
[24 INFO root] -0.036914680153131485 -0.023515570908784866 -1.8396594398537538
[24 INFO root] -0.037226028740406036 -0.024655653163790703 -1.8643751541430043
[24 INFO root] -0.03754649683833122 -0.025725796818733215 -1.8897724332112003
[24 INFO root] -0.03787172958254814 -0.026719579473137856 -1.9156274548822894
[24 INFO root] -0.038200750946998596 -0.027643559500575066 -1.941941583984373
[24 INFO root] -0.038532886654138565 -0.02850404381752014 -1.9687165612873898
[24 INFO root] -0.03886912018060684 -0.029310276731848717 -1.9949455236709517
[24 INFO root] -0.03920818865299225 -0.030066702514886856 -2.0200878208357627
[24 INFO root] -0.03954724222421646 -0.030774639919400215 -2.044143436695786
[24 INFO root] -0.03988347575068474 -0.03143523260951042 -2.0671637506252254
[24 INFO root] -0.04021438583731651 -0.03204977884888649 -2.0892004199722103
[24 INFO root] -0.040537767112255096 -0.03261975944042206 -2.1103063177178
[24 INFO root] -0.040851742029190063 -0.03314680606126785 -2.1305361401230187
[24 INFO root] -0.041154757142066956 -0.03363272175192833 -2.1499467442615803
[24 INFO root] -0.041445571929216385 -0.03407944366335869 -2.1685971652709726
[24 INFO root] -0.04172327369451523 -0.03448903560638428 -2.1865483137693618
[24 INFO root] -0.04198725149035454 -0.0348636656999588 -2.2038623998806295
[24 INFO root] -0.04223717749118805 -0.035205572843551636 -2.220602161053003
[24 INFO root] -0.04247298464179039 -0.03551705181598663 -2.236829984610412
[24 INFO root] -0.042694851756095886 -0.03580040857195854 -2.2526070611666014
[24 INFO root] -0.042903147637844086 -0.03605793043971062 -2.2679926825584324
[24 INFO root] -0.043098416179418564 -0.03629187494516373 -2.283043705057996
[24 INFO root] -0.04328135401010513 -0.036504440009593964 -2.2978141909400422
[24 INFO root] -0.04345276206731796 -0.03669774532318115 -2.312354623962695
[24 INFO root] -0.04361354187130928 -0.03687382861971855 -2.326711899560536
[24 INFO root] -0.04376468434929848 -0.03703464940190315 -2.340929665210574
[24 INFO root] -0.04390725493431091 -0.03718209266662598 -2.3550486880138983
[24 INFO root] -0.04404241964221001 -0.037317972630262375 -2.3691071801365493
[24 INFO root] -0.04417140781879425 -0.03744404390454292 -2.383141065817847
[24 INFO root] -0.044295549392700195 -0.037562016397714615 -2.397184180735461
[24 INFO root] -0.04441625252366066 -0.03767353296279907 -2.411268396892382
[24 INFO root] -0.044535014778375626 -0.037780195474624634 -2.42542366767741
[24 INFO root] -0.04465341940522194 -0.037883542478084564 -2.439677989178575
[24 INFO root] -0.04477314651012421 -0.037985075265169144 -2.454057275853957
[24 INFO root] -0.044895950704813004 -0.038086213171482086 -2.46858515174258
[24 INFO root] -0.04502366855740547 -0.03818831965327263 -2.483282662740329
[24 INFO root] -0.045158203691244125 -0.03829267621040344 -2.4981679210130054
[24 INFO root] -0.045301519334316254 -0.03840046003460884 -2.5132556990249655
[24 INFO root] -0.04545561596751213 -0.038512758910655975 -2.528556997303586
[24 INFO root] -0.04562251642346382 -0.03863052651286125 -2.544078617309559
[24 INFO root] -0.04580424353480339 -0.038754574954509735 -2.5598227898588495
[24 INFO root] -0.046002790331840515 -0.03888557851314545 -2.575786889553741
[24 INFO root] -0.0462200865149498 -0.039024028927087784 -2.5919632631036844
[24 INFO root] -0.04645797237753868 -0.039170246571302414 -2.608339196477955
[24 INFO root] -0.04671816900372505 -0.03932437673211098 -2.624897037488324
[24 INFO root] -0.04700223729014397 -0.0394863598048687 -2.6416144793253475
[24 INFO root] -0.04731157049536705 -0.03965596854686737 -2.6584649985361595
[24 INFO root] -0.04764734208583832 -0.03983278572559357 -2.6754184953726923
[24 INFO root] -0.04801050201058388 -0.04001624137163162 -2.6924421481211542
[24 INFO root] -0.04840175062417984 -0.04020559787750244 -2.7095013708026463
[24 INFO root] -0.04882151260972023 -0.04039999470114708 -2.7265607831068155
[24 INFO root] -0.04926995933055878 -0.04059845954179764 -2.7435851296405285
[24 INFO root] -0.049747005105018616 -0.04079994559288025 -2.7605400672393032
[24 INFO root] -0.05025234818458557 -0.041003353893756866 -2.777392786198866
[24 INFO root] -0.05078546702861786 -0.04120756685733795 -2.7941124749748973
[24 INFO root] -0.051345665007829666 -0.04141147807240486 -2.810671022885258
[24 INFO root] -0.051932040601968765 -0.041613977402448654 -2.8270439105476943
[24 INFO root] -0.05254353955388069 -0.04181400313973427 -2.8432105364992846
[24 INFO root] -0.053178973495960236 -0.042010530829429626 -2.85915420509428
[24 INFO root] -0.053837068378925323 -0.04220261424779892 -2.874861939058974
[24 INFO root] -0.054516106843948364 -0.04238927736878395 -2.890318871947817
[24 INFO root] -0.055213890969753265 -0.04256952553987503 -2.9055072676980624
[24 INFO root] -0.05592833086848259 -0.0427425242960453 -2.920413146726018
[24 INFO root] -0.056657575070858 -0.042907629162073135 -2.9350268738635936
[24 INFO root] -0.057399991899728775 -0.04306432232260704 -2.9493422720945253
[24 INFO root] -0.0581541545689106 -0.04321223124861717 -2.96335576180975
[24 INFO root] -0.05891880393028259 -0.043351080268621445 -2.97706560986917
[24 INFO root] -0.05969284847378731 -0.04348067194223404 -2.990471278994061
[24 INFO root] -0.06047534570097923 -0.0436008982360363 -3.0035728685721885
[24 INFO root] -0.061265476047992706 -0.04371169954538345 -3.016370650995494
[24 INFO root] -0.06206255033612251 -0.0438130646944046 -3.028864687929236
[24 INFO root] -0.0628659650683403 -0.04390502721071243 -3.0410545126126514
[24 INFO root] -0.06367523223161697 -0.04398765787482262 -3.052938871164562
[24 INFO root] -0.0644899383187294 -0.044061046093702316 -3.0645155188214988
[24 INFO root] -0.06530972570180893 -0.044125307351350784 -3.0757810683453997
[24 INFO root] -0.06613434106111526 -0.04418058320879936 -3.086730888680593
[24 INFO root] -0.0669635459780693 -0.04422702640295029 -3.0973590527003645
[24 INFO root] -0.06776656955480576 -0.044263456016778946 -3.107034249683671
[24 INFO root] -0.06852798163890839 -0.04429055377840996 -3.115364394830978
[24 INFO root] -0.06925298273563385 -0.044310204684734344 -3.1223165955588494
[24 INFO root] -0.0699477568268776 -0.04432410001754761 -3.127890216223165
[24 INFO root] -0.0706171840429306 -0.04433366283774376 -3.1320826980553504
[24 INFO root] -0.07126502692699432 -0.0443401001393795 -3.1348921878723113
[24 INFO root] -0.07189436256885529 -0.044344499707221985 -3.1363151643289138
[24 INFO root] -0.07250792533159256 -0.04434782639145851 -3.13634532502801
[24 INFO root] -0.07310815900564194 -0.04435097798705101 -3.1349740091788516
[24 INFO root] -0.07369726151227951 -0.044354796409606934 -3.1321910156443966
[24 INFO root] -0.07427724450826645 -0.04436008632183075 -3.1279855497034874
[24 INFO root] -0.07484995573759079 -0.04436763375997543 -3.1223472768491067
[24 INFO root] -0.07541710138320923 -0.04437822848558426 -3.115267476191247
[24 INFO root] -0.0759802758693695 -0.0443926565349102 -3.1067402790675045
[24 INFO root] -0.07654096186161041 -0.04441172629594803 -3.0967646965656708
[24 INFO root] -0.0771004930138588 -0.044436264783144 -3.0853474151020137
[24 INFO root] -0.07764080911874771 -0.0444660484790802 -3.072997438385731
[24 INFO root] -0.07816026359796524 -0.04450106620788574 -3.059886603676917
[24 INFO root] -0.07866302132606506 -0.044541556388139725 -3.0460686214719455
[24 INFO root] -0.07915329188108444 -0.04458783194422722 -3.0315928659937126
[24 INFO root] -0.07963491231203079 -0.04464031010866165 -3.0165133846689276
[24 INFO root] -0.08011139929294586 -0.04469948634505272 -3.000890082218922
[24 INFO root] -0.08058606088161469 -0.044765960425138474 -2.9847897033158732
[24 INFO root] -0.08106187731027603 -0.044840406626462936 -2.9682819936209577
[24 INFO root] -0.0815415158867836 -0.0449235662817955 -2.951437547565281
[24 INFO root] -0.08202729374170303 -0.04501623287796974 -2.9343271101600457
[24 INFO root] -0.08252120018005371 -0.04511922970414162 -2.917019941034729
[24 INFO root] -0.08302489668130875 -0.045233387500047684 -2.899583536205467
[24 INFO root] -0.08353978395462036 -0.04535955935716629 -2.882084560870386
[24 INFO root] -0.08406706154346466 -0.04549858346581459 -2.8645896649852878
[24 INFO root] -0.08460771292448044 -0.045651305466890335 -2.847165919013165
[24 INFO root] -0.0851622149348259 -0.045818425714969635 -2.829872762140446
[24 INFO root] -0.08573094755411148 -0.04600062966346741 -2.812769831234726
[24 INFO root] -0.08631430566310883 -0.04619859531521797 -2.795919152858503
[24 INFO root] -0.08691266179084778 -0.04641297832131386 -2.7793847744930313
[24 INFO root] -0.08752632141113281 -0.04664438217878342 -2.763231806408245
[24 INFO root] -0.08815550059080124 -0.046893343329429626 -2.7475250185129267
[24 INFO root] -0.08880028128623962 -0.047160301357507706 -2.7323269734310953
[24 INFO root] -0.08946056663990021 -0.047445546835660934 -2.7176957176164214
[24 INFO root] -0.09013605862855911 -0.04774921014904976 -2.7036821118341736
[24 INFO root] -0.09082624316215515 -0.04807122051715851 -2.6903269540056227
[24 INFO root] -0.09153016656637192 -0.04841122403740883 -2.6776529797752704
[24 INFO root] -0.09224662184715271 -0.048768602311611176 -2.665666561485852
[24 INFO root] -0.0929742082953453 -0.04914254695177078 -2.654358057488181
[24 INFO root] -0.09371131658554077 -0.049532052129507065 -2.643701266923247
[24 INFO root] -0.09445622563362122 -0.049935948103666306 -2.633653534667445
[24 INFO root] -0.0952071100473404 -0.05035295709967613 -2.624156816177715
[24 INFO root] -0.09596308320760727 -0.05078228563070297 -2.615200117682168
[24 INFO root] -0.09672382473945618 -0.05122343823313713 -2.606802833099765
[24 INFO root] -0.09748908877372742 -0.05167589709162712 -2.5989862419286984
[24 INFO root] -0.0982585921883583 -0.052139077335596085 -2.591767555171873
[24 INFO root] -0.09903202205896378 -0.05261232331395149 -2.5851595136173855
[24 INFO root] -0.09980904310941696 -0.05309491977095604 -2.579170629825171
[24 INFO root] -0.1005893424153328 -0.05358611419796944 -2.5738056843838995
[24 INFO root] -0.1013725996017456 -0.054085128009319305 -2.5690664079421723
[24 INFO root] -0.10216215252876282 -0.05459349974989891 -2.565114978755315
[24 INFO root] -0.10296417772769928 -0.055114492774009705 -2.5622405157043637
[24 INFO root] -0.10377892851829529 -0.05564720556139946 -2.560454981133949
[24 INFO root] -0.10460606962442398 -0.056190263479948044 -2.559735555185338
[24 INFO root] -0.10544081032276154 -0.056739289313554764 -2.559674250563462
[24 INFO root] -0.10627622157335281 -0.057288914918899536 -2.559674250563462
[24 INFO root] -0.10711163282394409 -0.05783854052424431 -2.559674250563462
[24 INFO root] -0.10794704407453537 -0.05838816985487938 -2.559674250563462
[24 INFO root] -0.10878244787454605 -0.05893779546022415 -2.559674250563462
[24 INFO root] -0.10961785912513733 -0.05948742479085922 -2.559674250563462
[24 INFO root] -0.11045327037572861 -0.060037050396203995 -2.559674250563462
[24 INFO root] -0.11128868162631989 -0.060586679726839066 -2.559674250563462
[24 INFO root] -0.11212409287691116 -0.06113630533218384 -2.559674250563462
[24 INFO root] -0.11295949667692184 -0.06168593466281891 -2.559674250563462
[24 INFO root] -0.11379490792751312 -0.06223556026816368 -2.559674250563462
[24 INFO root] -0.1146303191781044 -0.06278518587350845 -2.559674250563462
[24 INFO root] -0.11546573042869568 -0.06333481520414352 -2.559674250563462
[24 INFO root] -0.11630114167928696 -0.0638844445347786 -2.559674250563462
[24 INFO root] -0.11713654547929764 -0.06443407386541367 -2.559674250563462
[24 INFO root] -0.11797195672988892 -0.06498370319604874 -2.559674250563462
[24 INFO root] -0.1188073679804802 -0.06553332507610321 -2.559674250563462
[24 INFO root] -0.11964277923107147 -0.06608295440673828 -2.559674250563462
[24 INFO root] -0.12047819048166275 -0.06663258373737335 -2.559674250563462
[24 INFO root] -0.12131359428167343 -0.06718221306800842 -2.559674250563462
[24 INFO root] -0.12214900553226471 -0.0677318349480629 -2.559674250563462
[24 INFO root] -0.12298441678285599 -0.06828146427869797 -2.559674250563462
[24 INFO root] -0.12381982803344727 -0.06883109360933304 -2.559674250563462
[24 INFO root] -0.12465523928403854 -0.06938072293996811 -2.559674250563462
[24 INFO root] -0.12549065053462982 -0.06993034482002258 -2.559674250563462
[24 INFO root] -0.1263260543346405 -0.07047997415065765 -2.559674250563462
[24 INFO root] -0.12716145813465118 -0.07102960348129272 -2.559674250563462
[24 INFO root] -0.12799687683582306 -0.0715792328119278 -2.559674250563462
[24 INFO root] -0.12883228063583374 -0.07212885469198227 -2.559674250563462
[24 INFO root] -0.12966769933700562 -0.07267848402261734 -2.559674250563462
[24 INFO root] -0.1305031031370163 -0.07322811335325241 -2.559674250563462
[24 INFO root] -0.131333127617836 -0.07377420365810394 -2.5597286367377903
[24 INFO root] -0.1321200728416443 -0.0742918848991394 -2.5602236978744357
[24 INFO root] -0.13286226987838745 -0.07477965950965881 -2.5611881542398125
[24 INFO root] -0.13356296718120575 -0.07523924112319946 -2.56260318590202
[24 INFO root] -0.1342252641916275 -0.07567233592271805 -2.564452491314733
[24 INFO root] -0.13485197722911835 -0.0760805606842041 -2.566722581123948
[24 INFO root] -0.13544578850269318 -0.07646546512842178 -2.569402237611851
[24 INFO root] -0.13600918650627136 -0.07682855427265167 -2.5724820750893924
[24 INFO root] -0.13654451072216034 -0.07717125862836838 -2.575954196838224
[24 INFO root] -0.13705402612686157 -0.07749497145414352 -2.579811927253517
[24 INFO root] -0.1375398486852646 -0.07780103385448456 -2.584049602150947
[24 INFO root] -0.13800397515296936 -0.07809071987867355 -2.588662404060886
[24 INFO root] -0.13844835758209229 -0.0783652663230896 -2.5936462323625937
[24 INFO root] -0.138874813914299 -0.07862582057714462 -2.598997600468944
[24 INFO root] -0.13928507268428802 -0.07887350767850876 -2.60471355409308
[24 INFO root] -0.13968080282211304 -0.07910936325788498 -2.610791606016888
[24 INFO root] -0.1400635838508606 -0.07933437079191208 -2.617229683816311
[24 INFO root] -0.1404348760843277 -0.07954945415258408 -2.6240260877386845
[24 INFO root] -0.14079611003398895 -0.07975544780492783 -2.6311794564114113
[24 INFO root] -0.1411486119031906 -0.0799531564116478 -2.638688738313737
[24 INFO root] -0.14149363338947296 -0.0801432877779007 -2.646553166966451
[24 INFO root] -0.1418323665857315 -0.08032651245594025 -2.654772241116423
[24 INFO root] -0.1421659141778946 -0.0805034190416336 -2.663345710795956
[24 INFO root] -0.14249534904956818 -0.08067455887794495 -2.672273567878327
[24 INFO root] -0.14282163977622986 -0.08084039390087128 -2.6815560381451005
[24 INFO root] -0.14314572513103485 -0.08100135624408722 -2.691193570493124
[24 INFO root] -0.1434684693813324 -0.08115780353546143 -2.7011868171208184
[24 INFO root] -0.14379069209098816 -0.08131005614995956 -2.711536596153162
[24 INFO root] -0.1441131830215454 -0.08145838975906372 -2.7222438251894308
[24 INFO root] -0.14443667232990265 -0.08160301297903061 -2.7333094108042415
[24 INFO root] -0.14476187527179718 -0.08174411952495575 -2.7447340753799367
[24 INFO root] -0.14508949220180511 -0.08188185840845108 -2.756518099226921
[24 INFO root] -0.14542022347450256 -0.08201635628938675 -2.768660953582197
[24 INFO root] -0.14575476944446564 -0.08214771747589111 -2.7811607994279144
[24 INFO root] -0.1460939198732376 -0.08227601647377014 -2.7940138318775114
[24 INFO root] -0.14643847942352295 -0.082401342689991 -2.8072134605787773
[24 INFO root] -0.14678938686847687 -0.08252377063035965 -2.8207493542920274
[24 INFO root] -0.14714764058589935 -0.08264335989952087 -2.8346067816159413
[24 INFO root] -0.14751437306404114 -0.08276016265153885 -2.848765149154638
[24 INFO root] -0.14789089560508728 -0.08287425339221954 -2.8631961955830914
[24 INFO root] -0.14827871322631836 -0.08298569172620773 -2.8778622476459677
[24 INFO root] -0.14867949485778809 -0.083094522356987 -2.89271483272209
[24 INFO root] -0.1490950882434845 -0.08320078253746033 -2.9076939816406346
[24 INFO root] -0.14952746033668518 -0.08330446481704712 -2.9227285826155587
[24 INFO root] -0.14997856318950653 -0.08340548723936081 -2.937738103328132
[24 INFO root] -0.15045024454593658 -0.08350370824337006 -2.9526358609910686
[24 INFO root] -0.15094409883022308 -0.08359888941049576 -2.9673337901166756
[24 INFO root] -0.15146127343177795 -0.08369068801403046 -2.98174836832095
[24 INFO root] -0.15200242400169373 -0.08377870172262192 -2.995807077963467
[24 INFO root] -0.1525675356388092 -0.08386245369911194 -3.00945458655561
[24 INFO root] -0.15315589308738708 -0.08394144475460052 -3.022657789178016
[24 INFO root] -0.15376612544059753 -0.08401516079902649 -3.035408999350406
[24 INFO root] -0.1543961763381958 -0.08408310264348984 -3.04772687495443
[24 INFO root] -0.15504349768161774 -0.08414483070373535 -3.059655047730793
[24 INFO root] -0.15570510923862457 -0.0841999426484108 -3.0712587786327417
[24 INFO root] -0.15637782216072083 -0.08424811065196991 -3.0826201755326688
[24 INFO root] -0.15705829858779907 -0.0842890590429306 -3.0938327591494352
[24 INFO root] -0.15774327516555786 -0.08432256430387497 -3.1049960102358063
[24 INFO root] -0.15842965245246887 -0.08434846252202988 -3.1162102795240525
[24 INFO root] -0.15911465883255005 -0.08436661958694458 -3.1275720787727868
[24 INFO root] -0.159795880317688 -0.08437695354223251 -3.13917017170938
[24 INFO root] -0.1604713797569275 -0.08437937498092651 3.1321027018866774
[24 INFO root] -0.16113975644111633 -0.084373839199543 3.119810552489429
[24 INFO root] -0.1618000715970993 -0.084360271692276 3.1070869074296765
[24 INFO root] -0.16245195269584656 -0.08433861285448074 3.093893591543923
[24 INFO root] -0.1630953997373581 -0.08430875837802887 3.0802053668971356
[24 INFO root] -0.16373087465763092 -0.08427058160305023 3.0660088761435644
[24 INFO root] -0.16435910761356354 -0.0842239111661911 3.0513014651751518
[24 INFO root] -0.16498109698295593 -0.08416852355003357 3.036090091961706
[24 INFO root] -0.165598064661026 -0.08410414308309555 3.020390454370288
[24 INFO root] -0.16621133685112 -0.08403042703866959 3.0042264031650343
[24 INFO root] -0.1668223738670349 -0.08394696563482285 2.9876296558349207
[24 INFO root] -0.1674330234527588 -0.08385323733091354 2.9706593636807956
[24 INFO root] -0.16804537177085876 -0.08374860137701035 2.953399404780668
[24 INFO root] -0.1686614453792572 -0.08363236486911774 2.9359399556765347
[24 INFO root] -0.16928306221961975 -0.08350381255149841 2.9183726968942754
[24 INFO root] -0.16991181671619415 -0.08336222916841507 2.9007897683894535
[24 INFO root] -0.17054904997348785 -0.0832069143652916 2.8832829156347968
[24 INFO root] -0.17119593918323517 -0.08303718268871307 2.8659425851031393
[24 INFO root] -0.17185337841510773 -0.08285243809223175 2.848857000866252
[24 INFO root] -0.17252206802368164 -0.08265211433172226 2.8321112576634695
[24 INFO root] -0.1732024997472763 -0.08243577927350998 2.815786462993045
[24 INFO root] -0.1738949716091156 -0.08220306038856506 2.7999589561159213
[24 INFO root] -0.17459963262081146 -0.08195372670888901 2.784699625907247
[24 INFO root] -0.1753164529800415 -0.08168767392635345 2.770073342880613
[24 INFO root] -0.17604529857635498 -0.081404909491539 2.7561385140541046
[24 INFO root] -0.17678594589233398 -0.08110557496547699 2.7429467631408677
[24 INFO root] -0.17753808200359344 -0.08078992366790771 2.7305427332046017
[24 INFO root] -0.17830133438110352 -0.08045833557844162 2.7189640046432517
[24 INFO root] -0.17907534539699554 -0.0801113024353981 2.7082411182294033
[24 INFO root] -0.1798596829175949 -0.07974940538406372 2.698397690904257
[24 INFO root] -0.18065397441387177 -0.0793733075261116 2.6894506109728202
[24 INFO root] -0.1814570426940918 -0.07898412644863129 2.6813422074883904
[24 INFO root] -0.18226727843284607 -0.0785832554101944 2.6739615645091823
[24 INFO root] -0.1830824613571167 -0.07817234843969345 2.6671328483686834
[24 INFO root] -0.18390055000782013 -0.07775288820266724 2.6606851887930105
[24 INFO root] -0.18471986055374146 -0.07732607424259186 2.6544697789577905
[24 INFO root] -0.18553897738456726 -0.07689283788204193 2.648359869038307
[24 INFO root] -0.186356782913208 -0.07645386457443237 2.6422487438904882
[24 INFO root] -0.18717236816883087 -0.07600964605808258 2.636047309244939
[24 INFO root] -0.18798501789569855 -0.07556048780679703 2.6296816536692127
[24 INFO root] -0.18879416584968567 -0.07510653138160706 2.623090796373379
[24 INFO root] -0.18959935009479523 -0.07464781403541565 2.616224689490479
[24 INFO root] -0.19040025770664215 -0.07418425381183624 2.6090425071795442
[24 INFO root] -0.19119665026664734 -0.0737156793475151 2.601511239551079
[24 INFO root] -0.19198833405971527 -0.07324183732271194 2.593604587154692
[24 INFO root] -0.19277521967887878 -0.07276242971420288 2.5853021286198503
[24 INFO root] -0.1935572326183319 -0.07227707654237747 2.576588711106686
[24 INFO root] -0.19433434307575226 -0.07178538292646408 2.567453989218889
[24 INFO root] -0.19510658085346222 -0.0712868869304657 2.5578920145092683
[24 INFO root] -0.1958739459514618 -0.07078111171722412 2.547900759859334
[24 INFO root] -0.19663651287555695 -0.07026755064725876 2.5374814565816206
[24 INFO root] -0.19739429652690887 -0.06974570453166962 2.5266376297940387
[24 INFO root] -0.19814734160900116 -0.06921503692865372 2.5153737524434923
[24 INFO root] -0.1988956183195114 -0.06867505609989166 2.5036934384966982
[24 INFO root] -0.19963911175727844 -0.06812526285648346 2.4915971843811997
[24 INFO root] -0.2003777176141739 -0.06756517291069031 2.479079744990136
[24 INFO root] -0.201111301779747 -0.06699435412883759 2.466127274034764
[24 INFO root] -0.2018396556377411 -0.06641234457492828 2.4527143961753586
[24 INFO root] -0.20256251096725464 -0.06581872701644897 2.4388014183787554
[24 INFO root] -0.20327956974506378 -0.06521303951740265 2.424331922447683
[24 INFO root] -0.20399045944213867 -0.06459478288888931 2.4092310100176055
[24 INFO root] -0.20469482243061066 -0.06396334618330002 2.3934044897445568
[24 INFO root] -0.2053922712802887 -0.06331799924373627 2.376739292152865
[24 INFO root] -0.20608247816562653 -0.06265778839588165 2.359105358988399
[24 INFO root] -0.20675909519195557 -0.06198747828602791 2.3404798301596625
[24 INFO root] -0.20734257996082306 -0.06138789281249046 2.322269249780408
[24 INFO root] -0.20783303678035736 -0.06086517870426178 2.3042737395505637
[24 INFO root] -0.20824140310287476 -0.060413945466279984 2.286064419884895
[24 INFO root] -0.20857861638069153 -0.06002742797136307 2.267202335756298
[24 INFO root] -0.20885539054870605 -0.05969790369272232 2.2472526085446405
[24 INFO root] -0.2090820074081421 -0.05941697582602501 2.2257964251110627
[24 INFO root] -0.2092682123184204 -0.059175800532102585 2.2024423380225073
[24 INFO root] -0.20942315459251404 -0.05896521359682083 2.1768366956314775
[24 INFO root] -0.20955517888069153 -0.058775871992111206 2.1486722821308004
[24 INFO root] -0.2096717655658722 -0.058598265051841736 2.117695020522646
[24 INFO root] -0.20977936685085297 -0.05842279642820358 2.0837087948686253
[24 INFO root] -0.20988322794437408 -0.058239806443452835 2.046578314830748
[24 INFO root] -0.20998702943325043 -0.05804004892706871 2.0062320114106837
[24 INFO root] -0.21009254455566406 -0.05781541019678116 1.9626602732798162
[24 INFO root] -0.21020008623600006 -0.057558026164770126 1.9159034049460544
[24 INFO root] -0.21030856668949127 -0.057260170578956604 1.8660466328427945
[24 INFO root] -0.21041534841060638 -0.05691457539796829 1.8132162950343664
[24 INFO root] -0.21051619946956635 -0.05651479586958885 1.7575741847100756
[24 INFO root] -0.21060535311698914 -0.056055545806884766 1.699309648275047
[24 INFO root] -0.2106756716966629 -0.05553293973207474 1.6386267828809882
[24 INFO root] -0.21071887016296387 -0.0549447275698185 1.5757346303594002
[24 INFO root] -0.2107258439064026 -0.05429041013121605 1.5108385453977327
[24 INFO root] -0.21068696677684784 -0.053571272641420364 1.4441319721122399
[24 INFO root] -0.21059240400791168 -0.0527903214097023 1.375789277804796
[24 INFO root] -0.21043236553668976 -0.05195208266377449 1.305960532697814
[24 INFO root] -0.2101972997188568 -0.05106240138411522 1.23476904575784
[24 INFO root] -0.20987796783447266 -0.05012815445661545 1.1623122716025958
[24 INFO root] -0.20946550369262695 -0.04915706440806389 1.0886664558815222
[24 INFO root] -0.20895123481750488 -0.04815753176808357 1.013895143376125
[24 INFO root] -0.2083267718553543 -0.04713861271739006 0.9380614660710204
[24 INFO root] -0.20758385956287384 -0.04611010104417801 0.8612439427267391
[24 INFO root] -0.20675648748874664 -0.045131616294384 0.7840748286960226
[24 INFO root] -0.20588943362236023 -0.04425288736820221 0.7067521943191514
[24 INFO root] -0.20498506724834442 -0.0434681661427021 0.6288928243076544
[24 INFO root] -0.20403829216957092 -0.042767975479364395 0.5502536108763895
[24 INFO root] -0.2030494511127472 -0.042150527238845825 0.4725351995418895
[24 INFO root] -0.20202334225177765 -0.041615862399339676 0.39601804826090714
[24 INFO root] -0.20096702873706818 -0.04116462916135788 0.32090082631097194
[24 INFO root] -0.19988977909088135 -0.040797483175992966 0.24748751268355046
[24 INFO root] -0.1988033950328827 -0.04051438346505165 0.17616867125611302
[24 INFO root] -0.1977221667766571 -0.04031379520893097 0.10739080630484785
[24 INFO root] -0.19666233658790588 -0.040191952139139175 0.04161621667747646
[24 INFO root] -0.19564075767993927 -0.04014241695404053 -0.020714596325036763
[24 INFO root] -0.19467352330684662 -0.04015611112117767 -0.0792172047030212
[24 INFO root] -0.19377513229846954 -0.04022178798913956 -0.13360795803354616
[24 INFO root] -0.19295737147331238 -0.0403267964720726 -0.18372653799117097
[24 INFO root] -0.1922285407781601 -0.040458064526319504 -0.22953991118762238
[24 INFO root] -0.1915930211544037 -0.040603116154670715 -0.27113246625628357
[24 INFO root] -0.19105137884616852 -0.040750905871391296 -0.3086838747940713
[24 INFO root] -0.19060002267360687 -0.04089265689253807 -0.34241107365404444
[24 INFO root] -0.19023284316062927 -0.04102187603712082 -0.3725747353914203
[24 INFO root] -0.1899421066045761 -0.041134271770715714 -0.3994659954946122
[24 INFO root] -0.18971697986125946 -0.04122842103242874 -0.4234667684210222
[24 INFO root] -0.18954607844352722 -0.041304830461740494 -0.44495968904195243
[24 INFO root] -0.18941883742809296 -0.04136507585644722 -0.4642754602622633
[24 INFO root] -0.18932577967643738 -0.0414113812148571 -0.48167924003994744
[24 INFO root] -0.18925844132900238 -0.04144638404250145 -0.4973630669129118
[24 INFO root] -0.18920907378196716 -0.04147305712103844 -0.5114430007721896
[24 INFO root] -0.18917052447795868 -0.04149460420012474 -0.5239522951144631
[24 INFO root] -0.18911243975162506 -0.04152809828519821 -0.5356884468247246
[24 INFO root] -0.1890144646167755 -0.041586168110370636 -0.5471049632820393
