[27 INFO root] Initialising Python Geth Console...
[27 INFO root] Initialising RandB board...
[27 INFO root] Initialising resource sensor...
[27 INFO root] Initialising random-walk...
[27 INFO root] Initialising navigation...
[27 INFO root] Initialising Odo...
[27 INFO root] Initialising odometry...
[27 INFO root] Initialising gps...
[27 INFO root] Initialising Ground sensor...
[27 INFO root] --//-- Starting Experiment --//--
[27 INFO root] x y direction
[27 INFO root] 0.6752650141716003 0.791517972946167 -1.9497945738654654
[27 INFO root] 0.6745712757110596 0.789776086807251 -2.0786239249698966
[27 INFO root] 0.6720392107963562 0.7843130230903625 -2.155655141992473
[27 INFO root] 0.6670292615890503 0.7755222916603088 -2.1793244640382565
[27 INFO root] 0.6597344875335693 0.7648809552192688 -2.1727570929577635
[27 INFO root] 0.6530584096908569 0.7552011609077454 -2.162456179317101
[27 INFO root] 0.6472190022468567 0.7465506792068481 -2.161653699249912
[27 INFO root] 0.6418238878250122 0.7385097742080688 -2.1776826813137773
[27 INFO root] 0.6368065476417542 0.7312386631965637 -2.2032872777269636
[27 INFO root] 0.6321285963058472 0.7247966527938843 -2.222041793444941
[27 INFO root] 0.6277562975883484 0.7190260887145996 -2.2261372975692635
[27 INFO root] 0.6236797571182251 0.713716983795166 -2.2185529185504422
[27 INFO root] 0.6198561787605286 0.7086721658706665 -2.2035186169795065
[27 INFO root] 0.616250216960907 0.703770637512207 -2.183970596735962
[27 INFO root] 0.6128652691841125 0.6989806890487671 -2.1621023474721928
[27 INFO root] 0.6097133755683899 0.6943094730377197 -2.1395288222825477
[27 INFO root] 0.6067955493927002 0.6897681355476379 -2.117262605872448
[27 INFO root] 0.604108452796936 0.6853733658790588 -2.095906317835881
[27 INFO root] 0.6016440987586975 0.6811416149139404 -2.0757945166604808
[27 INFO root] 0.5993891358375549 0.6770828366279602 -2.057087923333868
[27 INFO root] 0.5973267555236816 0.6731999516487122 -2.0398138506102836
[27 INFO root] 0.5954388380050659 0.6694910526275635 -2.0238796153455256
[27 INFO root] 0.5937076210975647 0.6659502387046814 -2.009096767724781
[27 INFO root] 0.5921171307563782 0.6625705361366272 -1.9952177916311644
[27 INFO root] 0.5906533002853394 0.6593436002731323 -1.9819565816703277
[27 INFO root] 0.5893036723136902 0.6562600135803223 -1.969003865168862
[27 INFO root] 0.5880604982376099 0.6533159613609314 -1.9560590841769596
[27 INFO root] 0.5869237184524536 0.6505237221717834 -1.9428603199560388
[27 INFO root] 0.5858920216560364 0.6478908658027649 -1.9291236111487948
[27 INFO root] 0.5849605798721313 0.6454147100448608 -1.9147394170949028
[27 INFO root] 0.5841225385665894 0.6430861949920654 -1.899643329507631
[27 INFO root] 0.5833699703216553 0.6408922076225281 -1.883715812683261
[27 INFO root] 0.5826948881149292 0.6388176679611206 -1.8667891473497997
[27 INFO root] 0.582089900970459 0.6368462443351746 -1.8486718334910877
[27 INFO root] 0.5815483331680298 0.6349614262580872 -1.8291690928572764
[27 INFO root] 0.5810648798942566 0.6331468224525452 -1.80809938590754
[27 INFO root] 0.5806351900100708 0.6313870549201965 -1.7853078016209936
[27 INFO root] 0.5802564024925232 0.6296676993370056 -1.7606765018919366
[27 INFO root] 0.5799268484115601 0.6279760003089905 -1.734132599865846
[27 INFO root] 0.579646110534668 0.6263006329536438 -1.7056514306003736
[27 INFO root] 0.5794149041175842 0.6246324777603149 -1.6752610262432834
[27 INFO root] 0.5792348384857178 0.6229641437530518 -1.643048274574581
[27 INFO root] 0.5791082978248596 0.6212906837463379 -1.6091652641812517
[27 INFO root] 0.5790380835533142 0.6196094155311584 -1.5738378838042737
[27 INFO root] 0.579026997089386 0.6179201006889343 -1.5373756544180428
[27 INFO root] 0.5790774822235107 0.6162251234054565 -1.5001820087585298
[27 INFO root] 0.5791910886764526 0.6145297884941101 -1.4627627861112718
[27 INFO root] 0.5793675780296326 0.6128433346748352 -1.4256966321452147
[27 INFO root] 0.5796045064926147 0.6111785769462585 -1.3896181885201901
[27 INFO root] 0.5798967480659485 0.6095497608184814 -1.3552302704531611
[27 INFO root] 0.5802366137504578 0.6079710721969604 -1.3232753900567367
[27 INFO root] 0.5806143283843994 0.6064554452896118 -1.2944866347007133
[27 INFO root] 0.5810185670852661 0.605013370513916 -1.2695347068975376
[27 INFO root] 0.5814377665519714 0.6036516427993774 -1.248984687714789
[27 INFO root] 0.5818610787391663 0.6023728251457214 -1.233264045018978
[27 INFO root] 0.5822790861129761 0.6011754274368286 -1.2226520179328724
[27 INFO root] 0.5826845169067383 0.6000543236732483 -1.21728927584241
[27 INFO root] 0.583072304725647 0.5990017056465149 -1.217199250096074
[27 INFO root] 0.5834391117095947 0.59800785779953 -1.2223107030423872
[27 INFO root] 0.5837835073471069 0.5970614552497864 -1.232530417773189
[27 INFO root] 0.5841053128242493 0.596149742603302 -1.2477884103257222
[27 INFO root] 0.5844046473503113 0.5952601432800293 -1.2679506009836734
[27 INFO root] 0.5846813321113586 0.5943809747695923 -1.2927895161525258
[27 INFO root] 0.5849347114562988 0.5935014486312866 -1.3220058747822523
[27 INFO root] 0.5851634740829468 0.5926120281219482 -1.3552426222322467
[27 INFO root] 0.5853652358055115 0.5917048454284668 -1.3920968832078315
[27 INFO root] 0.5855368971824646 0.5907735228538513 -1.432131760228551
[27 INFO root] 0.5856747031211853 0.5898138284683228 -1.4748876087794904
[27 INFO root] 0.5857741236686707 0.5888235569000244 -1.5199609652141188
[27 INFO root] 0.5858306288719177 0.587801456451416 -1.5670512804146413
[27 INFO root] 0.5858393907546997 0.5867461562156677 -1.6158212369192797
[27 INFO root] 0.5857955813407898 0.5856583118438721 -1.6659093860863536
[27 INFO root] 0.585694432258606 0.5845407843589783 -1.716949321965383
[27 INFO root] 0.5855321288108826 0.5833986401557922 -1.7685809914337254
[27 INFO root] 0.5853056907653809 0.5822382569313049 -1.8204607943091047
[27 INFO root] 0.5850134491920471 0.5810674428939819 -1.87226863181558
[27 INFO root] 0.5846552848815918 0.5798944234848022 -1.9237136132290282
[27 INFO root] 0.5842322707176208 0.578727662563324 -1.9745371741367905
[27 INFO root] 0.5837468504905701 0.5775753855705261 -2.0245140312288816
[27 INFO root] 0.5832026600837708 0.5764452219009399 -2.073451655024337
[27 INFO root] 0.5826042890548706 0.5753440260887146 -2.12118843774099
[27 INFO root] 0.5819569826126099 0.5742777585983276 -2.1675910088560024
[27 INFO root] 0.5812665224075317 0.5732512474060059 -2.2125510439519522
[27 INFO root] 0.5805389881134033 0.5722683668136597 -2.255981893907026
[27 INFO root] 0.5797805786132812 0.5713319778442383 -2.2978153409227287
[27 INFO root] 0.5789972543716431 0.570443868637085 -2.3379985770209255
[27 INFO root] 0.5781950354576111 0.5696050524711609 -2.376491524283541
[27 INFO root] 0.577379584312439 0.5688158869743347 -2.413264676972188
[27 INFO root] 0.5765560865402222 0.5680758357048035 -2.448297250904055
[27 INFO root] 0.575729489326477 0.5673839449882507 -2.4815757707881807
[27 INFO root] 0.5749040842056274 0.5667388439178467 -2.513092968027719
[27 INFO root] 0.5740839242935181 0.5661386251449585 -2.542847002276757
[27 INFO root] 0.5732724070549011 0.5655813217163086 -2.570840914888505
[27 INFO root] 0.5724725127220154 0.5650644898414612 -2.597082221507675
[27 INFO root] 0.5716866850852966 0.5645856857299805 -2.621582743171845
[27 INFO root] 0.570917010307312 0.5641424059867859 -2.644358444726478
[27 INFO root] 0.5701650381088257 0.5637319684028625 -2.665429272200059
[27 INFO root] 0.5694319605827332 0.5633518695831299 -2.6848192057994953
[27 INFO root] 0.568718671798706 0.5629995465278625 -2.70255608000485
[27 INFO root] 0.5680254697799683 0.56267249584198 -2.718671482636632
[27 INFO root] 0.5673227906227112 0.5623548626899719 -2.7327150560047944
[27 INFO root] 0.5665952563285828 0.5620384812355042 -2.7443630093329103
[27 INFO root] 0.5658464431762695 0.5617232918739319 -2.7536122235460274
[27 INFO root] 0.5650807619094849 0.5614095330238342 -2.760517628100987
[27 INFO root] 0.5643016695976257 0.5610967874526978 -2.765152634975349
[27 INFO root] 0.5635117292404175 0.560784101486206 -2.767605680611539
[27 INFO root] 0.5627129077911377 0.5604704022407532 -2.7679780872637525
[27 INFO root] 0.561907947063446 0.5601547956466675 -2.7662775862923907
[27 INFO root] 0.5610993504524231 0.5598363876342773 -2.762484683627628
[27 INFO root] 0.5602844953536987 0.5595120787620544 -2.7575035356456827
[27 INFO root] 0.559458315372467 0.5591786503791809 -2.752692101912386
[27 INFO root] 0.5586221814155579 0.5588365197181702 -2.7481607334075515
[27 INFO root] 0.5577778220176697 0.5584864616394043 -2.743880408810347
[27 INFO root] 0.5569266080856323 0.5581293106079102 -2.7398253554032532
[27 INFO root] 0.5560696721076965 0.5577656030654907 -2.7359733386784844
[27 INFO root] 0.5552079081535339 0.5573959350585938 -2.732305977015521
[27 INFO root] 0.5543420314788818 0.5570207238197327 -2.72880893418419
[27 INFO root] 0.5534725785255432 0.5566403269767761 -2.7254719974653923
[27 INFO root] 0.5526000261306763 0.556255042552948 -2.7222891642725844
[27 INFO root] 0.5517247319221497 0.5558652281761169 -2.7192587162537976
[27 INFO root] 0.5508471131324768 0.5554711818695068 -2.7163868567669005
[27 INFO root] 0.5499679446220398 0.5550733208656311 -2.713689205059828
[27 INFO root] 0.5490880012512207 0.5546723008155823 -2.711189720222289
[27 INFO root] 0.5482083559036255 0.5542687177658081 -2.7089191472356355
[27 INFO root] 0.5473299026489258 0.5538632273674011 -2.706913651730801
[27 INFO root] 0.5464535355567932 0.5534565448760986 -2.705213704275673
[27 INFO root] 0.5455800294876099 0.5530493855476379 -2.703863193314155
[27 INFO root] 0.544710099697113 0.5526424050331116 -2.702908685238014
[27 INFO root] 0.5438443422317505 0.5522362589836121 -2.7023988466184
[27 INFO root] 0.5429830551147461 0.5518317222595215 -2.702384001864582
[27 INFO root] 0.5421265363693237 0.5514293313026428 -2.7029157887252433
[27 INFO root] 0.541276216506958 0.5510303378105164 -2.7037923479606043
[27 INFO root] 0.5404332280158997 0.5506356358528137 -2.704822337787233
[27 INFO root] 0.5395975112915039 0.5502454042434692 -2.70598883711235
[27 INFO root] 0.538769006729126 0.5498596429824829 -2.7072923331363508
[27 INFO root] 0.537947416305542 0.5494784116744995 -2.7087317827393993
[27 INFO root] 0.5371323227882385 0.5491016507148743 -2.7103045623510003
[27 INFO root] 0.536323070526123 0.5487291216850281 -2.7120034673399718
[27 INFO root] 0.5355186462402344 0.5483604073524475 -2.713813046331686
[27 INFO root] 0.5347176790237427 0.5479950308799744 -2.7157132089318057
[27 INFO root] 0.5339186191558838 0.5476323366165161 -2.7176802098409323
[27 INFO root] 0.5331198573112488 0.547271728515625 -2.7196869435179036
[27 INFO root] 0.5323196649551392 0.5469123125076294 -2.7217034364345616
[27 INFO root] 0.5315161943435669 0.5465534329414368 -2.723697560521646
[27 INFO root] 0.5307076573371887 0.5461942553520203 -2.725635925104442
[27 INFO root] 0.5298923850059509 0.5458338856697083 -2.727484907674835
[27 INFO root] 0.5290687084197998 0.5454716682434082 -2.729211781272227
[27 INFO root] 0.5282352566719055 0.5451068878173828 -2.730785988783334
[27 INFO root] 0.5273908972740173 0.5447389483451843 -2.732180698851182
[27 INFO root] 0.5265347361564636 0.5443673133850098 -2.733373958844356
[27 INFO root] 0.525666356086731 0.5439916253089905 -2.734348435984194
[27 INFO root] 0.5247853994369507 0.543611466884613 -2.735091678366576
[27 INFO root] 0.5238919258117676 0.5432267785072327 -2.7355969746048125
[27 INFO root] 0.5229862928390503 0.5428374409675598 -2.7358644461210346
[27 INFO root] 0.5220692753791809 0.5424435138702393 -2.735901305503253
[27 INFO root] 0.521150529384613 0.5420488715171814 -2.735902693243475
[27 INFO root] 0.5202316641807556 0.5416542291641235 -2.735902693243475
[27 INFO root] 0.519312858581543 0.5412595868110657 -2.735902693243475
[27 INFO root] 0.5183940529823303 0.540864884853363 -2.735902693243475
[27 INFO root] 0.5174751877784729 0.5404702425003052 -2.735902693243475
[27 INFO root] 0.5165563821792603 0.5400756001472473 -2.735902693243475
[27 INFO root] 0.5156375169754028 0.5396809577941895 -2.735902693243475
[27 INFO root] 0.5147187113761902 0.5392863154411316 -2.735902693243475
[27 INFO root] 0.5137999057769775 0.538891613483429 -2.735902693243475
[27 INFO root] 0.5128810405731201 0.5384969711303711 -2.735902693243475
[27 INFO root] 0.5119622349739075 0.5381023287773132 -2.735902693243475
[27 INFO root] 0.51104336977005 0.5377076864242554 -2.735902693243475
[27 INFO root] 0.5101245641708374 0.5373130440711975 -2.735902693243475
[27 INFO root] 0.50920569896698 0.5369184017181396 -2.735902693243475
[27 INFO root] 0.5082868933677673 0.536523699760437 -2.735902693243475
[27 INFO root] 0.5074532628059387 0.5361656546592712 -2.7337675690973935
[27 INFO root] 0.5067285895347595 0.5358527898788452 -2.728884982437048
[27 INFO root] 0.5061070322990417 0.5355810523033142 -2.7213449750688037
[27 INFO root] 0.5055807828903198 0.5353463888168335 -2.7112516623652922
[27 INFO root] 0.5051420331001282 0.53514564037323 -2.6986743924297145
[27 INFO root] 0.5047831535339355 0.534976065158844 -2.683658359089397
[27 INFO root] 0.5044963359832764 0.5348353385925293 -2.666232492679389
[27 INFO root] 0.5042737126350403 0.5347213745117188 -2.646415203442097
[27 INFO root] 0.5041070580482483 0.5346319675445557 -2.624218385411831
[27 INFO root] 0.5039883255958557 0.5345647931098938 -2.5996474187022462
[27 INFO root] 0.5039092302322388 0.5345175862312317 -2.572703296626895
[27 INFO root] 0.5038617849349976 0.5344875454902649 -2.5433852120487117
[27 INFO root] 0.5038378834724426 0.5344714522361755 -2.5116920651570505
[27 INFO root] 0.5038297772407532 0.5344656109809875 -2.477622928390715
[27 INFO root] 0.5038300156593323 0.5344658493995667 -2.4411768555448043
[27 INFO root] 0.5038313269615173 0.5344669222831726 -2.402362345351444
[27 INFO root] 0.5038271546363831 0.5344631671905518 -2.3611855012425838
[27 INFO root] 0.5038120150566101 0.5344482064247131 -2.3176468747187746
[27 INFO root] 0.5037813186645508 0.5344151854515076 -2.2717426704951875
[27 INFO root] 0.5037315487861633 0.5343565344810486 -2.2234669980373356
[27 INFO root] 0.5036604404449463 0.5342641472816467 -2.172815453876984
[27 INFO root] 0.5035669207572937 0.5341291427612305 -2.1197899264380267
[27 INFO root] 0.5034513473510742 0.5339418649673462 -2.0644047389873617
[27 INFO root] 0.5033154487609863 0.533691942691803 -2.006698486567941
[27 INFO root] 0.5031632781028748 0.533369243144989 -1.9467142101422692
[27 INFO root] 0.5030007362365723 0.5329632759094238 -1.8845353745301496
[27 INFO root] 0.5028356313705444 0.5324633717536926 -1.8203046070245408
[27 INFO root] 0.5026781558990479 0.531859278678894 -1.7542361725034135
[27 INFO root] 0.5025407671928406 0.5311418175697327 -1.6866271884771353
[27 INFO root] 0.5024381875991821 0.5303037762641907 -1.6178662063968507
[27 INFO root] 0.5023869872093201 0.5293411016464233 -1.5484367875104526
[27 INFO root] 0.502404510974884 0.5282537341117859 -1.4789134314420052
[27 INFO root] 0.5025081038475037 0.5270463824272156 -1.409947517559935
[27 INFO root] 0.5027132630348206 0.5257291197776794 -1.3422420524591296
[27 INFO root] 0.5030323266983032 0.5243173837661743 -1.2765160342822037
[27 INFO root] 0.5034728050231934 0.5228309631347656 -1.2134617920632698
[27 INFO root] 0.5040367245674133 0.5212925672531128 -1.1537006229008253
[27 INFO root] 0.5047199130058289 0.5197263360023499 -1.0977458545119596
[27 INFO root] 0.5055128335952759 0.5181559920310974 -1.045976478232463
[27 INFO root] 0.5064013600349426 0.5166031718254089 -0.9986255080218072
[27 INFO root] 0.507368266582489 0.5150861740112305 -0.9557836428603993
[27 INFO root] 0.5083948969841003 0.5136194825172424 -0.9174155146076799
[27 INFO root] 0.5094625949859619 0.5122135877609253 -0.8833838939314858
[27 INFO root] 0.5105537176132202 0.5108750462532043 -0.8534768702277179
[27 INFO root] 0.5116527080535889 0.5096073746681213 -0.8274338727878441
[27 INFO root] 0.5127463340759277 0.5084113478660583 -0.804967831203284
[27 INFO root] 0.5138236880302429 0.5072857141494751 -0.7857822088481655
[27 INFO root] 0.5148765444755554 0.5062278509140015 -0.769582750421041
[27 INFO root] 0.5158990025520325 0.505233883857727 -0.7560844742596503
[27 INFO root] 0.5168872475624084 0.5042992830276489 -0.7450147789888142
[27 INFO root] 0.5178394317626953 0.5034189820289612 -0.7361136454065554
[27 INFO root] 0.5187554955482483 0.5025874972343445 -0.7291319125277599
[27 INFO root] 0.519636869430542 0.5017990469932556 -0.7238285654390326
[27 INFO root] 0.5204861164093018 0.5010475516319275 -0.7199679187132295
[27 INFO root] 0.521307110786438 0.500326931476593 -0.7173174984065983
[27 INFO root] 0.5221044421195984 0.49963104724884033 -0.7156473438116383
[27 INFO root] 0.5228830575942993 0.4989538788795471 -0.7147314636627036
[27 INFO root] 0.523648202419281 0.4982897639274597 -0.7143513007838691
[27 INFO root] 0.5244050025939941 0.4976334571838379 -0.7143006242417739
[27 INFO root] 0.5251606106758118 0.4969783127307892 -0.7142986465029101
[27 INFO root] 0.5259161591529846 0.49632322788238525 -0.7142986465029101
[27 INFO root] 0.5266740322113037 0.49566614627838135 -0.7142078174654046
[27 INFO root] 0.5274386405944824 0.4950033128261566 -0.713852395581316
[27 INFO root] 0.528212308883667 0.49433308839797974 -0.7131443681921295
[27 INFO root] 0.5289965271949768 0.49365463852882385 -0.7120318522289566
[27 INFO root] 0.5297921299934387 0.49296778440475464 -0.7104911705838974
[27 INFO root] 0.5305995345115662 0.49227291345596313 -0.7085251962885544
[27 INFO root] 0.53141850233078 0.4915708005428314 -0.7061577852940365
[27 INFO root] 0.5322485566139221 0.49086257815361023 -0.7034271999212512
[27 INFO root] 0.5330889225006104 0.4901493787765503 -0.7003800439797081
[27 INFO root] 0.5339388847351074 0.4894324839115143 -0.6970662029206828
[27 INFO root] 0.5347975492477417 0.4887130558490753 -0.6935349148428334
[27 INFO root] 0.5356640815734863 0.48799219727516174 -0.6898319327873844
[27 INFO root] 0.5365378260612488 0.4872707724571228 -0.6859976637392446
[27 INFO root] 0.537418007850647 0.48654964566230774 -0.6820661391299138
[27 INFO root] 0.5383042693138123 0.4858293831348419 -0.6780646651468734
[27 INFO root] 0.5391960740089417 0.48511046171188354 -0.6740140079705716
[27 INFO root] 0.5400932431221008 0.4843932092189789 -0.6699289820698694
[27 INFO root] 0.5409955978393555 0.48367780447006226 -0.6658193243577345
[27 INFO root] 0.5419030785560608 0.4829643964767456 -0.6616907508600725
[27 INFO root] 0.5428157448768616 0.48225298523902893 -0.657546104655627
[27 INFO root] 0.5437336564064026 0.4815436005592346 -0.6533865143633343
[27 INFO root] 0.5446568727493286 0.4808362126350403 -0.6492124921941452
[27 INFO root] 0.5455855131149292 0.4801308214664459 -0.6450249105773979
[27 INFO root] 0.5465195775032043 0.47942742705345154 -0.6408258075172361
[27 INFO root] 0.5474591255187988 0.4787260890007019 -0.6366189836535124
[27 INFO root] 0.5484039783477783 0.4780269265174866 -0.6324103684669088
[27 INFO root] 0.549354076385498 0.4773300886154175 -0.6282081486040297
[27 INFO root] 0.5503090023994446 0.47663581371307373 -0.6240226674242221
[27 INFO root] 0.5512685179710388 0.4759443402290344 -0.6198661193345949
[27 INFO root] 0.5522320866584778 0.4752560555934906 -0.6157520734128902
[27 INFO root] 0.5531991720199585 0.47457122802734375 -0.6116948707063528
[27 INFO root] 0.5541691780090332 0.4738902151584625 -0.6077089483557919
[27 INFO root] 0.5551415085792542 0.4732133746147156 -0.6038081495041634
[27 INFO root] 0.556115448474884 0.47254103422164917 -0.6000050794913658
[27 INFO root] 0.5570904612541199 0.4718734622001648 -0.596310565738977
[27 INFO root] 0.5580659508705139 0.4712108373641968 -0.5927332712209048
[27 INFO root] 0.5590413212776184 0.4705533981323242 -0.5892794999395615
[27 INFO root] 0.5600161552429199 0.4699012041091919 -0.5859543894695055
[27 INFO root] 0.5609899759292603 0.46925440430641174 -0.5827615452712841
[27 INFO root] 0.561962366104126 0.46861302852630615 -0.5797030786977798
[27 INFO root] 0.5629330277442932 0.4679771065711975 -0.5767798617176483
[27 INFO root] 0.5639015436172485 0.46734657883644104 -0.5739917570010017
[27 INFO root] 0.5648676753044128 0.46672147512435913 -0.5713379556725672
[27 INFO root] 0.565831184387207 0.466101735830307 -0.568817276041709
[27 INFO root] 0.5667917728424072 0.4654872715473175 -0.5664283498861616
[27 INFO root] 0.5677492618560791 0.46487805247306824 -0.5641697101706382
[27 INFO root] 0.5687033534049988 0.46427401900291443 -0.5620398102415355
[27 INFO root] 0.5696538090705872 0.4636751413345337 -0.5600370001547081
[27 INFO root] 0.5706002712249756 0.463081419467926 -0.5581635312468454
[27 INFO root] 0.5715422034263611 0.46249306201934814 -0.5564239083366783
[27 INFO root] 0.5724789500236511 0.4619101881980896 -0.5548223950089604
[27 INFO root] 0.5734100937843323 0.46133288741111755 -0.5533616715728605
[27 INFO root] 0.5743353366851807 0.460761159658432 -0.5520418366892235
[27 INFO root] 0.575254499912262 0.460194855928421 -0.55085961325649
[27 INFO root] 0.5761677622795105 0.4596337080001831 -0.5498078406194135
[27 INFO root] 0.5770754218101501 0.4590773284435272 -0.5488753150545277
[27 INFO root] 0.5779781341552734 0.458525151014328 -0.5480469950134564
[27 INFO root] 0.5788768529891968 0.45797646045684814 -0.5473045672227351
[27 INFO root] 0.5797725915908813 0.45743048191070557 -0.5466273523063395
[27 INFO root] 0.580666720867157 0.456886351108551 -0.5459935098277359
[27 INFO root] 0.581560492515564 0.4563432037830353 -0.5453814836811284
[27 INFO root] 0.5824551582336426 0.45580026507377625 -0.544771608578085
[27 INFO root] 0.5833522081375122 0.4552566707134247 -0.544143414574307
[27 INFO root] 0.5842528343200684 0.4547116458415985 -0.5434814009511783
[27 INFO root] 0.5851578116416931 0.4541648030281067 -0.5427780891359498
[27 INFO root] 0.5860673785209656 0.45361605286598206 -0.5420350898028181
[27 INFO root] 0.5869810581207275 0.4530657231807709 -0.5412633314355815
[27 INFO root] 0.587897777557373 0.45251452922821045 -0.5404825109264
[27 INFO root] 0.5888157486915588 0.4519636034965515 -0.5397197286327592
[27 INFO root] 0.5897323489189148 0.45141440629959106 -0.5390073827301254
[27 INFO root] 0.5906444787979126 0.45086878538131714 -0.5383804996343325
[27 INFO root] 0.5915486812591553 0.4503287076950073 -0.5378738313326921
[27 INFO root] 0.5924409627914429 0.4497963488101959 -0.5375190836038601
[27 INFO root] 0.593317449092865 0.44927385449409485 -0.5373425962996479
[27 INFO root] 0.5941780805587769 0.4487610459327698 -0.5373267559540184
[27 INFO root] 0.5950371623039246 0.4482491910457611 -0.5373267559540184
[27 INFO root] 0.5958962440490723 0.44773736596107483 -0.5373267559540184
[27 INFO root] 0.59675532579422 0.44722551107406616 -0.5373267559540184
[27 INFO root] 0.5976144075393677 0.4467136859893799 -0.5373267559540184
[27 INFO root] 0.5984655022621155 0.44620662927627563 -0.5366578060396645
[27 INFO root] 0.5992870330810547 0.44571778178215027 -0.533441664227901
[27 INFO root] 0.6000779271125793 0.44525039196014404 -0.5273360842076766
[27 INFO root] 0.6008395552635193 0.44480618834495544 -0.5181567660883012
[27 INFO root] 0.6015738844871521 0.4443866014480591 -0.5056785509853641
[27 INFO root] 0.6022832989692688 0.44399261474609375 -0.4896330685033238
[27 INFO root] 0.6029707789421082 0.4436247646808624 -0.46971038278684424
[27 INFO root] 0.603640615940094 0.4432830214500427 -0.44556498409060075
[27 INFO root] 0.6042985320091248 0.4429668188095093 -0.41682749849281175
[27 INFO root] 0.6049522757530212 0.44267508387565613 -0.38312333203105664
[27 INFO root] 0.6056122183799744 0.4424065053462982 -0.34409908109740617
[27 INFO root] 0.6062918305397034 0.4421599805355072 -0.2994568403200794
[27 INFO root] 0.607008159160614 0.4419354498386383 -0.24899514920136312
[27 INFO root] 0.6077815294265747 0.4417348802089691 -0.19265425802114153
[27 INFO root] 0.6086351871490479 0.4415637254714966 -0.13056254154575014
[27 INFO root] 0.6095940470695496 0.44143232703208923 -0.06307986952765245
[27 INFO root] 0.6106822490692139 0.44135698676109314 0.00916765312270941
[27 INFO root] 0.6119203567504883 0.44136038422584534 0.08526902482976297
[27 INFO root] 0.6133214235305786 0.44147056341171265 0.16403502855296537
[27 INFO root] 0.6148878931999207 0.44171851873397827 0.24403975724024896
[27 INFO root] 0.6166087985038757 0.4421338140964508 0.323702928081835
[27 INFO root] 0.6184594631195068 0.44273969531059265 0.4014099805423476
[27 INFO root] 0.6204037070274353 0.4435483515262604 0.4756538805693421
[27 INFO root] 0.6223983764648438 0.44455811381340027 0.5451708193558743
[27 INFO root] 0.6243988275527954 0.4457530677318573 0.609039090048224
[27 INFO root] 0.6263644695281982 0.44710585474967957 0.666720250214655
[27 INFO root] 0.6282622218132019 0.4485817551612854 0.718040219011529
[27 INFO root] 0.6300684809684753 0.45014330744743347 0.7631254958736453
[27 INFO root] 0.6317684650421143 0.4517543613910675 0.8023181038883176
[27 INFO root] 0.6333553194999695 0.4533826410770416 0.8360909453853522
[27 INFO root] 0.6348279714584351 0.45500126481056213 0.8649772729520747
[27 INFO root] 0.6361899375915527 0.45658957958221436 0.8895518898889634
[27 INFO root] 0.637447714805603 0.45813289284706116 0.9103726610100173
[27 INFO root] 0.6386089324951172 0.4596210718154907 0.9279385658087494
[27 INFO root] 0.6396816372871399 0.4610477387905121 0.9426830822313558
[27 INFO root] 0.6406736969947815 0.4624094069004059 0.9549783047509549
[27 INFO root] 0.641592800617218 0.4637047052383423 0.965141719970546
[27 INFO root] 0.6424461007118225 0.4649341106414795 0.9734436810471863
[27 INFO root] 0.6432401537895203 0.46609917283058167 0.9801147262842873
[27 INFO root] 0.6439811587333679 0.4672025740146637 0.9853523451390577
[27 INFO root] 0.6446747779846191 0.46824753284454346 0.989326999024274
[27 INFO root] 0.6453262567520142 0.46923789381980896 0.9921874594808991
[27 INFO root] 0.6459406614303589 0.47017788887023926 0.9940655738240144
[27 INFO root] 0.6465226411819458 0.47107210755348206 0.9950805626225592
[27 INFO root] 0.6470766663551331 0.4719255268573761 0.9953450771068785
[27 INFO root] 0.6475877165794373 0.47271332144737244 0.9963068155676281
[27 INFO root] 0.6480602622032166 0.4734431207180023 0.998287882787161
[27 INFO root] 0.6484969854354858 0.4741203784942627 1.0012471316151674
[27 INFO root] 0.648900032043457 0.47474944591522217 1.005130337850427
[27 INFO root] 0.6492717266082764 0.4753343462944031 1.0098935180144326
[27 INFO root] 0.6496140956878662 0.4758787155151367 1.0155015086072294
[27 INFO root] 0.6499292850494385 0.47638607025146484 1.0219264923213562
[27 INFO root] 0.6502192616462708 0.47685950994491577 1.0291472294083495
[27 INFO root] 0.6504983901977539 0.47732266783714294 1.037479674346968
[27 INFO root] 0.6507860422134399 0.47780904173851013 1.047423964446048
[27 INFO root] 0.6510841846466064 0.4783245623111725 1.0590923870973812
[27 INFO root] 0.6513912677764893 0.4788699150085449 1.072518555859577
[27 INFO root] 0.651704728603363 0.479444295167923 1.0877023287494298
[27 INFO root] 0.6520212888717651 0.4800456166267395 1.104614797522877
[27 INFO root] 0.6523371338844299 0.4806707799434662 1.1232056149527136
[27 INFO root] 0.6526482701301575 0.4813159108161926 1.1434117492152969
[27 INFO root] 0.6529507637023926 0.4819764792919159 1.1651665063161134
[27 INFO root] 0.6532407999038696 0.4826478362083435 1.188407461672829
[27 INFO root] 0.653515100479126 0.48332536220550537 1.2130826292131958
[27 INFO root] 0.6537709832191467 0.4840046763420105 1.2391547273844434
[27 INFO root] 0.6540061831474304 0.4846819043159485 1.2666033357746074
[27 INFO root] 0.6542192101478577 0.48535385727882385 1.295425057588189
[27 INFO root] 0.6544089913368225 0.4860180914402008 1.3256329017908317
[27 INFO root] 0.6545749306678772 0.48667293787002563 1.3572544751376965
[27 INFO root] 0.6547169089317322 0.4873175323009491 1.3903299028228953
[27 INFO root] 0.6548348665237427 0.48795178532600403 1.4249098748538132
[27 INFO root] 0.6549288630485535 0.48857635259628296 1.46105332042432
[27 INFO root] 0.6549990773200989 0.4891929030418396 1.498823090642089
[27 INFO root] 0.655045747756958 0.4898071587085724 1.5382557207089753
[27 INFO root] 0.6550682783126831 0.49042508006095886 1.5793780149016676
[27 INFO root] 0.6550654172897339 0.49105212092399597 1.622212859172978
[27 INFO root] 0.655035138130188 0.49169307947158813 1.6667791323957697
[27 INFO root] 0.6549745798110962 0.49235227704048157 1.7130899263200297
[27 INFO root] 0.6548801064491272 0.4930332899093628 1.7611551355319237
[27 INFO root] 0.654747486114502 0.4937390685081482 1.8109792516870613
[27 INFO root] 0.6545715928077698 0.4944722652435303 1.8625519576185239
[27 INFO root] 0.6543465256690979 0.4952352046966553 1.9158381013473365
[27 INFO root] 0.6540654301643372 0.4960300028324127 1.9707675467303065
[27 INFO root] 0.6537203788757324 0.4968581199645996 2.0272245377696
[27 INFO root] 0.6533027291297913 0.49772024154663086 2.0850361176593313
[27 INFO root] 0.6528031826019287 0.4986158609390259 2.143961806099404
[27 INFO root] 0.6522120833396912 0.49954283237457275 2.20368442785696
[27 INFO root] 0.6515201926231384 0.5004972219467163 2.2638036021921426
[27 INFO root] 0.6507192850112915 0.5014728903770447 2.3238349265805103
[27 INFO root] 0.6498029232025146 0.5024617314338684 2.3832153424072007
[27 INFO root] 0.6487675905227661 0.5034536719322205 2.441316903776649
[27 INFO root] 0.6476134061813354 0.5044373273849487 2.497469309390422
[27 INFO root] 0.6463445425033569 0.5054008960723877 2.550989987469686
[27 INFO root] 0.6449694037437439 0.5063331127166748 2.6012187934820905
[27 INFO root] 0.6435011029243469 0.5072237849235535 2.647654360720189
[27 INFO root] 0.6419553160667419 0.5080652236938477 2.689923349894287
[27 INFO root] 0.6403493285179138 0.5088526010513306 2.7277372252729153
[27 INFO root] 0.638706624507904 0.5095815062522888 2.760638020484809
[27 INFO root] 0.6371533870697021 0.5102099776268005 2.784447714311011
[27 INFO root] 0.6357132196426392 0.5107516050338745 2.799463604907209
[27 INFO root] 0.6343877911567688 0.5112260580062866 2.8064973270765243
[27 INFO root] 0.633171558380127 0.5116506218910217 2.8062601957238424
[27 INFO root] 0.632054328918457 0.5120398998260498 2.7993481929056885
[27 INFO root] 0.6310234665870667 0.5124063491821289 2.7862426248772443
[27 INFO root] 0.6300649642944336 0.5127605199813843 2.7673200097187722
[27 INFO root] 0.6291645169258118 0.5131121277809143 2.742866357291937
[27 INFO root] 0.6283079981803894 0.5134704113006592 2.713096104630351
[27 INFO root] 0.6274816989898682 0.5138448476791382 2.6781738308141874
[27 INFO root] 0.6266727447509766 0.5142455697059631 2.6382394929225566
[27 INFO root] 0.62586909532547 0.5146840214729309 2.5934380690854293
[27 INFO root] 0.6250601410865784 0.515173077583313 2.543953753946796
[27 INFO root] 0.6242372989654541 0.5157275199890137 2.4900485870833853
[27 INFO root] 0.623394787311554 0.516363263130188 2.43210413878443
[27 INFO root] 0.6225796341896057 0.5170551538467407 2.3708071151957
[27 INFO root] 0.6217959523200989 0.517807126045227 2.3066337278233395
[27 INFO root] 0.6210439205169678 0.5186272263526917 2.240137245651532
[27 INFO root] 0.6203278303146362 0.5195203423500061 2.1719788268202787
[27 INFO root] 0.6196556687355042 0.52048659324646 2.1028937606040325
[27 INFO root] 0.6190374493598938 0.5215205550193787 2.033640458541463
[27 INFO root] 0.61848384141922 0.5226113200187683 1.9649417252095616
[27 INFO root] 0.6180039048194885 0.5237433314323425 1.8974323734254601
[27 INFO root] 0.6176038384437561 0.5248983502388 1.8316223157631317
[27 INFO root] 0.617286205291748 0.5260573625564575 1.7678797265733677
[27 INFO root] 0.6170497536659241 0.527202308177948 1.7064625764112404
[27 INFO root] 0.6168904304504395 0.5283167958259583 1.647541097129117
[27 INFO root] 0.6168015003204346 0.5293871164321899 1.5912146605445852
[27 INFO root] 0.6167747378349304 0.5304027199745178 1.5375297723199401
[27 INFO root] 0.6168010234832764 0.5313563942909241 1.4864994278327932
[27 INFO root] 0.616871178150177 0.5322439670562744 1.4381204147175708
[27 INFO root] 0.616976261138916 0.5330637693405151 1.3923864898700968
[27 INFO root] 0.617108166217804 0.5338160991668701 1.3492983741819433
[27 INFO root] 0.6172593832015991 0.5345026850700378 1.3088709785498558
[27 INFO root] 0.6174235939979553 0.5351260304450989 1.2711368645756178
[27 INFO root] 0.6175950765609741 0.535689115524292 1.236147590542097
[27 INFO root] 0.6177688241004944 0.5361950993537903 1.2039726245517437
[27 INFO root] 0.6179406046867371 0.5366469025611877 1.1746973634345432
[27 INFO root] 0.6181066632270813 0.5370475649833679 1.1484206283764051
[27 INFO root] 0.6182690858840942 0.5374118089675903 1.1255919336769316
[27 INFO root] 0.6184313893318176 0.5377539992332458 1.1068102610073838
[27 INFO root] 0.6185895204544067 0.5380715727806091 1.092293917428981
[27 INFO root] 0.6187389492988586 0.5383607149124146 1.0822123394771768
[27 INFO root] 0.6188758611679077 0.5386190414428711 1.0767335398765814
[27 INFO root] 0.6189976930618286 0.5388455390930176 1.076013827599093
[27 INFO root] 0.6190938353538513 0.539023756980896 1.0771561717950753
[27 INFO root] 0.6191640496253967 0.5391542315483093 1.0795926851299074
[27 INFO root] 0.6192105412483215 0.5392410755157471 1.0832711285990735
[27 INFO root] 0.6192355155944824 0.5392881035804749 1.0881748580372683
[27 INFO root] 0.6192413568496704 0.5392991900444031 1.0942989781483248
[27 INFO root] 0.6192302703857422 0.5392776727676392 1.1016493416956055
[27 INFO root] 0.6192044615745544 0.5392268896102905 1.110241223355775
[27 INFO root] 0.6191661953926086 0.5391497611999512 1.1200988074560525
[27 INFO root] 0.6191174387931824 0.5390492677688599 1.1312547797679562
[27 INFO root] 0.6190603375434875 0.5389280915260315 1.1437501251316686
[27 INFO root] 0.6189967393875122 0.5387887358665466 1.1576342744222046
[27 INFO root] 0.6189285516738892 0.5386337637901306 1.172964989328059
[27 INFO root] 0.6188575625419617 0.5384654998779297 1.1898087771653347
[27 INFO root] 0.6187854409217834 0.5382862687110901 1.2082409562402823
[27 INFO root] 0.6187138557434082 0.5380985736846924 1.2283458394991593
[27 INFO root] 0.6186442971229553 0.537904679775238 1.2502172049494056
[27 INFO root] 0.6185782551765442 0.5377072095870972 1.2739581626267584
[27 INFO root] 0.6185170412063599 0.5375088453292847 1.299681080456911
[27 INFO root] 0.6184619069099426 0.5373123288154602 1.3275209671806403
[27 INFO root] 0.6184135675430298 0.5371201038360596 1.357651181726097
[27 INFO root] 0.6183729767799377 0.5369352698326111 1.3902623087513817
[27 INFO root] 0.6183406114578247 0.536761462688446 1.4255579741284365
[27 INFO root] 0.6183168888092041 0.5366032719612122 1.463754322824795
[27 INFO root] 0.618301510810852 0.5364661812782288 1.5050797610701103
[27 INFO root] 0.6182947754859924 0.5363718867301941 1.5485072719767063
[27 INFO root] 0.6182934045791626 0.5363292694091797 1.5936396516912568
[27 INFO root] 0.6182929873466492 0.5363407135009766 1.6405019185510787
[27 INFO root] 0.6182883381843567 0.5364081263542175 1.6891503462887396
[27 INFO root] 0.6182737946510315 0.5365335941314697 1.7396311172587344
[27 INFO root] 0.6182428002357483 0.5367193818092346 1.7919762497904845
[27 INFO root] 0.6181880235671997 0.5369676947593689 1.8461983493308105
[27 INFO root] 0.6181011199951172 0.5372804403305054 1.9022847622415056
[27 INFO root] 0.617972731590271 0.5376591682434082 1.9601906251136767
[27 INFO root] 0.6177924871444702 0.5381045341491699 2.0198317338349887
[27 INFO root] 0.6175492405891418 0.5386161208152771 2.0810768549812813
[27 INFO root] 0.6172309517860413 0.5391919612884521 2.143741025616884
[27 INFO root] 0.616825520992279 0.5398281216621399 2.2075792871365154
[27 INFO root] 0.6163209676742554 0.5405185222625732 2.2722835844458045
[27 INFO root] 0.6157063841819763 0.5412546992301941 2.3374827850938833
[27 INFO root] 0.6149725914001465 0.542025625705719 2.40274777398292
[27 INFO root] 0.6141129732131958 0.5428181290626526 2.467601302574755
[27 INFO root] 0.613124668598175 0.5436173677444458 2.5315335639018763
[27 INFO root] 0.6120085716247559 0.5444074869155884 2.594023339842815
[27 INFO root] 0.6107701659202576 0.5451727509498596 2.6545606987043544
[27 INFO root] 0.6094191074371338 0.5458982586860657 2.7126715834022925
[27 INFO root] 0.6079689264297485 0.5465713143348694 2.7679390122995713
[27 INFO root] 0.606436014175415 0.5471817851066589 2.8200205400099274
[27 INFO root] 0.6048389077186584 0.5477229356765747 2.8686582049911236
[27 INFO root] 0.6031967401504517 0.5481911897659302 2.9136825441949656
[27 INFO root] 0.6015284061431885 0.5485860109329224 2.955008623312831
[27 INFO root] 0.5998517274856567 0.5489097237586975 2.992627227889805
[27 INFO root] 0.5981826782226562 0.549166738986969 3.0265931558679857
[27 INFO root] 0.5965350270271301 0.54936283826828 3.0570113808340262
[27 INFO root] 0.5949203372001648 0.5495047569274902 3.0840230805258733
[27 INFO root] 0.5933476686477661 0.5495997667312622 3.1077933400454096
[27 INFO root] 0.5918240547180176 0.549655020236969 3.128500341284188
[27 INFO root] 0.5903544425964355 0.5496774315834045 -3.1368585605769987
[27 INFO root] 0.5889421105384827 0.549673318862915 -3.121732320843041
[27 INFO root] 0.5875889658927917 0.5496485829353333 -3.1091329038475837
[27 INFO root] 0.5862956047058105 0.5496082901954651 -3.0988968987948957
[27 INFO root] 0.58506178855896 0.5495569109916687 -3.0908731625994914
[27 INFO root] 0.5838865637779236 0.5494982600212097 -3.0849236003024556
[27 INFO root] 0.5827682614326477 0.5494354963302612 -3.0809234174343048
[27 INFO root] 0.58170485496521 0.5493713617324829 -3.078761212175553
[27 INFO root] 0.5806940197944641 0.5493080019950867 -3.0783382428326256
[27 INFO root] 0.5796952247619629 0.54924476146698 -3.0783132407735834
[27 INFO root] 0.5786972641944885 0.5491815209388733 -3.0783132407735834
[27 INFO root] 0.5776992440223694 0.5491182804107666 -3.0783132407735834
[27 INFO root] 0.576701283454895 0.5490550398826599 -3.0783132407735834
[27 INFO root] 0.5757032632827759 0.5489917993545532 -3.0783132407735834
[27 INFO root] 0.5747052431106567 0.5489285588264465 -3.0783132407735834
[27 INFO root] 0.5737072825431824 0.5488653182983398 -3.0783132407735834
[27 INFO root] 0.5727092623710632 0.5488020777702332 -3.0783132407735834
[27 INFO root] 0.5717112421989441 0.5487388372421265 -3.0783132407735834
[27 INFO root] 0.5707132816314697 0.5486756563186646 -3.0783132407735834
[27 INFO root] 0.5697152614593506 0.5486124157905579 -3.0783132407735834
[27 INFO root] 0.5687172412872314 0.5485491752624512 -3.0783132407735834
[27 INFO root] 0.5677192807197571 0.5484859347343445 -3.0783132407735834
[27 INFO root] 0.5667237043380737 0.5484228134155273 -3.078342956803404
[27 INFO root] 0.565733015537262 0.5483601093292236 -3.07843183403401
[27 INFO root] 0.5647460222244263 0.548297643661499 -3.0785648455598142
[27 INFO root] 0.5637611746788025 0.5482354760169983 -3.078724333790133
[27 INFO root] 0.5627774000167847 0.5481735467910767 -3.0788956855578875
[27 INFO root] 0.5617936253547668 0.5481117367744446 -3.0790671896282746
[27 INFO root] 0.5608091354370117 0.5480501055717468 -3.079229804256115
[27 INFO root] 0.5598233342170715 0.5479885339736938 -3.079376921371683
[27 INFO root] 0.5588359236717224 0.5479270219802856 -3.0795041263296756
[27 INFO root] 0.5578466057777405 0.5478655099868774 -3.079608952760142
[27 INFO root] 0.5568553805351257 0.5478039383888245 -3.0796906336205554
[27 INFO root] 0.5558622479438782 0.5477424263954163 -3.0797498507477625
[27 INFO root] 0.5548673868179321 0.5476807951927185 -3.079788486033097
[27 INFO root] 0.5538710951805115 0.547619104385376 -3.079809377813972
[27 INFO root] 0.5528735518455505 0.5475574135780334 -3.0798160862261135
[27 INFO root] 0.5518754720687866 0.5474956631660461 -3.0798166188636187
[27 INFO root] 0.5508773922920227 0.5474339723587036 -3.0798166188636187
[27 INFO root] 0.5498793125152588 0.5473722219467163 -3.0798166188636187
[27 INFO root] 0.5488812327384949 0.547310471534729 -3.0798166188636187
[27 INFO root] 0.5478830933570862 0.5472487211227417 -3.0798166188636187
[27 INFO root] 0.5468850135803223 0.5471870303153992 -3.0798166188636187
[27 INFO root] 0.5458869338035583 0.5471252799034119 -3.0798166188636187
[27 INFO root] 0.5448888540267944 0.5470635294914246 -3.0798166188636187
[27 INFO root] 0.5438909530639648 0.5470017790794373 -3.079818685700744
[27 INFO root] 0.5428931713104248 0.5469400882720947 -3.079823031522644
[27 INFO root] 0.5418956279754639 0.5468783974647522 -3.0798293394689056
[27 INFO root] 0.5408982038497925 0.5468167066574097 -3.079837302047652
[27 INFO root] 0.5399008989334106 0.5467550158500671 -3.079846657731426
[27 INFO root] 0.5389037132263184 0.5466933846473694 -3.0798571846666127
[27 INFO root] 0.5379065871238708 0.5466317534446716 -3.0798686946714144
[27 INFO root] 0.5369095206260681 0.5465701222419739 -3.0798810281324545
[27 INFO root] 0.5359125137329102 0.5465085506439209 -3.0798940496749867
[27 INFO root] 0.534915566444397 0.5464469194412231 -3.079907644489493
[27 INFO root] 0.5339186787605286 0.5463853478431702 -3.079921715215107
[27 INFO root] 0.5329217910766602 0.5463237762451172 -3.079936179295354
[27 INFO root] 0.5319249033927917 0.546262264251709 -3.0799509667346365
[27 INFO root] 0.5309280753135681 0.5462007522583008 -3.079966018194664
[27 INFO root] 0.5299313068389893 0.5461392402648926 -3.079981283379337
[27 INFO root] 0.5289344787597656 0.5460777282714844 -3.0799967196643356
[27 INFO root] 0.5279377102851868 0.546016275882721 -3.0800122909343677
[27 INFO root] 0.5269409418106079 0.5459547638893127 -3.0800279665965618
[27 INFO root] 0.525944173336029 0.5458933711051941 -3.0800437207433538
[27 INFO root] 0.5249474048614502 0.5458319187164307 -3.0800595314422226
[27 INFO root] 0.5239506363868713 0.545770525932312 -3.080075380133012
[27 INFO root] 0.5229538679122925 0.5457091331481934 -3.080091251116594
[27 INFO root] 0.5219570994377136 0.5456477403640747 -3.080107131120995
[27 INFO root] 0.5209603309631348 0.545586347579956 -3.080123008933265
[27 INFO root] 0.5199635624885559 0.5455250144004822 -3.080138875087142
[27 INFO root] 0.5189667344093323 0.5454636812210083 -3.080154721598039
[27 INFO root] 0.5179699659347534 0.5454023480415344 -3.080170541738184
[27 INFO root] 0.5169731974601746 0.5453410744667053 -3.080186329845856
[27 INFO root] 0.5159764289855957 0.5452797412872314 -3.0802020811635047
[27 INFO root] 0.5149796605110168 0.5452184677124023 -3.080217791700433
[27 INFO root] 0.5139828324317932 0.545157253742218 -3.0802334581162834
[27 INFO root] 0.5129860639572144 0.5450959801673889 -3.080249077622174
[27 INFO root] 0.5119892358779907 0.5450347661972046 -3.080264647896832
[27 INFO root] 0.5109924674034119 0.5449735522270203 -3.0802801670154456
[27 INFO root] 0.5099956393241882 0.5449123382568359 -3.0802956333892886
[27 INFO root] 0.5089988112449646 0.5448511838912964 -3.080311045714512
[27 INFO root] 0.508001983165741 0.5447900295257568 -3.080326402928694
[27 INFO root] 0.5070051550865173 0.5447288751602173 -3.080341704173978
[27 INFO root] 0.5060083270072937 0.5446677207946777 -3.080356948765801
[27 INFO root] 0.5050114989280701 0.544606626033783 -3.080372136166374
[27 INFO root] 0.5040146708488464 0.5445455312728882 -3.080387265962172
[27 INFO root] 0.503017783164978 0.5444844365119934 -3.0804023378448417
[27 INFO root] 0.5020209550857544 0.5444233417510986 -3.080417351595017
[27 INFO root] 0.501024067401886 0.5443623065948486 -3.080432307068577
[27 INFO root] 0.5000272393226624 0.5443012118339539 -3.080447204184998
[27 INFO root] 0.49903035163879395 0.5442401766777039 -3.0804620429174645
[27 INFO root] 0.49803346395492554 0.5441792011260986 -3.080476823284497
[27 INFO root] 0.49703657627105713 0.5441181659698486 -3.0804915453428294
[27 INFO root] 0.4960396885871887 0.5440571904182434 -3.080506209181396
[27 INFO root] 0.4950428009033203 0.5439962148666382 -3.0805208149162047
[27 INFO root] 0.4940458834171295 0.543935239315033 -3.0805353626860086
[27 INFO root] 0.4930489659309387 0.5438743233680725 -3.0805498526486192
[27 INFO root] 0.4920520782470703 0.5438134074211121 -3.0805642849778025
[27 INFO root] 0.4910551607608795 0.5437524914741516 -3.080578659860628
[27 INFO root] 0.49005821347236633 0.5436915755271912 -3.0805929774952334
[27 INFO root] 0.48906129598617554 0.5436306595802307 -3.0806072380889153
[27 INFO root] 0.48806434869766235 0.543569803237915 -3.08062144185653
[27 INFO root] 0.48706743121147156 0.5435089468955994 -3.080635589019129
[27 INFO root] 0.4860704839229584 0.5434480905532837 -3.0806496798027956
[27 INFO root] 0.4850735366344452 0.543387234210968 -3.080663714437677
[27 INFO root] 0.4840765595436096 0.5433264374732971 -3.0806776931571433
[27 INFO root] 0.48307961225509644 0.5432656407356262 -3.080691616197101
[27 INFO root] 0.48208263516426086 0.5432048439979553 -3.0807054837953904
[27 INFO root] 0.4810856580734253 0.5431440472602844 -3.0807192961912815
[27 INFO root] 0.4800886809825897 0.5430833101272583 -3.080733053625058
[27 INFO root] 0.47909170389175415 0.5430225133895874 -3.080746756337649
[27 INFO root] 0.4780946969985962 0.5429617762565613 -3.080760404570331
[27 INFO root] 0.4770977199077606 0.5429010987281799 -3.080773998564474
[27 INFO root] 0.47610071301460266 0.5428403615951538 -3.0807875385613253
[27 INFO root] 0.4751037061214447 0.5427796840667725 -3.080801024801827
[27 INFO root] 0.47410669922828674 0.5427189469337463 -3.080814457526465
[27 INFO root] 0.4731096923351288 0.5426583290100098 -3.0808278369751383
[27 INFO root] 0.47211265563964844 0.5425976514816284 -3.080841163387055
[27 INFO root] 0.4711156487464905 0.5425369739532471 -3.080854437000641
[27 INFO root] 0.47011861205101013 0.5424763560295105 -3.080867658053464
[27 INFO root] 0.4691215753555298 0.5424157381057739 -3.0808808267821783
[27 INFO root] 0.46812453866004944 0.5423551201820374 -3.080893943422458
[27 INFO root] 0.4671274721622467 0.5422945618629456 -3.080907008208972
[27 INFO root] 0.46613043546676636 0.542233943939209 -3.080920021375345
[27 INFO root] 0.4651333689689636 0.5421733856201172 -3.0809329831541175
[27 INFO root] 0.4641363024711609 0.5421128273010254 -3.080945893776738
[27 INFO root] 0.46313923597335815 0.5420522689819336 -3.0809587534735434
[27 INFO root] 0.4621421694755554 0.5419917702674866 -3.0809715624737306
[27 INFO root] 0.4611451029777527 0.5419312119483948 -3.080984321005364
[27 INFO root] 0.46014800667762756 0.5418707132339478 -3.0809970292953555
[27 INFO root] 0.45915094017982483 0.5418102145195007 -3.081009687569466
[27 INFO root] 0.4581538438796997 0.5417497754096985 -3.081022296052295
[27 INFO root] 0.4571567475795746 0.5416892766952515 -3.0810348549672897
[27 INFO root] 0.45615965127944946 0.5416288375854492 -3.0810473645367313
[27 INFO root] 0.45516252517700195 0.541568398475647 -3.0810598249817494
[27 INFO root] 0.45416542887687683 0.5415079593658447 -3.081072236522311
[27 INFO root] 0.4531683027744293 0.5414475202560425 -3.0810845993772316
[27 INFO root] 0.4521712064743042 0.541387140750885 -3.081096913764177
[27 INFO root] 0.4511740803718567 0.5413267016410828 -3.081109179899662
[27 INFO root] 0.4501769244670868 0.5412663221359253 -3.081121397999064
[27 INFO root] 0.4491797983646393 0.5412059426307678 -3.081133568276627
[27 INFO root] 0.4481826722621918 0.5411456227302551 -3.081145690945455
[27 INFO root] 0.4471855163574219 0.5410852432250977 -3.08115776621753
[27 INFO root] 0.446188360452652 0.541024923324585 -3.0811697943037157
[27 INFO root] 0.44519123435020447 0.5409646034240723 -3.0811817754137603
[27 INFO root] 0.44419407844543457 0.5409042835235596 -3.081193709756301
[27 INFO root] 0.4431968927383423 0.5408439636230469 -3.0812055975388737
[27 INFO root] 0.4421997368335724 0.540783703327179 -3.081217438967924
[27 INFO root] 0.4412025511264801 0.5407233834266663 -3.0812292342488017
[27 INFO root] 0.4402053952217102 0.5406631231307983 -3.081240983585776
[27 INFO root] 0.4392082095146179 0.5406028628349304 -3.081252687182041
[27 INFO root] 0.43821102380752563 0.5405426621437073 -3.081264345239716
[27 INFO root] 0.43721383810043335 0.5404824018478394 -3.081275957959865
[27 INFO root] 0.43621665239334106 0.5404222011566162 -3.0812875255424923
[27 INFO root] 0.4352194368839264 0.5403620004653931 -3.0812990481865485
[27 INFO root] 0.4342222511768341 0.5403017997741699 -3.081310526089948
[27 INFO root] 0.43322503566741943 0.5402415990829468 -3.0813219594495576
[27 INFO root] 0.43222782015800476 0.5401813983917236 -3.081333348461221
[27 INFO root] 0.4312306046485901 0.5401212573051453 -3.0813446933197564
[27 INFO root] 0.4302333891391754 0.5400611162185669 -3.0813559942189634
[27 INFO root] 0.42923617362976074 0.5400009751319885 -3.0813672513516295
[27 INFO root] 0.4282389283180237 0.5399408340454102 -3.081378464909537
[27 INFO root] 0.427241712808609 0.5398806929588318 -3.081389635083473
[27 INFO root] 0.42624446749687195 0.5398205518722534 -3.0814007620632258
[27 INFO root] 0.4252472221851349 0.5397604703903198 -3.0814118460376
[27 INFO root] 0.4242499768733978 0.5397003889083862 -3.0814228871944236
[27 INFO root] 0.42325273156166077 0.5396403074264526 -3.0814338857205468
[27 INFO root] 0.4222554862499237 0.539580225944519 -3.081444841801851
[27 INFO root] 0.42125821113586426 0.5395202040672302 -3.0814557556232622
[27 INFO root] 0.4202609658241272 0.5394601225852966 -3.0814666273687426
[27 INFO root] 0.41926369071006775 0.5394001007080078 -3.081477457221307
[27 INFO root] 0.4182664155960083 0.539340078830719 -3.081488245363033
[27 INFO root] 0.41726914048194885 0.5392800569534302 -3.0814989919750517
[27 INFO root] 0.4162718653678894 0.5392200946807861 -3.081509697237562
[27 INFO root] 0.41527459025382996 0.5391600728034973 -3.081520361329845
[27 INFO root] 0.4142772853374481 0.5391001105308533 -3.0815309844302514
[27 INFO root] 0.41328001022338867 0.5390401482582092 -3.0815415667162234
[27 INFO root] 0.41228270530700684 0.5389801859855652 -3.081552108364293
[27 INFO root] 0.411285400390625 0.5389202237129211 -3.08156260955009
[27 INFO root] 0.41028809547424316 0.5388602614402771 -3.0815730704483424
[27 INFO root] 0.40929079055786133 0.5388003587722778 -3.081583491232889
[27 INFO root] 0.4082934856414795 0.5387403964996338 -3.081593872076681
[27 INFO root] 0.40729618072509766 0.5386804938316345 -3.081604213151788
[27 INFO root] 0.40629884600639343 0.5386205911636353 -3.081614514629405
[27 INFO root] 0.4053015410900116 0.538560688495636 -3.0816247766798526
[27 INFO root] 0.4043042063713074 0.5385008454322815 -3.081634999472592
[27 INFO root] 0.40330687165260315 0.5384409427642822 -3.0816451831762235
[27 INFO root] 0.4023095369338989 0.5383810997009277 -3.0816553279584897
[27 INFO root] 0.4013122022151947 0.5383212566375732 -3.0816654339862843
[27 INFO root] 0.4003148674964905 0.5382614135742188 -3.0816755014256607
[27 INFO root] 0.39931750297546387 0.5382015705108643 -3.081685530441833
[27 INFO root] 0.39832016825675964 0.5381417870521545 -3.0816955211991757
[27 INFO root] 0.39732280373573303 0.5380819439888 -3.0817054738612444
[27 INFO root] 0.3963254690170288 0.5380221605300903 -3.0817153885907613
[27 INFO root] 0.3953281044960022 0.5379623770713806 -3.081725265549634
[27 INFO root] 0.3943307399749756 0.5379025936126709 -3.0817351048989607
[27 INFO root] 0.39333465695381165 0.537842869758606 -3.0817599147122365
[27 INFO root] 0.39234888553619385 0.5377838015556335 -3.0819051197628924
[27 INFO root] 0.3913816511631012 0.5377259850502014 -3.0822676082382894
[27 INFO root] 0.39043861627578735 0.5376699566841125 -3.082915137361658
[27 INFO root] 0.38952329754829407 0.5376161336898804 -3.0838925147306946
[27 INFO root] 0.3886376619338989 0.5375648736953735 -3.0852281837769353
[27 INFO root] 0.38778257369995117 0.5375165343284607 -3.0869391185706077
[27 INFO root] 0.3869580626487732 0.5374712944030762 -3.089034381934364
[27 INFO root] 0.3861636817455292 0.5374292731285095 -3.0915176870957866
[27 INFO root] 0.3853984475135803 0.5373907685279846 -3.094389240928305
[27 INFO root] 0.3846611976623535 0.5373557209968567 -3.0976470710461896
[27 INFO root] 0.3839506208896637 0.5373242497444153 -3.1012879806326934
[27 INFO root] 0.38326525688171387 0.5372962951660156 -3.1053081473340756
[27 INFO root] 0.3826035261154175 0.537272036075592 -3.1097025754547056
[27 INFO root] 0.3819637894630432 0.537251353263855 -3.114465298712868
[27 INFO root] 0.38134434819221497 0.5372342467308044 -3.1195898210624926
[27 INFO root] 0.38074353337287903 0.5372206568717957 -3.1250694602364266
[27 INFO root] 0.3801596760749817 0.5372107028961182 -3.130897576425153
[27 INFO root] 0.37959110736846924 0.5372042655944824 -3.1370677148589596
[27 INFO root] 0.3790363669395447 0.5372014045715332 3.139611621142387
[27 INFO root] 0.37849390506744385 0.5372021198272705 3.132775706338927
[27 INFO root] 0.37796229124069214 0.5372064709663391 3.1256154342573983
[27 INFO root] 0.3774402141571045 0.5372143983840942 3.1181361099404588
[27 INFO root] 0.37692639231681824 0.5372260808944702 3.1103427961662384
[27 INFO root] 0.3764195740222931 0.537241518497467 3.1022403656595565
[27 INFO root] 0.3759186267852783 0.5372608304023743 3.0938335634538103
[27 INFO root] 0.37542247772216797 0.5372841358184814 3.0851270773961885
[27 INFO root] 0.3749300539493561 0.5373115539550781 3.076125615533973
[27 INFO root] 0.37444040179252625 0.5373432040214539 3.0668339896679817
[27 INFO root] 0.37395259737968445 0.537379264831543 3.0572566289851903
[27 INFO root] 0.3734659254550934 0.5374199151992798 3.047395340315554
[27 INFO root] 0.3729798495769501 0.5374653935432434 3.037249569921935
[27 INFO root] 0.37249383330345154 0.5375157594680786 3.026817503666567
[27 INFO root] 0.3720075190067291 0.5375713109970093 3.0160970328337684
[27 INFO root] 0.37152040004730225 0.5376322269439697 3.0050865005061262
[27 INFO root] 0.37103208899497986 0.5376988053321838 2.9937852828333122
[27 INFO root] 0.3705420196056366 0.5377711653709412 2.9821942540621866
[27 INFO root] 0.37004968523979187 0.5378497838973999 2.9703161716478803
[27 INFO root] 0.3695544898509979 0.5379348397254944 2.958156007967269
[27 INFO root] 0.36905574798583984 0.5380266904830933 2.945721247630866
[27 INFO root] 0.3685528039932251 0.5381258726119995 2.9330221634632063
[27 INFO root] 0.3680449426174164 0.538232684135437 2.920072079363927
[27 INFO root] 0.36753132939338684 0.5383476614952087 2.9068876240482715
[27 INFO root] 0.36701124906539917 0.5384713411331177 2.893488975745497
[27 INFO root] 0.36648380756378174 0.538604199886322 2.8799000940058237
[27 INFO root] 0.3659482002258301 0.5387468934059143 2.8661489305672125
[27 INFO root] 0.36540359258651733 0.5389000177383423 2.852267606535089
[27 INFO root] 0.36484915018081665 0.5390642285346985 2.838292537752967
[27 INFO root] 0.36428406834602356 0.5392402410507202 2.824264484095973
[27 INFO root] 0.3637075126171112 0.5394287109375 2.810228491552882
[27 INFO root] 0.3631187677383423 0.5396303534507751 2.7962336886669683
[27 INFO root] 0.36251717805862427 0.539845883846283 2.782332891849721
[27 INFO root] 0.3619020879268646 0.5400758981704712 2.7685819684773354
[27 INFO root] 0.36127305030822754 0.5403211116790771 2.755038904462967
[27 INFO root] 0.360629677772522 0.540582001209259 2.7417625269398043
[27 INFO root] 0.35997170209884644 0.540859043598175 2.7288108463395044
[27 INFO root] 0.35929909348487854 0.5411525964736938 2.7162390094120643
[27 INFO root] 0.35861197113990784 0.5414628386497498 2.704096898889338
[27 INFO root] 0.3579106628894806 0.5417898297309875 2.692426477532004
[27 INFO root] 0.35719576478004456 0.5421334505081177 2.681259050670525
[27 INFO root] 0.35646799206733704 0.5424933433532715 2.6706127017776033
[27 INFO root] 0.3557283580303192 0.542868971824646 2.660490222178561
[27 INFO root] 0.3549779951572418 0.5432597398757935 2.6508778851547836
[27 INFO root] 0.3542182147502899 0.5436647534370422 2.641745383249951
[27 INFO root] 0.3534509539604187 0.5440828800201416 2.633005449636647
[27 INFO root] 0.3526786267757416 0.5445125699043274 2.6245201446521484
[27 INFO root] 0.35190334916114807 0.5449525713920593 2.616146391995713
[27 INFO root] 0.35112693905830383 0.545401930809021 2.6077455795752282
[27 INFO root] 0.3503473997116089 0.5458618402481079 2.5992777856844715
[27 INFO root] 0.34956440329551697 0.5463327765464783 2.5906578320776497
[27 INFO root] 0.3487793505191803 0.5468141436576843 2.581751770357664
[27 INFO root] 0.34799355268478394 0.5473056435585022 2.5724312888494922
[27 INFO root] 0.3472079038619995 0.5478072762489319 2.562581516653808
[27 INFO root] 0.3464230000972748 0.5483193397521973 2.5521025164879156
[27 INFO root] 0.3456392288208008 0.5488423109054565 2.540910925393703
[27 INFO root] 0.3448566794395447 0.5493772029876709 2.528941403869545
[27 INFO root] 0.3440752923488617 0.5499250292778015 2.5161476372173364
[27 INFO root] 0.3432949185371399 0.5504871010780334 2.5025032094648534
[27 INFO root] 0.3425152897834778 0.5510647892951965 2.4880024624054995
[27 INFO root] 0.34173616766929626 0.5516597628593445 2.4726611699152445
[27 INFO root] 0.34095728397369385 0.5522735714912415 2.4565168468709913
[27 INFO root] 0.3401784896850586 0.5529078245162964 2.439628588729916
[27 INFO root] 0.3393997550010681 0.5535641312599182 2.42207638932114
[27 INFO root] 0.33862119913101196 0.5542439818382263 2.4039599436361714
[27 INFO root] 0.337843120098114 0.5549485087394714 2.385396986194629
[27 INFO root] 0.33706599473953247 0.5556788444519043 2.3665212383325933
[27 INFO root] 0.336290568113327 0.5564355850219727 2.3474800468578665
[27 INFO root] 0.33551767468452454 0.5572190880775452 2.3284317979156257
[27 INFO root] 0.33474838733673096 0.558029294013977 2.3095431873284293
[27 INFO root] 0.33398371934890747 0.5588657259941101 2.2909781457883227
[27 INFO root] 0.3332248330116272 0.5597274899482727 2.272901955528611
[27 INFO root] 0.3324728310108185 0.5606132745742798 2.2554859450780254
[27 INFO root] 0.3317289352416992 0.5615211725234985 2.238906201760831
[27 INFO root] 0.3309943377971649 0.5624488592147827 2.2233408923167177
[27 INFO root] 0.33027008175849915 0.5633935332298279 2.208967327858115
[27 INFO root] 0.3295571804046631 0.5643517971038818 2.1959589374817026
[27 INFO root] 0.3288564682006836 0.5653200745582581 2.184482281016668
[27 INFO root] 0.3281685411930084 0.566294252872467 2.174694240852207
[27 INFO root] 0.3274937868118286 0.5672702789306641 2.16673953092989
[27 INFO root] 0.3268323540687561 0.5682438611984253 2.1607486457406107
[27 INFO root] 0.32618406414985657 0.569210946559906 2.1568349708189847
[27 INFO root] 0.3255484998226166 0.5701675415039062 2.1550903697970885
[27 INFO root] 0.32492485642433167 0.571110188961029 2.1555843751773525
[27 INFO root] 0.32431212067604065 0.5720358490943909 2.1583649748536367
[27 INFO root] 0.3237057030200958 0.5729469060897827 2.1630099232950952
[27 INFO root] 0.3230931758880615 0.5738582611083984 2.1680322052432657
[27 INFO root] 0.3224732577800751 0.5747707486152649 2.173233926957184
[27 INFO root] 0.3218460977077484 0.5756837129592896 2.178572630168445
[27 INFO root] 0.32121193408966064 0.5765963792800903 2.184009205234423
[27 INFO root] 0.32057100534439087 0.5775082111358643 2.1895082835972235
[27 INFO root] 0.31992360949516296 0.5784186124801636 2.19503811532464
[27 INFO root] 0.31926998496055603 0.5793270468711853 2.2005704144379625
[27 INFO root] 0.3186104893684387 0.5802330374717712 2.206080185655912
[27 INFO root] 0.3179453909397125 0.5811362266540527 2.211545536801969
[27 INFO root] 0.3172750473022461 0.5820361971855164 2.216947480930256
[27 INFO root] 0.3165997862815857 0.5829325914382935 2.2222697320103344
[27 INFO root] 0.3159198760986328 0.5838252305984497 2.227498497715527
[27 INFO root] 0.3152357041835785 0.5847137570381165 2.2326222725024096
[27 INFO root] 0.31454750895500183 0.5855981111526489 2.2376316337719895
[27 INFO root] 0.3138556182384491 0.5864779949188232 2.242519043485365
[27 INFO root] 0.31316033005714417 0.5873534083366394 2.2472786571859
[27 INFO root] 0.3124619126319885 0.5882241725921631 2.2519061419711424
[27 INFO root] 0.3117606043815613 0.5890902876853943 2.2563985045723953
[27 INFO root] 0.3110567033290863 0.5899516344070435 2.260753930346911
[27 INFO root] 0.3103503882884979 0.5908082723617554 2.264971633672529
[27 INFO root] 0.30964189767837524 0.5916601419448853 2.2690517199604807
[27 INFO root] 0.308931440114975 0.5925073027610779 2.272995059269638
[27 INFO root] 0.30821919441223145 0.593349814414978 2.276803171314083
[27 INFO root] 0.307505339384079 0.5941877365112305 2.280478121502791
[27 INFO root] 0.3067900240421295 0.59502112865448 2.2840224275326926
[27 INFO root] 0.306073397397995 0.5958499908447266 2.287438975970361
[27 INFO root] 0.30535560846328735 0.5966745615005493 2.290730948199107
[27 INFO root] 0.30463677644729614 0.5974947810173035 2.2939017550733825
[27 INFO root] 0.3039169907569885 0.5983108878135681 2.2969549796069235
[27 INFO root] 0.30319637060165405 0.5991228818893433 2.2998943270216503
[27 INFO root] 0.3024750053882599 0.5999308824539185 2.3027235814973657
[27 INFO root] 0.3017529547214508 0.600735068321228 2.3054465689850305
[27 INFO root] 0.30103030800819397 0.6015354990959167 2.3080671254761076
[27 INFO root] 0.30030712485313416 0.6023322343826294 2.3105890701550926
[27 INFO root] 0.29958346486091614 0.6031255125999451 2.313016182900123
[27 INFO root] 0.2988593876361847 0.6039153933525085 2.3153521856358936
[27 INFO root] 0.2981349229812622 0.6047019362449646 2.317600727082892
[27 INFO root] 0.29741013050079346 0.6054853200912476 2.3197653704863064
[27 INFO root] 0.29668501019477844 0.6062656044960022 2.3218495839461766
[27 INFO root] 0.2959596514701843 0.6070429086685181 2.3238567330069118
[27 INFO root] 0.2952340245246887 0.6078173518180847 2.3257900751987997
[27 INFO root] 0.2945081889629364 0.6085890531539917 2.3276527562565614
[27 INFO root] 0.29378217458724976 0.609358012676239 2.329447807769976
[27 INFO root] 0.2930559515953064 0.6101244688034058 2.3311781460492753
[27 INFO root] 0.2923296093940735 0.6108883619308472 2.332846572013331
[27 INFO root] 0.29160308837890625 0.6116498708724976 2.3344557719316668
[27 INFO root] 0.2908764183521271 0.6124090552330017 2.336008318872221
[27 INFO root] 0.290155827999115 0.6131595969200134 2.336664053122496
[27 INFO root] 0.28946396708488464 0.6138791441917419 2.333335288930307
[27 INFO root] 0.28880107402801514 0.6145725846290588 2.326068543575653
[27 INFO root] 0.2881639301776886 0.6152483224868774 2.315257389809386
[27 INFO root] 0.2875491678714752 0.6159141063690186 2.3012337664844966
[27 INFO root] 0.28695353865623474 0.6165771484375 2.284276171442609
[27 INFO root] 0.28637412190437317 0.6172442436218262 2.264621777441379
[27 INFO root] 0.28580835461616516 0.6179217100143433 2.2424770615922833
[27 INFO root] 0.28525421023368835 0.6186156272888184 2.2180270570834053
[27 INFO root] 0.284710168838501 0.6193317770957947 2.1914434564937517
[27 INFO root] 0.2841752767562866 0.6200758814811707 2.162891773100626
[27 INFO root] 0.28364914655685425 0.6208534240722656 2.132537713178689
[27 INFO root] 0.28313204646110535 0.6216697096824646 2.1005528431190923
[27 INFO root] 0.2826248109340668 0.6225297451019287 2.067119557362747
[27 INFO root] 0.2821289598941803 0.62343829870224 2.032435272150347
[27 INFO root] 0.2816466689109802 0.6243996620178223 1.996715692627472
[27 INFO root] 0.2811806797981262 0.6254175305366516 1.9601969364327765
[27 INFO root] 0.28073418140411377 0.6264947056770325 1.923136258380373
[27 INFO root] 0.2803109288215637 0.627633273601532 1.8858111232515609
[27 INFO root] 0.27991485595703125 0.628834068775177 1.8485164311480635
[27 INFO root] 0.2795499563217163 0.6300967335700989 1.811559820513308
[27 INFO root] 0.2792201638221741 0.6314195990562439 1.7752551541513593
[27 INFO root] 0.2789289057254791 0.6327996253967285 1.739914513245994
[27 INFO root] 0.27867916226387024 0.6342326402664185 1.705839246432913
[27 INFO root] 0.2784729599952698 0.6357132792472839 1.6733107973513903
[27 INFO root] 0.27831146121025085 0.6372354626655579 1.6425821181487965
[27 INFO root] 0.278194785118103 0.6387925148010254 1.6138704382128142
[27 INFO root] 0.2781219780445099 0.6403775215148926 1.5873519958573201
[27 INFO root] 0.278091162443161 0.641983687877655 1.5631590863746663
[27 INFO root] 0.2780996561050415 0.6436046361923218 1.5413794864789923
[27 INFO root] 0.27814409136772156 0.6452344655990601 1.5220580426797483
[27 INFO root] 0.27822059392929077 0.6468681693077087 1.5052000079231977
[27 INFO root] 0.2783251404762268 0.6485013961791992 1.490775601916465
[27 INFO root] 0.27845343947410583 0.6501308083534241 1.4787252553167858
[27 INFO root] 0.2786012887954712 0.6517537832260132 1.4689650564188574
[27 INFO root] 0.2787646949291229 0.6533684134483337 1.4613920218718754
[27 INFO root] 0.27893978357315063 0.654973566532135 1.45588893148151
[27 INFO root] 0.2791229784488678 0.6565685272216797 1.452328579122683
[27 INFO root] 0.27931100130081177 0.6581531167030334 1.4505773839190328
[27 INFO root] 0.2795008718967438 0.6597273945808411 1.4504983729663399
[27 INFO root] 0.2796899676322937 0.6612915992736816 1.4519535896500984
[27 INFO root] 0.27987581491470337 0.6628462672233582 1.4548060039743684
