[56 INFO root] Initialising Python Geth Console...
[56 INFO root] Initialising RandB board...
[56 INFO root] Initialising resource sensor...
[56 INFO root] Initialising random-walk...
[56 INFO root] Initialising navigation...
[56 INFO root] Initialising Odo...
[56 INFO root] Initialising odometry...
[56 INFO root] Initialising gps...
[56 INFO root] Initialising Ground sensor...
[56 INFO root] --//-- Starting Experiment --//--
[56 INFO root] x y direction
[56 INFO root] 0.3750230073928833 0.640516996383667 1.6108568691159222
[56 INFO root] 0.37507957220077515 0.6391058564186096 1.5815814127047134
[56 INFO root] 0.37510445713996887 0.6373394727706909 1.5418700488910602
[56 INFO root] 0.37507161498069763 0.6359655261039734 1.4944284723637762
[56 INFO root] 0.3750057518482208 0.6350188851356506 1.4427893187245184
[56 INFO root] 0.3749316930770874 0.6344070434570312 1.3914370323832002
[56 INFO root] 0.37484851479530334 0.6339314579963684 1.3440042956262224
[56 INFO root] 0.37472787499427795 0.633398711681366 1.3018724096932333
[56 INFO root] 0.37453916668891907 0.6327051520347595 1.26428390138884
[56 INFO root] 0.3742540776729584 0.6317952275276184 1.2283078503363438
[56 INFO root] 0.37385955452919006 0.6306782364845276 1.1905905704372373
[56 INFO root] 0.37330690026283264 0.6292831301689148 1.1571904294071411
[56 INFO root] 0.3725270926952362 0.6274921298027039 1.1369535151738777
[56 INFO root] 0.3715580999851227 0.625390887260437 1.1269997086253838
[56 INFO root] 0.3704654574394226 0.6230872273445129 1.1236631326591533
[56 INFO root] 0.36930012702941895 0.6206550002098083 1.124031036709658
[56 INFO root] 0.3680972456932068 0.6181443929672241 1.1258065546135019
[56 INFO root] 0.3668789565563202 0.6155908703804016 1.127099568782371
[56 INFO root] 0.3656580150127411 0.6130229830741882 1.1262910041626593
[56 INFO root] 0.36453282833099365 0.6106600761413574 1.1254397681578228
[56 INFO root] 0.36351343989372253 0.6085240244865417 1.1247251984124784
[56 INFO root] 0.36259326338768005 0.6065995097160339 1.124110532198727
[56 INFO root] 0.3617677688598633 0.6048756837844849 1.1237329506137241
[56 INFO root] 0.3610341250896454 0.6033453345298767 1.123929839355047
[56 INFO root] 0.3603903353214264 0.6020019054412842 1.1252324542354657
[56 INFO root] 0.3598340153694153 0.6008375287055969 1.1283336994366429
[56 INFO root] 0.3593619465827942 0.5998420715332031 1.1340374566735907
[56 INFO root] 0.35896986722946167 0.5990036725997925 1.1431959334763102
[56 INFO root] 0.35865262150764465 0.5983095169067383 1.1566386544795235
[56 INFO root] 0.35840311646461487 0.5977444648742676 1.175307442090028
[56 INFO root] 0.35821405053138733 0.5972944498062134 1.2001160655013372
[56 INFO root] 0.35807862877845764 0.5969492793083191 1.2318247103882618
[56 INFO root] 0.3579906225204468 0.5967031121253967 1.271011051157032
[56 INFO root] 0.35794368386268616 0.5965545773506165 1.3181994221942968
[56 INFO root] 0.3579305112361908 0.5965062379837036 1.3738244469405088
[56 INFO root] 0.3579418957233429 0.596564531326294 1.4381729238280472
[56 INFO root] 0.3579656481742859 0.5967389941215515 1.5113876845631942
[56 INFO root] 0.3579850196838379 0.5970414876937866 1.5934960307952504
[56 INFO root] 0.3579775094985962 0.5974854826927185 1.6844413696158766
[56 INFO root] 0.3579132854938507 0.5980849862098694 1.7840993839913442
[56 INFO root] 0.35775306820869446 0.5988537669181824 1.8922564206459545
[56 INFO root] 0.35744619369506836 0.5998027920722961 2.0085314051904004
[56 INFO root] 0.35692906379699707 0.6009356379508972 2.1322366433468085
[56 INFO root] 0.35612672567367554 0.6022407412528992 2.2621979001186183
[56 INFO root] 0.3549598157405853 0.6036823391914368 2.396588515709964
[56 INFO root] 0.35336193442344666 0.6051926612854004 2.5328655404721276
[56 INFO root] 0.35129454731941223 0.6066755056381226 2.667910960037118
[56 INFO root] 0.34876471757888794 0.6080170273780823 2.7984384940137423
[56 INFO root] 0.3458343744277954 0.6091087460517883 2.9214723297098963
[56 INFO root] 0.34260985255241394 0.6098716855049133 3.034699496824982
[56 INFO root] 0.3392201066017151 0.6102733016014099 3.136267448312716
[56 INFO root] 0.33579540252685547 0.6103262901306152 -3.0600903286884416
[56 INFO root] 0.3324471414089203 0.6100825667381287 -2.9868201614505105
[56 INFO root] 0.3292441964149475 0.6096076965332031 -2.9252537934712306
[56 INFO root] 0.32621994614601135 0.6089633703231812 -2.8736077890446805
[56 INFO root] 0.3233853876590729 0.6082015037536621 -2.8302939031396885
[56 INFO root] 0.32074853777885437 0.6073663234710693 -2.7939315405251026
[56 INFO root] 0.31830936670303345 0.6064930558204651 -2.7633072944112884
[56 INFO root] 0.31606075167655945 0.6056078672409058 -2.737372176927691
[56 INFO root] 0.3139914274215698 0.604729413986206 -2.7152350533960026
[56 INFO root] 0.3120879530906677 0.6038702726364136 -2.69614757929608
[56 INFO root] 0.310336172580719 0.6030382513999939 -2.6794853816644855
[56 INFO root] 0.30872204899787903 0.60223788022995 -2.6647289781378616
[56 INFO root] 0.30723223090171814 0.6014711856842041 -2.6514448761117904
[56 INFO root] 0.3058542311191559 0.6007384061813354 -2.6392702321383963
[56 INFO root] 0.3045760989189148 0.600038468837738 -2.627900587773631
[56 INFO root] 0.3033868372440338 0.5993693470954895 -2.617079803583196
[56 INFO root] 0.3022758662700653 0.5987282395362854 -2.606593674722293
[56 INFO root] 0.30123332142829895 0.5981119275093079 -2.5962645759256167
[56 INFO root] 0.30024954676628113 0.5975165367126465 -2.5859458061485263
[56 INFO root] 0.2993166148662567 0.5969386696815491 -2.5755112290745146
[56 INFO root] 0.29842841625213623 0.5963756442070007 -2.5648504489908968
[56 INFO root] 0.2975802719593048 0.5958251953125 -2.5538661874108044
[56 INFO root] 0.29676851630210876 0.5952857136726379 -2.542472191343963
[56 INFO root] 0.2959904074668884 0.5947557091712952 -2.5305914014378836
[56 INFO root] 0.29524388909339905 0.5942342281341553 -2.5181542955256684
[56 INFO root] 0.29452747106552124 0.5937204360961914 -2.505097368640554
[56 INFO root] 0.2938401401042938 0.5932137966156006 -2.4913617328571314
[56 INFO root] 0.2931812107563019 0.5927141308784485 -2.476891838933667
[56 INFO root] 0.29255035519599915 0.5922212600708008 -2.461634325751193
[56 INFO root] 0.2919475734233856 0.5917354226112366 -2.4455370121795728
[56 INFO root] 0.291373074054718 0.5912569761276245 -2.4285468579140033
[56 INFO root] 0.2908278703689575 0.5907871723175049 -2.410603812607004
[56 INFO root] 0.29031339287757874 0.5903275609016418 -2.3916392325336124
[56 INFO root] 0.28983116149902344 0.589880108833313 -2.3715765766288217
[56 INFO root] 0.2893824279308319 0.5894468426704407 -2.3503324647205903
[56 INFO root] 0.28896811604499817 0.5890294909477234 -2.327817694704449
[56 INFO root] 0.28858858346939087 0.5886297225952148 -2.303938135414982
[56 INFO root] 0.28824374079704285 0.5882487297058105 -2.2785954736822034
[56 INFO root] 0.2879329323768616 0.5878875255584717 -2.2516877989903548
[56 INFO root] 0.2876551151275635 0.5875465869903564 -2.2231100299319704
[56 INFO root] 0.28740864992141724 0.5872260332107544 -2.192754187013452
[56 INFO root] 0.28719159960746765 0.5869253277778625 -2.1605096574438463
[56 INFO root] 0.2870016396045685 0.5866435766220093 -2.1262632656786704
[56 INFO root] 0.286836177110672 0.5863791704177856 -2.089899054091318
[56 INFO root] 0.2866925597190857 0.5861300826072693 -2.0512979410432393
[56 INFO root] 0.28656792640686035 0.5858933329582214 -2.010337332904249
[56 INFO root] 0.28645962476730347 0.5856655836105347 -1.9668907321265447
[56 INFO root] 0.28636518120765686 0.5854426026344299 -1.9208274004881798
[56 INFO root] 0.2862825393676758 0.5852194428443909 -1.872012168745312
[56 INFO root] 0.28621023893356323 0.5849905610084534 -1.8203055331221532
[56 INFO root] 0.28613823652267456 0.5847131609916687 -1.7671935457117764
[56 INFO root] 0.2860710024833679 0.5843831300735474 -1.7129309244242388
[56 INFO root] 0.2860149145126343 0.5840041637420654 -1.657498792808812
[56 INFO root] 0.2859758138656616 0.5835793614387512 -1.6008608906760664
[56 INFO root] 0.28595930337905884 0.5831112861633301 -1.5429793767604603
[56 INFO root] 0.2859707474708557 0.5826016664505005 -1.4838181839668672
[56 INFO root] 0.2860156297683716 0.5820519924163818 -1.4233457027147323
[56 INFO root] 0.2860995829105377 0.5814639329910278 -1.361537003255813
[56 INFO root] 0.2862285375595093 0.5808388590812683 -1.2983793287425451
[56 INFO root] 0.28640878200531006 0.5801785588264465 -1.2338768415205819
[56 INFO root] 0.2866476774215698 0.579483151435852 -1.1680804921106314
[56 INFO root] 0.286975234746933 0.5787017941474915 -1.101950131809572
[56 INFO root] 0.2874072194099426 0.5778363943099976 -1.0359834842707694
[56 INFO root] 0.2879555821418762 0.5768980383872986 -0.9706686172997225
[56 INFO root] 0.28862932324409485 0.5759007930755615 -0.9065420756117242
[56 INFO root] 0.28943341970443726 0.5748611688613892 -0.8441667022048603
[56 INFO root] 0.2903681993484497 0.5737970471382141 -0.7840910240323871
[56 INFO root] 0.2914290130138397 0.5727269649505615 -0.7268138092261582
[56 INFO root] 0.2926064133644104 0.5716683864593506 -0.6727539549383396
[56 INFO root] 0.29388704895973206 0.570637047290802 -0.6222281586321172
[56 INFO root] 0.2952547073364258 0.5696458220481873 -0.5754392299179828
[56 INFO root] 0.2966916859149933 0.5687042474746704 -0.5324758709580106
[56 INFO root] 0.29818010330200195 0.5678186416625977 -0.49332253573927193
[56 INFO root] 0.29970279335975647 0.5669922232627869 -0.45787641079464364
[56 INFO root] 0.3012443482875824 0.5662256479263306 -0.4259679797988929
[56 INFO root] 0.30279138684272766 0.5655176639556885 -0.3973819578142382
[56 INFO root] 0.30433276295661926 0.5648654699325562 -0.37187625471898955
[56 INFO root] 0.305860310792923 0.5642651319503784 -0.3491721280855
[56 INFO root] 0.3073692321777344 0.5637117624282837 -0.328949053331175
[56 INFO root] 0.3088566064834595 0.5632006525993347 -0.31091041530683783
[56 INFO root] 0.31032049655914307 0.5627272725105286 -0.2948006159425678
[56 INFO root] 0.3117595613002777 0.5622877478599548 -0.2804047931548495
[56 INFO root] 0.3131726384162903 0.561878502368927 -0.2675456442419482
[56 INFO root] 0.3145587146282196 0.5614966154098511 -0.25608053659667296
[56 INFO root] 0.3159165382385254 0.5611394047737122 -0.24589572079234423
[56 INFO root] 0.31722086668014526 0.5608105659484863 -0.2361459023245971
[56 INFO root] 0.31843698024749756 0.5605165958404541 -0.22553770898664927
[56 INFO root] 0.3195711374282837 0.5602549910545349 -0.21393885269662527
[56 INFO root] 0.3206331133842468 0.5600228905677795 -0.20138020128163905
[56 INFO root] 0.3216311037540436 0.5598177909851074 -0.18792083214475963
[56 INFO root] 0.32257187366485596 0.5596374869346619 -0.17364449304764065
[56 INFO root] 0.3234609067440033 0.5594801902770996 -0.1586573810914447
[56 INFO root] 0.3243025541305542 0.5593441724777222 -0.14308674317862316
[56 INFO root] 0.3251000940799713 0.5592279434204102 -0.12707975647404915
[56 INFO root] 0.32585158944129944 0.5591306090354919 -0.11107364184696357
[56 INFO root] 0.326543927192688 0.5590521693229675 -0.09619273824419695
[56 INFO root] 0.3271779417991638 0.558989942073822 -0.08277314304562312
[56 INFO root] 0.3277949094772339 0.5589379072189331 -0.07053204245353076
[56 INFO root] 0.32840004563331604 0.5588943958282471 -0.059716865798526336
[56 INFO root] 0.32899367809295654 0.5588582754135132 -0.050644333323060196
[56 INFO root] 0.3295760750770569 0.5588282346725464 -0.043630513041430306
[56 INFO root] 0.33014750480651855 0.5588028430938721 -0.03898252997571585
[56 INFO root] 0.33070850372314453 0.5587807297706604 -0.03698981224850264
[56 INFO root] 0.33125999569892883 0.5587601661682129 -0.03791666727592993
[56 INFO root] 0.33180344104766846 0.5587396025657654 -0.04199640847934673
[56 INFO root] 0.3323412835597992 0.5587172508239746 -0.04944292623024384
[56 INFO root] 0.33287668228149414 0.558691143989563 -0.06043478131599424
[56 INFO root] 0.33341363072395325 0.5586592555046082 -0.07510787646564968
[56 INFO root] 0.33395689725875854 0.5586191415786743 -0.09355304072676088
[56 INFO root] 0.33451205492019653 0.5585680603981018 -0.11581440146128344
[56 INFO root] 0.3350851833820343 0.5585026741027832 -0.14188755566262692
[56 INFO root] 0.33568301796913147 0.5584188103675842 -0.1717170734326017
[56 INFO root] 0.3363123834133148 0.5583114624023438 -0.20519304600022292
[56 INFO root] 0.3369801640510559 0.5581746697425842 -0.24214662748511298
[56 INFO root] 0.33769264817237854 0.5580013394355774 -0.2823439371140266
[56 INFO root] 0.3384435772895813 0.5577865839004517 -0.32491389874313664
[56 INFO root] 0.3392336666584015 0.5575239658355713 -0.3694041335765992
[56 INFO root] 0.3400663435459137 0.5572055578231812 -0.4155218683103599
[56 INFO root] 0.3409436047077179 0.5568230152130127 -0.4629327792553186
[56 INFO root] 0.3417808413505554 0.5564102530479431 -0.5124167203458116
[56 INFO root] 0.3425944745540619 0.5559578537940979 -0.5625214060257069
[56 INFO root] 0.34339383244514465 0.5554593801498413 -0.6127682904677921
[56 INFO root] 0.3441815972328186 0.5549113154411316 -0.6628782886274733
[56 INFO root] 0.3449571132659912 0.554311990737915 -0.7126284560793359
[56 INFO root] 0.3457172214984894 0.5536616444587708 -0.761850974627736
[56 INFO root] 0.3464573919773102 0.5529623627662659 -0.8104271321185579
[56 INFO root] 0.3471722900867462 0.5522179007530212 -0.8582742189131073
[56 INFO root] 0.34785810112953186 0.5514316558837891 -0.9051359995256176
[56 INFO root] 0.34851086139678955 0.5506082773208618 -0.9507341885128844
[56 INFO root] 0.34912633895874023 0.5497545003890991 -0.9948483304313627
[56 INFO root] 0.3497006297111511 0.5488786697387695 -1.0373213454276746
[56 INFO root] 0.3502306044101715 0.5479900240898132 -1.0780546226063639
[56 INFO root] 0.35071423649787903 0.5470981597900391 -1.1170036998112158
[56 INFO root] 0.35114553570747375 0.5462229251861572 -1.1541065708763933
[56 INFO root] 0.3515262007713318 0.5453717112541199 -1.18944051440671
[56 INFO root] 0.35185980796813965 0.5445485711097717 -1.2231284914406377
[56 INFO root] 0.3521501421928406 0.5437561273574829 -1.255308414134393
[56 INFO root] 0.3524012565612793 0.5429954528808594 -1.286036890903236
[56 INFO root] 0.3526169955730438 0.5422671437263489 -1.3153731313769381
[56 INFO root] 0.35280105471611023 0.5415710806846619 -1.34339652789238
[56 INFO root] 0.3529568314552307 0.5409068465232849 -1.3702019328123447
[56 INFO root] 0.3530856966972351 0.5402821898460388 -1.395934258289522
[56 INFO root] 0.35320085287094116 0.5396396517753601 -1.4216796260945321
[56 INFO root] 0.3533027172088623 0.5389730334281921 -1.4475357576491004
[56 INFO root] 0.35339000821113586 0.5382826924324036 -1.4734699265379378
[56 INFO root] 0.35346150398254395 0.5375690460205078 -1.4994248669323795
[56 INFO root] 0.35351601243019104 0.5368326902389526 -1.525311505705422
[56 INFO root] 0.3535524308681488 0.5360747575759888 -1.5510023154842778
[56 INFO root] 0.35356977581977844 0.5352965593338013 -1.576324720292104
[56 INFO root] 0.35356736183166504 0.5345000624656677 -1.601055344419483
[56 INFO root] 0.3535447418689728 0.5336878895759583 -1.624916153550337
[56 INFO root] 0.3535020053386688 0.5328631401062012 -1.64757369248495
[56 INFO root] 0.3534397780895233 0.5320295691490173 -1.6686425717552267
[56 INFO root] 0.3533594012260437 0.5311927199363708 -1.6877128159117867
[56 INFO root] 0.35326483845710754 0.5303739905357361 -1.704597354870016
[56 INFO root] 0.3531591594219208 0.5295783281326294 -1.7188789125529376
[56 INFO root] 0.35304540395736694 0.5288079977035522 -1.7301071417122478
[56 INFO root] 0.3529267907142639 0.5280643701553345 -1.737845575380866
[56 INFO root] 0.3528065085411072 0.5273475050926208 -1.741689608778031
[56 INFO root] 0.3526875078678131 0.5266562700271606 -1.7412812850861992
[56 INFO root] 0.35257238149642944 0.5259876847267151 -1.7363201858446813
[56 INFO root] 0.35246336460113525 0.5253372192382812 -1.7265705224981824
[56 INFO root] 0.35236239433288574 0.5246984362602234 -1.7118653946825166
[56 INFO root] 0.35227125883102417 0.5240634083747864 -1.6921096531103113
[56 INFO root] 0.35219186544418335 0.5234225392341614 -1.6672828165232227
[56 INFO root] 0.3521266281604767 0.5227651596069336 -1.6374431068259476
[56 INFO root] 0.3520788848400116 0.5220798254013062 -1.602733001945975
[56 INFO root] 0.35205334424972534 0.5213547945022583 -1.56338589076929
[56 INFO root] 0.35205620527267456 0.5205790996551514 -1.519732561745568
[56 INFO root] 0.3520955443382263 0.519743025302887 -1.4722054994912563
[56 INFO root] 0.3521808981895447 0.5188393592834473 -1.4213384753423803
[56 INFO root] 0.3523229956626892 0.5178643465042114 -1.3677589126601961
[56 INFO root] 0.3525329530239105 0.5168181657791138 -1.3121711894017436
[56 INFO root] 0.3528210520744324 0.5157058238983154 -1.2553304488888746
[56 INFO root] 0.35319551825523376 0.5145372748374939 -1.1980061103440074
[56 INFO root] 0.35366132855415344 0.5133267045021057 -1.1409369557461828
[56 INFO root] 0.354219526052475 0.5120912790298462 -1.0847886188887064
[56 INFO root] 0.35486701130867004 0.5108492374420166 -1.0301208191177083
[56 INFO root] 0.3555959463119507 0.5096201300621033 -0.9774949018879957
[56 INFO root] 0.35639798641204834 0.5084173083305359 -0.9270472391966023
[56 INFO root] 0.35726282000541687 0.5072526335716248 -0.878906225171588
[56 INFO root] 0.35817769169807434 0.506137490272522 -0.8332372643352113
[56 INFO root] 0.359130859375 0.5050786137580872 -0.7900450937255876
[56 INFO root] 0.36011022329330444 0.5040814280509949 -0.7492061056733096
[56 INFO root] 0.36110398173332214 0.5031493306159973 -0.7104903901108276
[56 INFO root] 0.3621026277542114 0.5022831559181213 -0.6736261698755021
[56 INFO root] 0.3630993366241455 0.5014814138412476 -0.6383336843653853
[56 INFO root] 0.3640896677970886 0.5007410049438477 -0.6043452701992857
[56 INFO root] 0.3650713264942169 0.5000580549240112 -0.5714178256335576
[56 INFO root] 0.3660435974597931 0.49942824244499207 -0.5393401817409382
[56 INFO root] 0.3670070767402649 0.49884727597236633 -0.5079371296128178
[56 INFO root] 0.3679632544517517 0.49831098318099976 -0.4770712024797137
[56 INFO root] 0.3689142167568207 0.49781563878059387 -0.44664295470409976
[56 INFO root] 0.3698624074459076 0.49735790491104126 -0.4165902299485549
[56 INFO root] 0.37081030011177063 0.49693503975868225 -0.3868867246380241
[56 INFO root] 0.37176039814949036 0.49654459953308105 -0.3575400229345098
[56 INFO root] 0.37271496653556824 0.496184766292572 -0.32858919718302126
[56 INFO root] 0.3736758828163147 0.49585404992103577 -0.30010202331696
[56 INFO root] 0.3746446669101715 0.4955512285232544 -0.2721718441695169
[56 INFO root] 0.37562236189842224 0.4952754080295563 -0.24491411541837163
[56 INFO root] 0.3766094744205475 0.4950258433818817 -0.2184626793855158
[56 INFO root] 0.377606064081192 0.4948018193244934 -0.19296582316885869
[56 INFO root] 0.3786117136478424 0.49460268020629883 -0.16858218326322771
[56 INFO root] 0.3796255588531494 0.4944275915622711 -0.14547655325767497
[56 INFO root] 0.38064637780189514 0.49427562952041626 -0.12381563261279663
[56 INFO root] 0.381672739982605 0.49414563179016113 -0.10376372500793196
[56 INFO root] 0.38270303606987 0.4940362572669983 -0.08547824559966724
[56 INFO root] 0.3837355673313141 0.4939458668231964 -0.06910479238944969
[56 INFO root] 0.3847687542438507 0.49387267231941223 -0.05477182515005221
[56 INFO root] 0.3858011066913605 0.4938145875930786 -0.04258511800695899
[56 INFO root] 0.3868313431739807 0.49376940727233887 -0.03262212584452076
[56 INFO root] 0.3878585994243622 0.49373486638069153 -0.0249263700374345
[56 INFO root] 0.38888221979141235 0.4937085509300232 -0.019501948352273393
[56 INFO root] 0.3899019658565521 0.49368810653686523 -0.016308308281034266
[56 INFO root] 0.39091789722442627 0.4936712086200714 -0.015255483688483973
[56 INFO root] 0.3919302523136139 0.49365565180778503 -0.01620006971721313
[56 INFO root] 0.3929385840892792 0.49363940954208374 -0.017484112119035687
[56 INFO root] 0.39394304156303406 0.49362197518348694 -0.018716934945963073
[56 INFO root] 0.3949440121650696 0.493603378534317 -0.019876171273898426
[56 INFO root] 0.39594173431396484 0.49358364939689636 -0.02096252485888275
[56 INFO root] 0.39693644642829895 0.4935629069805145 -0.021976638441904475
[56 INFO root] 0.3979282081127167 0.4935412108898163 -0.022917674123388992
[56 INFO root] 0.39891695976257324 0.4935186505317688 -0.023783283775031163
[56 INFO root] 0.39990246295928955 0.49349528551101685 -0.024570202739169454
[56 INFO root] 0.4008845388889313 0.49347123503685 -0.025274840396062787
[56 INFO root] 0.4018629789352417 0.49344655871391296 -0.025893759922041924
[56 INFO root] 0.4028376340866089 0.49342137575149536 -0.026424047648391704
[56 INFO root] 0.4038046598434448 0.4933958649635315 -0.02514408926386771
[56 INFO root] 0.4047621488571167 0.4933716654777527 -0.0210877518267554
[56 INFO root] 0.4057101607322693 0.4933512806892395 -0.013892225541657833
[56 INFO root] 0.40665000677108765 0.4933375418186188 -0.0033134171606790334
[56 INFO root] 0.4075840711593628 0.49333345890045166 0.010819802447801874
[56 INFO root] 0.4085157513618469 0.49334222078323364 0.028606511667940572
[56 INFO root] 0.40944936871528625 0.4933672845363617 0.05007807362843828
[56 INFO root] 0.4103899896144867 0.49341240525245667 0.07520457423456392
[56 INFO root] 0.411342978477478 0.49348184466362 0.10389932863962478
[56 INFO root] 0.41231393814086914 0.49358031153678894 0.13602261307951813
[56 INFO root] 0.41330820322036743 0.49371322989463806 0.1713851221971916
[56 INFO root] 0.41433069109916687 0.4938865900039673 0.20975099998346877
[56 INFO root] 0.415385365486145 0.49410703778266907 0.25084029051193174
[56 INFO root] 0.4164752662181854 0.49438172578811646 0.29433080516259014
[56 INFO root] 0.4176071882247925 0.4947197437286377 0.33969677028030243
[56 INFO root] 0.41878166794776917 0.4951290786266327 0.38647641124151166
[56 INFO root] 0.4199960231781006 0.49561694264411926 0.434204925490081
[56 INFO root] 0.4212456941604614 0.49618950486183167 0.482392815723993
[56 INFO root] 0.42252421379089355 0.49685150384902954 0.5305329665551299
[56 INFO root] 0.42382362484931946 0.49760571122169495 0.5781116348020043
[56 INFO root] 0.42513468861579895 0.4984525740146637 0.6246210335148247
[56 INFO root] 0.42644748091697693 0.49939000606536865 0.66957283206741
[56 INFO root] 0.4277520179748535 0.5004133582115173 0.712516238072262
[56 INFO root] 0.4290387034416199 0.5015155076980591 0.7530502935307194
[56 INFO root] 0.43029895424842834 0.5026873350143433 0.7908322506559136
[56 INFO root] 0.43152564764022827 0.5039181709289551 0.8255831156582961
[56 INFO root] 0.43271321058273315 0.5051962733268738 0.8570902056998526
[56 INFO root] 0.433856725692749 0.5065083503723145 0.8853775715221273
[56 INFO root] 0.4349499046802521 0.5078375339508057 0.9111555992606071
[56 INFO root] 0.4359916150569916 0.509173572063446 0.9345963444944407
[56 INFO root] 0.43698206543922424 0.5105077624320984 0.9558010551022744
[56 INFO root] 0.43792229890823364 0.5118327140808105 0.9748900427917959
[56 INFO root] 0.43881428241729736 0.5131425261497498 0.9920012907795
[56 INFO root] 0.43966057896614075 0.5144327282905579 1.0072838880074781
[56 INFO root] 0.44046422839164734 0.5157002210617065 1.0208934746901643
[56 INFO root] 0.44122859835624695 0.5169433355331421 1.0329903100609739
[56 INFO root] 0.4419572949409485 0.5181615948677063 1.0437375663356945
[56 INFO root] 0.4426540732383728 0.519355833530426 1.0533002681019714
[56 INFO root] 0.4433228075504303 0.5205279588699341 1.0618449425052627
[56 INFO root] 0.44396740198135376 0.5216808319091797 1.069539614019871
[56 INFO root] 0.444591760635376 0.5228182077407837 1.0765536695573343
[56 INFO root] 0.4451998174190521 0.5239446759223938 1.083057079448383
[56 INFO root] 0.44579529762268066 0.5250654816627502 1.08921839197026
[56 INFO root] 0.44638562202453613 0.5261933207511902 1.0941244224528377
[56 INFO root] 0.44697684049606323 0.5273368954658508 1.0973668195445156
[56 INFO root] 0.44757357239723206 0.5285007953643799 1.0990190704298193
[56 INFO root] 0.44818001985549927 0.5296889543533325 1.0992036732954522
[56 INFO root] 0.4487999379634857 0.5309044718742371 1.0980409999184502
[56 INFO root] 0.4494365453720093 0.5321495532989502 1.0956475950214022
[56 INFO root] 0.4500923156738281 0.533424973487854 1.092136642234183
[56 INFO root] 0.4507690370082855 0.5347301959991455 1.0876203229531851
[56 INFO root] 0.4514676630496979 0.5360632538795471 1.0822136061518017
[56 INFO root] 0.45218852162361145 0.5374210476875305 1.0760385367262522
[56 INFO root] 0.45293116569519043 0.538799524307251 1.0692279088753815
[56 INFO root] 0.4536944627761841 0.5401937961578369 1.0619273756184222
[56 INFO root] 0.45447680354118347 0.5415985584259033 1.0542954713023476
[56 INFO root] 0.4552760422229767 0.5430083274841309 1.0465015413848417
[56 INFO root] 0.4560895562171936 0.5444176197052002 1.0387220119985279
[56 INFO root] 0.45691442489624023 0.5458213090896606 1.0311357127257172
[56 INFO root] 0.45774757862091064 0.5472146272659302 1.023919756981514
[56 INFO root] 0.4585857093334198 0.5485935807228088 1.0172449924425846
[56 INFO root] 0.45942556858062744 0.5499545931816101 1.011271999687455
[56 INFO root] 0.4602639675140381 0.5512951016426086 1.0061481201808602
[56 INFO root] 0.46109890937805176 0.552614688873291 1.0020355394726568
[56 INFO root] 0.46192970871925354 0.5539156198501587 0.9990150640774125
[56 INFO root] 0.4627557098865509 0.5552000999450684 0.9971338534566463
[56 INFO root] 0.4635758101940155 0.5564698576927185 0.9964216069008829
[56 INFO root] 0.46438875794410706 0.5577262043952942 0.9968937356118068
[56 INFO root] 0.46519312262535095 0.5589703321456909 0.998553406109736
[56 INFO root] 0.4659874141216278 0.560202956199646 1.0013933171577543
[56 INFO root] 0.4667699933052063 0.561424732208252 1.0053972697990046
[56 INFO root] 0.46753937005996704 0.5626361966133118 1.0105415675655123
[56 INFO root] 0.4682939946651459 0.5638378262519836 1.0167966398240826
[56 INFO root] 0.46903249621391296 0.5650299191474915 1.0241285057144107
[56 INFO root] 0.469759464263916 0.5662225484848022 1.0319573302982226
[56 INFO root] 0.47047945857048035 0.5674247145652771 1.0397251375940904
[56 INFO root] 0.4711915850639343 0.5686349868774414 1.0473314666543796
[56 INFO root] 0.4718942940235138 0.5698503851890564 1.0547209275717577
[56 INFO root] 0.47258612513542175 0.5710676312446594 1.0618403463208315
[56 INFO root] 0.473265677690506 0.5722834467887878 1.068643618334917
[56 INFO root] 0.4739319086074829 0.5734947919845581 1.0750940543089516
[56 INFO root] 0.4745839834213257 0.574698805809021 1.081165298328776
[56 INFO root] 0.4752213954925537 0.5758931636810303 1.0868416504934781
[56 INFO root] 0.47584396600723267 0.5770758986473083 1.0921166005904135
[56 INFO root] 0.47645166516304016 0.5782454013824463 1.0969909373266835
[56 INFO root] 0.4770447015762329 0.5794005393981934 1.1014710959107858
[56 INFO root] 0.4776234030723572 0.5805404186248779 1.1055678226586076
[56 INFO root] 0.47818824648857117 0.581664502620697 1.1092951233805122
[56 INFO root] 0.47873976826667786 0.582772433757782 1.1126694531839358
[56 INFO root] 0.4792787432670593 0.5838644504547119 1.1157130000170408
[56 INFO root] 0.47980639338493347 0.5849419832229614 1.1184636366178233
[56 INFO root] 0.48032402992248535 0.5860064029693604 1.1209576926049747
[56 INFO root] 0.48083266615867615 0.5870591402053833 1.1232266497048513
[56 INFO root] 0.48133328557014465 0.588101327419281 1.125298134205401
[56 INFO root] 0.4818268120288849 0.5891342759132385 1.12719694555415
[56 INFO root] 0.48231399059295654 0.5901590585708618 1.128945826565215
[56 INFO root] 0.4827956557273865 0.5911768078804016 1.1305660254249525
[56 INFO root] 0.4832724928855896 0.5921886563301086 1.1320776915856887
[56 INFO root] 0.48374518752098083 0.5931956768035889 1.13350013398343
[56 INFO root] 0.4842144548892975 0.5941991209983826 1.1348519594869362
[56 INFO root] 0.4846808910369873 0.5952000617980957 1.1361511019299824
[56 INFO root] 0.48514512181282043 0.5961996912956238 1.137414747492867
[56 INFO root] 0.48560771346092224 0.5971990823745728 1.1386591608844865
[56 INFO root] 0.4860692024230957 0.5981993079185486 1.1398994191682756
[56 INFO root] 0.486529678106308 0.5992006659507751 1.1411394827522103
[56 INFO root] 0.48698922991752625 0.600203275680542 1.1423810398181071
[56 INFO root] 0.4874480068683624 0.6012074947357178 1.143629125422701
[56 INFO root] 0.48790624737739563 0.6022138595581055 1.1448915877595274
[56 INFO root] 0.48836424946784973 0.6032230854034424 1.1461773714737766
[56 INFO root] 0.48882225155830383 0.6042357087135315 1.1474948951912975
[56 INFO root] 0.48928043246269226 0.6052523255348206 1.148850681039806
[56 INFO root] 0.4897388517856598 0.6062731146812439 1.1502482957020352
[56 INFO root] 0.49019739031791687 0.6072980165481567 1.1516877014682207
[56 INFO root] 0.49065569043159485 0.6083263754844666 1.153159736930778
[56 INFO root] 0.49111300706863403 0.6093565821647644 1.1546457843076172
[56 INFO root] 0.4915684461593628 0.6103866100311279 1.1561199816003318
[56 INFO root] 0.4920208752155304 0.6114140152931213 1.1575516929499245
[56 INFO root] 0.4924692213535309 0.612436056137085 1.158907773416166
[56 INFO root] 0.4929123818874359 0.6134500503540039 1.160154542318656
[56 INFO root] 0.4933493435382843 0.6144533157348633 1.1612594225546482
[56 INFO root] 0.4937798082828522 0.6154446601867676 1.1622077892820417
[56 INFO root] 0.494204044342041 0.6164242625236511 1.1630040037260316
[56 INFO root] 0.49462243914604187 0.6173925399780273 1.1636528242961013
[56 INFO root] 0.49503523111343384 0.618349552154541 1.1641559314132113
[56 INFO root] 0.49544256925582886 0.6192953586578369 1.1645126079707093
[56 INFO root] 0.49584460258483887 0.6202297806739807 1.164720570797558
[56 INFO root] 0.4962413012981415 0.6211522817611694 1.1647716322940862
[56 INFO root] 0.49663639068603516 0.6220712661743164 1.1647751606032777
[56 INFO root] 0.4970313310623169 0.6229899525642395 1.1647751606032777
[56 INFO root] 0.497426301240921 0.6239086389541626 1.1647751606032777
[56 INFO root] 0.49782124161720276 0.6248273253440857 1.1647751606032777
[56 INFO root] 0.4982162117958069 0.6257460713386536 1.1647751606032777
[56 INFO root] 0.4986111521720886 0.6266647577285767 1.1647751606032777
[56 INFO root] 0.4989825189113617 0.6275285482406616 1.165420340661704
[56 INFO root] 0.49932488799095154 0.6283261775970459 1.1668477402028141
[56 INFO root] 0.49963948130607605 0.6290618777275085 1.1690176647482005
[56 INFO root] 0.49992814660072327 0.6297407746315002 1.1718858606010263
[56 INFO root] 0.5001925826072693 0.630367636680603 1.17541650142594
[56 INFO root] 0.5004345774650574 0.6309467554092407 1.1795809406284812
[56 INFO root] 0.5006556510925293 0.6314821243286133 1.1843566337470708
[56 INFO root] 0.5008574724197388 0.6319774389266968 1.1897261833145165
[56 INFO root] 0.5010415315628052 0.6324360370635986 1.1956767419697447
[56 INFO root] 0.5012092590332031 0.6328610777854919 1.2021993487786842
[56 INFO root] 0.5013619065284729 0.6332554817199707 1.2092885105070346
[56 INFO root] 0.5015007257461548 0.633621871471405 1.2169417706718153
[56 INFO root] 0.5016359090805054 0.6339869499206543 1.227505884521915
[56 INFO root] 0.501768946647644 0.6343578100204468 1.2414288969354625
[56 INFO root] 0.5018996596336365 0.6347385048866272 1.25883198697554
[56 INFO root] 0.5020278096199036 0.6351336240768433 1.2798359682290827
[56 INFO root] 0.5021529793739319 0.6355485320091248 1.3045548130428297
[56 INFO root] 0.5022741556167603 0.6359888911247253 1.333074826799457
[56 INFO root] 0.5023898482322693 0.6364607214927673 1.3654347305054066
[56 INFO root] 0.5024974942207336 0.6369697451591492 1.4016106639639092
[56 INFO root] 0.5025935769081116 0.6375210881233215 1.4415076924432053
[56 INFO root] 0.5026736259460449 0.6381192207336426 1.4849597265101175
[56 INFO root] 0.5027320384979248 0.6387671232223511 1.5317379719883293
[56 INFO root] 0.5027623772621155 0.6394662261009216 1.5815631285104486
[56 INFO root] 0.5027578473091125 0.6402164697647095 1.6341204770685562
[56 INFO root] 0.5027111172676086 0.6410156488418579 1.6890770346308341
[56 INFO root] 0.5026152729988098 0.6418600082397461 1.7460970628925006
[56 INFO root] 0.5024636387825012 0.6427438855171204 1.8048569528381735
[56 INFO root] 0.5022505521774292 0.6436603665351868 1.865055795368823
[56 INFO root] 0.5019713044166565 0.6446015238761902 1.9264235388232946
[56 INFO root] 0.5016222596168518 0.6455585360527039 1.9887252914190403
[56 INFO root] 0.5012012124061584 0.6465224027633667 2.0517618915967684
[56 INFO root] 0.5007069110870361 0.6474840044975281 2.115369096108999
[56 INFO root] 0.5001392960548401 0.6484344601631165 2.1794138892260886
[56 INFO root] 0.49949929118156433 0.6493653059005737 2.2437902624741213
[56 INFO root] 0.4987885653972626 0.6502686142921448 2.3084143921163243
[56 INFO root] 0.49800947308540344 0.6511369943618774 2.3732195331710453
[56 INFO root] 0.49716469645500183 0.651964008808136 2.438152248882346
[56 INFO root] 0.4962570369243622 0.652743935585022 2.50316459417059
[56 INFO root] 0.4952898621559143 0.6534714102745056 2.5682077348464105
[56 INFO root] 0.4942670166492462 0.6541412472724915 2.6332311539580533
[56 INFO root] 0.49319279193878174 0.6547489166259766 2.6981821363264955
[56 INFO root] 0.4920037090778351 0.6553226113319397 2.7620748508287334
[56 INFO root] 0.49069321155548096 0.6558544039726257 2.82427204044504
[56 INFO root] 0.4892713129520416 0.6563307046890259 2.88426216848331
[56 INFO root] 0.4877523183822632 0.6567398309707642 2.941587016771137
[56 INFO root] 0.48615366220474243 0.6570731401443481 2.9958560415280604
[56 INFO root] 0.4844945967197418 0.6573256254196167 3.046760930700241
[56 INFO root] 0.4827951192855835 0.6574958562850952 3.0940829508493226
[56 INFO root] 0.48107483983039856 0.6575857400894165 3.137692852651513
[56 INFO root] 0.4793519973754883 0.6575999855995178 -3.105640819538865
[56 INFO root] 0.4776429235935211 0.6575453877449036 -3.0695215573725805
[56 INFO root] 0.47596144676208496 0.6574301719665527 -3.0370502805909045
[56 INFO root] 0.4743189215660095 0.6572633385658264 -3.008098551733277
[56 INFO root] 0.47272416949272156 0.6570540070533752 -2.9825073985242327
[56 INFO root] 0.4711836874485016 0.656810998916626 -2.960099487097868
[56 INFO root] 0.46970677375793457 0.656543493270874 -2.940771878477721
[56 INFO root] 0.4683917760848999 0.6562787890434265 -2.925875394667058
[56 INFO root] 0.4672369062900543 0.6560277342796326 -2.9149086167483405
[56 INFO root] 0.4662257432937622 0.6557958126068115 -2.907225012832216
[56 INFO root] 0.4653414487838745 0.6555854678153992 -2.9022848921434314
[56 INFO root] 0.464567631483078 0.6553971171379089 -2.8996424158762584
[56 INFO root] 0.463888943195343 0.6552298665046692 -2.8989297005937673
[56 INFO root] 0.4632912278175354 0.6550819277763367 -2.899842933633558
[56 INFO root] 0.4627615809440613 0.6549513339996338 -2.9021311623357815
[56 INFO root] 0.46228843927383423 0.6548356413841248 -2.905586831405787
[56 INFO root] 0.46186143159866333 0.6547328233718872 -2.9100389505617437
[56 INFO root] 0.4614713191986084 0.6546406149864197 -2.915346845697759
[56 INFO root] 0.46111002564430237 0.6545572280883789 -2.921395561437015
[56 INFO root] 0.46077030897140503 0.6544809937477112 -2.9280912596347393
[56 INFO root] 0.4604457914829254 0.6544103622436523 -2.935356215598683
[56 INFO root] 0.4601305425167084 0.6543442010879517 -2.9431228138610543
[56 INFO root] 0.45981544256210327 0.6542805433273315 -2.9511912049158
[56 INFO root] 0.4594873785972595 0.6542170643806458 -2.9591721594747633
[56 INFO root] 0.4591427147388458 0.6541532278060913 -2.966994321778014
[56 INFO root] 0.4587792456150055 0.6540887951850891 -2.9746273946330306
[56 INFO root] 0.45839521288871765 0.6540238261222839 -2.982045193253111
[56 INFO root] 0.4579891860485077 0.6539582014083862 -2.989225795445416
[56 INFO root] 0.4575600326061249 0.6538919806480408 -2.996151587030323
[56 INFO root] 0.4571070373058319 0.6538253426551819 -3.002809188245257
[56 INFO root] 0.45662975311279297 0.6537583470344543 -3.009189274029375
[56 INFO root] 0.45612800121307373 0.6536912322044373 -3.0152863068604447
[56 INFO root] 0.45560193061828613 0.6536241173744202 -3.0210982032781737
[56 INFO root] 0.45505183935165405 0.6535571813583374 -3.026625955628225
[56 INFO root] 0.4544782340526581 0.6534906029701233 -3.0318732293302237
[56 INFO root] 0.4538818299770355 0.6534246206283569 -3.036845953604726
[56 INFO root] 0.45326343178749084 0.6533592939376831 -3.041551920567468
[56 INFO root] 0.4526238739490509 0.6532948017120361 -3.046000404322792
[56 INFO root] 0.45196419954299927 0.6532312631607056 -3.0502018084760842
[56 INFO root] 0.45128539204597473 0.653168797492981 -3.054167347553627
[56 INFO root] 0.4505884647369385 0.6531074047088623 -3.0579087652935493
[56 INFO root] 0.4498744606971741 0.6530472636222839 -3.0614380907089225
[56 INFO root] 0.4491444230079651 0.6529883742332458 -3.0647674312254396
[56 INFO root] 0.4483993947505951 0.6529307961463928 -3.0679088010277664
[56 INFO root] 0.4476402997970581 0.6528745293617249 -3.070873981957416
[56 INFO root] 0.44686809182167053 0.6528195738792419 -3.0736744138283645
[56 INFO root] 0.4460837244987488 0.6527659893035889 -3.076321110800077
[56 INFO root] 0.4452880024909973 0.6527137756347656 -3.0788246004132156
[56 INFO root] 0.4444817304611206 0.6526629328727722 -3.0811948819972987
[56 INFO root] 0.44366753101348877 0.6526134610176086 -3.0838978087283366
[56 INFO root] 0.4428480863571167 0.6525659561157227 -3.0875212947011677
[56 INFO root] 0.44202375411987305 0.652521014213562 -3.092126691035349
[56 INFO root] 0.4411945044994354 0.6524795889854431 -3.0977104602948047
[56 INFO root] 0.4403602182865143 0.6524425148963928 -3.104262692324236
[56 INFO root] 0.4395207166671753 0.6524105668067932 -3.1117671720018696
[56 INFO root] 0.4386756718158722 0.6523847579956055 -3.1202014950879673
[56 INFO root] 0.43782487511634827 0.6523658037185669 -3.129537165738475
[56 INFO root] 0.4369679391384125 0.6523547172546387 -3.139739674061691
[56 INFO root] 0.43610453605651855 0.6523522138595581 3.13241674981654
[56 INFO root] 0.4352343678474426 0.6523592472076416 3.1206078562593187
[56 INFO root] 0.4343571364879608 0.652376651763916 3.1080711710196733
[56 INFO root] 0.43347251415252686 0.6524052023887634 3.0948647112557413
[56 INFO root] 0.4325803518295288 0.6524457335472107 3.081052219111951
[56 INFO root] 0.43168050050735474 0.6524990797042847 3.066703057335379
[56 INFO root] 0.4307728707790375 0.6525658369064331 3.051892060881268
[56 INFO root] 0.4298575222492218 0.6526468396186829 3.0366993310611146
[56 INFO root] 0.4289345443248749 0.6527426242828369 3.02120995923412
[56 INFO root] 0.4280041754245758 0.6528536677360535 3.0055136682631107
[56 INFO root] 0.42706677317619324 0.6529805660247803 2.989704362023902
[56 INFO root] 0.4261228144168854 0.6531235575675964 2.973879576198708
[56 INFO root] 0.4251728057861328 0.6532828211784363 2.9581398273529387
[56 INFO root] 0.42421743273735046 0.6534585356712341 2.942587807408708
[56 INFO root] 0.423257440328598 0.6536506414413452 2.927327941913919
[56 INFO root] 0.42229369282722473 0.6538587808609009 2.9124657318647116
[56 INFO root] 0.42132705450057983 0.6540827751159668 2.898106573127064
[56 INFO root] 0.42035841941833496 0.6543219089508057 2.884354451893706
[56 INFO root] 0.4193887710571289 0.6545755863189697 2.8713106629677707
[56 INFO root] 0.4184189736843109 0.6548429131507874 2.8590725905123384
[56 INFO root] 0.4174499213695526 0.6551229357719421 2.84773257731462
[56 INFO root] 0.41648244857788086 0.6554145216941833 2.8373769041113266
[56 INFO root] 0.41551727056503296 0.6557164192199707 2.8280848951906967
[56 INFO root] 0.41455504298210144 0.6560273766517639 2.819928160387684
[56 INFO root] 0.4135962128639221 0.6563460230827332 2.812969977223421
[56 INFO root] 0.4126412272453308 0.6566709280014038 2.807264810810158
[56 INFO root] 0.41169026494026184 0.6570006608963013 2.802857963697409
[56 INFO root] 0.41074338555336 0.6573337912559509 2.7997853434295776
[56 INFO root] 0.40980055928230286 0.6576688885688782 2.7980734812849195
[56 INFO root] 0.40886154770851135 0.6580045819282532 2.797739423050867
[56 INFO root] 0.40792036056518555 0.6583415865898132 2.797719811362542
[56 INFO root] 0.40697890520095825 0.6586787104606628 2.797719811362542
[56 INFO root] 0.40603744983673096 0.6590158343315125 2.797719811362542
[56 INFO root] 0.40509599447250366 0.6593529582023621 2.797719811362542
[56 INFO root] 0.40415453910827637 0.6596901416778564 2.797719811362542
[56 INFO root] 0.4032130837440491 0.660027265548706 2.797719811362542
[56 INFO root] 0.4022716283798218 0.6603643894195557 2.797719811362542
[56 INFO root] 0.4013301730155945 0.6607015132904053 2.797719811362542
[56 INFO root] 0.4003887176513672 0.6610386371612549 2.797719811362542
[56 INFO root] 0.3994472622871399 0.6613758206367493 2.797719811362542
[56 INFO root] 0.3985058069229126 0.6617129445075989 2.797719811362542
[56 INFO root] 0.3975643515586853 0.6620500683784485 2.797719811362542
[56 INFO root] 0.396622896194458 0.6623871922492981 2.797719811362542
[56 INFO root] 0.3956814408302307 0.6627243161201477 2.797719811362542
[56 INFO root] 0.3947399854660034 0.6630614995956421 2.797719811362542
[56 INFO root] 0.3937985301017761 0.6633986234664917 2.797719811362542
[56 INFO root] 0.39285707473754883 0.6637357473373413 2.797719811362542
[56 INFO root] 0.39191561937332153 0.6640728712081909 2.797719811362542
[56 INFO root] 0.39097416400909424 0.6644099950790405 2.797719811362542
[56 INFO root] 0.39003270864486694 0.6647471785545349 2.797719811362542
[56 INFO root] 0.38909125328063965 0.6650843024253845 2.797719811362542
[56 INFO root] 0.38814979791641235 0.6654214262962341 2.797719811362542
[56 INFO root] 0.38720834255218506 0.6657585501670837 2.797719811362542
[56 INFO root] 0.38626688718795776 0.6660956740379333 2.797719811362542
[56 INFO root] 0.38532543182373047 0.6664328575134277 2.797719811362542
[56 INFO root] 0.3843839764595032 0.6667699813842773 2.797719811362542
[56 INFO root] 0.3834425210952759 0.667107105255127 2.797719811362542
[56 INFO root] 0.3825010657310486 0.6674442291259766 2.797719811362542
[56 INFO root] 0.3815596103668213 0.6677813529968262 2.797719811362542
[56 INFO root] 0.380618155002594 0.6681185364723206 2.797719811362542
[56 INFO root] 0.3796766996383667 0.6684556603431702 2.797719811362542
[56 INFO root] 0.3787352442741394 0.6687927842140198 2.797719811362542
[56 INFO root] 0.3777937889099121 0.6691299080848694 2.797719811362542
[56 INFO root] 0.3768523335456848 0.669467031955719 2.797719811362542
[56 INFO root] 0.3759108781814575 0.6698042154312134 2.797719811362542
[56 INFO root] 0.3749694228172302 0.670141339302063 2.797719811362542
[56 INFO root] 0.37402796745300293 0.6704784631729126 2.797719811362542
[56 INFO root] 0.37308651208877563 0.6708155870437622 2.797719811362542
[56 INFO root] 0.37214505672454834 0.6711527109146118 2.797719811362542
[56 INFO root] 0.37120360136032104 0.6714898943901062 2.797719811362542
[56 INFO root] 0.37026214599609375 0.6718270182609558 2.797719811362542
[56 INFO root] 0.36932069063186646 0.6721641421318054 2.797719811362542
[56 INFO root] 0.3683792054653168 0.672501266002655 2.797719811362542
[56 INFO root] 0.3674377501010895 0.6728383898735046 2.797719811362542
[56 INFO root] 0.3664962947368622 0.673175573348999 2.797719811362542
[56 INFO root] 0.3655548393726349 0.6735126972198486 2.797719811362542
[56 INFO root] 0.3646133840084076 0.6738498210906982 2.797719811362542
[56 INFO root] 0.3636719286441803 0.6741869449615479 2.797719811362542
[56 INFO root] 0.362730473279953 0.6745240688323975 2.797719811362542
[56 INFO root] 0.3617890179157257 0.6748612523078918 2.797719811362542
[56 INFO root] 0.3608475625514984 0.6751983761787415 2.797719811362542
[56 INFO root] 0.3599061071872711 0.6755355000495911 2.797719811362542
[56 INFO root] 0.3589646518230438 0.6758726239204407 2.797719811362542
[56 INFO root] 0.35802319645881653 0.6762097477912903 2.797719811362542
[56 INFO root] 0.35708174109458923 0.6765469312667847 2.797719811362542
[56 INFO root] 0.35614028573036194 0.6768840551376343 2.797719811362542
[56 INFO root] 0.35519883036613464 0.6772211790084839 2.797719811362542
[56 INFO root] 0.35425737500190735 0.6775583028793335 2.797719811362542
[56 INFO root] 0.35331591963768005 0.6778954267501831 2.797719811362542
[56 INFO root] 0.35237446427345276 0.6782326102256775 2.797719811362542
[56 INFO root] 0.35143300890922546 0.6785697340965271 2.797719811362542
[56 INFO root] 0.35049155354499817 0.6789068579673767 2.797719811362542
[56 INFO root] 0.3495500981807709 0.6792439818382263 2.797719811362542
[56 INFO root] 0.3486086428165436 0.6795811057090759 2.797719811362542
[56 INFO root] 0.3476671874523163 0.6799182891845703 2.797719811362542
[56 INFO root] 0.346725732088089 0.6802554130554199 2.797719811362542
[56 INFO root] 0.3457842767238617 0.6805925369262695 2.797719811362542
[56 INFO root] 0.3448428213596344 0.6809296607971191 2.797719811362542
[56 INFO root] 0.3439013659954071 0.6812667846679688 2.797719811362542
[56 INFO root] 0.3429599106311798 0.6816039681434631 2.797719811362542
[56 INFO root] 0.3420184552669525 0.6819410920143127 2.797719811362542
[56 INFO root] 0.3410769999027252 0.6822782158851624 2.797719811362542
[56 INFO root] 0.3401355445384979 0.682615339756012 2.797719811362542
[56 INFO root] 0.33919408917427063 0.6829524636268616 2.797719811362542
[56 INFO root] 0.33825263381004333 0.683289647102356 2.797719811362542
[56 INFO root] 0.33731117844581604 0.6836267709732056 2.797719811362542
[56 INFO root] 0.33636972308158875 0.6839638948440552 2.797719811362542
[56 INFO root] 0.33542826771736145 0.6843010187149048 2.797719811362542
[56 INFO root] 0.33448681235313416 0.6846381425857544 2.797719811362542
[56 INFO root] 0.33354535698890686 0.6849753260612488 2.797719811362542
[56 INFO root] 0.33260390162467957 0.6853124499320984 2.797719811362542
[56 INFO root] 0.33166244626045227 0.685649573802948 2.797719811362542
[56 INFO root] 0.330720990896225 0.6859866976737976 2.797719811362542
[56 INFO root] 0.3297795355319977 0.6863238215446472 2.797719811362542
[56 INFO root] 0.3288380801677704 0.6866610050201416 2.797719811362542
[56 INFO root] 0.3278966248035431 0.6869981288909912 2.797719811362542
[56 INFO root] 0.3269551694393158 0.6873352527618408 2.797719811362542
[56 INFO root] 0.3260136842727661 0.6876723766326904 2.797719811362542
[56 INFO root] 0.3250722289085388 0.68800950050354 2.797719811362542
[56 INFO root] 0.3241307735443115 0.6883466839790344 2.797719811362542
[56 INFO root] 0.32318931818008423 0.688683807849884 2.797719811362542
[56 INFO root] 0.32224786281585693 0.6890209317207336 2.797719811362542
[56 INFO root] 0.32130640745162964 0.6893580555915833 2.797719811362542
[56 INFO root] 0.32036495208740234 0.6896951794624329 2.797719811362542
[56 INFO root] 0.31942349672317505 0.6900323629379272 2.797719811362542
[56 INFO root] 0.31848204135894775 0.6903694868087769 2.797719811362542
[56 INFO root] 0.31754058599472046 0.6907066106796265 2.797719811362542
[56 INFO root] 0.31659913063049316 0.6910437345504761 2.797719811362542
[56 INFO root] 0.31565767526626587 0.6913808584213257 2.797719811362542
[56 INFO root] 0.3147162199020386 0.6917180418968201 2.797719811362542
[56 INFO root] 0.3137747645378113 0.6920551657676697 2.797719811362542
[56 INFO root] 0.312833309173584 0.6923922896385193 2.797719811362542
[56 INFO root] 0.3118918538093567 0.6927294135093689 2.797719811362542
[56 INFO root] 0.3109503984451294 0.6930665373802185 2.797719811362542
[56 INFO root] 0.3100089430809021 0.6934037208557129 2.797719811362542
[56 INFO root] 0.3090674877166748 0.6937408447265625 2.797719811362542
[56 INFO root] 0.3081260323524475 0.6940779685974121 2.797719811362542
[56 INFO root] 0.3071845769882202 0.6944150924682617 2.797719811362542
[56 INFO root] 0.3062431216239929 0.6947522163391113 2.797719811362542
[56 INFO root] 0.3053016662597656 0.6950893998146057 2.797719811362542
[56 INFO root] 0.30436021089553833 0.6954265236854553 2.797719811362542
[56 INFO root] 0.30341875553131104 0.6957636475563049 2.797719811362542
[56 INFO root] 0.30247730016708374 0.6961007714271545 2.797719811362542
[56 INFO root] 0.30153584480285645 0.6964378952980042 2.797719811362542
[56 INFO root] 0.30059438943862915 0.6967750787734985 2.797719811362542
[56 INFO root] 0.29965293407440186 0.6971122026443481 2.797719811362542
[56 INFO root] 0.29871147871017456 0.6974493265151978 2.797719811362542
[56 INFO root] 0.29777002334594727 0.6977864503860474 2.797719811362542
[56 INFO root] 0.29682856798171997 0.698123574256897 2.797719811362542
[56 INFO root] 0.2958871126174927 0.6984607577323914 2.797719811362542
[56 INFO root] 0.2949456572532654 0.698797881603241 2.797719811362542
[56 INFO root] 0.2940042018890381 0.6991350054740906 2.797719811362542
[56 INFO root] 0.2930627465248108 0.6994721293449402 2.797719811362542
[56 INFO root] 0.2921212911605835 0.6998092532157898 2.797719811362542
[56 INFO root] 0.2911798357963562 0.7001464366912842 2.797719811362542
[56 INFO root] 0.2902383804321289 0.7004835605621338 2.797719811362542
[56 INFO root] 0.2892969250679016 0.7008206844329834 2.797719811362542
[56 INFO root] 0.2883554697036743 0.701157808303833 2.797719811362542
[56 INFO root] 0.287414014339447 0.7014949321746826 2.797719811362542
[56 INFO root] 0.2864725589752197 0.701832115650177 2.797719811362542
[56 INFO root] 0.28553110361099243 0.7021692395210266 2.797719811362542
[56 INFO root] 0.28458961844444275 0.7025063633918762 2.797719811362542
[56 INFO root] 0.28364816308021545 0.7028434872627258 2.797719811362542
[56 INFO root] 0.28270670771598816 0.7031806111335754 2.797719811362542
[56 INFO root] 0.28176525235176086 0.7035177946090698 2.797719811362542
[56 INFO root] 0.28082379698753357 0.7038549184799194 2.797719811362542
[56 INFO root] 0.2798823416233063 0.704192042350769 2.797719811362542
[56 INFO root] 0.278940886259079 0.7045291662216187 2.797719811362542
[56 INFO root] 0.2779994308948517 0.7048662900924683 2.797719811362542
[56 INFO root] 0.2770579755306244 0.7052034735679626 2.797719811362542
[56 INFO root] 0.2761165201663971 0.7055405974388123 2.797719811362542
[56 INFO root] 0.2751750648021698 0.7058777213096619 2.797719811362542
[56 INFO root] 0.2742336094379425 0.7062148451805115 2.797719811362542
[56 INFO root] 0.2732921540737152 0.7065519690513611 2.797719811362542
[56 INFO root] 0.2723563611507416 0.7068871259689331 2.7975156517380397
[56 INFO root] 0.27144619822502136 0.7072132229804993 2.7963901779159825
[56 INFO root] 0.27056416869163513 0.7075302600860596 2.794267597904177
[56 INFO root] 0.26971036195755005 0.7078391313552856 2.7911556142550373
[56 INFO root] 0.2688845694065094 0.7081406712532043 2.787065757879242
[56 INFO root] 0.2680862545967102 0.7084358334541321 2.782013251416211
[56 INFO root] 0.2673146724700928 0.7087253928184509 2.7760170509206943
[56 INFO root] 0.26656877994537354 0.7090104222297668 2.7690997811225126
[56 INFO root] 0.265847384929657 0.7092916965484619 2.7612876458072613
[56 INFO root] 0.2651490271091461 0.7095702290534973 2.752610372962891
[56 INFO root] 0.2644720673561096 0.7098469734191895 2.7431012341315166
[56 INFO root] 0.2638145387172699 0.7101230621337891 2.732809789246266
[56 INFO root] 0.26317423582077026 0.7103996276855469 2.721796000553558
[56 INFO root] 0.26254892349243164 0.7106778621673584 2.710122481254512
[56 INFO root] 0.2619364857673645 0.7109589576721191 2.6978529235719164
[56 INFO root] 0.2613348066806793 0.7112440466880798 2.685051925030251
[56 INFO root] 0.2607419490814209 0.711534321308136 2.671784828096214
[56 INFO root] 0.2601560652256012 0.7118307948112488 2.6581174812614914
[56 INFO root] 0.25957539677619934 0.7121346592903137 2.6441159342147755
[56 INFO root] 0.25899839401245117 0.712446928024292 2.629846083923633
[56 INFO root] 0.2584235966205597 0.7127686738967896 2.6153732899683226
[56 INFO root] 0.257849782705307 0.7131009101867676 2.6007619778434545
[56 INFO root] 0.2572758197784424 0.7134444713592529 2.586075248078643
[56 INFO root] 0.2567008137702942 0.7138002514839172 2.5713745070108245
[56 INFO root] 0.2561239004135132 0.7141689658164978 2.556719132103048
[56 INFO root] 0.255544513463974 0.7145514488220215 2.542166181179437
[56 INFO root] 0.25496211647987366 0.7149481773376465 2.527770151204844
[56 INFO root] 0.2543763518333435 0.7153596878051758 2.513582788634204
[56 INFO root] 0.25378692150115967 0.7157863974571228 2.4996529501806086
[56 INFO root] 0.2531936764717102 0.7162286043167114 2.4860265103031565
[56 INFO root] 0.25259652733802795 0.7166865468025208 2.472746309897516
[56 INFO root] 0.2519954442977905 0.7171603441238403 2.4598521395929622
[56 INFO root] 0.2513904571533203 0.7176500558853149 2.447380750656542
[56 INFO root] 0.2507816255092621 0.7181556224822998 2.4353658866639445
[56 INFO root] 0.2501690685749054 0.7186768651008606 2.4238383296801533
[56 INFO root] 0.2495528757572174 0.719213604927063 2.4128259555567975
[56 INFO root] 0.24893318116664886 0.7197656035423279 2.4023537939668973
[56 INFO root] 0.24831005930900574 0.7203325629234314 2.3924440898494352
[56 INFO root] 0.24768364429473877 0.7209139466285706 2.383116363943198
[56 INFO root] 0.24705399572849274 0.7215095162391663 2.374387470991422
[56 INFO root] 0.2464211881160736 0.722118616104126 2.3662716549629343
[56 INFO root] 0.24578525125980377 0.722740888595581 2.3587806012472945
[56 INFO root] 0.24514621496200562 0.723375678062439 2.3519234862404708
[56 INFO root] 0.24450403451919556 0.7240225076675415 2.345707025057155
[56 INFO root] 0.2438586801290512 0.7246807217597961 2.3401355183024797
[56 INFO root] 0.2432100474834442 0.7253497838973999 2.335210898931434
[56 INFO root] 0.2425580620765686 0.7260290384292603 2.330932780240591
[56 INFO root] 0.24190257489681244 0.7267179489135742 2.327298505994665
[56 INFO root] 0.24124343693256378 0.7274158000946045 2.3243032036077866
[56 INFO root] 0.2405804544687271 0.7281220555305481 2.321939841192321
[56 INFO root] 0.2399134337902069 0.7288361191749573 2.3201992891683676
[56 INFO root] 0.23924215137958527 0.7295572757720947 2.319070387003966
[56 INFO root] 0.23856638371944427 0.7302849888801575 2.318540015535825
[56 INFO root] 0.23788678646087646 0.7310177683830261 2.318492950381676
[56 INFO root] 0.2372068166732788 0.731751024723053 2.318492950381676
[56 INFO root] 0.23652687668800354 0.7324842810630798 2.318492950381676
[56 INFO root] 0.23584692180156708 0.7332175374031067 2.318492950381676
[56 INFO root] 0.23516696691513062 0.7339507937431335 2.318492950381676
[56 INFO root] 0.23448701202869415 0.7346840500831604 2.318492950381676
[56 INFO root] 0.23380707204341888 0.7354173064231873 2.318492950381676
[56 INFO root] 0.23312711715698242 0.7361505627632141 2.318492950381676
[56 INFO root] 0.23244716227054596 0.736883819103241 2.318492950381676
[56 INFO root] 0.2317672073841095 0.7376170754432678 2.318492950381676
[56 INFO root] 0.23108725249767303 0.7383503317832947 2.318492950381676
[56 INFO root] 0.23040731251239777 0.7390835881233215 2.318492950381676
[56 INFO root] 0.2297273576259613 0.7398168444633484 2.318492950381676
[56 INFO root] 0.22904740273952484 0.7405501008033752 2.318492950381676
[56 INFO root] 0.22836744785308838 0.7412833571434021 2.318492950381676
[56 INFO root] 0.2276875078678131 0.742016613483429 2.318492950381676
[56 INFO root] 0.22700755298137665 0.7427498698234558 2.318492950381676
[56 INFO root] 0.22632759809494019 0.7434831261634827 2.318492950381676
[56 INFO root] 0.22564764320850372 0.7442163825035095 2.318492950381676
[56 INFO root] 0.22496768832206726 0.7449496388435364 2.318492950381676
[56 INFO root] 0.224287748336792 0.7456828951835632 2.318492950381676
[56 INFO root] 0.22360779345035553 0.7464161515235901 2.318492950381676
[56 INFO root] 0.22292783856391907 0.7471494078636169 2.318492950381676
[56 INFO root] 0.2222478836774826 0.7478826642036438 2.318492950381676
[56 INFO root] 0.22156794369220734 0.7486159205436707 2.318492950381676
[56 INFO root] 0.22088798880577087 0.7493491768836975 2.318492950381676
[56 INFO root] 0.2202080339193344 0.7500824332237244 2.318492950381676
[56 INFO root] 0.21952807903289795 0.7508156895637512 2.318492950381676
[56 INFO root] 0.2188481241464615 0.7515489459037781 2.318492950381676
[56 INFO root] 0.21816818416118622 0.7522822022438049 2.318492950381676
[56 INFO root] 0.21748822927474976 0.7530154585838318 2.318492950381676
[56 INFO root] 0.2168082743883133 0.7537487149238586 2.318492950381676
[56 INFO root] 0.21612831950187683 0.7544819712638855 2.318492950381676
[56 INFO root] 0.21544837951660156 0.7552152276039124 2.318492950381676
[56 INFO root] 0.2147684246301651 0.7559484839439392 2.318492950381676
[56 INFO root] 0.21408846974372864 0.7566817402839661 2.318492950381676
[56 INFO root] 0.21340851485729218 0.7574149966239929 2.318492950381676
[56 INFO root] 0.2127285599708557 0.7581482529640198 2.318492950381676
[56 INFO root] 0.21204861998558044 0.7588815093040466 2.318492950381676
[56 INFO root] 0.21136866509914398 0.7596147656440735 2.318492950381676
[56 INFO root] 0.21068871021270752 0.7603480219841003 2.318492950381676
[56 INFO root] 0.21000875532627106 0.7610812783241272 2.318492950381676
[56 INFO root] 0.2093288153409958 0.761814534664154 2.318492950381676
[56 INFO root] 0.20864886045455933 0.7625477910041809 2.318492950381676
[56 INFO root] 0.20796890556812286 0.7632810473442078 2.318492950381676
[56 INFO root] 0.2072889506816864 0.7640143036842346 2.318492950381676
[56 INFO root] 0.20660899579524994 0.7647475600242615 2.318492950381676
[56 INFO root] 0.20592905580997467 0.7654808163642883 2.318492950381676
[56 INFO root] 0.2052491009235382 0.7662140727043152 2.318492950381676
[56 INFO root] 0.20456914603710175 0.766947329044342 2.318492950381676
[56 INFO root] 0.20388919115066528 0.7676805853843689 2.318492950381676
[56 INFO root] 0.20320925116539001 0.7684138417243958 2.318492950381676
[56 INFO root] 0.20252929627895355 0.7691470980644226 2.318492950381676
[56 INFO root] 0.2018493413925171 0.7698803544044495 2.318492950381676
[56 INFO root] 0.20116938650608063 0.7706136107444763 2.318492950381676
[56 INFO root] 0.20048943161964417 0.7713468670845032 2.318492950381676
[56 INFO root] 0.1998094916343689 0.77208012342453 2.318492950381676
[56 INFO root] 0.19912953674793243 0.7728133797645569 2.318492950381676
[56 INFO root] 0.19844958186149597 0.7735466361045837 2.318492950381676
[56 INFO root] 0.1977696269750595 0.7742798924446106 2.318492950381676
[56 INFO root] 0.19708968698978424 0.7750131487846375 2.318492950381676
[56 INFO root] 0.19640973210334778 0.7757464051246643 2.318492950381676
[56 INFO root] 0.19573600590229034 0.7764729857444763 2.3190527971187573
[56 INFO root] 0.19507759809494019 0.7771822810173035 2.32101938386924
[56 INFO root] 0.19443418085575104 0.7778729200363159 2.3244517138080094
[56 INFO root] 0.19380426406860352 0.7785446047782898 2.329318558810424
[56 INFO root] 0.19318631291389465 0.7791973352432251 2.335590280416319
[56 INFO root] 0.1925787776708603 0.7798312902450562 2.343239300579267
[56 INFO root] 0.19198006391525269 0.7804466485977173 2.352240153663311
[56 INFO root] 0.1913885921239853 0.7810439467430115 2.362569041857062
[56 INFO root] 0.19080273807048798 0.7816235423088074 2.3742042480038332
[56 INFO root] 0.19022086262702942 0.7821861505508423 2.387125300568932
[56 INFO root] 0.1896413117647171 0.782732367515564 2.4013133338954944
[56 INFO root] 0.18906235694885254 0.7832628488540649 2.4167504295509956
[56 INFO root] 0.18848228454589844 0.783778190612793 2.43341923726167
[56 INFO root] 0.18789930641651154 0.7842791676521301 2.451302400684973
[56 INFO root] 0.1873134821653366 0.7847647070884705 2.4702063610400593
[56 INFO root] 0.186724454164505 0.7852345705032349 2.4900057390515022
[56 INFO root] 0.18613119423389435 0.7856889367103577 2.510648804336497
[56 INFO root] 0.18553270399570465 0.786128044128418 2.5320887031514303
[56 INFO root] 0.1849280744791031 0.7865521311759949 2.554276427850924
[56 INFO root] 0.1843165010213852 0.7869611978530884 2.5771611870085187
[56 INFO root] 0.18369729816913605 0.7873552441596985 2.600690205156633
[56 INFO root] 0.18306989967823029 0.7877340912818909 2.624809151093698
[56 INFO root] 0.1824338436126709 0.788097620010376 2.6494622074893406
[56 INFO root] 0.18178889155387878 0.7884454131126404 2.6745907385804712
[56 INFO root] 0.18113496899604797 0.7887771725654602 2.700132261088942
[56 INFO root] 0.1804722547531128 0.7890924215316772 2.726021728277741
[56 INFO root] 0.17980113625526428 0.7893906831741333 2.7521924661827426
[56 INFO root] 0.1791222095489502 0.7896713614463806 2.778577456215188
[56 INFO root] 0.178436279296875 0.789933979511261 2.8051102389974947
[56 INFO root] 0.17774435877799988 0.7901780605316162 2.831726337466273
[56 INFO root] 0.17704761028289795 0.7904031872749329 2.858364277756761
[56 INFO root] 0.17634733021259308 0.7906090617179871 2.8849665371407904
[56 INFO root] 0.1756448894739151 0.7907953858375549 2.911480486607972
[56 INFO root] 0.1749417930841446 0.7909620404243469 2.9378587775384513
[56 INFO root] 0.17423951625823975 0.7911090850830078 2.9640600458032647
[56 INFO root] 0.17353951930999756 0.7912365794181824 2.990049389614938
[56 INFO root] 0.17284324765205383 0.7913448214530945 3.0157981574030592
[56 INFO root] 0.17215202748775482 0.7914340496063232 3.0412842163876337
[56 INFO root] 0.17146709561347961 0.7915047407150269 3.0664912458940186
[56 INFO root] 0.17078953981399536 0.7915574908256531 3.0914087080240455
[56 INFO root] 0.1701202541589737 0.7915927767753601 3.116031464791783
[56 INFO root] 0.1694599986076355 0.7916113138198853 3.1403586007318824
[56 INFO root] 0.16880932450294495 0.7916136980056763 -3.1187920982600166
[56 INFO root] 0.16816861927509308 0.7916007041931152 -3.095044073491
[56 INFO root] 0.16753803193569183 0.7915728092193604 -3.071574217387845
[56 INFO root] 0.1669175773859024 0.7915307879447937 -3.0483732805336
[56 INFO root] 0.16630707681179047 0.7914751768112183 -3.0254311866960806
[56 INFO root] 0.16570618748664856 0.7914064526557922 -3.0027383337608584
[56 INFO root] 0.16511446237564087 0.7913251519203186 -2.9802864883963083
[56 INFO root] 0.16453129053115845 0.791231632232666 -2.9580692091150245
[56 INFO root] 0.16395597159862518 0.7911261320114136 -2.936082860438026
[56 INFO root] 0.163387730717659 0.7910090088844299 -2.91432743846287
[56 INFO root] 0.16282570362091064 0.7908803224563599 -2.89280667765652
[56 INFO root] 0.16226904094219208 0.7907401919364929 -2.8715291529467266
[56 INFO root] 0.16171683371067047 0.7905886173248291 -2.8505084469296667
[56 INFO root] 0.161168172955513 0.7904254794120789 -2.8297636599441067
[56 INFO root] 0.16062220931053162 0.7902507185935974 -2.8093198755346447
[56 INFO root] 0.16007810831069946 0.7900642156600952 -2.7892080641595247
[56 INFO root] 0.15953515470027924 0.7898657917976379 -2.7694651784698157
[56 INFO root] 0.15899264812469482 0.7896552681922913 -2.7501341328941096
[56 INFO root] 0.15845003724098206 0.7894325256347656 -2.7312635686011775
[56 INFO root] 0.1579069048166275 0.7891974449157715 -2.7129072774898906
[56 INFO root] 0.1573629528284073 0.7889500260353088 -2.695123625049414
[56 INFO root] 0.15681800246238708 0.7886903882026672 -2.6779745832728588
[56 INFO root] 0.1562720537185669 0.7884185910224915 -2.661524615665894
[56 INFO root] 0.15572524070739746 0.7881349921226501 -2.645839844752088
[56 INFO root] 0.15517789125442505 0.7878400683403015 -2.630986401033868
[56 INFO root] 0.1546304076910019 0.7875344753265381 -2.6170290535999308
[56 INFO root] 0.15408334136009216 0.7872189283370972 -2.6040298430548554
[56 INFO root] 0.1535373479127884 0.7868943810462952 -2.592047036786424
[56 INFO root] 0.1529931277036667 0.7865619659423828 -2.5811339001413978
[56 INFO root] 0.15245147049427032 0.7862228155136108 -2.5713377875154184
[56 INFO root] 0.1519131064414978 0.7858783006668091 -2.562699840543783
[56 INFO root] 0.15137879550457 0.7855297327041626 -2.555254520233954
[56 INFO root] 0.15084847807884216 0.7851780652999878 -2.5489934638690444
[56 INFO root] 0.15030398964881897 0.7848119139671326 -2.5430319102598387
[56 INFO root] 0.1497451514005661 0.7844312787055969 -2.537256506376688
[56 INFO root] 0.1491740196943283 0.7840373516082764 -2.5316450152919345
[56 INFO root] 0.1485924869775772 0.783631443977356 -2.5261744368813965
[56 INFO root] 0.1480022370815277 0.7832145690917969 -2.520822037739102
[56 INFO root] 0.14740481972694397 0.7827878594398499 -2.5155657671226312
[56 INFO root] 0.14680154621601105 0.7823521494865417 -2.5103846179133904
[56 INFO root] 0.14619362354278564 0.7819082736968994 -2.5052589329509893
[56 INFO root] 0.14558206498622894 0.7814568877220154 -2.500170655933634
[56 INFO root] 0.14496776461601257 0.7809986472129822 -2.495103529179618
[56 INFO root] 0.14435148239135742 0.780534029006958 -2.490043244133903
[56 INFO root] 0.14373382925987244 0.7800634503364563 -2.4849775517372454
[56 INFO root] 0.1431153118610382 0.7795872688293457 -2.479896340453499
[56 INFO root] 0.14249633252620697 0.7791056632995605 -2.474791690271591
[56 INFO root] 0.1418772041797638 0.7786189317703247 -2.4696579095925295
[56 INFO root] 0.1412581354379654 0.7781270146369934 -2.464491561239216
