[15 INFO root] Initialising Python Geth Console...
[15 INFO root] Initialising RandB board...
[15 INFO root] Initialising resource sensor...
[15 INFO root] Initialising random-walk...
[15 INFO root] Initialising navigation...
[15 INFO root] Initialising Odo...
[15 INFO root] Initialising odometry...
[15 INFO root] Initialising gps...
[15 INFO root] Initialising Ground sensor...
[15 INFO root] --//-- Starting Experiment --//--
[15 INFO root] x y direction
[15 INFO root] 0.45719999074935913 -0.6034529805183411 -0.050474921967676126
[15 INFO root] 0.45701250433921814 -0.6034435033798218 -0.2802785148418851
[15 INFO root] 0.4579842984676361 -0.6037353873252869 -0.5451569443149471
[15 INFO root] 0.4603634476661682 -0.6050554513931274 -0.7876550602855684
[15 INFO root] 0.4633244276046753 -0.6077913641929626 -0.9986630052422963
[15 INFO root] 0.4659157693386078 -0.611526370048523 -1.1818040460478165
[15 INFO root] 0.46781104803085327 -0.6158082485198975 -1.3435943412861358
[15 INFO root] 0.46897652745246887 -0.6203607320785522 -1.490233158179144
[15 INFO root] 0.4694518744945526 -0.625054121017456 -1.6252006825238903
[15 INFO root] 0.4692785441875458 -0.6298182010650635 -1.7492148323761523
[15 INFO root] 0.4684980511665344 -0.6345807313919067 -1.8612091385999452
[15 INFO root] 0.4671739637851715 -0.6392437815666199 -1.9595581531808814
[15 INFO root] 0.46541064977645874 -0.6436907649040222 -2.0431160188284343
[15 INFO root] 0.4633525013923645 -0.647810697555542 -2.1119092086158795
[15 INFO root] 0.46116164326667786 -0.6515201330184937 -2.1673947255904684
[15 INFO root] 0.45898595452308655 -0.6547704935073853 -2.21227293269371
[15 INFO root] 0.45693477988243103 -0.6575504541397095 -2.249537887791227
[15 INFO root] 0.45508500933647156 -0.6598676443099976 -2.283935740416043
[15 INFO root] 0.45336538553237915 -0.6618708968162537 -2.3131024742150683
[15 INFO root] 0.45177310705184937 -0.6636179685592651 -2.3374107878150743
[15 INFO root] 0.45032453536987305 -0.6651301383972168 -2.358116239265979
[15 INFO root] 0.4490259289741516 -0.6664298176765442 -2.376264728019284
[15 INFO root] 0.44787517189979553 -0.6675398945808411 -2.3926526961542316
[15 INFO root] 0.4468611776828766 -0.6684859991073608 -2.407922450650073
[15 INFO root] 0.44596877694129944 -0.6692933440208435 -2.4225501875735937
[15 INFO root] 0.4451825022697449 -0.669983983039856 -2.4368705573282674
[15 INFO root] 0.4444490075111389 -0.6706096529960632 -2.451296187219389
[15 INFO root] 0.4437095522880554 -0.6712220907211304 -2.466097940096901
[15 INFO root] 0.4429578185081482 -0.6718262434005737 -2.4812612821834903
[15 INFO root] 0.44219329953193665 -0.6724218726158142 -2.496743221615634
[15 INFO root] 0.44141557812690735 -0.6730086803436279 -2.512499051347431
[15 INFO root] 0.44062426686286926 -0.6735864281654358 -2.528482038207757
[15 INFO root] 0.4398190975189209 -0.6741548180580139 -2.544643690055638
[15 INFO root] 0.43899986147880554 -0.6747135519981384 -2.5609339100497515
[15 INFO root] 0.4381664991378784 -0.6752622723579407 -2.57730119742404
[15 INFO root] 0.4373190104961395 -0.675800621509552 -2.5936928603755787
[15 INFO root] 0.43645745515823364 -0.6763283014297485 -2.610055238314882
[15 INFO root] 0.43558210134506226 -0.6768448948860168 -2.626334077232455
[15 INFO root] 0.43469321727752686 -0.6773501634597778 -2.6424747149653465
[15 INFO root] 0.43379127979278564 -0.6778437495231628 -2.658422646093572
[15 INFO root] 0.43287673592567444 -0.6783254146575928 -2.674123714290044
[15 INFO root] 0.43195030093193054 -0.6787948608398438 -2.6895244592658436
[15 INFO root] 0.4310126006603241 -0.679252028465271 -2.7045724997555167
[15 INFO root] 0.43006449937820435 -0.6796966195106506 -2.7192170730724783
[15 INFO root] 0.42910686135292053 -0.6801286935806274 -2.7334089028976742
[15 INFO root] 0.4281406104564667 -0.6805481910705566 -2.747101075404714
[15 INFO root] 0.42716673016548157 -0.6809552311897278 -2.760248919723352
[15 INFO root] 0.4261862337589264 -0.6813498735427856 -2.772810483601941
[15 INFO root] 0.4252002239227295 -0.6817323565483093 -2.7847464287323693
[15 INFO root] 0.42420968413352966 -0.6821029782295227 -2.796020517219984
[15 INFO root] 0.42321574687957764 -0.6824620962142944 -2.806599536609506
[15 INFO root] 0.4222193956375122 -0.6828100681304932 -2.816453554962068
[15 INFO root] 0.42122167348861694 -0.6831475496292114 -2.825555606038356
[15 INFO root] 0.42022356390953064 -0.6834748983383179 -2.8338823553692296
[15 INFO root] 0.41922593116760254 -0.6837928891181946 -2.8414132296765717
[15 INFO root] 0.4182296693325043 -0.6841020584106445 -2.8481310383394116
[15 INFO root] 0.4172355830669403 -0.6844032406806946 -2.854021398254975
[15 INFO root] 0.41624438762664795 -0.6846970319747925 -2.8590731532982416
[15 INFO root] 0.41525670886039734 -0.6849842667579651 -2.8632776166166005
[15 INFO root] 0.41427314281463623 -0.6852657794952393 -2.86662885390227
[15 INFO root] 0.41329410672187805 -0.6855422854423523 -2.869123617605567
[15 INFO root] 0.412320077419281 -0.6858147382736206 -2.8707607318701855
[15 INFO root] 0.4113512933254242 -0.6860839128494263 -2.871541670955166
[15 INFO root] 0.4103870987892151 -0.6863508820533752 -2.87161120485831
[15 INFO root] 0.4094233214855194 -0.6866176128387451 -2.87161120485831
[15 INFO root] 0.40845954418182373 -0.6868842840194702 -2.87161120485831
[15 INFO root] 0.40749576687812805 -0.6871510148048401 -2.87161120485831
[15 INFO root] 0.4065319895744324 -0.68741774559021 -2.87161120485831
[15 INFO root] 0.4055682122707367 -0.6876844763755798 -2.87161120485831
[15 INFO root] 0.404604434967041 -0.6879511475563049 -2.87161120485831
[15 INFO root] 0.40364065766334534 -0.6882178783416748 -2.87161120485831
[15 INFO root] 0.40267688035964966 -0.6884846091270447 -2.87161120485831
[15 INFO root] 0.401713103055954 -0.6887512803077698 -2.87161120485831
[15 INFO root] 0.4007493257522583 -0.6890180110931396 -2.87161120485831
[15 INFO root] 0.3997855484485626 -0.6892847418785095 -2.87161120485831
[15 INFO root] 0.39882180094718933 -0.6895514726638794 -2.87161120485831
[15 INFO root] 0.39785802364349365 -0.6898181438446045 -2.87161120485831
[15 INFO root] 0.396894246339798 -0.6900848746299744 -2.87161120485831
[15 INFO root] 0.3959304690361023 -0.6903516054153442 -2.87161120485831
[15 INFO root] 0.3949666917324066 -0.6906182765960693 -2.87161120485831
[15 INFO root] 0.39400291442871094 -0.6908850073814392 -2.87161120485831
[15 INFO root] 0.39303913712501526 -0.6911517381668091 -2.87161120485831
[15 INFO root] 0.3920753598213196 -0.691418468952179 -2.87161120485831
[15 INFO root] 0.3911115825176239 -0.691685140132904 -2.87161120485831
[15 INFO root] 0.3901478052139282 -0.6919518709182739 -2.87161120485831
[15 INFO root] 0.38918402791023254 -0.6922186017036438 -2.87161120485831
[15 INFO root] 0.38822025060653687 -0.6924852728843689 -2.87161120485831
[15 INFO root] 0.3872564733028412 -0.6927520036697388 -2.87161120485831
[15 INFO root] 0.3862926959991455 -0.6930187344551086 -2.87161120485831
[15 INFO root] 0.38532891869544983 -0.6932854652404785 -2.87161120485831
[15 INFO root] 0.38436514139175415 -0.6935521364212036 -2.87161120485831
[15 INFO root] 0.38340136408805847 -0.6938188672065735 -2.87161120485831
[15 INFO root] 0.3824375867843628 -0.6940855979919434 -2.87161120485831
[15 INFO root] 0.3814738094806671 -0.6943522691726685 -2.87161120485831
[15 INFO root] 0.38051003217697144 -0.6946189999580383 -2.87161120485831
[15 INFO root] 0.37954628467559814 -0.6948857307434082 -2.87161120485831
[15 INFO root] 0.37858250737190247 -0.6951524019241333 -2.87161120485831
[15 INFO root] 0.3776187300682068 -0.6954191327095032 -2.87161120485831
[15 INFO root] 0.3766549527645111 -0.695685863494873 -2.87161120485831
[15 INFO root] 0.37569117546081543 -0.6959525942802429 -2.87161120485831
[15 INFO root] 0.37472739815711975 -0.696219265460968 -2.87161120485831
[15 INFO root] 0.3737636208534241 -0.6964859962463379 -2.87161120485831
[15 INFO root] 0.3727998435497284 -0.6967527270317078 -2.87161120485831
[15 INFO root] 0.3718360662460327 -0.6970193982124329 -2.87161120485831
[15 INFO root] 0.37087228894233704 -0.6972861289978027 -2.87161120485831
[15 INFO root] 0.36990851163864136 -0.6975528597831726 -2.87161120485831
[15 INFO root] 0.3689447343349457 -0.6978195905685425 -2.87161120485831
[15 INFO root] 0.36798095703125 -0.6980862617492676 -2.87161120485831
[15 INFO root] 0.3670171797275543 -0.6983529925346375 -2.87161120485831
[15 INFO root] 0.36605340242385864 -0.6986197233200073 -2.87161120485831
[15 INFO root] 0.36508962512016296 -0.6988863945007324 -2.87161120485831
[15 INFO root] 0.3641258478164673 -0.6991531252861023 -2.87161120485831
[15 INFO root] 0.3631620705127716 -0.6994198560714722 -2.87161120485831
[15 INFO root] 0.3621982932090759 -0.699686586856842 -2.87161120485831
[15 INFO root] 0.36123451590538025 -0.6999532580375671 -2.87161120485831
[15 INFO root] 0.36027076840400696 -0.700219988822937 -2.87161120485831
[15 INFO root] 0.3593069911003113 -0.7004867196083069 -2.87161120485831
[15 INFO root] 0.3583432137966156 -0.700753390789032 -2.87161120485831
[15 INFO root] 0.3573794364929199 -0.7010201215744019 -2.87161120485831
[15 INFO root] 0.35641565918922424 -0.7012868523597717 -2.87161120485831
[15 INFO root] 0.35545188188552856 -0.7015535831451416 -2.87161120485831
[15 INFO root] 0.35458827018737793 -0.7017925381660461 -2.8720593274823383
[15 INFO root] 0.35383617877960205 -0.7020003795623779 -2.8730550163891593
[15 INFO root] 0.353184312582016 -0.7021797895431519 -2.8745992693139164
[15 INFO root] 0.3526211678981781 -0.7023339867591858 -2.8766876594436024
[15 INFO root] 0.35213643312454224 -0.7024655938148499 -2.8793177198157234
[15 INFO root] 0.35172104835510254 -0.7025772333145142 -2.882489535696665
[15 INFO root] 0.35136690735816956 -0.702671229839325 -2.8862060611508493
[15 INFO root] 0.35106682777404785 -0.7027497291564941 -2.8904732733430056
[15 INFO root] 0.35081449151039124 -0.7028145790100098 -2.8953001894628354
[15 INFO root] 0.3506041467189789 -0.7028676271438599 -2.9006987581208636
[15 INFO root] 0.35043057799339294 -0.7029103636741638 -2.9066836265955365
[15 INFO root] 0.35028910636901855 -0.7029443383216858 -2.913271776828762
[15 INFO root] 0.35017532110214233 -0.7029708623886108 -2.9204820167848515
[15 INFO root] 0.35008504986763 -0.702991247177124 -2.92833431013096
[15 INFO root] 0.35001426935195923 -0.7030066251754761 -2.9368489268346423
[15 INFO root] 0.3499590754508972 -0.7030181884765625 -2.9460454010707644
[15 INFO root] 0.3499155342578888 -0.7030268311500549 -2.9559412917002468
[15 INFO root] 0.349879652261734 -0.7030336260795593 -2.9665507552277597
[15 INFO root] 0.34984734654426575 -0.7030393481254578 -2.9778736332103595
[15 INFO root] 0.34981462359428406 -0.7030448317527771 -2.989896806233826
[15 INFO root] 0.3497779667377472 -0.703050434589386 -3.0026037224514597
[15 INFO root] 0.3497343063354492 -0.7030566334724426 -3.0159767553477512
[15 INFO root] 0.3496810793876648 -0.7030633687973022 -3.0299976826584185
[15 INFO root] 0.34961602091789246 -0.7030707597732544 -3.044648031767838
[15 INFO root] 0.3495372533798218 -0.7030785083770752 -3.059909372446096
[15 INFO root] 0.3494431972503662 -0.7030863165855408 -3.0757635295172956
[15 INFO root] 0.3493325412273407 -0.7030937671661377 -3.0921926911409763
[15 INFO root] 0.3492041826248169 -0.703100323677063 -3.1091793916941817
[15 INFO root] 0.34905722737312317 -0.7031053304672241 -3.1267063621635236
[15 INFO root] 0.34889090061187744 -0.7031080722808838 3.1384290679208657
[15 INFO root] 0.3487045466899872 -0.7031077742576599 3.1198741740674327
[15 INFO root] 0.3484976291656494 -0.7031036019325256 3.1008332451310348
[15 INFO root] 0.34826958179473877 -0.7030947208404541 3.0813270485663864
[15 INFO root] 0.34801992774009705 -0.7030801177024841 3.0613789509452594
[15 INFO root] 0.34774819016456604 -0.7030587792396545 3.0410158294108536
[15 INFO root] 0.34745389223098755 -0.7030296325683594 3.020269066742287
[15 INFO root] 0.347136527299881 -0.7029915452003479 2.999175613764406
[15 INFO root] 0.34679558873176575 -0.7029433250427246 2.977779074594672
[15 INFO root] 0.34643059968948364 -0.702883780002594 2.9561308133583024
[15 INFO root] 0.3460410237312317 -0.7028114795684814 2.9342910132884867
[15 INFO root] 0.3456263840198517 -0.7027251720428467 2.9123296682484328
[15 INFO root] 0.3451862633228302 -0.7026234269142151 2.890327452921869
[15 INFO root] 0.3447202742099762 -0.7025048732757568 2.8683764146694646
[15 INFO root] 0.3442281186580658 -0.7023680210113525 2.846580428206177
[15 INFO root] 0.3437095880508423 -0.7022116184234619 2.8250553608771503
[15 INFO root] 0.3431655168533325 -0.7020346522331238 2.8038840413372537
[15 INFO root] 0.3426002264022827 -0.7018374800682068 2.782967062816707
[15 INFO root] 0.3420182168483734 -0.7016206383705139 2.762167477705832
[15 INFO root] 0.3414230942726135 -0.7013847231864929 2.7413595480961086
[15 INFO root] 0.34081757068634033 -0.7011300325393677 2.720437368021574
[15 INFO root] 0.34020376205444336 -0.7008565664291382 2.699317671539095
[15 INFO root] 0.33958306908607483 -0.7005642056465149 2.677940697279654
[15 INFO root] 0.33895647525787354 -0.7002525329589844 2.6562685893370124
[15 INFO root] 0.3383246958255768 -0.6999210715293884 2.634279373962043
[15 INFO root] 0.33768826723098755 -0.6995691061019897 2.6119643464601046
[15 INFO root] 0.3370475471019745 -0.699195921421051 2.5893271270640446
[15 INFO root] 0.33640292286872864 -0.6988006234169006 2.5663829865185073
[15 INFO root] 0.3357546925544739 -0.6983824372291565 2.5431582238935464
[15 INFO root] 0.33510321378707886 -0.6979404091835022 2.519689622906394
[15 INFO root] 0.33444884419441223 -0.6974736452102661 2.496023981399106
[15 INFO root] 0.3337920308113098 -0.6969813108444214 2.4722176901376227
[15 INFO root] 0.33313336968421936 -0.6964626312255859 2.4483363103095868
[15 INFO root] 0.3324735164642334 -0.695917010307312 2.4244540717484973
[15 INFO root] 0.33181318640708923 -0.6953439116477966 2.4006531880067126
[15 INFO root] 0.33115333318710327 -0.6947430968284607 2.37702287117729
[15 INFO root] 0.33049485087394714 -0.6941143870353699 2.353658005507579
[15 INFO root] 0.3298388719558716 -0.6934581398963928 2.330657459903313
[15 INFO root] 0.3291865289211273 -0.6927746534347534 2.3081216848668045
[15 INFO root] 0.3285389542579651 -0.6920648217201233 2.286149408488288
[15 INFO root] 0.3278973698616028 -0.6913296580314636 2.2648333098344047
[15 INFO root] 0.3272629380226135 -0.6905704736709595 2.2442546754147146
[15 INFO root] 0.3266366720199585 -0.6897888779640198 2.2244771525112066
[15 INFO root] 0.3260195851325989 -0.688986599445343 2.2055398586622887
[15 INFO root] 0.32541248202323914 -0.6881653666496277 2.1874502341210262
[15 INFO root] 0.32481589913368225 -0.687326967716217 2.170177234493468
[15 INFO root] 0.32423028349876404 -0.68647301197052 2.153645566175958
[15 INFO root] 0.3236883282661438 -0.6856540441513062 2.138972982676443
[15 INFO root] 0.3232164680957794 -0.6849175691604614 2.1269270809402907
[15 INFO root] 0.3228090703487396 -0.6842641234397888 2.117001469920163
[15 INFO root] 0.32245758175849915 -0.6836873292922974 2.108548956272629
[15 INFO root] 0.32215437293052673 -0.683180034160614 2.100934480556802
[15 INFO root] 0.3218928873538971 -0.6827347278594971 2.093542094043534
[15 INFO root] 0.321667343378067 -0.6823440790176392 2.0857825616297934
[15 INFO root] 0.32147276401519775 -0.6820009350776672 2.0771029007618083
[15 INFO root] 0.32130464911460876 -0.6816985011100769 2.0669963364431148
[15 INFO root] 0.3211589455604553 -0.6814301013946533 2.055011098731788
[15 INFO root] 0.3210318386554718 -0.681189239025116 2.040756818915594
[15 INFO root] 0.3209197521209717 -0.6809693574905396 2.0239079799166633
[15 INFO root] 0.320819228887558 -0.680763840675354 2.0042042592858835
[15 INFO root] 0.32072699069976807 -0.680565595626831 1.9814478350606006
[15 INFO root] 0.320639967918396 -0.6803669929504395 1.9553637429666626
[15 INFO root] 0.3205554485321045 -0.6801596283912659 1.9256806545823262
[15 INFO root] 0.32047104835510254 -0.6799338459968567 1.892195879629104
[15 INFO root] 0.3203853666782379 -0.6796790361404419 1.8547917763837563
[15 INFO root] 0.32029810547828674 -0.6793836951255798 1.8134415395293317
[15 INFO root] 0.32021069526672363 -0.6790359020233154 1.7682126151481017
[15 INFO root] 0.3201265335083008 -0.6786235570907593 1.7192679323686406
[15 INFO root] 0.320051372051239 -0.6781352162361145 1.6668643338765954
[15 INFO root] 0.31999340653419495 -0.6775609850883484 1.6113474499912528
[15 INFO root] 0.3199630677700043 -0.6768934726715088 1.553144426055543
[15 INFO root] 0.31997260451316833 -0.6761300563812256 1.492739933012458
[15 INFO root] 0.32003504037857056 -0.6752718091011047 1.4306411147322244
[15 INFO root] 0.3201550543308258 -0.6743825674057007 1.369856128448808
[15 INFO root] 0.3203309178352356 -0.6734917163848877 1.3113379917301222
[15 INFO root] 0.32055985927581787 -0.672608494758606 1.2551480820722578
[15 INFO root] 0.32083845138549805 -0.671738862991333 1.2012726860544343
[15 INFO root] 0.3211630582809448 -0.6708871722221375 1.1497079897689046
[15 INFO root] 0.3215298354625702 -0.6700568199157715 1.1004663771167966
[15 INFO root] 0.3219347894191742 -0.6692503690719604 1.053577881858738
[15 INFO root] 0.3223738372325897 -0.668470025062561 1.0090886411024924
[15 INFO root] 0.32284262776374817 -0.667717695236206 0.9670575047096287
[15 INFO root] 0.3233366310596466 -0.6669948101043701 0.9275518052899436
[15 INFO root] 0.3238511383533478 -0.6663026213645935 0.8906430465210634
[15 INFO root] 0.3243812918663025 -0.6656422019004822 0.8564030183107464
[15 INFO root] 0.3249220848083496 -0.6650142073631287 0.8249006438440978
[15 INFO root] 0.3254658281803131 -0.6644218564033508 0.7959028948095821
[15 INFO root] 0.3260050415992737 -0.6638678908348083 0.7690312830466965
[15 INFO root] 0.3265337347984314 -0.6633533239364624 0.7438732407101123
[15 INFO root] 0.32704782485961914 -0.6628777384757996 0.7200571181046327
[15 INFO root] 0.32754427194595337 -0.6624400615692139 0.6972899378952075
[15 INFO root] 0.32802116870880127 -0.6620386242866516 0.6753473564360689
[15 INFO root] 0.3284775912761688 -0.6616712808609009 0.6540574144957986
[15 INFO root] 0.32891345024108887 -0.6613355875015259 0.6332907025519855
[15 INFO root] 0.3293292820453644 -0.6610288619995117 0.61295355729333
[15 INFO root] 0.32972609996795654 -0.6607485413551331 0.5929831589506931
[15 INFO root] 0.3301052749156952 -0.6604918241500854 0.5733442403670267
[15 INFO root] 0.3304685950279236 -0.6602562069892883 0.5540268788608691
[15 INFO root] 0.3308180868625641 -0.6600390076637268 0.5350450634468358
[15 INFO root] 0.3311561048030853 -0.6598377227783203 0.5164358134728044
[15 INFO root] 0.33148524165153503 -0.6596500277519226 0.49825863177758684
[15 INFO root] 0.33180826902389526 -0.6594734787940979 0.48059508011008517
[15 INFO root] 0.3321281671524048 -0.659305989742279 0.4635482746431088
[15 INFO root] 0.33244797587394714 -0.6591454148292542 0.4472421115250207
[15 INFO root] 0.3327706754207611 -0.6589899659156799 0.4318173384060844
[15 INFO root] 0.3330990672111511 -0.6588380336761475 0.41730734168590294
[15 INFO root] 0.3334357738494873 -0.6586881875991821 0.40373349613017173
[15 INFO root] 0.33378323912620544 -0.6585392355918884 0.3911283272937783
[15 INFO root] 0.3341434597969055 -0.6583901643753052 0.37953338540718234
[15 INFO root] 0.33451786637306213 -0.6582403182983398 0.36899669328833645
[15 INFO root] 0.3349073529243469 -0.658089280128479 0.3595714647861555
[15 INFO root] 0.3353121280670166 -0.657936692237854 0.35131577077881576
[15 INFO root] 0.3357318639755249 -0.6577824354171753 0.34429278445483313
[15 INFO root] 0.33616578578948975 -0.6576265096664429 0.33857125195942067
[15 INFO root] 0.33661264181137085 -0.657468855381012 0.33422586974408497
[15 INFO root] 0.33707091212272644 -0.6573095321655273 0.331337284529375
[15 INFO root] 0.3375388979911804 -0.6571483612060547 0.3299914507724797
[15 INFO root] 0.3380148410797119 -0.6569852828979492 0.3302780764094353
[15 INFO root] 0.33849695324897766 -0.6568199992179871 0.33228809747991345
[15 INFO root] 0.3389836549758911 -0.6566521525382996 0.33610933368269547
[15 INFO root] 0.3394734859466553 -0.6564812660217285 0.341820196040173
[15 INFO root] 0.33996522426605225 -0.6563066244125366 0.3494815282058606
[15 INFO root] 0.34045788645744324 -0.6561275124549866 0.3591267181935607
[15 INFO root] 0.3409508168697357 -0.655942976474762 0.37075058461759297
[15 INFO root] 0.34144356846809387 -0.6557521224021912 0.384298133040135
[15 INFO root] 0.34193599224090576 -0.6555537581443787 0.39965492845605183
[15 INFO root] 0.3424307703971863 -0.655345618724823 0.41587587029219475
[15 INFO root] 0.34292763471603394 -0.6551271677017212 0.4325921209106165
[15 INFO root] 0.34342482686042786 -0.6548985838890076 0.4497733557099049
[15 INFO root] 0.34392043948173523 -0.6546603441238403 0.4674240480470495
[15 INFO root] 0.34441280364990234 -0.6544129252433777 0.48555539129808195
[15 INFO root] 0.34490057826042175 -0.6541566848754883 0.5041850198016962
[15 INFO root] 0.3453826606273651 -0.6538918614387512 0.5233363140634888
[15 INFO root] 0.34585851430892944 -0.6536185145378113 0.5429747003610939
[15 INFO root] 0.3463306725025177 -0.6533347964286804 0.5618772697736775
[15 INFO root] 0.34679895639419556 -0.6530411839485168 0.5796630576971886
[15 INFO root] 0.3472629487514496 -0.652738630771637 0.5961153546001772
[15 INFO root] 0.3477223813533783 -0.6524280309677124 0.6110908087667577
[15 INFO root] 0.3481772840023041 -0.6521103382110596 0.6245222460102566
[15 INFO root] 0.3486277759075165 -0.6517865657806396 0.6364142552613494
[15 INFO root] 0.349074125289917 -0.6514575481414795 0.6468339861647039
[15 INFO root] 0.3495165705680847 -0.651124119758606 0.6558995812167787
[15 INFO root] 0.34995532035827637 -0.6507871150970459 0.6637682907072613
[15 INFO root] 0.35039106011390686 -0.650446891784668 0.6706263628574247
[15 INFO root] 0.35082530975341797 -0.6501028537750244 0.6766810608120644
[15 INFO root] 0.35125917196273804 -0.6497548222541809 0.6821543522642568
[15 INFO root] 0.3516932427883148 -0.6494026780128479 0.6872773583375099
[15 INFO root] 0.35212764143943787 -0.6490464806556702 0.6922848644045507
[15 INFO root] 0.3525608479976654 -0.6486876606941223 0.6974172786245527
[15 INFO root] 0.35299035906791687 -0.6483281254768372 0.7029122884700504
[15 INFO root] 0.3534139096736908 -0.647969663143158 0.7089960468678049
[15 INFO root] 0.3538297116756439 -0.6476134657859802 0.7158807779525234
[15 INFO root] 0.35423651337623596 -0.6472601294517517 0.7237573223548328
