[19 INFO root] Initialising Python Geth Console...
[19 INFO root] Initialising RandB board...
[19 INFO root] Initialising resource sensor...
[19 INFO root] Initialising random-walk...
[19 INFO root] Initialising navigation...
[19 INFO root] Initialising Odo...
[19 INFO root] Initialising odometry...
[19 INFO root] Initialising gps...
[19 INFO root] Initialising Ground sensor...
[19 INFO root] --//-- Starting Experiment --//--
[19 INFO root] x y direction
[19 INFO root] 0.09565620124340057 -0.6881870031356812 -2.8251121003256614
[19 INFO root] 0.09387432038784027 -0.6887705326080322 -2.5928868911232983
[19 INFO root] 0.08939303457736969 -0.6912097930908203 -2.365651019278099
[19 INFO root] 0.0848296508193016 -0.6952697038650513 -2.2110295912244355
[19 INFO root] 0.08102674782276154 -0.7000933885574341 -2.1156254317422953
[19 INFO root] 0.0780460312962532 -0.7048447132110596 -2.0567267801323474
[19 INFO root] 0.07568639516830444 -0.7092134356498718 -2.0187038945586053
[19 INFO root] 0.07377863675355911 -0.7131269574165344 -1.9928945428182885
[19 INFO root] 0.07220568507909775 -0.7165964245796204 -1.9746251526160556
[19 INFO root] 0.0708894431591034 -0.7196573615074158 -1.961279885064492
[19 INFO root] 0.06977636367082596 -0.722350001335144 -1.9513236069117548
[19 INFO root] 0.0688268393278122 -0.7247159481048584 -1.9438118275373497
[19 INFO root] 0.0680135041475296 -0.726789116859436 -1.938142635631201
[19 INFO root] 0.06731518357992172 -0.7286003232002258 -1.9339198462416127
[19 INFO root] 0.06671497225761414 -0.7301777005195618 -1.9308764541124188
[19 INFO root] 0.06619901210069656 -0.7315467000007629 -1.9288291073380455
[19 INFO root] 0.06575571745634079 -0.7327306270599365 -1.9276498101221602
[19 INFO root] 0.06537529081106186 -0.7337506413459778 -1.9272477816903988
[19 INFO root] 0.06502380967140198 -0.7346944212913513 -1.9272152643038871
[19 INFO root] 0.06467488408088684 -0.7356315851211548 -1.9272152643038871
[19 INFO root] 0.0643259659409523 -0.7365687489509583 -1.9272152643038871
[19 INFO root] 0.06397704780101776 -0.7375059127807617 -1.9272152643038871
[19 INFO root] 0.06362812221050262 -0.7384430766105652 -1.9272152643038871
[19 INFO root] 0.06327920407056808 -0.7393801808357239 -1.9272152643038871
[19 INFO root] 0.06293028593063354 -0.7403173446655273 -1.9272152643038871
[19 INFO root] 0.06258136034011841 -0.7412545084953308 -1.9272152643038871
[19 INFO root] 0.06223244220018387 -0.7421916723251343 -1.9272152643038871
[19 INFO root] 0.06188352406024933 -0.7431288361549377 -1.9272152643038871
[19 INFO root] 0.06153460219502449 -0.7440659403800964 -1.9272152643038871
[19 INFO root] 0.06118568032979965 -0.7450031042098999 -1.9272152643038871
[19 INFO root] 0.06083676218986511 -0.7459402680397034 -1.9272152643038871
[19 INFO root] 0.060487840324640274 -0.7468774318695068 -1.9272152643038871
[19 INFO root] 0.060138922184705734 -0.7478145956993103 -1.9272152643038871
[19 INFO root] 0.059790000319480896 -0.748751699924469 -1.9272152643038871
[19 INFO root] 0.05944107845425606 -0.7496888637542725 -1.9272152643038871
[19 INFO root] 0.05909216031432152 -0.7506260275840759 -1.9272152643038871
[19 INFO root] 0.05874323844909668 -0.7515631914138794 -1.9272152643038871
[19 INFO root] 0.05839431658387184 -0.7525003552436829 -1.9272152643038871
[19 INFO root] 0.0580453984439373 -0.7534374594688416 -1.9272152643038871
[19 INFO root] 0.05769647657871246 -0.754374623298645 -1.9272152643038871
[19 INFO root] 0.057347558438777924 -0.7553117871284485 -1.9272152643038871
[19 INFO root] 0.056998636573553085 -0.756248950958252 -1.9272152643038871
[19 INFO root] 0.05664971470832825 -0.7571861147880554 -1.9272152643038871
[19 INFO root] 0.05630079656839371 -0.7581232190132141 -1.9272152643038871
[19 INFO root] 0.05595187470316887 -0.7590603828430176 -1.9272152643038871
[19 INFO root] 0.05560295283794403 -0.759997546672821 -1.9272152643038871
[19 INFO root] 0.05525403469800949 -0.7609347105026245 -1.9272152643038871
[19 INFO root] 0.05490511283278465 -0.761871874332428 -1.9272152643038871
[19 INFO root] 0.05455619469285011 -0.7628089785575867 -1.9272152643038871
[19 INFO root] 0.054207272827625275 -0.7637461423873901 -1.9272152643038871
[19 INFO root] 0.053858350962400436 -0.7646833062171936 -1.9272152643038871
[19 INFO root] 0.0535094328224659 -0.7656204700469971 -1.9272152643038871
[19 INFO root] 0.05316051095724106 -0.7665576338768005 -1.9272152643038871
[19 INFO root] 0.05281158909201622 -0.767494797706604 -1.9272152643038871
[19 INFO root] 0.05246267095208168 -0.7684319019317627 -1.9272152643038871
[19 INFO root] 0.05211374908685684 -0.7693690657615662 -1.9272152643038871
[19 INFO root] 0.0517648309469223 -0.7703062295913696 -1.9272152643038871
[19 INFO root] 0.051415909081697464 -0.7712433934211731 -1.9272152643038871
[19 INFO root] 0.051066987216472626 -0.7721805572509766 -1.9272152643038871
[19 INFO root] 0.050718069076538086 -0.7731176614761353 -1.9272152643038871
[19 INFO root] 0.05036914721131325 -0.7740548253059387 -1.9272152643038871
[19 INFO root] 0.05002022534608841 -0.7749919891357422 -1.9272152643038871
[19 INFO root] 0.04967130720615387 -0.7759291529655457 -1.9272152643038871
[19 INFO root] 0.04932238534092903 -0.7768663167953491 -1.9272152643038871
[19 INFO root] 0.04897346720099449 -0.7778034210205078 -1.9272152643038871
[19 INFO root] 0.04862454533576965 -0.7787405848503113 -1.9272152643038871
[19 INFO root] 0.048275623470544815 -0.7796777486801147 -1.9272152643038871
[19 INFO root] 0.047926705330610275 -0.7806149125099182 -1.9272152643038871
[19 INFO root] 0.04757778346538544 -0.7815520763397217 -1.9272152643038871
[19 INFO root] 0.0472288616001606 -0.7824891805648804 -1.9272152643038871
[19 INFO root] 0.046886879950761795 -0.7834077477455139 -1.9245432091384398
[19 INFO root] 0.04655173793435097 -0.7843145132064819 -1.9193224926745085
[19 INFO root] 0.046219635754823685 -0.7852270007133484 -1.9129927993338147
[19 INFO root] 0.04589065909385681 -0.786148726940155 -1.9057168269072329
[19 INFO root] 0.04556534066796303 -0.7870813012123108 -1.8975088228638068
[19 INFO root] 0.0452442467212677 -0.7880263924598694 -1.8883991053974434
[19 INFO root] 0.04492798075079918 -0.788985550403595 -1.8784326966042344
[19 INFO root] 0.044617194682359695 -0.7899603843688965 -1.8676669549720157
[19 INFO root] 0.04431236907839775 -0.7909530401229858 -1.856230663787463
[19 INFO root] 0.04401397705078125 -0.791965663433075 -1.8442622236536879
[19 INFO root] 0.04372254014015198 -0.7929999828338623 -1.831891726923183
[19 INFO root] 0.04343859851360321 -0.7940575480461121 -1.8192403476536971
[19 INFO root] 0.043162714689970016 -0.7951393723487854 -1.8064210851909948
[19 INFO root] 0.04289543628692627 -0.7962465286254883 -1.7935393180787993
[19 INFO root] 0.04263729602098465 -0.7973795533180237 -1.7806931461199142
[19 INFO root] 0.04238879308104515 -0.798538863658905 -1.7679736973862972
[19 INFO root] 0.042150359600782394 -0.7997246384620667 -1.7554653993864275
[19 INFO root] 0.041933540254831314 -0.8008770942687988 -1.7438292300537859
[19 INFO root] 0.04174172133207321 -0.8019667267799377 -1.7334054553328795
[19 INFO root] 0.041572004556655884 -0.8029941320419312 -1.7242446665754925
[19 INFO root] 0.04142119735479355 -0.8039630055427551 -1.7163578691952377
[19 INFO root] 0.04128645732998848 -0.8048768043518066 -1.7097438621231533
[19 INFO root] 0.04116527736186981 -0.8057389259338379 -1.704392113928846
[19 INFO root] 0.04105544835329056 -0.8065526485443115 -1.7002854105477678
[19 INFO root] 0.040955036878585815 -0.8073211312294006 -1.6974019405590166
[19 INFO root] 0.04086236283183098 -0.8080474734306335 -1.6957169113796295
[19 INFO root] 0.040775954723358154 -0.8087345957756042 -1.6952038027327179
[19 INFO root] 0.04069453105330467 -0.8093854188919067 -1.6958352336208742
[19 INFO root] 0.04061698168516159 -0.8100026845932007 -1.6975836379478624
[19 INFO root] 0.04054234176874161 -0.8105891346931458 -1.700421639729397
[19 INFO root] 0.040469761937856674 -0.8111472129821777 -1.7043223255726048
[19 INFO root] 0.0403984934091568 -0.8116794228553772 -1.7092592310073926
[19 INFO root] 0.040327880531549454 -0.8121880292892456 -1.7152063698528381
[19 INFO root] 0.040257327258586884 -0.8126752972602844 -1.7221380451414663
[19 INFO root] 0.04018630087375641 -0.813143253326416 -1.7300286967200635
[19 INFO root] 0.040114305913448334 -0.8135939240455627 -1.7388525866806819
[19 INFO root] 0.04004087671637535 -0.8140291571617126 -1.7485835662825107
[19 INFO root] 0.03996558114886284 -0.8144506216049194 -1.7591947425094656
[19 INFO root] 0.03988799825310707 -0.814859926700592 -1.7706581175826088
[19 INFO root] 0.03980771452188492 -0.8152586817741394 -1.7829442993262397
[19 INFO root] 0.03972432762384415 -0.8156481981277466 -1.796022296065026
[19 INFO root] 0.03963744640350342 -0.8160297274589539 -1.809859152527696
[19 INFO root] 0.0395466685295105 -0.8164044618606567 -1.824419773270441
[19 INFO root] 0.03945160657167435 -0.8167734742164612 -1.8396668544157175
[19 INFO root] 0.039351873099803925 -0.817137598991394 -1.855560884424676
[19 INFO root] 0.03924708440899849 -0.8174976706504822 -1.8720601507355288
[19 INFO root] 0.039136871695518494 -0.8178544640541077 -1.8891210859997851
[19 INFO root] 0.03902086988091469 -0.8182085156440735 -1.9066987973818539
[19 INFO root] 0.038898736238479614 -0.8185603618621826 -1.924747637931592
[19 INFO root] 0.03877014294266701 -0.8189103007316589 -1.9432234538756503
[19 INFO root] 0.038634784519672394 -0.8192586898803711 -1.9620869226328554
[19 INFO root] 0.03849237039685249 -0.8196057081222534 -1.9813044572258138
[19 INFO root] 0.038342636078596115 -0.8199515342712402 -2.000849118538075
[19 INFO root] 0.03818532079458237 -0.8202962875366211 -2.0207018853855208
[19 INFO root] 0.03802018240094185 -0.820639967918396 -2.0408528880742964
[19 INFO root] 0.037846971303224564 -0.8209825754165649 -2.061302459364354
[19 INFO root] 0.03766543045639992 -0.8213242292404175 -2.0820621280183786
[19 INFO root] 0.03747529163956642 -0.8216647505760193 -2.1031555189672932
[19 INFO root] 0.037276268005371094 -0.8220042586326599 -2.1246182352908303
[19 INFO root] 0.037068042904138565 -0.822342574596405 -2.1464980201542567
[19 INFO root] 0.03685026988387108 -0.8226796984672546 -2.1688535163002243
[19 INFO root] 0.03662257269024849 -0.8230155110359192 -2.191753040948875
[19 INFO root] 0.03638455644249916 -0.8233498334884644 -2.215272410538752
[19 INFO root] 0.03613579645752907 -0.823682427406311 -2.2394923505923394
[19 INFO root] 0.03587586432695389 -0.8240130543708801 -2.26449565833209
[19 INFO root] 0.035604339092969894 -0.8243412375450134 -2.2903644903518514
[19 INFO root] 0.03532081097364426 -0.824666440486908 -2.3171774856278535
[19 INFO root] 0.035024892538785934 -0.8249881267547607 -2.3450076847553776
[19 INFO root] 0.03471623733639717 -0.8253054618835449 -2.3739213676005653
[19 INFO root] 0.03439454361796379 -0.8256177306175232 -2.403977151679424
[19 INFO root] 0.0340595506131649 -0.8259239792823792 -2.4352267665307368
[19 INFO root] 0.0337110199034214 -0.8262232542037964 -2.467715970820177
[19 INFO root] 0.03334873169660568 -0.826514482498169 -2.501486508066763
[19 INFO root] 0.03297243267297745 -0.8267966508865356 -2.5365782290557464
[19 INFO root] 0.03258179873228073 -0.8270688056945801 -2.573031695538936
[19 INFO root] 0.032176367938518524 -0.8273299336433411 -2.610890671042844
[19 INFO root] 0.031755480915308 -0.8275790214538574 -2.650203861202934
[19 INFO root] 0.03131818398833275 -0.8278152346611023 -2.6910260566234263
[19 INFO root] 0.030863182619214058 -0.8280376195907593 -2.733418890131049
[19 INFO root] 0.030388735234737396 -0.8282451033592224 -2.777449886477448
[19 INFO root] 0.029892615973949432 -0.8284366726875305 -2.8231903342568345
[19 INFO root] 0.0293720755726099 -0.8286108374595642 -2.8707126085744417
[19 INFO root] 0.0288238488137722 -0.8287657499313354 -2.920085081920897
[19 INFO root] 0.02824419178068638 -0.8288992047309875 -2.971366323406171
[19 INFO root] 0.027629001066088676 -0.8290080428123474 -3.024598695291945
[19 INFO root] 0.02697397954761982 -0.8290883898735046 -3.0797998251394025
[19 INFO root] 0.02627488411962986 -0.8291352987289429 -3.1369544811129226
[19 INFO root] 0.025527851656079292 -0.8291428089141846 3.087179531279029
[19 INFO root] 0.024729792028665543 -0.8291037678718567 3.0263381392873723
[19 INFO root] 0.023878831416368484 -0.8290101885795593 2.9638701224832587
[19 INFO root] 0.022974776104092598 -0.8288533091545105 2.9000004230212313
[19 INFO root] 0.022019533440470695 -0.8286240100860596 2.8350174955923237
[19 INFO root] 0.02101745456457138 -0.8283135294914246 2.7692715668517747
[19 INFO root] 0.019975490868091583 -0.8279140591621399 2.7031680705943217
[19 INFO root] 0.018903132528066635 -0.8274194598197937 2.6371568095445723
[19 INFO root] 0.0178123377263546 -0.8268262147903442 2.571718228524403
[19 INFO root] 0.01671735569834709 -0.826134204864502 2.5073434518700224
[19 INFO root] 0.01563367247581482 -0.8253474235534668 2.444507688348099
[19 INFO root] 0.014576674439013004 -0.8244733810424805 2.3836458317670517
[19 INFO root] 0.013560455292463303 -0.8235229849815369 2.325135907104516
[19 INFO root] 0.01259690709412098 -0.8225095272064209 2.2692890136746993
[19 INFO root] 0.011695163324475288 -0.8214477896690369 2.2163463271375785
[19 INFO root] 0.010861382819712162 -0.820353090763092 2.166481420866292
[19 INFO root] 0.010098828002810478 -0.8192402720451355 2.119806795984035
[19 INFO root] 0.009408173151314259 -0.8181233406066895 2.0763829701582224
[19 INFO root] 0.008787921629846096 -0.8170146346092224 2.0362277929279156
[19 INFO root] 0.008234895765781403 -0.8159248232841492 1.9993259581073073
[19 INFO root] 0.007744707632809877 -0.8148626685142517 1.9656372360701877
[19 INFO root] 0.00731219258159399 -0.8138349652290344 1.9351036360168508
[19 INFO root] 0.00693177105858922 -0.812846839427948 1.9076553776384044
[19 INFO root] 0.006597739178687334 -0.8119017481803894 1.8832154450815628
[19 INFO root] 0.006304488983005285 -0.8110017776489258 1.8617032289678879
[19 INFO root] 0.006046659778803587 -0.8101477026939392 1.8430372573942837
[19 INFO root] 0.005819239653646946 -0.8093392252922058 1.8271375406261081
[19 INFO root] 0.0056176199577748775 -0.8085752129554749 1.8139272320489666
[19 INFO root] 0.005437616724520922 -0.8078538179397583 1.8033335744786423
[19 INFO root] 0.005275465548038483 -0.8071725368499756 1.7952883197160487
[19 INFO root] 0.005127802956849337 -0.8065283894538879 1.789727764585192
[19 INFO root] 0.004991625435650349 -0.8059180378913879 1.7865924055483782
[19 INFO root] 0.004864247515797615 -0.8053378462791443 1.7858263000362211
[19 INFO root] 0.004743246827274561 -0.8047840595245361 1.787376207313881
[19 INFO root] 0.0046264114789664745 -0.8042526245117188 1.791190454167656
[19 INFO root] 0.004511688370257616 -0.803739607334137 1.7972177399293845
[19 INFO root] 0.004397126846015453 -0.8032408952713013 1.8054055448637476
[19 INFO root] 0.004280836787074804 -0.8027525544166565 1.8156985448858942
[19 INFO root] 0.004160949494689703 -0.802270770072937 1.828036699477707
[19 INFO root] 0.004035585559904575 -0.801791787147522 1.8423532670064902
[19 INFO root] 0.0039028457831591368 -0.8013123869895935 1.8585728805745687
[19 INFO root] 0.0037608060520142317 -0.8008297085762024 1.8766094044545183
[19 INFO root] 0.003607535734772682 -0.8003411889076233 1.896364137263894
[19 INFO root] 0.003441138891503215 -0.7998451590538025 1.917724568988602
[19 INFO root] 0.003256259486079216 -0.799330472946167 1.9404160946567377
[19 INFO root] 0.0030416955705732107 -0.7987732291221619 1.9638754353507555
[19 INFO root] 0.0027946019545197487 -0.7981736063957214 1.9878052554772891
[19 INFO root] 0.0025137111078947783 -0.7975357174873352 2.011928883517714
[19 INFO root] 0.0021984365303069353 -0.7968640327453613 2.035962166844375
[19 INFO root] 0.0018489583162590861 -0.7961636781692505 2.0596193257092565
[19 INFO root] 0.0014662686735391617 -0.7954401969909668 2.082619231402565
[19 INFO root] 0.0010521626099944115 -0.7946991920471191 2.1046918091824636
[19 INFO root] 0.0006104559288360178 -0.7939482927322388 2.1255195461468603
[19 INFO root] 0.00014321194612421095 -0.7931907773017883 2.1449312808494905
[19 INFO root] -0.0003475593985058367 -0.7924288511276245 2.1627958189967216
[19 INFO root] -0.0008566582691855729 -0.7916688919067383 2.1788761531802083
[19 INFO root] -0.0013798644067719579 -0.7909146547317505 2.1930181577406733
[19 INFO root] -0.001913194078952074 -0.790168821811676 2.205106206175327
[19 INFO root] -0.0024541043676435947 -0.7894318103790283 2.2151002749977526
[19 INFO root] -0.0030005851294845343 -0.7887028455734253 2.2229913518043194
[19 INFO root] -0.0035509015433490276 -0.7879810333251953 2.228787967841748
[19 INFO root] -0.004103584680706263 -0.7872650623321533 2.232513881713976
[19 INFO root] -0.004657424986362457 -0.7865534424781799 2.234206605938949
[19 INFO root] -0.005211453419178724 -0.7858443260192871 2.2339160320710394
[19 INFO root] -0.005764883942902088 -0.7851358652114868 2.2317185030586786
[19 INFO root] -0.0063144308514893055 -0.7844294905662537 2.2291880047996875
[19 INFO root] -0.006860373541712761 -0.7837240695953369 2.2265256377768057
[19 INFO root] -0.007403475698083639 -0.7830184698104858 2.22376197100718
[19 INFO root] -0.0079444395378232 -0.7823116183280945 2.220926479079585
[19 INFO root] -0.008483894169330597 -0.7816026210784912 2.2180473329219206
[19 INFO root] -0.009022405371069908 -0.7808905839920044 2.215151382230012
[19 INFO root] -0.009560476057231426 -0.7801749110221863 2.2122641383331145
[19 INFO root] -0.010098554193973541 -0.7794548273086548 2.20940975804896
[19 INFO root] -0.010637039318680763 -0.7787299156188965 2.2066110307235274
[19 INFO root] -0.011176282539963722 -0.7779996991157532 2.2038893699809057
[19 INFO root] -0.011716322042047977 -0.7772642374038696 2.201250820953201
[19 INFO root] -0.012256964109838009 -0.7765238881111145 2.198689321899891
[19 INFO root] -0.01279798336327076 -0.7757789492607117 2.1961963249778997
[19 INFO root] -0.013339176774024963 -0.7750298380851746 2.1937636233159963
[19 INFO root] -0.013880378566682339 -0.7742769122123718 2.191384370932095
[19 INFO root] -0.01442146860063076 -0.773520290851593 2.1890538202156655
[19 INFO root] -0.01496238075196743 -0.7727602124214172 2.186769821131572
[19 INFO root] -0.01550309918820858 -0.7719966769218445 2.184533086666109
[19 INFO root] -0.016043661162257195 -0.7712297439575195 2.1823472575211222
[19 INFO root] -0.01658415049314499 -0.7704592943191528 2.180218800210241
[19 INFO root] -0.01712469384074211 -0.7696853280067444 2.1781567673779443
[19 INFO root] -0.017665445804595947 -0.7689076066017151 2.1761724437557803
[19 INFO root] -0.01820659451186657 -0.7681260108947754 2.174278897152335
[19 INFO root] -0.018748339265584946 -0.7673403024673462 2.172490451765778
[19 INFO root] -0.019290892407298088 -0.7665504813194275 2.170822101042573
[19 INFO root] -0.01983446627855301 -0.7657562494277954 2.169288879098179
[19 INFO root] -0.020379265770316124 -0.76495760679245 2.1679052128818648
[19 INFO root] -0.020925482735037804 -0.7641544342041016 2.1666842810461873
[19 INFO root] -0.021473286673426628 -0.7633468508720398 2.1656374088874664
[19 INFO root] -0.022022822871804237 -0.7625347971916199 2.1647735306702636
[19 INFO root] -0.022574204951524734 -0.7617185115814209 2.164098750141032
[19 INFO root] -0.023127514868974686 -0.7608981132507324 2.1636160264013355
[19 INFO root] -0.02368280477821827 -0.7600739002227783 2.1633250054188156
[19 INFO root] -0.02424008958041668 -0.7592461705207825 2.1632220078389603
[19 INFO root] -0.024798376485705376 -0.7584167122840881 2.1632135843031497
[19 INFO root] -0.025356745347380638 -0.7575871348381042 2.1632135843031497
[19 INFO root] -0.02591511234641075 -0.7567574977874756 2.1632135843031497
[19 INFO root] -0.026473481208086014 -0.7559279203414917 2.1632135843031497
[19 INFO root] -0.027031848207116127 -0.7550983428955078 2.1632135843031497
[19 INFO root] -0.02759021706879139 -0.7542687654495239 2.1632135843031497
[19 INFO root] -0.028148584067821503 -0.7534391283988953 2.1632135843031497
[19 INFO root] -0.028706952929496765 -0.7526095509529114 2.1632135843031497
[19 INFO root] -0.02926531992852688 -0.7517799735069275 2.1632135843031497
[19 INFO root] -0.02982368879020214 -0.7509503960609436 2.1632135843031497
[19 INFO root] -0.030382057651877403 -0.7501207590103149 2.1632135843031497
[19 INFO root] -0.030940424650907516 -0.749291181564331 2.1632135843031497
[19 INFO root] -0.03149879351258278 -0.7484616041183472 2.1632135843031497
[19 INFO root] -0.03205716237425804 -0.7476320266723633 2.1632135843031497
[19 INFO root] -0.032615527510643005 -0.7468023896217346 2.1632135843031497
[19 INFO root] -0.03317389637231827 -0.7459728121757507 2.1632135843031497
[19 INFO root] -0.03373226523399353 -0.7451432347297668 2.1632135843031497
[19 INFO root] -0.03429063409566879 -0.7443135976791382 2.1632135843031497
[19 INFO root] -0.03484899923205376 -0.7434840202331543 2.1632135843031497
[19 INFO root] -0.03540736809372902 -0.7426544427871704 2.1632135843031497
[19 INFO root] -0.03596573695540428 -0.7418248653411865 2.1632135843031497
[19 INFO root] -0.036524105817079544 -0.7409952282905579 2.1632135843031497
[19 INFO root] -0.03708247095346451 -0.740165650844574 2.1632135843031497
[19 INFO root] -0.03764083981513977 -0.7393360733985901 2.1632135843031497
[19 INFO root] -0.03819920867681503 -0.7385064959526062 2.1632135843031497
[19 INFO root] -0.038757577538490295 -0.7376768589019775 2.1632135843031497
[19 INFO root] -0.03931594267487526 -0.7368472814559937 2.1632135843031497
[19 INFO root] -0.03987431153655052 -0.7360177040100098 2.1632135843031497
[19 INFO root] -0.040432680398225784 -0.7351881265640259 2.1632135843031497
[19 INFO root] -0.04099104925990105 -0.7343584895133972 2.1632135843031497
[19 INFO root] -0.04154941812157631 -0.7335289120674133 2.1632135843031497
[19 INFO root] -0.04210778325796127 -0.7326993346214294 2.1632135843031497
[19 INFO root] -0.042666152119636536 -0.7318696975708008 2.1632135843031497
[19 INFO root] -0.0432245209813118 -0.7310401201248169 2.1632135843031497
[19 INFO root] -0.04378288984298706 -0.730210542678833 2.1632135843031497
[19 INFO root] -0.044341254979372025 -0.7293809652328491 2.1632135843031497
[19 INFO root] -0.04489962384104729 -0.7285513281822205 2.1632135843031497
[19 INFO root] -0.04545799270272255 -0.7277217507362366 2.1632135843031497
[19 INFO root] -0.04601636156439781 -0.7268921732902527 2.1632135843031497
[19 INFO root] -0.046574726700782776 -0.7260625958442688 2.1632135843031497
[19 INFO root] -0.04713309556245804 -0.7252329587936401 2.1632135843031497
[19 INFO root] -0.0476914644241333 -0.7244033813476562 2.1632135843031497
[19 INFO root] -0.04824983328580856 -0.7235738039016724 2.1632135843031497
[19 INFO root] -0.04880819842219353 -0.7227442264556885 2.1632135843031497
[19 INFO root] -0.04936656728386879 -0.7219145894050598 2.1632135843031497
[19 INFO root] -0.04992493614554405 -0.7210850119590759 2.1632135843031497
[19 INFO root] -0.050483305007219315 -0.720255434513092 2.1632135843031497
[19 INFO root] -0.05104167386889458 -0.7194257974624634 2.1632135843031497
[19 INFO root] -0.05160003900527954 -0.7185962200164795 2.1632135843031497
[19 INFO root] -0.0521584078669548 -0.7177666425704956 2.1632135843031497
[19 INFO root] -0.052716776728630066 -0.7169370651245117 2.1632135843031497
[19 INFO root] -0.05327514559030533 -0.7161074280738831 2.1632135843031497
[19 INFO root] -0.05383351072669029 -0.7152778506278992 2.1632135843031497
[19 INFO root] -0.054391879588365555 -0.7144482731819153 2.1632135843031497
[19 INFO root] -0.05495024845004082 -0.7136186957359314 2.1632135843031497
[19 INFO root] -0.05550861731171608 -0.7127890586853027 2.1632135843031497
[19 INFO root] -0.056066982448101044 -0.7119594812393188 2.1632135843031497
[19 INFO root] -0.056625351309776306 -0.711129903793335 2.1632135843031497
[19 INFO root] -0.05718372017145157 -0.7103003263473511 2.1632135843031497
[19 INFO root] -0.05774208903312683 -0.7094706892967224 2.1632135843031497
[19 INFO root] -0.058300454169511795 -0.7086411118507385 2.1632135843031497
[19 INFO root] -0.05885882303118706 -0.7078115344047546 2.1632135843031497
[19 INFO root] -0.05941719189286232 -0.706981897354126 2.1632135843031497
[19 INFO root] -0.05997556075453758 -0.7061523199081421 2.1632135843031497
[19 INFO root] -0.060533929616212845 -0.7053227424621582 2.1632135843031497
[19 INFO root] -0.06109229475259781 -0.7044931650161743 2.1632135843031497
[19 INFO root] -0.06165066361427307 -0.7036635279655457 2.1632135843031497
[19 INFO root] -0.062209032475948334 -0.7028339505195618 2.1632135843031497
[19 INFO root] -0.0627674013376236 -0.7020043730735779 2.1632135843031497
[19 INFO root] -0.06332577019929886 -0.701174795627594 2.1632135843031497
[19 INFO root] -0.06388413906097412 -0.7003451585769653 2.1632135843031497
[19 INFO root] -0.06444250047206879 -0.6995155811309814 2.1632135843031497
[19 INFO root] -0.06500086933374405 -0.6986860036849976 2.1632135843031497
[19 INFO root] -0.06555923819541931 -0.6978564262390137 2.1632135843031497
[19 INFO root] -0.06611760705709457 -0.697026789188385 2.1632135843031497
[19 INFO root] -0.06667597591876984 -0.6961972117424011 2.1632135843031497
[19 INFO root] -0.0672343447804451 -0.6953676342964172 2.1632135843031497
[19 INFO root] -0.06779271364212036 -0.6945379972457886 2.1632135843031497
[19 INFO root] -0.06835108250379562 -0.6937084197998047 2.1632135843031497
[19 INFO root] -0.06890944391489029 -0.6928788423538208 2.1632135843031497
[19 INFO root] -0.06946781277656555 -0.6920492649078369 2.1632135843031497
[19 INFO root] -0.07002618163824081 -0.6912196278572083 2.1632135843031497
[19 INFO root] -0.07058455049991608 -0.6903900504112244 2.1632135843031497
[19 INFO root] -0.07114291936159134 -0.6895604729652405 2.1632135843031497
[19 INFO root] -0.0717012882232666 -0.6887308955192566 2.1632135843031497
[19 INFO root] -0.07225965708494186 -0.6879012584686279 2.1632135843031497
[19 INFO root] -0.07281802594661713 -0.687071681022644 2.1632135843031497
[19 INFO root] -0.07337639480829239 -0.6862421035766602 2.1632135843031497
[19 INFO root] -0.07393475621938705 -0.6854125261306763 2.1632135843031497
[19 INFO root] -0.07449312508106232 -0.6845828890800476 2.1632135843031497
[19 INFO root] -0.07505149394273758 -0.6837533116340637 2.1632135843031497
[19 INFO root] -0.07560986280441284 -0.6829237341880798 2.1632135843031497
[19 INFO root] -0.0761682316660881 -0.6820940971374512 2.1632135843031497
[19 INFO root] -0.07672660052776337 -0.6812645196914673 2.1632135843031497
[19 INFO root] -0.07728496938943863 -0.6804349422454834 2.1632135843031497
[19 INFO root] -0.07784333825111389 -0.6796053647994995 2.1632135843031497
[19 INFO root] -0.07840169966220856 -0.6787757277488708 2.1632135843031497
[19 INFO root] -0.07896006852388382 -0.677946150302887 2.1632135843031497
[19 INFO root] -0.07951843738555908 -0.6771165728569031 2.1632135843031497
[19 INFO root] -0.08007680624723434 -0.6762869954109192 2.1632135843031497
[19 INFO root] -0.0806351751089096 -0.6754573583602905 2.1632135843031497
[19 INFO root] -0.08119354397058487 -0.6746277809143066 2.1632135843031497
[19 INFO root] -0.08175191283226013 -0.6737982034683228 2.1632135843031497
[19 INFO root] -0.0823102816939354 -0.6729686260223389 2.1632135843031497
[19 INFO root] -0.08286865055561066 -0.6721389889717102 2.1632135843031497
[19 INFO root] -0.08342701196670532 -0.6713094115257263 2.1632135843031497
[19 INFO root] -0.08398538082838058 -0.6704798340797424 2.1632135843031497
[19 INFO root] -0.08454374969005585 -0.6696501970291138 2.1632135843031497
[19 INFO root] -0.08510211855173111 -0.6688206195831299 2.1632135843031497
[19 INFO root] -0.08566048741340637 -0.667991042137146 2.1632135843031497
[19 INFO root] -0.08621885627508163 -0.6671614646911621 2.1632135843031497
[19 INFO root] -0.0867772251367569 -0.6663318276405334 2.1632135843031497
[19 INFO root] -0.08733559399843216 -0.6655022501945496 2.1632135843031497
[19 INFO root] -0.08789395540952682 -0.6646726727485657 2.1632135843031497
[19 INFO root] -0.08845232427120209 -0.6638430953025818 2.1632135843031497
[19 INFO root] -0.08901069313287735 -0.6630134582519531 2.1632135843031497
[19 INFO root] -0.08956906199455261 -0.6621838808059692 2.1632135843031497
[19 INFO root] -0.09012743085622787 -0.6613543033599854 2.1632135843031497
[19 INFO root] -0.09068579971790314 -0.6605247259140015 2.1632135843031497
[19 INFO root] -0.0912441685795784 -0.6596950888633728 2.1632135843031497
[19 INFO root] -0.09180253744125366 -0.6588655114173889 2.1632135843031497
[19 INFO root] -0.09236090630292892 -0.658035933971405 2.1632135843031497
[19 INFO root] -0.09291926771402359 -0.6572062969207764 2.1632135843031497
[19 INFO root] -0.09347763657569885 -0.6563767194747925 2.1632135843031497
[19 INFO root] -0.09403600543737411 -0.6555471420288086 2.1632135843031497
[19 INFO root] -0.09459437429904938 -0.6547175645828247 2.1632135843031497
[19 INFO root] -0.09515274316072464 -0.653887927532196 2.1632135843031497
[19 INFO root] -0.0957111120223999 -0.6530583500862122 2.1632135843031497
[19 INFO root] -0.09626948088407516 -0.6522287726402283 2.1632135843031497
[19 INFO root] -0.09682784974575043 -0.6513991951942444 2.1632135843031497
[19 INFO root] -0.09738621115684509 -0.6505695581436157 2.1632135843031497
[19 INFO root] -0.09794458001852036 -0.6497399806976318 2.1632135843031497
[19 INFO root] -0.09850294888019562 -0.648910403251648 2.1632135843031497
[19 INFO root] -0.09906131774187088 -0.6480808258056641 2.1632135843031497
[19 INFO root] -0.09961968660354614 -0.6472511887550354 2.1632135843031497
[19 INFO root] -0.1001780554652214 -0.6464216113090515 2.1632135843031497
[19 INFO root] -0.10073642432689667 -0.6455920338630676 2.1632135843031497
[19 INFO root] -0.10129479318857193 -0.644762396812439 2.1632135843031497
[19 INFO root] -0.10185316205024719 -0.6439328193664551 2.1632135843031497
[19 INFO root] -0.10241152346134186 -0.6431032419204712 2.1632135843031497
[19 INFO root] -0.10296989232301712 -0.6422736644744873 2.1632135843031497
[19 INFO root] -0.10352826118469238 -0.6414440274238586 2.1632135843031497
[19 INFO root] -0.10408663004636765 -0.6406144499778748 2.1632135843031497
[19 INFO root] -0.10464499890804291 -0.6397848725318909 2.1632135843031497
[19 INFO root] -0.10520336776971817 -0.638955295085907 2.1632135843031497
[19 INFO root] -0.10576173663139343 -0.6381256580352783 2.1632135843031497
[19 INFO root] -0.1063201054930687 -0.6372960805892944 2.1632135843031497
[19 INFO root] -0.10687846690416336 -0.6364665031433105 2.1632135843031497
[19 INFO root] -0.10743683576583862 -0.6356368660926819 2.1632135843031497
[19 INFO root] -0.10799520462751389 -0.634807288646698 2.1632135843031497
[19 INFO root] -0.10855357348918915 -0.6339777112007141 2.1632135843031497
[19 INFO root] -0.10911194235086441 -0.6331481337547302 2.1632135843031497
[19 INFO root] -0.10967031121253967 -0.6323184967041016 2.1632135843031497
[19 INFO root] -0.11022868007421494 -0.6314889192581177 2.1632135843031497
[19 INFO root] -0.1107870489358902 -0.6306593418121338 2.1632135843031497
[19 INFO root] -0.11134541034698486 -0.6298297643661499 2.1632135843031497
[19 INFO root] -0.11190377920866013 -0.6290001273155212 2.1632135843031497
[19 INFO root] -0.11246214807033539 -0.6281705498695374 2.1632135843031497
[19 INFO root] -0.11302051693201065 -0.6273409724235535 2.1632135843031497
[19 INFO root] -0.11357888579368591 -0.6265113949775696 2.1632135843031497
[19 INFO root] -0.11413725465536118 -0.6256817579269409 2.1632135843031497
[19 INFO root] -0.11469562351703644 -0.624852180480957 2.1632135843031497
[19 INFO root] -0.1152539923787117 -0.6240226030349731 2.1632135843031497
[19 INFO root] -0.11581236124038696 -0.6231929659843445 2.1632135843031497
[19 INFO root] -0.11637072265148163 -0.6223633885383606 2.1632135843031497
[19 INFO root] -0.11692909151315689 -0.6215338110923767 2.1632135843031497
[19 INFO root] -0.11748746037483215 -0.6207042336463928 2.1632135843031497
[19 INFO root] -0.11804582923650742 -0.6198745965957642 2.1632135843031497
[19 INFO root] -0.11860419809818268 -0.6190450191497803 2.1632135843031497
[19 INFO root] -0.11916256695985794 -0.6182154417037964 2.1632135843031497
[19 INFO root] -0.1197209358215332 -0.6173858642578125 2.1632135843031497
[19 INFO root] -0.12027930468320847 -0.6165562272071838 2.1632135843031497
[19 INFO root] -0.12083766609430313 -0.6157266497612 2.1632135843031497
[19 INFO root] -0.1213960349559784 -0.6148970723152161 2.1632135843031497
[19 INFO root] -0.12195440381765366 -0.6140674948692322 2.1632135843031497
[19 INFO root] -0.12251277267932892 -0.6132378578186035 2.1632135843031497
[19 INFO root] -0.12307114154100418 -0.6124082803726196 2.1632135843031497
[19 INFO root] -0.12362951040267944 -0.6115787029266357 2.1632135843031497
[19 INFO root] -0.1241878792643547 -0.6107490658760071 2.1632135843031497
[19 INFO root] -0.12473546713590622 -0.6099355220794678 2.1633198972547363
[19 INFO root] -0.12525330483913422 -0.6091663241386414 2.1637281669055493
[19 INFO root] -0.12574195861816406 -0.6084409952163696 2.1644471927332662
[19 INFO root] -0.12620428204536438 -0.6077558398246765 2.165463970256327
[19 INFO root] -0.12664282321929932 -0.6071072816848755 2.166767583796856
[19 INFO root] -0.1270599365234375 -0.6064921021461487 2.16834901746794
[19 INFO root] -0.12745770812034607 -0.6059074401855469 2.170200751390544
[19 INFO root] -0.12783803045749664 -0.6053505539894104 2.1723164568252105
[19 INFO root] -0.1282026767730713 -0.6048189997673035 2.1746907695286968
[19 INFO root] -0.12855324149131775 -0.6043106317520142 2.1773191226094895
[19 INFO root] -0.12889114022254944 -0.6038232445716858 2.1801976256245625
[19 INFO root] -0.1292177438735962 -0.6033550500869751 2.183322980439122
[19 INFO root] -0.1295342594385147 -0.6029043197631836 2.186692426846369
[19 INFO root] -0.12984180450439453 -0.6024694442749023 2.190303712439744
[19 INFO root] -0.13014137744903564 -0.6020490527153015 2.194155081939309
[19 INFO root] -0.13043390214443207 -0.6016418933868408 2.198245281187825
[19 INFO root] -0.13072021305561066 -0.60124671459198 2.2025735701740086
[19 INFO root] -0.1310010552406311 -0.6008626222610474 2.2071397385418003
[19 INFO root] -0.13127709925174713 -0.6004886627197266 2.2119441152917907
[19 INFO root] -0.1315489560365677 -0.6001240611076355 2.2169875615343915
[19 INFO root] -0.13181714713573456 -0.5997680425643921 2.222271431274845
[19 INFO root] -0.13208217918872833 -0.5994201302528381 2.2277974803139315
[19 INFO root] -0.13234449923038483 -0.5990796089172363 2.2335676975056145
[19 INFO root] -0.13260456919670105 -0.5987460017204285 2.239584026104286
[19 INFO root] -0.132862851023674 -0.5984187722206116 2.245847936409011
[19 INFO root] -0.13311982154846191 -0.5980973839759827 2.2523598055814116
[19 INFO root] -0.1333761215209961 -0.5977810025215149 2.2591180583636814
[19 INFO root] -0.13363243639469147 -0.5974689722061157 2.266118026396165
[19 INFO root] -0.13388974964618683 -0.5971601009368896 2.2733504978858106
[19 INFO root] -0.1341492235660553 -0.5968531966209412 2.2807999582613196
[19 INFO root] -0.13441237807273865 -0.5965465903282166 2.2884425710521574
[19 INFO root] -0.13468113541603088 -0.5962381958961487 2.29624402021672
[19 INFO root] -0.13495780527591705 -0.5959257483482361 2.30415743110762
[19 INFO root] -0.1352451592683792 -0.5956063270568848 2.3121217012864577
[19 INFO root] -0.13554640114307404 -0.5952767729759216 2.320060682711637
[19 INFO root] -0.13586503267288208 -0.5949336886405945 2.32788374491801
[19 INFO root] -0.136204794049263 -0.5945736169815063 2.33548826199174
[19 INFO root] -0.13656941056251526 -0.5941930413246155 2.3427644421530354
[19 INFO root] -0.13696232438087463 -0.5937888622283936 2.349602599567015
[19 INFO root] -0.13738641142845154 -0.59335857629776 2.3559024305343264
[19 INFO root] -0.13784371316432953 -0.5929004549980164 2.3615818091015024
[19 INFO root] -0.13833512365818024 -0.5924137830734253 2.3665870617011455
[19 INFO root] -0.13886015117168427 -0.5918990969657898 2.370901614498495
[19 INFO root] -0.13941681385040283 -0.5913581252098083 2.3745497281820156
[19 INFO root] -0.14000174403190613 -0.5907939076423645 2.377593858115672
[19 INFO root] -0.14061053097248077 -0.5902102589607239 2.380126353149677
[19 INFO root] -0.1412380486726761 -0.589611828327179 2.382257907836193
[19 INFO root] -0.14187894761562347 -0.5890032052993774 2.384105696067103
[19 INFO root] -0.14252805709838867 -0.5883891582489014 2.3857834605470534
[19 INFO root] -0.14318059384822845 -0.5877739191055298 2.3873946383397024
[19 INFO root] -0.14383241534233093 -0.5871613621711731 2.3890285298349734
[19 INFO root] -0.14448009431362152 -0.5865546464920044 2.3907588923638015
[19 INFO root] -0.14512091875076294 -0.5859564542770386 2.392644150573791
[19 INFO root] -0.14575284719467163 -0.5853687524795532 2.394728499584614
[19 INFO root] -0.14637671411037445 -0.5847910046577454 2.396996581960578
[19 INFO root] -0.14699389040470123 -0.5842219591140747 2.3994207430151846
[19 INFO root] -0.14760571718215942 -0.5836606025695801 2.401974692312708
[19 INFO root] -0.14821341633796692 -0.5831058621406555 2.4046344312237022
[19 INFO root] -0.14881809055805206 -0.5825567841529846 2.4073781353204264
[19 INFO root] -0.14942076802253723 -0.5820125341415405 2.4101860258566874
[19 INFO root] -0.15002235770225525 -0.5814723372459412 2.413040250268194
[19 INFO root] -0.15062369406223297 -0.5809354782104492 2.415924769185036
[19 INFO root] -0.1512255221605301 -0.5804012417793274 2.41882524794342
[19 INFO root] -0.15182848274707794 -0.5798690915107727 2.421728951218299
[19 INFO root] -0.15243318676948547 -0.5793386101722717 2.424624639920341
[19 INFO root] -0.1530401110649109 -0.5788092017173767 2.4275024699178602
[19 INFO root] -0.15364970266819 -0.5782805681228638 2.4303538924662766
[19 INFO root] -0.15426234900951385 -0.577752411365509 2.4331715564647802
[19 INFO root] -0.15487836301326752 -0.5772243142127991 2.4359492128226794
[19 INFO root] -0.15549801290035248 -0.5766960978507996 2.4386816213173095
[19 INFO root] -0.15612149238586426 -0.5761675238609314 2.4413644603723244
[19 INFO root] -0.15674899518489838 -0.575638473033905 2.4439942401902734
[19 INFO root] -0.15738064050674438 -0.5751087069511414 2.4465682196464438
[19 INFO root] -0.15801651775836945 -0.5745782256126404 2.4490843273011484
[19 INFO root] -0.15865668654441833 -0.5740469098091125 2.451541086822717
[19 INFO root] -0.15930119156837463 -0.5735146403312683 2.453937547040293
[19 INFO root] -0.15995003283023834 -0.5729814171791077 2.456273216769484
[19 INFO root] -0.16060319542884827 -0.5724472403526306 2.4585480044792973
[19 INFO root] -0.16126064956188202 -0.5719119906425476 2.4607621627988645
[19 INFO root] -0.16192233562469482 -0.5713757872581482 2.462916237799288
[19 INFO root] -0.1625882089138031 -0.5708385109901428 2.4650110229310824
[19 INFO root] -0.16325818002223969 -0.570300281047821 2.4670475174516593
[19 INFO root] -0.1639321893453598 -0.5697610974311829 2.4690268891402707
[19 INFO root] -0.1646101176738739 -0.5692209005355835 2.4709504410696623
[19 INFO root] -0.1652919054031372 -0.5686798691749573 2.472819582183513
[19 INFO root] -0.16597741842269897 -0.5681379437446594 2.4746358014160887
[19 INFO root] -0.16666656732559204 -0.5675951242446899 2.476400645084279
[19 INFO root] -0.16735926270484924 -0.5670515298843384 2.478115697281521
[19 INFO root] -0.16805538535118103 -0.5665072202682495 2.479782563007118
[19 INFO root] -0.16875483095645905 -0.5659621357917786 2.4814028537720403
[19 INFO root] -0.16945751011371613 -0.5654163956642151 2.482978175433013
[19 INFO root] -0.17016328871250153 -0.5648699998855591 2.4845101180193456
[19 INFO root] -0.17087210714817047 -0.5643230676651001 2.486000247331261
[19 INFO root] -0.17158383131027222 -0.5637755393981934 2.4874500981037353
[19 INFO root] -0.1722983717918396 -0.5632274746894836 2.488861168545445
[19 INFO root] -0.17301565408706665 -0.5626789331436157 2.490234916078324
[19 INFO root] -0.17373530566692352 -0.5621301531791687 2.491555834489994
[19 INFO root] -0.1744457483291626 -0.5615898370742798 2.4920538956604985
[19 INFO root] -0.1751462072134018 -0.5610578060150146 2.491649937279477
[19 INFO root] -0.17583729326725006 -0.5605325698852539 2.4903545500547417
[19 INFO root] -0.17651961743831635 -0.560012698173523 2.488182510208303
[19 INFO root] -0.17719373106956482 -0.5594968199729919 2.485152827525894
[19 INFO root] -0.17786017060279846 -0.5589836835861206 2.481288716357985
[19 INFO root] -0.17851942777633667 -0.5584721565246582 2.4766175328616646
[19 INFO root] -0.17917197942733765 -0.5579609870910645 2.4711706858590734
[19 INFO root] -0.1798182725906372 -0.5574490427970886 2.4649835223715604
[19 INFO root] -0.18045875430107117 -0.5569353699684143 2.458095187762184
[19 INFO root] -0.18109378218650818 -0.5564188957214355 2.4505484595768174
[19 INFO root] -0.18172375857830048 -0.5558986067771912 2.4423895536259956
[19 INFO root] -0.18234901130199432 -0.5553737282752991 2.4336679006095645
[19 INFO root] -0.1829698234796524 -0.5548433065414429 2.4244358916583058
[19 INFO root] -0.1835864931344986 -0.5543065071105957 2.414748591544638
[19 INFO root] -0.184199258685112 -0.553762674331665 2.4046634189769818
[19 INFO root] -0.18480829894542694 -0.5532110929489136 2.3942397943026874
[19 INFO root] -0.1854132115840912 -0.5526517033576965 2.3835456643495663
[19 INFO root] -0.18601252138614655 -0.5520855188369751 2.372661631898974
[19 INFO root] -0.18660663068294525 -0.5515119433403015 2.361650107900312
[19 INFO root] -0.18719609081745148 -0.5509301424026489 2.3505717276074303
[19 INFO root] -0.1877814680337906 -0.5503394603729248 2.339486778610878
[19 INFO root] -0.1883632093667984 -0.5497393012046814 2.328454768794387
[19 INFO root] -0.18894176185131073 -0.549129068851471 2.3175340335199834
[19 INFO root] -0.18951749801635742 -0.54850834608078 2.306781338947775
[19 INFO root] -0.19009079039096832 -0.5478767156600952 2.2962514898249236
[19 INFO root] -0.1906619369983673 -0.5472339987754822 2.2859969500681374
[19 INFO root] -0.19123123586177826 -0.5465799570083618 2.276067484005874
[19 INFO root] -0.19179891049861908 -0.5459144711494446 2.266509825381186
[19 INFO root] -0.19236522912979126 -0.5452375411987305 2.2573673802032235
[19 INFO root] -0.1929304301738739 -0.5445492267608643 2.2486799683457157
[19 INFO root] -0.19349470734596252 -0.5438495874404907 2.240483607499044
[19 INFO root] -0.19405831396579742 -0.5431389808654785 2.2328103417614
[19 INFO root] -0.19462144374847412 -0.5424175262451172 2.225688115868504
[19 INFO root] -0.1951843798160553 -0.5416855812072754 2.219140694866011
[19 INFO root] -0.19574731588363647 -0.5409435033798218 2.213187627965383
[19 INFO root] -0.19630920886993408 -0.540193498134613 2.2078426628814865
[19 INFO root] -0.19686870276927948 -0.5394381880760193 2.20311525674756
[19 INFO root] -0.19742614030838013 -0.5386781692504883 2.199015168250667
[19 INFO root] -0.19798201322555542 -0.5379135608673096 2.195549007766757
[19 INFO root] -0.19853682816028595 -0.5371447205543518 2.19271947598012
[19 INFO root] -0.1990911066532135 -0.5363719463348389 2.190525463115979
[19 INFO root] -0.19964534044265747 -0.5355954766273499 2.188962225582248
[19 INFO root] -0.20020002126693726 -0.534815788269043 2.1880215799483236
[19 INFO root] -0.20075561106204987 -0.5340331196784973 2.187692109523626
[19 INFO root] -0.2013101428747177 -0.5332512855529785 2.1875588549325893
[19 INFO root] -0.2018628865480423 -0.5324717164039612 2.1874275690596443
[19 INFO root] -0.2024141252040863 -0.5316941142082214 2.187282794776815
[19 INFO root] -0.2029641568660736 -0.5309178829193115 2.187125648940206
[19 INFO root] -0.2035132795572281 -0.5301427841186523 2.1869572030180247
[19 INFO root] -0.20406168699264526 -0.5293683409690857 2.1867784767485907
[19 INFO root] -0.20460957288742065 -0.5285943746566772 2.1865904368315534
[19 INFO root] -0.20515713095664978 -0.5278205871582031 2.186393996788789
[19 INFO root] -0.205704465508461 -0.5270467400550842 2.186190017684696
[19 INFO root] -0.20625171065330505 -0.526272714138031 2.185979309522233
[19 INFO root] -0.2067989557981491 -0.5254983305931091 2.18576263315356
[19 INFO root] -0.20734629034996033 -0.524723470211029 2.185540702565533
[19 INFO root] -0.20789377391338348 -0.5239480137825012 2.1853141874212274
[19 INFO root] -0.20843790471553802 -0.5231769680976868 2.1850557219000444
[19 INFO root] -0.20897330343723297 -0.5224179029464722 2.184720696560626
[19 INFO root] -0.20949554443359375 -0.5216769576072693 2.1842698017382784
[19 INFO root] -0.21000149846076965 -0.520958423614502 2.183672780952604
[19 INFO root] -0.21048913896083832 -0.5202651023864746 2.182907029300758
[19 INFO root] -0.21095722913742065 -0.5195984840393066 2.1819558874071556
[19 INFO root] -0.21140511333942413 -0.5189593434333801 2.1808071770041297
[19 INFO root] -0.21183262765407562 -0.5183478593826294 2.179452025185921
[19 INFO root] -0.21223990619182587 -0.517763614654541 2.177883956018313
[19 INFO root] -0.21262706816196442 -0.5172064304351807 2.1760955606677252
[19 INFO root] -0.21299397945404053 -0.5166763663291931 2.1740765926884262
[19 INFO root] -0.213340625166893 -0.5161734819412231 2.171817221440257
[19 INFO root] -0.21366718411445618 -0.5156974196434021 2.1693085669257126
[19 INFO root] -0.2139740288257599 -0.5152477025985718 2.1665424333637455
[19 INFO root] -0.21426159143447876 -0.5148237943649292 2.1635110754947413
[19 INFO root] -0.21453046798706055 -0.5144248604774475 2.1602070533088384
[19 INFO root] -0.21478129923343658 -0.5140500068664551 2.1566231607091395
[19 INFO root] -0.21501483023166656 -0.513698399066925 2.1527524143235177
[19 INFO root] -0.21523185074329376 -0.5133688449859619 2.148588090944234
[19 INFO root] -0.2154332548379898 -0.5130602121353149 2.144123803870422
[19 INFO root] -0.2156199812889099 -0.5127713084220886 2.1393536097220607
[19 INFO root] -0.21579302847385406 -0.5125008225440979 2.1342721381109415
[19 INFO root] -0.2159537822008133 -0.5122466683387756 2.128879131664767
[19 INFO root] -0.21610237658023834 -0.5120089650154114 2.1228533533194853
[19 INFO root] -0.2162393033504486 -0.5117869973182678 2.11591365277946
[19 INFO root] -0.21636590361595154 -0.5115785598754883 2.1079521629754
[19 INFO root] -0.2164836972951889 -0.5113811492919922 2.0988872204801994
[19 INFO root] -0.21659430861473083 -0.5111919641494751 2.0886515318743735
[19 INFO root] -0.21669937670230865 -0.5110079646110535 2.0771968110284154
[19 INFO root] -0.21680063009262085 -0.5108259320259094 2.064496442331179
[19 INFO root] -0.21689970791339874 -0.5106423497200012 2.050546009760256
[19 INFO root] -0.2169981300830841 -0.5104538202285767 2.0353618621458915
[19 INFO root] -0.21709726750850677 -0.5102567076683044 2.0189781599727468
[19 INFO root] -0.2171981930732727 -0.5100476741790771 2.001443096141914
[19 INFO root] -0.21730159223079681 -0.5098235607147217 1.982812768973597
[19 INFO root] -0.2174077332019806 -0.5095818638801575 1.9631449284755118
[19 INFO root] -0.2175164371728897 -0.5093204975128174 1.9424951435889846
[19 INFO root] -0.2176271677017212 -0.5090380907058716 1.9209147505684439
[19 INFO root] -0.21773914992809296 -0.508733332157135 1.8984500875082866
[19 INFO root] -0.21785135567188263 -0.5084055066108704 1.8751428223189166
[19 INFO root] -0.2179626226425171 -0.5080540180206299 1.8510142046285465
[19 INFO root] -0.21807172894477844 -0.5076781511306763 1.8260829510566208
[19 INFO root] -0.21817736327648163 -0.507277250289917 1.8003750371772267
[19 INFO root] -0.2182781994342804 -0.5068504810333252 1.7739269363033892
[19 INFO root] -0.21837280690670013 -0.5063969492912292 1.7467877411869488
[19 INFO root] -0.21845968067646027 -0.5059155821800232 1.7190210428879884
[19 INFO root] -0.21853724122047424 -0.5054054260253906 1.6907060416646131
[19 INFO root] -0.21860376000404358 -0.5048657059669495 1.6619373312420536
[19 INFO root] -0.21865743398666382 -0.5042956471443176 1.632824813316208
[19 INFO root] -0.21869640052318573 -0.5036951303482056 1.6034934539236414
[19 INFO root] -0.21871882677078247 -0.5030640959739685 1.5740825739867215
[19 INFO root] -0.218722864985466 -0.5024032592773438 1.5447446488322663
[19 INFO root] -0.21870683133602142 -0.5017135739326477 1.5156435497318124
[19 INFO root] -0.21866928040981293 -0.5009967088699341 1.4869521888424784
[19 INFO root] -0.2186090052127838 -0.5002548694610596 1.4588496035482703
[19 INFO root] -0.218525230884552 -0.4994908273220062 1.4315101120769331
[19 INFO root] -0.21841761469841003 -0.49870800971984863 1.4050976692673036
[19 INFO root] -0.21828632056713104 -0.4979102611541748 1.3797638227126232
[19 INFO root] -0.21813204884529114 -0.497101753950119 1.3556461217531617
[19 INFO root] -0.21795597672462463 -0.4962867498397827 1.332866637351904
[19 INFO root] -0.21775972843170166 -0.49546948075294495 1.3115307714317321
[19 INFO root] -0.2175453156232834 -0.4946540594100952 1.2917264274055873
[19 INFO root] -0.21731501817703247 -0.49384433031082153 1.2735236022656011
[19 INFO root] -0.21707136929035187 -0.49304378032684326 1.2569744198626458
[19 INFO root] -0.2168170064687729 -0.4922555088996887 1.242113826115688
[19 INFO root] -0.21655043959617615 -0.4914700984954834 1.2281896709556535
[19 INFO root] -0.21626988053321838 -0.49068009853363037 1.21461268786997
[19 INFO root] -0.21598990261554718 -0.48992428183555603 1.2027811927838876
[19 INFO root] -0.21572941541671753 -0.48924610018730164 1.1943244609957033
[19 INFO root] -0.21549104154109955 -0.4886414706707001 1.1891293503255373
[19 INFO root] -0.21527452766895294 -0.488101065158844 1.1869126078973073
[19 INFO root] -0.21507889032363892 -0.4876163899898529 1.187426821280135
[19 INFO root] -0.21490274369716644 -0.4871797263622284 1.190457523678217
[19 INFO root] -0.214744433760643 -0.4867841303348541 1.195815735976366
[19 INFO root] -0.2146022468805313 -0.486423522233963 1.2033317508967554
[19 INFO root] -0.21447449922561646 -0.4860924780368805 1.2128535442808215
[19 INFO root] -0.2143595814704895 -0.48578619956970215 1.2242461736202837
[19 INFO root] -0.21425598859786987 -0.48550042510032654 1.2373909225909145
[19 INFO root] -0.2141624093055725 -0.4852314293384552 1.2521842179580462
[19 INFO root] -0.2140776515007019 -0.48497581481933594 1.2685364612755896
[19 INFO root] -0.21400070190429688 -0.4847305417060852 1.2863809772160855
[19 INFO root] -0.21393068134784698 -0.48449262976646423 1.3056761399449395
[19 INFO root] -0.21386688947677612 -0.4842594861984253 1.326388415436915
[19 INFO root] -0.2138087898492813 -0.48402854800224304 1.348499353011506
[19 INFO root] -0.2137560248374939 -0.48379752039909363 1.371997751517604
[19 INFO root] -0.21370846033096313 -0.4835642874240875 1.396873474205447
[19 INFO root] -0.2136661559343338 -0.4833269417285919 1.4231160617054315
[19 INFO root] -0.213629350066185 -0.4830838441848755 1.4507141420688907
[19 INFO root] -0.21359847486019135 -0.4828335642814636 1.4796549004319355
[19 INFO root] -0.2135741114616394 -0.4825749695301056 1.5099236018585052
[19 INFO root] -0.21355699002742767 -0.482307106256485 1.5415031961841579
[19 INFO root] -0.21354800462722778 -0.48202940821647644 1.5743740757646807
[19 INFO root] -0.21354810893535614 -0.48174163699150085 1.6085141045231108
[19 INFO root] -0.2135583609342575 -0.4814439117908478 1.6438990678054604
[19 INFO root] -0.21357980370521545 -0.4811367392539978 1.6805036875177113
[19 INFO root] -0.21361343562602997 -0.48082107305526733 1.7183032880762117
[19 INFO root] -0.21366019546985626 -0.48049816489219666 1.7572760763372355
[19 INFO root] -0.2137208878993988 -0.4801695942878723 1.7974058186856463
[19 INFO root] -0.21379615366458893 -0.4798371493816376 1.8386844874904267
[19 INFO root] -0.21388651430606842 -0.4795026481151581 1.8811142557662337
[19 INFO root] -0.2139923870563507 -0.4791676998138428 1.9247081065467466
[19 INFO root] -0.21411415934562683 -0.4788336455821991 1.9694883542916515
[19 INFO root] -0.21425236761569977 -0.47850149869918823 2.0154825895161146
[19 INFO root] -0.21440771222114563 -0.47817161679267883 2.0627169553063953
[19 INFO root] -0.21458125114440918 -0.47784411907196045 2.1112072012125283
[19 INFO root] -0.21477434039115906 -0.47751879692077637 2.160948554481825
[19 INFO root] -0.21498864889144897 -0.4771954417228699 2.211905995160931
[19 INFO root] -0.2152167409658432 -0.476886510848999 2.262626767957308
[19 INFO root] -0.21543146669864655 -0.4766242504119873 2.310022178721909
[19 INFO root] -0.21561844646930695 -0.47641679644584656 2.3538489356529912
[19 INFO root] -0.21576741337776184 -0.47626543045043945 2.394308503540011
[19 INFO root] -0.21587112545967102 -0.4761682152748108 2.4316619129458164
[19 INFO root] -0.2159251868724823 -0.47612109780311584 2.46618726529548
[19 INFO root] -0.21592748165130615 -0.47611895203590393 2.4981464248497227
[19 INFO root] -0.21587707102298737 -0.4761567711830139 2.52773965308521
[19 INFO root] -0.21577465534210205 -0.476229190826416 2.5551550470924713
[19 INFO root] -0.2156224101781845 -0.47633078694343567 2.58057222920667
[19 INFO root] -0.21542419493198395 -0.4764558970928192 2.6041213924972713
[19 INFO root] -0.2151842713356018 -0.4765995442867279 2.625900990374469
[19 INFO root] -0.21490685641765594 -0.4767575263977051 2.6459947144488773
[19 INFO root] -0.21459589898586273 -0.47692635655403137 2.6644759712202553
[19 INFO root] -0.21425415575504303 -0.4771037697792053 2.6813715756124634
[19 INFO root] -0.21388405561447144 -0.47728797793388367 2.6966951121937774
[19 INFO root] -0.21348807215690613 -0.47747746109962463 2.7104586821810623
[19 INFO root] -0.21306881308555603 -0.4776709973812103 2.7226724156695337
[19 INFO root] -0.21262921392917633 -0.47786736488342285 2.733352858992635
[19 INFO root] -0.2121758610010147 -0.47806403040885925 2.7426293445682757
[19 INFO root] -0.2117152065038681 -0.4782586991786957 2.7506291913758445
[19 INFO root] -0.21125252544879913 -0.47844985127449036 2.7574498722849885
[19 INFO root] -0.21079178154468536 -0.4786364734172821 2.763160941353056
[19 INFO root] -0.210335835814476 -0.47881805896759033 2.767807729506501
[19 INFO root] -0.20988653600215912 -0.4789945185184479 2.771414432291058
[19 INFO root] -0.20944491028785706 -0.47916609048843384 2.773986564116425
[19 INFO root] -0.20901134610176086 -0.47933319211006165 2.7755128752117657
[19 INFO root] -0.2085857093334198 -0.47949644923210144 2.7759668462097506
[19 INFO root] -0.20816747844219208 -0.4796565771102905 2.775307865946607
[19 INFO root] -0.2077559381723404 -0.47981441020965576 2.7734821792454434
[19 INFO root] -0.20735019445419312 -0.4799708127975464 2.7704236725310243
[19 INFO root] -0.2069494128227234 -0.48012667894363403 2.7660545502966176
[19 INFO root] -0.20655277371406555 -0.48028284311294556 2.760285945176334
[19 INFO root] -0.20615965127944946 -0.4804401695728302 2.7530184967958644
[19 INFO root] -0.20576968789100647 -0.4805994927883148 2.744142926835471
[19 INFO root] -0.20538276433944702 -0.4807615280151367 2.733540629982054
[19 INFO root] -0.2049991637468338 -0.48092687129974365 2.7210842930570913
[19 INFO root] -0.20461952686309814 -0.4810960590839386 2.706638539849961
[19 INFO root] -0.204244926571846 -0.4812694489955902 2.6900605812533316
[19 INFO root] -0.20387685298919678 -0.4814471900463104 2.6712008342815037
[19 INFO root] -0.20351718366146088 -0.48162922263145447 2.649903462769681
[19 INFO root] -0.20316819846630096 -0.4818151295185089 2.6260067886155953
[19 INFO root] -0.20283254981040955 -0.4820042848587036 2.59934352469145
[19 INFO root] -0.20251323282718658 -0.4821954667568207 2.569744874581642
[19 INFO root] -0.20221365988254547 -0.4823869466781616 2.5370458565552587
[19 INFO root] -0.2019382119178772 -0.48257583379745483 2.5011207916876277
[19 INFO root] -0.20169112086296082 -0.482758492231369 2.4618521551011323
[19 INFO root] -0.20147600769996643 -0.48293083906173706 2.4191189110196367
[19 INFO root] -0.20129582285881042 -0.48308810591697693 2.3727927594565963
[19 INFO root] -0.20116204023361206 -0.48321598768234253 2.3234381067968255
[19 INFO root] -0.2010745108127594 -0.48330816626548767 2.271128737142667
[19 INFO root] -0.20102939009666443 -0.4833607077598572 2.2158211629036546
[19 INFO root] -0.2010219395160675 -0.4833700358867645 2.1574502013663044
[19 INFO root] -0.20104679465293884 -0.4833325743675232 2.0959254587116027
[19 INFO root] -0.20109806954860687 -0.4832446873188019 2.031123654998181
[19 INFO root] -0.20116940140724182 -0.483102411031723 1.9628742952732756
[19 INFO root] -0.2012539505958557 -0.4829008877277374 1.890916674242565
[19 INFO root] -0.2013443559408188 -0.4826333224773407 1.8149585207060002
[19 INFO root] -0.20143209397792816 -0.4822901785373688 1.7347033333578665
[19 INFO root] -0.20150640606880188 -0.4818587005138397 1.6498753127638868
[19 INFO root] -0.20155265927314758 -0.4813227951526642 1.5602578829514269
[19 INFO root] -0.20155061781406403 -0.4806637465953827 1.4657486964650064
[19 INFO root] -0.2014724463224411 -0.4798618257045746 1.3664303611492543
[19 INFO root] -0.20128130912780762 -0.4788995385169983 1.2626527240184802
[19 INFO root] -0.20093147456645966 -0.4777662754058838 1.1551117782230407
[19 INFO root] -0.20037077367305756 -0.4764639139175415 1.0449048831112553
[19 INFO root] -0.19954635202884674 -0.4750119149684906 0.9335364430873805
[19 INFO root] -0.19841350615024567 -0.4734499454498291 0.822848572306426
[19 INFO root] -0.1969456821680069 -0.4718360900878906 0.7148697289841678
[19 INFO root] -0.1951426863670349 -0.470239520072937 0.6116013794824806
[19 INFO root] -0.1930340677499771 -0.4687301218509674 0.514749731126224
[19 INFO root] -0.19067531824111938 -0.4673669636249542 0.4255141097539455
[19 INFO root] -0.18819117546081543 -0.4662143588066101 0.3454252657432238
[19 INFO root] -0.18575449287891388 -0.46531420946121216 0.27536749145931094
[19 INFO root] -0.1834421455860138 -0.46464207768440247 0.21398225353642286
[19 INFO root] -0.1812932789325714 -0.46416011452674866 0.15966337710372552
[19 INFO root] -0.1793242245912552 -0.4638310372829437 0.11096988125750264
[19 INFO root] -0.17753572762012482 -0.4636220633983612 0.06669578414096501
[19 INFO root] -0.17591899633407593 -0.46350616216659546 0.025874851456532143
[19 INFO root] -0.17446012794971466 -0.46346187591552734 -0.012244923445332324
[19 INFO root] -0.1731431484222412 -0.46347248554229736 -0.048237425830808006
[19 INFO root] -0.1719517856836319 -0.46352532505989075 -0.08253459168463602
[19 INFO root] -0.17087054252624512 -0.4636106789112091 -0.11545807293347973
[19 INFO root] -0.16988518834114075 -0.4637213945388794 -0.1472450719083944
[19 INFO root] -0.16898302733898163 -0.46385204792022705 -0.1780685360330911
[19 INFO root] -0.1681528389453888 -0.4639986455440521 -0.2080524739717144
[19 INFO root] -0.1673848032951355 -0.46415820717811584 -0.23728327643399513
[19 INFO root] -0.1666688621044159 -0.4643290340900421 -0.26584096815188
[19 INFO root] -0.1659952998161316 -0.4645102620124817 -0.293789265814391
[19 INFO root] -0.16535618901252747 -0.4647015929222107 -0.3211586561672515
[19 INFO root] -0.16474533081054688 -0.4649028778076172 -0.3479493583906297
[19 INFO root] -0.164157897233963 -0.46511411666870117 -0.374136895624807
[19 INFO root] -0.1635901927947998 -0.46533527970314026 -0.3996765203250694
[19 INFO root] -0.16303937137126923 -0.4655662775039673 -0.4245068789989046
[19 INFO root] -0.16250328719615936 -0.4658069610595703 -0.4485533810055802
[19 INFO root] -0.16198039054870605 -0.46605703234672546 -0.4717315557643961
[19 INFO root] -0.16146954894065857 -0.4663161337375641 -0.49395051955000535
[19 INFO root] -0.16097001731395721 -0.4665836691856384 -0.5151165391419272
[19 INFO root] -0.16048134863376617 -0.4668589234352112 -0.5351365834272409
[19 INFO root] -0.16000331938266754 -0.4671410322189331 -0.5539217001270049
[19 INFO root] -0.15953584015369415 -0.46742895245552063 -0.5713900416312592
[19 INFO root] -0.15907897055149078 -0.467721551656723 -0.5874693844255165
[19 INFO root] -0.15863268077373505 -0.46801766753196716 -0.602101799267042
[19 INFO root] -0.15819638967514038 -0.46831655502319336 -0.6152487835027337
[19 INFO root] -0.1577688306570053 -0.46861788630485535 -0.6268848490296788
[19 INFO root] -0.1573483794927597 -0.4689216911792755 -0.6369954827841873
[19 INFO root] -0.15693330764770508 -0.4692281484603882 -0.6455770467604461
[19 INFO root] -0.15652194619178772 -0.4695374369621277 -0.6526369911802454
[19 INFO root] -0.15611308813095093 -0.46984949707984924 -0.658246702147111
[19 INFO root] -0.15570558607578278 -0.4701642692089081 -0.6624895608800061
[19 INFO root] -0.15529818832874298 -0.470481812953949 -0.6654360662557196
[19 INFO root] -0.1548895537853241 -0.47080233693122864 -0.6671449946924495
[19 INFO root] -0.15447814762592316 -0.4711262583732605 -0.6676677569680114
[19 INFO root] -0.1540621817111969 -0.4714541733264923 -0.6670518177431564
[19 INFO root] -0.15363948047161102 -0.47178709506988525 -0.6653432219365703
[19 INFO root] -0.1531868726015091 -0.47214236855506897 -0.6625076036630019
[19 INFO root] -0.1526981145143509 -0.47252386808395386 -0.6586313208016096
[19 INFO root] -0.15217453241348267 -0.4729293882846832 -0.6538513723835011
[19 INFO root] -0.15161791443824768 -0.47335630655288696 -0.6483018579211002
[19 INFO root] -0.15102984011173248 -0.4738022983074188 -0.6421077845430163
[19 INFO root] -0.15041178464889526 -0.47426506876945496 -0.6353853723709626
[19 INFO root] -0.14976510405540466 -0.4747425615787506 -0.6282423154601682
[19 INFO root] -0.14909115433692932 -0.475232869386673 -0.620777409265562
[19 INFO root] -0.14839120209217072 -0.475734144449234 -0.6130795728967235
[19 INFO root] -0.14766649901866913 -0.47624480724334717 -0.6052273130562698
[19 INFO root] -0.14691828191280365 -0.4767633080482483 -0.5972882339029464
[19 INFO root] -0.14614734053611755 -0.47728854417800903 -0.5892654537460478
[19 INFO root] -0.14535434544086456 -0.477819561958313 -0.5811404902625517
[19 INFO root] -0.14454014599323273 -0.4783552587032318 -0.5729039229297654
[19 INFO root] -0.14370566606521606 -0.47889450192451477 -0.5645574022228722
[19 INFO root] -0.1428520232439041 -0.47943612933158875 -0.5561096350415128
[19 INFO root] -0.1419803947210312 -0.47997888922691345 -0.5475772078427601
[19 INFO root] -0.14109209179878235 -0.4805215895175934 -0.5389835145887233
[19 INFO root] -0.14018850028514862 -0.48106300830841064 -0.5303542787398371
[19 INFO root] -0.13927732408046722 -0.4815983772277832 -0.5218462550953713
[19 INFO root] -0.13836652040481567 -0.48212313652038574 -0.5135984483710939
[19 INFO root] -0.13746197521686554 -0.48263436555862427 -0.5056837195931461
[19 INFO root] -0.136567622423172 -0.4831305146217346 -0.498121541243276
[19 INFO root] -0.1356860101222992 -0.4836108982563019 -0.4908965489413733
[19 INFO root] -0.1348186582326889 -0.4840753376483917 -0.4839736336630398
[19 INFO root] -0.13396646082401276 -0.48452407121658325 -0.47730923761373995
[19 INFO root] -0.13312992453575134 -0.4849574565887451 -0.47085863751721285
[19 INFO root] -0.13230936229228973 -0.48537585139274597 -0.4645796465518497
[19 INFO root] -0.13150502741336823 -0.4857795834541321 -0.45843607676281256
[19 INFO root] -0.13071726262569427 -0.4861689805984497 -0.4524001828792847
[19 INFO root] -0.1299465000629425 -0.4865441620349884 -0.4464539602249109
[19 INFO root] -0.12919338047504425 -0.4869052469730377 -0.4405897498822486
[19 INFO root] -0.1284586787223816 -0.4872521758079529 -0.43480993171431476
[19 INFO root] -0.12774287164211273 -0.4875851571559906 -0.429111857793403
[19 INFO root] -0.12704522907733917 -0.4879048764705658 -0.42347090416044764
[19 INFO root] -0.12636564671993256 -0.48821166157722473 -0.417908210021255
[19 INFO root] -0.1257043480873108 -0.4885057508945465 -0.4124627496026452
[19 INFO root] -0.12506183981895447 -0.48878732323646545 -0.4071807436211114
[19 INFO root] -0.12443871796131134 -0.48905646800994873 -0.4021142012485688
[19 INFO root] -0.1238357350230217 -0.4893133044242859 -0.3973198020109893
[19 INFO root] -0.12325368821620941 -0.4895578920841217 -0.39285690205298773
[19 INFO root] -0.12269333004951477 -0.4897903800010681 -0.3887853257583013
[19 INFO root] -0.1221553236246109 -0.4900110363960266 -0.3851632531153892
[19 INFO root] -0.12164013087749481 -0.4902201294898987 -0.38204531536338915
[19 INFO root] -0.121148020029068 -0.49041804671287537 -0.37948099601141355
[19 INFO root] -0.12067902833223343 -0.4906052350997925 -0.3775134236051121
[19 INFO root] -0.12023293226957321 -0.490782231092453 -0.3761786102065947
[19 INFO root] -0.11975593119859695 -0.4909707009792328 -0.3756924694135939
[19 INFO root] -0.1192539632320404 -0.491168737411499 -0.3762161486702637
[19 INFO root] -0.11874017119407654 -0.49137166142463684 -0.3778673480908459
[19 INFO root] -0.11822453886270523 -0.491576224565506 -0.38071907388047216
[19 INFO root] -0.11771397292613983 -0.49178043007850647 -0.3848160092686628
[19 INFO root] -0.11721303313970566 -0.4919830560684204 -0.3901851942208336
[19 INFO root] -0.11672452092170715 -0.492183655500412 -0.39684248625213553
[19 INFO root] -0.1162499487400055 -0.4923821687698364 -0.4047968598907612
[19 INFO root] -0.11578987538814545 -0.4925788342952728 -0.4140532455951493
[19 INFO root] -0.11534418165683746 -0.49277418851852417 -0.4246143476621797
[19 INFO root] -0.11491236090660095 -0.4929688572883606 -0.4364826995696276
[19 INFO root] -0.11448340117931366 -0.49316835403442383 -0.44892753158269433
[19 INFO root] -0.11405602842569351 -0.4933735728263855 -0.4618426547459247
[19 INFO root] -0.1136307418346405 -0.4935845732688904 -0.4752345957216268
[19 INFO root] -0.11320792883634567 -0.49380144476890564 -0.4891133097508945
[19 INFO root] -0.11278785765171051 -0.49402427673339844 -0.503488229189563
[19 INFO root] -0.11237066239118576 -0.4942533075809479 -0.5183682556129365
[19 INFO root] -0.11195642501115799 -0.49448877573013306 -0.5337618078997194
[19 INFO root] -0.11154516786336899 -0.49473094940185547 -0.5496768823787643
[19 INFO root] -0.11113689094781876 -0.49498018622398376 -0.5661211249759358
[19 INFO root] -0.1107315942645073 -0.4952368438243866 -0.5831019199305894
[19 INFO root] -0.110329270362854 -0.49550125002861023 -0.6006265039484019
[19 INFO root] -0.10992993414402008 -0.4957737922668457 -0.6187018373644528
[19 INFO root] -0.10953302681446075 -0.4960553050041199 -0.6374711263924958
[19 INFO root] -0.10913349688053131 -0.4963500499725342 -0.6580310592207874
[19 INFO root] -0.10873068124055862 -0.49666011333465576 -0.6804385042035769
[19 INFO root] -0.10832475125789642 -0.4969871938228607 -0.7046190730892412
[19 INFO root] -0.10791613161563873 -0.49733296036720276 -0.7304936058567938
[19 INFO root] -0.10750553011894226 -0.49769890308380127 -0.7579793406973454
[19 INFO root] -0.10709396749734879 -0.49808642268180847 -0.786991323343878
[19 INFO root] -0.10668275505304337 -0.4984966218471527 -0.8174439899954878
[19 INFO root] -0.10627347975969315 -0.4989303946495056 -0.8492528128150355
[19 INFO root] -0.10586796700954437 -0.4993884265422821 -0.8823355730376193
[19 INFO root] -0.1054682508111 -0.49987107515335083 -0.9166133782513276
[19 INFO root] -0.10507646948099136 -0.500378429889679 -0.9520114508145735
[19 INFO root] -0.10469488054513931 -0.5009104013442993 -0.9884596526200153
[19 INFO root] -0.10432575643062592 -0.5014666318893433 -1.0258927270181573
[19 INFO root] -0.10397137701511383 -0.5020464658737183 -1.0642502653588914
[19 INFO root] -0.10363396257162094 -0.502649188041687 -1.1034764284046195
[19 INFO root] -0.10331566631793976 -0.5032739639282227 -1.143519055382288
