[6 INFO root] Initialising Python Geth Console...
[6 INFO root] Initialising RandB board...
[6 INFO root] Initialising resource sensor...
[6 INFO root] Initialising random-walk...
[6 INFO root] Initialising navigation...
[6 INFO root] Initialising Odo...
[6 INFO root] Initialising odometry...
[6 INFO root] Initialising gps...
[6 INFO root] Initialising Ground sensor...
[6 INFO root] --//-- Starting Experiment --//--
[6 INFO root] x y direction
[6 INFO root] 0.10399899631738663 0.29966700077056885 1.3647951151820068
[6 INFO root] 0.10438252985477448 0.3015023469924927 1.3459661281605844
[6 INFO root] 0.10531405359506607 0.3056107461452484 1.3315636552013568
[6 INFO root] 0.10625743865966797 0.3095042407512665 1.326130720759448
[6 INFO root] 0.10715421289205551 0.313105046749115 1.3275118919818385
[6 INFO root] 0.1079653799533844 0.3163711428642273 1.3327793426872745
[6 INFO root] 0.10867233574390411 0.3192775547504425 1.3396807422821038
[6 INFO root] 0.1092727854847908 0.32182028889656067 1.3469344740095415
[6 INFO root] 0.10976637899875641 0.32397985458374023 1.3531694043076667
[6 INFO root] 0.11017271876335144 0.32581111788749695 1.3512998033864727
[6 INFO root] 0.11051516234874725 0.32734769582748413 1.3415779411491244
[6 INFO root] 0.11080864071846008 0.32861214876174927 1.325530020103006
[6 INFO root] 0.11106222867965698 0.3296336531639099 1.3045682941662398
[6 INFO root] 0.11128129065036774 0.33044517040252686 1.2798727441883657
[6 INFO root] 0.11146828532218933 0.3310767412185669 1.2523246185210837
[6 INFO root] 0.11162411421537399 0.331555038690567 1.2224743044288673
[6 INFO root] 0.11174919456243515 0.33190375566482544 1.190590332423884
[6 INFO root] 0.11184365302324295 0.3321431577205658 1.1567520609530526
[6 INFO root] 0.11190617084503174 0.3322875201702118 1.1208826679255057
[6 INFO root] 0.11193426698446274 0.3323468863964081 1.0828578722424187
[6 INFO root] 0.11192553490400314 0.3323309123516083 1.0426120388269084
[6 INFO root] 0.11188068240880966 0.3322538137435913 1.0003179959023445
[6 INFO root] 0.11180289089679718 0.33213183283805847 0.9562739032129155
[6 INFO root] 0.11170648783445358 0.33199405670166016 0.9116300039243512
[6 INFO root] 0.11159434169530869 0.3318480849266052 0.8665642001683429
[6 INFO root] 0.1114688515663147 0.33169907331466675 0.8209822441747676
[6 INFO root] 0.11133315414190292 0.33155205845832825 0.7746841913689522
[6 INFO root] 0.11119131743907928 0.3314119279384613 0.7273859867354325
[6 INFO root] 0.11104892194271088 0.33128389716148376 0.6787280619338407
[6 INFO root] 0.11091379076242447 0.33117371797561646 0.62828982700739
[6 INFO root] 0.11079712212085724 0.3310878872871399 0.5755790674025135
[6 INFO root] 0.11071430146694183 0.33103325963020325 0.5201300773692533
[6 INFO root] 0.1106831505894661 0.33101481199264526 0.46166486395082457
[6 INFO root] 0.11072024703025818 0.3310330808162689 0.40017719685021624
[6 INFO root] 0.11083800345659256 0.331083208322525 0.3358633509827305
[6 INFO root] 0.11104287207126617 0.3311556577682495 0.2690770179464122
[6 INFO root] 0.11133242398500443 0.3312370777130127 0.20034240503730366
[6 INFO root] 0.11169920861721039 0.33131372928619385 0.1301913812519827
[6 INFO root] 0.11213286221027374 0.3313731849193573 0.059077512931069054
[6 INFO root] 0.11262179166078568 0.33140528202056885 -0.012662238544311588
[6 INFO root] 0.1131528690457344 0.33140209317207336 -0.0848027973055943
[6 INFO root] 0.11371086537837982 0.33135855197906494 -0.1572102107557962
[6 INFO root] 0.11427942663431168 0.33127254247665405 -0.22986220750777098
[6 INFO root] 0.11484123021364212 0.33114537596702576 -0.30287622550047155
[6 INFO root] 0.11538396775722504 0.33098018169403076 -0.37646755500357393
[6 INFO root] 0.11590062826871872 0.33078041672706604 -0.45090395871592204
[6 INFO root] 0.11638803035020828 0.3305489718914032 -0.5264859626289848
[6 INFO root] 0.11684762686491013 0.33028656244277954 -0.6035051254223117
[6 INFO root] 0.11734842509031296 0.3299463093280792 -0.6806608650501352
[6 INFO root] 0.11787969619035721 0.32952219247817993 -0.7576374740769317
[6 INFO root] 0.1184222400188446 0.32901623845100403 -0.8342955240171464
[6 INFO root] 0.11895928531885147 0.32843247056007385 -0.9105291727736704
[6 INFO root] 0.11947636306285858 0.3277764916419983 -0.9862475743338059
[6 INFO root] 0.11996103078126907 0.32705554366111755 -1.0613613659574135
[6 INFO root] 0.12040264159440994 0.326278418302536 -1.1357770774216556
[6 INFO root] 0.12079222500324249 0.325455904006958 -1.2094014086772102
[6 INFO root] 0.12112262099981308 0.32460081577301025 -1.2821557150278753
[6 INFO root] 0.12138873338699341 0.3237280249595642 -1.3539990880969246
[6 INFO root] 0.12160711735486984 0.3227669596672058 -1.4248895229835925
[6 INFO root] 0.12177649885416031 0.3216627538204193 -1.4942239802142196
[6 INFO root] 0.12187961488962173 0.3204212188720703 -1.5612407576596896
[6 INFO root] 0.12190105020999908 0.31905996799468994 -1.6252114790195653
[6 INFO root] 0.12183041125535965 0.31760165095329285 -1.685502529974721
[6 INFO root] 0.12166307866573334 0.31607189774513245 -1.7416185962158155
[6 INFO root] 0.12140020728111267 0.3144969940185547 -1.793228677253032
[6 INFO root] 0.12104793637990952 0.3129020035266876 -1.8401710700194656
[6 INFO root] 0.1206161230802536 0.3113090991973877 -1.8824395864724766
[6 INFO root] 0.12011685222387314 0.3097364604473114 -1.9201567907520851
[6 INFO root] 0.11956309527158737 0.3081982433795929 -1.9535411359129158
[6 INFO root] 0.11896760016679764 0.3067045211791992 -1.9828739811456852
[6 INFO root] 0.11834216117858887 0.30526188015937805 -2.0084704993411764
[6 INFO root] 0.11769717931747437 0.30387407541275024 -2.03065631987132
[6 INFO root] 0.11704150587320328 0.3025425970554352 -2.049750346794254
[6 INFO root] 0.11638248711824417 0.3012673556804657 -2.066053327243945
[6 INFO root] 0.1157260313630104 0.3000471591949463 -2.0798412088360174
[6 INFO root] 0.11507686972618103 0.29888010025024414 -2.0913621332148
[6 INFO root] 0.11443867534399033 0.297763854265213 -2.1008359679141475
[6 INFO root] 0.11381428688764572 0.29669588804244995 -2.1084554566653577
[6 INFO root] 0.11320577561855316 0.2956734895706177 -2.1143921148189087
[6 INFO root] 0.11261407285928726 0.2946930527687073 -2.118828939346865
[6 INFO root] 0.11203978210687637 0.29375120997428894 -2.1219175616064176
[6 INFO root] 0.11148343980312347 0.2928454279899597 -2.1237731255951204
[6 INFO root] 0.11094559729099274 0.29197365045547485 -2.124480817540322
[6 INFO root] 0.11041875928640366 0.2911212742328644 -2.124540190277365
[6 INFO root] 0.10989288985729218 0.29027071595191956 -2.124540190277365
[6 INFO root] 0.1093670129776001 0.28942015767097473 -2.124540190277365
[6 INFO root] 0.10884113609790802 0.2885695993900299 -2.124540190277365
[6 INFO root] 0.10831525921821594 0.2877190411090851 -2.124540190277365
[6 INFO root] 0.10778938978910446 0.28686845302581787 -2.124540190277365
[6 INFO root] 0.10726351290941238 0.28601789474487305 -2.124540190277365
[6 INFO root] 0.1067376360297203 0.2851673364639282 -2.124540190277365
[6 INFO root] 0.10622583329677582 0.2843395471572876 -2.122116424885567
[6 INFO root] 0.10573314130306244 0.2835387587547302 -2.116665410871195
[6 INFO root] 0.10526052862405777 0.28276172280311584 -2.1082862681596137
[6 INFO root] 0.10480810701847076 0.28200411796569824 -2.097127927009988
[6 INFO root] 0.10437552630901337 0.28126153349876404 -2.083332099436102
[6 INFO root] 0.10396213829517365 0.28052929043769836 -2.067031304107031
[6 INFO root] 0.10356719046831131 0.27980270981788635 -2.048348324332828
[6 INFO root] 0.10318991541862488 0.27907702326774597 -2.0273966317914156
[6 INFO root] 0.10282965749502182 0.2783474922180176 -2.004281559315515
[6 INFO root] 0.10248596966266632 0.2776094377040863 -1.9791020784758562
[6 INFO root] 0.10215868055820465 0.27685806155204773 -1.9519530977071904
[6 INFO root] 0.10184798389673233 0.27608877420425415 -1.9229282392720384
[6 INFO root] 0.1015544906258583 0.27529701590538025 -1.8921132796422913
[6 INFO root] 0.10127925872802734 0.27447837591171265 -1.8595926903928661
[6 INFO root] 0.1010238379240036 0.2736285328865051 -1.8254732235670288
[6 INFO root] 0.10079022496938705 0.27274322509765625 -1.7898999333141559
[6 INFO root] 0.1005907878279686 0.27186262607574463 -1.7537699306846521
[6 INFO root] 0.10042846947908401 0.2710033655166626 -1.7173742627115904
[6 INFO root] 0.10030218213796616 0.2701696753501892 -1.6807336548371092
[6 INFO root] 0.10021013021469116 0.26936379075050354 -1.6438166525377933
[6 INFO root] 0.10015029460191727 0.268586665391922 -1.6065686955560803
[6 INFO root] 0.10012061148881912 0.2678380012512207 -1.5689169956510693
[6 INFO root] 0.10011915862560272 0.26711663603782654 -1.5307858540474968
[6 INFO root] 0.10014428198337555 0.2664206027984619 -1.4921091505645343
[6 INFO root] 0.10019466280937195 0.26574745774269104 -1.4528362310994578
[6 INFO root] 0.1002693772315979 0.2650945782661438 -1.4129340084035382
[6 INFO root] 0.10036788135766983 0.26445913314819336 -1.3723826232678462
[6 INFO root] 0.10049010068178177 0.2638380825519562 -1.3311719488571643
[6 INFO root] 0.10063642263412476 0.2632282078266144 -1.2893071513489254
[6 INFO root] 0.10080771893262863 0.26262637972831726 -1.2468109016960904
[6 INFO root] 0.10100534558296204 0.2620295584201813 -1.2037250045850862
[6 INFO root] 0.10123112797737122 0.26143476366996765 -1.1601125814716884
[6 INFO root] 0.10148654133081436 0.2608412802219391 -1.1187473254409295
[6 INFO root] 0.10176847130060196 0.26025453209877014 -1.0807279574595392
[6 INFO root] 0.10207263380289078 0.2596791386604309 -1.0459760844559107
[6 INFO root] 0.1023954302072525 0.25911709666252136 -1.014315991654713
[6 INFO root] 0.10273375362157822 0.2585693299770355 -0.9855838308938407
[6 INFO root] 0.10308514535427094 0.25803568959236145 -0.959638828016329
[6 INFO root] 0.10344761610031128 0.25751546025276184 -0.936444965928295
[6 INFO root] 0.10381918400526047 0.25700798630714417 -0.9161165568883497
[6 INFO root] 0.10419805347919464 0.2565123438835144 -0.8987973425506932
[6 INFO root] 0.10458264499902725 0.2560271620750427 -0.8846281290895255
[6 INFO root] 0.10497166216373444 0.25555071234703064 -0.8737419450599758
[6 INFO root] 0.10536409914493561 0.2550809681415558 -0.8662610197969185
[6 INFO root] 0.10575925558805466 0.2546154260635376 -0.8622937511566134
[6 INFO root] 0.10615678876638412 0.2541511356830597 -0.8619317938607445
[6 INFO root] 0.10655664652585983 0.2536848187446594 -0.8652473367790419
[6 INFO root] 0.10695908963680267 0.25321269035339355 -0.8722905656683967
[6 INFO root] 0.10736460983753204 0.25273045897483826 -0.883087255576967
[6 INFO root] 0.10777384042739868 0.2522333860397339 -0.8976363553341753
[6 INFO root] 0.1081874668598175 0.25171616673469543 -0.9159072831167201
[6 INFO root] 0.10860607773065567 0.2511730492115021 -0.9378369159164937
[6 INFO root] 0.10902998596429825 0.2505978047847748 -0.9633262368350638
[6 INFO root] 0.10945906490087509 0.2499837726354599 -0.9922366384176676
[6 INFO root] 0.10989253222942352 0.24932405352592468 -1.024385974175106
[6 INFO root] 0.1103287935256958 0.24861164391040802 -1.0595445909059042
[6 INFO root] 0.11076522618532181 0.24783971905708313 -1.0974317487940108
[6 INFO root] 0.11119811236858368 0.2470019906759262 -1.137713025247748
[6 INFO root] 0.11162257194519043 0.24609306454658508 -1.1799994688875342
[6 INFO root] 0.11203264445066452 0.24510891735553741 -1.2238493702006186
[6 INFO root] 0.11242146790027618 0.2440473735332489 -1.2687734791814496
[6 INFO root] 0.11278163641691208 0.2429085075855255 -1.3142442641204908
[6 INFO root] 0.1131056472659111 0.24169489741325378 -1.3597093373098752
[6 INFO root] 0.11338645964860916 0.24041177332401276 -1.4046083566902712
[6 INFO root] 0.11361805349588394 0.23906689882278442 -1.4483918209942876
[6 INFO root] 0.11379589140415192 0.2376703917980194 -1.4905373324120945
[6 INFO root] 0.11391735821962357 0.2362343817949295 -1.5305673381124516
[6 INFO root] 0.11398201435804367 0.2347717136144638 -1.5680694961561146
[6 INFO root] 0.11399154365062714 0.23329517245292664 -1.6027060188109699
[6 INFO root] 0.11394947022199631 0.23181672394275665 -1.6342157254311016
[6 INFO root] 0.11386080086231232 0.2303469330072403 -1.6624106815888595
[6 INFO root] 0.11373154073953629 0.2288946509361267 -1.6871687446637857
[6 INFO root] 0.11356844753026962 0.22746841609477997 -1.7084173111984047
[6 INFO root] 0.11337874829769135 0.22607651352882385 -1.7261297318598847
[6 INFO root] 0.1131696105003357 0.2247249186038971 -1.740325989866149
[6 INFO root] 0.1129477322101593 0.2234172374010086 -1.7510605388741147
[6 INFO root] 0.11271914094686508 0.22215498983860016 -1.7584092651396683
[6 INFO root] 0.11248905956745148 0.22093801200389862 -1.7624592915036903
[6 INFO root] 0.11226192861795425 0.21976490318775177 -1.763301698932509
[6 INFO root] 0.11204145103693008 0.2186332494020462 -1.761026759042943
[6 INFO root] 0.11183081567287445 0.21754074096679688 -1.7556453807008883
[6 INFO root] 0.11163265258073807 0.2164842039346695 -1.7471850481921345
[6 INFO root] 0.11144907772541046 0.21545946598052979 -1.7357004866462682
[6 INFO root] 0.11128183454275131 0.21446171402931213 -1.721265859409707
[6 INFO root] 0.11113239079713821 0.21348576247692108 -1.7039696626540592
[6 INFO root] 0.111002117395401 0.21252617239952087 -1.6839122620251545
[6 INFO root] 0.1108923926949501 0.21157747507095337 -1.6612053117240695
[6 INFO root] 0.1108047142624855 0.21063432097434998 -1.6359725043662425
[6 INFO root] 0.1107407882809639 0.20969153940677643 -1.6083512283021342
[6 INFO root] 0.11070258915424347 0.2087443321943283 -1.5784947883828486
[6 INFO root] 0.11069239675998688 0.20778833329677582 -1.546575058721557
[6 INFO root] 0.11071281135082245 0.20681972801685333 -1.5127850099916003
[6 INFO root] 0.1107666939496994 0.20583544671535492 -1.4773408786599826
[6 INFO root] 0.11085711419582367 0.20483317971229553 -1.440483760342797
[6 INFO root] 0.11098724603652954 0.2038116604089737 -1.402480378828241
[6 INFO root] 0.11116016656160355 0.20277060568332672 -1.3636234960890103
[6 INFO root] 0.11137872189283371 0.2017108052968979 -1.324237033461965
[6 INFO root] 0.11164530366659164 0.20063410699367523 -1.2846627671301016
[6 INFO root] 0.11196158826351166 0.19954346120357513 -1.2452537435731412
[6 INFO root] 0.11232839524745941 0.19844278693199158 -1.206369418467352
[6 INFO root] 0.11274547129869461 0.19733673334121704 -1.1683702795026925
[6 INFO root] 0.11321146041154861 0.19623050093650818 -1.131612955422527
[6 INFO root] 0.11372379958629608 0.19512952864170074 -1.0964446858940793
[6 INFO root] 0.11427879333496094 0.1940392702817917 -1.0631976788715412
[6 INFO root] 0.11487171053886414 0.19296489655971527 -1.032183880341656
[6 INFO root] 0.11549707502126694 0.19191092252731323 -1.0037870163937115
[6 INFO root] 0.11614867299795151 0.1908811330795288 -0.9784498218281564
[6 INFO root] 0.11681937426328659 0.18987897038459778 -0.9563017622444355
[6 INFO root] 0.11750219762325287 0.18890665471553802 -0.9374106706429902
[6 INFO root] 0.11819067597389221 0.1879652887582779 -0.9218175452410573
[6 INFO root] 0.1188790500164032 0.1870548576116562 -0.9095391493373254
[6 INFO root] 0.11956238001585007 0.1861743927001953 -0.9005705378783431
[6 INFO root] 0.12023664265871048 0.1853221207857132 -0.895085116961073
[6 INFO root] 0.12089820206165314 0.18449586629867554 -0.8932050904159734
[6 INFO root] 0.12153416126966476 0.18370522558689117 -0.8937206797165702
[6 INFO root] 0.12216135859489441 0.1829250603914261 -0.8952977941671999
[6 INFO root] 0.12278689444065094 0.18214459717273712 -0.8974733251408411
[6 INFO root] 0.12339618802070618 0.18138110637664795 -0.9008627652144059
[6 INFO root] 0.12396002560853958 0.1806698590517044 -0.9066902060171771
[6 INFO root] 0.12447850406169891 0.18000829219818115 -0.9149115834466238
[6 INFO root] 0.12495557963848114 0.17938946187496185 -0.9253437550118244
[6 INFO root] 0.12539541721343994 0.17880673706531525 -0.9378160245875969
[6 INFO root] 0.1258022040128708 0.17825382947921753 -0.9521686473578376
[6 INFO root] 0.1261800080537796 0.17772476375102997 -0.9682509948401361
[6 INFO root] 0.1265326738357544 0.17721392214298248 -0.9859198744910328
[6 INFO root] 0.12686365842819214 0.17671604454517365 -1.0050379664016804
[6 INFO root] 0.12717604637145996 0.1762261986732483 -1.025472364362098
[6 INFO root] 0.12747253477573395 0.17573979496955872 -1.0471231460197683
[6 INFO root] 0.12775534391403198 0.1752525120973587 -1.069906009543203
[6 INFO root] 0.12802624702453613 0.17476032674312592 -1.0937330452968286
[6 INFO root] 0.12828649580478668 0.174259752035141 -1.118519809308154
[6 INFO root] 0.12853673100471497 0.1737479269504547 -1.144189179858489
[6 INFO root] 0.12877708673477173 0.17322266101837158 -1.1706679156226851
[6 INFO root] 0.1290072649717331 0.17268234491348267 -1.197883746078596
[6 INFO root] 0.1292267143726349 0.17212581634521484 -1.2257631857258755
[6 INFO root] 0.12943458557128906 0.1715523600578308 -1.2542299611658578
[6 INFO root] 0.1296299248933792 0.1709616482257843 -1.2832040892552727
[6 INFO root] 0.12981164455413818 0.1703536957502365 -1.3126015263088837
[6 INFO root] 0.12997861206531525 0.16972878575325012 -1.342328194820575
[6 INFO root] 0.13012968003749847 0.16908758878707886 -1.3722844094876336
[6 INFO root] 0.13026376068592072 0.16843107342720032 -1.4023692143144026
[6 INFO root] 0.1303798258304596 0.16776055097579956 -1.4324817770924119
[6 INFO root] 0.1304769515991211 0.1670776754617691 -1.4625223886167054
[6 INFO root] 0.1305544674396515 0.16638384759426117 -1.4922882884363393
[6 INFO root] 0.1306122988462448 0.16567517817020416 -1.5201163482341853
[6 INFO root] 0.13065071403980255 0.1649569869041443 -1.5456778616475257
[6 INFO root] 0.1306706815958023 0.16423557698726654 -1.5688389858070695
[6 INFO root] 0.13067375123500824 0.16351671516895294 -1.5895003558831593
[6 INFO root] 0.13066193461418152 0.1628054529428482 -1.6076025422261941
[6 INFO root] 0.13063685595989227 0.16208919882774353 -1.6239445295979638
[6 INFO root] 0.13059961795806885 0.16136717796325684 -1.6387115326815018
[6 INFO root] 0.1305513083934784 0.16064122319221497 -1.6519500460517031
[6 INFO root] 0.13049304485321045 0.1599130481481552 -1.663704119518974
[6 INFO root] 0.13042598962783813 0.15918409824371338 -1.674021932069456
[6 INFO root] 0.13035127520561218 0.15845558047294617 -1.6829554122203372
[6 INFO root] 0.13027004897594452 0.15772850811481476 -1.6905597821426248
[6 INFO root] 0.1301833838224411 0.157003715634346 -1.6968930015143797
[6 INFO root] 0.1300923377275467 0.15628187358379364 -1.7020151294634331
[6 INFO root] 0.12999790906906128 0.15556350350379944 -1.7060113012738545
[6 INFO root] 0.12990166246891022 0.1548539102077484 -1.7088979874310224
[6 INFO root] 0.12980468571186066 0.1541546732187271 -1.710746465691147
[6 INFO root] 0.12970753014087677 0.15346400439739227 -1.711676199766326
[6 INFO root] 0.1296105682849884 0.15277987718582153 -1.7118059254409144
[6 INFO root] 0.12951412796974182 0.15210041403770447 -1.7112486270480112
[6 INFO root] 0.12941843271255493 0.15142390131950378 -1.710112198957833
[6 INFO root] 0.12932369112968445 0.15074874460697174 -1.7085001181394803
[6 INFO root] 0.12922999262809753 0.15007345378398895 -1.7065120716740083
[6 INFO root] 0.12913744151592255 0.14939668774604797 -1.7042445561584365
[6 INFO root] 0.12904661893844604 0.14872132241725922 -1.70172040705775
[6 INFO root] 0.1289580762386322 0.14805017411708832 -1.6989583128373915
[6 INFO root] 0.12887197732925415 0.14738357067108154 -1.6960137924215168
[6 INFO root] 0.12878845632076263 0.14672161638736725 -1.6929456831156346
[6 INFO root] 0.12870757281780243 0.14606446027755737 -1.6898135192924848
[6 INFO root] 0.1286293864250183 0.14541231095790863 -1.6866790768217133
[6 INFO root] 0.1285538673400879 0.14476540684700012 -1.6836080923896606
[6 INFO root] 0.12848101556301117 0.14412404596805573 -1.6806721887149527
[6 INFO root] 0.1284107118844986 0.14348860085010529 -1.6779509892598559
[6 INFO root] 0.128342866897583 0.14285948872566223 -1.6755343897226334
[6 INFO root] 0.12827730178833008 0.14223724603652954 -1.6735249340495326
[6 INFO root] 0.1282137930393219 0.1416223794221878 -1.672040221309785
[6 INFO root] 0.1281520575284958 0.14101554453372955 -1.6712152377564131
[6 INFO root] 0.1280917227268219 0.14041733741760254 -1.6712045163622051
[6 INFO root] 0.1280324012041092 0.13982842862606049 -1.672184020315787
[6 INFO root] 0.1279735416173935 0.13924939930438995 -1.6743526446322363
[6 INFO root] 0.12791457772254944 0.13868080079555511 -1.6779332430311005
[6 INFO root] 0.12785479426383972 0.13812299072742462 -1.6831731414443276
[6 INFO root] 0.12779337167739868 0.13757610321044922 -1.6903440913684251
[6 INFO root] 0.1277293562889099 0.1370398849248886 -1.6997351928732245
[6 INFO root] 0.12766163051128387 0.1365135759115219 -1.7116388227361434
[6 INFO root] 0.12758885324001312 0.13599583506584167 -1.7263585290278005
[6 INFO root] 0.1275094747543335 0.1354847252368927 -1.7442169443312738
[6 INFO root] 0.12742160260677338 0.1349777728319168 -1.7655764581742834
[6 INFO root] 0.12732279300689697 0.13447123765945435 -1.7907971078505986
[6 INFO root] 0.12720976769924164 0.1339597851037979 -1.8202132193175142
[6 INFO root] 0.12707799673080444 0.13343627750873566 -1.8541134070637817
[6 INFO root] 0.1269213706254959 0.13289175927639008 -1.8927156463351469
[6 INFO root] 0.12673157453536987 0.1323157250881195 -1.9361368973867905
[6 INFO root] 0.12649764120578766 0.13169673085212708 -1.984358467033639
[6 INFO root] 0.1262056678533554 0.13102343678474426 -2.0371897979976787
[6 INFO root] 0.12584230303764343 0.13029296696186066 -2.094227273067726
[6 INFO root] 0.125418558716774 0.12954933941364288 -2.1549584771847825
[6 INFO root] 0.1249263659119606 0.12879541516304016 -2.2189708109664426
[6 INFO root] 0.12435571104288101 0.12803231179714203 -2.285779948508111
[6 INFO root] 0.12369854003190994 0.12726563215255737 -2.3548328043684417
[6 INFO root] 0.12294994294643402 0.1265050768852234 -2.4255529110874074
[6 INFO root] 0.12210904061794281 0.12576337158679962 -2.497391555465279
[6 INFO root] 0.12117904424667358 0.125054731965065 -2.569880481720295
[6 INFO root] 0.12016668915748596 0.1243932917714119 -2.642667270463834
[6 INFO root] 0.11908099800348282 0.1237916350364685 -2.7155294173461333
[6 INFO root] 0.1179317831993103 0.12326010316610336 -2.7883647221154337
[6 INFO root] 0.11672824621200562 0.12280652672052383 -2.8611657070423986
[6 INFO root] 0.11547769606113434 0.12243659049272537 -2.9339762969965344
[6 INFO root] 0.11418572813272476 0.12215472757816315 -3.0068302131681977
[6 INFO root] 0.1128571555018425 0.12196486443281174 -3.07972192148292
[6 INFO root] 0.11149591952562332 0.1218707263469696 3.130595831049565
[6 INFO root] 0.11010584980249405 0.121876060962677 3.0578945295239555
[6 INFO root] 0.10869185626506805 0.12198453396558762 2.985594920482552
[6 INFO root] 0.10726096481084824 0.12219918519258499 2.9140233713592125
[6 INFO root] 0.10582296550273895 0.1225215494632721 2.8435857515898615
[6 INFO root] 0.10439052432775497 0.12295065820217133 2.77474249992993
[6 INFO root] 0.10297871381044388 0.1234821006655693 2.707973140295458
[6 INFO root] 0.10160398483276367 0.12410750985145569 2.6437412550215718
[6 INFO root] 0.10028277337551117 0.12481456995010376 2.5824679191024082
[6 INFO root] 0.09903013706207275 0.1255875676870346 2.524517193542339
[6 INFO root] 0.09785865992307663 0.12640830874443054 2.470193342578074
[6 INFO root] 0.09677775204181671 0.12725722789764404 2.4197465018080195
[6 INFO root] 0.09579341113567352 0.12811458110809326 2.373382195386468
[6 INFO root] 0.09490828961133957 0.12896142899990082 2.3312704679977685
[6 INFO root] 0.09412112087011337 0.12978141009807587 2.2934644551553895
[6 INFO root] 0.09342683106660843 0.13056232035160065 2.2598675642749555
[6 INFO root] 0.0928187146782875 0.13129505515098572 2.2303970795797006
[6 INFO root] 0.09228921681642532 0.13197334110736847 2.204998050244242
[6 INFO root] 0.09181568026542664 0.13261345028877258 2.1821568757020082
[6 INFO root] 0.09136910736560822 0.13324742019176483 2.1595437952468943
[6 INFO root] 0.09094573557376862 0.13387829065322876 2.1369822974412265
[6 INFO root] 0.0905449315905571 0.13450570404529572 2.1145374693668284
[6 INFO root] 0.09014462679624557 0.13516464829444885 2.093182327640027
[6 INFO root] 0.08974307775497437 0.13585878908634186 2.0730888466792257
[6 INFO root] 0.08934220671653748 0.13658525049686432 2.054239919089268
[6 INFO root] 0.08894369006156921 0.1373409479856491 2.0366060764299685
[6 INFO root] 0.08854889124631882 0.13812294602394104 2.0201491377739167
[6 INFO root] 0.08815877139568329 0.13892854750156403 2.00484417781057
[6 INFO root] 0.08777397871017456 0.13975542783737183 1.990689006303841
[6 INFO root] 0.08739485591650009 0.14060145616531372 1.9777081430475338
[6 INFO root] 0.08702149987220764 0.14146475493907928 1.9659549312571747
[6 INFO root] 0.08665374666452408 0.14234355092048645 1.955512231968105
[6 INFO root] 0.08629124611616135 0.1432362049818039 1.946491804512132
[6 INFO root] 0.0859333947300911 0.1441410928964615 1.939032418193847
[6 INFO root] 0.08557966351509094 0.1450558751821518 1.9343276434004377
[6 INFO root] 0.0852285772562027 0.1459774225950241 1.9345152090482103
[6 INFO root] 0.08487578481435776 0.14690428972244263 1.939775581209288
[6 INFO root] 0.0845164954662323 0.1478348672389984 1.9493268011762217
[6 INFO root] 0.08414693176746368 0.1487666815519333 1.9614904144560348
[6 INFO root] 0.0837634801864624 0.14970088005065918 1.9758625670687897
[6 INFO root] 0.08336284756660461 0.15063892304897308 1.9921967532848284
[6 INFO root] 0.08294189721345901 0.15158210694789886 2.010252656725288
[6 INFO root] 0.08249767869710922 0.15253140032291412 2.029795439558156
[6 INFO root] 0.08202746510505676 0.15348748862743378 2.0505952724922474
[6 INFO root] 0.08152881264686584 0.15445058047771454 2.0724272916629847
[6 INFO root] 0.08099958300590515 0.15542052686214447 2.095071996752845
[6 INFO root] 0.08043801039457321 0.15639668703079224 2.1183160668683345
[6 INFO root] 0.07984273880720139 0.15737806260585785 2.1419535391609332
[6 INFO root] 0.07921288907527924 0.1583632379770279 2.1657872659282966
[6 INFO root] 0.07854805886745453 0.15935052931308746 2.1896305418988997
[6 INFO root] 0.07784836739301682 0.16033793985843658 2.213308777661744
[6 INFO root] 0.07711442559957504 0.16132332384586334 2.2366610902339223
[6 INFO root] 0.07634735107421875 0.16230446100234985 2.259541688808193
[6 INFO root] 0.07554871588945389 0.16327908635139465 2.281820952370136
[6 INFO root] 0.07470976561307907 0.16425742208957672 2.3022708932378766
[6 INFO root] 0.0738288089632988 0.16524286568164825 2.3202207766153577
[6 INFO root] 0.07291281968355179 0.16623073816299438 2.335810278960988
[6 INFO root] 0.07196919620037079 0.16721667349338531 2.3492703805315673
[6 INFO root] 0.07100462913513184 0.16819731891155243 2.3608312834852634
[6 INFO root] 0.07002506405115128 0.169170081615448 2.3707162149603636
[6 INFO root] 0.06903575360774994 0.17013296484947205 2.379136666302927
[6 INFO root] 0.06804128736257553 0.1710844337940216 2.3862893778116487
[6 INFO root] 0.06704563647508621 0.1720232367515564 2.3923547042042026
[6 INFO root] 0.06605225801467896 0.17294839024543762 2.3974957855170205
[6 INFO root] 0.06506409496068954 0.17385905981063843 2.4018582543718883
[6 INFO root] 0.06408367305994034 0.17475458979606628 2.405570329148189
[6 INFO root] 0.06311279535293579 0.1756346970796585 2.4087152266406067
[6 INFO root] 0.0621526800096035 0.17649947106838226 2.4113389552990725
[6 INFO root] 0.06120435148477554 0.1773490309715271 2.4134796079428527
[6 INFO root] 0.06026873737573624 0.17818351089954376 2.4151734695980984
[6 INFO root] 0.05934666842222214 0.179003044962883 2.4164551479012397
[6 INFO root] 0.05843887850642204 0.17980773746967316 2.4173573996914204
[6 INFO root] 0.05754806846380234 0.18059588968753815 2.418067586743752
[6 INFO root] 0.05667661130428314 0.18136577308177948 2.418762318016969
[6 INFO root] 0.05582594498991966 0.18211625516414642 2.419563300841427
[6 INFO root] 0.05499667301774025 0.18284668028354645 2.4205439024293636
[6 INFO root] 0.05418877676129341 0.18355689942836761 2.4217391638228185
[6 INFO root] 0.053401730954647064 0.18424716591835022 2.4231532717712008
[6 INFO root] 0.05262676253914833 0.18492491543293 2.4242081288448873
[6 INFO root] 0.05186179652810097 0.18559245765209198 2.424753132163389
[6 INFO root] 0.05110689997673035 0.18625041842460632 2.4248024380056905
[6 INFO root] 0.05035298317670822 0.18690739572048187 2.4248024380056905
[6 INFO root] 0.04966941103339195 0.18750306963920593 2.4274621058585666
[6 INFO root] 0.04907242953777313 0.18802081048488617 2.4335282085179286
[6 INFO root] 0.04855167120695114 0.18846727907657623 2.4427931728556587
[6 INFO root] 0.048095595091581345 0.18885131180286407 2.455012691729934
[6 INFO root] 0.04769396036863327 0.18918141722679138 2.469991736863112
[6 INFO root] 0.047337666153907776 0.18946561217308044 2.4875781086337425
[6 INFO root] 0.04701856151223183 0.18971121311187744 2.5076560887387886
[6 INFO root] 0.04672118276357651 0.18993082642555237 2.529591598093952
[6 INFO root] 0.046427179127931595 0.19013817608356476 2.5524581495408687
[6 INFO root] 0.046129804104566574 0.1903378963470459 2.576001785685811
[6 INFO root] 0.04582454636693001 0.1905326545238495 2.6000686093105685
[6 INFO root] 0.045500386506319046 0.19072866439819336 2.6246792212795547
[6 INFO root] 0.04515440762042999 0.1909264177083969 2.649700272230278
[6 INFO root] 0.044785670936107635 0.19112513959407806 2.67497461350364
[6 INFO root] 0.04439382627606392 0.19132369756698608 2.700344616490435
[6 INFO root] 0.04397900775074959 0.19152086973190308 2.725653756294971
[6 INFO root] 0.043541815131902695 0.19171525537967682 2.75074856539259
[6 INFO root] 0.043083298951387405 0.19190548360347748 2.775480615726968
[6 INFO root] 0.04260488599538803 0.1920902281999588 2.7997062445069876
[6 INFO root] 0.042107947170734406 0.19226838648319244 2.8232426453475625
[6 INFO root] 0.04159308597445488 0.19243937730789185 2.8458928775179935
[6 INFO root] 0.04105330631136894 0.19260509312152863 2.86754927649093
[6 INFO root] 0.040489181876182556 0.19276495277881622 2.888117137102607
[6 INFO root] 0.03990279138088226 0.1929181069135666 2.9075500711761677
[6 INFO root] 0.03929666057229042 0.19306384027004242 2.9258500084868806
[6 INFO root] 0.03867359831929207 0.19320155680179596 2.9430622666577437
[6 INFO root] 0.038036566227674484 0.19333083927631378 2.959267971540193
[6 INFO root] 0.03738855943083763 0.19345137476921082 2.974577808226671
[6 INFO root] 0.03673255443572998 0.19356299936771393 2.9891262276027417
[6 INFO root] 0.036071471869945526 0.19366556406021118 3.003065557253164
[6 INFO root] 0.0354081355035305 0.1937589794397354 3.0165600501069907
[6 INFO root] 0.03474527597427368 0.19384321570396423 3.0297799221325854
[6 INFO root] 0.03408552706241608 0.1939181685447693 3.0428953469826223
[6 INFO root] 0.03343141824007034 0.19398382306098938 3.0560703022325977
[6 INFO root] 0.032785482704639435 0.19404006004333496 3.0694402191054957
[6 INFO root] 0.03215014562010765 0.19408684968948364 3.083122609591611
[6 INFO root] 0.031527627259492874 0.19412416219711304 3.097210133593386
[6 INFO root] 0.030919890850782394 0.19415202736854553 3.1117558944201167
[6 INFO root] 0.03032856248319149 0.19417056441307068 3.126758082055242
[6 INFO root] 0.0297548808157444 0.194179967045784 -3.1410396292042626
[6 INFO root] 0.029199562966823578 0.19418053328990936 -3.1254181239501455
[6 INFO root] 0.02866177447140217 0.1941726952791214 -3.1098131396706905
[6 INFO root] 0.028140170499682426 0.1941569596529007 -3.0945884799520686
[6 INFO root] 0.027633124962449074 0.19413389265537262 -3.080203009424645
[6 INFO root] 0.027138683944940567 0.19410423934459686 -3.067180778133914
[6 INFO root] 0.02665448561310768 0.1940687894821167 -3.0560747294447568
[6 INFO root] 0.0261776652187109 0.19402845203876495 -3.047426946978766
[6 INFO root] 0.025704804807901382 0.19398419559001923 -3.0417301081687556
[6 INFO root] 0.025231866165995598 0.19393709301948547 -3.0393951326983255
[6 INFO root] 0.024754170328378677 0.19388820230960846 -3.040728628396611
[6 INFO root] 0.024266446009278297 0.19383879005908966 -3.045901444241904
[6 INFO root] 0.023762837052345276 0.19379018247127533 -3.05496990990849
[6 INFO root] 0.02326834760606289 0.19374679028987885 -3.068398117945816
[6 INFO root] 0.022780751809477806 0.19371037185192108 -3.086167645214787
[6 INFO root] 0.022292276844382286 0.19368240237236023 -3.108120030268755
[6 INFO root] 0.021795127540826797 0.19366466999053955 -3.134049715679141
[6 INFO root] 0.021281996741890907 0.19365951418876648 3.119467060445535
[6 INFO root] 0.020746299996972084 0.19366984069347382 3.0863225556936915
[6 INFO root] 0.020182378590106964 0.19369925558567047 3.0499829457272485
[6 INFO root] 0.019585689529776573 0.1937519907951355 3.010742223056328
[6 INFO root] 0.018952930346131325 0.1938328891992569 2.968902198601531
[6 INFO root] 0.01828213408589363 0.19394716620445251 2.9247702841455148
[6 INFO root] 0.017572730779647827 0.19410033524036407 2.8786592263926414
[6 INFO root] 0.016825562343001366 0.19429796934127808 2.830887805547311
[6 INFO root] 0.01604287326335907 0.19454538822174072 2.7817821910235314
[6 INFO root] 0.015228262171149254 0.19484750926494598 2.7316777095785256
[6 INFO root] 0.01438835822045803 0.19520770013332367 2.6810121214260634
[6 INFO root] 0.013545697554945946 0.1956206113100052 2.630910202830525
[6 INFO root] 0.012705879285931587 0.19608572125434875 2.581579366227219
[6 INFO root] 0.011872494593262672 0.19660262763500214 2.5331494767218166
[6 INFO root] 0.011049297638237476 0.19717027246952057 2.4857896769334253
[6 INFO root] 0.010240285657346249 0.19778674840927124 2.439711272215869
[6 INFO root] 0.009449733421206474 0.1984490156173706 2.395166927725854
[6 INFO root] 0.008682142943143845 0.19915272295475006 2.352445253093807
[6 INFO root] 0.00794634222984314 0.19988775253295898 2.31198815265751
[6 INFO root] 0.007261242251843214 0.2006300389766693 2.274520322292624
[6 INFO root] 0.006631163414567709 0.2013666331768036 2.240314832807912
[6 INFO root] 0.00605703704059124 0.2020867019891739 2.2095510652305586
[6 INFO root] 0.005538338329643011 0.20278045535087585 2.1823698963348215
[6 INFO root] 0.0050733149982988834 0.20343950390815735 2.158875475651905
[6 INFO root] 0.004637058824300766 0.20409038662910461 2.1380815797809607
[6 INFO root] 0.004221118520945311 0.20474018156528473 2.119755964204805
[6 INFO root] 0.0038250181823968887 0.20538504421710968 2.103997389806184
[6 INFO root] 0.003448386210948229 0.20602081716060638 2.090883388659548
[6 INFO root] 0.0030902784783393145 0.2066441923379898 2.0804492543818687
[6 INFO root] 0.0027492826338857412 0.20725278556346893 2.072699689964208
[6 INFO root] 0.002423626370728016 0.20784509181976318 2.0676190578036007
[6 INFO root] 0.0021112696267664433 0.20842047035694122 2.0651795453630903
[6 INFO root] 0.0018099724547937512 0.20897909998893738 2.065347110614868
[6 INFO root] 0.0015173391439020634 0.20952178537845612 2.068085344274333
[6 INFO root] 0.0012291042366996408 0.21005317568778992 2.0712035727974127
[6 INFO root] 0.000943745078984648 0.2105754017829895 2.0744281365867576
[6 INFO root] 0.0006602142821066082 0.2110903561115265 2.0777427801877586
[6 INFO root] 0.00037745764711871743 0.2115999013185501 2.0811323039440723
[6 INFO root] 9.439561108592898e-05 0.21210594475269318 2.084580483347401
[6 INFO root] -0.00019007330411113799 0.21261043846607208 2.0880700916667974
[6 INFO root] -0.0004770666128024459 0.21311527490615845 2.0915829701386612
[6 INFO root] -0.0007677095709368587 0.21362237632274628 2.0951001497890136
[6 INFO root] -0.0010631249751895666 0.214133620262146 2.098602025194659
[6 INFO root] -0.0013644202845171094 0.21465085446834564 2.1020685786078213
[6 INFO root] -0.0016726735047996044 0.2151758372783661 2.1054796508036997
[6 INFO root] -0.0019889173563569784 0.21571023762226105 2.1088152528410204
[6 INFO root] -0.0023141216952353716 0.21625562012195587 2.1120559106332437
[6 INFO root] -0.0026491766329854727 0.21681338548660278 2.1151830317031615
[6 INFO root] -0.0029948758892714977 0.21738480031490326 2.118179280597856
[6 INFO root] -0.003351900028064847 0.21797093749046326 2.1210289461854734
[6 INFO root] -0.0037208024878054857 0.2185726910829544 2.123718280855332
[6 INFO root] -0.004102000501006842 0.21919074654579163 2.126235789478396
[6 INFO root] -0.004495766945183277 0.21982556581497192 2.128572446240492
[6 INFO root] -0.004902230575680733 0.22047743201255798 2.1307218213295527
[6 INFO root] -0.0053213792853057384 0.22114640474319458 2.1326801071626478
[6 INFO root] -0.005753068253397942 0.22183237969875336 2.1344460441678685
[6 INFO root] -0.006197033915668726 0.22253507375717163 2.136020756902313
[6 INFO root] -0.006652909331023693 0.22325408458709717 2.1374075198708065
[6 INFO root] -0.007120242342352867 0.223988875746727 2.138611477213704
[6 INFO root] -0.007598511874675751 0.22473883628845215 2.139639341127437
[6 INFO root] -0.008087147027254105 0.22550329566001892 2.1404990911534383
[6 INFO root] -0.008585541509091854 0.22628150880336761 2.1411996915629925
[6 INFO root] -0.009093064814805984 0.22707274556159973 2.1417508382875377
[6 INFO root] -0.009609077125787735 0.2278762012720108 2.142162741249615
[6 INFO root] -0.0101329255849123 0.22869108617305756 2.142446061136264
[6 INFO root] -0.010663945227861404 0.22951661050319672 2.142611903501308
[6 INFO root] -0.011201465502381325 0.23035189509391785 2.1426716614270194
[6 INFO root] -0.011742371134459972 0.23119232058525085 2.142676587795285
[6 INFO root] -0.012283584102988243 0.23203320801258087 2.142676587795285
[6 INFO root] -0.012824798934161663 0.2328740954399109 2.142676587795285
[6 INFO root] -0.013366012834012508 0.2337149828672409 2.142676587795285
[6 INFO root] -0.013907226733863354 0.23455587029457092 2.142676587795285
[6 INFO root] -0.014448440633714199 0.23539675772190094 2.142676587795285
[6 INFO root] -0.014989654533565044 0.23623763024806976 2.142676587795285
[6 INFO root] -0.01553086843341589 0.23707851767539978 2.142676587795285
[6 INFO root] -0.01607208326458931 0.2379194051027298 2.142676587795285
[6 INFO root] -0.016613297164440155 0.23876029253005981 2.142676587795285
[6 INFO root] -0.017154511064291 0.23960117995738983 2.142676587795285
[6 INFO root] -0.017695724964141846 0.24044205248355865 2.142676587795285
[6 INFO root] -0.01823693886399269 0.24128293991088867 2.142676587795285
[6 INFO root] -0.018778152763843536 0.2421238273382187 2.142676587795285
[6 INFO root] -0.01931936666369438 0.2429647147655487 2.142676587795285
[6 INFO root] -0.019860580563545227 0.24380560219287872 2.142676587795285
[6 INFO root] -0.02040179632604122 0.24464648962020874 2.142676587795285
[6 INFO root] -0.020943010225892067 0.24548736214637756 2.142676587795285
[6 INFO root] -0.021484224125742912 0.24632824957370758 2.142676587795285
[6 INFO root] -0.022025438025593758 0.2471691370010376 2.142676587795285
[6 INFO root] -0.022566651925444603 0.24801002442836761 2.142676587795285
[6 INFO root] -0.02310786582529545 0.24885091185569763 2.142676587795285
[6 INFO root] -0.023649079725146294 0.24969179928302765 2.142676587795285
[6 INFO root] -0.02419029362499714 0.25053268671035767 2.142676587795285
[6 INFO root] -0.024731507524847984 0.2513735592365265 2.142676587795285
[6 INFO root] -0.02527272142469883 0.2522144615650177 2.142676587795285
[6 INFO root] -0.025813937187194824 0.2530553340911865 2.142676587795285
[6 INFO root] -0.02635515108704567 0.25389620661735535 2.142676587795285
[6 INFO root] -0.026895316317677498 0.25473546981811523 2.142687237358181
[6 INFO root] -0.027431532740592957 0.25556856393814087 2.142736986400363
[6 INFO root] -0.027963876724243164 0.2563955783843994 2.142823625834935
[6 INFO root] -0.028492776677012444 0.25721707940101624 2.1429415984252707
[6 INFO root] -0.02901860885322094 0.2580336034297943 2.1430860275868193
[6 INFO root] -0.029541712254285812 0.25884565711021423 2.143252658354481
[6 INFO root] -0.030062377452850342 0.25965362787246704 2.1434377570310135
[6 INFO root] -0.030580870807170868 0.2604579031467438 2.1436380301052482
[6 INFO root] -0.031096912920475006 0.26125800609588623 2.143854945761181
[6 INFO root] -0.03161003813147545 0.2620532214641571 2.144091394159151
[6 INFO root] -0.03211994841694832 0.2628430724143982 2.1443487389172806
[6 INFO root] -0.032626524567604065 0.263627290725708 2.144626756523205
[6 INFO root] -0.03312979266047478 0.2644059360027313 2.144924104530733
[6 INFO root] -0.0336298868060112 0.2651791572570801 2.1452386989851147
[6 INFO root] -0.034127019345760345 0.26594725251197815 2.145567985640457
[6 INFO root] -0.034621454775333405 0.26671066880226135 2.145909134165976
[6 INFO root] -0.035113509744405746 0.2674698233604431 2.146259177951102
[6 INFO root] -0.03560352325439453 0.2682252526283264 2.1466151157781383
[6 INFO root] -0.03609186410903931 0.2689775228500366 2.1469739868962328
[6 INFO root] -0.036578912287950516 0.2697272002696991 2.147332927521941
[6 INFO root] -0.0370650514960289 0.270474910736084 2.1476892142032935
[6 INFO root] -0.037550680339336395 0.27122125029563904 2.1480402976007693
[6 INFO root] -0.038036178797483444 0.271966814994812 2.148383828904136
[6 INFO root] -0.03852193430066109 0.27271220088005066 2.148717680198771
[6 INFO root] -0.03900831192731857 0.27345800399780273 2.149039959520596
[6 INFO root] -0.03949567303061485 0.2742047905921936 2.1493490210122097
[6 INFO root] -0.03998207673430443 0.2749496102333069 2.149976378511505
[6 INFO root] -0.040453024208545685 0.27566981315612793 2.153158703835108
[6 INFO root] -0.04091109707951546 0.27636587619781494 2.1590390363437386
[6 INFO root] -0.041360922157764435 0.27704113721847534 2.167509877422226
[6 INFO root] -0.04180675372481346 0.27769866585731506 2.1784781540448663
[6 INFO root] -0.04225253313779831 0.278341144323349 2.191862990008092
[6 INFO root] -0.04270198568701744 0.2789710760116577 2.2075925784474344
[6 INFO root] -0.04315869137644768 0.2795906662940979 2.2256015231178403
[6 INFO root] -0.04362618178129196 0.28020179271698 2.245828502922595
[6 INFO root] -0.04410795494914055 0.28080615401268005 2.268214119642652
[6 INFO root] -0.044607553631067276 0.28140509128570557 2.2926988130996504
[6 INFO root] -0.045126546174287796 0.2819974720478058 2.3192445022409918
[6 INFO root] -0.045665185898542404 0.28258052468299866 2.3478315514386217
[6 INFO root] -0.0462275929749012 0.2831556499004364 2.378382028005245
[6 INFO root] -0.0468185655772686 0.2837243676185608 2.410793690729592
[6 INFO root] -0.04744303971529007 0.2842877209186554 2.4449509215018748
[6 INFO root] -0.04810602217912674 0.28484609723091125 2.480723096522427
[6 INFO root] -0.04881247505545616 0.28539928793907166 2.5179610860160966
[6 INFO root] -0.04956720769405365 0.2859463691711426 2.5564938882255563
[6 INFO root] -0.05037466064095497 0.2864856421947479 2.5961257753460374
[6 INFO root] -0.051238738000392914 0.28701454401016235 2.6366342768018605
[6 INFO root] -0.05216251686215401 0.2875298857688904 2.6777693616802942
[6 INFO root] -0.05314802750945091 0.28802773356437683 2.7192541803142802
[6 INFO root] -0.05419595539569855 0.2885037064552307 2.76078766672702
[6 INFO root] -0.055305443704128265 0.28895303606987 2.802049176361389
[6 INFO root] -0.05647391080856323 0.2893710434436798 2.8427051370226395
[6 INFO root] -0.05769697576761246 0.28975316882133484 2.882417443382512
[6 INFO root] -0.05896848812699318 0.29009556770324707 2.9208530648612707
[6 INFO root] -0.060280703008174896 0.29039523005485535 2.957694115921323
[6 INFO root] -0.06162455305457115 0.29065024852752686 2.9926475109644595
[6 INFO root] -0.06299003213644028 0.29085999727249146 3.0254533315728804
[6 INFO root] -0.06436663120985031 0.29102516174316406 3.055891179845632
[6 INFO root] -0.06574098765850067 0.29114747047424316 3.0839553045081263
[6 INFO root] -0.06709864735603333 0.2912296652793884 3.109828542939037
[6 INFO root] -0.0684315413236618 0.2912755608558655 3.133431820145246
[6 INFO root] -0.06973366439342499 0.2912892997264862 -3.128538452121365
[6 INFO root] -0.07100045680999756 0.2912755310535431 -3.109835230118593
[6 INFO root] -0.07222814112901688 0.2912389039993286 -3.093739620840425
[6 INFO root] -0.07341369986534119 0.29118409752845764 -3.08031526383587
[6 INFO root] -0.07455495744943619 0.2911156713962555 -3.0695981062493387
[6 INFO root] -0.07565062493085861 0.2910378575325012 -3.0616015282652147
[6 INFO root] -0.07670029252767563 0.29095458984375 -3.0563212088146043
[6 INFO root] -0.07770439237356186 0.2908693253993988 -3.053739552384864
[6 INFO root] -0.07869123667478561 0.2907826602458954 -3.052481803162306
[6 INFO root] -0.0796794444322586 0.2906945049762726 -3.0516361852319167
[6 INFO root] -0.08067058771848679 0.29060518741607666 -3.051109784878586
[6 INFO root] -0.0816645696759224 0.2905150353908539 -3.0508956885198413
[6 INFO root] -0.08266029506921768 0.29042452573776245 -3.0508773952982366
[6 INFO root] -0.0836561843752861 0.29033392667770386 -3.0508773952982366
[6 INFO root] -0.08465207368135452 0.29024332761764526 -3.0508773952982366
[6 INFO root] -0.08564796298742294 0.29015272855758667 -3.0508773952982366
[6 INFO root] -0.08664384484291077 0.29006215929985046 -3.0508773952982366
[6 INFO root] -0.08763973414897919 0.28997156023979187 -3.0508773952982366
[6 INFO root] -0.08863562345504761 0.2898809611797333 -3.0508773952982366
[6 INFO root] -0.08963151276111603 0.28979039192199707 -3.0508773952982366
[6 INFO root] -0.09062740206718445 0.2896997928619385 -3.0508773952982366
[6 INFO root] -0.09162329137325287 0.2896091938018799 -3.0508773952982366
[6 INFO root] -0.09261918067932129 0.2895185947418213 -3.0508773952982366
[6 INFO root] -0.09361506253480911 0.2894280254840851 -3.0508773952982366
[6 INFO root] -0.09461095184087753 0.2893374264240265 -3.0508773952982366
[6 INFO root] -0.09560684114694595 0.2892468273639679 -3.0508773952982366
[6 INFO root] -0.09660273045301437 0.2891562283039093 -3.0508773952982366
[6 INFO root] -0.0975986197590828 0.2890656590461731 -3.0508773952982366
[6 INFO root] -0.09859450906515121 0.2889750599861145 -3.0508773952982366
[6 INFO root] -0.09959039837121964 0.2888844609260559 -3.0508773952982366
[6 INFO root] -0.10058628022670746 0.2887938916683197 -3.0508773952982366
[6 INFO root] -0.10158216953277588 0.2887032926082611 -3.0508773952982366
[6 INFO root] -0.1025780588388443 0.2886126935482025 -3.0508773952982366
[6 INFO root] -0.10357394814491272 0.2885220944881439 -3.0508773952982366
[6 INFO root] -0.10456983745098114 0.2884315252304077 -3.0508773952982366
[6 INFO root] -0.10556572675704956 0.2883409261703491 -3.0508773952982366
[6 INFO root] -0.10656160861253738 0.2882503271102905 -3.0508773952982366
[6 INFO root] -0.1075574979186058 0.28815972805023193 -3.0508773952982366
[6 INFO root] -0.10855338722467422 0.2880691587924957 -3.0508773952982366
[6 INFO root] -0.10954927653074265 0.28797855973243713 -3.0508773952982366
[6 INFO root] -0.11054516583681107 0.28788796067237854 -3.0508773952982366
[6 INFO root] -0.11154105514287949 0.28779739141464233 -3.0508773952982366
[6 INFO root] -0.1125369444489479 0.28770679235458374 -3.0508773952982366
[6 INFO root] -0.11353282630443573 0.28761619329452515 -3.0508773952982366
[6 INFO root] -0.11452871561050415 0.28752559423446655 -3.0508773952982366
[6 INFO root] -0.11552460491657257 0.28743502497673035 -3.0508773952982366
[6 INFO root] -0.11652049422264099 0.28734442591667175 -3.0508773952982366
[6 INFO root] -0.11751638352870941 0.28725382685661316 -3.0508773952982366
[6 INFO root] -0.11851227283477783 0.28716322779655457 -3.0508773952982366
[6 INFO root] -0.11950815469026566 0.28707265853881836 -3.0508773952982366
[6 INFO root] -0.12050404399633408 0.28698205947875977 -3.0508773952982366
[6 INFO root] -0.1214999333024025 0.28689146041870117 -3.0508773952982366
[6 INFO root] -0.12249582260847092 0.28680089116096497 -3.0508773952982366
[6 INFO root] -0.12349171191453934 0.28671029210090637 -3.0508773952982366
[6 INFO root] -0.12448760122060776 0.2866196930408478 -3.0508773952982366
[6 INFO root] -0.12548348307609558 0.2865290939807892 -3.0508773952982366
[6 INFO root] -0.126479372382164 0.286438524723053 -3.0508773952982366
[6 INFO root] -0.12747526168823242 0.2863479256629944 -3.0508773952982366
[6 INFO root] -0.12847115099430084 0.2862573266029358 -3.0508773952982366
[6 INFO root] -0.12946704030036926 0.2861667573451996 -3.0508773952982366
[6 INFO root] -0.13046292960643768 0.286076158285141 -3.0508773952982366
[6 INFO root] -0.1314588189125061 0.2859855592250824 -3.0508773952982366
[6 INFO root] -0.13245470821857452 0.2858949601650238 -3.0508773952982366
[6 INFO root] -0.13345059752464294 0.2858043909072876 -3.0508773952982366
[6 INFO root] -0.13444648683071136 0.285713791847229 -3.0508773952982366
[6 INFO root] -0.13544237613677979 0.2856231927871704 -3.0508773952982366
[6 INFO root] -0.136438250541687 0.2855325937271118 -3.0508773952982366
[6 INFO root] -0.13742698729038239 0.28544268012046814 -3.050868088546751
[6 INFO root] -0.13835880160331726 0.28535789251327515 -3.0507953409858324
[6 INFO root] -0.13923302292823792 0.2852783203125 -3.050676856611583
[6 INFO root] -0.14005506038665771 0.28520336747169495 -3.0505371671957953
[6 INFO root] -0.14083002507686615 0.28513261675834656 -3.0503984230535184
[6 INFO root] -0.14156273007392883 0.285065621137619 -3.050280497077789
[6 INFO root] -0.14225763082504272 0.2850020229816437 -3.050201149128287
[6 INFO root] -0.1429189294576645 0.2849414050579071 -3.0501761717176294
[6 INFO root] -0.1435505747795105 0.2848834991455078 -3.0502195178193294
[6 INFO root] -0.14415626227855682 0.2848280072212219 -3.0503434126025675
[6 INFO root] -0.14473943412303925 0.28477463126182556 -3.050558450952017
[6 INFO root] -0.14530333876609802 0.2847231328487396 -3.050873682556423
[6 INFO root] -0.1458510160446167 0.2846733033657074 -3.0512966863229565
[6 INFO root] -0.1463852971792221 0.2846249043941498 -3.0518336359996394
[6 INFO root] -0.14690880477428436 0.28457775712013245 -3.0524893592083755
[6 INFO root] -0.14742404222488403 0.28453171253204346 -3.0532673925958944
[6 INFO root] -0.1479332596063614 0.2844865620136261 -3.0541700364126214
[6 INFO root] -0.1484605222940445 0.2844403088092804 -3.0559291264746298
[6 INFO root] -0.14900724589824677 0.2843932509422302 -3.0585961668158306
[6 INFO root] -0.14957144856452942 0.28434619307518005 -3.062117378058576
[6 INFO root] -0.15015146136283875 0.2842997908592224 -3.0664388158549873
[6 INFO root] -0.15074597299098969 0.2842547595500946 -3.0715087435721364
[6 INFO root] -0.15135392546653748 0.28421178460121155 -3.0772772684576846
[6 INFO root] -0.15197445452213287 0.284171462059021 -3.0836960439987857
[6 INFO root] -0.15260687470436096 0.2841344177722931 -3.090718077033803
[6 INFO root] -0.1532505601644516 0.2841011881828308 -3.0982976372683724
[6 INFO root] -0.15390491485595703 0.2840723693370819 -3.1063902590631995
[6 INFO root] -0.15454943478107452 0.2840491235256195 -3.1129092025636704
[6 INFO root] -0.1551695317029953 0.2840309143066406 -3.116334948645304
[6 INFO root] -0.15576611459255219 0.28401562571525574 -3.1165402180595465
[6 INFO root] -0.15634265542030334 0.2840011715888977 -3.1135728930488793
[6 INFO root] -0.15690317749977112 0.2839856445789337 -3.107501213838446
[6 INFO root] -0.15745197236537933 0.2839672565460205 -3.0984054519329596
[6 INFO root] -0.1579934060573578 0.28394436836242676 -3.0863720995880635
[6 INFO root] -0.15853169560432434 0.283915251493454 -3.0714898090738165
[6 INFO root] -0.15907089412212372 0.2838782072067261 -3.053846811506462
[6 INFO root] -0.15961477160453796 0.28383129835128784 -3.033529549063078
[6 INFO root] -0.16016682982444763 0.2837725281715393 -3.010622290152554
[6 INFO root] -0.160730242729187 0.2836996018886566 -2.9852075457525498
[6 INFO root] -0.16130784153938293 0.2836099863052368 -2.957367148809068
[6 INFO root] -0.16190220415592194 0.28350090980529785 -2.9271838910478687
[6 INFO root] -0.1625155508518219 0.2833692133426666 -2.8947436309184944
[6 INFO root] -0.16314978897571564 0.28321149945259094 -2.8601377952384657
[6 INFO root] -0.16380645334720612 0.28302401304244995 -2.823466197766299
[6 INFO root] -0.16448666155338287 0.28280264139175415 -2.7848400907113575
[6 INFO root] -0.16519103944301605 0.2825430929660797 -2.7443853485429934
[6 INFO root] -0.16591967642307281 0.28224074840545654 -2.7022456553467924
[6 INFO root] -0.1666719913482666 0.2818908393383026 -2.6585855268863257
[6 INFO root] -0.16744668781757355 0.28148868680000305 -2.6135929494861014
[6 INFO root] -0.16824160516262054 0.281029611825943 -2.567481374707855
[6 INFO root] -0.16905374825000763 0.28050941228866577 -2.5204907622537513
[6 INFO root] -0.16987919807434082 0.27992433309555054 -2.472887349642626
[6 INFO root] -0.1707131713628769 0.27927154302597046 -2.4249618627001044
[6 INFO root] -0.17155005037784576 0.2785492539405823 -2.377025975615549
[6 INFO root] -0.17238368093967438 0.27775704860687256 -2.329406990988929
[6 INFO root] -0.17320746183395386 0.2768958806991577 -2.282440923966279
[6 INFO root] -0.17401470243930817 0.27596843242645264 -2.2364644047094733
[6 INFO root] -0.17479892075061798 0.274978905916214 -2.191805953077808
[6 INFO root] -0.17555418610572815 0.27393293380737305 -2.1487773073336807
[6 INFO root] -0.176275372505188 0.27283748984336853 -2.1076655176822006
[6 INFO root] -0.17695842683315277 0.2717004120349884 -2.068726422920496
[6 INFO root] -0.17760047316551208 0.27053016424179077 -2.0321799408173544
[6 INFO root] -0.1781999170780182 0.26933541893959045 -1.9982073631136763
[6 INFO root] -0.17875638604164124 0.26812469959259033 -1.9669506035057895
[6 INFO root] -0.1792706549167633 0.2669059634208679 -1.9385131454268076
[6 INFO root] -0.1797444373369217 0.26568660140037537 -1.9129622993580282
[6 INFO root] -0.18018025159835815 0.26447296142578125 -1.8903323137861114
[6 INFO root] -0.18058118224143982 0.2632704973220825 -1.8706243104896694
[6 INFO root] -0.18095067143440247 0.2620837092399597 -1.8538032218220502
[6 INFO root] -0.18129219114780426 0.2609168589115143 -1.8397483392045344
[6 INFO root] -0.18160927295684814 0.2597728967666626 -1.8283286739157711
[6 INFO root] -0.18190553784370422 0.25865334272384644 -1.8194244820799086
[6 INFO root] -0.18218451738357544 0.2575586438179016 -1.8129279434696175
[6 INFO root] -0.182449609041214 0.2564883232116699 -1.8087410509792732
[6 INFO root] -0.18270404636859894 0.25544124841690063 -1.8067719008807563
[6 INFO root] -0.18295089900493622 0.2544155716896057 -1.8069306389983057
[6 INFO root] -0.18319308757781982 0.2534089684486389 -1.8091254693507064
[6 INFO root] -0.1834334284067154 0.25241872668266296 -1.8132586179370533
[6 INFO root] -0.1836746335029602 0.25144174695014954 -1.8192224561640504
[6 INFO root] -0.18391934037208557 0.2504746615886688 -1.826896120287675
[6 INFO root] -0.18417011201381683 0.2495139092206955 -1.8361429950703494
[6 INFO root] -0.18442954123020172 0.24855579435825348 -1.8468093924519133
[6 INFO root] -0.1847001016139984 0.2475966513156891 -1.8587246469857788
[6 INFO root] -0.18498429656028748 0.2466328889131546 -1.8717026798532448
[6 INFO root] -0.18528446555137634 0.24566121399402618 -1.8855448798905992
[6 INFO root] -0.18560287356376648 0.24467867612838745 -1.9000439579757136
[6 INFO root] -0.18594153225421906 0.2436828762292862 -1.9149883011063233
[6 INFO root] -0.18630221486091614 0.24267204105854034 -1.9301663226607544
[6 INFO root] -0.18668629229068756 0.24164505302906036 -1.9453703844226902
[6 INFO root] -0.18709468841552734 0.24060165882110596 -1.96040265262106
[6 INFO root] -0.18752773106098175 0.23954252898693085 -1.9750836533186942
[6 INFO root] -0.18798524141311646 0.2384689450263977 -1.9892454519692138
[6 INFO root] -0.18846647441387177 0.23738275468349457 -2.0027306923792363
[6 INFO root] -0.18897020816802979 0.23628613352775574 -2.015393556280005
[6 INFO root] -0.18949370086193085 0.2351837456226349 -2.0269280354228143
[6 INFO root] -0.19003313779830933 0.23408110439777374 -2.0371933477855393
[6 INFO root] -0.1905844807624817 0.23298315703868866 -2.0461490570532783
[6 INFO root] -0.19114390015602112 0.2318938970565796 -2.053799172541303
[6 INFO root] -0.19170790910720825 0.23081640899181366 -2.0601731627817412
[6 INFO root] -0.19227345287799835 0.22975288331508636 -2.0653154948031833
[6 INFO root] -0.1928378790616989 0.2287048101425171 -2.069278626990398
[6 INFO root] -0.19339896738529205 0.22767303884029388 -2.0721185221865763
[6 INFO root] -0.19395487010478973 0.22665797173976898 -2.073892039182832
[6 INFO root] -0.19450408220291138 0.22565957903862 -2.074655702974016
[6 INFO root] -0.19504539668560028 0.22467754781246185 -2.0744654796595694
[6 INFO root] -0.19557787477970123 0.22371134161949158 -2.0733771789810698
[6 INFO root] -0.19610077142715454 0.22276027500629425 -2.0714417625035058
[6 INFO root] -0.196593776345253 0.2218596637248993 -2.068503956668195
[6 INFO root] -0.1970341056585312 0.22104987502098083 -2.064317859433063
[6 INFO root] -0.1974264681339264 0.22032126784324646 -2.0588497204244907
[6 INFO root] -0.19777797162532806 0.21966011822223663 -2.0520899789244904
[6 INFO root] -0.19809472560882568 0.2190546840429306 -2.0440405031562405
[6 INFO root] -0.19838187098503113 0.21849511563777924 -2.0347071622440396
[6 INFO root] -0.19864368438720703 0.21797311305999756 -2.0240941510461776
[6 INFO root] -0.19888372719287872 0.21748174726963043 -2.0122068093077257
[6 INFO root] -0.1991049200296402 0.2170151323080063 -1.9990564264013082
[6 INFO root] -0.19930967688560486 0.216568261384964 -1.984665134494058
[6 INFO root] -0.1994999200105667 0.2161368876695633 -1.969070554299062
[6 INFO root] -0.19967719912528992 0.21571744978427887 -1.9523299113996768
[6 INFO root] -0.1998426765203476 0.21530698239803314 -1.93452331810302
[6 INFO root] -0.19999723136425018 0.21490320563316345 -1.915755978707036
[6 INFO root] -0.20014138519763947 0.2145044356584549 -1.8961586063722204
[6 INFO root] -0.20027542114257812 0.21410967409610748 -1.8758860186748
[6 INFO root] -0.20039944350719452 0.21371866762638092 -1.855113918426337
[6 INFO root] -0.20051337778568268 0.21333184838294983 -1.8340339395231722
[6 INFO root] -0.20061706006526947 0.21295036375522614 -1.8128472242050355
[6 INFO root] -0.20071035623550415 0.21257595717906952 -1.7917569913531395
[6 INFO root] -0.20079319179058075 0.21221090853214264 -1.7709607011819044
[6 INFO root] -0.20086565613746643 0.2118576616048813 -1.750656316809246
[6 INFO root] -0.20092813670635223 0.2115180641412735 -1.7310770173399856
[6 INFO root] -0.20098118484020233 0.21119417250156403 -1.712435788524298
[6 INFO root] -0.20102553069591522 0.21088750660419464 -1.6934896383190428
[6 INFO root] -0.20106180012226105 0.2105981707572937 -1.674082057285933
[6 INFO root] -0.20109045505523682 0.2103271633386612 -1.654231211850891
[6 INFO root] -0.2011120468378067 0.21007545292377472 -1.633936288104743
[6 INFO root] -0.20112721621990204 0.2098435014486313 -1.6131682700399346
[6 INFO root] -0.20113669335842133 0.20963142812252045 -1.5918713561575941
[6 INFO root] -0.20114119350910187 0.20943890511989594 -1.5699650550278588
[6 INFO root] -0.20114146173000336 0.20926527678966522 -1.5473462568973375
[6 INFO root] -0.2011381983757019 0.20910951495170593 -1.5238911496318512
[6 INFO root] -0.20113202929496765 0.208970308303833 -1.4994569183385065
[6 INFO root] -0.20112347602844238 0.20884591341018677 -1.4738826432077
[6 INFO root] -0.20111294090747833 0.20873433351516724 -1.446993083906545
[6 INFO root] -0.2011006623506546 0.2086332142353058 -1.41860318630039
[6 INFO root] -0.20108665525913239 0.20853999257087708 -1.3885203082117
[6 INFO root] -0.2010706663131714 0.2084517478942871 -1.3565458962546768
[6 INFO root] -0.20105215907096863 0.2083653062582016 -1.322477282166244
[6 INFO root] -0.20103012025356293 0.20827719569206238 -1.2861096463373642
[6 INFO root] -0.20100310444831848 0.2081836760044098 -1.2472381120217295
[6 INFO root] -0.20096901059150696 0.20808079838752747 -1.2056599208151235
[6 INFO root] -0.20092502236366272 0.2079644501209259 -1.1611757425745404
[6 INFO root] -0.2008674293756485 0.20783039927482605 -1.1135928086990892
[6 INFO root] -0.20079149305820465 0.20767447352409363 -1.0627279048721787
[6 INFO root] -0.2006913125514984 0.20749269425868988 -1.0084102757534446
[6 INFO root] -0.2005595564842224 0.20728150010108948 -0.9504848543452603
[6 INFO root] -0.20038744807243347 0.20703807473182678 -0.8888160183280955
[6 INFO root] -0.20016460120677948 0.20676064491271973 -0.8232921296743613
[6 INFO root] -0.19987891614437103 0.20644895732402802 -0.7538303935137748
[6 INFO root] -0.1995166689157486 0.2061048001050949 -0.6803845334274118
[6 INFO root] -0.1990625560283661 0.20573249459266663 -0.6029552925770597
[6 INFO root] -0.19850003719329834 0.20533961057662964 -0.5216036973750593
[6 INFO root] -0.19781190156936646 0.2049376219511032 -0.4364673466366652
[6 INFO root] -0.19698107242584229 0.20454247295856476 -0.34777978544708466
[6 INFO root] -0.1959674060344696 0.2041662186384201 -0.25681557495393365
[6 INFO root] -0.19474384188652039 0.20383457839488983 -0.16509178915563283
[6 INFO root] -0.19331331551074982 0.20358428359031677 -0.0736451889479677
[6 INFO root] -0.19169138371944427 0.20345115661621094 0.016514455471623737
[6 INFO root] -0.18990330398082733 0.20346586406230927 0.10437692348325596
[6 INFO root] -0.18798233568668365 0.20365117490291595 0.18896390600785573
[6 INFO root] -0.18596753478050232 0.20401978492736816 0.2693576980132186
[6 INFO root] -0.1839008331298828 0.2045731544494629 0.3447270218413239
[6 INFO root] -0.18182435631752014 0.20530155301094055 0.4143528061164778
[6 INFO root] -0.17977778613567352 0.20618489384651184 0.47764972014442036
[6 INFO root] -0.1777970939874649 0.2071942687034607 0.534140998437288
[6 INFO root] -0.1759113222360611 0.20829510688781738 0.5835531520869193
[6 INFO root] -0.17414134740829468 0.2094508409500122 0.625827571074312
[6 INFO root] -0.17249982059001923 0.2106262594461441 0.6610942831038099
[6 INFO root] -0.17099209129810333 0.2117900848388672 0.6896315895494105
[6 INFO root] -0.16961754858493805 0.21291668713092804 0.7118200521132101
[6 INFO root] -0.16837115585803986 0.21398678421974182 0.7280979520101682
[6 INFO root] -0.16724491119384766 0.21498726308345795 0.7389234279356401
[6 INFO root] -0.16622908413410187 0.2159106284379959 0.744745814820987
[6 INFO root] -0.16531172394752502 0.2167551964521408 0.7464167149148621
[6 INFO root] -0.16447238624095917 0.2175312340259552 0.7471813859001569
[6 INFO root] -0.16370262205600739 0.21824419498443604 0.7474427668994572
[6 INFO root] -0.16296623647212982 0.21892665326595306 0.7474639302275696
[6 INFO root] -0.16223283112049103 0.2196064293384552 0.7474639302275696
[6 INFO root] -0.16149941086769104 0.22028622031211853 0.7474639302275696
[6 INFO root] -0.16076599061489105 0.22096599638462067 0.7474639302275696
[6 INFO root] -0.16003258526325226 0.2216457724571228 0.7474639302275696
[6 INFO root] -0.15929916501045227 0.22232556343078613 0.7474639302275696
[6 INFO root] -0.15856574475765228 0.22300533950328827 0.7474639302275696
[6 INFO root] -0.1578323394060135 0.2236851155757904 0.7474639302275696
[6 INFO root] -0.1570989191532135 0.22436490654945374 0.7474639302275696
[6 INFO root] -0.1563654989004135 0.22504468262195587 0.7474639302275696
[6 INFO root] -0.15563209354877472 0.225724458694458 0.7474639302275696
[6 INFO root] -0.15489867329597473 0.22640424966812134 0.7474639302275696
[6 INFO root] -0.15416525304317474 0.22708402574062347 0.7474639302275696
[6 INFO root] -0.15345285832881927 0.22774432599544525 0.7470343063006495
[6 INFO root] -0.1527978777885437 0.2283509373664856 0.7453872429648678
[6 INFO root] -0.1521986722946167 0.22890421748161316 0.7424792799433336
[6 INFO root] -0.15164928138256073 0.22940868139266968 0.7383522208483959
[6 INFO root] -0.1511440873146057 0.22986885905265808 0.7330418825431252
[6 INFO root] -0.1506778597831726 0.23028913140296936 0.7265787919200417
[6 INFO root] -0.15024568140506744 0.23067378997802734 0.7189895235484951
[6 INFO root] -0.14984285831451416 0.23102694749832153 0.7102980572979005
[6 INFO root] -0.14946496486663818 0.2313525676727295 0.7005271790705974
[6 INFO root] -0.1491076797246933 0.23165446519851685 0.6896999363041544
[6 INFO root] -0.14876684546470642 0.2319362461566925 0.6778411469155305
[6 INFO root] -0.14843836426734924 0.23220136761665344 0.6649789465980059
[6 INFO root] -0.14811822772026062 0.23245307803153992 0.6511463449229505
[6 INFO root] -0.1478024423122406 0.23269441723823547 0.6363827462224374
[6 INFO root] -0.14748704433441162 0.23292821645736694 0.6207353779700927
[6 INFO root] -0.1471681147813797 0.23315700888633728 0.604260559002533
[6 INFO root] -0.14684177935123444 0.23338308930397034 0.5870247342890066
[6 INFO root] -0.1465042680501938 0.2336084544658661 0.569105203754618
[6 INFO root] -0.14615188539028168 0.23383472859859467 0.5505904810013692
[6 INFO root] -0.14578112959861755 0.2340632528066635 0.5315802337885683
[6 INFO root] -0.14538872241973877 0.23429498076438904 0.5121847807617298
[6 INFO root] -0.14497165381908417 0.2345304936170578 0.49252414590541554
[6 INFO root] -0.14452722668647766 0.2347700595855713 0.4727267004270474
[6 INFO root] -0.1440531462430954 0.23501361906528473 0.4529274478452575
[6 INFO root] -0.14354754984378815 0.23526085913181305 0.43326602891688437
[6 INFO root] -0.14296239614486694 0.23553277552127838 0.4147911847146046
[6 INFO root] -0.14229530096054077 0.23582784831523895 0.3976893221404136
[6 INFO root] -0.14156070351600647 0.23613779246807098 0.38180057207837304
[6 INFO root] -0.140771746635437 0.23645593225955963 0.3669812813643873
[6 INFO root] -0.13993902504444122 0.2367773950099945 0.35313427617619747
[6 INFO root] -0.13907116651535034 0.2370985895395279 0.34020020839747384
[6 INFO root] -0.1381753534078598 0.23741695284843445 0.3281486501768889
[6 INFO root] -0.1372576206922531 0.23773060739040375 0.3169702645498199
[6 INFO root] -0.13632315397262573 0.23803828656673431 0.3066701705992785
[6 INFO root] -0.13537494838237762 0.2383396178483963 0.29729667762611584
