[25 INFO root] Initialising Python Geth Console...
[25 INFO root] Initialising RandB board...
[25 INFO root] Initialising resource sensor...
[25 INFO root] Initialising random-walk...
[25 INFO root] Initialising navigation...
[25 INFO root] Initialising Odo...
[25 INFO root] Initialising odometry...
[25 INFO root] Initialising gps...
[25 INFO root] Initialising Ground sensor...
[25 INFO root] --//-- Starting Experiment --//--
[25 INFO root] x y direction
[25 INFO root] -0.19270199537277222 0.6063629984855652 1.358347868925139
[25 INFO root] -0.19290286302566528 0.6054317951202393 1.2068665853922458
[25 INFO root] -0.19309833645820618 0.604849636554718 1.0298753819505595
[25 INFO root] -0.19298937916755676 0.6050040125846863 0.8454833216321029
[25 INFO root] -0.19226491451263428 0.6058359146118164 0.6600795613700102
[25 INFO root] -0.19066022336483002 0.6071341037750244 0.4841268777388186
[25 INFO root] -0.1881081610918045 0.6085501909255981 0.3295372790430721
[25 INFO root] -0.18487928807735443 0.6097230911254883 0.20506909135062293
[25 INFO root] -0.1817656010389328 0.6104252934455872 0.10867758443511492
[25 INFO root] -0.17916584014892578 0.6107510328292847 0.029506536514000065
[25 INFO root] -0.17713862657546997 0.6108373403549194 -0.03954757724202225
[25 INFO root] -0.17561951279640198 0.6107930541038513 -0.10287620673962637
[25 INFO root] -0.17451176047325134 0.6106879711151123 -0.16304884314295015
[25 INFO root] -0.1737188845872879 0.610564112663269 -0.22138093915206572
[25 INFO root] -0.1733330935239792 0.6104819178581238 -0.27280169889415123
[25 INFO root] -0.17328695952892303 0.6104708909988403 -0.3178556482427919
[25 INFO root] -0.17349359393119812 0.6105389595031738 -0.35733576852883436
[25 INFO root] -0.1738787740468979 0.6106817126274109 -0.3915609201911716
[25 INFO root] -0.17438149452209473 0.6108877062797546 -0.42047803526764965
[25 INFO root] -0.17495335638523102 0.6111416816711426 -0.44375060596838345
[25 INFO root] -0.17555879056453705 0.6114278435707092 -0.4608912510853983
[25 INFO root] -0.1761736124753952 0.6117318272590637 -0.47140031657529075
[25 INFO root] -0.17678241431713104 0.6120413541793823 -0.47486568871606777
[25 INFO root] -0.17737559974193573 0.6123460531234741 -0.47101171814915693
[25 INFO root] -0.1779470294713974 0.6126373410224915 -0.4597052470250762
[25 INFO root] -0.17849202454090118 0.6129079461097717 -0.4409347493766271
[25 INFO root] -0.17900371551513672 0.6131506562232971 -0.41668228656742595
[25 INFO root] -0.17947892844676971 0.6133624911308289 -0.38764009306946384
[25 INFO root] -0.1799129843711853 0.6135413646697998 -0.35377645453648027
[25 INFO root] -0.180272176861763 0.6136756539344788 -0.315078229361687
[25 INFO root] -0.18059614300727844 0.6137827634811401 -0.2728491534902526
[25 INFO root] -0.18089646100997925 0.6138682961463928 -0.2274479547911515
[25 INFO root] -0.1811649054288864 0.6139318943023682 -0.17882568984216926
[25 INFO root] -0.1813908964395523 0.6139740943908691 -0.126916084365895
[25 INFO root] -0.18156416714191437 0.6139973402023315 -0.07160437847715169
[25 INFO root] -0.18167458474636078 0.6140062212944031 -0.012706612659735841
[25 INFO root] -0.18171073496341705 0.614007294178009 0.04995312826526134
[25 INFO root] -0.1816597282886505 0.6140100359916687 0.1165125366207233
[25 INFO root] -0.18150754272937775 0.6140274405479431 0.18704740780178267
[25 INFO root] -0.18123972415924072 0.6140769720077515 0.2615414796785887
[25 INFO root] -0.18084263801574707 0.6141810417175293 0.3398499801166724
[25 INFO root] -0.18030500411987305 0.6143676042556763 0.42165925943873883
[25 INFO root] -0.17962026596069336 0.6146695017814636 0.5064462262481042
[25 INFO root] -0.17878900468349457 0.6151232123374939 0.5934438229442818
[25 INFO root] -0.17782141268253326 0.6157657504081726 0.6816247069508303
[25 INFO root] -0.17673879861831665 0.6166307330131531 0.769717763148374
[25 INFO root] -0.17557349801063538 0.6177427768707275 0.8562700187024348
[25 INFO root] -0.1743665188550949 0.6191126704216003 0.9397573486167489
[25 INFO root] -0.17316284775733948 0.6207337975502014 1.0187311313168566
[25 INFO root] -0.17200562357902527 0.6225818991661072 1.0919706554882054
[25 INFO root] -0.17093057930469513 0.6246179342269897 1.1586022621735643
[25 INFO root] -0.16996242105960846 0.6267936825752258 1.218156844197021
[25 INFO root] -0.1691138744354248 0.6290581822395325 1.270557246802617
[25 INFO root] -0.16840162873268127 0.6313158273696899 1.3159267536665125
[25 INFO root] -0.1678391396999359 0.6334323287010193 1.354894179092715
[25 INFO root] -0.16740231215953827 0.6353846192359924 1.3886586951235658
[25 INFO root] -0.16706600785255432 0.637173593044281 1.4182939786472073
[25 INFO root] -0.16680952906608582 0.6388072371482849 1.4446609595612179
[25 INFO root] -0.1666162610054016 0.640296995639801 1.4684382589838199
[25 INFO root] -0.1664731502532959 0.6416556239128113 1.4901577645367994
[25 INFO root] -0.1663699746131897 0.6428959965705872 1.5102363240920351
[25 INFO root] -0.16629870235919952 0.6440303325653076 1.5290019764941707
[25 INFO root] -0.16625311970710754 0.6450697779655457 1.5467148406503293
[25 INFO root] -0.1662283092737198 0.6460243463516235 1.5635833624141235
[25 INFO root] -0.16622038185596466 0.6469026207923889 1.5797767792706818
[25 INFO root] -0.16622623801231384 0.6477121114730835 1.5954345913676538
[25 INFO root] -0.16624338924884796 0.6484593152999878 1.6106737240578013
[25 INFO root] -0.16626980900764465 0.6491496562957764 1.6255939224266458
[25 INFO root] -0.16630378365516663 0.6497877836227417 1.6402818300307087
[25 INFO root] -0.16634389758110046 0.6503775715827942 1.6548140927865091
[25 INFO root] -0.16638892889022827 0.6509224772453308 1.669258969159177
[25 INFO root] -0.16643781960010529 0.651425302028656 1.6836783252554017
[25 INFO root] -0.1664896011352539 0.6518884897232056 1.6981309925527153
[25 INFO root] -0.16654345393180847 0.6523143649101257 1.7126741767362388
[25 INFO root] -0.1665986031293869 0.6527048945426941 1.727364120364683
[25 INFO root] -0.16665439307689667 0.6530619263648987 1.7422565417236149
[25 INFO root] -0.16671019792556763 0.6533873677253723 1.7574069478243761
[25 INFO root] -0.166765496134758 0.6536829471588135 1.772870869069299
[25 INFO root] -0.16681981086730957 0.6539503335952759 1.7887040497351947
[25 INFO root] -0.16687272489070892 0.654191255569458 1.8049626116081166
[25 INFO root] -0.1669238954782486 0.6544075012207031 1.8217032000547622
[25 INFO root] -0.1669730395078659 0.6546007394790649 1.838983149134077
[25 INFO root] -0.16701993346214294 0.6547726392745972 1.8568606506078476
[25 INFO root] -0.16706442832946777 0.6549250483512878 1.875394940782877
[25 INFO root] -0.16710643470287323 0.6550596356391907 1.8946465062725548
[25 INFO root] -0.16714593768119812 0.6551781892776489 1.914677310025691
[25 INFO root] -0.16718639433383942 0.6552918553352356 1.9383540732883795
[25 INFO root] -0.16723191738128662 0.655410885810852 1.9677063174051577
[25 INFO root] -0.16729536652565002 0.655563235282898 2.0029028864348044
[25 INFO root] -0.16738548874855042 0.6557600498199463 2.043983285361639
[25 INFO root] -0.16751183569431305 0.6560088396072388 2.0909131068909197
[25 INFO root] -0.16768668591976166 0.6563168168067932 2.1435497834720603
[25 INFO root] -0.16792544722557068 0.6566905975341797 2.201643753620089
[25 INFO root] -0.16824661195278168 0.6571347713470459 2.2648340721973055
[25 INFO root] -0.16867168247699738 0.6576510667800903 2.332444267535212
[25 INFO root] -0.16922326385974884 0.6582362055778503 2.4034572310054436
[25 INFO root] -0.169921413064003 0.6588791012763977 2.4767931572699924
[25 INFO root] -0.17078132927417755 0.6595621109008789 2.5513681892894993
[25 INFO root] -0.17181141674518585 0.6602621078491211 2.6261018067929887
[25 INFO root] -0.1730118840932846 0.6609531044960022 2.6999385910561196
[25 INFO root] -0.174374058842659 0.6616085767745972 2.771884930406875
[25 INFO root] -0.17588071525096893 0.6622042059898376 2.84105250171649
[25 INFO root] -0.17750751972198486 0.6627202033996582 2.9066988515425756
[25 INFO root] -0.179225355386734 0.6631428599357605 2.968256493708554
[25 INFO root] -0.18100295960903168 0.6634652018547058 3.0253451138601397
[25 INFO root] -0.18280965089797974 0.6636865735054016 3.077765768836142
[25 INFO root] -0.18461734056472778 0.6638116836547852 3.1254799413448073
[25 INFO root] -0.1864021271467209 0.6638490557670593 -3.114606488342527
[25 INFO root] -0.18814483284950256 0.6638097167015076 -3.0759366530821377
[25 INFO root] -0.1898312270641327 0.663705587387085 -3.041448095558349
[25 INFO root] -0.19145159423351288 0.6635485887527466 -3.010860650639685
[25 INFO root] -0.19300007820129395 0.663349986076355 -2.9838848761412895
[25 INFO root] -0.19447405636310577 0.6631198525428772 -2.960238971714478
[25 INFO root] -0.19587336480617523 0.6628668308258057 -2.939660092219578
[25 INFO root] -0.19719968736171722 0.6625982522964478 -2.921911167920419
[25 INFO root] -0.1984560340642929 0.6623201966285706 -2.9067842512761843
[25 INFO root] -0.19964627921581268 0.6620374321937561 -2.8941014292164473
[25 INFO root] -0.2007950246334076 0.6617487668991089 -2.8837021813169676
[25 INFO root] -0.20190729200839996 0.6614567041397095 -2.87550767864801
[25 INFO root] -0.20298215746879578 0.6611647009849548 -2.8694613128306097
[25 INFO root] -0.20401884615421295 0.6608760952949524 -2.865509453846828
[25 INFO root] -0.20501704514026642 0.6605937480926514 -2.863602013134093
[25 INFO root] -0.20598192512989044 0.6603186130523682 -2.8634316635319665
[25 INFO root] -0.20694348216056824 0.6600440144538879 -2.8634316635319665
[25 INFO root] -0.20790505409240723 0.6597694158554077 -2.8634316635319665
[25 INFO root] -0.20886661112308502 0.6594948172569275 -2.8634316635319665
[25 INFO root] -0.20982816815376282 0.659220278263092 -2.8634316635319665
[25 INFO root] -0.2107897400856018 0.6589456796646118 -2.8634316635319665
[25 INFO root] -0.2117512971162796 0.6586710810661316 -2.8634316635319665
[25 INFO root] -0.2127128541469574 0.6583964824676514 -2.8634316635319665
[25 INFO root] -0.2136744260787964 0.6581218838691711 -2.8634316635319665
[25 INFO root] -0.21463598310947418 0.6578472852706909 -2.8634316635319665
[25 INFO root] -0.21559754014015198 0.6575727462768555 -2.8634316635319665
[25 INFO root] -0.21655911207199097 0.6572981476783752 -2.8634316635319665
[25 INFO root] -0.21753905713558197 0.6570183038711548 -2.863448124154743
[25 INFO root] -0.21853697299957275 0.6567333340644836 -2.8634862178751224
[25 INFO root] -0.21954891085624695 0.6564444303512573 -2.8635477124248325
[25 INFO root] -0.22057074308395386 0.6561527252197266 -2.863632629196237
[25 INFO root] -0.221598282456398 0.6558595299720764 -2.8637388326043913
[25 INFO root] -0.22262722253799438 0.6555660367012024 -2.8638615867784267
[25 INFO root] -0.22365327179431915 0.6552734971046448 -2.86399327088491
[25 INFO root] -0.22467218339443207 0.6549831628799438 -2.864123316578885
[25 INFO root] -0.22567987442016602 0.6546961069107056 -2.864238404263661
[25 INFO root] -0.22667253017425537 0.6544135212898254 -2.8643229208707117
[25 INFO root] -0.22764500975608826 0.6541367173194885 -2.864354251254998
[25 INFO root] -0.2286076843738556 0.6538627743721008 -2.8643568290629915
[25 INFO root] -0.22956949472427368 0.6535890698432922 -2.8643568290629915
[25 INFO root] -0.23053131997585297 0.6533153653144836 -2.8643568290629915
[25 INFO root] -0.23149313032627106 0.653041660785675 -2.8643568290629915
[25 INFO root] -0.23245494067668915 0.6527679562568665 -2.8643568290629915
[25 INFO root] -0.23341676592826843 0.6524943113327026 -2.8643568290629915
[25 INFO root] -0.23430712521076202 0.6522409319877625 -2.8619966413089317
[25 INFO root] -0.2350737601518631 0.652021050453186 -2.8554390537340444
[25 INFO root] -0.2357272058725357 0.6518293023109436 -2.8445918140656876
[25 INFO root] -0.2363744080066681 0.6516320109367371 -2.8251923133777668
[25 INFO root] -0.23703055083751678 0.6514185667037964 -2.797453149581034
[25 INFO root] -0.23770058155059814 0.6511804461479187 -2.7622107088553776
[25 INFO root] -0.23839087784290314 0.6509079337120056 -2.720308295574337
[25 INFO root] -0.23910783231258392 0.6505900621414185 -2.6725704344548156
[25 INFO root] -0.23985636234283447 0.6502149701118469 -2.6197953278172004
[25 INFO root] -0.24063900113105774 0.6497701406478882 -2.562753935200797
[25 INFO root] -0.24145519733428955 0.6492429375648499 -2.5021911685635185
[25 INFO root] -0.24230101704597473 0.6486213207244873 -2.438826905560687
[25 INFO root] -0.24316918849945068 0.6478947401046753 -2.37335584788971
[25 INFO root] -0.24404944479465485 0.6470546126365662 -2.306445967301626
[25 INFO root] -0.2449290007352829 0.6460950374603271 -2.2387355915131
[25 INFO root] -0.2457653284072876 0.6450492739677429 -2.1727029802187117
[25 INFO root] -0.24653838574886322 0.6439395546913147 -2.109169276635207
[25 INFO root] -0.24723728001117706 0.6427860856056213 -2.048433922471208
[25 INFO root] -0.2478557825088501 0.6416089534759521 -1.9906205439882068
[25 INFO root] -0.24839183688163757 0.6404268145561218 -1.9357147312546588
[25 INFO root] -0.24884682893753052 0.6392557621002197 -1.8835892105625682
[25 INFO root] -0.24922476708889008 0.6381083726882935 -1.834031393123124
[25 INFO root] -0.2495313435792923 0.6369935870170593 -1.7867704925695098
[25 INFO root] -0.24977314472198486 0.6359168887138367 -1.741502152664132
[25 INFO root] -0.249956876039505 0.6348803043365479 -1.6979095657823546
[25 INFO root] -0.2500889301300049 0.6338831186294556 -1.6556807772402184
[25 INFO root] -0.2501749098300934 0.6329224109649658 -1.614522366225348
[25 INFO root] -0.25021952390670776 0.6319935917854309 -1.574169948446085
[25 INFO root] -0.25022628903388977 0.6310908198356628 -1.5343960373151897
[25 INFO root] -0.25019770860671997 0.6302077770233154 -1.4950155139410852
[25 INFO root] -0.2501351535320282 0.629337728023529 -1.4558888989060286
[25 INFO root] -0.25003892183303833 0.6284743547439575 -1.4169235982906987
[25 INFO root] -0.24990856647491455 0.6276118159294128 -1.3780732367121735
[25 INFO root] -0.2497427761554718 0.6267445087432861 -1.3393341831830183
[25 INFO root] -0.24953949451446533 0.6258670687675476 -1.3007477995414103
[25 INFO root] -0.24929630756378174 0.6249755024909973 -1.2623994628879072
[25 INFO root] -0.24901065230369568 0.6240670680999756 -1.2244146780512506
[25 INFO root] -0.24867980182170868 0.6231397390365601 -1.186982548619602
[25 INFO root] -0.24830155074596405 0.6221932768821716 -1.1503137143558455
[25 INFO root] -0.247874453663826 0.6212289333343506 -1.114621059784086
[25 INFO root] -0.2473980337381363 0.6202494502067566 -1.080110346430293
[25 INFO root] -0.24687276780605316 0.6192582845687866 -1.0469735715558965
[25 INFO root] -0.24630007147789001 0.6182593703269958 -1.0153844316646554
[25 INFO root] -0.2456822395324707 0.6172568798065186 -0.9854956797011741
[25 INFO root] -0.2450222671031952 0.6162547469139099 -0.9574380341526691
[25 INFO root] -0.24432381987571716 0.615256667137146 -0.9313158178236586
[25 INFO root] -0.24359528720378876 0.6142717599868774 -0.906968723361515
[25 INFO root] -0.24284477531909943 0.613307535648346 -0.8841852795321004
[25 INFO root] -0.2420787513256073 0.6123685240745544 -0.8627739827731677
[25 INFO root] -0.24130220711231232 0.6114574670791626 -0.8425705351379007
[25 INFO root] -0.24051903188228607 0.6105756163597107 -0.8234370925115464
[25 INFO root] -0.23973214626312256 0.6097231507301331 -0.8052601028839776
[25 INFO root] -0.23894378542900085 0.6088997721672058 -0.7879476464342076
[25 INFO root] -0.23815563321113586 0.6081048250198364 -0.771428099641023
[25 INFO root] -0.23736882209777832 0.6073371171951294 -0.755659016445199
[25 INFO root] -0.2365828901529312 0.6065942049026489 -0.7406231822828631
[25 INFO root] -0.23579591512680054 0.6058725118637085 -0.7263253179666863
[25 INFO root] -0.23500590026378632 0.6051687002182007 -0.7127919958034703
[25 INFO root] -0.2342110425233841 0.6044797301292419 -0.7000690177935446
[25 INFO root] -0.2334098368883133 0.6038030385971069 -0.6882187477392183
[25 INFO root] -0.23260101675987244 0.6031363010406494 -0.6773173067759581
[25 INFO root] -0.2317836433649063 0.602477490901947 -0.667451360915962
[25 INFO root] -0.23095707595348358 0.6018247008323669 -0.6587143266027308
[25 INFO root] -0.23012091219425201 0.6011763215065002 -0.6512018290863434
[25 INFO root] -0.22927509248256683 0.600530743598938 -0.6450062784680698
[25 INFO root] -0.22843234241008759 0.5998958349227905 -0.6409294800632266
[25 INFO root] -0.2276126891374588 0.5992838740348816 -0.6402155257484836
[25 INFO root] -0.22681672871112823 0.5986908674240112 -0.6431030134049228
[25 INFO root] -0.22604267299175262 0.5981111526489258 -0.649676204017583
[25 INFO root] -0.22528886795043945 0.5975393056869507 -0.6599664686681612
[25 INFO root] -0.22455517947673798 0.5969711542129517 -0.6738970411494399
[25 INFO root] -0.2238440364599228 0.5964049100875854 -0.6912466616293618
[25 INFO root] -0.22315749526023865 0.5958388447761536 -0.7117535754027692
[25 INFO root] -0.22249728441238403 0.5952717661857605 -0.7350890935083457
[25 INFO root] -0.22186484932899475 0.5947027206420898 -0.7608876514431089
[25 INFO root] -0.22126130759716034 0.5941310524940491 -0.7887838580661005
[25 INFO root] -0.22068744897842407 0.5935565829277039 -0.8184303318450444
[25 INFO root] -0.22014379501342773 0.5929793119430542 -0.8495077459953733
[25 INFO root] -0.219630628824234 0.5923994779586792 -0.8817303081392674
[25 INFO root] -0.21914798021316528 0.5918174386024475 -0.914847437943575
[25 INFO root] -0.21869559586048126 0.5912337899208069 -0.9486437932187713
[25 INFO root] -0.21827417612075806 0.5906504392623901 -0.982962504453574
[25 INFO root] -0.21788443624973297 0.5900700092315674 -1.017693102424983
[25 INFO root] -0.21752658486366272 0.5894950032234192 -1.0527600126989995
[25 INFO root] -0.21720027923583984 0.5889272689819336 -1.0881187101175664
[25 INFO root] -0.2169046252965927 0.5883680582046509 -1.1237580277729917
[25 INFO root] -0.21662761270999908 0.5877954363822937 -1.1602459948213124
[25 INFO root] -0.2163674682378769 0.5872036218643188 -1.1976952422586662
[25 INFO root] -0.21612557768821716 0.5865923166275024 -1.236082448732238
[25 INFO root] -0.21590334177017212 0.5859609842300415 -1.2753834188872422
[25 INFO root] -0.21570202708244324 0.5853085517883301 -1.3155811623645752
[25 INFO root] -0.2155229151248932 0.584632933139801 -1.3566640246240056
[25 INFO root] -0.21536695957183838 0.5839293599128723 -1.398553672620061
[25 INFO root] -0.21523496508598328 0.5831882357597351 -1.4410043748566728
[25 INFO root] -0.2151295393705368 0.5824053287506104 -1.4838970706719858
[25 INFO root] -0.21505394577980042 0.5815768837928772 -1.5271038649852617
[25 INFO root] -0.21501198410987854 0.5806998610496521 -1.5704661102296325
[25 INFO root] -0.21500785648822784 0.5797799825668335 -1.6127419851858023
[25 INFO root] -0.21504351496696472 0.5788372755050659 -1.6516058896254349
[25 INFO root] -0.21511736512184143 0.5778799057006836 -1.686699126542224
[25 INFO root] -0.2152264565229416 0.5769136548042297 -1.7179042422586364
[25 INFO root] -0.21536709368228912 0.5759438276290894 -1.7451085514236706
[25 INFO root] -0.21553495526313782 0.5749752521514893 -1.7682136507553514
[25 INFO root] -0.21572549641132355 0.5740110874176025 -1.7871713288549205
[25 INFO root] -0.2159339189529419 0.5730542540550232 -1.8019661214529707
[25 INFO root] -0.2161552757024765 0.5721074938774109 -1.8126099570716208
[25 INFO root] -0.21638455986976624 0.5711734890937805 -1.8191473395684377
[25 INFO root] -0.2166169285774231 0.5702546834945679 -1.8216600587020457
[25 INFO root] -0.21684780716896057 0.5693527460098267 -1.820269923212
[25 INFO root] -0.21707318723201752 0.5684686899185181 -1.8151403982917522
[25 INFO root] -0.21728962659835815 0.5676025152206421 -1.8064794400916766
[25 INFO root] -0.2174922674894333 0.5667619705200195 -1.7945835584387861
[25 INFO root] -0.21767693758010864 0.5659552216529846 -1.7798077186654429
[25 INFO root] -0.2178434133529663 0.5651761889457703 -1.762540033965846
[25 INFO root] -0.2179921716451645 0.5644170641899109 -1.743192022902042
[25 INFO root] -0.21812374889850616 0.5636701583862305 -1.7221971529531273
[25 INFO root] -0.21823857724666595 0.5629280209541321 -1.7000134748547189
[25 INFO root] -0.21833696961402893 0.5621838569641113 -1.6771251327630952
[25 INFO root] -0.21841901540756226 0.5614312291145325 -1.6540416836445089
[25 INFO root] -0.21848474442958832 0.5606646537780762 -1.6312940851018027
[25 INFO root] -0.21853406727313995 0.5598793029785156 -1.6094270637770702
[25 INFO root] -0.21856701374053955 0.55907142162323 -1.5889195761735426
[25 INFO root] -0.21858377754688263 0.5582385659217834 -1.5701579893305824
[25 INFO root] -0.2185847908258438 0.5573792457580566 -1.5534419913867883
[25 INFO root] -0.21857084333896637 0.5564929842948914 -1.5389893465487836
[25 INFO root] -0.21854308247566223 0.5555799007415771 -1.5269414513605808
[25 INFO root] -0.2185029536485672 0.5546404123306274 -1.5173698559384292
[25 INFO root] -0.21845223009586334 0.5536749958992004 -1.510282857145911
[25 INFO root] -0.21839289367198944 0.5526843070983887 -1.505631682774456
[25 INFO root] -0.2183271050453186 0.5516688823699951 -1.5033161576037488
[25 INFO root] -0.21825706958770752 0.550629198551178 -1.503189982257805
[25 INFO root] -0.21818508207798004 0.5495657324790955 -1.5050659171177991
[25 INFO root] -0.21811334788799286 0.5484790802001953 -1.5087210655841317
[25 INFO root] -0.2180439978837967 0.5473697781562805 -1.5139056125550516
[25 INFO root] -0.21797901391983032 0.5462387800216675 -1.5203507415739843
[25 INFO root] -0.21792013943195343 0.5450872182846069 -1.5277755868152518
[25 INFO root] -0.2178688794374466 0.5439165830612183 -1.5358942956788797
[25 INFO root] -0.2178264558315277 0.5427286624908447 -1.5444232536626974
[25 INFO root] -0.21779370307922363 0.541525661945343 -1.5530880860020695
[25 INFO root] -0.21777112782001495 0.5403101444244385 -1.5616299884941793
[25 INFO root] -0.21775886416435242 0.539084792137146 -1.5697963272699644
[25 INFO root] -0.21775662899017334 0.5378527641296387 -1.5773478155086231
[25 INFO root] -0.21776379644870758 0.5366170406341553 -1.5840740378359348
[25 INFO root] -0.21777938306331635 0.5353806614875793 -1.5897963495624776
[25 INFO root] -0.21780212223529816 0.5341464877128601 -1.5943668617649147
[25 INFO root] -0.21783053874969482 0.5329169631004333 -1.5976675439293344
[25 INFO root] -0.21786300837993622 0.531694233417511 -1.5996180561429763
[25 INFO root] -0.21789777278900146 0.5304797887802124 -1.6001730108162848
[25 INFO root] -0.21793311834335327 0.5292746424674988 -1.5993149915934588
[25 INFO root] -0.21796731650829315 0.5280794501304626 -1.597047789006533
[25 INFO root] -0.2179987132549286 0.5268942713737488 -1.593390695017509
[25 INFO root] -0.21802569925785065 0.5257189869880676 -1.5883739279604525
[25 INFO root] -0.21804660558700562 0.5245635509490967 -1.5819717588409032
[25 INFO root] -0.21805991232395172 0.5234395861625671 -1.5742072028018443
[25 INFO root] -0.21806451678276062 0.5223426222801208 -1.565236364288449
[25 INFO root] -0.21805952489376068 0.5212669968605042 -1.5552110934220462
[25 INFO root] -0.21804408729076385 0.5202078819274902 -1.5442597381352139
[25 INFO root] -0.21801745891571045 0.5191611051559448 -1.5324899847570077
[25 INFO root] -0.21797892451286316 0.5181233286857605 -1.5199914502939047
[25 INFO root] -0.21792776882648468 0.5170917510986328 -1.5068373128607109
[25 INFO root] -0.2178633064031601 0.5160640478134155 -1.493085319543818
[25 INFO root] -0.21778486669063568 0.5150384306907654 -1.4787786608925961
[25 INFO root] -0.21769173443317413 0.5140132308006287 -1.4639472613178033
[25 INFO root] -0.21758323907852173 0.5129873156547546 -1.4486099515793989
[25 INFO root] -0.21745865046977997 0.5119597315788269 -1.432774875543498
[25 INFO root] -0.2173173874616623 0.5109308362007141 -1.4164355497469467
[25 INFO root] -0.21715882420539856 0.5099008083343506 -1.399587757584395
[25 INFO root] -0.21698231995105743 0.5088696479797363 -1.3822370289728483
[25 INFO root] -0.21678712964057922 0.5078370571136475 -1.3644021160372324
[25 INFO root] -0.21657246351242065 0.5068026781082153 -1.346117392302283
[25 INFO root] -0.21633753180503845 0.5057660341262817 -1.3274343204397738
[25 INFO root] -0.21608154475688934 0.504726767539978 -1.3084218497162097
[25 INFO root] -0.21580374240875244 0.5036845207214355 -1.2891658227795608
[25 INFO root] -0.2155034840106964 0.5026391744613647 -1.2697677174938475
[25 INFO root] -0.21518021821975708 0.5015908479690552 -1.2503429694808725
[25 INFO root] -0.21483363211154938 0.5005397796630859 -1.23101903554546
[25 INFO root] -0.21446360647678375 0.4994865953922272 -1.2119333084374369
[25 INFO root] -0.21407032012939453 0.49843207001686096 -1.1932309546884838
[25 INFO root] -0.21365424990653992 0.4973772466182709 -1.1750627152601496
[25 INFO root] -0.21321621537208557 0.4963233768939972 -1.1575826721319917
[25 INFO root] -0.21275737881660461 0.4952719509601593 -1.1409456480210276
[25 INFO root] -0.2122793346643448 0.49422457814216614 -1.1253078040048783
[25 INFO root] -0.2117840200662613 0.49318310618400574 -1.1108286647090229
[25 INFO root] -0.21127371490001678 0.4921492636203766 -1.0976700209624461
[25 INFO root] -0.21075095236301422 0.4911247491836548 -1.085993581231761
[25 INFO root] -0.21021850407123566 0.49011099338531494 -1.0759543735962522
[25 INFO root] -0.20967921614646912 0.48910918831825256 -1.067693794874945
[25 INFO root] -0.2091359794139862 0.4881201684474945 -1.0613365352694262
[25 INFO root] -0.20859166979789734 0.4871443510055542 -1.0569885655673474
[25 INFO root] -0.20804885029792786 0.4861815571784973 -1.0547896833707697
[25 INFO root] -0.20750953257083893 0.48523032665252686 -1.054981026574483
[25 INFO root] -0.20697565376758575 0.4842888116836548 -1.0577657306492558
[25 INFO root] -0.20644913613796234 0.4833548069000244 -1.0632768819564407
[25 INFO root] -0.20593179762363434 0.482425719499588 -1.0715814318629937
[25 INFO root] -0.20542530715465546 0.48149871826171875 -1.0826870938533084
[25 INFO root] -0.20493119955062866 0.48057064414024353 -1.0965491511441663
[25 INFO root] -0.20445090532302856 0.4796381890773773 -1.113076865289828
[25 INFO root] -0.203985795378685 0.47869792580604553 -1.1321425394705555
[25 INFO root] -0.2035372257232666 0.47774645686149597 -1.153590486742493
[25 INFO root] -0.2031051516532898 0.47677719593048096 -1.176582605225341
[25 INFO root] -0.20268899202346802 0.4757831394672394 -1.1997072731923943
[25 INFO root] -0.2022903561592102 0.4747655689716339 -1.2226770008852692
[25 INFO root] -0.2019108384847641 0.47372713685035706 -1.2453513571211803
[25 INFO root] -0.2015516459941864 0.4726705551147461 -1.267610427164022
[25 INFO root] -0.20121367275714874 0.4715985059738159 -1.2893538441138797
[25 INFO root] -0.20089749991893768 0.4705137014389038 -1.3104990074809897
[25 INFO root] -0.2006034106016159 0.46941879391670227 -1.3309791238683684
[25 INFO root] -0.2003314346075058 0.46831631660461426 -1.350741191392138
[25 INFO root] -0.20008139312267303 0.46720874309539795 -1.3697423942290163
[25 INFO root] -0.19985294342041016 0.4660986065864563 -1.387948463523297
[25 INFO root] -0.199645534157753 0.4649883210659027 -1.4053330740224939
[25 INFO root] -0.199458509683609 0.4638802409172058 -1.4218772826194856
[25 INFO root] -0.19929106533527374 0.46277672052383423 -1.4375672016821623
[25 INFO root] -0.19914233684539795 0.461680144071579 -1.4523929493926935
[25 INFO root] -0.19901134073734283 0.4605928957462311 -1.466349308364584
[25 INFO root] -0.19889704883098602 0.45951715111732483 -1.4794362203168643
[25 INFO root] -0.1987983137369156 0.45845502614974976 -1.4916587214368084
[25 INFO root] -0.1987140029668808 0.4574083089828491 -1.5030265061421937
[25 INFO root] -0.19864292442798615 0.45637860894203186 -1.5135532989730909
[25 INFO root] -0.19858387112617493 0.4553672671318054 -1.52325615140732
[25 INFO root] -0.1985357105731964 0.45437538623809814 -1.5321547363882442
[25 INFO root] -0.1984972506761551 0.4534037709236145 -1.5402706836504028
[25 INFO root] -0.1984674334526062 0.45245304703712463 -1.5476270228446636
[25 INFO root] -0.19844520092010498 0.4515235126018524 -1.5542477097214322
[25 INFO root] -0.19842955470085144 0.4506153166294098 -1.560157173800721
[25 INFO root] -0.19841958582401276 0.4497283697128296 -1.5653798921223763
[25 INFO root] -0.19841443002223969 0.44886234402656555 -1.569940014732019
[25 INFO root] -0.19841331243515015 0.44801685214042664 -1.5738610584738535
[25 INFO root] -0.19841551780700684 0.44719111919403076 -1.5771680265373498
[25 INFO root] -0.19842037558555603 0.4463842809200287 -1.5798866682604367
[25 INFO root] -0.19842733442783356 0.44559532403945923 -1.5820432772082775
[25 INFO root] -0.19843584299087524 0.44482311606407166 -1.5836648374407283
[25 INFO root] -0.19844546914100647 0.4440663456916809 -1.5847790666547132
[25 INFO root] -0.19845576584339142 0.4433237314224243 -1.5854143777267453
[25 INFO root] -0.19846639037132263 0.4425937831401825 -1.585599797667821
[25 INFO root] -0.19847701489925385 0.4418751001358032 -1.5853648670515406
[25 INFO root] -0.19848735630512238 0.44116610288619995 -1.5847395309170649
[25 INFO root] -0.19849717617034912 0.4404653310775757 -1.5837540216121238
[25 INFO root] -0.1985064446926117 0.4397556185722351 -1.5827023804653293
[25 INFO root] -0.1985151618719101 0.43902990221977234 -1.5817157950121365
[25 INFO root] -0.19852331280708313 0.43828898668289185 -1.5807993140000138
[25 INFO root] -0.19853094220161438 0.4375342130661011 -1.5799471286403872
[25 INFO root] -0.19853802025318146 0.43676668405532837 -1.579154285887688
[25 INFO root] -0.19854460656642914 0.4359874129295349 -1.5784165591838042
[25 INFO root] -0.19855068624019623 0.4351971745491028 -1.5777303270043899
[25 INFO root] -0.19855628907680511 0.4343965947628021 -1.5770924723057445
[25 INFO root] -0.19856144487857819 0.4335862398147583 -1.5765002981576377
[25 INFO root] -0.19856616854667664 0.43276655673980713 -1.5759514563879915
[25 INFO root] -0.19857047498226166 0.4319378435611725 -1.575443886895074
[25 INFO root] -0.19857440888881683 0.43110036849975586 -1.57497576491875
[25 INFO root] -0.19857798516750336 0.43025434017181396 -1.5745454538016797
[25 INFO root] -0.19858123362064362 0.42939987778663635 -1.5741514614598542
[25 INFO root] -0.1985841542482376 0.4285370409488678 -1.5737923995065288
[25 INFO root] -0.19858680665493011 0.4276658594608307 -1.5734669446229834
[25 INFO root] -0.19858916103839874 0.42679426074028015 -1.5731530757128598
[25 INFO root] -0.1985912173986435 0.4259301722049713 -1.5728303615247727
[25 INFO root] -0.19859297573566437 0.4250803291797638 -1.5724826131892515
[25 INFO root] -0.19859440624713898 0.4242495596408844 -1.572098851184654
[25 INFO root] -0.19859549403190613 0.4234410524368286 -1.5716722735201005
[25 INFO root] -0.19859620928764343 0.4226566255092621 -1.5711989460367628
[25 INFO root] -0.1985965520143509 0.421897292137146 -1.570676844012236
[25 INFO root] -0.1985965073108673 0.42116326093673706 -1.5701051966823754
[25 INFO root] -0.1985960602760315 0.42045435309410095 -1.5694840403207115
[25 INFO root] -0.19859521090984344 0.41976991295814514 -1.5688139137673958
[25 INFO root] -0.19859394431114197 0.41910916566848755 -1.5680956514216524
[25 INFO root] -0.19859226047992706 0.4184710681438446 -1.5673302433774057
[25 INFO root] -0.19859017431735992 0.41785451769828796 -1.566518742049473
[25 INFO root] -0.19858767092227936 0.41725826263427734 -1.565662200948098
[25 INFO root] -0.19858476519584656 0.41668108105659485 -1.564761635535364
[25 INFO root] -0.19858144223690033 0.4161216914653778 -1.563817999081267
[25 INFO root] -0.19857770204544067 0.41557878255844116 -1.5628321685497177
[25 INFO root] -0.19857355952262878 0.41505101323127747 -1.5618050803152186
[25 INFO root] -0.19856898486614227 0.4145370423793793 -1.5607377398534255
[25 INFO root] -0.19856399297714233 0.4140354096889496 -1.5596311703600476
[25 INFO root] -0.19855856895446777 0.41354474425315857 -1.5584863652346599
[25 INFO root] -0.1985527127981186 0.4130637049674988 -1.5573042546242057
[25 INFO root] -0.1985463798046112 0.41259095072746277 -1.5560856836264094
[25 INFO root] -0.1985395848751068 0.41212522983551025 -1.5548313393999467
[25 INFO root] -0.1985323131084442 0.411665678024292 -1.553540816724449
[25 INFO root] -0.19852453470230103 0.41121187806129456 -1.5522126969220313
[25 INFO root] -0.19851626455783844 0.41076356172561646 -1.550844951834399
[25 INFO root] -0.19850748777389526 0.410320520401001 -1.5494352648642757
[25 INFO root] -0.1984981894493103 0.4098825752735138 -1.5479812453245254
[25 INFO root] -0.19848836958408356 0.40944939851760864 -1.5464805692610375
[25 INFO root] -0.19847801327705383 0.4090206027030945 -1.5449310731476944
[25 INFO root] -0.19846707582473755 0.4085957407951355 -1.543330818442204
[25 INFO root] -0.1984555721282959 0.4081740975379944 -1.5416781390844732
[25 INFO root] -0.1984434276819229 0.40775489807128906 -1.5399716799139676
[25 INFO root] -0.1984306275844574 0.4073372185230255 -1.538210425329351
[25 INFO root] -0.19841709733009338 0.4069199860095978 -1.5363937290746315
[25 INFO root] -0.1984027773141861 0.4065019488334656 -1.534521372578951
[25 INFO root] -0.19838760793209076 0.4060817062854767 -1.5325935862221345
[25 INFO root] -0.19837148487567902 0.40565773844718933 -1.5306110580031915
[25 INFO root] -0.1983543038368225 0.4052284061908722 -1.5285749461882916
[25 INFO root] -0.19833596050739288 0.4047918915748596 -1.5264868950475459
[25 INFO root] -0.198316290974617 0.4043463468551636 -1.524349047459472
[25 INFO root] -0.19829517602920532 0.40388986468315125 -1.5221640453309029
[25 INFO root] -0.19827242195606232 0.40342041850090027 -1.5199350049047464
[25 INFO root] -0.19824787974357605 0.40293610095977783 -1.5176654481795926
[25 INFO root] -0.1982213407754898 0.4024350643157959 -1.5153591630184426
[25 INFO root] -0.19819262623786926 0.401915580034256 -1.5130199535399067
[25 INFO root] -0.1981615573167801 0.40137627720832825 -1.510651230127085
[25 INFO root] -0.19812855124473572 0.400826096534729 -1.509431120801371
[25 INFO root] -0.19809523224830627 0.40028268098831177 -1.5116870143530285
[25 INFO root] -0.1980631947517395 0.39974334836006165 -1.5175503314678063
[25 INFO root] -0.19803409278392792 0.39920341968536377 -1.5268907665360874
[25 INFO root] -0.1980092078447342 0.3986485004425049 -1.5396071561058093
[25 INFO root] -0.19799067080020905 0.3980770409107208 -1.5555464852257794
[25 INFO root] -0.19798080623149872 0.39749008417129517 -1.5745397413885094
[25 INFO root] -0.19798193871974945 0.396889328956604 -1.5964094967430376
[25 INFO root] -0.19799630343914032 0.3962770402431488 -1.6209733819199672
[25 INFO root] -0.19802600145339966 0.3956557512283325 -1.6480626793708242
[25 INFO root] -0.1980728954076767 0.39502817392349243 -1.6775642350753155
[25 INFO root] -0.19813872873783112 0.3943965435028076 -1.7093789329287905
[25 INFO root] -0.19822514057159424 0.39376235008239746 -1.7434095797083204
[25 INFO root] -0.19833379983901978 0.39312639832496643 -1.7795592228704307
[25 INFO root] -0.19846634566783905 0.3924894332885742 -1.8177354463015463
[25 INFO root] -0.19862444698810577 0.39185211062431335 -1.857856919414257
[25 INFO root] -0.19881008565425873 0.391213983297348 -1.899851330745332
[25 INFO root] -0.1990257054567337 0.3905738890171051 -1.9436517312027182
[25 INFO root] -0.1992741823196411 0.3899305462837219 -1.9891919073305033
[25 INFO root] -0.19955873489379883 0.38928282260894775 -2.0364024448456743
[25 INFO root] -0.19988290965557098 0.3886301815509796 -2.0852078344336955
[25 INFO root] -0.20025040209293365 0.3879726827144623 -2.135524296163327
[25 INFO root] -0.20066504180431366 0.3873111307621002 -2.1872579237480414
[25 INFO root] -0.201130673289299 0.38664698600769043 -2.240302781120154
[25 INFO root] -0.20165109634399414 0.385982483625412 -2.29453862132937
[25 INFO root] -0.20222994685173035 0.3853205144405365 -2.349827929774318
[25 INFO root] -0.20287065207958221 0.3846646547317505 -2.406012084390438
[25 INFO root] -0.20357638597488403 0.38401898741722107 -2.462906232456481
[25 INFO root] -0.20434989035129547 0.38338813185691833 -2.520292954427501
[25 INFO root] -0.2051934152841568 0.38277721405029297 -2.5779148083138366
[25 INFO root] -0.20610849559307098 0.3821916878223419 -2.635466019398938
[25 INFO root] -0.20709583163261414 0.38163724541664124 -2.6925839325307317
[25 INFO root] -0.20815503597259521 0.38111966848373413 -2.748841375470354
[25 INFO root] -0.20928439497947693 0.3806445896625519 -2.8037417725816938
[25 INFO root] -0.21048061549663544 0.38021719455718994 -2.856719569413058
[25 INFO root] -0.21173860132694244 0.37984177470207214 -2.9071489780724145
[25 INFO root] -0.21305130422115326 0.3795214295387268 -2.9543637588549063
[25 INFO root] -0.21440982818603516 0.37925752997398376 -2.99768923495443
[25 INFO root] -0.21580365300178528 0.37904950976371765 -3.0364848637493815
[25 INFO root] -0.2172212153673172 0.3788944482803345 -3.070192081534791
[25 INFO root] -0.21865074336528778 0.3787873685359955 -3.098379230508938
[25 INFO root] -0.22008106112480164 0.3787214756011963 -3.1207747873919858
[25 INFO root] -0.22150257229804993 0.3786886930465698 -3.13728256565136
[25 INFO root] -0.22290776669979095 0.3786802887916565 3.1352081994405707
[25 INFO root] -0.2242916226387024 0.37868762016296387 3.1301026128917155
[25 INFO root] -0.22565151751041412 0.3787025213241577 3.1302434737497196
[25 INFO root] -0.22698694467544556 0.37871772050857544 3.1352054421289517
[25 INFO root] -0.2282990664243698 0.3787267506122589 -3.1386712003622628
[25 INFO root] -0.22959011793136597 0.37872418761253357 -3.1255105971630943
[25 INFO root] -0.23086297512054443 0.3787054121494293 -3.108990824689058
[25 INFO root] -0.23212063312530518 0.3786665201187134 -3.0895866322235186
[25 INFO root] -0.2333659827709198 0.37860411405563354 -3.067744170721742
[25 INFO root] -0.23459771275520325 0.37851572036743164 -3.044365184216181
[25 INFO root] -0.2358132153749466 0.378400057554245 -3.02032649765968
[25 INFO root] -0.23701424896717072 0.3782566487789154 -2.9958121964816655
[25 INFO root] -0.23820258677005768 0.3780851662158966 -2.970912691423889
[25 INFO root] -0.23937951028347015 0.3778853714466095 -2.94572141920608
[25 INFO root] -0.24054580926895142 0.377657026052475 -2.920338974961962
[25 INFO root] -0.24170620739459991 0.3773990869522095 -2.89489765700105
[25 INFO root] -0.24287563562393188 0.377107709646225 -2.8696202507085595
[25 INFO root] -0.24405357241630554 0.3767823874950409 -2.844669936288658
[25 INFO root] -0.24523727595806122 0.3764233887195587 -2.820200933752326
[25 INFO root] -0.24642375111579895 0.3760315775871277 -2.7963620279104333
[25 INFO root] -0.24760983884334564 0.3756081759929657 -2.7732937800241193
[25 INFO root] -0.24879223108291626 0.3751550018787384 -2.751126267990212
[25 INFO root] -0.24996766448020935 0.3746742308139801 -2.729977275415425
[25 INFO root] -0.25113290548324585 0.3741684854030609 -2.7099509850001007
[25 INFO root] -0.2522849142551422 0.37364062666893005 -2.691137197220811
[25 INFO root] -0.25342094898223877 0.3730939030647278 -2.67361106016975
[25 INFO root] -0.2545384466648102 0.372531533241272 -2.657433265355901
[25 INFO root] -0.2556353211402893 0.3719569742679596 -2.6426506404491463
[25 INFO root] -0.2566677927970886 0.37139642238616943 -2.6289786963797854
[25 INFO root] -0.25761741399765015 0.37086382508277893 -2.616162086267016
[25 INFO root] -0.25849196314811707 0.3703583776950836 -2.6040927726300405
[25 INFO root] -0.2593006193637848 0.36987778544425964 -2.592694983333479
[25 INFO root] -0.26005110144615173 0.36942005157470703 -2.5819087331081523
[25 INFO root] -0.26074984669685364 0.3689833879470825 -2.571685891222509
[25 INFO root] -0.26140227913856506 0.36856627464294434 -2.561987044156025
[25 INFO root] -0.26201289892196655 0.3681674599647522 -2.5527791499644397
[25 INFO root] -0.2625855803489685 0.367785781621933 -2.5440337466684784
[25 INFO root] -0.26312366127967834 0.36742034554481506 -2.5357255638650997
[25 INFO root] -0.26362988352775574 0.3670702576637268 -2.527831438960335
[25 INFO root] -0.26410678029060364 0.36673489212989807 -2.5203294690878675
[25 INFO root] -0.2645564079284668 0.36641356348991394 -2.513198351871972
[25 INFO root] -0.2649807035923004 0.36610573530197144 -2.5064168861647116
[25 INFO root] -0.2653873562812805 0.3658064305782318 -2.499601684500018
[25 INFO root] -0.26578184962272644 0.3655119240283966 -2.4924532681389535
[25 INFO root] -0.266164630651474 0.36522188782691956 -2.48492765522029
[25 INFO root] -0.26653578877449036 0.3649362623691559 -2.477006554397304
[25 INFO root] -0.2668953537940979 0.3646550178527832 -2.4686718041411155
[25 INFO root] -0.26724353432655334 0.3643780052661896 -2.459905901422342
[25 INFO root] -0.26758062839508057 0.3641049563884735 -2.450692558571269
[25 INFO root] -0.26792261004447937 0.36382272839546204 -2.4413605479292917
[25 INFO root] -0.26827529072761536 0.3635260760784149 -2.432033195477754
[25 INFO root] -0.26863646507263184 0.36321645975112915 -2.4226591197096132
[25 INFO root] -0.2690039575099945 0.3628954291343689 -2.413182629248263
[25 INFO root] -0.26937633752822876 0.3625638782978058 -2.4035628007479586
[25 INFO root] -0.2697528004646301 0.3622221350669861 -2.393771666234182
[25 INFO root] -0.2701329290866852 0.36187025904655457 -2.383792102728363
[25 INFO root] -0.27051666378974915 0.3615078330039978 -2.3736158401471843
[25 INFO root] -0.27090415358543396 0.3611343801021576 -2.363241573044884
[25 INFO root] -0.27129554748535156 0.360749214887619 -2.3526731782443515
[25 INFO root] -0.27169108390808105 0.36035171151161194 -2.341918065723213
[25 INFO root] -0.2720909118652344 0.35994118452072144 -2.330985703471269
[25 INFO root] -0.2724950909614563 0.35951700806617737 -2.3198863569669794
[25 INFO root] -0.2729035019874573 0.3590787649154663 -2.308630073673004
[25 INFO root] -0.27331599593162537 0.3586260676383972 -2.2972259273239666
[25 INFO root] -0.27373218536376953 0.358158677816391 -2.28568151985372
[25 INFO root] -0.27415165305137634 0.35767656564712524 -2.274002723798821
[25 INFO root] -0.27457383275032043 0.3571797311306 -2.262193636810513
[25 INFO root] -0.2749980688095093 0.3566684126853943 -2.25025671303415
[25 INFO root] -0.2754236161708832 0.3561428189277649 -2.238193033505071
[25 INFO root] -0.27584975957870483 0.3556033968925476 -2.226002678529943
[25 INFO root] -0.2762756645679474 0.35505053400993347 -2.2136847177440653
[25 INFO root] -0.2767004370689392 0.354484885931015 -2.201234791115518
[25 INFO root] -0.2771230638027191 0.3539072573184967 -2.188646098859536
[25 INFO root] -0.2775425910949707 0.3533184826374054 -2.1759113959118883
[25 INFO root] -0.2779580354690552 0.3527194857597351 -2.1630246349841573
[25 INFO root] -0.2783684730529785 0.3521111011505127 -2.149982163927004
[25 INFO root] -0.27877306938171387 0.3514941930770874 -2.136783579553518
[25 INFO root] -0.2791711390018463 0.35086944699287415 -2.123432328936585
[25 INFO root] -0.2795620262622833 0.35023757815361023 -2.1099361273405464
[25 INFO root] -0.27994510531425476 0.349599152803421 -2.0963072938826333
[25 INFO root] -0.28032004833221436 0.3489546477794647 -2.0825647069811106
[25 INFO root] -0.28068652749061584 0.34830427169799805 -2.0687377501759014
[25 INFO root] -0.28104445338249207 0.3476480543613434 -2.054862475968667
[25 INFO root] -0.2813936769962311 0.3469860851764679 -2.0409780367897614
[25 INFO root] -0.2817341089248657 0.34631848335266113 -2.027126259462207
[25 INFO root] -0.28206562995910645 0.3456454873085022 -2.013351792792544
[25 INFO root] -0.28239139914512634 0.344960480928421 -1.999903912196306
[25 INFO root] -0.2827163338661194 0.3442527949810028 -1.9871580664456954
[25 INFO root] -0.2830405831336975 0.34352198243141174 -1.975190479105103
[25 INFO root] -0.283363938331604 0.3427688777446747 -1.9640432158207564
[25 INFO root] -0.2836862802505493 0.3419942557811737 -1.9537595384519746
[25 INFO root] -0.2840076684951782 0.3411988615989685 -1.94438284048134
[25 INFO root] -0.2843281626701355 0.3403834402561188 -1.93595532335368
[25 INFO root] -0.28464803099632263 0.33954885601997375 -1.9285166530592603
[25 INFO root] -0.2849676012992859 0.33869582414627075 -1.9221026168072035
[25 INFO root] -0.2852872908115387 0.3378252387046814 -1.9167438116331141
[25 INFO root] -0.2856076657772064 0.33693790435791016 -1.9124644102934145
[25 INFO root] -0.28592929244041443 0.3360346853733063 -1.9092810421045956
[25 INFO root] -0.28625285625457764 0.335116446018219 -1.9072018663551449
[25 INFO root] -0.28657910227775574 0.33418408036231995 -1.9062259119571971
[25 INFO root] -0.28690803050994873 0.3332408666610718 -1.906139346840462
[25 INFO root] -0.28723713755607605 0.33229658007621765 -1.906139346840462
[25 INFO root] -0.287566214799881 0.3313522934913635 -1.906139346840462
[25 INFO root] -0.2878953218460083 0.330407977104187 -1.906139346840462
[25 INFO root] -0.28822439908981323 0.3294636905193329 -1.906139346840462
[25 INFO root] -0.28855350613594055 0.32851937413215637 -1.906139346840462
[25 INFO root] -0.2888825833797455 0.32757508754730225 -1.906139346840462
[25 INFO root] -0.2892116904258728 0.3266308009624481 -1.906139346840462
[25 INFO root] -0.28954076766967773 0.3256864845752716 -1.906139346840462
[25 INFO root] -0.28986987471580505 0.3247421979904175 -1.906139346840462
[25 INFO root] -0.29019895195961 0.32379791140556335 -1.906139346840462
[25 INFO root] -0.2905280590057373 0.32285359501838684 -1.906139346840462
[25 INFO root] -0.29085713624954224 0.3219093084335327 -1.906139346840462
[25 INFO root] -0.29118624329566956 0.3209650218486786 -1.906139346840462
[25 INFO root] -0.2915153205394745 0.3200207054615021 -1.906139346840462
[25 INFO root] -0.2918444275856018 0.31907641887664795 -1.906139346840462
[25 INFO root] -0.2921735346317291 0.31813210248947144 -1.906139346840462
[25 INFO root] -0.29250261187553406 0.3171878159046173 -1.906139346840462
[25 INFO root] -0.2928317189216614 0.3162435293197632 -1.906139346840462
[25 INFO root] -0.2931607961654663 0.31529921293258667 -1.906139346840462
[25 INFO root] -0.29348990321159363 0.31435492634773254 -1.906139346840462
[25 INFO root] -0.29381898045539856 0.3134106397628784 -1.906139346840462
[25 INFO root] -0.2941480875015259 0.3124663233757019 -1.906139346840462
[25 INFO root] -0.2944771647453308 0.3115220367908478 -1.906139346840462
[25 INFO root] -0.29480627179145813 0.31057775020599365 -1.906139346840462
[25 INFO root] -0.29513534903526306 0.30963343381881714 -1.906139346840462
[25 INFO root] -0.2954595685005188 0.30870312452316284 -1.9060790051572118
[25 INFO root] -0.29577818512916565 0.3077887296676636 -1.9059443153285633
[25 INFO root] -0.29609185457229614 0.3068881630897522 -1.905738902167646
[25 INFO root] -0.2964012920856476 0.30599918961524963 -1.9054677216799878
[25 INFO root] -0.2967070937156677 0.30511990189552307 -1.9051356044453167
[25 INFO root] -0.29700982570648193 0.30424854159355164 -1.9047472463166548
[25 INFO root] -0.2973093092441559 0.3033854365348816 -1.90429767933051
[25 INFO root] -0.29760515689849854 0.3025316298007965 -1.9037774864121944
[25 INFO root] -0.29789701104164124 0.30168795585632324 -1.9031779855862958
[25 INFO root] -0.2981846034526825 0.30085489153862 -1.9024920848807716
[25 INFO root] -0.29846787452697754 0.3000326156616211 -1.9017141544303542
[25 INFO root] -0.2987467646598816 0.29922106862068176 -1.9008398326944091
[25 INFO root] -0.29902124404907227 0.2984200417995453 -1.8998658509506774
[25 INFO root] -0.2992914319038391 0.29762911796569824 -1.8987898828734562
[25 INFO root] -0.2995573878288269 0.2968478798866272 -1.8976104176218789
[25 INFO root] -0.2998192310333252 0.296075701713562 -1.896326653319312
[25 INFO root] -0.3000771105289459 0.29531198740005493 -1.8949384078496627
[25 INFO root] -0.3003312051296234 0.2945561110973358 -1.8934460442337733
[25 INFO root] -0.3005816340446472 0.29380738735198975 -1.8918504082390701
[25 INFO root] -0.30082863569259644 0.2930651307106018 -1.8901527762550565
[25 INFO root] -0.30107229948043823 0.2923286259174347 -1.888354811807264
[25 INFO root] -0.3013128638267517 0.2915971875190735 -1.8864585293710532
[25 INFO root] -0.3015504777431488 0.29087013006210327 -1.8844662643808194
[25 INFO root] -0.30178526043891907 0.29014676809310913 -1.882380648512359
[25 INFO root] -0.3020174205303192 0.28942644596099854 -1.8802045894500223
[25 INFO root] -0.3022471070289612 0.28870850801467896 -1.8779412544423277
[25 INFO root] -0.3024744391441345 0.28799235820770264 -1.875594091549407
[25 INFO root] -0.30269956588745117 0.28727737069129944 -1.8731665984836339
[25 INFO root] -0.3029225766658783 0.28656306862831116 -1.8706620084146846
[25 INFO root] -0.30314356088638306 0.2858489453792572 -1.868083293724481
[25 INFO root] -0.3033626079559326 0.2851346433162689 -1.8654332873579638
[25 INFO root] -0.30357974767684937 0.2844197452068329 -1.8627148113508565
[25 INFO root] -0.30379506945610046 0.28370389342308044 -1.8599307855884375
[25 INFO root] -0.3040086328983307 0.28298676013946533 -1.8570843267745814
[25 INFO root] -0.30422043800354004 0.2822679579257965 -1.8541788415119556
[25 INFO root] -0.3044305741786957 0.2815471589565277 -1.8512181105030108
[25 INFO root] -0.3046391010284424 0.2808240056037903 -1.8482063599851346
[25 INFO root] -0.30484604835510254 0.2800980806350708 -1.845148316769473
[25 INFO root] -0.3050514757633209 0.279369056224823 -1.8420492446592676
[25 INFO root] -0.3052554428577423 0.27863645553588867 -1.8389149620781933
[25 INFO root] -0.3054579794406891 0.27790015935897827 -1.8357488375758058
[25 INFO root] -0.3056589961051941 0.27716025710105896 -1.8325503314121454
[25 INFO root] -0.3058583438396454 0.276417076587677 -1.8293157228494714
[25 INFO root] -0.30605587363243103 0.2756710946559906 -1.8260392807921157
[25 INFO root] -0.3062519431114197 0.27492061257362366 -1.822985574385153
[25 INFO root] -0.30645042657852173 0.2741513252258301 -1.8220301419249885
[25 INFO root] -0.30665236711502075 0.27336475253105164 -1.8231871673771372
[25 INFO root] -0.3068588376045227 0.2725638449192047 -1.8262371270549151
[25 INFO root] -0.3070708215236664 0.2717510759830475 -1.8309722462363507
[25 INFO root] -0.3072894513607025 0.2709282636642456 -1.8371985406144857
[25 INFO root] -0.3075157701969147 0.27009692788124084 -1.8447354337733874
[25 INFO root] -0.30775076150894165 0.26925820112228394 -1.8534153371547053
[25 INFO root] -0.30799540877342224 0.2684130072593689 -1.863083184493877
[25 INFO root] -0.3082505762577057 0.2675620913505554 -1.8735958939004356
[25 INFO root] -0.3085170388221741 0.26670604944229126 -1.8848217427104301
[25 INFO root] -0.3087955117225647 0.26584532856941223 -1.8966396581136131
[25 INFO root] -0.3090866506099701 0.26498034596443176 -1.9089384428247569
[25 INFO root] -0.30939099192619324 0.2641114592552185 -1.9216159677563749
[25 INFO root] -0.30970901250839233 0.2632390558719635 -1.9345783739824587
[25 INFO root] -0.31004104018211365 0.26236358284950256 -1.9477393315363607
[25 INFO root] -0.3103873133659363 0.2614855170249939 -1.961019400469323
[25 INFO root] -0.3107479512691498 0.26060545444488525 -1.974345582552493
[25 INFO root] -0.311123251914978 0.2597232758998871 -1.9877067052334516
[25 INFO root] -0.3115134835243225 0.258838951587677 -2.001098463597225
[25 INFO root] -0.31191882491111755 0.2579527199268341 -2.0145082386272146
[25 INFO root] -0.31233924627304077 0.25706517696380615 -2.027915987469516
[25 INFO root] -0.31277456879615784 0.25617715716362 -2.0412964836316028
[25 INFO root] -0.3132244646549225 0.25528964400291443 -2.054621391651742
[25 INFO root] -0.31368839740753174 0.25440388917922974 -2.0678611079522105
[25 INFO root] -0.31416574120521545 0.25352123379707336 -2.080986344137183
[25 INFO root] -0.3146556317806244 0.2526431083679199 -2.0939694315022623
[25 INFO root] -0.3151572048664093 0.25177091360092163 -2.1067853338797295
[25 INFO root] -0.31566891074180603 0.25090691447257996 -2.119369066546177
[25 INFO root] -0.3161886930465698 0.2500540018081665 -2.131629958383993
[25 INFO root] -0.31671440601348877 0.24921469390392303 -2.1434903116116395
[25 INFO root] -0.3172440230846405 0.24839113652706146 -2.1548939407737913
[25 INFO root] -0.3177756369113922 0.24758489429950714 -2.165805842325487
[25 INFO root] -0.3183076083660126 0.24679706990718842 -2.1762104450329534
[25 INFO root] -0.31883853673934937 0.24602824449539185 -2.1861093527668856
[25 INFO root] -0.31936725974082947 0.24527861177921295 -2.195518897190806
[25 INFO root] -0.3198930323123932 0.2445479929447174 -2.204467726519073
[25 INFO root] -0.3204152584075928 0.24383589625358582 -2.2129945858956597
[25 INFO root] -0.32093366980552673 0.2431415468454361 -2.2211463607288375
[25 INFO root] -0.3214482367038727 0.24246396124362946 -2.228976388955514
[25 INFO root] -0.3219592273235321 0.24180200695991516 -2.236543034403494
[25 INFO root] -0.32246699929237366 0.24115441739559174 -2.243908495470135
[25 INFO root] -0.32297220826148987 0.24051983654499054 -2.251137806214163
[25 INFO root] -0.32347559928894043 0.23989683389663696 -2.2582979772776173
[25 INFO root] -0.32397809624671936 0.23928400874137878 -2.2654572209624053
[25 INFO root] -0.32448068261146545 0.238679900765419 -2.2726842065974844
[25 INFO root] -0.32498449087142944 0.23808316886425018 -2.2800472980141864
[25 INFO root] -0.32549068331718445 0.23749247193336487 -2.287613734043407
[25 INFO root] -0.326000452041626 0.23690661787986755 -2.2954487253916445
[25 INFO root] -0.32651498913764954 0.23632453382015228 -2.3036144571282606
[25 INFO root] -0.32703542709350586 0.23574532568454742 -2.312169005235567
[25 INFO root] -0.3275628387928009 0.23516830801963806 -2.3211651973124683
[25 INFO root] -0.3280981481075287 0.23459306359291077 -2.3306494717252497
[25 INFO root] -0.3286421597003937 0.2340194582939148 -2.3406608110935254
[25 INFO root] -0.32919538021087646 0.23344765603542328 -2.351229841054932
[25 INFO root] -0.32975807785987854 0.23287814855575562 -2.362378190810185
[25 INFO root] -0.3303302526473999 0.23231174051761627 -2.3741182042065647
[25 INFO root] -0.3309116065502167 0.2317495495080948 -2.386453067061189
[25 INFO root] -0.33150145411491394 0.23119299113750458 -2.399377380046297
[25 INFO root] -0.3320988714694977 0.230643630027771 -2.412878161194919
[25 INFO root] -0.3327026665210724 0.23010322451591492 -2.4269362152022573
[25 INFO root] -0.3333113193511963 0.22957360744476318 -2.44152776674298
[25 INFO root] -0.3339232802391052 0.22905653715133667 -2.4566262293142986
[25 INFO root] -0.3345368504524231 0.22855377197265625 -2.4722039714102966
[25 INFO root] -0.33515024185180664 0.2280668318271637 -2.4882339546622645
[25 INFO root] -0.33576181530952454 0.22759708762168884 -2.504691148135776
[25 INFO root] -0.33636876940727234 0.22714652121067047 -2.5215641620619236
[25 INFO root] -0.33696645498275757 0.2267182469367981 -2.5390420130897287
[25 INFO root] -0.33753299713134766 0.22632695734500885 -2.5604059360501634
[25 INFO root] -0.3380741477012634 0.22596976161003113 -2.5858086507772384
[25 INFO root] -0.33859896659851074 0.2256418615579605 -2.615017984504865
[25 INFO root] -0.3391159474849701 0.22533924877643585 -2.6478233791422348
[25 INFO root] -0.33963295817375183 0.22505876421928406 -2.6840330863641433
[25 INFO root] -0.34015727043151855 0.22479820251464844 -2.7234687448114796
[25 INFO root] -0.34069594740867615 0.2245563417673111 -2.7659602794106135
[25 INFO root] -0.3412555754184723 0.22433294355869293 -2.8113409937432086
[25 INFO root] -0.34184250235557556 0.2241288423538208 -2.8594426943262876
[25 INFO root] -0.34246259927749634 0.2239459604024887 -2.9100907553669626
[25 INFO root] -0.34312134981155396 0.2237873077392578 -2.9630993012827074
[25 INFO root] -0.34382355213165283 0.22365695238113403 -3.0182665350359135
[25 INFO root] -0.3445731997489929 0.22356003522872925 -3.0753703290474697
[25 INFO root] -0.345373272895813 0.22350263595581055 -3.1341643052935235
[25 INFO root] -0.34622544050216675 0.22349156439304352 3.0888106005257225
[25 INFO root] -0.3471299707889557 0.22353418171405792 3.027486899093344
[25 INFO root] -0.34808528423309326 0.22363804280757904 2.9653828836776084
[25 INFO root] -0.34908807277679443 0.22381049394607544 2.9028600876150548
[25 INFO root] -0.3501330316066742 0.22405822575092316 2.840305263091589
[25 INFO root] -0.3512129485607147 0.22438673675060272 2.778124990071466
[25 INFO root] -0.35231897234916687 0.22479990124702454 2.716738375705237
[25 INFO root] -0.35344094038009644 0.22529949247837067 2.6565682149369922
[25 INFO root] -0.3545677363872528 0.22588494420051575 2.598031133937144
[25 INFO root] -0.3556879162788391 0.22655314207077026 2.54152734883138
[25 INFO root] -0.3567902743816376 0.22729848325252533 2.487431127459089
[25 INFO root] -0.3577956259250641 0.2280602753162384 2.4383985428893946
[25 INFO root] -0.35868367552757263 0.2288050800561905 2.3950044280192366
[25 INFO root] -0.3594619035720825 0.2295183539390564 2.3570256073767712
[25 INFO root] -0.36014166474342346 0.23019136488437653 2.3241966221110664
[25 INFO root] -0.3607347309589386 0.23081910610198975 2.2962853392925004
[25 INFO root] -0.36125248670578003 0.23139935731887817 2.2730980780546473
[25 INFO root] -0.3617055118083954 0.23193195462226868 2.2544777577423853
[25 INFO root] -0.36210334300994873 0.23241817951202393 2.240297213044086
[25 INFO root] -0.36245444416999817 0.23286035656929016 2.230449010592869
[25 INFO root] -0.362766295671463 0.2332615703344345 2.224832946398326
[25 INFO root] -0.3630456030368805 0.23362545669078827 2.2233423010440982
[25 INFO root] -0.36329832673072815 0.23395603895187378 2.2258495601526858
[25 INFO root] -0.36352798342704773 0.23425517976284027 2.2321706023518693
[25 INFO root] -0.36373773217201233 0.23452505469322205 2.242075853082001
[25 INFO root] -0.3639307916164398 0.23476862907409668 2.2553026043527185
[25 INFO root] -0.3641092777252197 0.23498795926570892 2.271541967035975
[25 INFO root] -0.36427393555641174 0.23518386483192444 2.290450407006309
[25 INFO root] -0.3644293546676636 0.23536191880702972 2.3109965202780627
[25 INFO root] -0.3645772933959961 0.23552456498146057 2.3326783264899786
[25 INFO root] -0.36471790075302124 0.23567263782024384 2.35540760082723
[25 INFO root] -0.36485230922698975 0.23580791056156158 2.379122698350735
[25 INFO root] -0.36498281359672546 0.23593318462371826 2.4037442387678642
[25 INFO root] -0.3651126027107239 0.2360517978668213 2.4291712328707185
[25 INFO root] -0.36524567008018494 0.2361673265695572 2.4552795138079135
[25 INFO root] -0.36538639664649963 0.23628319799900055 2.481922661692072
[25 INFO root] -0.3655393719673157 0.2364024519920349 2.5089352603255857
[25 INFO root] -0.36570897698402405 0.2365274727344513 2.5361381387427113
[25 INFO root] -0.3658992350101471 0.23665983974933624 2.5633452522523625
[25 INFO root] -0.3661133348941803 0.23680034279823303 2.590370316042013
[25 INFO root] -0.3663536608219147 0.2369489222764969 2.617032892414858
[25 INFO root] -0.36662164330482483 0.2371048629283905 2.6431635963159654
[25 INFO root] -0.36691761016845703 0.2372668832540512 2.6686080705495243
[25 INFO root] -0.3672410249710083 0.23743334412574768 2.693229588165345
[25 INFO root] -0.36759045720100403 0.23760244250297546 2.716910349074889
[25 INFO root] -0.3679668605327606 0.23777367174625397 2.7394398305878207
[25 INFO root] -0.3683789372444153 0.23794995248317719 2.7602890815083465
[25 INFO root] -0.36882179975509644 0.23812851309776306 2.779363964403324
[25 INFO root] -0.36928901076316833 0.23830655217170715 2.7966456208689485
[25 INFO root] -0.36980944871902466 0.23849447071552277 2.8125796396023794
[25 INFO root] -0.3703991174697876 0.23869673907756805 2.8288452601374936
[25 INFO root] -0.3710552453994751 0.2389099895954132 2.845472847264087
[25 INFO root] -0.371772825717926 0.23913010954856873 2.8622252653885596
[25 INFO root] -0.37254589796066284 0.239353209733963 2.8786834830765238
[25 INFO root] -0.3733691871166229 0.23957616090774536 2.8946295254284973
[25 INFO root] -0.37423744797706604 0.2397964745759964 2.909881991089219
[25 INFO root] -0.3751456141471863 0.24001216888427734 2.9242751896209906
[25 INFO root] -0.3760888874530792 0.24022182822227478 2.937661107774751
[25 INFO root] -0.37706267833709717 0.24042454361915588 2.949910962488176
[25 INFO root] -0.37806272506713867 0.24061985313892365 2.9609163766789925
[25 INFO root] -0.3790852129459381 0.24080777168273926 2.970590207517158
[25 INFO root] -0.3801267147064209 0.24098865687847137 2.9788670809983033
[25 INFO root] -0.38118427991867065 0.24116317927837372 2.985703701592943
[25 INFO root] -0.3822554349899292 0.2413322627544403 2.9910790130590215
[25 INFO root] -0.3833380937576294 0.24149705469608307 2.9949942852143234
[25 INFO root] -0.38443073630332947 0.24165882170200348 2.9974731888877457
[25 INFO root] -0.3855321705341339 0.24181893467903137 2.998561899789006
[25 INFO root] -0.38664159178733826 0.24197883903980255 2.9983292446642977
[25 INFO root] -0.38775211572647095 0.24213899672031403 2.9972586350036363
[25 INFO root] -0.3888629376888275 0.24230033159255981 2.995569748524925
[25 INFO root] -0.38997527956962585 0.24246373772621155 2.9933974176663907
[25 INFO root] -0.3910903036594391 0.24262996017932892 2.990878541244596
[25 INFO root] -0.39220917224884033 0.2427995800971985 2.988160562381037
[25 INFO root] -0.3933328092098236 0.24297302961349487 2.985403638751912
[25 INFO root] -0.39446207880973816 0.24315054714679718 2.9827917526233296
[25 INFO root] -0.39559775590896606 0.2433321326971054 2.980521689471025
[25 INFO root] -0.3967403769493103 0.24351751804351807 2.978795438300962
[25 INFO root] -0.3978903293609619 0.24370619654655457 2.9778159833426803
[25 INFO root] -0.3990478813648224 0.24389736354351044 2.977783393720043
[25 INFO root] -0.40021321177482605 0.2440899759531021 2.978890732174976
[25 INFO root] -0.40138664841651917 0.24428273737430573 2.9813969393684756
[25 INFO root] -0.4025687277317047 0.24447403848171234 2.985589686253535
[25 INFO root] -0.40376004576683044 0.24466191232204437 2.9917354679975805
[25 INFO root] -0.4049614667892456 0.24484406411647797 3.000054781811933
[25 INFO root] -0.40617308020591736 0.24501773715019226 3.0101639098637936
[25 INFO root] -0.4073929786682129 0.24518024921417236 3.0204360813102338
[25 INFO root] -0.40861427783966064 0.24533021450042725 3.0311023688664003
[25 INFO root] -0.40983685851097107 0.2454671710729599 3.042200596239706
[25 INFO root] -0.4110616445541382 0.2455906718969345 3.0537019730646255
[25 INFO root] -0.41228926181793213 0.24570026993751526 3.0655753904083696
[25 INFO root] -0.4135201573371887 0.24579548835754395 3.0777916415506974
[25 INFO root] -0.41475439071655273 0.24587586522102356 3.0903257034972493
[25 INFO root] -0.41599175333976746 0.2459409087896347 3.103159052042795
[25 INFO root] -0.4172317683696747 0.24599017202854156 3.1162818212585326
[25 INFO root] -0.41847366094589233 0.2460232377052307 3.1296945820004534
[25 INFO root] -0.419716477394104 0.24603970348834991 -3.139775808128085
[25 INFO root] -0.4209589958190918 0.24603915214538574 -3.125734762604545
[25 INFO root] -0.42219993472099304 0.24602121114730835 -3.1113325737706106
[25 INFO root] -0.4234379231929779 0.24598552286624908 -3.0965249686266936
[25 INFO root] -0.4246715307235718 0.2459317296743393 -3.08126121618817
[25 INFO root] -0.4258994460105896 0.24585944414138794 -3.065487751688059
[25 INFO root] -0.4271204471588135 0.24576827883720398 -3.0491523043912787
[25 INFO root] -0.4283334016799927 0.24565784633159637 -3.0322081431883734
[25 INFO root] -0.42953744530677795 0.24552768468856812 -3.014618049456541
[25 INFO root] -0.430731862783432 0.2453773468732834 -2.996357680933002
[25 INFO root] -0.43191617727279663 0.24520635604858398 -2.9774180896402482
[25 INFO root] -0.4330900013446808 0.24501419067382812 -2.9578072784807605
[25 INFO root] -0.43425312638282776 0.24480034410953522 -2.937550800769209
[25 INFO root] -0.435405433177948 0.24456435441970825 -2.9166915055777705
[25 INFO root] -0.43654677271842957 0.2443057745695114 -2.895288598759593
[25 INFO root] -0.4376770257949829 0.24402418732643127 -2.873416222866151
[25 INFO root] -0.4387960433959961 0.24371933937072754 -2.8511617630812163
[25 INFO root] -0.43990349769592285 0.2433910220861435 -2.8286240680562025
[25 INFO root] -0.44099897146224976 0.24303926527500153 -2.8059117202864
[25 INFO root] -0.4420819878578186 0.24266417324543 -2.783139592940589
[25 INFO root] -0.4431518614292145 0.24226614832878113 -2.7604270568612583
[25 INFO root] -0.4442077875137329 0.2418457716703415 -2.737897172869322
[25 INFO root] -0.4452487826347351 0.24140387773513794 -2.7156681913967846
[25 INFO root] -0.44627392292022705 0.24094153940677643 -2.693850193510493
[25 INFO root] -0.44728225469589233 0.24045997858047485 -2.6725438197318767
[25 INFO root] -0.44827285408973694 0.23996064066886902 -2.6518394847046376
[25 INFO root] -0.4492449164390564 0.2394450604915619 -2.6318169282471806
[25 INFO root] -0.4501977860927582 0.2389148771762848 -2.612545098701303
[25 INFO root] -0.4511308968067169 0.23837177455425262 -2.5940823482001254
[25 INFO root] -0.45204389095306396 0.2378174513578415 -2.5764769012596638
[25 INFO root] -0.4529366195201874 0.2372536063194275 -2.5597675444699477
[25 INFO root] -0.4538212716579437 0.23667380213737488 -2.5440240502043707
[25 INFO root] -0.45469897985458374 0.23607847094535828 -2.529301321204896
[25 INFO root] -0.45554178953170776 0.23548845946788788 -2.5154630371197166
[25 INFO root] -0.4563349187374115 0.2349165976047516 -2.5023813141758544
[25 INFO root] -0.457083135843277 0.23436203598976135 -2.4900303231372725
[25 INFO root] -0.45779234170913696 0.23382258415222168 -2.4783980648598973
[25 INFO root] -0.458467572927475 0.23329639434814453 -2.467473899933174
[25 INFO root] -0.4591130316257477 0.23278185725212097 -2.4572477350800566
[25 INFO root] -0.45973241329193115 0.23227760195732117 -2.4477098137048783
[25 INFO root] -0.4603288471698761 0.2317824363708496 -2.438850669011246
[25 INFO root] -0.46090516448020935 0.23129521310329437 -2.430660629347383
[25 INFO root] -0.4614637792110443 0.23081494867801666 -2.4231291688601737
[25 INFO root] -0.46200695633888245 0.23034076392650604 -2.4162442758621707
[25 INFO root] -0.46253660321235657 0.22987185418605804 -2.409991886330862
[25 INFO root] -0.46305444836616516 0.22940751910209656 -2.4043554162731477
[25 INFO root] -0.46356210112571716 0.22894708812236786 -2.3993154321787236
[25 INFO root] -0.4640609323978424 0.2284899801015854 -2.3948495025405974
[25 INFO root] -0.4645528197288513 0.22803513705730438 -2.390836282360071
[25 INFO root] -0.46504178643226624 0.22757931053638458 -2.386768896355213
[25 INFO root] -0.4655284583568573 0.22712187469005585 -2.382593388117176
[25 INFO root] -0.4660130739212036 0.22666259109973907 -2.378308701264801
[25 INFO root] -0.4664956331253052 0.22620129585266113 -2.373912460860211
[25 INFO root] -0.46697619557380676 0.22573788464069366 -2.369400894064158
[25 INFO root] -0.467459499835968 0.22526760399341583 -2.36485786433203
[25 INFO root] -0.4679466784000397 0.22478923201560974 -2.360305800804138
