[33 INFO root] Initialising Python Geth Console...
[33 INFO root] Initialising RandB board...
[33 INFO root] Initialising resource sensor...
[33 INFO root] Initialising random-walk...
[33 INFO root] Initialising navigation...
[33 INFO root] Initialising Odo...
[33 INFO root] Initialising odometry...
[33 INFO root] Initialising gps...
[33 INFO root] Initialising Ground sensor...
[33 INFO root] --//-- Starting Experiment --//--
[33 INFO root] x y direction
[33 INFO root] 0.1421319991350174 0.3547559976577759 -1.820605302632845
[33 INFO root] 0.1418199986219406 0.3535331189632416 -1.7503831150691525
[33 INFO root] 0.14148828387260437 0.35177236795425415 -1.677283319092458
[33 INFO root] 0.1412746161222458 0.3498973846435547 -1.6108091524814805
[33 INFO root] 0.141184002161026 0.34794867038726807 -1.5510562731282718
[33 INFO root] 0.14121147990226746 0.3459644913673401 -1.4978125187912128
[33 INFO root] 0.14134617149829865 0.34397709369659424 -1.4507177508354185
[33 INFO root] 0.14157384634017944 0.34201186895370483 -1.4093173767162375
[33 INFO root] 0.14187897741794586 0.3400878608226776 -1.3731107595576693
[33 INFO root] 0.14224624633789062 0.3382183909416199 -1.3415892532555365
[33 INFO root] 0.142661452293396 0.3364124298095703 -1.314262480707215
[33 INFO root] 0.14311188459396362 0.33467531204223633 -1.2906741241699078
[33 INFO root] 0.14358660578727722 0.3330099880695343 -1.2704096336917123
[33 INFO root] 0.14407625794410706 0.33141741156578064 -1.2530983712595836
[33 INFO root] 0.14457306265830994 0.32989737391471863 -1.2384123083978351
[33 INFO root] 0.1450706422328949 0.3284487724304199 -1.2260628430894547
[33 INFO root] 0.1455637514591217 0.3270699083805084 -1.2157967885182308
[33 INFO root] 0.14604824781417847 0.3257586359977722 -1.2073921829533751
[33 INFO root] 0.14652085304260254 0.32451263070106506 -1.2006542845836379
[33 INFO root] 0.14697904884815216 0.3233293294906616 -1.195411928031897
[33 INFO root] 0.1474209874868393 0.322206050157547 -1.191514305092372
[33 INFO root] 0.14784535765647888 0.3211400508880615 -1.1888281679101338
[33 INFO root] 0.14825133979320526 0.32012856006622314 -1.1872354205648636
[33 INFO root] 0.14863848686218262 0.31916874647140503 -1.186631052194591
[33 INFO root] 0.14901432394981384 0.31823888421058655 -1.1865803954246257
[33 INFO root] 0.1493891477584839 0.31731176376342773 -1.1865803954246257
[33 INFO root] 0.14976398646831512 0.3163846731185913 -1.1865803954246257
[33 INFO root] 0.15013882517814636 0.3154575824737549 -1.1865803954246257
[33 INFO root] 0.1505136489868164 0.31453049182891846 -1.1865803954246257
[33 INFO root] 0.15088848769664764 0.31360340118408203 -1.1865803954246257
[33 INFO root] 0.1512633115053177 0.3126763105392456 -1.1865803954246257
[33 INFO root] 0.15163815021514893 0.3117492198944092 -1.1865803954246257
[33 INFO root] 0.15201297402381897 0.31082212924957275 -1.1865803954246257
[33 INFO root] 0.1523878127336502 0.30989503860473633 -1.1865803954246257
[33 INFO root] 0.15276265144348145 0.3089679479598999 -1.1865803954246257
[33 INFO root] 0.1531374752521515 0.3080408573150635 -1.1865803954246257
[33 INFO root] 0.15351231396198273 0.30711376667022705 -1.1865803954246257
[33 INFO root] 0.15388713777065277 0.3061866760253906 -1.1865803954246257
[33 INFO root] 0.154261976480484 0.3052595853805542 -1.1865803954246257
[33 INFO root] 0.15463680028915405 0.3043324947357178 -1.1865803954246257
[33 INFO root] 0.1550116389989853 0.30340537428855896 -1.1865803954246257
[33 INFO root] 0.15538647770881653 0.30247828364372253 -1.1865803954246257
[33 INFO root] 0.15576130151748657 0.3015511929988861 -1.1865803954246257
[33 INFO root] 0.1561361402273178 0.3006241023540497 -1.1865803954246257
[33 INFO root] 0.15651096403598785 0.29969701170921326 -1.1865803954246257
[33 INFO root] 0.1568858027458191 0.29876992106437683 -1.1865803954246257
[33 INFO root] 0.15726062655448914 0.2978428304195404 -1.1865803954246257
[33 INFO root] 0.15763546526432037 0.296915739774704 -1.1865803954246257
[33 INFO root] 0.1580103039741516 0.29598864912986755 -1.1865803954246257
[33 INFO root] 0.15838512778282166 0.29506155848503113 -1.1865803954246257
[33 INFO root] 0.1587599664926529 0.2941344678401947 -1.1865803954246257
[33 INFO root] 0.15913479030132294 0.2932073771953583 -1.1865803954246257
[33 INFO root] 0.15950962901115417 0.29228028655052185 -1.1865803954246257
[33 INFO root] 0.15988445281982422 0.2913531959056854 -1.1865803954246257
[33 INFO root] 0.16025929152965546 0.290426105260849 -1.1865803954246257
[33 INFO root] 0.1606341302394867 0.2894989848136902 -1.1865803954246257
[33 INFO root] 0.16100895404815674 0.28857189416885376 -1.1865803954246257
[33 INFO root] 0.16138379275798798 0.28764480352401733 -1.1865803954246257
[33 INFO root] 0.16175861656665802 0.2867177128791809 -1.1865803954246257
[33 INFO root] 0.16213345527648926 0.2857906222343445 -1.1865803954246257
[33 INFO root] 0.1625082790851593 0.28486353158950806 -1.1865803954246257
[33 INFO root] 0.16288311779499054 0.28393644094467163 -1.1865803954246257
[33 INFO root] 0.16325795650482178 0.2830093502998352 -1.1865803954246257
[33 INFO root] 0.16363278031349182 0.2820822596549988 -1.1865803954246257
[33 INFO root] 0.16400761902332306 0.28115516901016235 -1.1865803954246257
[33 INFO root] 0.1643824428319931 0.2802280783653259 -1.1865803954246257
[33 INFO root] 0.16475728154182434 0.2793009877204895 -1.1865803954246257
[33 INFO root] 0.16513210535049438 0.2783738970756531 -1.1865803954246257
[33 INFO root] 0.16550694406032562 0.27744680643081665 -1.1865803954246257
[33 INFO root] 0.16588178277015686 0.2765197157859802 -1.1865803954246257
[33 INFO root] 0.1662566065788269 0.2755926251411438 -1.1865803954246257
[33 INFO root] 0.16663144528865814 0.274665504693985 -1.1865803954246257
[33 INFO root] 0.16700626909732819 0.27373841404914856 -1.1865803954246257
[33 INFO root] 0.16738110780715942 0.27281132340431213 -1.1865803954246257
[33 INFO root] 0.16775593161582947 0.2718842327594757 -1.1865803954246257
[33 INFO root] 0.1681307703256607 0.2709571421146393 -1.1865803954246257
[33 INFO root] 0.16850560903549194 0.27003005146980286 -1.1865803954246257
[33 INFO root] 0.168880432844162 0.26910296082496643 -1.1865803954246257
[33 INFO root] 0.16925527155399323 0.26817587018013 -1.1865803954246257
[33 INFO root] 0.16963009536266327 0.2672487795352936 -1.1865803954246257
[33 INFO root] 0.1700049340724945 0.26632168889045715 -1.1865803954246257
[33 INFO root] 0.17037975788116455 0.2653945982456207 -1.1865803954246257
[33 INFO root] 0.1707545965909958 0.2644675076007843 -1.1865803954246257
[33 INFO root] 0.17112943530082703 0.2635404169559479 -1.1865803954246257
[33 INFO root] 0.17150425910949707 0.26261332631111145 -1.1865803954246257
[33 INFO root] 0.1718790978193283 0.261686235666275 -1.1865803954246257
[33 INFO root] 0.17225392162799835 0.2607591152191162 -1.1865803954246257
[33 INFO root] 0.1726287603378296 0.2598320245742798 -1.1865803954246257
[33 INFO root] 0.17300358414649963 0.25890493392944336 -1.1865803954246257
[33 INFO root] 0.17337842285633087 0.25797784328460693 -1.1865803954246257
[33 INFO root] 0.1737532615661621 0.2570507526397705 -1.1865803954246257
[33 INFO root] 0.17411620914936066 0.25615304708480835 -1.183715751219966
[33 INFO root] 0.1744658201932907 0.25529468059539795 -1.1769662069732196
[33 INFO root] 0.17480699717998505 0.254472017288208 -1.166565260000015
[33 INFO root] 0.1751449555158615 0.25367966294288635 -1.1528334295496172
[33 INFO root] 0.17548459768295288 0.2529120147228241 -1.1360586358914821
[33 INFO root] 0.17583058774471283 0.2521635890007019 -1.1165014667731163
[33 INFO root] 0.1761874407529831 0.2514292001724243 -1.0944012431733923
[33 INFO root] 0.17655962705612183 0.2507040500640869 -1.069981623948727
[33 INFO root] 0.1769515872001648 0.24998383224010468 -1.0434557054752556
[33 INFO root] 0.17736777663230896 0.24926483631134033 -1.0150305871394163
[33 INFO root] 0.17781265079975128 0.24854403734207153 -0.9849113627328968
[33 INFO root] 0.17829065024852753 0.24781912565231323 -0.9533044777382751
[33 INFO root] 0.17880606651306152 0.24708855152130127 -0.9204203702148515
[33 INFO root] 0.17936305701732635 0.24635156989097595 -0.886475295145582
[33 INFO root] 0.17996542155742645 0.24560825526714325 -0.8516922252688791
[33 INFO root] 0.18061654269695282 0.2448594570159912 -0.8163007318438104
[33 INFO root] 0.1813191920518875 0.24410682916641235 -0.7805357814883392
[33 INFO root] 0.18207547068595886 0.24335266649723053 -0.7446354425133087
[33 INFO root] 0.18288658559322357 0.24259988963603973 -0.7088375740824356
[33 INFO root] 0.18375283479690552 0.24185185134410858 -0.6733756665846257
[33 INFO root] 0.184673473238945 0.24111218750476837 -0.6384740987263754
[33 INFO root] 0.18564678728580475 0.24038466811180115 -0.6043431589556039
[33 INFO root] 0.18667007982730865 0.23967300355434418 -0.5711742282428588
[33 INFO root] 0.18773983418941498 0.23898062109947205 -0.539135524267009
[33 INFO root] 0.18885177373886108 0.23831062018871307 -0.508368758252083
[33 INFO root] 0.19000111520290375 0.23766560852527618 -0.4789869603448629
[33 INFO root] 0.19118273258209229 0.23704759776592255 -0.45107360283228204
[33 INFO root] 0.19238890707492828 0.23645921051502228 -0.42708885376116595
[33 INFO root] 0.19360902905464172 0.2359004020690918 -0.40803103050714257
[33 INFO root] 0.19483380019664764 0.23536814749240875 -0.3937243244307614
[33 INFO root] 0.19605635106563568 0.2348582148551941 -0.38386238721044236
[33 INFO root] 0.19727224111557007 0.23436571657657623 -0.378132844677448
[33 INFO root] 0.19847901165485382 0.2338855266571045 -0.37622607600692426
[33 INFO root] 0.1996757686138153 0.2334124743938446 -0.3778406059968423
[33 INFO root] 0.20086286962032318 0.23294152319431305 -0.38268629104506086
[33 INFO root] 0.20204153656959534 0.23246774077415466 -0.3904856443321889
[33 INFO root] 0.20321354269981384 0.231986403465271 -0.4009737126924466
[33 INFO root] 0.20438095927238464 0.23149292171001434 -0.4138969109899358
[33 INFO root] 0.20554602146148682 0.2309829294681549 -0.42901117386113286
[33 INFO root] 0.20671087503433228 0.23045220971107483 -0.4460797265229807
[33 INFO root] 0.20787747204303741 0.22989673912525177 -0.4648707211017703
[33 INFO root] 0.20904749631881714 0.22931264340877533 -0.4851549390890254
[33 INFO root] 0.2102222591638565 0.22869634628295898 -0.5067037251150731
[33 INFO root] 0.21140260994434357 0.22804446518421173 -0.5292872734349827
[33 INFO root] 0.21258895099163055 0.2273540496826172 -0.5526733874973803
[33 INFO root] 0.21378116309642792 0.22662247717380524 -0.5766268282300767
[33 INFO root] 0.21497860550880432 0.22584772109985352 -0.6009093287690674
[33 INFO root] 0.21618019044399261 0.22502827644348145 -0.625280707831422
[33 INFO root] 0.21738435328006744 0.22416335344314575 -0.6495010315834211
[33 INFO root] 0.21858914196491241 0.22325293719768524 -0.6733326990159008
[33 INFO root] 0.21979229152202606 0.222297802567482 -0.6965427997840752
[33 INFO root] 0.22099129855632782 0.22129960358142853 -0.7189058423024908
[33 INFO root] 0.22218355536460876 0.2202608734369278 -0.7402067122396317
[33 INFO root] 0.22336634993553162 0.2191849946975708 -0.7602436838293499
[33 INFO root] 0.22453705966472626 0.2180761694908142 -0.7788313086887285
[33 INFO root] 0.22569319605827332 0.21693933010101318 -0.7958030169842949
[33 INFO root] 0.22683244943618774 0.21578006446361542 -0.8110132826101616
[33 INFO root] 0.227952778339386 0.21460440754890442 -0.8243392226169606
[33 INFO root] 0.22905245423316956 0.21341875195503235 -0.8356815276018073
[33 INFO root] 0.23013006150722504 0.2122296690940857 -0.8449646933419336
[33 INFO root] 0.2311844378709793 0.2110438048839569 -0.85213119247926
[33 INFO root] 0.23221458494663239 0.20986783504486084 -0.8571388925118731
[33 INFO root] 0.23321987688541412 0.2087080329656601 -0.8599701908458545
[33 INFO root] 0.23420017957687378 0.20757009088993073 -0.8606342120591832
[33 INFO root] 0.23515579104423523 0.20645883679389954 -0.8591656569396598
[33 INFO root] 0.23608750104904175 0.20537810027599335 -0.8556222143926102
[33 INFO root] 0.23699653148651123 0.20433074235916138 -0.850081373441005
[33 INFO root] 0.2378845363855362 0.20331856608390808 -0.8426370636415932
[33 INFO root] 0.2387535125017166 0.2023424506187439 -0.8333971481627342
[33 INFO root] 0.23960576951503754 0.20140239596366882 -0.8224825940066323
[33 INFO root] 0.2404439002275467 0.20049764215946198 -0.810028875424697
[33 INFO root] 0.24127082526683807 0.19962672889232635 -0.7961898720413986
[33 INFO root] 0.2421087920665741 0.19876810908317566 -0.7822157207397913
[33 INFO root] 0.24296285212039948 0.19791710376739502 -0.7684939837642724
[33 INFO root] 0.24383209645748138 0.19707445800304413 -0.755121705366699
[33 INFO root] 0.24471506476402283 0.19624117016792297 -0.7421666326006173
[33 INFO root] 0.24561019241809845 0.19541814923286438 -0.729685915991838
[33 INFO root] 0.24651584029197693 0.19460614025592804 -0.7177266042152739
[33 INFO root] 0.24743035435676575 0.19380579888820648 -0.7063263467863998
[33 INFO root] 0.2483520358800888 0.1930176168680191 -0.6955141698641077
[33 INFO root] 0.24927926063537598 0.19224201142787933 -0.6853112948632132
[33 INFO root] 0.25021037459373474 0.19147925078868866 -0.6757319731004466
[33 INFO root] 0.25114384293556213 0.19072948396205902 -0.6667843128335593
[33 INFO root] 0.25208452343940735 0.18998776376247406 -0.6587909808153042
[33 INFO root] 0.2530581057071686 0.18923282623291016 -0.6531207068726449
[33 INFO root] 0.25406190752983093 0.18846389651298523 -0.6498240694031605
[33 INFO root] 0.2550882399082184 0.18768344819545746 -0.6486981277206287
[33 INFO root] 0.25612881779670715 0.18689434230327606 -0.6494757821042371
[33 INFO root] 0.2571755349636078 0.18609961867332458 -0.6518582904587651
[33 INFO root] 0.25822073221206665 0.18530239164829254 -0.6555406445692266
[33 INFO root] 0.2592574954032898 0.18450573086738586 -0.660230457270463
[33 INFO root] 0.26027998328208923 0.18371258676052094 -0.6656601750736463
[33 INFO root] 0.2612832486629486 0.18292570114135742 -0.6715935167343517
[33 INFO root] 0.26226338744163513 0.1821475774049759 -0.6778275408226265
[33 INFO root] 0.2632175385951996 0.18138043582439423 -0.6841917400048765
[33 INFO root] 0.26414936780929565 0.1806214153766632 -0.6902725353974607
[33 INFO root] 0.2650628089904785 0.17986805737018585 -0.6957139374916442
[33 INFO root] 0.2659589350223541 0.17912063002586365 -0.7005230481176389
[33 INFO root] 0.26682180166244507 0.17839381098747253 -0.7058390638589882
[33 INFO root] 0.2676118016242981 0.17772126197814941 -0.7144379559154078
[33 INFO root] 0.268334299325943 0.17709581553936005 -0.7264309788645409
[33 INFO root] 0.26899978518486023 0.17650604248046875 -0.7416182839036441
[33 INFO root] 0.2696177661418915 0.17594176530838013 -0.7598182842993546
[33 INFO root] 0.2701966166496277 0.17539389431476593 -0.7808645848539914
[33 INFO root] 0.27074334025382996 0.17485444247722626 -0.8046144453967512
[33 INFO root] 0.27126339077949524 0.1743166297674179 -0.8309745854348202
[33 INFO root] 0.2717611491680145 0.17377422749996185 -0.8598657116897629
[33 INFO root] 0.27224001288414 0.1732214093208313 -0.8912116742603352
[33 INFO root] 0.2727026343345642 0.1726524978876114 -0.924940561548801
[33 INFO root] 0.27315083146095276 0.17206192016601562 -0.9609844922583817
[33 INFO root] 0.273585706949234 0.1714441031217575 -0.9992778303316604
[33 INFO root] 0.2740076184272766 0.17079342901706696 -1.0397545166676305
[33 INFO root] 0.2744160294532776 0.1701042503118515 -1.0823446250907844
[33 INFO root] 0.2748096287250519 0.1693708449602127 -1.126970125817134
[33 INFO root] 0.2751862108707428 0.16858753561973572 -1.1735398577937204
[33 INFO root] 0.27554255723953247 0.16774868965148926 -1.2219438841056052
[33 INFO root] 0.275874525308609 0.1668490171432495 -1.272048723426528
[33 INFO root] 0.2761768698692322 0.16588358581066132 -1.3236909953264622
[33 INFO root] 0.2764434516429901 0.16484828293323517 -1.3766705267517816
[33 INFO root] 0.2766677439212799 0.1637369990348816 -1.4304196491126784
[33 INFO root] 0.276841938495636 0.16254808008670807 -1.4844871480472457
[33 INFO root] 0.2769574522972107 0.1612887680530548 -1.5386576672628844
[33 INFO root] 0.2770071029663086 0.15995852649211884 -1.5926600996747682
[33 INFO root] 0.27698349952697754 0.15854822099208832 -1.6459487402360464
[33 INFO root] 0.2768794298171997 0.15706568956375122 -1.6980466273894983
[33 INFO root] 0.27668991684913635 0.1555231809616089 -1.748439624031042
[33 INFO root] 0.27641287446022034 0.1539354771375656 -1.7965930737247793
[33 INFO root] 0.2760496139526367 0.15231937170028687 -1.841989048688307
[33 INFO root] 0.27560514211654663 0.1506926417350769 -1.8841600571704529
[33 INFO root] 0.27508780360221863 0.1490730345249176 -1.9227154697900455
[33 INFO root] 0.2745088040828705 0.1474771946668625 -1.9573581580622537
[33 INFO root] 0.273881196975708 0.14591972529888153 -1.9878905681245196
[33 INFO root] 0.27321892976760864 0.14441248774528503 -2.014207991556146
[33 INFO root] 0.272535502910614 0.1429634541273117 -2.03629561717594
[33 INFO root] 0.27184322476387024 0.14157743752002716 -2.054236817684089
[33 INFO root] 0.27115291357040405 0.1402565836906433 -2.068187069026293
[33 INFO root] 0.27047353982925415 0.13900087773799896 -2.0783449171282786
[33 INFO root] 0.2698121666908264 0.13780871033668518 -2.0849289993650295
[33 INFO root] 0.26917415857315063 0.13667729496955872 -2.088161137045936
[33 INFO root] 0.26856333017349243 0.13560304045677185 -2.0882545128230103
[33 INFO root] 0.2679821252822876 0.13458187878131866 -2.085405693418492
[33 INFO root] 0.26743191480636597 0.13360947370529175 -2.0797901418420404
[33 INFO root] 0.2669132351875305 0.13268132507801056 -2.0715602470383687
[33 INFO root] 0.2664260268211365 0.13179291784763336 -2.0608451134887353
[33 INFO root] 0.2659654915332794 0.13093188405036926 -2.0480887281017544
[33 INFO root] 0.26551511883735657 0.13006378710269928 -2.03470029703747
[33 INFO root] 0.2650735378265381 0.12918411195278168 -2.0208556149306043
[33 INFO root] 0.26464107632637024 0.12829211354255676 -2.0065867945134763
[33 INFO root] 0.2642180919647217 0.12738709151744843 -1.9919330366807557
[33 INFO root] 0.26380500197410583 0.12646842002868652 -1.976941618551918
[33 INFO root] 0.26340216398239136 0.12553557753562927 -1.9616682477949976
[33 INFO root] 0.26301008462905884 0.12458818405866623 -1.9461768811989404
[33 INFO root] 0.2626292407512665 0.12362600862979889 -1.9305391171610105
[33 INFO root] 0.2622600495815277 0.12264902889728546 -1.914833267044971
[33 INFO root] 0.2619030177593231 0.12165742367506027 -1.8991431940361783
[33 INFO root] 0.2615586221218109 0.12065160274505615 -1.8835569915752783
[33 INFO root] 0.26122722029685974 0.11963220685720444 -1.868165560130971
[33 INFO root] 0.26090919971466064 0.11860012263059616 -1.853061132019933
[33 INFO root] 0.2606048285961151 0.11755646765232086 -1.8383357887193736
[33 INFO root] 0.26031428575515747 0.11650258302688599 -1.8240800123749292
[33 INFO root] 0.2600376307964325 0.1154399961233139 -1.810381311469627
[33 INFO root] 0.2597748339176178 0.1143704205751419 -1.7973229585048172
[33 INFO root] 0.2595256567001343 0.11329571157693863 -1.7849828740291938
[33 INFO root] 0.25928977131843567 0.11221779882907867 -1.773432685893042
[33 INFO root] 0.2590668201446533 0.1111389696598053 -1.7627605756615958
[33 INFO root] 0.25885623693466187 0.11006155610084534 -1.7530470293694236
[33 INFO root] 0.2586572468280792 0.10898777842521667 -1.744353753911119
[33 INFO root] 0.25846901535987854 0.10791968554258347 -1.7367243747580556
[33 INFO root] 0.2582905888557434 0.10685911029577255 -1.7301866185603019
[33 INFO root] 0.2581208348274231 0.10580764710903168 -1.7247540544913722
[33 INFO root] 0.25795871019363403 0.10476663708686829 -1.720427401782665
[33 INFO root] 0.2578030526638031 0.10373713821172714 -1.7171955059107777
[33 INFO root] 0.2576526999473572 0.10271994769573212 -1.7150360534668994
[33 INFO root] 0.2575066089630127 0.10171554237604141 -1.7139160759975536
[33 INFO root] 0.25736361742019653 0.10072413086891174 -1.7137922842883544
[33 INFO root] 0.2572211027145386 0.09973430633544922 -1.7137898226569228
[33 INFO root] 0.2570785880088806 0.09874451160430908 -1.7137898226569228
[33 INFO root] 0.25693607330322266 0.09775471687316895 -1.7137898226569228
[33 INFO root] 0.2567935585975647 0.09676492214202881 -1.7137898226569228
[33 INFO root] 0.2566510736942291 0.09577512741088867 -1.7137898226569228
[33 INFO root] 0.25650855898857117 0.09478533267974854 -1.7137898226569228
[33 INFO root] 0.25637441873550415 0.09385371953248978 -1.7136070469185327
[33 INFO root] 0.25625842809677124 0.0930471122264862 -1.713032708272473
[33 INFO root] 0.2561597526073456 0.0923583060503006 -1.7120844454499764
[33 INFO root] 0.2560764253139496 0.09177307039499283 -1.7107952073983672
[33 INFO root] 0.2560068368911743 0.09127969294786453 -1.7091857274675235
[33 INFO root] 0.2559495270252228 0.09086874127388 -1.7072664775281976
[33 INFO root] 0.25590330362319946 0.09053271263837814 -1.7050392362532067
[33 INFO root] 0.2558671534061432 0.0902656763792038 -1.702498019380876
[33 INFO root] 0.2558402121067047 0.09006291627883911 -1.6996295885323343
[33 INFO root] 0.25582173466682434 0.08992066234350204 -1.6964137003527824
[33 INFO root] 0.255807489156723 0.08980808407068253 -1.6912512579863956
[33 INFO root] 0.25579634308815 0.08971651643514633 -1.683657923946614
[33 INFO root] 0.25578776001930237 0.0896415114402771 -1.673351767696885
[33 INFO root] 0.25578123331069946 0.08957868814468384 -1.6600708006087799
[33 INFO root] 0.25577622652053833 0.08952376246452332 -1.643592672961535
[33 INFO root] 0.2557723820209503 0.08947241306304932 -1.6237366279530507
[33 INFO root] 0.2557695209980011 0.08941999822854996 -1.6003600302112153
[33 INFO root] 0.2557676434516907 0.08936138451099396 -1.573354680291647
[33 INFO root] 0.2557673156261444 0.0892907977104187 -1.5426440400157082
[33 INFO root] 0.25576961040496826 0.08920176327228546 -1.5081820079404935
[33 INFO root] 0.25577646493911743 0.08908714354038239 -1.4699535726922281
[33 INFO root] 0.25579091906547546 0.08893976360559464 -1.427963337838847
[33 INFO root] 0.2558172941207886 0.08875193446874619 -1.382247921122147
[33 INFO root] 0.2558615207672119 0.08851547539234161 -1.332890866984925
[33 INFO root] 0.25593137741088867 0.08822225779294968 -1.2800331663750013
[33 INFO root] 0.2560366094112396 0.08786488324403763 -1.2238816459376942
[33 INFO root] 0.25618886947631836 0.0874374657869339 -1.1647152322715248
[33 INFO root] 0.25640130043029785 0.08693651854991913 -1.102891721250325
[33 INFO root] 0.25668808817863464 0.08636140078306198 -1.0388431083847034
[33 INFO root] 0.2570638358592987 0.08571472764015198 -0.9730745217641322
[33 INFO root] 0.25754252076148987 0.08500275760889053 -0.9061617690306325
[33 INFO root] 0.2581371068954468 0.08423452824354172 -0.8387808594148634
[33 INFO root] 0.25885868072509766 0.08342158049345016 -0.7717580025407137
[33 INFO root] 0.2597139775753021 0.08257903158664703 -0.7060329575674651
[33 INFO root] 0.26070329546928406 0.08172503113746643 -0.6426026694476643
[33 INFO root] 0.2618193030357361 0.08087913691997528 -0.582452052473324
[33 INFO root] 0.26304715871810913 0.08006024360656738 -0.5264799015825945
[33 INFO root] 0.26436540484428406 0.07928447425365448 -0.4754338873136898
[33 INFO root] 0.26574844121932983 0.0785636454820633 -0.4298667272562599
[33 INFO root] 0.26716911792755127 0.07790450751781464 -0.3901195855093638
[33 INFO root] 0.2686011791229248 0.07730891555547714 -0.3563315114100922
[33 INFO root] 0.2700214982032776 0.07677466422319412 -0.3284813866375884
[33 INFO root] 0.27141112089157104 0.07629657536745071 -0.3064090928526716
[33 INFO root] 0.27275601029396057 0.07586770504713058 -0.2898529569894291
[33 INFO root] 0.2740466594696045 0.07548032701015472 -0.2784918368675695
[33 INFO root] 0.2752394378185272 0.07513771206140518 -0.27225613874186844
[33 INFO root] 0.2762545943260193 0.07485348731279373 -0.2713712123994149
[33 INFO root] 0.2771090567111969 0.07461565732955933 -0.2755006437780313
[33 INFO root] 0.277861088514328 0.07440343499183655 -0.2810597345697706
[33 INFO root] 0.2785350978374481 0.0742092952132225 -0.2874748408101876
[33 INFO root] 0.2791444957256317 0.0740295797586441 -0.29480576931251407
[33 INFO root] 0.2796995937824249 0.0738615095615387 -0.3031281173525829
[33 INFO root] 0.280158668756485 0.07371842116117477 -0.3107679872785989
[33 INFO root] 0.2805319130420685 0.07359892874956131 -0.31769156511330643
[33 INFO root] 0.28083518147468567 0.07349947839975357 -0.3240802260671765
[33 INFO root] 0.28108057379722595 0.07341725379228592 -0.33004703986971656
[33 INFO root] 0.281277060508728 0.07335010170936584 -0.33564417703348765
[33 INFO root] 0.2814315855503082 0.07329631596803665 -0.3408780515110637
[33 INFO root] 0.2815499007701874 0.07325443625450134 -0.34572111563493124
[33 INFO root] 0.28163719177246094 0.0732230544090271 -0.3501216603929336
[33 INFO root] 0.2816985249519348 0.07320070266723633 -0.35401263201424293
[33 INFO root] 0.28173914551734924 0.07318571954965591 -0.35731997641168467
[33 INFO root] 0.28176456689834595 0.07317624241113663 -0.35997058174179236
[33 INFO root] 0.2817806303501129 0.07317019999027252 -0.3618995247568003
[33 INFO root] 0.2817932665348053 0.0731654167175293 -0.3630560904102907
[33 INFO root] 0.2818082869052887 0.07315971702337265 -0.36340798494234505
[33 INFO root] 0.2818310856819153 0.07315104454755783 -0.3629435412177374
[33 INFO root] 0.2818664610385895 0.07313761860132217 -0.36167151436491385
[33 INFO root] 0.2819182872772217 0.07311799377202988 -0.35961898071918125
[33 INFO root] 0.2819896638393402 0.07309114933013916 -0.35682798468317173
[33 INFO root] 0.2820824980735779 0.07305651903152466 -0.35334858942191527
[33 INFO root] 0.2821977138519287 0.07301399111747742 -0.34923409470318056
[33 INFO root] 0.28233540058135986 0.07296380400657654 -0.3445374106842537
[33 INFO root] 0.28249499201774597 0.07290645688772202 -0.3393083169231151
[33 INFO root] 0.28267553448677063 0.07284263521432877 -0.3335916646241359
[33 INFO root] 0.28287580609321594 0.07277311384677887 -0.3274264373605059
[33 INFO root] 0.283099889755249 0.07269686460494995 -0.3208163131301008
[33 INFO root] 0.28335267305374146 0.0726127028465271 -0.31376430299308644
[33 INFO root] 0.28363820910453796 0.07251984626054764 -0.30628331872518555
[33 INFO root] 0.2839598059654236 0.07241790741682053 -0.29839818874392965
[33 INFO root] 0.2843198776245117 0.07230687141418457 -0.29014649933059755
[33 INFO root] 0.2847200632095337 0.07218705862760544 -0.28157857230554534
[33 INFO root] 0.28516101837158203 0.07205913960933685 -0.2727603285402827
[33 INFO root] 0.28564244508743286 0.07192403823137283 -0.26377310310314683
[33 INFO root] 0.28616344928741455 0.07178286463022232 -0.2547116719368119
[33 INFO root] 0.28672266006469727 0.07163675874471664 -0.24568162662149337
[33 INFO root] 0.2873183786869049 0.07148683816194534 -0.2367965824114428
[33 INFO root] 0.2879488468170166 0.07133413106203079 -0.22817543010814884
[33 INFO root] 0.2886122167110443 0.07117950171232224 -0.21993962873646813
[33 INFO root] 0.28930675983428955 0.07102365046739578 -0.21221111973277243
[33 INFO root] 0.2900308072566986 0.07086709141731262 -0.20511057416793052
[33 INFO root] 0.29078274965286255 0.07071012258529663 -0.19875577365534233
[33 INFO root] 0.2915610671043396 0.07055285573005676 -0.19326003835898867
[33 INFO root] 0.2923644483089447 0.07039518654346466 -0.1887306450032629
[33 INFO root] 0.2931916117668152 0.07023681700229645 -0.18526720057639356
[33 INFO root] 0.2940414249897003 0.07007724791765213 -0.18295996558576688
[33 INFO root] 0.29491275548934937 0.06991582363843918 -0.18188822786668943
[33 INFO root] 0.29580461978912354 0.06975169479846954 -0.18211893337148555
[33 INFO root] 0.29671594500541687 0.06958388537168503 -0.1837051625175623
[33 INFO root] 0.2976456880569458 0.06941129267215729 -0.18668471416515625
[33 INFO root] 0.29859283566474915 0.06923267990350723 -0.19107898931991996
[33 INFO root] 0.2995562255382538 0.069046750664711 -0.1968922728112263
[33 INFO root] 0.30053475499153137 0.06885214149951935 -0.2041114715208927
[33 INFO root] 0.3015271723270416 0.06864745914936066 -0.21270632874063278
[33 INFO root] 0.3025321960449219 0.06843128800392151 -0.22263009258213623
[33 INFO root] 0.3035484850406647 0.06820225715637207 -0.2338205793761818
[33 INFO root] 0.30457472801208496 0.06795904040336609 -0.24620154841493888
[33 INFO root] 0.30559948086738586 0.06770285964012146 -0.2587480824067782
[33 INFO root] 0.30661946535110474 0.06743426620960236 -0.2710781145311418
[33 INFO root] 0.30763494968414307 0.06715338677167892 -0.28311987463113625
[33 INFO root] 0.3086463510990143 0.06686045974493027 -0.2948211780154151
[33 INFO root] 0.30965375900268555 0.06655582040548325 -0.30612537530678036
[33 INFO root] 0.31065720319747925 0.06623993068933487 -0.3169735078599085
[33 INFO root] 0.3116564154624939 0.06591334939002991 -0.3273067496410504
[33 INFO root] 0.3126510977745056 0.06557678431272507 -0.33706918691421905
[33 INFO root] 0.3136407434940338 0.06523105502128601 -0.34621086203666407
[33 INFO root] 0.3146246373653412 0.06487715244293213 -0.35469087328520754
[33 INFO root] 0.3156028985977173 0.06451578438282013 -0.3624922225089582
[33 INFO root] 0.31657686829566956 0.06414727866649628 -0.3696288070470087
[33 INFO root] 0.3175472915172577 0.06377210468053818 -0.3761330640145109
[33 INFO root] 0.3185141384601593 0.06339098513126373 -0.3820523585148443
[33 INFO root] 0.31947699189186096 0.06300478428602219 -0.3874468415174177
[33 INFO root] 0.3204349875450134 0.06261444836854935 -0.3923866598159164
[33 INFO root] 0.32138726115226746 0.06222091242671013 -0.3969488145639708
[33 INFO root] 0.32233282923698425 0.06182503327727318 -0.40121402620347035
[33 INFO root] 0.32327088713645935 0.061427563428878784 -0.4052638640198541
[33 INFO root] 0.32420065999031067 0.06102912873029709 -0.40917829780600395
[33 INFO root] 0.32512158155441284 0.0606301985681057 -0.413033740675334
[33 INFO root] 0.32603323459625244 0.06023108959197998 -0.416901580982733
[33 INFO root] 0.32693541049957275 0.059831973165273666 -0.42084716180108844
[33 INFO root] 0.32782799005508423 0.05943289399147034 -0.42492914620161953
[33 INFO root] 0.32871100306510925 0.059033770114183426 -0.4291991918083703
[33 INFO root] 0.32958462834358215 0.05863440781831741 -0.43370185669326244
[33 INFO root] 0.33044910430908203 0.05823453143239021 -0.43847466587104517
[33 INFO root] 0.3313048183917999 0.057833779603242874 -0.44354828802135265
[33 INFO root] 0.3321521282196045 0.05743173509836197 -0.44894677061758287
[33 INFO root] 0.33299148082733154 0.057027921080589294 -0.45468778754616745
[33 INFO root] 0.33382344245910645 0.05662182345986366 -0.46078286657818196
[33 INFO root] 0.334648460149765 0.0562128908932209 -0.4672375748443003
[33 INFO root] 0.3354671001434326 0.055800553411245346 -0.4740517687296737
[33 INFO root] 0.3362799286842346 0.055384207516908646 -0.48121957063034204
[33 INFO root] 0.3370875418186188 0.05496325343847275 -0.48872920334607434
[33 INFO root] 0.3378904461860657 0.05453706905245781 -0.4965627681209728
[33 INFO root] 0.33868929743766785 0.05410502105951309 -0.5046959902363521
[33 INFO root] 0.33948469161987305 0.05366648733615875 -0.5130979509305998
[33 INFO root] 0.34027719497680664 0.05322083458304405 -0.5217308305715389
[33 INFO root] 0.34106746315956116 0.05276745185256004 -0.5305496950222683
[33 INFO root] 0.34185606241226196 0.05230574682354927 -0.5395023638741823
[33 INFO root] 0.3426439166069031 0.05183495953679085 -0.5485295439872622
[33 INFO root] 0.3434327244758606 0.051353905349969864 -0.5575650478746286
[33 INFO root] 0.34422388672828674 0.05086154863238335 -0.5665365943298926
[33 INFO root] 0.34501850605010986 0.05035709589719772 -0.5753664101126906
[33 INFO root] 0.3458174169063568 0.04983994737267494 -0.5839718601656839
[33 INFO root] 0.3466212749481201 0.04930969327688217 -0.592266494663256
[33 INFO root] 0.34743061661720276 0.048766087740659714 -0.600161527309701
[33 INFO root] 0.34824591875076294 0.0482090525329113 -0.6075677624494223
[33 INFO root] 0.3490675091743469 0.04763869196176529 -0.6143978237165383
[33 INFO root] 0.3498956561088562 0.047055281698703766 -0.6205684945763774
[33 INFO root] 0.3507305681705475 0.04645927622914314 -0.6260029781542251
[33 INFO root] 0.3515723943710327 0.04585131257772446 -0.6306328904165507
[33 INFO root] 0.35242125391960144 0.045232176780700684 -0.6343998316094075
[33 INFO root] 0.35327717661857605 0.044602807611227036 -0.6372564352268703
[33 INFO root] 0.3541402816772461 0.04396425560116768 -0.6391667049825388
[33 INFO root] 0.3550105690956116 0.04331766813993454 -0.6401057647999128
[33 INFO root] 0.35588812828063965 0.04266425594687462 -0.6400592485591888
[33 INFO root] 0.35676631331443787 0.04201033338904381 -0.6397670854613686
[33 INFO root] 0.3576432466506958 0.041357699781656265 -0.639467079041776
[33 INFO root] 0.3585191071033478 0.040706269443035126 -0.6391751284535739
[33 INFO root] 0.3593941032886505 0.040055859833955765 -0.638890044465488
[33 INFO root] 0.3602684438228607 0.03940635919570923 -0.6386110426101873
[33 INFO root] 0.361142098903656 0.038757722824811935 -0.638337666162044
[33 INFO root] 0.36201509833335876 0.03810994327068329 -0.63806971158785
[33 INFO root] 0.3628874123096466 0.037463050335645676 -0.6378071689398297
[33 INFO root] 0.36375892162323 0.036817099899053574 -0.6375501743976729
[33 INFO root] 0.3646295368671417 0.03617217391729355 -0.6372989725621331
[33 INFO root] 0.3654990792274475 0.03552836552262306 -0.6370538865740045
[33 INFO root] 0.3663674294948578 0.03488577902317047 -0.63681529451033
[33 INFO root] 0.36723440885543823 0.03424452617764473 -0.6365836108116671
[33 INFO root] 0.3680998384952545 0.03360471501946449 -0.6363592717363137
[33 INFO root] 0.3689635992050171 0.03296646848320961 -0.636142724032101
[33 INFO root] 0.36982545256614685 0.032329898327589035 -0.6359344161733819
[33 INFO root] 0.37068527936935425 0.03169511631131172 -0.6357347916376521
[33 INFO root] 0.37154287099838257 0.031062228605151176 -0.6355442837988452
[33 INFO root] 0.3723980486392975 0.030431395396590233 -0.6353635688581163
[33 INFO root] 0.3732503354549408 0.029802938923239708 -0.6351941508910236
[33 INFO root] 0.3740990459918976 0.029177311807870865 -0.6350381622566491
[33 INFO root] 0.3749435544013977 0.028555015102028847 -0.6348979596880064
[33 INFO root] 0.37578314542770386 0.027936529368162155 -0.6347758112282716
[33 INFO root] 0.3766172528266907 0.027322228997945786 -0.6346735154187529
[33 INFO root] 0.3774465322494507 0.02671162225306034 -0.6345886644656695
[33 INFO root] 0.37827175855636597 0.026104094460606575 -0.6345183339902867
[33 INFO root] 0.37909364700317383 0.025499125942587852 -0.6344600419825338
[33 INFO root] 0.37991276383399963 0.0248962864279747 -0.634411734760441
[33 INFO root] 0.3807295262813568 0.02429521270096302 -0.634371712548894
[33 INFO root] 0.38154441118240356 0.023695608600974083 -0.6343385674177969
[33 INFO root] 0.382357656955719 0.023097224533557892 -0.6343111324162509
[33 INFO root] 0.38316959142684937 0.022499853745102882 -0.6342884398029983
[33 INFO root] 0.383980393409729 0.021903326734900475 -0.6342696866770843
[33 INFO root] 0.384790301322937 0.021307500079274178 -0.6342542066491589
[33 INFO root] 0.38559943437576294 0.02071225456893444 -0.6342414464580366
[33 INFO root] 0.3864079415798187 0.020117493346333504 -0.6342309466458445
[33 INFO root] 0.38721591234207153 0.0195231344550848 -0.6342223255710925
[33 INFO root] 0.3880234658718109 0.01892910711467266 -0.6342152661718707
[33 INFO root] 0.38883063197135925 0.018335359171032906 -0.634209504998292
[33 INFO root] 0.3896375000476837 0.017741840332746506 -0.6342048231197468
[33 INFO root] 0.3904441297054291 0.017148513346910477 -0.6342010385827532
[33 INFO root] 0.39125052094459534 0.01655534654855728 -0.6341980001523881
[33 INFO root] 0.39205676317214966 0.015962310135364532 -0.634195582117049
[33 INFO root] 0.3928646743297577 0.015368032269179821 -0.6341871884246442
[33 INFO root] 0.3936770260334015 0.014770517125725746 -0.6341631980844332
[33 INFO root] 0.39449605345726013 0.014168096706271172 -0.6341155012252536
[33 INFO root] 0.3953234553337097 0.013559590093791485 -0.6340382635914686
[33 INFO root] 0.3961602747440338 0.012944260612130165 -0.6339277565983159
[33 INFO root] 0.397007018327713 0.012321763671934605 -0.633782123771781
[33 INFO root] 0.3978637754917145 0.011692098341882229 -0.6336011486974039
[33 INFO root] 0.39873018860816956 0.011055555194616318 -0.6333860222330688
[33 INFO root] 0.3996056616306305 0.010412665084004402 -0.6331391100067159
[33 INFO root] 0.4004892110824585 0.009764154441654682 -0.6328637244579091
[33 INFO root] 0.4013797640800476 0.009110894985496998 -0.632563906904344
[33 INFO root] 0.40227600932121277 0.00845386553555727 -0.6322442248645209
[33 INFO root] 0.40317657589912415 0.0077941096387803555 -0.6319095887656252
[33 INFO root] 0.40408000349998474 0.007132704369723797 -0.6315650907077744
[33 INFO root] 0.40498489141464233 0.006470727734267712 -0.63121586645783
[33 INFO root] 0.40588974952697754 0.005809236317873001 -0.6308669805226453
[33 INFO root] 0.4067932367324829 0.005149245262145996 -0.6305233331060401
[33 INFO root] 0.407694011926651 0.004491709638386965 -0.6301895870138816
[33 INFO root] 0.40859082341194153 0.003837516065686941 -0.6298701125598009
[33 INFO root] 0.40948256850242615 0.0031874701380729675 -0.6295689473025974
[33 INFO root] 0.4103682041168213 0.0025422933977097273 -0.6292897676650718
[33 INFO root] 0.4112468659877777 0.0019025516230612993 -0.6290355395042591
[33 INFO root] 0.4121180474758148 0.001268623280338943 -0.628808350459634
[33 INFO root] 0.4129813313484192 0.000640725891571492 -0.628609532866728
[33 INFO root] 0.4138365685939789 1.895102104754187e-05 -0.6284398362172271
[33 INFO root] 0.4146837294101715 -0.000596716592554003 -0.6282995101901528
[33 INFO root] 0.4155237674713135 -0.0012070368975400925 -0.628185034003097
[33 INFO root] 0.4163578450679779 -0.0018128743395209312 -0.6280923267826504
[33 INFO root] 0.4171869456768036 -0.002414974384009838 -0.6280178697886968
[33 INFO root] 0.418011873960495 -0.0030139593873173 -0.6279587285065766
[33 INFO root] 0.41883334517478943 -0.0036103478632867336 -0.6279124564064227
[33 INFO root] 0.41965192556381226 -0.004204571712762117 -0.6278770110476996
[33 INFO root] 0.4204680621623993 -0.004796990659087896 -0.6278506853616351
[33 INFO root] 0.42128217220306396 -0.005387905985116959 -0.6278320512128799
[33 INFO root] 0.4220946133136749 -0.005977566819638014 -0.6278199128762972
[33 INFO root] 0.4229056239128113 -0.006566181778907776 -0.6278132685655187
[33 INFO root] 0.4237154424190521 -0.0071539259515702724 -0.6278112785339459
[33 INFO root] 0.42452478408813477 -0.0077413287945091724 -0.6278111252497255
[33 INFO root] 0.425334095954895 -0.008328703232109547 -0.6278111252497255
[33 INFO root] 0.42614343762397766 -0.008916078135371208 -0.6278111252497255
[33 INFO root] 0.4269527494907379 -0.00950345303863287 -0.6278111252497255
[33 INFO root] 0.42776206135749817 -0.010090827941894531 -0.6278111252497255
[33 INFO root] 0.4285713732242584 -0.010678201913833618 -0.6278111252497255
[33 INFO root] 0.4293806850910187 -0.01126557681709528 -0.6278111252497255
[33 INFO root] 0.43018999695777893 -0.011852951720356941 -0.6278111252497255
[33 INFO root] 0.4309993088245392 -0.012440326623618603 -0.6278111252497255
[33 INFO root] 0.43180862069129944 -0.01302770059555769 -0.6278111252497255
[33 INFO root] 0.4326179325580597 -0.013615075498819351 -0.6278111252497255
[33 INFO root] 0.43342727422714233 -0.014202450402081013 -0.6278111252497255
[33 INFO root] 0.4342365860939026 -0.014789825305342674 -0.6278111252497255
[33 INFO root] 0.43504589796066284 -0.015377199277281761 -0.6278111252497255
[33 INFO root] 0.4358552098274231 -0.015964575111865997 -0.6278111252497255
[33 INFO root] 0.43666452169418335 -0.016551949083805084 -0.6278111252497255
[33 INFO root] 0.4374738335609436 -0.01713932305574417 -0.6278111252497255
[33 INFO root] 0.43828314542770386 -0.017726698890328407 -0.6278111252497255
[33 INFO root] 0.4390924572944641 -0.018314072862267494 -0.6278111252497255
[33 INFO root] 0.43990176916122437 -0.01890144683420658 -0.6278111252497255
[33 INFO root] 0.4407110810279846 -0.019488822668790817 -0.6278111252497255
[33 INFO root] 0.44152042269706726 -0.020076196640729904 -0.6278111252497255
[33 INFO root] 0.4423297345638275 -0.02066357061266899 -0.6278111252497255
[33 INFO root] 0.44313904643058777 -0.021250946447253227 -0.6278111252497255
[33 INFO root] 0.443948358297348 -0.021838320419192314 -0.6278111252497255
[33 INFO root] 0.4447576701641083 -0.02242569625377655 -0.6278111252497255
[33 INFO root] 0.44556698203086853 -0.023013070225715637 -0.6278111252497255
[33 INFO root] 0.4463762938976288 -0.023600444197654724 -0.6278111252497255
[33 INFO root] 0.44718560576438904 -0.02418782003223896 -0.6278111252497255
[33 INFO root] 0.4479949176311493 -0.024775194004178047 -0.6278111252497255
[33 INFO root] 0.44880425930023193 -0.025362567976117134 -0.6278111252497255
[33 INFO root] 0.4496135711669922 -0.02594994381070137 -0.6278111252497255
[33 INFO root] 0.45042288303375244 -0.026537317782640457 -0.6278111252497255
[33 INFO root] 0.4512321949005127 -0.027124693617224693 -0.6278111252497255
[33 INFO root] 0.45204150676727295 -0.02771206758916378 -0.6278111252497255
[33 INFO root] 0.4528508186340332 -0.028299441561102867 -0.6278111252497255
[33 INFO root] 0.45366013050079346 -0.028886817395687103 -0.6278111252497255
[33 INFO root] 0.4544694423675537 -0.02947419136762619 -0.6278111252497255
[33 INFO root] 0.45527875423431396 -0.030061565339565277 -0.6278111252497255
[33 INFO root] 0.4560880959033966 -0.030648941174149513 -0.6278111252497255
[33 INFO root] 0.45689740777015686 -0.0312363151460886 -0.6278111252497255
[33 INFO root] 0.4577067196369171 -0.031823690980672836 -0.6278111252497255
[33 INFO root] 0.45851603150367737 -0.03241106495261192 -0.6278111252497255
[33 INFO root] 0.4593253433704376 -0.03299843892455101 -0.6278111252497255
[33 INFO root] 0.4601346552371979 -0.0335858128964901 -0.6278111252497255
[33 INFO root] 0.46094396710395813 -0.03417319059371948 -0.6278111252497255
[33 INFO root] 0.4617532789707184 -0.03476056456565857 -0.6278111252497255
[33 INFO root] 0.46256259083747864 -0.035347938537597656 -0.6278111252497255
[33 INFO root] 0.4633719325065613 -0.03593531250953674 -0.6278111252497255
[33 INFO root] 0.46418124437332153 -0.03652268648147583 -0.6278111252497255
[33 INFO root] 0.4649905562400818 -0.03711006045341492 -0.6278111252497255
[33 INFO root] 0.46579986810684204 -0.0376974381506443 -0.6278111252497255
[33 INFO root] 0.4666091799736023 -0.03828481212258339 -0.6278111252497255
[33 INFO root] 0.46741849184036255 -0.038872186094522476 -0.6278111252497255
[33 INFO root] 0.4682278037071228 -0.03945956006646156 -0.6278111252497255
[33 INFO root] 0.46903711557388306 -0.04004693403840065 -0.6278111252497255
[33 INFO root] 0.4698464274406433 -0.040634311735630035 -0.6278111252497255
[33 INFO root] 0.47065576910972595 -0.04122168570756912 -0.6278111252497255
[33 INFO root] 0.4714650809764862 -0.04180905967950821 -0.6278111252497255
[33 INFO root] 0.47227439284324646 -0.042396433651447296 -0.6278111252497255
[33 INFO root] 0.4730837047100067 -0.04298380762338638 -0.6278111252497255
[33 INFO root] 0.47389301657676697 -0.04357118159532547 -0.6278111252497255
[33 INFO root] 0.4747023284435272 -0.044158559292554855 -0.6278111252497255
[33 INFO root] 0.4755116403102875 -0.04474593326449394 -0.6278111252497255
[33 INFO root] 0.47632095217704773 -0.04533330723643303 -0.6278111252497255
[33 INFO root] 0.477130264043808 -0.045920681208372116 -0.6278111252497255
[33 INFO root] 0.4779396057128906 -0.0465080551803112 -0.6278111252497255
[33 INFO root] 0.4787489175796509 -0.04709543287754059 -0.6278111252497255
[33 INFO root] 0.47955822944641113 -0.047682806849479675 -0.6278111252497255
[33 INFO root] 0.4803675413131714 -0.04827018082141876 -0.6278111252497255
[33 INFO root] 0.48117685317993164 -0.04885755479335785 -0.6278111252497255
[33 INFO root] 0.4819861650466919 -0.049444928765296936 -0.6278111252497255
[33 INFO root] 0.48279547691345215 -0.05003230646252632 -0.6278111252497255
[33 INFO root] 0.4836047887802124 -0.05061968043446541 -0.6278111252497255
[33 INFO root] 0.48441410064697266 -0.051207054406404495 -0.6278111252497255
[33 INFO root] 0.4852234125137329 -0.05179442837834358 -0.6278111252497255
[33 INFO root] 0.48603275418281555 -0.05238180235028267 -0.6278111252497255
[33 INFO root] 0.4868420660495758 -0.052969176322221756 -0.6278111252497255
[33 INFO root] 0.48765137791633606 -0.05355655401945114 -0.6278111252497255
[33 INFO root] 0.4884606897830963 -0.05414392799139023 -0.6278111252497255
[33 INFO root] 0.48927000164985657 -0.054731301963329315 -0.6278111252497255
[33 INFO root] 0.4900793135166168 -0.0553186759352684 -0.6278111252497255
[33 INFO root] 0.4908886253833771 -0.05590604990720749 -0.6278111252497255
[33 INFO root] 0.49169793725013733 -0.056493427604436874 -0.6278111252497255
[33 INFO root] 0.4925072491168976 -0.05708080157637596 -0.6278111252497255
[33 INFO root] 0.4933165907859802 -0.05766817554831505 -0.6278111252497255
[33 INFO root] 0.4941259026527405 -0.058255549520254135 -0.6278111252497255
[33 INFO root] 0.49493521451950073 -0.05884292349219322 -0.6278111252497255
[33 INFO root] 0.495744526386261 -0.05943030118942261 -0.6278111252497255
[33 INFO root] 0.49655383825302124 -0.060017675161361694 -0.6278111252497255
[33 INFO root] 0.4973631501197815 -0.06060504913330078 -0.6278111252497255
[33 INFO root] 0.49817246198654175 -0.06119242310523987 -0.6278111252497255
[33 INFO root] 0.498981773853302 -0.061779797077178955 -0.6278111252497255
[33 INFO root] 0.49979108572006226 -0.06236717104911804 -0.6278111252497255
[33 INFO root] 0.5006003975868225 -0.06295454502105713 -0.6278111252497255
[33 INFO root] 0.5014097094535828 -0.06354191899299622 -0.6278111252497255
[33 INFO root] 0.502219021320343 -0.0641292929649353 -0.6278111252497255
[33 INFO root] 0.5030283331871033 -0.06471667438745499 -0.6278111252497255
[33 INFO root] 0.5038376450538635 -0.06530404835939407 -0.6278111252497255
[33 INFO root] 0.5046470165252686 -0.06589142233133316 -0.6278111252497255
[33 INFO root] 0.5054563283920288 -0.06647879630327225 -0.6278111252497255
[33 INFO root] 0.5062656402587891 -0.06706617027521133 -0.6278111252497255
[33 INFO root] 0.5070749521255493 -0.06765354424715042 -0.6278111252497255
[33 INFO root] 0.5078842639923096 -0.06824091821908951 -0.6278111252497255
[33 INFO root] 0.5086935758590698 -0.0688282921910286 -0.6278111252497255
[33 INFO root] 0.5095028877258301 -0.06941566616296768 -0.6278111252497255
[33 INFO root] 0.5103121995925903 -0.07000304013490677 -0.6278111252497255
[33 INFO root] 0.5111215114593506 -0.07059042155742645 -0.6278111252497255
[33 INFO root] 0.5119308233261108 -0.07117779552936554 -0.6278111252497255
[33 INFO root] 0.5127401351928711 -0.07176516950130463 -0.6278111252497255
[33 INFO root] 0.5135494470596313 -0.07235254347324371 -0.6278111252497255
[33 INFO root] 0.5143587589263916 -0.0729399174451828 -0.6278111252497255
[33 INFO root] 0.5151680707931519 -0.07352729141712189 -0.6278111252497255
[33 INFO root] 0.5159773826599121 -0.07411466538906097 -0.6278111252497255
[33 INFO root] 0.5167866945266724 -0.07470203936100006 -0.6278111252497255
[33 INFO root] 0.5175960063934326 -0.07528941333293915 -0.6278111252497255
[33 INFO root] 0.5184053182601929 -0.07587678730487823 -0.6278111252497255
[33 INFO root] 0.5192146897315979 -0.07646416127681732 -0.6278111252497255
[33 INFO root] 0.5200240015983582 -0.077051542699337 -0.6278111252497255
[33 INFO root] 0.5208333134651184 -0.07763891667127609 -0.6278111252497255
[33 INFO root] 0.5216426253318787 -0.07822629064321518 -0.6278111252497255
[33 INFO root] 0.5224519371986389 -0.07881366461515427 -0.6278111252497255
[33 INFO root] 0.5232612490653992 -0.07940103858709335 -0.6278111252497255
[33 INFO root] 0.5240705609321594 -0.07998841255903244 -0.6278111252497255
[33 INFO root] 0.5248798727989197 -0.08057578653097153 -0.6278111252497255
[33 INFO root] 0.5256891846656799 -0.08116316050291061 -0.6278111252497255
[33 INFO root] 0.5264984965324402 -0.0817505344748497 -0.6278111252497255
[33 INFO root] 0.5273078083992004 -0.08233790844678879 -0.6278111252497255
[33 INFO root] 0.5281171202659607 -0.08292528241872787 -0.6278111252497255
[33 INFO root] 0.528926432132721 -0.08351266384124756 -0.6278111252497255
[33 INFO root] 0.5297357439994812 -0.08410003781318665 -0.6278111252497255
[33 INFO root] 0.5305450558662415 -0.08468741178512573 -0.6278111252497255
[33 INFO root] 0.5313543677330017 -0.08527478575706482 -0.6278111252497255
[33 INFO root] 0.532163679599762 -0.0858621597290039 -0.6278111252497255
[33 INFO root] 0.5329729914665222 -0.086449533700943 -0.6278111252497255
[33 INFO root] 0.5337823629379272 -0.08703690767288208 -0.6278111252497255
[33 INFO root] 0.5345916748046875 -0.08762428164482117 -0.6278111252497255
[33 INFO root] 0.5354009866714478 -0.08821165561676025 -0.6278111252497255
[33 INFO root] 0.536210298538208 -0.08879902958869934 -0.6278111252497255
[33 INFO root] 0.5370196104049683 -0.08938640356063843 -0.6278111252497255
[33 INFO root] 0.5378289222717285 -0.08997378498315811 -0.6278111252497255
[33 INFO root] 0.5386382341384888 -0.0905611589550972 -0.6278111252497255
[33 INFO root] 0.539447546005249 -0.09114853292703629 -0.6278111252497255
[33 INFO root] 0.5402568578720093 -0.09173590689897537 -0.6278111252497255
[33 INFO root] 0.5410661697387695 -0.09232328087091446 -0.6278111252497255
[33 INFO root] 0.5418754816055298 -0.09291065484285355 -0.6278111252497255
[33 INFO root] 0.54268479347229 -0.09349802881479263 -0.6278111252497255
[33 INFO root] 0.5434941053390503 -0.09408540278673172 -0.6278111252497255
[33 INFO root] 0.5443034172058105 -0.0946727767586708 -0.6278111252497255
[33 INFO root] 0.5451127290725708 -0.0952601507306099 -0.6278111252497255
[33 INFO root] 0.545922040939331 -0.09584753215312958 -0.6278111252497255
[33 INFO root] 0.5467313528060913 -0.09643490612506866 -0.6278111252497255
[33 INFO root] 0.5475406646728516 -0.09702228009700775 -0.6278111252497255
[33 INFO root] 0.5483499765396118 -0.09760965406894684 -0.6278111252497255
[33 INFO root] 0.5491593480110168 -0.09819702804088593 -0.6278111252497255
[33 INFO root] 0.5499686598777771 -0.09878440201282501 -0.6278111252497255
[33 INFO root] 0.5507779717445374 -0.0993717759847641 -0.6278111252497255
[33 INFO root] 0.5515872836112976 -0.09995914995670319 -0.6278111252497255
[33 INFO root] 0.5523965954780579 -0.10054652392864227 -0.6278111252497255
[33 INFO root] 0.5532059073448181 -0.10113389790058136 -0.6278111252497255
[33 INFO root] 0.5540152192115784 -0.10172127187252045 -0.6278111252497255
[33 INFO root] 0.5548245310783386 -0.10230865329504013 -0.6278111252497255
[33 INFO root] 0.5556338429450989 -0.10289602726697922 -0.6278111252497255
[33 INFO root] 0.5564431548118591 -0.1034834012389183 -0.6278111252497255
[33 INFO root] 0.5572524666786194 -0.10407077521085739 -0.6278111252497255
[33 INFO root] 0.5580617785453796 -0.10465814918279648 -0.6278111252497255
[33 INFO root] 0.5588710904121399 -0.10524552315473557 -0.6278111252497255
[33 INFO root] 0.5596804022789001 -0.10583289712667465 -0.6278111252497255
[33 INFO root] 0.5604897141456604 -0.10642027109861374 -0.6278111252497255
[33 INFO root] 0.5612990260124207 -0.10700764507055283 -0.6278111252497255
[33 INFO root] 0.5621083378791809 -0.10759501904249191 -0.6278111252497255
[33 INFO root] 0.5629176497459412 -0.108182393014431 -0.6278111252497255
[33 INFO root] 0.5637270212173462 -0.10876977443695068 -0.6278111252497255
[33 INFO root] 0.5645363330841064 -0.10935714840888977 -0.6278111252497255
[33 INFO root] 0.5653456449508667 -0.10994452238082886 -0.6278111252497255
[33 INFO root] 0.566154956817627 -0.11053189635276794 -0.6278111252497255
[33 INFO root] 0.5669642686843872 -0.11111927032470703 -0.6278111252497255
[33 INFO root] 0.5677735805511475 -0.11170664429664612 -0.6278111252497255
[33 INFO root] 0.5685828924179077 -0.1122940182685852 -0.6278111252497255
[33 INFO root] 0.569392204284668 -0.11288139224052429 -0.6278111252497255
[33 INFO root] 0.5700615644454956 -0.11336718499660492 -0.6253433591693175
[33 INFO root] 0.5705829858779907 -0.11374390125274658 -0.620112418604555
[33 INFO root] 0.5709762573242188 -0.11402515321969986 -0.6122868294081277
[33 INFO root] 0.5712601542472839 -0.11422496289014816 -0.6020188053092338
[33 INFO root] 0.5714506506919861 -0.11435627192258835 -0.5894188237503541
[33 INFO root] 0.5715614557266235 -0.11443072557449341 -0.5745598676185679
[33 INFO root] 0.5716043710708618 -0.11445871740579605 -0.5574821643623683
[33 INFO root] 0.5716314315795898 -0.11447568237781525 -0.5379524825597904
[33 INFO root] 0.5716686844825745 -0.11449798941612244 -0.515858764302924
[33 INFO root] 0.5717191100120544 -0.11452668160200119 -0.49118083602395446
[33 INFO root] 0.5717850923538208 -0.11456216126680374 -0.4639453082138775
[33 INFO root] 0.571869969367981 -0.11460486054420471 -0.43419401348988074
[33 INFO root] 0.5719766616821289 -0.11465465277433395 -0.40195389221440747
[33 INFO root] 0.5721078515052795 -0.11471083760261536 -0.36723355370262695
[33 INFO root] 0.5722662210464478 -0.11477228999137878 -0.3300250737799414
[33 INFO root] 0.5724545121192932 -0.11483746767044067 -0.29030555907136824
[33 INFO root] 0.5726758241653442 -0.11490443348884583 -0.24803853218697242
[33 INFO root] 0.5729337334632874 -0.11497077345848083 -0.20317538280413444
[33 INFO root] 0.5732271671295166 -0.11503244936466217 -0.1564026451554063
[33 INFO root] 0.5735424757003784 -0.11508360505104065 -0.10962624946893425
[33 INFO root] 0.5738758444786072 -0.11512181162834167 -0.06291639496067997
[33 INFO root] 0.5742254257202148 -0.11514541506767273 -0.016120484072928418
[33 INFO root] 0.5745901465415955 -0.11515294015407562 0.030913939052334763
[33 INFO root] 0.5749695897102356 -0.11514292657375336 0.07833759677847747
[33 INFO root] 0.5753653645515442 -0.11511367559432983 0.12626723227136116
[33 INFO root] 0.5757793188095093 -0.11506304889917374 0.17480640854213442
[33 INFO root] 0.5762130618095398 -0.11498851329088211 0.22405253573778885
[33 INFO root] 0.5766677856445312 -0.11488713324069977 0.2740951583041156
[33 INFO root] 0.5771443843841553 -0.1147555559873581 0.32501270732648485
[33 INFO root] 0.5776435136795044 -0.11459004133939743 0.37686878643041666
[33 INFO root] 0.5781653523445129 -0.11438646167516708 0.429708126568197
[33 INFO root] 0.5787095427513123 -0.1141403466463089 0.4835523695465121
[33 INFO root] 0.5792751312255859 -0.11384699493646622 0.5383959496717595
[33 INFO root] 0.579860270023346 -0.11350160837173462 0.5942024670038459
[33 INFO root] 0.5804621577262878 -0.11309952288866043 0.6509020600904092
[33 INFO root] 0.5810769200325012 -0.1126365065574646 0.7083903720106559
[33 INFO root] 0.5816993713378906 -0.11210909485816956 0.766529724762068
[33 INFO root] 0.5823231935501099 -0.11151500046253204 0.8251530346533352
[33 INFO root] 0.582940936088562 -0.11085353791713715 0.8840707873095361
[33 INFO root] 0.5835443139076233 -0.11012598872184753 0.9430810566726376
[33 INFO root] 0.5841245651245117 -0.10933587700128555 1.0019821125621675
[33 INFO root] 0.5846728086471558 -0.10848911851644516 1.0605867266840683
[33 INFO root] 0.5851805210113525 -0.10759394615888596 1.1187369322064373
[33 INFO root] 0.5856404304504395 -0.10666064918041229 1.176317801882955
[33 INFO root] 0.5860463976860046 -0.10570105910301208 1.2332687312729986
[33 INFO root] 0.586394190788269 -0.10472787171602249 1.289590770064381
[33 INFO root] 0.5866816639900208 -0.10375376790761948 1.3453485417065376
[33 INFO root] 0.5869084000587463 -0.10279037803411484 1.4006650754980299
[33 INFO root] 0.58707594871521 -0.10184725373983383 1.4557074159697994
[33 INFO root] 0.5871871709823608 -0.10093073546886444 1.5106603770415776
[33 INFO root] 0.5872457027435303 -0.10004311800003052 1.5656858960450188
[33 INFO root] 0.5872550010681152 -0.09918133169412613 1.6207958111945224
[33 INFO root] 0.5872174501419067 -0.09833674132823944 1.6758388816491046
[33 INFO root] 0.5871336460113525 -0.09749735891819 1.7304956368194453
[33 INFO root] 0.5870019197463989 -0.09665079414844513 1.7842247850975965
[33 INFO root] 0.5868195295333862 -0.09578751027584076 1.8362439655026632
[33 INFO root] 0.5865839719772339 -0.09490350633859634 1.8855739149856825
[33 INFO root] 0.5862950682640076 -0.09400162100791931 1.9311393180312888
[33 INFO root] 0.5859565138816833 -0.09309070557355881 1.9718970873136876
[33 INFO root] 0.5855758786201477 -0.09218309819698334 2.006954507075706
[33 INFO root] 0.5851645469665527 -0.09129234403371811 2.0356749939846948
[33 INFO root] 0.5847353935241699 -0.09043043106794357 2.057651323232684
[33 INFO root] 0.5843012928962708 -0.08960588276386261 2.072687668901993
[33 INFO root] 0.5838732123374939 -0.0888228714466095 2.0807740776257817
[33 INFO root] 0.5834619998931885 -0.08808616548776627 2.0825732784973194
[33 INFO root] 0.5830746293067932 -0.0873963013291359 2.078939596206705
[33 INFO root] 0.5827143788337708 -0.08674997091293335 2.0707257504043524
[33 INFO root] 0.5823814272880554 -0.0861416757106781 2.058736748180538
[33 INFO root] 0.5820745229721069 -0.08556513488292694 2.0437171280158357
[33 INFO root] 0.5817915201187134 -0.0850142389535904 2.026350182192329
[33 INFO root] 0.5815303921699524 -0.08448367565870285 2.0072615083468897
[33 INFO root] 0.5812892913818359 -0.08396939933300018 1.9870271373422177
[33 INFO root] 0.5810667276382446 -0.08346876502037048 1.966179241547526
[33 INFO root] 0.5808616876602173 -0.08298049867153168 1.9452083775055107
[33 INFO root] 0.5806735157966614 -0.08250465989112854 1.9245644466554355
[33 INFO root] 0.5805017352104187 -0.08204244077205658 1.904657646807013
[33 INFO root] 0.5803458094596863 -0.08159594237804413 1.8858600040018871
[33 INFO root] 0.5802053809165955 -0.08116792887449265 1.86850767200294
[33 INFO root] 0.5800798535346985 -0.08076154440641403 1.8529037266520725
[33 INFO root] 0.5799623131752014 -0.0803583636879921 1.8396210701425217
[33 INFO root] 0.5798422694206238 -0.07992476224899292 1.8294832454659269
[33 INFO root] 0.5797191858291626 -0.07946137338876724 1.82287182634052
[33 INFO root] 0.5795928835868835 -0.07897212356328964 1.820071412147635
[33 INFO root] 0.5794622898101807 -0.07845988869667053 1.8212983725439764
[33 INFO root] 0.5793258547782898 -0.07792633771896362 1.8266831862660797
[33 INFO root] 0.5791811347007751 -0.07737187296152115 1.8362528754365457
[33 INFO root] 0.5790250301361084 -0.07679575681686401 1.8499221023667975
[33 INFO root] 0.5788540840148926 -0.0761963501572609 1.867496633881645
[33 INFO root] 0.578664243221283 -0.07557149231433868 1.8886855009661825
[33 INFO root] 0.5784509778022766 -0.07491898536682129 1.9131197998269094
[33 INFO root] 0.5782126784324646 -0.07424528151750565 1.939120384960582
[33 INFO root] 0.5779488682746887 -0.07355643808841705 1.9654407129580191
[33 INFO root] 0.57765793800354 -0.07285293936729431 1.9918664638594024
[33 INFO root] 0.5773386359214783 -0.07213500142097473 2.0182868579747253
[33 INFO root] 0.5769897103309631 -0.07140319049358368 2.0445893783179874
[33 INFO root] 0.5766540765762329 -0.07074391096830368 2.071401342172868
[33 INFO root] 0.5763612985610962 -0.07020469754934311 2.099273291722454
[33 INFO root] 0.5761088728904724 -0.06976904720067978 2.12824186029433
[33 INFO root] 0.5758911371231079 -0.06941712647676468 2.1582986313674555
[33 INFO root] 0.5757033824920654 -0.06913293898105621 2.189460534134606
[33 INFO root] 0.5755413770675659 -0.06890363246202469 2.221770029310765
[33 INFO root] 0.5754017233848572 -0.0687188059091568 2.2552938114846386
[33 INFO root] 0.5752812027931213 -0.06856992840766907 2.2901216574309355
[33 INFO root] 0.5751768946647644 -0.06844983249902725 2.3263649520112364
[33 INFO root] 0.5750858187675476 -0.06835230439901352 2.3641544158624055
[33 INFO root] 0.5750046968460083 -0.06827179342508316 2.4036365637837984
[33 INFO root] 0.5749298334121704 -0.06820312142372131 2.4449684315968305
[33 INFO root] 0.574856698513031 -0.0681413859128952 2.4883102063051563
[33 INFO root] 0.5747796297073364 -0.06808191537857056 2.533815512617614
[33 INFO root] 0.5746919512748718 -0.06802035123109818 2.5816192420680513
[33 INFO root] 0.5745853185653687 -0.06795289367437363 2.6318229784379215
[33 INFO root] 0.5744501352310181 -0.06787659972906113 2.684478297723941
[33 INFO root] 0.5742757320404053 -0.06778987497091293 2.739568529601238
[33 INFO root] 0.5740504860877991 -0.06769291311502457 2.796975244256608
[33 INFO root] 0.5737640261650085 -0.06758858263492584 2.856362351350303
[33 INFO root] 0.5734080076217651 -0.06748226284980774 2.9173068052065583
[33 INFO root] 0.5729765295982361 -0.06738145649433136 2.9793222420397334
[33 INFO root] 0.5724668502807617 -0.06729518622159958 3.041849948791214
[33 INFO root] 0.5718582272529602 -0.06723099201917648 3.105035076581158
[33 INFO root] 0.5711255073547363 -0.06720025837421417 -3.1142634560292017
[33 INFO root] 0.5702645182609558 -0.06721903383731842 -3.050452409685779
[33 INFO root] 0.5692795515060425 -0.06730345636606216 -2.987686426072155
[33 INFO root] 0.5681821703910828 -0.0674673393368721 -2.9270081963298855
[33 INFO root] 0.5669912695884705 -0.06771992892026901 -2.869465550003991
[33 INFO root] 0.5657315254211426 -0.0680641159415245 -2.8160298443307976
[33 INFO root] 0.564431369304657 -0.06849562376737595 -2.767516733661732
[33 INFO root] 0.5631199479103088 -0.06900324672460556 -2.724584659003149
[33 INFO root] 0.5618249177932739 -0.06957031041383743 -2.6876652580287574
[33 INFO root] 0.5605695247650146 -0.07017701864242554 -2.6569255757524894
[33 INFO root] 0.5593711733818054 -0.07080318033695221 -2.6322973703571426
[33 INFO root] 0.5582412481307983 -0.07143039256334305 -2.61353514018719
[33 INFO root] 0.5571852922439575 -0.0720435231924057 -2.600279607292158
[33 INFO root] 0.556204617023468 -0.07263124734163284 -2.592113968388418
[33 INFO root] 0.5552969574928284 -0.07318601757287979 -2.5886070138857327
[33 INFO root] 0.5544410347938538 -0.07371386885643005 -2.588302473046787
[33 INFO root] 0.5535902380943298 -0.0742393285036087 -2.588302473046787
[33 INFO root] 0.5527394413948059 -0.07476481795310974 -2.588302473046787
[33 INFO root] 0.5519299507141113 -0.07526477426290512 -2.58760066937312
[33 INFO root] 0.5511871576309204 -0.07572421431541443 -2.5857804745138653
[33 INFO root] 0.550510048866272 -0.07614459842443466 -2.582864856253712
[33 INFO root] 0.5498946309089661 -0.07652906328439713 -2.5789157826064897
[33 INFO root] 0.5493367314338684 -0.07688058167695999 -2.5739869102893116
[33 INFO root] 0.5488320589065552 -0.07720198482275009 -2.568123964904781
[33 INFO root] 0.5483763217926025 -0.07749591767787933 -2.561365489862931
[33 INFO root] 0.5479652881622314 -0.07776489853858948 -2.553743581451789
[33 INFO root] 0.5475949645042419 -0.07801128923892975 -2.545284570100842
[33 INFO root] 0.5472612380981445 -0.07823732495307922 -2.536009624951887
[33 INFO root] 0.5469604730606079 -0.07844511419534683 -2.5259352706137688
[33 INFO root] 0.5466890931129456 -0.07863665372133255 -2.515073815454246
[33 INFO root] 0.5464437007904053 -0.0788138210773468 -2.5034337017201436
[33 INFO root] 0.5462212562561035 -0.07897838205099106 -2.491019795837987
[33 INFO root] 0.5460188388824463 -0.07913201302289963 -2.4778336254420967
[33 INFO root] 0.5458338260650635 -0.07927628606557846 -2.4638736126456022
[33 INFO root] 0.5456638336181641 -0.07941268384456635 -2.4491353526692103
[33 INFO root] 0.5455067157745361 -0.0795426070690155 -2.4336119604189013
[33 INFO root] 0.5453604459762573 -0.07966739684343338 -2.4172944929819424
[33 INFO root] 0.5452232360839844 -0.07978834956884384 -2.4001724484392577
[33 INFO root] 0.5450934767723083 -0.07990674674510956 -2.3822343341991976
[33 INFO root] 0.5449696779251099 -0.0800238698720932 -2.363468290377923
[33 INFO root] 0.5448503494262695 -0.08014101535081863 -2.3438627470433686
[33 INFO root] 0.5447342395782471 -0.08025955408811569 -2.323407136522726
[33 INFO root] 0.544620156288147 -0.08038090169429779 -2.3020925886379375
[33 INFO root] 0.5445069074630737 -0.0805065780878067 -2.279912487662784
[33 INFO root] 0.5443934202194214 -0.08063822239637375 -2.2568629254172
[33 INFO root] 0.5442788600921631 -0.08077754825353622 -2.2329431495548415
[33 INFO root] 0.5441622734069824 -0.08092641830444336 -2.208156148182155
[33 INFO root] 0.5440429449081421 -0.08108678460121155 -2.1825095514576125
[33 INFO root] 0.5439202785491943 -0.08126074820756912 -2.1560170521344206
[33 INFO root] 0.543793797492981 -0.08145054429769516 -2.1287005377233177
[33 INFO root] 0.5436632633209229 -0.08165859431028366 -2.100593079111196
[33 INFO root] 0.5435283780097961 -0.08188748359680176 -2.071742829996942
[33 INFO root] 0.5433892011642456 -0.08214005082845688 -2.042217757163912
[33 INFO root] 0.5432459115982056 -0.08241933584213257 -2.0121109446155994
[33 INFO root] 0.5430987477302551 -0.08272860199213028 -1.9815460010832482
[33 INFO root] 0.5429483652114868 -0.08307129144668579 -1.9506818677632698
[33 INFO root] 0.5427955389022827 -0.08345092087984085 -1.919716108579234
[33 INFO root] 0.5426413416862488 -0.08387091010808945 -1.888885621801322
[33 INFO root] 0.5424872636795044 -0.08433443307876587 -1.8584637540703162
[33 INFO root] 0.5423349142074585 -0.08484414964914322 -1.8287531356862978
[33 INFO root] 0.5421860814094543 -0.08540196716785431 -1.800074090323638
[33 INFO root] 0.5420427322387695 -0.08600885421037674 -1.7727492132751534
[33 INFO root] 0.5419067144393921 -0.08666469156742096 -1.7470855195871418
[33 INFO root] 0.541779637336731 -0.0873681977391243 -1.7233545369717702
[33 INFO root] 0.5416627526283264 -0.08811700344085693 -1.7017747814695687
[33 INFO root] 0.5415568947792053 -0.08890780806541443 -1.682498963544298
[33 INFO root] 0.5414624214172363 -0.08973664045333862 -1.6656071567332607
[33 INFO root] 0.5413789749145508 -0.09059913456439972 -1.6511062914836097
[33 INFO root] 0.5413058996200562 -0.09149079769849777 -1.6389353550856518
[33 INFO root] 0.5412423014640808 -0.09240727126598358 -1.6289749311415112
[33 INFO root] 0.5411868095397949 -0.09334443509578705 -1.6210593698724909
[33 INFO root] 0.5411380529403687 -0.0942985936999321 -1.614989921418744
[33 INFO root] 0.5410946607589722 -0.09526646882295609 -1.6105474665873833
[33 INFO root] 0.5410553216934204 -0.09624522179365158 -1.6075038975260951
[33 INFO root] 0.5410187244415283 -0.09723243862390518 -1.605631616058241
[33 INFO root] 0.540985643863678 -0.09817738085985184 -1.6038332160398128
[33 INFO root] 0.5409576296806335 -0.09901882708072662 -1.6008410518877212
[33 INFO root] 0.5409350991249084 -0.09976083785295486 -1.5961230475532022
[33 INFO root] 0.5409181118011475 -0.10041751712560654 -1.5897639109240782
[33 INFO root] 0.5409066081047058 -0.10100176930427551 -1.581924136347775
[33 INFO root] 0.5409003496170044 -0.10152460634708405 -1.5727321855870005
[33 INFO root] 0.5408989787101746 -0.10199544578790665 -1.5622864380826649
[33 INFO root] 0.5409021377563477 -0.1024223119020462 -1.550661618542682
