[47 INFO root] Initialising Python Geth Console...
[47 INFO root] Initialising RandB board...
[47 INFO root] Initialising resource sensor...
[47 INFO root] Initialising random-walk...
[47 INFO root] Initialising navigation...
[47 INFO root] Initialising Odo...
[47 INFO root] Initialising odometry...
[47 INFO root] Initialising gps...
[47 INFO root] Initialising Ground sensor...
[47 INFO root] --//-- Starting Experiment --//--
[47 INFO root] x y direction
[47 INFO root] 0.5952960252761841 0.7282429933547974 2.2115590550795745
[47 INFO root] 0.5964165329933167 0.7267403602600098 2.6768606494364806
[47 INFO root] 0.5972143411636353 0.7249389886856079 -2.987363464035828
[47 INFO root] 0.5943943858146667 0.7243452072143555 -2.5431905736947984
[47 INFO root] 0.5879694819450378 0.7221183180809021 -2.352011038748584
[47 INFO root] 0.579151451587677 0.7165690660476685 -2.332748252092899
[47 INFO root] 0.569042980670929 0.7071300148963928 -2.366548209384051
[47 INFO root] 0.5592946410179138 0.6973875761032104 -2.4110387465978045
[47 INFO root] 0.5503483414649963 0.689176082611084 -2.462446143937533
[47 INFO root] 0.5419780611991882 0.6822607517242432 -2.516978323421045
[47 INFO root] 0.5340017676353455 0.6763826608657837 -2.569745331569486
[47 INFO root] 0.5265454649925232 0.6714684367179871 -2.6132998977395077
[47 INFO root] 0.5199061632156372 0.6675006747245789 -2.6419088690701993
[47 INFO root] 0.5141429901123047 0.6643093228340149 -2.6560339352985234
[47 INFO root] 0.5091464519500732 0.6616566777229309 -2.656955523851493
[47 INFO root] 0.5047789216041565 0.6593562960624695 -2.6462159200607527
[47 INFO root] 0.5009317398071289 0.6572849154472351 -2.625413808064214
[47 INFO root] 0.4975191354751587 0.6553590297698975 -2.5966619585725517
[47 INFO root] 0.49446892738342285 0.6535232067108154 -2.5623969819364776
[47 INFO root] 0.4917309582233429 0.651746928691864 -2.5250209979681735
[47 INFO root] 0.4892762303352356 0.6500219702720642 -2.4864444490021334
[47 INFO root] 0.4870818555355072 0.6483503580093384 -2.4481815904238493
[47 INFO root] 0.4851263761520386 0.6467387676239014 -2.411398665592904
[47 INFO root] 0.4833889901638031 0.6451957821846008 -2.3769787587166493
[47 INFO root] 0.4818499982357025 0.6437304615974426 -2.345531054555039
[47 INFO root] 0.4804908037185669 0.6423513889312744 -2.3174245359779673
[47 INFO root] 0.479295015335083 0.6410670280456543 -2.293035829614355
[47 INFO root] 0.4782507121562958 0.6398881077766418 -2.2730887619904405
[47 INFO root] 0.47729191184043884 0.6387599110603333 -2.2579183231472695
[47 INFO root] 0.47639378905296326 0.6376688480377197 -2.247628036797837
[47 INFO root] 0.47555673122406006 0.6366292834281921 -2.2421241062710244
[47 INFO root] 0.474781334400177 0.6356543898582458 -2.241206283634966
[47 INFO root] 0.4740666449069977 0.6347532868385315 -2.2446481610827047
[47 INFO root] 0.47341111302375793 0.6339316964149475 -2.2522437436611513
[47 INFO root] 0.47281286120414734 0.6331928372383118 -2.263833657002563
[47 INFO root] 0.47227007150650024 0.6325374841690063 -2.2793254125935425
[47 INFO root] 0.4717809557914734 0.6319648027420044 -2.298697684685808
[47 INFO root] 0.4713435173034668 0.6314717531204224 -2.3219922253245007
[47 INFO root] 0.4709550738334656 0.6310535669326782 -2.34931263142629
[47 INFO root] 0.4706118404865265 0.6307033896446228 -2.3808198572960584
[47 INFO root] 0.47030800580978394 0.6304120421409607 -2.4167185595852434
[47 INFO root] 0.47003456950187683 0.6301679015159607 -2.457232802915671
[47 INFO root] 0.4697782099246979 0.6299567818641663 -2.5025720347856955
[47 INFO root] 0.4695195257663727 0.6297627687454224 -2.552889814583654
[47 INFO root] 0.46923205256462097 0.629568874835968 -2.6082384947308395
[47 INFO root] 0.46888184547424316 0.6293598413467407 -2.668521901652198
[47 INFO root] 0.4684290289878845 0.6291252970695496 -2.7334449253586284
[47 INFO root] 0.46783164143562317 0.6288632750511169 -2.802454126240192
[47 INFO root] 0.46705231070518494 0.6285834312438965 -2.8746944895469064
[47 INFO root] 0.46606671810150146 0.6283076405525208 -2.949015745174386
[47 INFO root] 0.4648708701133728 0.6280665993690491 -3.024044125800424
[47 INFO root] 0.46348416805267334 0.6278934478759766 -3.098331228705828
[47 INFO root] 0.46194693446159363 0.627816379070282 3.1126348872462875
[47 INFO root] 0.46031320095062256 0.6278524994850159 3.0435162474671587
[47 INFO root] 0.4586400091648102 0.6280057430267334 2.9781474781838777
[47 INFO root] 0.45697835087776184 0.6282685995101929 2.916808951143442
[47 INFO root] 0.4553682208061218 0.6286261677742004 2.8594947666403634
[47 INFO root] 0.45383819937705994 0.6290597915649414 2.806003518640834
[47 INFO root] 0.4524061679840088 0.6295502781867981 2.7560216187990956
[47 INFO root] 0.4510814845561981 0.6300798654556274 2.709194334751573
[47 INFO root] 0.4498670697212219 0.6306329965591431 2.6651769457781627
[47 INFO root] 0.44876131415367126 0.6311970949172974 2.6236481534908918
[47 INFO root] 0.4477593004703522 0.6317622065544128 2.584312785638481
[47 INFO root] 0.4468541443347931 0.6323209404945374 2.5469048053465824
[47 INFO root] 0.44603803753852844 0.6328681707382202 2.5111882206982723
[47 INFO root] 0.44530269503593445 0.6334004998207092 2.4769579109669357
[47 INFO root] 0.4446399211883545 0.633915901184082 2.4440406334265217
[47 INFO root] 0.44402700662612915 0.6344259977340698 2.411645754065159
[47 INFO root] 0.4434327781200409 0.6349543333053589 2.378547871353158
[47 INFO root] 0.4428551197052002 0.6355030536651611 2.344573289318871
[47 INFO root] 0.44229504466056824 0.6360723972320557 2.3096829387121782
[47 INFO root] 0.44175297021865845 0.6366632580757141 2.2738634190035727
[47 INFO root] 0.4412289559841156 0.6372771263122559 2.2371270699437074
[47 INFO root] 0.4407229423522949 0.637915849685669 2.199511190456894
[47 INFO root] 0.4402349889278412 0.6385816931724548 2.1610774555079573
[47 INFO root] 0.43976524472236633 0.6392771005630493 2.1219113068118807
[47 INFO root] 0.43931424617767334 0.640004575252533 2.0821212564259244
[47 INFO root] 0.43888285756111145 0.640766441822052 2.0418380635924285
[47 INFO root] 0.4384722411632538 0.6415649056434631 2.001213794883864
[47 INFO root] 0.43808406591415405 0.6424016952514648 1.9604207740969344
[47 INFO root] 0.4377201497554779 0.6432780027389526 1.9196503964730725
[47 INFO root] 0.43738266825675964 0.644194483757019 1.8791117565683455
[47 INFO root] 0.43707385659217834 0.6451510190963745 1.8390294240723866
[47 INFO root] 0.43679600954055786 0.6461467146873474 1.799639053659204
[47 INFO root] 0.43655118346214294 0.6471797823905945 1.7611830731718239
[47 INFO root] 0.43634119629859924 0.6482477784156799 1.7239071639772698
[47 INFO root] 0.4361673891544342 0.6493473649024963 1.6880571221385263
[47 INFO root] 0.4360305666923523 0.6504746079444885 1.6538756677369164
[47 INFO root] 0.43593087792396545 0.6516250371932983 1.621598978429784
[47 INFO root] 0.4358677268028259 0.6527937650680542 1.5914529471724532
[47 INFO root] 0.43583977222442627 0.6539754867553711 1.5636492711621857
[47 INFO root] 0.4358449876308441 0.6551649570465088 1.5383816387843452
[47 INFO root] 0.4358806312084198 0.656356930732727 1.515821445129023
[47 INFO root] 0.4359433650970459 0.6575461626052856 1.4961139957063085
[47 INFO root] 0.43602943420410156 0.6587280631065369 1.4793764912820209
[47 INFO root] 0.4361347258090973 0.6598981618881226 1.465697451087484
[47 INFO root] 0.43625491857528687 0.6610527634620667 1.4551373436862698
[47 INFO root] 0.4363856613636017 0.6621887683868408 1.4477302796172329
[47 INFO root] 0.4365226924419403 0.6633036732673645 1.4434865122667853
[47 INFO root] 0.4366619884967804 0.6643955707550049 1.4423955167069378
[47 INFO root] 0.4367997348308563 0.6654632687568665 1.4444293139546798
[47 INFO root] 0.43693655729293823 0.666538655757904 1.4477834404612866
[47 INFO root] 0.43707141280174255 0.6676264405250549 1.4521009847251463
[47 INFO root] 0.43720299005508423 0.6687256097793579 1.4573019230032003
[47 INFO root] 0.4373299479484558 0.6698343753814697 1.463304072406131
[47 INFO root] 0.4374511241912842 0.6709510684013367 1.4700148033162599
[47 INFO root] 0.4375585615634918 0.6720061898231506 1.4782659101880558
[47 INFO root] 0.4376503527164459 0.672985851764679 1.4873829143471364
[47 INFO root] 0.43772730231285095 0.6738953590393066 1.497297951015198
[47 INFO root] 0.4377904534339905 0.6747409105300903 1.5080274745230426
[47 INFO root] 0.43784084916114807 0.6755282878875732 1.5195894808418053
[47 INFO root] 0.43787941336631775 0.6762630343437195 1.5320066159099472
[47 INFO root] 0.43790698051452637 0.6769500970840454 1.5453012742485794
[47 INFO root] 0.4379242956638336 0.6775942444801331 1.559494627758415
[47 INFO root] 0.4379320740699768 0.6781997084617615 1.5746070873795142
[47 INFO root] 0.43793079257011414 0.6787704825401306 1.590658362350227
[47 INFO root] 0.4379209876060486 0.6793102622032166 1.6076675717600266
[47 INFO root] 0.4379030168056488 0.6798223853111267 1.6256535042012412
[47 INFO root] 0.4378771483898163 0.6803098917007446 1.6446345650591436
[47 INFO root] 0.4378436207771301 0.6807757616043091 1.6646287962167474
[47 INFO root] 0.4378024935722351 0.6812225580215454 1.6856542952968105
[47 INFO root] 0.437753826379776 0.6816526651382446 1.7077288848560241
[47 INFO root] 0.43769749999046326 0.682068407535553 1.7308701895807985
[47 INFO root] 0.43763336539268494 0.6824718117713928 1.7550958885149621
[47 INFO root] 0.43756112456321716 0.6828646063804626 1.7804238459511195
[47 INFO root] 0.43748047947883606 0.6832485795021057 1.8068720982605808
[47 INFO root] 0.43739092350006104 0.6836252808570862 1.8344595822185705
[47 INFO root] 0.4372919499874115 0.6839960217475891 1.8632062013960884
[47 INFO root] 0.43718287348747253 0.6843621134757996 1.893132959380657
[47 INFO root] 0.43706294894218445 0.6847248077392578 1.924262254541678
[47 INFO root] 0.4369312822818756 0.6850850582122803 1.9566181673239034
[47 INFO root] 0.4367844760417938 0.6854498982429504 1.9902985369990391
[47 INFO root] 0.4366184175014496 0.6858254671096802 2.025381468574294
[47 INFO root] 0.4364301860332489 0.6862139105796814 2.061889146380034
[47 INFO root] 0.43621665239334106 0.6866165399551392 2.099832692189792
[47 INFO root] 0.43597427010536194 0.6870346069335938 2.139214380039728
[47 INFO root] 0.43569913506507874 0.6874688863754272 2.1800255103067885
[47 INFO root] 0.43538689613342285 0.6879200339317322 2.222243504686163
[47 INFO root] 0.4350329041481018 0.6883881688117981 2.2658295246676006
[47 INFO root] 0.4346320927143097 0.6888728737831116 2.3107254772843633
[47 INFO root] 0.4341792166233063 0.6893731355667114 2.3568508802587615
[47 INFO root] 0.43366894125938416 0.6898871660232544 2.404100192053744
[47 INFO root] 0.4330959916114807 0.6904123425483704 2.452340310043263
[47 INFO root] 0.43245527148246765 0.6909452676773071 2.501408729884574
[47 INFO root] 0.43174228072166443 0.6914814114570618 2.5511128416223885
[47 INFO root] 0.43095383048057556 0.6920152306556702 2.6009125213003284
[47 INFO root] 0.43009138107299805 0.6925386190414429 2.6494625844808364
[47 INFO root] 0.42915892601013184 0.693044126033783 2.6963439183704168
[47 INFO root] 0.42816245555877686 0.6935251355171204 2.7412499972018907
[47 INFO root] 0.42710989713668823 0.6939760446548462 2.78382527400217
[47 INFO root] 0.42601075768470764 0.6943921446800232 2.8237282610296166
[47 INFO root] 0.4248756468296051 0.6947705745697021 2.8606562884773297
[47 INFO root] 0.423715740442276 0.6951099038124084 2.8943563764510936
[47 INFO root] 0.4225420653820038 0.6954103112220764 2.9246303111944902
[47 INFO root] 0.4213651716709137 0.6956735253334045 2.9513358584860057
[47 INFO root] 0.42019444704055786 0.6959022879600525 2.974384870877716
[47 INFO root] 0.41903799772262573 0.6961002349853516 2.993737489129357
[47 INFO root] 0.4179023206233978 0.6962716579437256 3.009394689975204
[47 INFO root] 0.41679221391677856 0.6964210867881775 3.021390330187415
[47 INFO root] 0.4157108664512634 0.6965530514717102 3.02978305468621
[47 INFO root] 0.4146599769592285 0.6966719627380371 3.0346490884433326
[47 INFO root] 0.41363975405693054 0.6967819929122925 3.036076602481511
[47 INFO root] 0.41264915466308594 0.6968870759010315 3.0341617180584084
[47 INFO root] 0.4116860032081604 0.6969907283782959 3.0290068506059606
[47 INFO root] 0.41074711084365845 0.6970964074134827 3.0207209342636827
[47 INFO root] 0.40982845425605774 0.6972072124481201 3.0094227297680303
[47 INFO root] 0.40892520546913147 0.6973262429237366 2.9952458475515322
[47 INFO root] 0.40803200006484985 0.6974565982818604 2.978353717410026
[47 INFO root] 0.4071430563926697 0.6976014375686646 2.9589393850260266
[47 INFO root] 0.4062524735927582 0.6977641582489014 2.9372301703615893
[47 INFO root] 0.405354380607605 0.6979482769966125 2.913497384435401
[47 INFO root] 0.4044441282749176 0.6981573700904846 2.8880595906673614
[47 INFO root] 0.4035176634788513 0.6983949542045593 2.8612654814920164
[47 INFO root] 0.40257203578948975 0.6986645460128784 2.833496890661508
[47 INFO root] 0.40160539746284485 0.698969304561615 2.805172147922979
[47 INFO root] 0.4006172716617584 0.6993117928504944 2.776743872716817
[47 INFO root] 0.3996087312698364 0.6996937990188599 2.7486916723011916
[47 INFO root] 0.39858224987983704 0.700115978717804 2.721510732187009
[47 INFO root] 0.39754167199134827 0.700577437877655 2.6956967841256936
[47 INFO root] 0.3964919149875641 0.7010759711265564 2.6717326124332947
[47 INFO root] 0.39543861150741577 0.7016077041625977 2.6500718547730906
[47 INFO root] 0.39438769221305847 0.7021673917770386 2.6311209871248145
[47 INFO root] 0.393344908952713 0.7027487754821777 2.615224632959147
[47 INFO root] 0.3923153877258301 0.7033447623252869 2.6026560888403063
[47 INFO root] 0.3913033902645111 0.7039481997489929 2.5936129075683008
[47 INFO root] 0.39031174778938293 0.704552173614502 2.588193188987828
[47 INFO root] 0.3893420100212097 0.7051504850387573 2.5864262354403604
[47 INFO root] 0.38839447498321533 0.7057379484176636 2.5882908917263023
[47 INFO root] 0.38746824860572815 0.7063102722167969 2.5937270386671587
[47 INFO root] 0.3865615129470825 0.7068642377853394 2.6026456032740968
[47 INFO root] 0.3856715261936188 0.7073975801467896 2.614936115929183
[47 INFO root] 0.38479486107826233 0.7079087495803833 2.6304718871037633
[47 INFO root] 0.3839273154735565 0.7083970904350281 2.6490860641719074
[47 INFO root] 0.38304603099823 0.7088721394538879 2.6680533339226895
[47 INFO root] 0.3821483850479126 0.7093342542648315 2.687016999993471
[47 INFO root] 0.38123461604118347 0.7097829580307007 2.705912354896168
[47 INFO root] 0.3803050220012665 0.7102177739143372 2.724673788205912
[47 INFO root] 0.379360169172287 0.7106383442878723 2.7432352796049124
[47 INFO root] 0.37843093276023865 0.7110314965248108 2.761377302032143
[47 INFO root] 0.37753212451934814 0.7113927006721497 2.7790264965336453
[47 INFO root] 0.3766615688800812 0.7117247581481934 2.7962107546131367
[47 INFO root] 0.37581586837768555 0.7120307683944702 2.8129576987506884
[47 INFO root] 0.3749924302101135 0.7123131155967712 2.829285690326688
[47 INFO root] 0.3741891086101532 0.7125740051269531 2.8452060122076817
[47 INFO root] 0.37340429425239563 0.7128150463104248 2.8607252863758816
[47 INFO root] 0.37263673543930054 0.7130377888679504 2.875846389272988
[47 INFO root] 0.3718854486942291 0.7132435441017151 2.8905699356124774
[47 INFO root] 0.37114962935447693 0.7134334444999695 2.9048949677637923
[47 INFO root] 0.3704287111759186 0.71360844373703 2.91881936897112
[47 INFO root] 0.3697222173213959 0.7137695550918579 2.932340180089206
[47 INFO root] 0.3690297603607178 0.7139175534248352 2.945454203312151
[47 INFO root] 0.3683510720729828 0.7140533924102783 2.958157798101516
[47 INFO root] 0.36768582463264465 0.714177668094635 2.970447619689697
[47 INFO root] 0.36703383922576904 0.7142912149429321 2.9823198413139624
[47 INFO root] 0.36639490723609924 0.7143946290016174 2.9937709358206686
[47 INFO root] 0.36576879024505615 0.7144886255264282 3.004797199199453
[47 INFO root] 0.36515530943870544 0.7145738005638123 3.015394993210059
[47 INFO root] 0.3645542562007904 0.7146506905555725 3.0255605931097236
[47 INFO root] 0.36396539211273193 0.7147199511528015 3.0352900072110147
[47 INFO root] 0.36338844895362854 0.7147820591926575 3.044579234860238
[47 INFO root] 0.3628232181072235 0.7148376107215881 3.0534238334214923
[47 INFO root] 0.36226940155029297 0.7148870825767517 3.0618192429213753
[47 INFO root] 0.36172667145729065 0.7149309515953064 3.0697604318222425
[47 INFO root] 0.3611947000026703 0.7149696350097656 3.077241819973191
[47 INFO root] 0.36067309975624084 0.7150036692619324 3.084257131163213
[47 INFO root] 0.3601614832878113 0.7150334119796753 3.090799594403255
[47 INFO root] 0.35965946316719055 0.7150592803955078 3.0968615393738363
[47 INFO root] 0.3591665029525757 0.7150816321372986 3.1024344974378835
[47 INFO root] 0.35868218541145325 0.715100884437561 3.1075089046548485
[47 INFO root] 0.3582059442996979 0.715117335319519 3.1120743711378913
[47 INFO root] 0.3577313721179962 0.7151315808296204 3.1166174269205382
[47 INFO root] 0.3572571575641632 0.7151436805725098 3.1212257360080597
[47 INFO root] 0.356783002614975 0.7151535153388977 3.1259006977356942
[47 INFO root] 0.35630863904953003 0.7151612043380737 3.130639020290135
[47 INFO root] 0.3558337390422821 0.7151666283607483 3.1354365753213926
[47 INFO root] 0.3553580045700073 0.7151697874069214 3.1402884753515745
[47 INFO root] 0.35488104820251465 0.7151706218719482 -3.1379961284653084
[47 INFO root] 0.3544025123119354 0.7151691317558289 -3.133052695120483
[47 INFO root] 0.3539220690727234 0.7151652574539185 -3.1280729948196786
[47 INFO root] 0.35343942046165466 0.715158998966217 -3.123063719110636
[47 INFO root] 0.35295426845550537 0.7151502370834351 -3.11803161099473
[47 INFO root] 0.3524664342403412 0.7151389718055725 -3.1129832782530458
[47 INFO root] 0.3519757390022278 0.7151252031326294 -3.1079250060885424
[47 INFO root] 0.3514821529388428 0.7151088118553162 -3.1028625808074124
[47 INFO root] 0.35098564624786377 0.7150898575782776 -3.0978011344222414
[47 INFO root] 0.3504863679409027 0.7150682210922241 -3.092745025737855
[47 INFO root] 0.34998446702957153 0.7150439023971558 -3.087697772465855
[47 INFO root] 0.34948018193244934 0.7150169610977173 -3.082662044127529
[47 INFO root] 0.3489738404750824 0.7149873375892639 -3.077639720029649
[47 INFO root] 0.34846577048301697 0.7149550914764404 -3.0726320106405556
[47 INFO root] 0.3479563295841217 0.714920163154602 -3.067639634752298
[47 INFO root] 0.34744587540626526 0.7148825526237488 -3.062663039725652
[47 INFO root] 0.3469346761703491 0.7148423790931702 -3.057702648632082
[47 INFO root] 0.3464230000972748 0.7147996425628662 -3.0527591167798365
[47 INFO root] 0.3459109961986542 0.7147542834281921 -3.04783358085904
[47 INFO root] 0.3453986942768097 0.7147063612937927 -3.042927886364797
[47 INFO root] 0.34488600492477417 0.714655876159668 -3.0380447822984533
[47 INFO root] 0.3443727195262909 0.7146027684211731 -3.0331880755733915
[47 INFO root] 0.3438584804534912 0.7145470976829529 -3.0283627402988147
[47 INFO root] 0.34334275126457214 0.714488685131073 -3.02357497865084
[47 INFO root] 0.3428248465061188 0.7144275307655334 -3.018832230158838
[47 INFO root] 0.3423040211200714 0.7143635153770447 -3.0141431250858046
[47 INFO root] 0.34177932143211365 0.7142965197563171 -3.0095173756844997
[47 INFO root] 0.3412497043609619 0.7142264246940613 -3.004965597360522
[47 INFO root] 0.34071406722068787 0.714152991771698 -3.0004990513725733
[47 INFO root] 0.34017127752304077 0.7140761613845825 -2.996129303035517
[47 INFO root] 0.3396201431751251 0.713995635509491 -2.9918677957073987
[47 INFO root] 0.3390595614910126 0.7139113545417786 -2.987725351700875
[47 INFO root] 0.33848851919174194 0.7138230204582214 -2.9837116259173806
[47 INFO root] 0.3379061222076416 0.71373051404953 -2.9798342869437255
[47 INFO root] 0.337311714887619 0.7136337757110596 -2.976098866395791
[47 INFO root] 0.33670952916145325 0.7135334014892578 -2.972457190791043
[47 INFO root] 0.33610451221466064 0.7134302854537964 -2.968853155659681
[47 INFO root] 0.3355010449886322 0.7133252620697021 -2.965236671841539
[47 INFO root] 0.33490294218063354 0.7132188677787781 -2.961563954288333
[47 INFO root] 0.334313303232193 0.7131118178367615 -2.9577966015098336
[47 INFO root] 0.33373478055000305 0.713004469871521 -2.953900788383193
[47 INFO root] 0.33316949009895325 0.7128973603248596 -2.9498466162657295
[47 INFO root] 0.3326190710067749 0.7127907276153564 -2.9456076091035968
[47 INFO root] 0.3320848047733307 0.7126849293708801 -2.9411603391017347
[47 INFO root] 0.3315674960613251 0.7125800848007202 -2.936484165674383
[47 INFO root] 0.33106765151023865 0.7124763131141663 -2.9315610739065314
[47 INFO root] 0.33058539032936096 0.7123737931251526 -2.9263756019586085
[47 INFO root] 0.33012059330940247 0.7122724056243896 -2.9209148491419152
[47 INFO root] 0.32967278361320496 0.712172269821167 -2.915168407776842
[47 INFO root] 0.3292413055896759 0.7120730876922607 -2.9091284184951007
[47 INFO root] 0.3288251459598541 0.7119748592376709 -2.902789745410277
[47 INFO root] 0.3284231722354889 0.7118772864341736 -2.8961502109122255
[47 INFO root] 0.3280339539051056 0.7117800712585449 -2.8892108549451065
[47 INFO root] 0.32765594124794006 0.7116828560829163 -2.881976189732515
[47 INFO root] 0.32728731632232666 0.7115852236747742 -2.874454418482395
[47 INFO root] 0.3269261419773102 0.7114866971969604 -2.866657584677894
[47 INFO root] 0.3265703618526459 0.7113866209983826 -2.8586016191939914
[47 INFO root] 0.32621780037879944 0.7112843990325928 -2.8503062566398256
[47 INFO root] 0.3258662223815918 0.7111793160438538 -2.841794800580188
[47 INFO root] 0.32551342248916626 0.7110705971717834 -2.8330937227982833
[47 INFO root] 0.3251572251319885 0.710957407951355 -2.8242321079332853
[47 INFO root] 0.3248089551925659 0.7108433842658997 -2.8159039594534554
[47 INFO root] 0.3244988024234772 0.7107389569282532 -2.8097917573445117
[47 INFO root] 0.3242221176624298 0.7106438279151917 -2.8060356853204373
[47 INFO root] 0.32397061586380005 0.7105562686920166 -2.80460308490386
[47 INFO root] 0.32373708486557007 0.7104744911193848 -2.8054720250267464
[47 INFO root] 0.3235151469707489 0.7103968858718872 -2.8086275756800023
[47 INFO root] 0.32329922914505005 0.7103221416473389 -2.814058629606441
[47 INFO root] 0.3230843245983124 0.7102490067481995 -2.821755616376644
[47 INFO root] 0.32286590337753296 0.7101764678955078 -2.8317089057460714
[47 INFO root] 0.32263997197151184 0.7101039290428162 -2.8439156335855342
[47 INFO root] 0.32240304350852966 0.7100309133529663 -2.8583887911589696
[47 INFO root] 0.322151780128479 0.7099574208259583 -2.8751428292237304
[47 INFO root] 0.32188287377357483 0.7098835706710815 -2.894189340198686
[47 INFO root] 0.3215930461883545 0.7098097801208496 -2.9155356805021424
[47 INFO root] 0.321278840303421 0.7097368836402893 -2.9391834310762395
[47 INFO root] 0.32093673944473267 0.7096658945083618 -2.965126406008655
[47 INFO root] 0.32056310772895813 0.7095983624458313 -2.9933481245886844
[47 INFO root] 0.32015421986579895 0.7095361948013306 -3.0238186647979526
[47 INFO root] 0.3197063207626343 0.7094818949699402 -3.0564904668282935
[47 INFO root] 0.3192158043384552 0.7094385623931885 -3.0912938269210706
[47 INFO root] 0.31867995858192444 0.7094098329544067 -3.1281300810503265
[47 INFO root] 0.31809696555137634 0.7093999981880188 3.116315073661464
[47 INFO root] 0.31746530532836914 0.7094137072563171 3.0758331207392535
[47 INFO root] 0.31678375601768494 0.7094560265541077 3.0338109787412786
[47 INFO root] 0.31605175137519836 0.7095323204994202 2.9904962907486103
[47 INFO root] 0.3152698874473572 0.7096481323242188 2.9461923500448703
[47 INFO root] 0.3144402503967285 0.7098087072372437 2.90124590869554
[47 INFO root] 0.3135664165019989 0.7100189328193665 2.8560377536362855
[47 INFO root] 0.3126536011695862 0.7102826833724976 2.810976109330749
[47 INFO root] 0.31170862913131714 0.7106024622917175 2.7664878126463095
[47 INFO root] 0.3107396364212036 0.7109792232513428 2.72300659536449
[47 INFO root] 0.30975592136383057 0.7114118337631226 2.6809592259554424
[47 INFO root] 0.3087673485279083 0.7118973731994629 2.640750837047859
[47 INFO root] 0.30778393149375916 0.7124306559562683 2.6027510988436706
[47 INFO root] 0.3068152070045471 0.7130048274993896 2.5672828977439206
[47 INFO root] 0.30586978793144226 0.7136118412017822 2.534614804252617
[47 INFO root] 0.30495500564575195 0.7142425775527954 2.504957956285958
[47 INFO root] 0.3040766417980194 0.7148879170417786 2.4784672344427343
[47 INFO root] 0.30323874950408936 0.715538740158081 2.4552459738994887
[47 INFO root] 0.30244380235671997 0.7161868214607239 2.4353530861276558
[47 INFO root] 0.30169281363487244 0.7168247103691101 2.4188113865912584
[47 INFO root] 0.3009854555130005 0.7174464464187622 2.4056160812335414
[47 INFO root] 0.3003203570842743 0.7180472016334534 2.3957426495552223
[47 INFO root] 0.2996906340122223 0.7186278104782104 2.3888605545741504
[47 INFO root] 0.2990580201148987 0.7192195653915405 2.3827336159474295
[47 INFO root] 0.29841867089271545 0.7198251485824585 2.377117751609693
[47 INFO root] 0.2977730333805084 0.720443606376648 2.3720048829858373
[47 INFO root] 0.29712149500846863 0.7210742235183716 2.367388642949831
[47 INFO root] 0.29646438360214233 0.7217161655426025 2.3632653098507483
[47 INFO root] 0.2958018481731415 0.7223688960075378 2.359633371884324
[47 INFO root] 0.2951340079307556 0.7230316400527954 2.3564931091356778
[47 INFO root] 0.2944609820842743 0.7237038612365723 2.3538462086113507
[47 INFO root] 0.29378268122673035 0.7243850231170654 2.3516954112710717
[47 INFO root] 0.29309913516044617 0.7250744104385376 2.3500441896904016
[47 INFO root] 0.2924102544784546 0.7257716655731201 2.3488964549309634
[47 INFO root] 0.2917158603668213 0.7264760732650757 2.3482562912444616
[47 INFO root] 0.2910158634185791 0.7271871566772461 2.3481277173418187
[47 INFO root] 0.29031455516815186 0.7278998494148254 2.348119979859189
[47 INFO root] 0.28961318731307983 0.7286126613616943 2.348119979859189
[47 INFO root] 0.2889118194580078 0.7293254733085632 2.348119979859189
[47 INFO root] 0.2882104516029358 0.7300382256507874 2.348119979859189
[47 INFO root] 0.2875090539455414 0.7307510375976562 2.348119979859189
[47 INFO root] 0.28680768609046936 0.7314638495445251 2.348119979859189
[47 INFO root] 0.28610631823539734 0.7321766018867493 2.348119979859189
[47 INFO root] 0.2854049503803253 0.7328894138336182 2.348119979859189
[47 INFO root] 0.2847035825252533 0.7336022257804871 2.348119979859189
[47 INFO root] 0.2840021848678589 0.7343149781227112 2.348119979859189
[47 INFO root] 0.28330081701278687 0.7350277900695801 2.348119979859189
[47 INFO root] 0.28259944915771484 0.735740602016449 2.348119979859189
[47 INFO root] 0.2818980813026428 0.7364533543586731 2.348119979859189
[47 INFO root] 0.2811966836452484 0.737166166305542 2.348119979859189
[47 INFO root] 0.2804953157901764 0.7378789782524109 2.348119979859189
[47 INFO root] 0.27979394793510437 0.7385917901992798 2.348119979859189
[47 INFO root] 0.27909258008003235 0.7393045425415039 2.348119979859189
[47 INFO root] 0.2783912122249603 0.7400173544883728 2.348119979859189
[47 INFO root] 0.2776898145675659 0.7407301664352417 2.348119979859189
[47 INFO root] 0.2769884467124939 0.7414429187774658 2.348119979859189
[47 INFO root] 0.2762870788574219 0.7421557307243347 2.348119979859189
[47 INFO root] 0.27558571100234985 0.7428685426712036 2.348119979859189
[47 INFO root] 0.27488434314727783 0.7435812950134277 2.348119979859189
[47 INFO root] 0.2741829454898834 0.7442941069602966 2.348119979859189
[47 INFO root] 0.2734815776348114 0.7450069189071655 2.348119979859189
[47 INFO root] 0.2727802097797394 0.7457196712493896 2.348119979859189
[47 INFO root] 0.27207884192466736 0.7464324831962585 2.348119979859189
[47 INFO root] 0.27137744426727295 0.7471452951431274 2.348119979859189
[47 INFO root] 0.2706760764122009 0.7478580474853516 2.348119979859189
[47 INFO root] 0.2699747085571289 0.7485708594322205 2.348119979859189
[47 INFO root] 0.2692733407020569 0.7492836713790894 2.348119979859189
[47 INFO root] 0.26857197284698486 0.7499964833259583 2.348119979859189
[47 INFO root] 0.26787057518959045 0.7507092356681824 2.348119979859189
[47 INFO root] 0.26716920733451843 0.7514220476150513 2.348119979859189
[47 INFO root] 0.2664678394794464 0.7521348595619202 2.348119979859189
[47 INFO root] 0.2657664716243744 0.7528476119041443 2.348119979859189
[47 INFO root] 0.26506510376930237 0.7535604238510132 2.348119979859189
[47 INFO root] 0.26436370611190796 0.7542732357978821 2.348119979859189
[47 INFO root] 0.26366233825683594 0.7549859881401062 2.348119979859189
[47 INFO root] 0.2629609704017639 0.7556988000869751 2.348119979859189
[47 INFO root] 0.2622629404067993 0.7564082145690918 2.348501568427824
[47 INFO root] 0.261575311422348 0.7571065425872803 2.350100374046498
[47 INFO root] 0.2608979642391205 0.7577924132347107 2.352989127399277
[47 INFO root] 0.2602297067642212 0.7584653496742249 2.3571492704580486
[47 INFO root] 0.2595694065093994 0.7591249346733093 2.3625617900252585
[47 INFO root] 0.25891581177711487 0.7597709894180298 2.3692073593269107
[47 INFO root] 0.2582676410675049 0.7604033350944519 2.377066619164459
[47 INFO root] 0.2576236128807068 0.7610220313072205 2.386119940071939
[47 INFO root] 0.25698235630989075 0.7616271376609802 2.3963477357429284
[47 INFO root] 0.25634250044822693 0.7622187733650208 2.4077301500642054
[47 INFO root] 0.2557026147842407 0.7627972364425659 2.4202468853991936
[47 INFO root] 0.2550613284111023 0.7633626461029053 2.433877307088131
[47 INFO root] 0.2544171214103699 0.7639153003692627 2.448599756151347
[47 INFO root] 0.2537685036659241 0.7644555568695068 2.4643915104184937
[47 INFO root] 0.2531139552593231 0.7649835348129272 2.4812286864709248
[47 INFO root] 0.25245189666748047 0.7654995322227478 2.49908529448759
[47 INFO root] 0.25178077816963196 0.7660037279129028 2.5179332771067333
[47 INFO root] 0.25109899044036865 0.7664961814880371 2.5377419771853127
[47 INFO root] 0.2504049241542816 0.7669770121574402 2.5584774588800694
[47 INFO root] 0.24969695508480072 0.7674461007118225 2.5801023751587646
[47 INFO root] 0.2489735335111618 0.7679033279418945 2.6025751063716824
[47 INFO root] 0.24823306500911713 0.7683483958244324 2.6258495663824415
[47 INFO root] 0.2474740594625473 0.7687810063362122 2.6498745399642476
[47 INFO root] 0.24669507145881653 0.7692006230354309 2.674593632116635
[47 INFO root] 0.24589474499225616 0.7696065902709961 2.6999446383940606
[47 INFO root] 0.2450718730688095 0.7699981927871704 2.7258592731689983
[47 INFO root] 0.2442253977060318 0.7703744769096375 2.752263240211856
[47 INFO root] 0.2433544248342514 0.770734429359436 2.7790759129366767
[47 INFO root] 0.242458313703537 0.771077036857605 2.8062105629956755
[47 INFO root] 0.24153664708137512 0.771401047706604 2.833574988397464
[47 INFO root] 0.24058930575847626 0.7717052102088928 2.861071554615375
[47 INFO root] 0.23961646854877472 0.7719883918762207 2.8885979741748438
[47 INFO root] 0.23861859738826752 0.7722492218017578 2.916048568548364
[47 INFO root] 0.2375965565443039 0.7724866271018982 2.9433145791109045
[47 INFO root] 0.23655147850513458 0.7726995348930359 2.9702860023597464
[47 INFO root] 0.23548485338687897 0.7728869915008545 2.9968526227405565
[47 INFO root] 0.2343984693288803 0.7730482816696167 3.022905302516681
[47 INFO root] 0.23329436779022217 0.7731828093528748 3.04833751646051
[47 INFO root] 0.23217487335205078 0.7732903361320496 3.0730464288364474
[47 INFO root] 0.23104248940944672 0.7733708620071411 3.0969344819473603
[47 INFO root] 0.2298998236656189 0.7734246850013733 3.1199104769124713
[47 INFO root] 0.22874963283538818 0.7734522223472595 -3.1412947632871813
[47 INFO root] 0.22759465873241425 0.7734544277191162 -3.1203868045581897
[47 INFO root] 0.22643762826919556 0.7734323143959045 -3.100618276060289
[47 INFO root] 0.22528120875358582 0.7733871936798096 -3.0820478090931873
[47 INFO root] 0.22412793338298798 0.7733205556869507 -3.0647251462971905
[47 INFO root] 0.22298014163970947 0.7732341885566711 -3.0486913379669454
[47 INFO root] 0.2218400090932846 0.7731298208236694 -3.033978754771858
[47 INFO root] 0.22070948779582977 0.7730093598365784 -3.020612018673601
[47 INFO root] 0.21959026157855988 0.7728748321533203 -3.008608424657301
[47 INFO root] 0.21848377585411072 0.7727282047271729 -2.997978450152797
[47 INFO root] 0.217391237616539 0.7725713849067688 -2.9887266711916767
[47 INFO root] 0.21631355583667755 0.7724063992500305 -2.9808526441816086
[47 INFO root] 0.21525144577026367 0.7722350358963013 -2.974351274717699
[47 INFO root] 0.21420533955097198 0.7720591425895691 -2.969213902113184
[47 INFO root] 0.2131754755973816 0.7718803882598877 -2.965428671700193
[47 INFO root] 0.2121618688106537 0.771700382232666 -2.962981291455813
[47 INFO root] 0.21116434037685394 0.7715205550193787 -2.9618554761609284
[47 INFO root] 0.21017923951148987 0.7713416814804077 -2.961756093800432
[47 INFO root] 0.20919537544250488 0.7711628079414368 -2.961756093800432
[47 INFO root] 0.2082114964723587 0.7709839344024658 -2.961756093800432
[47 INFO root] 0.20722761750221252 0.7708050608634949 -2.961756093800432
[47 INFO root] 0.20624375343322754 0.7706261873245239 -2.961756093800432
[47 INFO root] 0.20525987446308136 0.770447313785553 -2.961756093800432
[47 INFO root] 0.20427601039409637 0.770268440246582 -2.961756093800432
[47 INFO root] 0.2032921314239502 0.7700895667076111 -2.961756093800432
[47 INFO root] 0.20230825245380402 0.7699106931686401 -2.961756093800432
[47 INFO root] 0.20132438838481903 0.7697318196296692 -2.961756093800432
[47 INFO root] 0.20034050941467285 0.769553005695343 -2.961756093800432
[47 INFO root] 0.19935664534568787 0.7693741321563721 -2.961756093800432
[47 INFO root] 0.1983727663755417 0.7691952586174011 -2.961756093800432
[47 INFO root] 0.1973889023065567 0.7690163850784302 -2.961756093800432
[47 INFO root] 0.19640502333641052 0.7688375115394592 -2.961756093800432
[47 INFO root] 0.19542114436626434 0.7686586380004883 -2.961756093800432
[47 INFO root] 0.19443728029727936 0.7684797644615173 -2.961756093800432
[47 INFO root] 0.19345340132713318 0.7683008909225464 -2.961756093800432
[47 INFO root] 0.1924695372581482 0.7681220173835754 -2.961756093800432
[47 INFO root] 0.19148565828800201 0.7679431438446045 -2.961756093800432
[47 INFO root] 0.19050177931785583 0.7677642703056335 -2.961756093800432
[47 INFO root] 0.18951791524887085 0.7675853967666626 -2.961756093800432
[47 INFO root] 0.18853403627872467 0.7674065828323364 -2.961756093800432
[47 INFO root] 0.18755017220973969 0.7672277092933655 -2.961756093800432
[47 INFO root] 0.1865662932395935 0.7670488357543945 -2.961756093800432
[47 INFO root] 0.18558241426944733 0.7668699622154236 -2.961756093800432
[47 INFO root] 0.18459855020046234 0.7666910886764526 -2.961756093800432
[47 INFO root] 0.18361467123031616 0.7665122151374817 -2.961756093800432
[47 INFO root] 0.18263080716133118 0.7663333415985107 -2.961756093800432
[47 INFO root] 0.181646928191185 0.7661544680595398 -2.961756093800432
[47 INFO root] 0.18066304922103882 0.7659755945205688 -2.961756093800432
[47 INFO root] 0.17967918515205383 0.7657967209815979 -2.961756093800432
[47 INFO root] 0.17869530618190765 0.765617847442627 -2.961756093800432
[47 INFO root] 0.17771144211292267 0.765438973903656 -2.961756093800432
[47 INFO root] 0.1767275631427765 0.7652601003646851 -2.961756093800432
[47 INFO root] 0.1757436841726303 0.7650812864303589 -2.961756093800432
[47 INFO root] 0.17475982010364532 0.7649024128913879 -2.961756093800432
[47 INFO root] 0.17377594113349915 0.764723539352417 -2.961756093800432
[47 INFO root] 0.17279207706451416 0.764544665813446 -2.961756093800432
[47 INFO root] 0.17180819809436798 0.7643657922744751 -2.961756093800432
[47 INFO root] 0.1708243191242218 0.7641869187355042 -2.961756093800432
[47 INFO root] 0.16984045505523682 0.7640080451965332 -2.961756093800432
[47 INFO root] 0.16885657608509064 0.7638291716575623 -2.961756093800432
[47 INFO root] 0.16787271201610565 0.7636502981185913 -2.961756093800432
[47 INFO root] 0.16688883304595947 0.7634714245796204 -2.961756093800432
[47 INFO root] 0.1659049689769745 0.7632925510406494 -2.961756093800432
[47 INFO root] 0.1649210900068283 0.7631136775016785 -2.961756093800432
[47 INFO root] 0.16393721103668213 0.7629348635673523 -2.961756093800432
[47 INFO root] 0.16295334696769714 0.7627559900283813 -2.961756093800432
[47 INFO root] 0.16196946799755096 0.7625771164894104 -2.961756093800432
[47 INFO root] 0.16098560392856598 0.7623982429504395 -2.961756093800432
[47 INFO root] 0.1600017249584198 0.7622193694114685 -2.961756093800432
[47 INFO root] 0.15901784598827362 0.7620404958724976 -2.961756093800432
[47 INFO root] 0.15803398191928864 0.7618616223335266 -2.961756093800432
[47 INFO root] 0.15705010294914246 0.7616827487945557 -2.961756093800432
[47 INFO root] 0.15606623888015747 0.7615038752555847 -2.961756093800432
[47 INFO root] 0.1550823599100113 0.7613250017166138 -2.961756093800432
[47 INFO root] 0.1540984809398651 0.7611461281776428 -2.961756093800432
[47 INFO root] 0.15311461687088013 0.7609672546386719 -2.961756093800432
[47 INFO root] 0.15213073790073395 0.7607883810997009 -2.961756093800432
[47 INFO root] 0.15114687383174896 0.7606095671653748 -2.961756093800432
[47 INFO root] 0.15016299486160278 0.7604306936264038 -2.961756093800432
[47 INFO root] 0.1491791158914566 0.7602518200874329 -2.961756093800432
[47 INFO root] 0.14819525182247162 0.7600729465484619 -2.961756093800432
[47 INFO root] 0.14721137285232544 0.759894073009491 -2.961756093800432
[47 INFO root] 0.14622750878334045 0.75971519947052 -2.961756093800432
[47 INFO root] 0.14524362981319427 0.7595363259315491 -2.961756093800432
[47 INFO root] 0.1442597508430481 0.7593574523925781 -2.961756093800432
[47 INFO root] 0.1432758867740631 0.7591785788536072 -2.961756093800432
[47 INFO root] 0.14229200780391693 0.7589997053146362 -2.961756093800432
[47 INFO root] 0.14130814373493195 0.7588208317756653 -2.961756093800432
[47 INFO root] 0.14032426476478577 0.7586419582366943 -2.961756093800432
[47 INFO root] 0.1393403857946396 0.7584631443023682 -2.961756093800432
[47 INFO root] 0.1383565217256546 0.7582842707633972 -2.961756093800432
[47 INFO root] 0.13737264275550842 0.7581053972244263 -2.961756093800432
[47 INFO root] 0.13638877868652344 0.7579265236854553 -2.961756093800432
[47 INFO root] 0.13540489971637726 0.7577476501464844 -2.961756093800432
[47 INFO root] 0.13442103564739227 0.7575687766075134 -2.961756093800432
[47 INFO root] 0.1334371566772461 0.7573899030685425 -2.961756093800432
[47 INFO root] 0.13245327770709991 0.7572110295295715 -2.961756093800432
[47 INFO root] 0.13146941363811493 0.7570321559906006 -2.961756093800432
[47 INFO root] 0.13048553466796875 0.7568532824516296 -2.961756093800432
[47 INFO root] 0.12950167059898376 0.7566744089126587 -2.961756093800432
[47 INFO root] 0.12851779162883759 0.7564955353736877 -2.961756093800432
[47 INFO root] 0.1275339126586914 0.7563166618347168 -2.961756093800432
[47 INFO root] 0.12655004858970642 0.7561378479003906 -2.961756093800432
[47 INFO root] 0.12556616961956024 0.7559589743614197 -2.961756093800432
[47 INFO root] 0.12458229809999466 0.7557801008224487 -2.961756093800432
[47 INFO root] 0.12359842658042908 0.7556012272834778 -2.961756093800432
[47 INFO root] 0.1226145550608635 0.7554223537445068 -2.961756093800432
[47 INFO root] 0.12163068354129791 0.7552434802055359 -2.961756093800432
[47 INFO root] 0.12064680457115173 0.7550646066665649 -2.961756093800432
[47 INFO root] 0.11966293305158615 0.754885733127594 -2.961756093800432
[47 INFO root] 0.11867906153202057 0.754706859588623 -2.961756093800432
[47 INFO root] 0.11769519001245499 0.7545279860496521 -2.961756093800432
[47 INFO root] 0.1167113184928894 0.7543491125106812 -2.961756093800432
[47 INFO root] 0.11572743952274323 0.7541702389717102 -2.961756093800432
[47 INFO root] 0.11474356800317764 0.753991425037384 -2.961756093800432
[47 INFO root] 0.11375969648361206 0.7538125514984131 -2.961756093800432
[47 INFO root] 0.11277582496404648 0.7536336779594421 -2.961756093800432
[47 INFO root] 0.1117919534444809 0.7534548044204712 -2.961756093800432
[47 INFO root] 0.11080808192491531 0.7532759308815002 -2.961756093800432
[47 INFO root] 0.10982420295476913 0.7530970573425293 -2.961756093800432
[47 INFO root] 0.10884033143520355 0.7529181838035583 -2.961756093800432
[47 INFO root] 0.10785645991563797 0.7527393102645874 -2.961756093800432
[47 INFO root] 0.10687258839607239 0.7525604367256165 -2.961756093800432
[47 INFO root] 0.1058887168765068 0.7523815631866455 -2.961756093800432
[47 INFO root] 0.10490483790636063 0.7522026896476746 -2.961756093800432
[47 INFO root] 0.10392096638679504 0.7520238161087036 -2.961756093800432
[47 INFO root] 0.10293709486722946 0.7518449425697327 -2.961756093800432
[47 INFO root] 0.10195322334766388 0.7516661286354065 -2.961756093800432
[47 INFO root] 0.1009693518280983 0.7514872550964355 -2.961756093800432
[47 INFO root] 0.09998547285795212 0.7513083815574646 -2.961756093800432
[47 INFO root] 0.09900160133838654 0.7511295080184937 -2.961756093800432
[47 INFO root] 0.09801772981882095 0.7509506344795227 -2.961756093800432
[47 INFO root] 0.09703385829925537 0.7507717609405518 -2.961756093800432
[47 INFO root] 0.09604998677968979 0.7505928874015808 -2.961756093800432
[47 INFO root] 0.0950661152601242 0.7504140138626099 -2.961756093800432
[47 INFO root] 0.09408223628997803 0.7502351403236389 -2.961756093800432
[47 INFO root] 0.09309836477041245 0.750056266784668 -2.961756093800432
[47 INFO root] 0.09211449325084686 0.749877393245697 -2.961756093800432
[47 INFO root] 0.09113062173128128 0.7496985197067261 -2.961756093800432
[47 INFO root] 0.0901467502117157 0.7495197057723999 -2.961756093800432
[47 INFO root] 0.08916287124156952 0.749340832233429 -2.961756093800432
[47 INFO root] 0.08817899972200394 0.749161958694458 -2.961756093800432
[47 INFO root] 0.08719512820243835 0.7489830851554871 -2.961756093800432
[47 INFO root] 0.08621125668287277 0.7488042116165161 -2.961756093800432
[47 INFO root] 0.08522738516330719 0.7486253380775452 -2.961756093800432
[47 INFO root] 0.08424350619316101 0.7484464645385742 -2.961756093800432
[47 INFO root] 0.08325963467359543 0.7482675909996033 -2.961756093800432
[47 INFO root] 0.08227576315402985 0.7480887174606323 -2.961756093800432
[47 INFO root] 0.08129189163446426 0.7479098439216614 -2.961756093800432
[47 INFO root] 0.08030802011489868 0.7477309703826904 -2.961756093800432
[47 INFO root] 0.0793241485953331 0.7475520968437195 -2.961756093800432
[47 INFO root] 0.07834026962518692 0.7473732233047485 -2.961756093800432
[47 INFO root] 0.07735639810562134 0.7471944093704224 -2.961756093800432
[47 INFO root] 0.07637252658605576 0.7470155358314514 -2.961756093800432
[47 INFO root] 0.07538865506649017 0.7468366622924805 -2.961756093800432
[47 INFO root] 0.07440478354692459 0.7466577887535095 -2.961756093800432
[47 INFO root] 0.07342090457677841 0.7464789152145386 -2.961756093800432
[47 INFO root] 0.07243703305721283 0.7463000416755676 -2.961756093800432
[47 INFO root] 0.07145316153764725 0.7461211681365967 -2.961756093800432
[47 INFO root] 0.07046929001808167 0.7459422945976257 -2.961756093800432
[47 INFO root] 0.06948541849851608 0.7457634210586548 -2.961756093800432
[47 INFO root] 0.0685015395283699 0.7455845475196838 -2.961756093800432
[47 INFO root] 0.06751766800880432 0.7454056739807129 -2.961756093800432
[47 INFO root] 0.06653379648923874 0.7452268004417419 -2.961756093800432
[47 INFO root] 0.06554992496967316 0.7450479865074158 -2.961756093800432
[47 INFO root] 0.06456605345010757 0.7448691129684448 -2.961756093800432
[47 INFO root] 0.0635821744799614 0.7446902394294739 -2.961756093800432
[47 INFO root] 0.06259830296039581 0.7445113658905029 -2.961756093800432
[47 INFO root] 0.06161443144083023 0.744332492351532 -2.961756093800432
[47 INFO root] 0.06063055992126465 0.744153618812561 -2.961756093800432
[47 INFO root] 0.05964668467640877 0.7439747452735901 -2.961756093800432
[47 INFO root] 0.058662813156843185 0.7437958717346191 -2.961756093800432
[47 INFO root] 0.0576789416372776 0.7436169981956482 -2.961756093800432
[47 INFO root] 0.05669506639242172 0.7434381246566772 -2.961756093800432
[47 INFO root] 0.05571119487285614 0.7432592511177063 -2.961756093800432
[47 INFO root] 0.05472732335329056 0.7430803775787354 -2.961756093800432
[47 INFO root] 0.05374344810843468 0.7429015040397644 -2.961756093800432
[47 INFO root] 0.052759576588869095 0.7427226901054382 -2.961756093800432
[47 INFO root] 0.051775701344013214 0.7425438165664673 -2.961756093800432
[47 INFO root] 0.05079182982444763 0.7423649430274963 -2.961756093800432
[47 INFO root] 0.04980795830488205 0.7421860694885254 -2.961756093800432
[47 INFO root] 0.04882408306002617 0.7420071959495544 -2.961756093800432
[47 INFO root] 0.04784021154046059 0.7418283224105835 -2.961756093800432
[47 INFO root] 0.046856340020895004 0.7416494488716125 -2.961756093800432
[47 INFO root] 0.045872464776039124 0.7414705753326416 -2.961756093800432
[47 INFO root] 0.04488859325647354 0.7412917017936707 -2.961756093800432
[47 INFO root] 0.04390471801161766 0.7411128282546997 -2.961756093800432
[47 INFO root] 0.04292084649205208 0.7409339547157288 -2.961756093800432
[47 INFO root] 0.041936974972486496 0.7407550811767578 -2.961756093800432
[47 INFO root] 0.040953099727630615 0.7405762672424316 -2.961756093800432
[47 INFO root] 0.03996922820806503 0.7403973937034607 -2.961756093800432
[47 INFO root] 0.03898535668849945 0.7402185201644897 -2.961756093800432
[47 INFO root] 0.03800148144364357 0.7400396466255188 -2.961756093800432
[47 INFO root] 0.03701760992407799 0.7398607730865479 -2.961756093800432
[47 INFO root] 0.03603373467922211 0.7396818995475769 -2.961756093800432
[47 INFO root] 0.035049863159656525 0.739503026008606 -2.961756093800432
[47 INFO root] 0.03406599164009094 0.739324152469635 -2.961756093800432
[47 INFO root] 0.03308211639523506 0.7391452789306641 -2.961756093800432
[47 INFO root] 0.03209824487566948 0.7389664053916931 -2.961756093800432
[47 INFO root] 0.031114371493458748 0.7387875318527222 -2.961756093800432
[47 INFO root] 0.030130498111248016 0.7386086583137512 -2.961756093800432
[47 INFO root] 0.029146626591682434 0.7384297847747803 -2.961756093800432
[47 INFO root] 0.028162753209471703 0.7382509708404541 -2.961756093800432
[47 INFO root] 0.02717887982726097 0.7380720973014832 -2.961756093800432
[47 INFO root] 0.02619500644505024 0.7378932237625122 -2.961756093800432
[47 INFO root] 0.025211134925484657 0.7377143502235413 -2.961756093800432
[47 INFO root] 0.024227261543273926 0.7375354766845703 -2.961756093800432
[47 INFO root] 0.023243388161063194 0.7373566031455994 -2.961756093800432
[47 INFO root] 0.022259514778852463 0.7371777296066284 -2.961756093800432
[47 INFO root] 0.02127564325928688 0.7369988560676575 -2.961756093800432
[47 INFO root] 0.02029176987707615 0.7368199825286865 -2.961756093800432
[47 INFO root] 0.019307896494865417 0.7366411089897156 -2.961756093800432
[47 INFO root] 0.018324023112654686 0.7364622354507446 -2.961756093800432
[47 INFO root] 0.017340151593089104 0.7362833619117737 -2.961756093800432
[47 INFO root] 0.016356278210878372 0.7361045479774475 -2.961756093800432
[47 INFO root] 0.01537240482866764 0.7359256744384766 -2.961756093800432
[47 INFO root] 0.014388532377779484 0.7357468008995056 -2.961756093800432
[47 INFO root] 0.013404658995568752 0.7355679273605347 -2.961756093800432
[47 INFO root] 0.012420786544680595 0.7353890538215637 -2.961756093800432
[47 INFO root] 0.011433068662881851 0.7352094650268555 -2.9619321680073707
[47 INFO root] 0.0104330163449049 0.7350278496742249 -2.962668608838395
[47 INFO root] 0.009420780465006828 0.7348446846008301 -2.9639478337465577
[47 INFO root] 0.008397514931857586 0.7346608638763428 -2.9657047275285553
[47 INFO root] 0.00736429076641798 0.7344770431518555 -2.9678782624547564
[47 INFO root] 0.006322091910988092 0.7342938780784607 -2.970411979826943
[47 INFO root] 0.005271831061691046 0.7341120839118958 -2.9732538795765726
[47 INFO root] 0.004214356187731028 0.7339320182800293 -2.976356281775499
[47 INFO root] 0.0031504565849900246 0.7337542772293091 -2.979675668091447
[47 INFO root] 0.002081665676087141 0.7335793375968933 -2.9831386043799495
[47 INFO root] 0.0010099394712597132 0.733407735824585 -2.9866572579411823
[47 INFO root] -6.298684456851333e-05 0.7332397699356079 -2.9901573077628374
[47 INFO root] -0.0011357255280017853 0.7330756783485413 -2.993582503449559
[47 INFO root] -0.0022072310093790293 0.7329155206680298 -2.996893344850354
[47 INFO root] -0.0032767856027930975 0.7327592968940735 -3.0000653843329808
[47 INFO root] -0.00434398278594017 0.7326068878173828 -3.003087595473345
[47 INFO root] -0.005408711265772581 0.7324581742286682 -3.0059608144822123
[47 INFO root] -0.006471132393926382 0.7323128581047058 -3.008696240195418
[47 INFO root] -0.007531661074608564 0.7321707606315613 -3.0113139725090363
[47 INFO root] -0.008590937592089176 0.7320317029953003 -3.0138415658258264
[47 INFO root] -0.00964980199933052 0.7318954467773438 -3.0163125732363247
[47 INFO root] -0.010709259659051895 0.7317617535591125 -3.018765059125918
[47 INFO root] -0.01177044678479433 0.7316304445266724 -3.021240062992988
[47 INFO root] -0.012834595516324043 0.7315015196800232 -3.0237800056766457
[47 INFO root] -0.013902989216148853 0.7313748002052307 -3.026427040887975
[47 INFO root] -0.014976919628679752 0.7312502861022949 -3.0292213695184906
[47 INFO root] -0.01605764590203762 0.7311279773712158 -3.0321995507789805
[47 INFO root] -0.017146337777376175 0.7310081124305725 -3.0353928613419523
[47 INFO root] -0.01824403926730156 0.7308907508850098 -3.0388257692845366
[47 INFO root] -0.019351616501808167 0.7307761311531067 -3.0425146012745783
[47 INFO root] -0.02046971209347248 0.7306645512580872 -3.046466486488296
[47 INFO root] -0.02159871719777584 0.7305564284324646 -3.050678656900857
[47 INFO root] -0.02273872122168541 0.7304520010948181 -3.055138169463227
[47 INFO root] -0.023889509961009026 0.7303517460823059 -3.0598220913341
[47 INFO root] -0.025050530210137367 0.7302560806274414 -3.0646981566395395
[47 INFO root] -0.026220908388495445 0.7301653027534485 -3.0697258658283006
[47 INFO root] -0.027399446815252304 0.7300798892974854 -3.074857961519612
[47 INFO root] -0.02858465164899826 0.7300000786781311 -3.080042183153247
[47 INFO root] -0.02977476827800274 0.7299261093139648 -3.0852231814123723
[47 INFO root] -0.03096782974898815 0.7298581600189209 -3.0903444652724747
[47 INFO root] -0.03216182067990303 0.729796290397644 -3.095353335437257
[47 INFO root] -0.033355001360177994 0.7297405004501343 -3.1002085887453195
[47 INFO root] -0.03454554080963135 0.7296906113624573 -3.1048709380969175
[47 INFO root] -0.03573152795433998 0.7296465039253235 -3.109302879812513
[47 INFO root] -0.036911047995090485 0.7296078205108643 -3.1134709378585343
[47 INFO root] -0.0380823127925396 0.7295743823051453 -3.1173473775144833
[47 INFO root] -0.03924371302127838 0.7295457720756531 -3.1209112404835406
[47 INFO root] -0.0403938889503479 0.7295215725898743 -3.1241488155468553
[47 INFO root] -0.041531775146722794 0.7295013666152954 -3.1270536704832224
[47 INFO root] -0.04265662655234337 0.7294846773147583 -3.1296263635369543
[47 INFO root] -0.043769385665655136 0.7294710874557495 -3.131900850348823
[47 INFO root] -0.04487193003296852 0.7294601202011108 -3.133926861523588
[47 INFO root] -0.04596618562936783 0.7294515371322632 -3.135751980460305
[47 INFO root] -0.04705397039651871 0.7294449806213379 -3.137418576354558
[47 INFO root] -0.048136960715055466 0.7294402718544006 -3.1389639225827612
[47 INFO root] -0.04921668767929077 0.7294372916221619 -3.1404204598134577
[47 INFO root] -0.050294533371925354 0.7294358611106873 3.141369284621184
[47 INFO root] -0.05137171968817711 0.729435920715332 3.1400112555259714
[47 INFO root] -0.0524492971599102 0.7294374704360962 3.1386714948648367
[47 INFO root] -0.05352815240621567 0.7294405102729797 3.1373346758743805
[47 INFO root] -0.054609011858701706 0.7294449806213379 3.1359891461925247
[47 INFO root] -0.05569241940975189 0.7294508814811707 3.1346266343582974
[47 INFO root] -0.05677877739071846 0.7294582724571228 3.1332419287285047
[47 INFO root] -0.05786832049489021 0.7294672727584839 3.13183253416378
[47 INFO root] -0.058961156755685806 0.7294777631759644 3.1303983142680853
[47 INFO root] -0.060057252645492554 0.7294898629188538 3.128941128322912
[47 INFO root] -0.06115647032856941 0.7295036315917969 3.127464472411296
[47 INFO root] -0.06225856393575668 0.7295190095901489 3.125973133724654
[47 INFO root] -0.0633632093667984 0.7295361161231995 3.124472865887331
[47 INFO root] -0.06447000801563263 0.7295548915863037 3.1229700915421548
[47 INFO root] -0.06557849794626236 0.7295753955841064 3.1214716366333373
[47 INFO root] -0.0666881874203682 0.7295975685119629 3.119984498992494
[47 INFO root] -0.06779855489730835 0.729621410369873 3.1185156521303594
[47 INFO root] -0.06890905648469925 0.7296468615531921 3.117071883665699
[47 INFO root] -0.07001913338899612 0.7296739220619202 3.1156596666432472
[47 INFO root] -0.0711282417178154 0.7297025322914124 3.114285061124044
[47 INFO root] -0.0722358301281929 0.7297326326370239 3.1129536428634665
[47 INFO root] -0.07334139198064804 0.7297641634941101 3.1116704555923853
[47 INFO root] -0.07444440573453903 0.7297970056533813 3.1104399833407044
[47 INFO root] -0.07554440200328827 0.7298311591148376 3.109266139341254
[47 INFO root] -0.07664092630147934 0.7298665046691895 3.1081522682767413
[47 INFO root] -0.07773355394601822 0.7299029231071472 3.1071011589399076
[47 INFO root] -0.07882190495729446 0.7299403548240662 3.1061150647298437
[47 INFO root] -0.07990562170743942 0.7299787402153015 3.105195729776073
[47 INFO root] -0.08098439127206802 0.730017900466919 3.104344418844493
[47 INFO root] -0.08205792307853699 0.7300578355789185 3.1035619495199835
[47 INFO root] -0.08312597125768661 0.7300983667373657 3.1028487254696824
[47 INFO root] -0.0841883197426796 0.7301394939422607 3.1022047698635613
[47 INFO root] -0.0852447897195816 0.7301810383796692 3.1016297582629178
[47 INFO root] -0.0862952396273613 0.7302230000495911 3.1011230504838667
[47 INFO root] -0.08733954280614853 0.730265200138092 3.100683721103812
[47 INFO root] -0.08837760984897614 0.7303076386451721 3.1003105884078046
[47 INFO root] -0.08940940350294113 0.7303502559661865 3.1000022416724544
[47 INFO root] -0.09043501317501068 0.7303928732872009 3.099755830358162
[47 INFO root] -0.0914551317691803 0.7304355502128601 3.0995633139112955
[47 INFO root] -0.09247047454118729 0.7304782271385193 3.099416700645923
[47 INFO root] -0.09347814321517944 0.7305207252502441 3.099248494170536
[47 INFO root] -0.09436319768428802 0.7305582165718079 3.0970146536323395
[47 INFO root] -0.09513644129037857 0.7305925488471985 3.0925910158583436
[47 INFO root] -0.09582200646400452 0.7306258082389832 3.086087331450931
[47 INFO root] -0.09643932431936264 0.7306596636772156 3.077594634862858
[47 INFO root] -0.09700372070074081 0.7306953072547913 3.0671874456162156
[47 INFO root] -0.09752730280160904 0.7307337522506714 3.0549267640866318
[47 INFO root] -0.09801962971687317 0.7307758927345276 3.040861925965308
[47 INFO root] -0.09848828613758087 0.7308225631713867 3.0250316785392792
[47 INFO root] -0.09893929958343506 0.7308746576309204 3.007464744036161
[47 INFO root] -0.09937750548124313 0.7309329509735107 2.98818005020522
[47 INFO root] -0.09980679303407669 0.7309985160827637 2.9671867538380883
[47 INFO root] -0.10023035109043121 0.731072187423706 2.9444841502083072
[47 INFO root] -0.10065082460641861 0.7311551570892334 2.920061544925538
[47 INFO root] -0.10107047110795975 0.7312486171722412 2.8938981615716353
[47 INFO root] -0.1014913022518158 0.7313538789749146 2.8659631676403765
[47 INFO root] -0.10191516578197479 0.7314724922180176 2.836215923024938
[47 INFO root] -0.1023438423871994 0.7316062450408936 2.804606590892367
[47 INFO root] -0.10277913510799408 0.7317572236061096 2.77107730217387
[47 INFO root] -0.10322295129299164 0.7319279909133911 2.7355641339012147
[47 INFO root] -0.10367733985185623 0.7321215271949768 2.698000248567924
[47 INFO root] -0.10414453595876694 0.732341468334198 2.658320642897804
[47 INFO root] -0.10462697595357895 0.7325922846794128 2.6164690578017424
[47 INFO root] -0.10512725263834 0.7328795194625854 2.572407679735741
[47 INFO root] -0.1056479960680008 0.7332096695899963 2.5261302658618523
[47 INFO root] -0.10619169473648071 0.7335905432701111 2.477679166811025
[47 INFO root] -0.10676037520170212 0.7340313792228699 2.4271662809823433
[47 INFO root] -0.10735515505075455 0.7345423698425293 2.374797114633976
[47 INFO root] -0.10797567665576935 0.735134482383728 2.320895745857795
[47 INFO root] -0.10861951857805252 0.73581862449646 2.26592666461143
[47 INFO root] -0.10928169637918472 0.7366044521331787 2.2105075855142076
[47 INFO root] -0.10995438694953918 0.7374988794326782 2.155406262445934
[47 INFO root] -0.11062715947628021 0.7385042309761047 2.1015152636869754
[47 INFO root] -0.11128783226013184 0.7396169900894165 2.0498025340056176
[47 INFO root] -0.11192376911640167 0.7408269047737122 2.001242114016469
[47 INFO root] -0.11252358555793762 0.7421172261238098 1.9567364795660114
[47 INFO root] -0.11307863146066666 0.7434663772583008 1.9170461992630274
[47 INFO root] -0.11358395963907242 0.7448499202728271 1.8827413351582394
[47 INFO root] -0.1140386238694191 0.7462433576583862 1.8541824141056096
[47 INFO root] -0.11444517225027084 0.747624397277832 1.8315300387836058
[47 INFO root] -0.11480878293514252 0.748974621295929 1.8147752890466282
[47 INFO root] -0.11513622105121613 0.7502802610397339 1.8037802944241528
[47 INFO root] -0.11543489247560501 0.7515325546264648 1.7983194916191851
[47 INFO root] -0.11571218818426132 0.7527270913124084 1.798115304961692
[47 INFO root] -0.115975022315979 0.7538632154464722 1.8028654263004027
[47 INFO root] -0.1162337139248848 0.754960298538208 1.8110934003638361
[47 INFO root] -0.11650197207927704 0.756058931350708 1.8199481415890144
[47 INFO root] -0.1167817935347557 0.7571627497673035 1.829064230000193
[47 INFO root] -0.1170734092593193 0.7582707405090332 1.8383661913756886
[47 INFO root] -0.1173769161105156 0.759381890296936 1.8477840309526656
[47 INFO root] -0.11769232153892517 0.7604952454566956 1.8572542467919728
[47 INFO root] -0.11801950633525848 0.7616099119186401 1.8667198216678988
[47 INFO root] -0.1183582991361618 0.7627249360084534 1.8761301167453026
[47 INFO root] -0.11870843917131424 0.7638394832611084 1.8854406926834215
[47 INFO root] -0.11906959116458893 0.7649526596069336 1.8946130665850773
[47 INFO root] -0.11944138258695602 0.7660638093948364 1.903614414467193
[47 INFO root] -0.1198233887553215 0.76717209815979 1.9124172298030457
[47 INFO root] -0.12021515518426895 0.7682769894599915 1.920998949032778
[47 INFO root] -0.12061619013547897 0.7693778872489929 1.9293415547921107
[47 INFO root] -0.12102600932121277 0.7704743146896362 1.9374311670386828
[47 INFO root] -0.12144410610198975 0.7715657353401184 1.9452576313500765
[47 INFO root] -0.12186997383832932 0.7726518511772156 1.9528141125255276
[47 INFO root] -0.12230312079191208 0.7737323641777039 1.9600967003413547
[47 INFO root] -0.12274305522441864 0.7748069763183594 1.9671040329764882
[47 INFO root] -0.12318930774927139 0.7758755087852478 1.9738369423131437
[47 INFO root] -0.12364143133163452 0.7769379019737244 1.9802981240863406
[47 INFO root] -0.1240989938378334 0.7779939770698547 1.986491834745136
[47 INFO root] -0.12456158548593521 0.7790436744689941 1.992423615922962
[47 INFO root] -0.1250288337469101 0.7800871133804321 1.9981000466054146
[47 INFO root] -0.1255003660917282 0.7811241745948792 2.003528522431335
[47 INFO root] -0.1259758472442627 0.7821549773216248 2.0087170610590492
[47 INFO root] -0.12645496428012848 0.7831795811653137 2.0136741321606677
[47 INFO root] -0.12693744897842407 0.7841981649398804 2.018408510356621
[47 INFO root] -0.12742306292057037 0.7852108478546143 2.0229319729079336
[47 INFO root] -0.12791161239147186 0.7862178683280945 2.027258105794711
[47 INFO root] -0.1284029632806778 0.7872195839881897 2.031400732082097
[47 INFO root] -0.12889696657657623 0.788216233253479 2.035373607757333
[47 INFO root] -0.1293935477733612 0.7892080545425415 2.0391904060672266
[47 INFO root] -0.12989263236522675 0.7901954054832458 2.0428647254190206
[47 INFO root] -0.130368173122406 0.7911277413368225 2.047133532699838
[47 INFO root] -0.13081225752830505 0.7919893860816956 2.0523702828593273
[47 INFO root] -0.13122864067554474 0.7927871942520142 2.058679716825196
[47 INFO root] -0.13162174820899963 0.7935291528701782 2.066133981943033
[47 INFO root] -0.13199548423290253 0.7942222356796265 2.074795812742814
[47 INFO root] -0.1323533058166504 0.7948724627494812 2.084720067451657
[47 INFO root] -0.13269828259944916 0.7954850196838379 2.095955138915019
[47 INFO root] -0.13303320109844208 0.7960646152496338 2.108544041715556
[47 INFO root] -0.13336063921451569 0.7966153025627136 2.122525509866922
[47 INFO root] -0.13368292152881622 0.7971405982971191 2.137934684314047
[47 INFO root] -0.13400231301784515 0.7976438403129578 2.154803623737355
[47 INFO root] -0.1343209147453308 0.7981277108192444 2.173162037091183
[47 INFO root] -0.13464082777500153 0.7985948324203491 2.1930373468032665
[47 INFO root] -0.13496409356594086 0.7990474104881287 2.214455225389459
[47 INFO root] -0.13529275357723236 0.7994874715805054 2.2374396727828496
[47 INFO root] -0.13562890887260437 0.7999167442321777 2.2620132292780646
[47 INFO root] -0.13597466051578522 0.8003367781639099 2.2881969892005194
[47 INFO root] -0.13633225858211517 0.8007487654685974 2.31601066270647
[47 INFO root] -0.1367039680480957 0.8011538982391357 2.3454723453811113
[47 INFO root] -0.1370922327041626 0.8015528321266174 2.3765987074076067
[47 INFO root] -0.13749957084655762 0.8019462823867798 2.4094043788780755
[47 INFO root] -0.13792864978313446 0.8023344874382019 2.4439021101266567
[47 INFO root] -0.13838230073451996 0.8027174472808838 2.4801021102214778
[47 INFO root] -0.1388634741306305 0.803094744682312 2.518011597858331
[47 INFO root] -0.13937529921531677 0.8034657835960388 2.5576339550444116
[47 INFO root] -0.13992105424404144 0.8038294315338135 2.598968227926519
[47 INFO root] -0.1405041217803955 0.8041841983795166 2.6420078497191453
[47 INFO root] -0.14112801849842072 0.8045280575752258 2.686739482292314
[47 INFO root] -0.14179633557796478 0.8048585057258606 2.733141364524443
[47 INFO root] -0.14251269400119781 0.805172324180603 2.781181555068594
[47 INFO root] -0.14328069984912872 0.8054657578468323 2.8308154130653556
[47 INFO root] -0.14410385489463806 0.8057344555854797 2.8819832309399818
[47 INFO root] -0.1449854075908661 0.80597323179245 2.934607590099772
[47 INFO root] -0.1459282636642456 0.8061761260032654 2.988589878721808
[47 INFO root] -0.14693483710289001 0.8063366413116455 3.043806748885859
[47 INFO root] -0.14800681173801422 0.8064475059509277 3.1001072091562567
[47 INFO root] -0.1491449624300003 0.8065008521080017 -3.125876114247166
[47 INFO root] -0.150348961353302 0.8064884543418884 -3.067988517789697
[47 INFO root] -0.15161707997322083 0.8064019680023193 -3.0096666393482248
[47 INFO root] -0.1529461145401001 0.8062331676483154 -2.9511974166810657
[47 INFO root] -0.15433116257190704 0.8059742450714111 -2.892901885458735
[47 INFO root] -0.1557655930519104 0.8056184649467468 -2.8351317323737315
[47 INFO root] -0.1572411209344864 0.8051605820655823 -2.778262729291913
[47 INFO root] -0.15874800086021423 0.8045970797538757 -2.7226857318395763
[47 INFO root] -0.16027529537677765 0.8039268255233765 -2.668796121728314
[47 INFO root] -0.16181135177612305 0.8031513094902039 -2.61698103581533
[47 INFO root] -0.1633443832397461 0.8022744655609131 -2.5676060360973167
[47 INFO root] -0.16486288607120514 0.801302969455719 -2.5210031440205896
[47 INFO root] -0.16635634005069733 0.8002458214759827 -2.4774597234348863
[47 INFO root] -0.16781553626060486 0.7991137504577637 -2.437210303234743
[47 INFO root] -0.16923297941684723 0.797918975353241 -2.400432264436783
[47 INFO root] -0.17060306668281555 0.7966742515563965 -2.3672442378142273
[47 INFO root] -0.17192208766937256 0.7953926920890808 -2.3377085825166035
[47 INFO root] -0.17318812012672424 0.794086754322052 -2.3118356198640364
[47 INFO root] -0.1744009107351303 0.7927682995796204 -2.2895908479102953
[47 INFO root] -0.17556153237819672 0.7914478182792664 -2.2709022515714086
[47 INFO root] -0.17667219042778015 0.7901345491409302 -2.25567235027335
[47 INFO root] -0.17773593962192535 0.7888363003730774 -2.243786091272794
[47 INFO root] -0.17875641584396362 0.7875592708587646 -2.235116788303695
[47 INFO root] -0.1797376275062561 0.7863085269927979 -2.2295314442822995
[47 INFO root] -0.18068377673625946 0.7850876450538635 -2.2268942352989254
[47 INFO root] -0.18159916996955872 0.7838993072509766 -2.2270700044769596
[47 INFO root] -0.1824880689382553 0.7827451229095459 -2.229925954271236
[47 INFO root] -0.18335461616516113 0.7816258668899536 -2.2353332181158043
[47 INFO root] -0.1842028945684433 0.7805418372154236 -2.243167693346226
[47 INFO root] -0.185036763548851 0.7794926762580872 -2.2533098152347257
[47 INFO root] -0.18586000800132751 0.7784777283668518 -2.26564465725903
[47 INFO root] -0.18667617440223694 0.7774959802627563 -2.2800612246929366
[47 INFO root] -0.18750038743019104 0.7765328884124756 -2.2954702857594103
[47 INFO root] -0.18834495544433594 0.7755759954452515 -2.31082335844452
