[41 INFO root] Initialising Python Geth Console...
[41 INFO root] Initialising RandB board...
[41 INFO root] Initialising resource sensor...
[41 INFO root] Initialising random-walk...
[41 INFO root] Initialising navigation...
[41 INFO root] Initialising Odo...
[41 INFO root] Initialising odometry...
[41 INFO root] Initialising gps...
[41 INFO root] Initialising Ground sensor...
[41 INFO root] --//-- Starting Experiment --//--
[41 INFO root] x y direction
[41 INFO root] 0.7876589894294739 0.11729200184345245 -3.0488633104313343
[41 INFO root] 0.7874361276626587 0.11727127432823181 -3.025607177082625
[41 INFO root] 0.7871843576431274 0.11724252253770828 -3.0005755532508727
[41 INFO root] 0.7869237065315247 0.1172061637043953 -2.9757537040172006
[41 INFO root] 0.7866550087928772 0.11716185510158539 -2.9487071738791406
[41 INFO root] 0.7863866686820984 0.11711020022630692 -2.9159161627631476
[41 INFO root] 0.7861260771751404 0.11705128848552704 -2.8737946806063848
[41 INFO root] 0.7858661413192749 0.1169811338186264 -2.81965199275441
[41 INFO root] 0.7855773568153381 0.11688634753227234 -2.752112527186986
[41 INFO root] 0.7852106690406799 0.11673808097839355 -2.67104012290673
[41 INFO root] 0.784710168838501 0.11648716777563095 -2.577353273621017
[41 INFO root] 0.7840303182601929 0.11606331914663315 -2.472934802328767
[41 INFO root] 0.7831548452377319 0.1153825968503952 -2.3606591874395795
[41 INFO root] 0.7821974158287048 0.11445166915655136 -2.244439279274201
[41 INFO root] 0.7812316417694092 0.11326698213815689 -2.127011587824752
[41 INFO root] 0.7803182005882263 0.11183208972215652 -2.010429980027932
[41 INFO root] 0.7795180678367615 0.11017777770757675 -1.8960376493052458
[41 INFO root] 0.7788800597190857 0.10835207253694534 -1.7843885059783238
[41 INFO root] 0.7784355878829956 0.10640490055084229 -1.6754014918778763
[41 INFO root] 0.7782008051872253 0.10437777638435364 -1.5686638151295007
[41 INFO root] 0.7781834602355957 0.10229995846748352 -1.4636921941775138
[41 INFO root] 0.7783883810043335 0.10019014030694962 -1.3601288765914892
[41 INFO root] 0.7788211107254028 0.09806128591299057 -1.2578478993578113
[41 INFO root] 0.779488742351532 0.09592581540346146 -1.1569803819996383
[41 INFO root] 0.7803978323936462 0.09379956126213074 -1.0578825197877157
[41 INFO root] 0.7816072702407837 0.09160532802343369 -0.9638077218079765
[41 INFO root] 0.7831401824951172 0.08935629576444626 -0.8772428817873718
[41 INFO root] 0.78497314453125 0.08711433410644531 -0.7992312987483466
[41 INFO root] 0.7870621681213379 0.08493410795927048 -0.7301651016067109
[41 INFO root] 0.7893543243408203 0.08285405486822128 -0.6698548223929783
[41 INFO root] 0.7917965650558472 0.08089593052864075 -0.6175712428951006
[41 INFO root] 0.794343113899231 0.07906714826822281 -0.5721601502660897
[41 INFO root] 0.7969597578048706 0.07736503332853317 -0.5322298184024308
[41 INFO root] 0.7995874285697937 0.07580310851335526 -0.49757632549923253
[41 INFO root] 0.802108645439148 0.07442166656255722 -0.46971577148440624
[41 INFO root] 0.8044995069503784 0.07319910824298859 -0.4470008310875047
[41 INFO root] 0.8067560791969299 0.07211068272590637 -0.42786958310209294
[41 INFO root] 0.8088770508766174 0.07113821059465408 -0.41135998006889685
[41 INFO root] 0.8108602166175842 0.07026886194944382 -0.3970048872052183
[41 INFO root] 0.8127028942108154 0.06949295848608017 -0.3846568377814582
[41 INFO root] 0.8144024610519409 0.06880229711532593 -0.374338112929452
[41 INFO root] 0.8159582018852234 0.06818906962871552 -0.3661320081520536
[41 INFO root] 0.8173720836639404 0.06764551997184753 -0.3601187341325503
[41 INFO root] 0.8186485171318054 0.06716392189264297 -0.35634571467819803
[41 INFO root] 0.8197945356369019 0.06673679500818253 -0.35482099478368884
[41 INFO root] 0.8208188414573669 0.0663570910692215 -0.35551927453814514
[41 INFO root] 0.8217313289642334 0.06601835787296295 -0.35839206845917365
[41 INFO root] 0.8225424885749817 0.06571482867002487 -0.3633787017666881
[41 INFO root] 0.8232626914978027 0.06544141471385956 -0.3704162230662775
[41 INFO root] 0.8239021301269531 0.06519366800785065 -0.37944728769597363
[41 INFO root] 0.8244703412055969 0.06496775150299072 -0.390426580996675
[41 INFO root] 0.8249760866165161 0.06476031243801117 -0.4033252866693319
[41 INFO root] 0.8254275321960449 0.06456844508647919 -0.4181340093436994
[41 INFO root] 0.825831949710846 0.06438953429460526 -0.43486467316107114
[41 INFO root] 0.826196014881134 0.06422121077775955 -0.45355083182263417
[41 INFO root] 0.8265259265899658 0.0640612244606018 -0.47424725751314817
[41 INFO root] 0.826827347278595 0.06390735507011414 -0.497028770211945
[41 INFO root] 0.8271055817604065 0.06375729292631149 -0.5219881353101865
[41 INFO root] 0.8273657560348511 0.06360853463411331 -0.5492334589623564
[41 INFO root] 0.8276128172874451 0.06345825642347336 -0.5788852313351878
[41 INFO root] 0.8278516530990601 0.06330320984125137 -0.6110727771143482
[41 INFO root] 0.8280869126319885 0.06313953548669815 -0.6459263437258137
[41 INFO root] 0.8283231854438782 0.06296265125274658 -0.6835680255284927
[41 INFO root] 0.8285650014877319 0.0627671331167221 -0.724105772722266
[41 INFO root] 0.8288162350654602 0.06254661828279495 -0.7676283805349546
[41 INFO root] 0.82908034324646 0.06229375675320625 -0.8141990014221868
[41 INFO root] 0.8293598890304565 0.06200014427304268 -0.8638483779522763
[41 INFO root] 0.829656183719635 0.061656404286623 -0.9165663957655904
[41 INFO root] 0.8299691677093506 0.06125226989388466 -0.9722920812402749
[41 INFO root] 0.8302968740463257 0.06077688932418823 -1.030902986214557
[41 INFO root] 0.8306350708007812 0.06021922454237938 -1.0922037866173515
[41 INFO root] 0.8309770822525024 0.05956872180104256 -1.155915506238634
[41 INFO root] 0.8313137292861938 0.058816131204366684 -1.2216674760250807
[41 INFO root] 0.8316332101821899 0.0579545684158802 -1.2889942832538326
[41 INFO root] 0.8319216966629028 0.056980591267347336 -1.3573393729716634
[41 INFO root] 0.8321641087532043 0.05589528754353523 -1.426068453477279
[41 INFO root] 0.8323453664779663 0.05470501631498337 -1.4944934368673861
[41 INFO root] 0.8324518203735352 0.053421713411808014 -1.5619064698213645
[41 INFO root] 0.8324726223945618 0.0520625077188015 -1.627620882851888
[41 INFO root] 0.8324011564254761 0.050648678094148636 -1.691013593346159
[41 INFO root] 0.8322357535362244 0.049204021692276 -1.7515635370711005
[41 INFO root] 0.831979513168335 0.04775293171405792 -1.8088797116444053
[41 INFO root] 0.8316400647163391 0.046318475157022476 -1.8627142447496168
[41 INFO root] 0.8312283754348755 0.04492083191871643 -1.9129612969826963
[41 INFO root] 0.830757200717926 0.04357621818780899 -1.9596426843550534
[41 INFO root] 0.83024001121521 0.04229642450809479 -2.002883810239068
[41 INFO root] 0.8296897411346436 0.04108886048197746 -2.042885850715716
[41 INFO root] 0.8291177153587341 0.0399569608271122 -2.0798974043683067
[41 INFO root] 0.8285335898399353 0.03890088573098183 -2.114188210347568
[41 INFO root] 0.827944815158844 0.03791823610663414 -2.146028417546405
[41 INFO root] 0.8273569345474243 0.03700483962893486 -2.175672234072176
[41 INFO root] 0.8267735838890076 0.03615541011095047 -2.2033472074134686
[41 INFO root] 0.8261970281600952 0.03536411002278328 -2.2292476371037937
[41 INFO root] 0.8256284594535828 0.034625012427568436 -2.2535323195577908
[41 INFO root] 0.8250681161880493 0.033932413905858994 -2.276325223009694
[41 INFO root] 0.8245159983634949 0.03328104317188263 -2.297717809544934
[41 INFO root] 0.8239715695381165 0.03266618400812149 -2.3177735755041824
[41 INFO root] 0.8234344124794006 0.03208371251821518 -2.3365321490912656
[41 INFO root] 0.8229042291641235 0.03153007850050926 -2.35401436135929
[41 INFO root] 0.822380542755127 0.03100225329399109 -2.3702268084093077
[41 INFO root] 0.8218633532524109 0.030497658997774124 -2.385165044287945
[41 INFO root] 0.821352481842041 0.030014075338840485 -2.3988172445474234
[41 INFO root] 0.8208479881286621 0.029549570754170418 -2.411165978070004
[41 INFO root] 0.8203500509262085 0.029102427884936333 -2.4221900450279836
[41 INFO root] 0.819858729839325 0.02867107093334198 -2.431865680770534
[41 INFO root] 0.8193742632865906 0.028254030272364616 -2.4401669375851474
[41 INFO root] 0.8188966512680054 0.027849888429045677 -2.4470663452454047
[41 INFO root] 0.8184259533882141 0.027457261458039284 -2.45253473672033
[41 INFO root] 0.8179621696472168 0.027074778452515602 -2.4565414850703142
[41 INFO root] 0.8175051212310791 0.026701053604483604 -2.459054588923263
[41 INFO root] 0.8170546889305115 0.026334689930081367 -2.460040563517365
[41 INFO root] 0.8166104555130005 0.025974256917834282 -2.4594647956244318
[41 INFO root] 0.8161721229553223 0.0256182961165905 -2.4572913798609957
[41 INFO root] 0.8157395124435425 0.025265540927648544 -2.4534891176714404
[41 INFO root] 0.8153128027915955 0.024914968758821487 -2.448034141013886
[41 INFO root] 0.8148922324180603 0.02456573024392128 -2.4409100496806575
[41 INFO root] 0.8144782781600952 0.024217121303081512 -2.432107764501283
[41 INFO root] 0.814071536064148 0.0238684993237257 -2.4216242489243776
[41 INFO root] 0.8136724233627319 0.023519208654761314 -2.409460776796635
[41 INFO root] 0.8132812976837158 0.023168522864580154 -2.395621090540663
[41 INFO root] 0.8128983378410339 0.02281561680138111 -2.380110244202
[41 INFO root] 0.8125236630439758 0.02245955541729927 -2.362933799193407
[41 INFO root] 0.8121572732925415 0.022099323570728302 -2.344098191947323
[41 INFO root] 0.811799168586731 0.021733827888965607 -2.323610432298899
[41 INFO root] 0.8114492297172546 0.021361881867051125 -2.3014778425526883
[41 INFO root] 0.8111074566841125 0.020982202142477036 -2.2777076746339864
[41 INFO root] 0.8107737898826599 0.02059338055551052 -2.252307333205061
[41 INFO root] 0.8104480504989624 0.020193878561258316 -2.2252844178184787
[41 INFO root] 0.81013023853302 0.01978202722966671 -2.196646692422554
[41 INFO root] 0.8098204731941223 0.019356003031134605 -2.1664028214272744
[41 INFO root] 0.8095188736915588 0.01891382597386837 -2.134563205566349
[41 INFO root] 0.8092257380485535 0.018453354015946388 -2.1011406635274894
[41 INFO root] 0.8089415431022644 0.01797228492796421 -2.066151646781335
[41 INFO root] 0.8086669445037842 0.017468158155679703 -2.0296176701803477
[41 INFO root] 0.8084028959274292 0.01693836599588394 -1.9915669113656889
[41 INFO root] 0.8081506490707397 0.01638016290962696 -1.9520363081126222
[41 INFO root] 0.8079116940498352 0.015790686011314392 -1.9110740036142237
[41 INFO root] 0.8076881170272827 0.01516698393970728 -1.8687419162476053
[41 INFO root] 0.8074822425842285 0.01450609415769577 -1.8251194606185899
[41 INFO root] 0.807296872138977 0.013805143535137177 -1.7803064444324828
[41 INFO root] 0.8071354031562805 0.013061479665338993 -1.7344263743368615
[41 INFO root] 0.8070016503334045 0.012272833846509457 -1.6876298705674777
[41 INFO root] 0.8068998456001282 0.011437509208917618 -1.640097101579865
[41 INFO root] 0.8068345189094543 0.010554575361311436 -1.592039456602947
[41 INFO root] 0.8068104982376099 0.009624067693948746 -1.5437000045245974
[41 INFO root] 0.8068324327468872 0.00864715501666069 -1.4953529400853187
[41 INFO root] 0.8069048523902893 0.0076262676157057285 -1.4473005949807345
[41 INFO root] 0.8070315718650818 0.0065651629120111465 -1.3998694957184814
[41 INFO root] 0.8072156310081482 0.00546890078112483 -1.3534038602131742
[41 INFO root] 0.8074588775634766 0.004343733191490173 -1.308258180223894
[41 INFO root] 0.8077616691589355 0.0031968937255442142 -1.2647883763277972
[41 INFO root] 0.8081229329109192 0.002036271383985877 -1.2233435670245663
[41 INFO root] 0.8085399866104126 0.0008697389857843518 -1.1842721334340847
[41 INFO root] 0.8090087175369263 -0.000294770608888939 -1.147898787489401
[41 INFO root] 0.8095234036445618 -0.0014495635405182838 -1.1145134242135493
[41 INFO root] 0.8100773096084595 -0.002587572205811739 -1.0843650902753892
[41 INFO root] 0.8106626272201538 -0.0037026649806648493 -1.0576593630707292
[41 INFO root] 0.8112714290618896 -0.00478987256065011 -1.034557050915354
[41 INFO root] 0.8118954300880432 -0.005845502018928528 -1.015176353019204
[41 INFO root] 0.8125270009040833 -0.006867177784442902 -0.9995952661064962
[41 INFO root] 0.813175618648529 -0.007879945449531078 -0.9887215513329296
[41 INFO root] 0.8138464689254761 -0.008901574648916721 -0.9832567059913948
[41 INFO root] 0.8145298957824707 -0.009929035790264606 -0.9831486707827168
[41 INFO root] 0.8152164816856384 -0.010959708131849766 -0.9882291804536802
[41 INFO root] 0.8158984184265137 -0.011993572115898132 -0.9983047201030943
[41 INFO root] 0.8165695071220398 -0.013032549992203712 -1.013159851525875
[41 INFO root] 0.8172248601913452 -0.014079929329454899 -1.0325591587434666
[41 INFO root] 0.81786048412323 -0.015139900147914886 -1.0562491085198895
[41 INFO root] 0.8184729218482971 -0.016217172145843506 -1.083959580950619
[41 INFO root] 0.8190587759017944 -0.017316656187176704 -1.115405224174714
[41 INFO root] 0.819614827632904 -0.01844318024814129 -1.1502863578297373
[41 INFO root] 0.8201375007629395 -0.019601231440901756 -1.1882909083018829
[41 INFO root] 0.8206228613853455 -0.020794713869690895 -1.2290957533056954
[41 INFO root] 0.8210666179656982 -0.022026754915714264 -1.2723684157761728
[41 INFO root] 0.8214640617370605 -0.02329952083528042 -1.3177692705981991
[41 INFO root] 0.821810245513916 -0.024614078924059868 -1.3649537421923954
[41 INFO root] 0.8220999836921692 -0.02597031556069851 -1.4135747868713173
[41 INFO root] 0.8223282098770142 -0.027366893365979195 -1.4632849816643494
[41 INFO root] 0.8224901556968689 -0.02880125865340233 -1.5137390034888678
[41 INFO root] 0.8225812911987305 -0.030269712209701538 -1.5645960133618664
[41 INFO root] 0.8225980997085571 -0.03176752105355263 -1.6155211577164066
[41 INFO root] 0.8225376605987549 -0.033289067447185516 -1.6661886516601854
[41 INFO root] 0.8223981261253357 -0.03482804819941521 -1.7162832618527903
[41 INFO root] 0.8221789002418518 -0.036377694457769394 -1.7655025598435106
[41 INFO root] 0.8218804597854614 -0.03793102875351906 -1.8135591764502832
[41 INFO root] 0.8215044140815735 -0.03948119655251503 -1.860181490863649
[41 INFO root] 0.8210535049438477 -0.041021641343832016 -1.9051148996104474
[41 INFO root] 0.8205315470695496 -0.04254627972841263 -1.9481237728762488
[41 INFO root] 0.8199431896209717 -0.04404963552951813 -1.9889936616035182
[41 INFO root] 0.8192938566207886 -0.04552697017788887 -2.0275330676109813
[41 INFO root] 0.8185895681381226 -0.04697436839342117 -2.0635751329584022
[41 INFO root] 0.8178366422653198 -0.04838881641626358 -2.0969788789450425
[41 INFO root] 0.8170416951179504 -0.04976821318268776 -2.1276295990081056
[41 INFO root] 0.8162112832069397 -0.05111134052276611 -2.155438989730091
[41 INFO root] 0.8153519034385681 -0.05241775885224342 -2.1803442258700674
[41 INFO root] 0.8144698739051819 -0.053687773644924164 -2.202307331935899
[41 INFO root] 0.813571035861969 -0.054922353476285934 -2.2213141659613127
[41 INFO root] 0.8126609325408936 -0.05612307786941528 -2.2373724678331377
[41 INFO root] 0.8117443919181824 -0.057292018085718155 -2.2505102083275195
[41 INFO root] 0.8108258247375488 -0.05843166634440422 -2.260772948697754
[41 INFO root] 0.8099091053009033 -0.05954480543732643 -2.2682218638949787
[41 INFO root] 0.8089975118637085 -0.060634441673755646 -2.2729316071955856
[41 INFO root] 0.8080938458442688 -0.06170370802283287 -2.2749880728045193
[41 INFO root] 0.8072004914283752 -0.06275580078363419 -2.2744864916752108
[41 INFO root] 0.8063194751739502 -0.06379390507936478 -2.2715297567266415
[41 INFO root] 0.8054524064064026 -0.06482116878032684 -2.26622694713529
[41 INFO root] 0.8046007752418518 -0.06584053486585617 -2.2586916764302223
[41 INFO root] 0.8037660121917725 -0.06685476005077362 -2.2490409676317578
[41 INFO root] 0.8029492497444153 -0.06786639243364334 -2.2373943578530615
[41 INFO root] 0.802151620388031 -0.06887782365083694 -2.223872543062501
[41 INFO root] 0.801374077796936 -0.06989124417304993 -2.208596843413454
[41 INFO root] 0.8006175756454468 -0.07090873271226883 -2.191688480523704
[41 INFO root] 0.7998828887939453 -0.07193218916654587 -2.173268453519603
[41 INFO root] 0.7991707921028137 -0.0729634165763855 -2.1534571817777293
[41 INFO root] 0.7984820604324341 -0.07400409132242203 -2.132374737654587
[41 INFO root] 0.7978172898292542 -0.07505577802658081 -2.1101412888270445
[41 INFO root] 0.7971771359443665 -0.07611994445323944 -2.0868772153226725
[41 INFO root] 0.7965621948242188 -0.07719793915748596 -2.0627039110797445
[41 INFO root] 0.7959730625152588 -0.07829103618860245 -2.037744421293449
[41 INFO root] 0.7954080700874329 -0.07940486818552017 -2.0126395303035145
[41 INFO root] 0.7948651313781738 -0.0805453285574913 -1.988322919702865
[41 INFO root] 0.7943454384803772 -0.08170925825834274 -1.9649336489567506
[41 INFO root] 0.7938498258590698 -0.08289308100938797 -1.9425101227269346
[41 INFO root] 0.7933785915374756 -0.08409401029348373 -1.9210845512866663
[41 INFO root] 0.7929313778877258 -0.0853099375963211 -1.900686360035367
[41 INFO root] 0.7925087809562683 -0.08653604984283447 -1.8812794220839102
[41 INFO root] 0.7921116948127747 -0.08776528388261795 -1.8627532886446185
[41 INFO root] 0.7917404174804688 -0.08899237960577011 -1.8449966556871837
[41 INFO root] 0.7913943529129028 -0.09021429717540741 -1.8279180462042528
[41 INFO root] 0.7910725474357605 -0.09142963588237762 -1.811447854446257
[41 INFO root] 0.790773868560791 -0.09263812005519867 -1.79553772622945
[41 INFO root] 0.7904971241950989 -0.09383981674909592 -1.780147681341499
[41 INFO root] 0.7902413010597229 -0.09503462165594101 -1.7652353115303645
[41 INFO root] 0.7900055050849915 -0.09622275084257126 -1.7507690838868142
[41 INFO root] 0.7897886633872986 -0.09740471839904785 -1.736730279892154
[41 INFO root] 0.7895899415016174 -0.09858120232820511 -1.723111569558629
[41 INFO root] 0.7894083857536316 -0.09975303709506989 -1.709918501880901
[41 INFO root] 0.789243221282959 -0.10092110931873322 -1.6971684677609464
[41 INFO root] 0.7890936136245728 -0.10208693891763687 -1.6848554287468547
[41 INFO root] 0.7889573574066162 -0.10326387733221054 -1.6723794677488872
[41 INFO root] 0.7888345718383789 -0.10445348918437958 -1.659695613705614
[41 INFO root] 0.7887259125709534 -0.10565584152936935 -1.6468333303188234
[41 INFO root] 0.7886317372322083 -0.10687112808227539 -1.6338302895197574
[41 INFO root] 0.7885526418685913 -0.10809958726167679 -1.620731481622921
[41 INFO root] 0.7884889245033264 -0.10934147238731384 -1.6075879716300463
[41 INFO root] 0.7884410619735718 -0.11059701442718506 -1.5944557011051792
[41 INFO root] 0.788409411907196 -0.11186634749174118 -1.5813942463587138
[41 INFO root] 0.7883941531181335 -0.11314950883388519 -1.5684654128296593
[41 INFO root] 0.7883955240249634 -0.11444639414548874 -1.5557315299121197
[41 INFO root] 0.7884135842323303 -0.11575676500797272 -1.5432533115099063
[41 INFO root] 0.7884483933448792 -0.11708018183708191 -1.5310871652362565
[41 INFO root] 0.7884998917579651 -0.11841601878404617 -1.519281892029739
[41 INFO root] 0.7885677814483643 -0.11976342648267746 -1.5078748285575472
[41 INFO root] 0.7886517643928528 -0.12112130969762802 -1.4968876441527217
[41 INFO root] 0.788751482963562 -0.12248831987380981 -1.4863222079603755
[41 INFO root] 0.7888663411140442 -0.1238616555929184 -1.476078515115223
[41 INFO root] 0.788995623588562 -0.12523773312568665 -1.4659822281013624
[41 INFO root] 0.7891389727592468 -0.12661340832710266 -1.455856977694298
[41 INFO root] 0.78929603099823 -0.1279860883951187 -1.4455389350858567
[41 INFO root] 0.7894667983055115 -0.12935376167297363 -1.4348775346834024
[41 INFO root] 0.7896514534950256 -0.13071496784687042 -1.4237372597726667
[41 INFO root] 0.7898491024971008 -0.13205969333648682 -1.4131242030098607
[41 INFO root] 0.7900585532188416 -0.1333860456943512 -1.4031144224837249
[41 INFO root] 0.7902785539627075 -0.13469372689723969 -1.3936618927279132
[41 INFO root] 0.7905080318450928 -0.13598278164863586 -1.3847321877333272
[41 INFO root] 0.7907460331916809 -0.1372535526752472 -1.3763050460680564
[41 INFO root] 0.7909917235374451 -0.13850659132003784 -1.3683745459164065
[41 INFO root] 0.791244387626648 -0.1397426724433899 -1.360948842157241
[41 INFO root] 0.7915033102035522 -0.14096267521381378 -1.354049739482104
[41 INFO root] 0.7917677164077759 -0.1421675682067871 -1.3477119452786102
[41 INFO root] 0.7920370697975159 -0.14335840940475464 -1.3419823309076206
[41 INFO root] 0.7923106551170349 -0.14453624188899994 -1.3369203113417316
[41 INFO root] 0.7925878167152405 -0.14570219814777374 -1.3325975144748026
[41 INFO root] 0.7928677797317505 -0.1468573808670044 -1.329098322220073
[41 INFO root] 0.7931497693061829 -0.1480029672384262 -1.326520134642589
[41 INFO root] 0.793432891368866 -0.14914028346538544 -1.324991090120985
[41 INFO root] 0.793716311454773 -0.1502707302570343 -1.3246549519166406
[41 INFO root] 0.7939989566802979 -0.15139569342136383 -1.3256512448826974
[41 INFO root] 0.7942794561386108 -0.15251652896404266 -1.3280997933388143
[41 INFO root] 0.7945564985275269 -0.1536344438791275 -1.3320957094760517
[41 INFO root] 0.7948285937309265 -0.15475066006183624 -1.3377093419556232
[41 INFO root] 0.7950941324234009 -0.1558663547039032 -1.3449866343988879
[41 INFO root] 0.7953514456748962 -0.1569826453924179 -1.3539499196466562
[41 INFO root] 0.7955988049507141 -0.1581006497144699 -1.3645992180794542
[41 INFO root] 0.795834481716156 -0.15922145545482635 -1.3769139138208375
[41 INFO root] 0.7960567474365234 -0.16034609079360962 -1.3908548714523956
[41 INFO root] 0.7962638139724731 -0.1614755243062973 -1.406366790683474
[41 INFO root] 0.7964539527893066 -0.16261063516139984 -1.4233805621678126
[41 INFO root] 0.7966254949569702 -0.1637522429227829 -1.4418159948885674
[41 INFO root] 0.7967765927314758 -0.1649010330438614 -1.4615846054954218
[41 INFO root] 0.7969057559967041 -0.16605763137340546 -1.4825916409549953
[41 INFO root] 0.7970111966133118 -0.1672225445508957 -1.504739389032169
[41 INFO root] 0.7970914244651794 -0.16839617490768433 -1.5279286106206245
[41 INFO root] 0.797144889831543 -0.1695788949728012 -1.5520611468251244
[41 INFO root] 0.797170102596283 -0.17077097296714783 -1.5770414459763633
[41 INFO root] 0.79716557264328 -0.17197269201278687 -1.6027779122633983
[41 INFO root] 0.7971299290657043 -0.1731843203306198 -1.6291837984011908
[41 INFO root] 0.7970616817474365 -0.17440612614154816 -1.6561780036505294
[41 INFO root] 0.7969595789909363 -0.17563843727111816 -1.6836848176240566
[41 INFO root] 0.7968220114707947 -0.17688165605068207 -1.7116342331836374
[41 INFO root] 0.7966477274894714 -0.17813624441623688 -1.7399602565906054
[41 INFO root] 0.7964350581169128 -0.179402694106102 -1.768600684957836
[41 INFO root] 0.7961824536323547 -0.18068157136440277 -1.7974944727192081
