[30 INFO root] Initialising Python Geth Console...
[30 INFO root] Initialising RandB board...
[30 INFO root] Initialising resource sensor...
[30 INFO root] Initialising random-walk...
[30 INFO root] Initialising navigation...
[30 INFO root] Initialising Odo...
[30 INFO root] Initialising odometry...
[30 INFO root] Initialising gps...
[30 INFO root] Initialising Ground sensor...
[30 INFO root] --//-- Starting Experiment --//--
[30 INFO root] x y direction
[30 INFO root] -0.14859600365161896 -0.3679549992084503 1.2441422493208898
[30 INFO root] -0.14826485514640808 -0.3669775724411011 1.2521496178434042
[30 INFO root] -0.14783750474452972 -0.36568546295166016 1.2624397328824222
[30 INFO root] -0.1474105268716812 -0.3643495738506317 1.2735147997454306
[30 INFO root] -0.14702986180782318 -0.36311233043670654 1.28132718520997
[30 INFO root] -0.1467280238866806 -0.3621024191379547 1.282721728587373
[30 INFO root] -0.1464429646730423 -0.3611409068107605 1.282793988013351
[30 INFO root] -0.14615891873836517 -0.36018210649490356 1.282793988013351
[30 INFO root] -0.14587488770484924 -0.35922330617904663 1.282793988013351
[30 INFO root] -0.14559084177017212 -0.3582644760608673 1.282793988013351
[30 INFO root] -0.1453068107366562 -0.3573056757450104 1.282793988013351
[30 INFO root] -0.14502276480197906 -0.35634684562683105 1.282793988013351
[30 INFO root] -0.14473873376846313 -0.3553880453109741 1.282793988013351
[30 INFO root] -0.1444547027349472 -0.3544292151927948 1.282793988013351
[30 INFO root] -0.14417065680027008 -0.35347041487693787 1.282793988013351
[30 INFO root] -0.14388662576675415 -0.35251161456108093 1.282793988013351
[30 INFO root] -0.14360257983207703 -0.3515527844429016 1.282793988013351
[30 INFO root] -0.1433185487985611 -0.3505939841270447 1.282793988013351
[30 INFO root] -0.14303450286388397 -0.34963515400886536 1.282793988013351
[30 INFO root] -0.14275047183036804 -0.3486763536930084 1.282793988013351
[30 INFO root] -0.1424664407968521 -0.3477175235748291 1.282793988013351
[30 INFO root] -0.142182394862175 -0.34675872325897217 1.282793988013351
[30 INFO root] -0.14189836382865906 -0.34579992294311523 1.282793988013351
[30 INFO root] -0.14161431789398193 -0.3448410928249359 1.282793988013351
[30 INFO root] -0.141330286860466 -0.343882292509079 1.282793988013351
[30 INFO root] -0.14104624092578888 -0.34292346239089966 1.282793988013351
[30 INFO root] -0.14076220989227295 -0.3419646620750427 1.282793988013351
[30 INFO root] -0.14047817885875702 -0.3410058319568634 1.282793988013351
[30 INFO root] -0.1401941329240799 -0.34004703164100647 1.282793988013351
[30 INFO root] -0.13991010189056396 -0.33908823132514954 1.282793988013351
[30 INFO root] -0.13962605595588684 -0.3381294012069702 1.282793988013351
[30 INFO root] -0.1393149197101593 -0.33707907795906067 1.2800065269771
[30 INFO root] -0.13896846771240234 -0.3359203636646271 1.2738826883056207
[30 INFO root] -0.13858641684055328 -0.3346691429615021 1.2649303939235037
[30 INFO root] -0.1381685584783554 -0.33334192633628845 1.2537264057562285
[30 INFO root] -0.13771452009677887 -0.331953227519989 1.2408016885846762
[30 INFO root] -0.1372241973876953 -0.3305158317089081 1.2266300321343984
[30 INFO root] -0.1366978883743286 -0.32904109358787537 1.2116231304936627
[30 INFO root] -0.13613645732402802 -0.32753902673721313 1.1961305160456837
[30 INFO root] -0.13554126024246216 -0.32601866126060486 1.180442803763555
[30 INFO root] -0.13491417467594147 -0.3244878947734833 1.1647967114110245
[30 INFO root] -0.1342574805021286 -0.3229537308216095 1.14938097684879
[30 INFO root] -0.1335737705230713 -0.3214222490787506 1.1343426132491854
[30 INFO root] -0.13286589086055756 -0.31989872455596924 1.1197931006462047
[30 INFO root] -0.13213682174682617 -0.3183876574039459 1.1058142302400713
[30 INFO root] -0.1313895732164383 -0.31689292192459106 1.092463417807164
[30 INFO root] -0.13062718510627747 -0.31541767716407776 1.0797783856758132
[30 INFO root] -0.12985260784626007 -0.3139645755290985 1.067781177633616
[30 INFO root] -0.12906871736049652 -0.31253582239151 1.0564815203937736
[30 INFO root] -0.1282782256603241 -0.3111330568790436 1.0458795792649305
[30 INFO root] -0.12748368084430695 -0.30975764989852905 1.0359681764926398
[30 INFO root] -0.126686692237854 -0.3084092438220978 1.026707688104045
[30 INFO root] -0.12588828802108765 -0.3070867657661438 1.018048670919124
[30 INFO root] -0.1250893622636795 -0.30578914284706116 1.0099455705690534
[30 INFO root] -0.12429068982601166 -0.3045153319835663 1.0023579991129463
[30 INFO root] -0.12349295616149902 -0.3032643496990204 0.995249955284564
[30 INFO root] -0.12269675731658936 -0.30203527212142944 0.9885891364805282
[30 INFO root] -0.12190262973308563 -0.3008272349834442 0.9823464301525056
[30 INFO root] -0.12111102789640427 -0.29963934421539307 0.9764955486194274
[30 INFO root] -0.12032206356525421 -0.2984704077243805 0.9710050656015714
[30 INFO root] -0.11953531950712204 -0.29731854796409607 0.9658356487548608
[30 INFO root] -0.11875052005052567 -0.2961822748184204 0.9609557743938684
[30 INFO root] -0.1179676428437233 -0.29506057500839233 0.9563436411394921
[30 INFO root] -0.11718692630529404 -0.29395297169685364 0.9519851215619423
[30 INFO root] -0.1164088025689125 -0.2928592562675476 0.947871683024104
[30 INFO root] -0.11563383787870407 -0.291779488325119 0.9439986245968185
[30 INFO root] -0.11486275494098663 -0.290713906288147 0.9403636375704927
[30 INFO root] -0.11409629881381989 -0.28966283798217773 0.936965673873557
[30 INFO root] -0.11333528161048889 -0.28862667083740234 0.933804094426048
[30 INFO root] -0.11258048564195633 -0.2876058518886566 0.930878054114936
[30 INFO root] -0.11183267831802368 -0.28660067915916443 0.9281860701860299
[30 INFO root] -0.11109257489442825 -0.28561148047447205 0.925725734947385
[30 INFO root] -0.11036079376935959 -0.2846384346485138 0.9234935490321043
[30 INFO root] -0.10963787883520126 -0.2836816906929016 0.9214848547863246
[30 INFO root] -0.1089242622256279 -0.2827412486076355 0.9196938479190799
[30 INFO root] -0.10822027176618576 -0.2818169593811035 0.9181136453458867
[30 INFO root] -0.10752611607313156 -0.28090861439704895 0.9167363889719041
[30 INFO root] -0.10684190690517426 -0.28001585602760315 0.9155533682690227
[30 INFO root] -0.1061675176024437 -0.27913811802864075 0.9145533732443271
[30 INFO root] -0.105501689016819 -0.2782733142375946 0.9137091012866033
[30 INFO root] -0.10484308749437332 -0.27741944789886475 0.9129939824574588
[30 INFO root] -0.10419056564569473 -0.2765747308731079 0.9123859225989512
[30 INFO root] -0.10354316234588623 -0.2757377326488495 0.9118667538606721
[30 INFO root] -0.10290006548166275 -0.2749071717262268 0.9114215175678687
[30 INFO root] -0.10226059705018997 -0.27408209443092346 0.9110378806392307
[30 INFO root] -0.10162417590618134 -0.2732616066932678 0.9107056629194428
[30 INFO root] -0.10099032521247864 -0.2724449932575226 0.91041645296888
[30 INFO root] -0.10035863518714905 -0.27163165807724 0.9101632947389722
[30 INFO root] -0.0997287780046463 -0.27082109451293945 0.909940431345698
[30 INFO root] -0.09910046309232712 -0.27001291513442993 0.9097430950435593
[30 INFO root] -0.0984734520316124 -0.2692067623138428 0.909567334728728
[30 INFO root] -0.09784755110740662 -0.2684023082256317 0.9094098740302057
[30 INFO root] -0.09722259640693665 -0.26759934425354004 0.9092679944033174
[30 INFO root] -0.09659844636917114 -0.26679763197898865 0.9091394387097683
[30 INFO root] -0.09597498178482056 -0.2659970223903656 0.9090223316187326
[30 INFO root] -0.09535211324691772 -0.26519739627838135 0.9089151138432133
[30 INFO root] -0.09472975134849548 -0.26439857482910156 0.9088164877723821
[30 INFO root] -0.09410784393548965 -0.26360049843788147 0.9087253725019746
[30 INFO root] -0.09348631650209427 -0.2628030776977539 0.9086408666227942
[30 INFO root] -0.09286513924598694 -0.2620062232017517 0.9085622174188029
[30 INFO root] -0.09224426001310349 -0.2612099051475525 0.9084887953641919
[30 INFO root] -0.09162365645170212 -0.2604140639305115 0.9084200730036424
[30 INFO root] -0.09100329130887985 -0.2596186101436615 0.9083556074598239
[30 INFO root] -0.09038315713405609 -0.25882360339164734 0.9082950259435725
[30 INFO root] -0.08976322412490845 -0.25802892446517944 0.9082380137504179
[30 INFO root] -0.08914348483085632 -0.2572345733642578 0.9081843043163048
[30 INFO root] -0.08852392435073853 -0.25644057989120483 0.9081336709790224
[30 INFO root] -0.08790453523397446 -0.25564685463905334 0.9080859201526761
[30 INFO root] -0.08728529512882233 -0.25485342741012573 0.908040885672831
[30 INFO root] -0.08666621893644333 -0.2540602684020996 0.907998424111577
[30 INFO root] -0.08604729175567627 -0.253267377614975 0.9079584108961932
[30 INFO root] -0.08542850613594055 -0.25247472524642944 0.9079207370936174
[30 INFO root] -0.08481065928936005 -0.2516833245754242 0.9078939594438111
[30 INFO root] -0.08419491350650787 -0.250894695520401 0.9078903318817754
[30 INFO root] -0.08357949554920197 -0.25010648369789124 0.9078902131842193
[30 INFO root] -0.08296408504247665 -0.24931825697422028 0.9078902131842193
[30 INFO root] -0.08234867453575134 -0.2485300600528717 0.9078902131842193
[30 INFO root] -0.08173326402902603 -0.24774184823036194 0.9078902131842193
[30 INFO root] -0.08111785352230072 -0.24695363640785217 0.9078902131842193
[30 INFO root] -0.08050244301557541 -0.2461654394865036 0.9078902131842193
[30 INFO root] -0.0798870325088501 -0.24537722766399384 0.9078902131842193
[30 INFO root] -0.07927162200212479 -0.24458901584148407 0.9078902131842193
[30 INFO root] -0.07865621149539948 -0.2438008189201355 0.9078902131842193
[30 INFO root] -0.07804080098867416 -0.24301260709762573 0.9078902131842193
[30 INFO root] -0.07742539793252945 -0.24222439527511597 0.9078902131842193
[30 INFO root] -0.07680998742580414 -0.2414361983537674 0.9078902131842193
[30 INFO root] -0.07619457691907883 -0.24064798653125763 0.9078902131842193
[30 INFO root] -0.07557916641235352 -0.23985977470874786 0.9078902131842193
[30 INFO root] -0.0749637559056282 -0.2390715777873993 0.9078902131842193
[30 INFO root] -0.0743483453989029 -0.23828336596488953 0.9078902131842193
[30 INFO root] -0.07373293489217758 -0.23749515414237976 0.9078902131842193
[30 INFO root] -0.07311752438545227 -0.2367069572210312 0.9078902131842193
[30 INFO root] -0.07250211387872696 -0.23591874539852142 0.9078902131842193
[30 INFO root] -0.07188136130571365 -0.23512369394302368 0.9078357746931272
[30 INFO root] -0.07124920934438705 -0.23431412875652313 0.907664033996049
[30 INFO root] -0.07060590386390686 -0.23349054157733917 0.9073759048070746
[30 INFO root] -0.06995248049497604 -0.23265449702739716 0.90698095051977
[30 INFO root] -0.06929004192352295 -0.23180757462978363 0.9064894268251467
[30 INFO root] -0.06861970573663712 -0.23095139861106873 0.9059122087731477
[30 INFO root] -0.06794261187314987 -0.23008760809898376 0.9052607383945165
[30 INFO root] -0.06725990772247314 -0.22921782732009888 0.9045468540040951
[30 INFO root] -0.06657271832227707 -0.22834360599517822 0.9037825181551145
[30 INFO root] -0.0658821240067482 -0.2274664044380188 0.9029794713483281
[30 INFO root] -0.06518910080194473 -0.22658757865428925 0.9021488435301631
[30 INFO root] -0.0644945278763771 -0.22570829093456268 0.9013007571036904
[30 INFO root] -0.06379914283752441 -0.22482949495315552 0.9004439535699652
[30 INFO root] -0.06310351192951202 -0.22395193576812744 0.8995854715827808
[30 INFO root] -0.062408026307821274 -0.22307610511779785 0.8987303981502809
[30 INFO root] -0.061712902039289474 -0.22220227122306824 0.8978817080792891
[30 INFO root] -0.06101814657449722 -0.2213304191827774 0.8970402004629078
[30 INFO root] -0.06032360717654228 -0.22046032547950745 0.896204535597697
[30 INFO root] -0.059628937393426895 -0.21959158778190613 0.8953713712852135
[30 INFO root] -0.05893366038799286 -0.21872355043888092 0.8945355937732274
[30 INFO root] -0.058237165212631226 -0.21785549819469452 0.8936906351888202
[30 INFO root] -0.05759621039032936 -0.21705801784992218 0.8945741916793017
[30 INFO root] -0.05704467371106148 -0.2163708359003067 0.8983194866734231
[30 INFO root] -0.056567613035440445 -0.21577225625514984 0.9046596194681821
[30 INFO root] -0.056148238480091095 -0.21523946523666382 0.9132794217640589
[30 INFO root] -0.055773891508579254 -0.214755579829216 0.9239699111175328
[30 INFO root] -0.05543531849980354 -0.21430833637714386 0.9366033085925679
[30 INFO root] -0.055125802755355835 -0.2138887345790863 0.9511127779262831
[30 INFO root] -0.054840441793203354 -0.2134900540113449 0.9674759070940224
[30 INFO root] -0.05457548797130585 -0.2131069153547287 0.9857001968568634
[30 INFO root] -0.05432799831032753 -0.2127348631620407 1.0058156931520534
[30 INFO root] -0.054095588624477386 -0.212369903922081 1.0278697048003642
[30 INFO root] -0.053876250982284546 -0.2120082527399063 1.0519227052605435
[30 INFO root] -0.053668275475502014 -0.21164610981941223 1.0780450850856844
[30 INFO root] -0.0534701943397522 -0.21127949655056 1.1063144792626913
[30 INFO root] -0.053280774503946304 -0.2109040766954422 1.1368134453547012
[30 INFO root] -0.05309908464550972 -0.210515096783638 1.1696272813987625
[30 INFO root] -0.05292455106973648 -0.2101072371006012 1.2048420057364366
[30 INFO root] -0.05275717005133629 -0.20967483520507812 1.2425545806631118
[30 INFO root] -0.05259765684604645 -0.20921190083026886 1.2828889786078026
[30 INFO root] -0.052447400987148285 -0.20871150493621826 1.3259728709060326
[30 INFO root] -0.05230863764882088 -0.20816542208194733 1.3719245019307107
[30 INFO root] -0.05218477174639702 -0.20756401121616364 1.4208406417992163
[30 INFO root] -0.05208078771829605 -0.20689605176448822 1.4727797868283037
[30 INFO root] -0.05200374498963356 -0.20614875853061676 1.5277382339592518
[30 INFO root] -0.05196334794163704 -0.2053080052137375 1.585617129947838
[30 INFO root] -0.05197249352931976 -0.20435890555381775 1.6461792697546063
[30 INFO root] -0.05204762890934944 -0.20328687131404877 1.708996090313091
[30 INFO root] -0.052208688110113144 -0.20207935571670532 1.7733893833556393
[30 INFO root] -0.052478108555078506 -0.20072829723358154 1.838378942326594
[30 INFO root] -0.05286949500441551 -0.1992664635181427 1.903114631692149
[30 INFO root] -0.053370967507362366 -0.19778314232826233 1.9674959378031622
[30 INFO root] -0.05398275703191757 -0.1962965577840805 2.0303093212968113
[30 INFO root] -0.054699741303920746 -0.19482481479644775 2.0902762247528095
[30 INFO root] -0.055500272661447525 -0.1934051811695099 2.145996075947025
[30 INFO root] -0.05632438510656357 -0.1921173632144928 2.195441628018538
[30 INFO root] -0.05713571235537529 -0.19097916781902313 2.2383054264551245
[30 INFO root] -0.057905811816453934 -0.18999256193637848 2.2747183931384916
[30 INFO root] -0.05861368030309677 -0.1891518533229828 2.304985236220613
[30 INFO root] -0.0592464879155159 -0.1884457767009735 2.3294866948693413
[30 INFO root] -0.05979892984032631 -0.1878596842288971 2.3486024547257
[30 INFO root] -0.06027182936668396 -0.18737739324569702 2.3626609047091054
[30 INFO root] -0.060670576989650726 -0.18698246777057648 2.3719137023833854
[30 INFO root] -0.061003606766462326 -0.186659038066864 2.3765265004091956
[30 INFO root] -0.061281222850084305 -0.1863921880722046 2.3765824212693936
[30 INFO root] -0.06151481345295906 -0.18616792559623718 2.372095500638525
[30 INFO root] -0.06171610578894615 -0.1859731376171112 2.3630299525465546
[30 INFO root] -0.061896611005067825 -0.18579544126987457 2.349321213949544
[30 INFO root] -0.0620671808719635 -0.18562299013137817 2.330900790233179
[30 INFO root] -0.06223762780427933 -0.18544434010982513 2.307722639370744
[30 INFO root] -0.062416188418865204 -0.18524843454360962 2.2797958620148053
[30 INFO root] -0.06260912120342255 -0.1850246638059616 2.2471974235602135
[30 INFO root] -0.0628204345703125 -0.18476296961307526 2.2100731750337994
[30 INFO root] -0.06305167078971863 -0.1844540387392044 2.16864192053753
[30 INFO root] -0.06330181658267975 -0.18408958613872528 2.123201376844644
[30 INFO root] -0.06356822699308395 -0.18366128206253052 2.07421420101415
[30 INFO root] -0.06386235356330872 -0.18313241004943848 2.0243420115120445
[30 INFO root] -0.06417053192853928 -0.18250717222690582 1.9744597607511971
[30 INFO root] -0.06447712332010269 -0.1817983239889145 1.9251468875508364
[30 INFO root] -0.06476892530918121 -0.18102067708969116 1.8768748720635933
[30 INFO root] -0.06503572314977646 -0.18018978834152222 1.8299996603312756
[30 INFO root] -0.06527041643857956 -0.17932075262069702 1.7847706555524836
[30 INFO root] -0.06546872854232788 -0.1784273386001587 1.7413474842767975
[30 INFO root] -0.0656287744641304 -0.1775215119123459 1.6998205525237167
[30 INFO root] -0.06575047969818115 -0.17661318182945251 1.6602317582821602
[30 INFO root] -0.06583508104085922 -0.17571035027503967 1.6225924849189914
[30 INFO root] -0.06588468700647354 -0.17481932044029236 1.5868973762655447
[30 INFO root] -0.06590194255113602 -0.17394503951072693 1.5531336168338723
[30 INFO root] -0.06588981300592422 -0.17309138178825378 1.52128624291647
[30 INFO root] -0.06585139781236649 -0.17226138710975647 1.4913403958902123
[30 INFO root] -0.06578987836837769 -0.17145749926567078 1.4632815055366357
[30 INFO root] -0.06570841372013092 -0.1706816405057907 1.4370942845115404
[30 INFO root] -0.06561007350683212 -0.16993528604507446 1.412761227233061
[30 INFO root] -0.06549784541130066 -0.1692194640636444 1.3902611080678062
[30 INFO root] -0.06537042558193207 -0.16851229965686798 1.3693788458570388
[30 INFO root] -0.0652189552783966 -0.16776296496391296 1.3497193158930174
[30 INFO root] -0.06504294276237488 -0.16697295010089874 1.3312919203926854
[30 INFO root] -0.06484337896108627 -0.16614936292171478 1.3141444028396658
[30 INFO root] -0.06462158262729645 -0.1652984917163849 1.298323534453873
[30 INFO root] -0.06437918543815613 -0.1644258052110672 1.2838759002829796
[30 INFO root] -0.06411801278591156 -0.16353602707386017 1.2708474489873793
[30 INFO root] -0.06384009122848511 -0.16263332962989807 1.2592829430021508
[30 INFO root] -0.06354755908250809 -0.16172125935554504 1.2492254173957364
[30 INFO root] -0.06324264407157898 -0.1608029156923294 1.2407156335477498
[30 INFO root] -0.06292764097452164 -0.15988096594810486 1.2337915802207764
[30 INFO root] -0.06260484457015991 -0.15895763039588928 1.228488049124525
[30 INFO root] -0.062276557087898254 -0.1580347865819931 1.2248362966483681
[30 INFO root] -0.061945024877786636 -0.15711398422718048 1.2228637967378289
[30 INFO root] -0.06161133572459221 -0.15619336068630219 1.2222208072652059
[30 INFO root] -0.06127408891916275 -0.1552651822566986 1.2219081908801586
[30 INFO root] -0.06093365326523781 -0.15432924032211304 1.221804983410087
[30 INFO root] -0.06059182435274124 -0.1533898264169693 1.2217967408631585
[30 INFO root] -0.06024986505508423 -0.1524500995874405 1.2217967408631585
[30 INFO root] -0.059907909482717514 -0.15151038765907288 1.2217967408631585
[30 INFO root] -0.0595659501850605 -0.15057067573070526 1.2217967408631585
[30 INFO root] -0.05922399461269379 -0.14963096380233765 1.2217967408631585
[30 INFO root] -0.058882035315036774 -0.14869123697280884 1.2217967408631585
[30 INFO root] -0.05854007601737976 -0.14775152504444122 1.2217967408631585
[30 INFO root] -0.058198120445013046 -0.1468118131160736 1.2217967408631585
[30 INFO root] -0.05785616114735603 -0.145872101187706 1.2217967408631585
[30 INFO root] -0.05751420557498932 -0.14493238925933838 1.2217967408631585
[30 INFO root] -0.057172246277332306 -0.14399266242980957 1.2217967408631585
[30 INFO root] -0.05683028697967529 -0.14305295050144196 1.2217967408631585
[30 INFO root] -0.05648833140730858 -0.14211323857307434 1.2217967408631585
[30 INFO root] -0.056146372109651566 -0.14117352664470673 1.2217967408631585
[30 INFO root] -0.05580441281199455 -0.14023379981517792 1.2217967408631585
[30 INFO root] -0.05546245723962784 -0.1392940878868103 1.2217967408631585
[30 INFO root] -0.05512611195445061 -0.13836979866027832 1.222310838198413
[30 INFO root] -0.054823439568281174 -0.13753686845302582 1.2258843602789038
[30 INFO root] -0.05455577373504639 -0.13679276406764984 1.2325108339769932
[30 INFO root] -0.05432042479515076 -0.1361253559589386 1.241902669073455
[30 INFO root] -0.05411429703235626 -0.13552342355251312 1.2538257990807833
[30 INFO root] -0.05393422022461891 -0.13497686386108398 1.2680937541479642
[30 INFO root] -0.053777121007442474 -0.13447655737400055 1.2845594434905463
[30 INFO root] -0.05364017188549042 -0.1340142786502838 1.3031084586987125
[30 INFO root] -0.05352085828781128 -0.13358260691165924 1.323653647777989
[30 INFO root] -0.05341702327132225 -0.13317479193210602 1.3461306974309681
[30 INFO root] -0.05332690104842186 -0.1327846348285675 1.370494496753804
[30 INFO root] -0.05324912816286087 -0.13240644335746765 1.3967160894485509
[30 INFO root] -0.053182754665613174 -0.13203483819961548 1.4247800496464464
[30 INFO root] -0.053127262741327286 -0.13166478276252747 1.4546821373551697
[30 INFO root] -0.05308258533477783 -0.13129138946533203 1.4864271034752852
[30 INFO root] -0.053049132227897644 -0.1309099793434143 1.5200265219324436
[30 INFO root] -0.053027816116809845 -0.1305159032344818 1.5554965287152842
[30 INFO root] -0.05302011966705322 -0.13010461628437042 1.5928553457899022
[30 INFO root] -0.053028132766485214 -0.12967152893543243 1.6321204637786673
[30 INFO root] -0.053054627031087875 -0.1292121559381485 1.6733053535645093
[30 INFO root] -0.05310313403606415 -0.12872199714183807 1.7164155774869132
[30 INFO root] -0.05317801609635353 -0.12819665670394897 1.7614441811571815
[30 INFO root] -0.05328454449772835 -0.12763197720050812 1.8083662749442668
[30 INFO root] -0.053428951650857925 -0.1270240694284439 1.857132769973712
[30 INFO root] -0.053618431091308594 -0.1263696402311325 1.907663328798999
[30 INFO root] -0.05386113375425339 -0.12566612660884857 1.959838737080533
[30 INFO root] -0.05416601523756981 -0.1249120831489563 2.0134931062456407
[30 INFO root] -0.054542601108551025 -0.12410745024681091 2.068406572976907
[30 INFO root] -0.05500062182545662 -0.1232539713382721 2.1242994429756186
[30 INFO root] -0.05554944649338722 -0.12235542386770248 2.1808289767907922
[30 INFO root] -0.05619742348790169 -0.12141790986061096 2.2375901440858605
[30 INFO root] -0.056951045989990234 -0.12044984847307205 2.2941215672922772
[30 INFO root] -0.05781412869691849 -0.11946181952953339 2.3499174365623565
[30 INFO root] -0.0587870255112648 -0.11846614629030228 2.40444537388907
[30 INFO root] -0.05986607074737549 -0.1174762099981308 2.4571691494113184
[30 INFO root] -0.06104334071278572 -0.11650554090738297 2.5075740484951994
[30 INFO root] -0.06230684369802475 -0.1155669242143631 2.555191890515183
[30 INFO root] -0.06364109367132187 -0.1146714836359024 2.5996225129142196
[30 INFO root] -0.06502807140350342 -0.11382801830768585 2.6405490790236943
[30 INFO root] -0.0664483830332756 -0.11304259300231934 2.6777457064068213
[30 INFO root] -0.0678824633359909 -0.11231844872236252 2.711077295652588
[30 INFO root] -0.0693117007613182 -0.11165619641542435 2.7404926664534996
[30 INFO root] -0.07071929425001144 -0.11105422675609589 2.766012891671405
