[37 INFO root] Initialising Python Geth Console...
[37 INFO root] Initialising RandB board...
[37 INFO root] Initialising resource sensor...
[37 INFO root] Initialising random-walk...
[37 INFO root] Initialising navigation...
[37 INFO root] Initialising Odo...
[37 INFO root] Initialising odometry...
[37 INFO root] Initialising gps...
[37 INFO root] Initialising Ground sensor...
[37 INFO root] --//-- Starting Experiment --//--
[37 INFO root] x y direction
[37 INFO root] 0.7733550071716309 -0.7037919759750366 -2.5040238778362642
[37 INFO root] 0.7718483805656433 -0.7049080729484558 -2.9215854897312656
[37 INFO root] 0.7666271328926086 -0.707472562789917 2.9859176460676053
[37 INFO root] 0.7575250267982483 -0.7091488838195801 2.804931365373348
[37 INFO root] 0.7453040480613708 -0.7081513404846191 2.7463850242075805
[37 INFO root] 0.7307568192481995 -0.7037172913551331 2.7285495774207966
[37 INFO root] 0.7154943346977234 -0.6970738172531128 2.719715434772589
[37 INFO root] 0.7009674906730652 -0.6905779242515564 2.709811443552219
[37 INFO root] 0.6873411536216736 -0.6843288540840149 2.6919667625488355
[37 INFO root] 0.6746672987937927 -0.6782627105712891 2.6699366540079637
[37 INFO root] 0.6629267930984497 -0.6723314523696899 2.648638157349143
[37 INFO root] 0.6525405049324036 -0.666832447052002 2.6437463234955976
[37 INFO root] 0.6437301635742188 -0.6620606780052185 2.6564505514184713
[37 INFO root] 0.6362791061401367 -0.6581016182899475 2.68086960696542
[37 INFO root] 0.6298571825027466 -0.6548716425895691 2.712885124827594
[37 INFO root] 0.6242290735244751 -0.6522582769393921 2.7503853315704645
[37 INFO root] 0.6192396879196167 -0.6501643657684326 2.792204191494221
[37 INFO root] 0.6147773265838623 -0.6485062837600708 2.8373381915771487
[37 INFO root] 0.6107677221298218 -0.6472192406654358 2.8845005258218177
[37 INFO root] 0.6071562767028809 -0.6462464928627014 2.931879308797921
[37 INFO root] 0.6039005517959595 -0.6455351710319519 2.9770304044371425
[37 INFO root] 0.6009600162506104 -0.645031750202179 3.016613720062442
[37 INFO root] 0.5982837677001953 -0.6446837782859802 3.0469268295984246
[37 INFO root] 0.5958005785942078 -0.6444398760795593 3.0651099766036056
[37 INFO root] 0.5934367179870605 -0.644254207611084 3.0703574798120767
[37 INFO root] 0.5911349058151245 -0.6440887451171875 3.063418912317626
[37 INFO root] 0.5887738466262817 -0.6439054012298584 3.050505214146524
[37 INFO root] 0.5863194465637207 -0.6436842679977417 3.034531445300926
[37 INFO root] 0.5837799906730652 -0.6434153318405151 3.017175130313193
[37 INFO root] 0.5811757445335388 -0.6430941224098206 2.999859976375787
[37 INFO root] 0.5785307288169861 -0.6427212953567505 2.983723242595114
[37 INFO root] 0.5758686661720276 -0.6423018574714661 2.9695995056851228
[37 INFO root] 0.5732104182243347 -0.6418439745903015 2.958044073977655
[37 INFO root] 0.5705729722976685 -0.6413575410842896 2.9493760571513996
[37 INFO root] 0.5679672360420227 -0.6408528089523315 2.9436422151048656
[37 INFO root] 0.565398633480072 -0.6403391361236572 2.9406792957317847
[37 INFO root] 0.562947690486908 -0.6398407816886902 2.9391418919025916
[37 INFO root] 0.5606372356414795 -0.6393669247627258 2.9380589398577683
[37 INFO root] 0.5584456920623779 -0.6389148235321045 2.936996376542471
[37 INFO root] 0.5563515424728394 -0.638480544090271 2.9356681847240815
[37 INFO root] 0.5543379187583923 -0.6380602121353149 2.933876224630957
[37 INFO root] 0.5523915886878967 -0.6376503705978394 2.931489435711315
[37 INFO root] 0.5505020618438721 -0.6372479200363159 2.928427975313803
[37 INFO root] 0.5486612319946289 -0.636850118637085 2.924652031172322
[37 INFO root] 0.5468627214431763 -0.6364544034004211 2.920153397291824
[37 INFO root] 0.5451015830039978 -0.6360587477684021 2.914949481897612
[37 INFO root] 0.5433740615844727 -0.6356613636016846 2.9090780973310943
[37 INFO root] 0.5416773557662964 -0.6352606415748596 2.9025934491628735
[37 INFO root] 0.5400094389915466 -0.6348553895950317 2.8955628471123838
[37 INFO root] 0.5383688807487488 -0.6344446539878845 2.8880634892144514
[37 INFO root] 0.5367546677589417 -0.6340277791023254 2.880179799369529
[37 INFO root] 0.5351664423942566 -0.6336041688919067 2.8720010184012956
[37 INFO root] 0.533603847026825 -0.6331738233566284 2.8636189907085976
[37 INFO root] 0.5320669412612915 -0.6327366232872009 2.855126037419449
[37 INFO root] 0.5305559039115906 -0.6322929263114929 2.846613508177019
[37 INFO root] 0.5290730595588684 -0.6318438053131104 2.8381155180818345
[37 INFO root] 0.5276206731796265 -0.631390392780304 2.8296560387822938
[37 INFO root] 0.5262003540992737 -0.6309337019920349 2.821290973538264
[37 INFO root] 0.5248135924339294 -0.6304749846458435 2.8131075477050875
[37 INFO root] 0.5234615206718445 -0.6300154328346252 2.805212593502585
[37 INFO root] 0.5221453309059143 -0.62955641746521 2.7977214924318097
[37 INFO root] 0.5208657383918762 -0.6290992498397827 2.790748732624769
[37 INFO root] 0.519623339176178 -0.6286455988883972 2.7844018621165123
[37 INFO root] 0.5184186100959778 -0.6281968951225281 2.7787770524416913
[37 INFO root] 0.5172516107559204 -0.6277546286582947 2.773957157206512
[37 INFO root] 0.5161222219467163 -0.6273202896118164 2.7700111560555047
[37 INFO root] 0.5150301456451416 -0.6268952488899231 2.7669944262163897
[37 INFO root] 0.5139747858047485 -0.6264806985855103 2.764949773305016
[37 INFO root] 0.5129553079605103 -0.6260777115821838 2.7639090109143427
[37 INFO root] 0.5119708180427551 -0.6256872415542603 2.76389458542206
[37 INFO root] 0.5110200643539429 -0.6253100633621216 2.764921023514674
[37 INFO root] 0.510101854801178 -0.6249467134475708 2.766996586114344
[37 INFO root] 0.5092147588729858 -0.6245977282524109 2.770124489516887
[37 INFO root] 0.5083572268486023 -0.624263346195221 2.7743013916004386
[37 INFO root] 0.5075278282165527 -0.6239438652992249 2.7795156323076307
[37 INFO root] 0.5067252516746521 -0.6236393451690674 2.7857481089942784
[37 INFO root] 0.5059481263160706 -0.6233499646186829 2.7929743258517896
[37 INFO root] 0.505194902420044 -0.623075544834137 2.801165956874365
[37 INFO root] 0.504464328289032 -0.6228160858154297 2.810291150915272
[37 INFO root] 0.5037548542022705 -0.6225712895393372 2.8203178792126167
[37 INFO root] 0.5030649900436401 -0.6223409175872803 2.831215573586307
[37 INFO root] 0.5023930668830872 -0.6221245527267456 2.8429524260132966
[37 INFO root] 0.5017167329788208 -0.6219154596328735 2.854912270393407
[37 INFO root] 0.5010206699371338 -0.621709406375885 2.8665944554256853
[37 INFO root] 0.5003061294555664 -0.621506929397583 2.8779003914622434
[37 INFO root] 0.4995756447315216 -0.6213088631629944 2.888777585698161
[37 INFO root] 0.49883145093917847 -0.6211157441139221 2.899178188575087
[37 INFO root] 0.4980754554271698 -0.6209279894828796 2.909058175896974
[37 INFO root] 0.4973094165325165 -0.6207457780838013 2.918376387635784
[37 INFO root] 0.4965348243713379 -0.6205691695213318 2.9270937172812688
[37 INFO root] 0.4957529604434967 -0.6203981041908264 2.935172381855642
[37 INFO root] 0.49496498703956604 -0.6202324628829956 2.942575376383016
[37 INFO root] 0.49417194724082947 -0.6200718879699707 2.949266244727802
[37 INFO root] 0.4933747947216034 -0.6199161410331726 2.9552091872415365
[37 INFO root] 0.4925743341445923 -0.6197646856307983 2.960369467892605
[37 INFO root] 0.49177131056785583 -0.6196171045303345 2.9647131155291646
[37 INFO root] 0.4909663796424866 -0.619472861289978 2.9682084802563153
[37 INFO root] 0.49016016721725464 -0.619331419467926 2.970828507522849
[37 INFO root] 0.489353209733963 -0.6191920042037964 2.9725525750116835
[37 INFO root] 0.4885460138320923 -0.6190541386604309 2.973367651006658
[37 INFO root] 0.48773905634880066 -0.6189169883728027 2.9732688312435336
[37 INFO root] 0.4869326949119568 -0.6187799572944641 2.9722593632208145
[37 INFO root] 0.4861273467540741 -0.6186423897743225 2.9703502739667402
[37 INFO root] 0.4853232800960541 -0.6185034513473511 2.967559711889765
[37 INFO root] 0.4845207631587982 -0.6183626055717468 2.963912101166875
[37 INFO root] 0.48372021317481995 -0.6182191371917725 2.9594606760061
[37 INFO root] 0.4829227924346924 -0.6180726885795593 2.9543850585802116
[37 INFO root] 0.48212963342666626 -0.617922842502594 2.948852719888125
[37 INFO root] 0.4813413918018341 -0.6177694797515869 2.9429898347240844
[37 INFO root] 0.4805583357810974 -0.617612361907959 2.936862517786073
[37 INFO root] 0.4797804057598114 -0.6174513101577759 2.930496943602461
[37 INFO root] 0.47900742292404175 -0.617286205291748 2.923902679763211
[37 INFO root] 0.4782392084598541 -0.6171168088912964 2.917077976308576
[37 INFO root] 0.47747543454170227 -0.6169429421424866 2.9100106850841185
[37 INFO root] 0.47671592235565186 -0.6167643666267395 2.9027033537222233
[37 INFO root] 0.47596070170402527 -0.6165810823440552 2.8951836413460903
[37 INFO root] 0.4752098023891449 -0.6163927912712097 2.8874745335009644
[37 INFO root] 0.4744631052017212 -0.6161994934082031 2.8795880210650866
[37 INFO root] 0.4737204313278198 -0.6160009503364563 2.871525327316961
[37 INFO root] 0.4729815125465393 -0.6157970428466797 2.8632774040641036
[37 INFO root] 0.4722459614276886 -0.6155875325202942 2.8548253277326205
[37 INFO root] 0.47151339054107666 -0.6153721809387207 2.8461406421490025
[37 INFO root] 0.4707832336425781 -0.6151506304740906 2.8371856966200646
[37 INFO root] 0.47005489468574524 -0.6149225234985352 2.827914028350562
[37 INFO root] 0.4693277180194855 -0.6146873831748962 2.8182708384689947
[37 INFO root] 0.468600869178772 -0.6144446134567261 2.808193610387168
[37 INFO root] 0.46787530183792114 -0.6141940951347351 2.797790783753444
[37 INFO root] 0.4671514630317688 -0.6139358282089233 2.7871395325424966
[37 INFO root] 0.4664292633533478 -0.6136693954467773 2.7762513876794936
[37 INFO root] 0.46570849418640137 -0.6133946180343628 2.765131921663841
[37 INFO root] 0.46498897671699524 -0.6131110787391663 2.7537873361393683
[37 INFO root] 0.4642705023288727 -0.6128185391426086 2.7422244775636493
[37 INFO root] 0.46355298161506653 -0.6125167012214661 2.7304508728160375
[37 INFO root] 0.4628361761569977 -0.6122052073478699 2.7184747611056705
[37 INFO root] 0.46212002635002136 -0.6118836998939514 2.7063051232609867
[37 INFO root] 0.46140435338020325 -0.6115519404411316 2.6939517099756882
[37 INFO root] 0.46068909764289856 -0.6112096309661865 2.6814250708237295
[37 INFO root] 0.45997413992881775 -0.6108563542366028 2.6687365861411485
[37 INFO root] 0.45925942063331604 -0.6104918718338013 2.655898504173589
[37 INFO root] 0.45854488015174866 -0.6101158261299133 2.642923986183965
[37 INFO root] 0.4578304588794708 -0.6097279787063599 2.62982716240768
[37 INFO root] 0.4571162164211273 -0.609328031539917 2.6166232017685855
[37 INFO root] 0.456402063369751 -0.6089156270027161 2.60332839808633
[37 INFO root] 0.4556880593299866 -0.6084905862808228 2.589960275020372
[37 INFO root] 0.4549742341041565 -0.608052670955658 2.5765377112028824
[37 INFO root] 0.45426061749458313 -0.6076015830039978 2.563081085894146
[37 INFO root] 0.45354729890823364 -0.6071370840072632 2.549612444093505
[37 INFO root] 0.4528343677520752 -0.6066590547561646 2.536155678431902
[37 INFO root] 0.4521218538284302 -0.6061673164367676 2.522736723474513
[37 INFO root] 0.4514099061489105 -0.6056616902351379 2.5093837564097576
[37 INFO root] 0.4506986439228058 -0.6051421165466309 2.4961273966347655
[37 INFO root] 0.44998815655708313 -0.6046085357666016 2.4830008955991176
[37 INFO root] 0.4492785632610321 -0.6040608882904053 2.470040307540189
[37 INFO root] 0.44857001304626465 -0.6034992933273315 2.457284631503956
[37 INFO root] 0.4478626549243927 -0.6029236912727356 2.4447759153252018
[37 INFO root] 0.4471566081047058 -0.6023343205451965 2.4325593130187775
[37 INFO root] 0.4464520215988159 -0.6017313599586487 2.4206830882645907
[37 INFO root] 0.4457489848136902 -0.6011151075363159 2.4091985582635242
[37 INFO root] 0.44504767656326294 -0.6004858613014221 2.3981599740660133
[37 INFO root] 0.44434815645217896 -0.5998441576957703 2.387624335369596
[37 INFO root] 0.4436505436897278 -0.5991904139518738 2.3776511395306854
[37 INFO root] 0.4429548680782318 -0.5985252857208252 2.3683020658913447
[37 INFO root] 0.4422611594200134 -0.5978494882583618 2.3596405972241454
[37 INFO root] 0.441569447517395 -0.5971636772155762 2.3517315799317275
[37 INFO root] 0.44096335768699646 -0.5965532660484314 2.3443787211895426
[37 INFO root] 0.44045695662498474 -0.5960356593132019 2.3375669682671836
[37 INFO root] 0.4400361478328705 -0.5955995321273804 2.331376378231215
[37 INFO root] 0.43968671560287476 -0.5952329039573669 2.325893828837311
[37 INFO root] 0.4393962621688843 -0.5949246883392334 2.3212070993867924
[37 INFO root] 0.43915441632270813 -0.59466552734375 2.3174038548936653
[37 INFO root] 0.43895262479782104 -0.594447672367096 2.3145718075394024
[37 INFO root] 0.4387848675251007 -0.5942654609680176 2.311781661865423
[37 INFO root] 0.4386456310749054 -0.5941133499145508 2.308768923134089
[37 INFO root] 0.43852996826171875 -0.5939862132072449 2.305525372348
[37 INFO root] 0.43843382596969604 -0.5938799381256104 2.3020585997725704
[37 INFO root] 0.43835386633872986 -0.5937908887863159 2.2983737324119144
[37 INFO root] 0.43828725814819336 -0.5937161445617676 2.2944738838800594
[37 INFO root] 0.4382316470146179 -0.5936532616615295 2.29036046290851
[37 INFO root] 0.4381851851940155 -0.5936002731323242 2.286033415365403
[37 INFO root] 0.43814617395401 -0.5935554504394531 2.281491415421036
[37 INFO root] 0.43811333179473877 -0.5935173034667969 2.276732017423488
[37 INFO root] 0.43808555603027344 -0.5934847593307495 2.271751777022638
[37 INFO root] 0.43806192278862 -0.5934568047523499 2.2665463479180983
[37 INFO root] 0.438041627407074 -0.5934325456619263 2.261110559043645
[37 INFO root] 0.43802410364151 -0.5934113264083862 2.255438475858729
[37 INFO root] 0.43800875544548035 -0.593392550945282 2.2495234485740303
[37 INFO root] 0.43799519538879395 -0.5933757424354553 2.2433581495079777
[37 INFO root] 0.4379830062389374 -0.5933604836463928 2.2369346012951143
[37 INFO root] 0.43797188997268677 -0.593346357345581 2.230244197303573
[37 INFO root] 0.437961608171463 -0.5933331251144409 2.2232777153374776
[37 INFO root] 0.437951922416687 -0.5933204293251038 2.216025325480022
[37 INFO root] 0.43794262409210205 -0.59330815076828 2.2084765927583114
[37 INFO root] 0.4379335939884186 -0.5932959318161011 2.2006204751710423
[37 INFO root] 0.43792465329170227 -0.5932837128639221 2.19244531750604
[37 INFO root] 0.43791571259498596 -0.5932712554931641 2.183938841280821
[37 INFO root] 0.4379066824913025 -0.5932584404945374 2.1750881310611767
[37 INFO root] 0.4378974139690399 -0.5932450294494629 2.1658796173464516
[37 INFO root] 0.43788787722587585 -0.5932309627532959 2.1562990561538125
[37 INFO root] 0.43787795305252075 -0.593216061592102 2.1463315053851333
[37 INFO root] 0.4378676116466522 -0.593200147151947 2.1359612980175924
[37 INFO root] 0.4378567636013031 -0.5931831002235413 2.1251720121223205
[37 INFO root] 0.437845379114151 -0.5931647419929504 2.1139464376832424
[37 INFO root] 0.43783339858055115 -0.593144953250885 2.102266540160542
[37 INFO root] 0.43782076239585876 -0.5931234955787659 2.0901134207200927
[37 INFO root] 0.43780744075775146 -0.5931002497673035 2.07746727303185
[37 INFO root] 0.4377933740615845 -0.5930749773979187 2.064307336527477
[37 INFO root] 0.4377785325050354 -0.5930474996566772 2.0506118460013716
[37 INFO root] 0.43776288628578186 -0.5930175185203552 2.036357977441538
[37 INFO root] 0.43774640560150146 -0.5929847955703735 2.021521789989882
[37 INFO root] 0.4377290606498718 -0.5929490923881531 2.006078163958218
[37 INFO root] 0.43771085143089294 -0.59291011095047 1.9900007348713686
[37 INFO root] 0.4376917779445648 -0.5928674340248108 1.9732618235773975
[37 INFO root] 0.43767181038856506 -0.5928207635879517 1.9558323625646443
[37 INFO root] 0.43765100836753845 -0.5927696228027344 1.9376818187655653
[37 INFO root] 0.437629371881485 -0.5927136540412903 1.9187781133206123
[37 INFO root] 0.4376069903373718 -0.5926522612571716 1.899087539037945
[37 INFO root] 0.43758392333984375 -0.5925849080085754 1.8785746766370528
[37 INFO root] 0.4375602900981903 -0.5925110578536987 1.85720231133345
[37 INFO root] 0.43753623962402344 -0.5924299955368042 1.8349313519417383
[37 INFO root] 0.43751195073127747 -0.592340886592865 1.8117207554889847
[37 INFO root] 0.4374876618385315 -0.5922430157661438 1.7875274613950156
[37 INFO root] 0.4374637305736542 -0.5921353697776794 1.7623063406605095
[37 INFO root] 0.4374404847621918 -0.5920169949531555 1.7360101672940387
[37 INFO root] 0.43741846084594727 -0.5918867588043213 1.708589621511908
[37 INFO root] 0.43739819526672363 -0.5917433500289917 1.6799933371875657
[37 INFO root] 0.43738046288490295 -0.5915854573249817 1.650168009761748
[37 INFO root] 0.43736615777015686 -0.5914115905761719 1.619058585520038
[37 INFO root] 0.4373563528060913 -0.591219961643219 1.5866085589842511
[37 INFO root] 0.43735238909721375 -0.5910088419914246 1.552760412323557
[37 INFO root] 0.4373558461666107 -0.590776264667511 1.5174562393054674
[37 INFO root] 0.4373687207698822 -0.5905199646949768 1.4806386064104118
[37 INFO root] 0.43739327788352966 -0.5902377963066101 1.442251715163133
[37 INFO root] 0.43743231892585754 -0.5899271368980408 1.4022429419759839
[37 INFO root] 0.4374891519546509 -0.589585542678833 1.360564843768173
[37 INFO root] 0.43756774067878723 -0.5892102718353271 1.3171777273531204
[37 INFO root] 0.4376726746559143 -0.5887987017631531 1.272052884829151
[37 INFO root] 0.43780937790870667 -0.5883482694625854 1.225176590999186
[37 INFO root] 0.43798401951789856 -0.587856650352478 1.176554935105216
[37 INFO root] 0.4382037818431854 -0.5873217582702637 1.1262195086058873
[37 INFO root] 0.4384765923023224 -0.5867422819137573 1.0742338824593203
[37 INFO root] 0.43881121277809143 -0.5861176252365112 1.0207006708316302
[37 INFO root] 0.43921715021133423 -0.5854483842849731 0.9657687870970187
[37 INFO root] 0.43970412015914917 -0.5847365856170654 0.9096402571497885
[37 INFO root] 0.4402818977832794 -0.5839859247207642 0.8525756889954661
[37 INFO root] 0.4409596025943756 -0.5832021832466125 0.7948972595781154
[37 INFO root] 0.4417451322078705 -0.5823929905891418 0.7369879550318059
[37 INFO root] 0.4426441490650177 -0.58156818151474 0.6792858956773115
[37 INFO root] 0.4436595141887665 -0.5807391405105591 0.6222729883598073
[37 INFO root] 0.44479045271873474 -0.579918622970581 0.5664579092296267
[37 INFO root] 0.4460321366786957 -0.5791196227073669 0.5123544438033608
[37 INFO root] 0.44737544655799866 -0.5783548951148987 0.4604572697586991
[37 INFO root] 0.4488072991371155 -0.577635645866394 0.41121803754315
[37 INFO root] 0.4503112733364105 -0.576971173286438 0.36502478763604906
[37 INFO root] 0.4518685042858124 -0.5763679146766663 0.3221872185413129
[37 INFO root] 0.4534589350223541 -0.5758294463157654 0.2829292202428013
[37 INFO root] 0.4550623297691345 -0.5753564238548279 0.24738875748819059
[37 INFO root] 0.4566594660282135 -0.574946939945221 0.21562402234349357
[37 INFO root] 0.45823290944099426 -0.5745969414710999 0.18762405472599064
[37 INFO root] 0.4597676396369934 -0.57430100440979 0.16332182760292496
[37 INFO root] 0.46125131845474243 -0.574052631855011 0.14260800721569947
[37 INFO root] 0.46267446875572205 -0.5738452076911926 0.12534404197127483
[37 INFO root] 0.46403029561042786 -0.5736718773841858 0.11137373068179657
[37 INFO root] 0.4653145372867584 -0.5735263228416443 0.10053285619632948
[37 INFO root] 0.46652504801750183 -0.5734028220176697 0.09265679439524745
[37 INFO root] 0.467661589384079 -0.5732962489128113 0.08758621762540322
[37 INFO root] 0.46872538328170776 -0.5732022523880005 0.08517112566715061
[37 INFO root] 0.4697277843952179 -0.5731164216995239 0.0849560222906265
[37 INFO root] 0.4707241654396057 -0.5730315446853638 0.0849560222906265
[37 INFO root] 0.4717205762863159 -0.5729466676712036 0.0849560222906265
[37 INFO root] 0.47271695733070374 -0.5728618502616882 0.0849560222906265
[37 INFO root] 0.47371336817741394 -0.5727769732475281 0.0849560222906265
[37 INFO root] 0.47470974922180176 -0.5726920962333679 0.0849560222906265
[37 INFO root] 0.4757061302661896 -0.5726072788238525 0.0849560222906265
[37 INFO root] 0.4767025411128998 -0.5725224018096924 0.0849560222906265
[37 INFO root] 0.4776989221572876 -0.572437584400177 0.0849560222906265
[37 INFO root] 0.4786953330039978 -0.5723527073860168 0.0849560222906265
[37 INFO root] 0.4796917140483856 -0.5722678303718567 0.0849560222906265
[37 INFO root] 0.4806881248950958 -0.5721830129623413 0.0849560222906265
[37 INFO root] 0.48168450593948364 -0.5720981359481812 0.0849560222906265
[37 INFO root] 0.48268088698387146 -0.5720133185386658 0.0849560222906265
[37 INFO root] 0.48367729783058167 -0.5719284415245056 0.0849560222906265
[37 INFO root] 0.4846736788749695 -0.5718435645103455 0.0849560222906265
[37 INFO root] 0.4856700897216797 -0.5717587471008301 0.0849560222906265
[37 INFO root] 0.4866664707660675 -0.5716738700866699 0.0849560222906265
[37 INFO root] 0.4876628518104553 -0.5715889930725098 0.0849560222906265
[37 INFO root] 0.4886592626571655 -0.5715041756629944 0.0849560222906265
[37 INFO root] 0.48965564370155334 -0.5714192986488342 0.0849560222906265
[37 INFO root] 0.49065205454826355 -0.5713344812393188 0.0849560222906265
[37 INFO root] 0.49164843559265137 -0.5712496042251587 0.0849560222906265
[37 INFO root] 0.4926448464393616 -0.5711647272109985 0.0849560222906265
[37 INFO root] 0.4936412274837494 -0.5710799098014832 0.0849560222906265
[37 INFO root] 0.4946376085281372 -0.570995032787323 0.0849560222906265
[37 INFO root] 0.4956340193748474 -0.5709102153778076 0.0849560222906265
[37 INFO root] 0.49663040041923523 -0.5708253383636475 0.0849560222906265
[37 INFO root] 0.49762681126594543 -0.5707404613494873 0.0849560222906265
[37 INFO root] 0.49862319231033325 -0.5706556439399719 0.0849560222906265
[37 INFO root] 0.49961957335472107 -0.5705707669258118 0.0849560222906265
[37 INFO root] 0.5006159543991089 -0.5704859495162964 0.0849560222906265
[37 INFO root] 0.5016123652458191 -0.5704010725021362 0.0849560222906265
[37 INFO root] 0.5026087760925293 -0.5703161954879761 0.0849560222906265
[37 INFO root] 0.5036051869392395 -0.5702313780784607 0.0849560222906265
[37 INFO root] 0.5046015381813049 -0.5701465010643005 0.0849560222906265
[37 INFO root] 0.5055979490280151 -0.5700616240501404 0.0849560222906265
[37 INFO root] 0.5065943598747253 -0.569976806640625 0.0849560222906265
[37 INFO root] 0.5075907111167908 -0.5698919296264648 0.0849560222906265
[37 INFO root] 0.508587121963501 -0.5698071122169495 0.0849560222906265
[37 INFO root] 0.5095835328102112 -0.5697222352027893 0.0849560222906265
[37 INFO root] 0.5105798840522766 -0.5696373581886292 0.0849560222906265
[37 INFO root] 0.5115762948989868 -0.5695525407791138 0.0849560222906265
[37 INFO root] 0.512572705745697 -0.5694676637649536 0.0849560222906265
[37 INFO root] 0.5135691165924072 -0.5693828463554382 0.0849560222906265
[37 INFO root] 0.5145654678344727 -0.5692979693412781 0.0849560222906265
[37 INFO root] 0.5155618786811829 -0.5692130923271179 0.0849560222906265
[37 INFO root] 0.5165582895278931 -0.5691282749176025 0.0849560222906265
[37 INFO root] 0.5175546407699585 -0.5690433979034424 0.0849560222906265
[37 INFO root] 0.5185510516166687 -0.568958580493927 0.0849560222906265
[37 INFO root] 0.5195474624633789 -0.5688737034797668 0.0849560222906265
[37 INFO root] 0.5205438733100891 -0.5687888264656067 0.0849560222906265
[37 INFO root] 0.5215402245521545 -0.5687040090560913 0.0849560222906265
[37 INFO root] 0.5225366353988647 -0.5686191320419312 0.0849560222906265
[37 INFO root] 0.523533046245575 -0.568534255027771 0.0849560222906265
[37 INFO root] 0.5245293974876404 -0.5684494376182556 0.0849560222906265
[37 INFO root] 0.5255258083343506 -0.5683645606040955 0.0849560222906265
[37 INFO root] 0.5265222191810608 -0.5682797431945801 0.0849560222906265
[37 INFO root] 0.527518630027771 -0.5681948661804199 0.0849560222906265
[37 INFO root] 0.5285149812698364 -0.5681099891662598 0.0849560222906265
[37 INFO root] 0.5295113921165466 -0.5680251717567444 0.0849560222906265
[37 INFO root] 0.5305078029632568 -0.5679402947425842 0.0849560222906265
[37 INFO root] 0.5315041542053223 -0.5678554773330688 0.0849560222906265
[37 INFO root] 0.5325005650520325 -0.5677706003189087 0.0849560222906265
[37 INFO root] 0.5334969758987427 -0.5676857233047485 0.0849560222906265
[37 INFO root] 0.5344933271408081 -0.5676009058952332 0.0849560222906265
[37 INFO root] 0.5354897379875183 -0.567516028881073 0.0849560222906265
[37 INFO root] 0.5364861488342285 -0.5674312114715576 0.0849560222906265
[37 INFO root] 0.5374825596809387 -0.5673463344573975 0.0849560222906265
[37 INFO root] 0.5384789109230042 -0.5672614574432373 0.0849560222906265
[37 INFO root] 0.5394753217697144 -0.5671766400337219 0.0849560222906265
[37 INFO root] 0.5404717326164246 -0.5670917630195618 0.0849560222906265
[37 INFO root] 0.54146808385849 -0.5670068860054016 0.0849560222906265
[37 INFO root] 0.5424644947052002 -0.5669220685958862 0.0849560222906265
[37 INFO root] 0.5434609055519104 -0.5668371915817261 0.0849560222906265
[37 INFO root] 0.5444573163986206 -0.5667523741722107 0.0849560222906265
[37 INFO root] 0.545453667640686 -0.5666674971580505 0.0849560222906265
[37 INFO root] 0.5464500784873962 -0.5665826201438904 0.0849560222906265
[37 INFO root] 0.5474464893341064 -0.566497802734375 0.0849560222906265
[37 INFO root] 0.5484428405761719 -0.5664129257202148 0.0849560222906265
[37 INFO root] 0.5494392514228821 -0.5663281083106995 0.0849560222906265
[37 INFO root] 0.5504356622695923 -0.5662432312965393 0.0849560222906265
[37 INFO root] 0.5514320135116577 -0.5661583542823792 0.0849560222906265
[37 INFO root] 0.5524284243583679 -0.5660735368728638 0.0849560222906265
[37 INFO root] 0.5534248352050781 -0.5659886598587036 0.0849560222906265
[37 INFO root] 0.5544212460517883 -0.5659038424491882 0.0849560222906265
[37 INFO root] 0.5554175972938538 -0.5658189654350281 0.0849560222906265
[37 INFO root] 0.556414008140564 -0.5657340884208679 0.0849560222906265
[37 INFO root] 0.5574104189872742 -0.5656492710113525 0.0849560222906265
[37 INFO root] 0.5584067702293396 -0.5655643939971924 0.0849560222906265
[37 INFO root] 0.5594031810760498 -0.5654795169830322 0.0849560222906265
[37 INFO root] 0.56039959192276 -0.5653946995735168 0.0849560222906265
[37 INFO root] 0.5613960027694702 -0.5653098225593567 0.0849560222906265
[37 INFO root] 0.5623923540115356 -0.5652250051498413 0.0849560222906265
[37 INFO root] 0.5633887648582458 -0.5651401281356812 0.0849560222906265
[37 INFO root] 0.564385175704956 -0.565055251121521 0.0849560222906265
[37 INFO root] 0.5653815269470215 -0.5649704337120056 0.0849560222906265
[37 INFO root] 0.5663779377937317 -0.5648855566978455 0.0849560222906265
[37 INFO root] 0.5673743486404419 -0.5648007392883301 0.0849560222906265
[37 INFO root] 0.5683431625366211 -0.5647181868553162 0.08625029811809107
[37 INFO root] 0.5692784786224365 -0.5646374821662903 0.08911494697647385
[37 INFO root] 0.570181131362915 -0.5645570755004883 0.09352164890187734
[37 INFO root] 0.5710525512695312 -0.5644757151603699 0.09942647254009732
[37 INFO root] 0.5718943476676941 -0.5643922686576843 0.10679051153317534
[37 INFO root] 0.572708249092102 -0.5643056631088257 0.11557978240577185
[37 INFO root] 0.5734960436820984 -0.5642149448394775 0.12576486128980616
[37 INFO root] 0.5742596983909607 -0.5641191601753235 0.1373205379884699
[37 INFO root] 0.5750010013580322 -0.564017653465271 0.1502255147652989
[37 INFO root] 0.5757220983505249 -0.5639094710350037 0.1644620473715455
[37 INFO root] 0.5764248967170715 -0.5637938976287842 0.18001552365484066
[37 INFO root] 0.5771114230155945 -0.5636700391769409 0.1968739567712652
[37 INFO root] 0.5777837634086609 -0.5635371804237366 0.21502739357748651
[37 INFO root] 0.5784438252449036 -0.5633942484855652 0.23446784447574245
[37 INFO root] 0.5790936946868896 -0.5632404088973999 0.25518794337542183
[37 INFO root] 0.579735279083252 -0.5630744099617004 0.2771811157729423
[37 INFO root] 0.5803706049919128 -0.5628951787948608 0.30044015184809975
[37 INFO root] 0.5810014605522156 -0.5627013444900513 0.32495715452146823
[37 INFO root] 0.5815846920013428 -0.5625065565109253 0.34843034333608114
[37 INFO root] 0.5820877552032471 -0.5623253583908081 0.36930713202490867
[37 INFO root] 0.5825144648551941 -0.562161386013031 0.3878213094461452
[37 INFO root] 0.5828723907470703 -0.5620160698890686 0.40434087602082897
[37 INFO root] 0.5831680297851562 -0.5618902444839478 0.41914587902964695
[37 INFO root] 0.583406925201416 -0.5617842674255371 0.4324542243058096
[37 INFO root] 0.5835939049720764 -0.5616983771324158 0.4444408486828907
[37 INFO root] 0.5837331414222717 -0.5616323351860046 0.45524941798242513
[37 INFO root] 0.5838283896446228 -0.5615859031677246 0.46499995004829775
[37 INFO root] 0.5838829874992371 -0.5615586042404175 0.47379517926359793
[37 INFO root] 0.5838999152183533 -0.561549961566925 0.48172466858968943
[37 INFO root] 0.5838819742202759 -0.5615593194961548 0.4888680007101931
[37 INFO root] 0.583831787109375 -0.5615860223770142 0.4952970036335283
[37 INFO root] 0.5837516784667969 -0.5616292953491211 0.5010775812709547
[37 INFO root] 0.5836438536643982 -0.561688244342804 0.5062705838874547
[37 INFO root] 0.5835104584693909 -0.5617621541023254 0.5109325889870225
[37 INFO root] 0.5833535194396973 -0.5618500113487244 0.5151171489636301
[37 INFO root] 0.5831748843193054 -0.5619511008262634 0.5188748838569278
[37 INFO root] 0.5829764008522034 -0.5620643496513367 0.5222543485634488
[37 INFO root] 0.5827597379684448 -0.562188982963562 0.5253019875634
[37 INFO root] 0.5825265645980835 -0.562324047088623 0.5280628017310749
[37 INFO root] 0.5822784304618835 -0.5624686479568481 0.5305804706997448
[37 INFO root] 0.5820169448852539 -0.5626220107078552 0.5328975640145547
[37 INFO root] 0.5817434787750244 -0.5627831816673279 0.5350562037912624
[37 INFO root] 0.5814595222473145 -0.5629514455795288 0.5370975472068997
[37 INFO root] 0.5811663866043091 -0.5631259083747864 0.5390626226858617
[37 INFO root] 0.5808654427528381 -0.5633058547973633 0.5409918993812293
[37 INFO root] 0.5805578827857971 -0.5634905695915222 0.542925843630661
[37 INFO root] 0.5802449584007263 -0.5636792778968811 0.5449047534990721
[37 INFO root] 0.579927921295166 -0.5638713836669922 0.5469687679236508
[37 INFO root] 0.5796077251434326 -0.5640662312507629 0.5491582959229648
[37 INFO root] 0.5792855620384216 -0.5642632842063904 0.5515133995525654
[37 INFO root] 0.578962504863739 -0.5644619464874268 0.554074449903187
[37 INFO root] 0.5786393880844116 -0.5646617412567139 0.5568818587042863
[37 INFO root] 0.5783172249794006 -0.5648621916770935 0.5599757710471958
[37 INFO root] 0.5779967308044434 -0.5650629997253418 0.5633955346589751
[37 INFO root] 0.5776784420013428 -0.5652639269828796 0.5671811367371229
[37 INFO root] 0.5773629546165466 -0.5654646754264832 0.5713732739520004
[37 INFO root] 0.5770509243011475 -0.5656651258468628 0.5760132969394844
[37 INFO root] 0.5767428278923035 -0.5658650398254395 0.5811436651707889
[37 INFO root] 0.5764392614364624 -0.566064178943634 0.5868074166171928
[37 INFO root] 0.5761407613754272 -0.566262423992157 0.5930483779653991
[37 INFO root] 0.5758479237556458 -0.5664595365524292 0.5999113792033619
[37 INFO root] 0.5755612254142761 -0.5666553378105164 0.6074422422436145
[37 INFO root] 0.5752813220024109 -0.5668495893478394 0.615687737555079
[37 INFO root] 0.575008749961853 -0.5670420527458191 0.6246956273488941
[37 INFO root] 0.5747452974319458 -0.5672316551208496 0.6345024410910506
[37 INFO root] 0.5744923949241638 -0.5674173831939697 0.6451384062383564
[37 INFO root] 0.5742513537406921 -0.5675983428955078 0.6566296371703573
[37 INFO root] 0.5740231275558472 -0.5677738189697266 0.6689995793124145
[37 INFO root] 0.5738084316253662 -0.5679431557655334 0.6822698503953986
[37 INFO root] 0.5736076831817627 -0.5681057572364807 0.6964607879818845
[37 INFO root] 0.57342129945755 -0.5682611465454102 0.7115916958633799
[37 INFO root] 0.5732493996620178 -0.5684089064598083 0.7276816839964307
[37 INFO root] 0.5730921030044556 -0.5685485005378723 0.7447497421901944
[37 INFO root] 0.5729489326477051 -0.5686799883842468 0.7628276138439081
[37 INFO root] 0.5728192329406738 -0.5688034892082214 0.7819519934570754
[37 INFO root] 0.5727024674415588 -0.5689190030097961 0.8021601885556086
[37 INFO root] 0.5725983381271362 -0.5690262317657471 0.8234895306776456
[37 INFO root] 0.5725066065788269 -0.5691247582435608 0.8459772430947353
[37 INFO root] 0.5724271535873413 -0.5692139863967896 0.8696603129764962
[37 INFO root] 0.5723598599433899 -0.5692932605743408 0.8945752231783514
[37 INFO root] 0.5723047852516174 -0.5693615078926086 0.9207578578465194
[37 INFO root] 0.5722616910934448 -0.5694178342819214 0.9482431360049335
[37 INFO root] 0.5722305178642273 -0.5694608688354492 0.977064877003943
[37 INFO root] 0.5722110867500305 -0.5694894194602966 1.0072552925636906
[37 INFO root] 0.5722030401229858 -0.5695019960403442 1.0388452168320224
[37 INFO root] 0.5722059011459351 -0.5694969892501831 1.0718633938363802
[37 INFO root] 0.5722191333770752 -0.5694727897644043 1.1063361770482276
[37 INFO root] 0.5722419023513794 -0.5694276094436646 1.1422876729460854
[37 INFO root] 0.5722731351852417 -0.5693596601486206 1.179739518291876
[37 INFO root] 0.5723116397857666 -0.5692670941352844 1.218711198601437
[37 INFO root] 0.5723558068275452 -0.569148063659668 1.259220020373981
[37 INFO root] 0.5724037885665894 -0.5690007209777832 1.3012804260282957
[37 INFO root] 0.572453498840332 -0.5688232183456421 1.344903554289574
[37 INFO root] 0.5725024938583374 -0.5686137676239014 1.3900967908939423
[37 INFO root] 0.5725478529930115 -0.5683707594871521 1.436863144365246
[37 INFO root] 0.5725865364074707 -0.5680924654006958 1.485200510838035
[37 INFO root] 0.5726149678230286 -0.5677775144577026 1.535100920546027
[37 INFO root] 0.5726291537284851 -0.5674247741699219 1.5865497050959843
[37 INFO root] 0.5726248025894165 -0.5670332908630371 1.639524439274177
[37 INFO root] 0.5725972652435303 -0.5666024684906006 1.6939937102789637
[37 INFO root] 0.5725414156913757 -0.5661323070526123 1.7499157392780105
[37 INFO root] 0.5724519491195679 -0.5656231641769409 1.8072368269520604
[37 INFO root] 0.5723232626914978 -0.5650761127471924 1.865889555241582
[37 INFO root] 0.5721494555473328 -0.5644930005073547 1.9257909947436656
[37 INFO root] 0.5719248056411743 -0.5638764500617981 1.9868408620792162
[37 INFO root] 0.571643590927124 -0.563230037689209 2.0489202205182226
[37 INFO root] 0.5713004469871521 -0.5625582933425903 2.1118905765891585
[37 INFO root] 0.5708906054496765 -0.5618669986724854 2.1755940441196953
[37 INFO root] 0.5704101920127869 -0.5611628890037537 2.239855025695617
[37 INFO root] 0.5698564052581787 -0.5604537129402161 2.30448345164735
[37 INFO root] 0.5691918730735779 -0.5597078204154968 2.369408768988414
[37 INFO root] 0.5683952569961548 -0.5589228868484497 2.434158413052829
[37 INFO root] 0.5674586892127991 -0.5581124424934387 2.498093829248631
[37 INFO root] 0.566379964351654 -0.5572933554649353 2.560526254232358
[37 INFO root] 0.5651625990867615 -0.5564837455749512 2.6207612522164156
[37 INFO root] 0.5638164281845093 -0.5557012557983398 2.6781432729415777
[37 INFO root] 0.5623569488525391 -0.5549618601799011 2.732099711038533
[37 INFO root] 0.5608044266700745 -0.5542783737182617 2.7821771005671216
[37 INFO root] 0.5591820478439331 -0.5536596775054932 2.828063549212781
[37 INFO root] 0.5575141310691833 -0.5531104803085327 2.8695947677442555
[37 INFO root] 0.5558243989944458 -0.5526316165924072 2.906744949612297
[37 INFO root] 0.5541343688964844 -0.5522205829620361 2.9396068080059488
[37 INFO root] 0.552462637424469 -0.5518723726272583 2.968366461917676
[37 INFO root] 0.5508240461349487 -0.5515806674957275 2.9932784564243007
[37 INFO root] 0.549229621887207 -0.5513383150100708 3.0146446539930762
[37 INFO root] 0.5476864576339722 -0.5511378645896912 3.0327987860191556
[37 INFO root] 0.5461980104446411 -0.5509724617004395 3.0480966788114006
[37 INFO root] 0.5447640419006348 -0.5508357286453247 3.0609108740467916
[37 INFO root] 0.5433810949325562 -0.550722062587738 3.0716256083712223
[37 INFO root] 0.5420427322387695 -0.5506267547607422 3.0806317691895124
[37 INFO root] 0.5407398343086243 -0.5505460500717163 3.0883207242433377
[37 INFO root] 0.5394614934921265 -0.5504768490791321 3.095076056091454
[37 INFO root] 0.5381951332092285 -0.5504170656204224 3.1012632669479094
[37 INFO root] 0.5369274616241455 -0.5503650903701782 3.1072179914595055
[37 INFO root] 0.5356451869010925 -0.5503202676773071 3.113233767939359
[37 INFO root] 0.5343358516693115 -0.55028235912323 3.119551316230827
[37 INFO root] 0.5329883098602295 -0.550251841545105 3.1263509600594808
[37 INFO root] 0.5315935015678406 -0.5502296090126038 3.1337492186417184
[37 INFO root] 0.5301446914672852 -0.5502172112464905 -3.1413854295485737
[37 INFO root] 0.5286379456520081 -0.5502163767814636 -3.1326861014611365
[37 INFO root] 0.527072012424469 -0.550229012966156 -3.1233908211389463
[37 INFO root] 0.5254483819007874 -0.5502570867538452 -3.1135905780023
[37 INFO root] 0.5237709283828735 -0.5503025054931641 -3.1034029800490175
[37 INFO root] 0.5220457315444946 -0.5503666996955872 -3.0929608040393157
[37 INFO root] 0.5202805399894714 -0.5504508018493652 -3.0824016797995184
[37 INFO root] 0.5184842348098755 -0.5505553483963013 -3.071859603266791
[37 INFO root] 0.51666659116745 -0.55068039894104 -3.0614586248616193
[37 INFO root] 0.5148942470550537 -0.5508208274841309 -3.0477576155911
[37 INFO root] 0.5131759643554688 -0.5509800910949707 -3.030413855760526
[37 INFO root] 0.5115075707435608 -0.551163375377655 -3.0097848755777177
[37 INFO root] 0.5098850131034851 -0.5513750314712524 -2.9862498206752424
[37 INFO root] 0.508305013179779 -0.5516185760498047 -2.9601708771584008
[37 INFO root] 0.5067650675773621 -0.5518968105316162 -2.9318928275260676
[37 INFO root] 0.5052635073661804 -0.5522118806838989 -2.901742745170579
[37 INFO root] 0.5037992596626282 -0.5525652170181274 -2.870029604628937
[37 INFO root] 0.5023718476295471 -0.5529577136039734 -2.8370437761922584
[37 INFO root] 0.5009812712669373 -0.5533896684646606 -2.803056393714849
[37 INFO root] 0.4996280372142792 -0.5538609027862549 -2.768318699325234
[37 INFO root] 0.49831274151802063 -0.5543707013130188 -2.733061611035542
[37 INFO root] 0.49703601002693176 -0.5549179315567017 -2.697495858053759
[37 INFO root] 0.49579834938049316 -0.555501401424408 -2.661813046359764
[37 INFO root] 0.49459972977638245 -0.5561195611953735 -2.6261878980920135
[37 INFO root] 0.4934396743774414 -0.5567712187767029 -2.5907816361057696
[37 INFO root] 0.4923170208930969 -0.5574552416801453 -2.5557460908246425
[37 INFO root] 0.4912301003932953 -0.5581709742546082 -2.521227727784179
[37 INFO root] 0.49017664790153503 -0.5589180588722229 -2.4873413246960085
[37 INFO root] 0.48915383219718933 -0.5596969723701477 -2.454054936654303
[37 INFO root] 0.4881584644317627 -0.5605088472366333 -2.4213453677508174
[37 INFO root] 0.48718759417533875 -0.5613552331924438 -2.3892300681269125
[37 INFO root] 0.48623889684677124 -0.562237560749054 -2.35775682885736
[37 INFO root] 0.48531079292297363 -0.5631570219993591 -2.3269914646309657
[37 INFO root] 0.48440247774124146 -0.5641140937805176 -2.2970075195075745
[37 INFO root] 0.483513742685318 -0.5651088356971741 -2.2678781748830414
[37 INFO root] 0.4826449453830719 -0.5661404132843018 -2.2396715792020707
[37 INFO root] 0.48179662227630615 -0.5672075152397156 -2.2124509291222503
[37 INFO root] 0.4809694290161133 -0.5683084726333618 -2.186272838162312
[37 INFO root] 0.48016414046287537 -0.5694410800933838 -2.161190141384151
[37 INFO root] 0.47938165068626404 -0.5706024765968323 -2.1372572021338296
[37 INFO root] 0.47862276434898376 -0.5717894434928894 -2.114528013946885
[37 INFO root] 0.4778883457183838 -0.5729982256889343 -2.093051855708832
[37 INFO root] 0.4771789610385895 -0.574224591255188 -2.0728693067154103
[37 INFO root] 0.4764951467514038 -0.5754641890525818 -2.0540091474344067
[37 INFO root] 0.4758371412754059 -0.5767125487327576 -2.0364862206940604
[37 INFO root] 0.4752048850059509 -0.5779651403427124 -2.0203002074153096
[37 INFO root] 0.47459813952445984 -0.5792175531387329 -2.005435213244057
[37 INFO root] 0.4740162789821625 -0.5804660320281982 -1.99187306972273
[37 INFO root] 0.4734581708908081 -0.5817075371742249 -1.9795971540742479
[37 INFO root] 0.4729226529598236 -0.5829395651817322 -1.9685776477192856
[37 INFO root] 0.47240835428237915 -0.5841596722602844 -1.9587686110552878
[37 INFO root] 0.4719139337539673 -0.5853661298751831 -1.950108788671498
[37 INFO root] 0.47143787145614624 -0.5865573287010193 -1.9425231628305522
[37 INFO root] 0.4709787666797638 -0.5877323150634766 -1.9359252033442407
[37 INFO root] 0.47053512930870056 -0.5888904929161072 -1.9302196884576062
[37 INFO root] 0.4701247215270996 -0.5899807214736938 -1.9236810526982842
[37 INFO root] 0.46975940465927124 -0.5909703969955444 -1.9149699867705057
[37 INFO root] 0.4694346785545349 -0.5918736457824707 -1.9040970920710787
[37 INFO root] 0.46914464235305786 -0.5927082896232605 -1.8912318323473853
[37 INFO root] 0.46888434886932373 -0.5934890508651733 -1.8765222273084408
[37 INFO root] 0.46864986419677734 -0.5942279100418091 -1.8600926073886694
[37 INFO root] 0.4684382677078247 -0.5949344038963318 -1.8420482272838763
[37 INFO root] 0.46824729442596436 -0.5956161618232727 -1.8224783234808895
[37 INFO root] 0.46807533502578735 -0.5962793231010437 -1.801457705297951
[37 INFO root] 0.46792128682136536 -0.5969290137290955 -1.7790475459942172
[37 INFO root] 0.46778443455696106 -0.597569465637207 -1.7552960107416715
[37 INFO root] 0.46766436100006104 -0.5982044339179993 -1.730239271127271
[37 INFO root] 0.46756091713905334 -0.5988373756408691 -1.703903328622298
[37 INFO root] 0.4674743115901947 -0.5994716286659241 -1.6763069288523837
[37 INFO root] 0.4674047529697418 -0.6001116037368774 -1.6474444712488054
[37 INFO root] 0.4673529267311096 -0.6007620096206665 -1.6173083283056076
[37 INFO root] 0.4673200249671936 -0.6014270186424255 -1.585911732414393
[37 INFO root] 0.46730759739875793 -0.6021100282669067 -1.5532965260761522
[37 INFO root] 0.467317670583725 -0.6028137803077698 -1.5195382328143379
[37 INFO root] 0.46735256910324097 -0.6035404801368713 -1.4847512688926676
[37 INFO root] 0.46741482615470886 -0.6042918562889099 -1.4490941100329102
[37 INFO root] 0.46750715374946594 -0.6050689220428467 -1.4127738611898943
[37 INFO root] 0.4676322638988495 -0.6058721542358398 -1.3760494748564767
[37 INFO root] 0.4677927494049072 -0.6067012548446655 -1.339232722848812
[37 INFO root] 0.4679909348487854 -0.6075553297996521 -1.3026860188380758
[37 INFO root] 0.46822860836982727 -0.6084325909614563 -1.2668163767083622
[37 INFO root] 0.4685068130493164 -0.6093303561210632 -1.2320652012177016
[37 INFO root] 0.4688257873058319 -0.6102455854415894 -1.198894203715028
[37 INFO root] 0.46918463706970215 -0.6111745238304138 -1.1677683986304113
[37 INFO root] 0.4695815145969391 -0.6121132969856262 -1.1391376975803686
[37 INFO root] 0.4700135290622711 -0.6130580902099609 -1.1134757934160475
[37 INFO root] 0.47047683596611023 -0.6140056252479553 -1.0912316834480442
[37 INFO root] 0.4709668755531311 -0.6149530410766602 -1.0727751285450966
[37 INFO root] 0.47147858142852783 -0.6158981919288635 -1.0583837151420976
[37 INFO root] 0.4720067083835602 -0.6168402433395386 -1.0482426371697888
[37 INFO root] 0.4725463092327118 -0.6177792549133301 -1.0424482276479254
[37 INFO root] 0.4730927050113678 -0.6187165975570679 -1.0410137773775316
[37 INFO root] 0.4736417829990387 -0.6196545362472534 -1.043876732516683
[37 INFO root] 0.47418999671936035 -0.6205962300300598 -1.0509064962318786
[37 INFO root] 0.4747341573238373 -0.6215453147888184 -1.0619123065130602
[37 INFO root] 0.47527143359184265 -0.6225058436393738 -1.0766509278903131
[37 INFO root] 0.4757991433143616 -0.6234819889068604 -1.0948341490797133
[37 INFO root] 0.47631460428237915 -0.6244775056838989 -1.1161362456283033
[37 INFO root] 0.47681504487991333 -0.6254959106445312 -1.1402016843749792
[37 INFO root] 0.4773018956184387 -0.6265491843223572 -1.1667128216278904
[37 INFO root] 0.4777747690677643 -0.6276472210884094 -1.1952866019213864
[37 INFO root] 0.47823014855384827 -0.6287930607795715 -1.2254687387974126
[37 INFO root] 0.47866398096084595 -0.6299879550933838 -1.25678767553812
[37 INFO root] 0.4790712296962738 -0.631229043006897 -1.2884548762809018
[37 INFO root] 0.47944602370262146 -0.6325061321258545 -1.319095266595674
[37 INFO root] 0.47978633642196655 -0.633813202381134 -1.3484298174167837
[37 INFO root] 0.4800914227962494 -0.6351444125175476 -1.376338151556948
[37 INFO root] 0.48036110401153564 -0.636493980884552 -1.4027321148195084
[37 INFO root] 0.4805958569049835 -0.6378559470176697 -1.427554638034149
[37 INFO root] 0.480796754360199 -0.6392248868942261 -1.4507776514144186
[37 INFO root] 0.4809653162956238 -0.6405956149101257 -1.47239923144554
[37 INFO root] 0.48109671473503113 -0.6418962478637695 -1.494068513492566
[37 INFO root] 0.4811932444572449 -0.6431153416633606 -1.5162973089459202
[37 INFO root] 0.4812583923339844 -0.6442598104476929 -1.5392287291551379
[37 INFO root] 0.48129501938819885 -0.6453372836112976 -1.5629706710076718
[37 INFO root] 0.4813055396080017 -0.6463556289672852 -1.5876381517491038
[37 INFO root] 0.4812917709350586 -0.6473222374916077 -1.6133336901951294
[37 INFO root] 0.48125505447387695 -0.648242712020874 -1.6400984007328747
[37 INFO root] 0.48119646310806274 -0.6491221189498901 -1.6679586115135538
[37 INFO root] 0.48111677169799805 -0.6499651074409485 -1.6969397102758434
[37 INFO root] 0.4810163378715515 -0.6507765054702759 -1.727079425500355
[37 INFO root] 0.4808950424194336 -0.6515620350837708 -1.7584479955094496
[37 INFO root] 0.480752170085907 -0.6523277163505554 -1.791122250207188
[37 INFO root] 0.4805864095687866 -0.6530794501304626 -1.8251749608909384
[37 INFO root] 0.4803958237171173 -0.6538228392601013 -1.8606698820515244
[37 INFO root] 0.4801778197288513 -0.6545632481575012 -1.897657386482072
[37 INFO root] 0.47992920875549316 -0.6553055047988892 -1.9361707847726803
[37 INFO root] 0.4796461760997772 -0.6560537815093994 -1.9762229919762935
[37 INFO root] 0.47932443022727966 -0.656811535358429 -2.017803773371863
[37 INFO root] 0.4789592921733856 -0.6575811505317688 -2.060878067844899
[37 INFO root] 0.47854581475257874 -0.6583640575408936 -2.105384751149726
[37 INFO root] 0.4780788719654083 -0.6591604351997375 -2.1512367280870417
[37 INFO root] 0.47755348682403564 -0.6599693298339844 -2.198321426415957
[37 INFO root] 0.4769650101661682 -0.6607884168624878 -2.246502673067294
[37 INFO root] 0.476309210062027 -0.6616143584251404 -2.2956228473825018
[37 INFO root] 0.4755827486515045 -0.6624424457550049 -2.345506116412111
[37 INFO root] 0.47478312253952026 -0.6632672548294067 -2.395961629237572
[37 INFO root] 0.47390905022621155 -0.6640823483467102 -2.4467877542026044
[37 INFO root] 0.472960501909256 -0.6648808717727661 -2.4977758272011137
[37 INFO root] 0.47194063663482666 -0.665654182434082 -2.5487015210096398
[37 INFO root] 0.47086331248283386 -0.6663879156112671 -2.5993094945702393
[37 INFO root] 0.46973276138305664 -0.667076826095581 -2.649443762408327
[37 INFO root] 0.46855270862579346 -0.6677170395851135 -2.698958553423004
[37 INFO root] 0.4673280417919159 -0.6683049201965332 -2.7477108178898058
[37 INFO root] 0.46606457233428955 -0.6688371896743774 -2.7955644661065535
[37 INFO root] 0.46476900577545166 -0.6693112850189209 -2.84239329169488
[37 INFO root] 0.46344849467277527 -0.6697253584861755 -2.88808363783576
[37 INFO root] 0.46211060881614685 -0.6700785160064697 -2.932535619524732
[37 INFO root] 0.46076300740242004 -0.6703706979751587 -2.9756638754519797
[37 INFO root] 0.45941227674484253 -0.6706029176712036 -3.0173759900173196
[37 INFO root] 0.4580397605895996 -0.6707800626754761 -3.0569264678085246
[37 INFO root] 0.45665377378463745 -0.670903205871582 -3.094152051446512
[37 INFO root] 0.45526546239852905 -0.6709742546081543 -3.1289961593104985
[37 INFO root] 0.45388537645339966 -0.6709964871406555 3.12173873927559
[37 INFO root] 0.4525226652622223 -0.6709738969802856 3.0916641607761424
[37 INFO root] 0.4511847198009491 -0.6709111928939819 3.0639296246414225
[37 INFO root] 0.4498773217201233 -0.6708131432533264 3.038490144087867
[37 INFO root] 0.4486045837402344 -0.670684814453125 3.0152990237663793
[37 INFO root] 0.4474331736564636 -0.6705390214920044 2.99546086806669
[37 INFO root] 0.44640788435935974 -0.6703904867172241 2.9796598240858465
[37 INFO root] 0.44550785422325134 -0.6702451109886169 2.967530822218221
[37 INFO root] 0.44470807909965515 -0.6701055765151978 2.958709588056662
[37 INFO root] 0.44398778676986694 -0.6699730753898621 2.9529362289170495
[37 INFO root] 0.44333019852638245 -0.6698479652404785 2.950026934000718
[37 INFO root] 0.4427216947078705 -0.6697301268577576 2.9498517050776027
[37 INFO root] 0.4421605169773102 -0.6696211695671082 2.9520382747512532
[37 INFO root] 0.4416569471359253 -0.6695244312286377 2.9558827837144066
[37 INFO root] 0.4412039816379547 -0.6694391369819641 2.961180235573956
[37 INFO root] 0.44079387187957764 -0.6693640947341919 2.9678103360317416
[37 INFO root] 0.4404201805591583 -0.6692982316017151 2.9756820232487144
[37 INFO root] 0.44007760286331177 -0.6692405939102173 2.984728557423013
[37 INFO root] 0.43976181745529175 -0.6691902875900269 2.994903016723617
[37 INFO root] 0.43946924805641174 -0.6691467761993408 3.006174846717411
[37 INFO root] 0.4391968548297882 -0.6691092848777771 3.018526707640527
[37 INFO root] 0.43894198536872864 -0.669077455997467 3.0319495195033728
[37 INFO root] 0.4387025535106659 -0.6690507531166077 3.046933733767891
[37 INFO root] 0.4384772777557373 -0.6690289974212646 3.0657550816903987
[37 INFO root] 0.4382566809654236 -0.6690117716789246 3.0883039556989273
[37 INFO root] 0.43803268671035767 -0.6689993739128113 3.114304835509857
[37 INFO root] 0.43780043721199036 -0.6689924597740173 -3.1395268731564463
[37 INFO root] 0.4375554621219635 -0.668992280960083 -3.1068759947371896
[37 INFO root] 0.43729326128959656 -0.6690005660057068 -3.0709610590593157
[37 INFO root] 0.43700945377349854 -0.6690196990966797 -3.0317988738819874
[37 INFO root] 0.43669965863227844 -0.6690527200698853 -2.989394871123194
[37 INFO root] 0.4363595247268677 -0.6691035032272339 -2.943748032767545
[37 INFO root] 0.4359848201274872 -0.6691769957542419 -2.8948563491699972
[37 INFO root] 0.4355716109275818 -0.669279158115387 -2.8427234824095584
[37 INFO root] 0.4351157248020172 -0.6694172620773315 -2.7873869788455745
[37 INFO root] 0.4346134662628174 -0.6696001887321472 -2.7289212248862444
[37 INFO root] 0.4340624511241913 -0.6698379516601562 -2.667435708087847
[37 INFO root] 0.4334617853164673 -0.6701420545578003 -2.6030857276794364
[37 INFO root] 0.43281275033950806 -0.6705246567726135 -2.5360875660230904
[37 INFO root] 0.43211913108825684 -0.6709986329078674 -2.466735063050533
[37 INFO root] 0.4313878118991852 -0.6715762615203857 -2.3954157516281116
[37 INFO root] 0.43062901496887207 -0.6722686290740967 -2.322623667672791
[37 INFO root] 0.42985638976097107 -0.6730839014053345 -2.248970131164406
[37 INFO root] 0.4290866553783417 -0.6740260720252991 -2.175199197291878
[37 INFO root] 0.42833879590034485 -0.6750930547714233 -2.1021328324801076
[37 INFO root] 0.4276326894760132 -0.6762755513191223 -2.0306187088820775
[37 INFO root] 0.42698949575424194 -0.6775521039962769 -1.9618224241957427
[37 INFO root] 0.42643433809280396 -0.67887282371521 -1.8979292459270056
[37 INFO root] 0.4259760081768036 -0.6801950931549072 -1.839656895012974
[37 INFO root] 0.4256136417388916 -0.6814795732498169 -1.7872962794236316
[37 INFO root] 0.4253247380256653 -0.6827608346939087 -1.7404625509799552
[37 INFO root] 0.42510348558425903 -0.6840158104896545 -1.699414062996881
[37 INFO root] 0.4249430000782013 -0.6852161288261414 -1.6643290954075847
[37 INFO root] 0.4248334467411041 -0.6863386631011963 -1.6352107136549237
[37 INFO root] 0.42476388812065125 -0.687366783618927 -1.6119301284998668
[37 INFO root] 0.42472347617149353 -0.6882902979850769 -1.5942754026530055
[37 INFO root] 0.4247027635574341 -0.6891046762466431 -1.5819937042366519
[37 INFO root] 0.42469385266304016 -0.6898101568222046 -1.5748241293911114
[37 INFO root] 0.42469093203544617 -0.6904107928276062 -1.5725204796711572
[37 INFO root] 0.4246899485588074 -0.6909133791923523 -1.574866009497689
[37 INFO root] 0.4246883690357208 -0.6913266181945801 -1.5816814124739202
[37 INFO root] 0.4246850311756134 -0.6916604042053223 -1.592828262121956
[37 INFO root] 0.4246789813041687 -0.6919513940811157 -1.6095650338613614
[37 INFO root] 0.4246688187122345 -0.6922253966331482 -1.6326173438149094
[37 INFO root] 0.42465177178382874 -0.692511260509491 -1.6604918595363196
[37 INFO root] 0.4246234893798828 -0.6928344368934631 -1.6913329529983934
[37 INFO root] 0.42458078265190125 -0.693195641040802 -1.724771677166367
[37 INFO root] 0.4245203733444214 -0.6935927271842957 -1.760618710711119
[37 INFO root] 0.42443907260894775 -0.6940236687660217 -1.7987013841773534
[37 INFO root] 0.42433345317840576 -0.6944864392280579 -1.8388620901746686
[37 INFO root] 0.424200177192688 -0.6949789524078369 -1.880956114051363
[37 INFO root] 0.42403584718704224 -0.6954987049102783 -1.924850193366888
[37 INFO root] 0.42383715510368347 -0.6960432529449463 -1.9704207797871485
[37 INFO root] 0.42360085248947144 -0.6966095566749573 -2.017553667501766
[37 INFO root] 0.4233238697052002 -0.6971944570541382 -2.0661427431295833
[37 INFO root] 0.42300334572792053 -0.6977943778038025 -2.116089808944613
[37 INFO root] 0.42263659834861755 -0.6984054446220398 -2.1673039722646075
[37 INFO root] 0.42222127318382263 -0.6990236639976501 -2.2197010091001514
[37 INFO root] 0.42175528407096863 -0.6996445059776306 -2.2732030789803668
[37 INFO root] 0.4212367832660675 -0.7002635598182678 -2.327737088770961
[37 INFO root] 0.4206642806529999 -0.7008760571479797 -2.3832339640152753
[37 INFO root] 0.420036643743515 -0.70147705078125 -2.439626683757196
[37 INFO root] 0.4193529188632965 -0.7020617127418518 -2.4968481715532156
[37 INFO root] 0.4186125695705414 -0.7026248574256897 -2.554829330571063
[37 INFO root] 0.4178153872489929 -0.703161358833313 -2.613496013346602
[37 INFO root] 0.4169483482837677 -0.7036737203598022 -2.672643217660072
[37 INFO root] 0.4159790575504303 -0.7041715383529663 -2.7317167782472467
[37 INFO root] 0.41490402817726135 -0.7046456933021545 -2.7902938405901216
[37 INFO root] 0.41372594237327576 -0.7050848007202148 -2.847954604392426
[37 INFO root] 0.4124505817890167 -0.7054780721664429 -2.904275325074412
[37 INFO root] 0.41108670830726624 -0.7058157324790955 -2.958845287693309
[37 INFO root] 0.4096457064151764 -0.7060899138450623 -3.0112830856576407
[37 INFO root] 0.4081411063671112 -0.7062948346138 -3.061251695843496
[37 INFO root] 0.4065878689289093 -0.7064275741577148 -3.1084697148458185
[37 INFO root] 0.4050014913082123 -0.7064874768257141 3.1304659236636123
[37 INFO root] 0.4033973813056946 -0.7064766883850098 3.0893369463814224
[37 INFO root] 0.4017900824546814 -0.7063992023468018 3.0514166027825027
[37 INFO root] 0.40019282698631287 -0.7062609195709229 3.0167344388319792
[37 INFO root] 0.3986172080039978 -0.706068754196167 2.9852690805587314
[37 INFO root] 0.3970729112625122 -0.7058303952217102 2.956957806459906
[37 INFO root] 0.39556771516799927 -0.7055537700653076 2.9317061140848066
[37 INFO root] 0.3941076099872589 -0.7052466869354248 2.9093969439867817
[37 INFO root] 0.39269691705703735 -0.7049165368080139 2.8898988689374727
[37 INFO root] 0.39134979248046875 -0.7045730352401733 2.8744096772068124
[37 INFO root] 0.3900770843029022 -0.7042269110679626 2.863774968106422
[37 INFO root] 0.38887932896614075 -0.7038867473602295 2.8578660694882356
[37 INFO root] 0.3877541124820709 -0.703559398651123 2.8564592258130084
[37 INFO root] 0.38669726252555847 -0.7032498121261597 2.859347580447275
[37 INFO root] 0.3857034146785736 -0.702961266040802 2.8663446928296206
[37 INFO root] 0.38476622104644775 -0.7026958465576172 2.87728663305597
[37 INFO root] 0.3838787376880646 -0.7024545669555664 2.892032116703225
[37 INFO root] 0.3830333650112152 -0.7022377252578735 2.910455061239094
[37 INFO root] 0.3822176456451416 -0.7020440697669983 2.932236800173764
[37 INFO root] 0.38140085339546204 -0.7018686532974243 2.956193854462115
[37 INFO root] 0.38064369559288025 -0.701724648475647 2.9829768164191717
[37 INFO root] 0.37995973229408264 -0.7016131281852722 3.0128298224174634
[37 INFO root] 0.3793396055698395 -0.7015308141708374 3.0457456581704476
[37 INFO root] 0.37877148389816284 -0.701474130153656 3.08170530873906
[37 INFO root] 0.37824317812919617 -0.7014403939247131 3.1206977341262694
[37 INFO root] 0.37774235010147095 -0.7014278769493103 -3.1204697533404926
[37 INFO root] 0.37725675106048584 -0.7014360427856445 -3.0754351248951304
[37 INFO root] 0.376774400472641 -0.7014658451080322 -3.027398810862608
[37 INFO root] 0.37628382444381714 -0.701519787311554 -2.9763884056539753
[37 INFO root] 0.3757743537425995 -0.7016021609306335 -2.9224505830631897
[37 INFO root] 0.37523630261421204 -0.7017191052436829 -2.8656583603248915
[37 INFO root] 0.3746614456176758 -0.7018786072731018 -2.8061188578563545
[37 INFO root] 0.3740432858467102 -0.7020903825759888 -2.743981204998918
[37 INFO root] 0.3733775019645691 -0.702365517616272 -2.6794440207841066
[37 INFO root] 0.3726624846458435 -0.7027164697647095 -2.6127616796641266
[37 INFO root] 0.3718996047973633 -0.703156054019928 -2.5442484098268707
[37 INFO root] 0.3710936903953552 -0.7036969065666199 -2.474279236230581
[37 INFO root] 0.3702529966831207 -0.7043505311012268 -2.403286940143119
[37 INFO root] 0.3693891763687134 -0.7051263451576233 -2.3317545967090836
[37 INFO root] 0.3685167133808136 -0.7060303688049316 -2.2602038374169826
[37 INFO root] 0.3676522672176361 -0.7070648074150085 -2.1891796414805023
[37 INFO root] 0.3668135404586792 -0.7082270383834839 -2.119232997080686
[37 INFO root] 0.3660180866718292 -0.7095096707344055 -2.0509030042826986
[37 INFO root] 0.3652820587158203 -0.7109006643295288 -1.9846998376381735
[37 INFO root] 0.3646191358566284 -0.7123838067054749 -1.921089546598888
[37 INFO root] 0.3640443682670593 -0.7139267921447754 -1.8610774703644877
[37 INFO root] 0.3635757863521576 -0.7154608368873596 -1.806689022450658
[37 INFO root] 0.36320891976356506 -0.7169499397277832 -1.7580356356266218
[37 INFO root] 0.3629324436187744 -0.7183693051338196 -1.7148715844511744
[37 INFO root] 0.36273282766342163 -0.7197019457817078 -1.6768671770178611
[37 INFO root] 0.3625960648059845 -0.7209383845329285 -1.6436548390869872
[37 INFO root] 0.36250901222229004 -0.7220750451087952 -1.6148608919070202
[37 INFO root] 0.3624599874019623 -0.7231128811836243 -1.5901251496528552
[37 INFO root] 0.36243921518325806 -0.7240560054779053 -1.5691117543219328
[37 INFO root] 0.36243870854377747 -0.7249106168746948 -1.5515143136319434
[37 INFO root] 0.36245211958885193 -0.7256840467453003 -1.5370575447243946
[37 INFO root] 0.362474650144577 -0.7263839244842529 -1.5254969063192079
[37 INFO root] 0.3625025749206543 -0.7270179390907288 -1.5166171450666524
[37 INFO root] 0.36253321170806885 -0.7275933623313904 -1.5102305279271957
[37 INFO root] 0.3625646233558655 -0.728117048740387 -1.5061748779619895
[37 INFO root] 0.3625953495502472 -0.7285951972007751 -1.5043116678582429
[37 INFO root] 0.3626244068145752 -0.7290332317352295 -1.504523995011035
[37 INFO root] 0.36265116930007935 -0.7294362187385559 -1.5067147197077289
[37 INFO root] 0.36267516016960144 -0.7298086881637573 -1.5108051188832716
[37 INFO root] 0.36269611120224 -0.7301546931266785 -1.5167333531339193
[37 INFO root] 0.3627137839794159 -0.7304778695106506 -1.524453041152128
[37 INFO root] 0.3627281188964844 -0.7307814955711365 -1.533931822592705
[37 INFO root] 0.3627389967441559 -0.7310686111450195 -1.5451500602035733
[37 INFO root] 0.36274632811546326 -0.7313420176506042 -1.5580995231003953
[37 INFO root] 0.36275002360343933 -0.7316042184829712 -1.5727820869257005
[37 INFO root] 0.3627499043941498 -0.7318577170372009 -1.5892083100737118
[37 INFO root] 0.3627457618713379 -0.7321048378944397 -1.6073962453562411
[37 INFO root] 0.3627372980117798 -0.7323479056358337 -1.627370083609093
[37 INFO root] 0.3627241253852844 -0.7325891852378845 -1.649158765119305
[37 INFO root] 0.36270567774772644 -0.7328309416770935 -1.6727929729314563
[37 INFO root] 0.36268121004104614 -0.7330754399299622 -1.6983041407492396
[37 INFO root] 0.3626498579978943 -0.7333250045776367 -1.7257243212200175
[37 INFO root] 0.36261045932769775 -0.7335817217826843 -1.7550862016968152
[37 INFO root] 0.3625606298446655 -0.733853280544281 -1.785738783580145
[37 INFO root] 0.36249879002571106 -0.7341405153274536 -1.81755512849483
[37 INFO root] 0.3624236583709717 -0.7344425916671753 -1.8505834915482127
[37 INFO root] 0.36233386397361755 -0.7347589135169983 -1.884886037045827
[37 INFO root] 0.36222776770591736 -0.7350891828536987 -1.9205270501009268
[37 INFO root] 0.36210358142852783 -0.7354332208633423 -1.9575727770921163
[37 INFO root] 0.3619592487812042 -0.7357912659645081 -1.996090921462168
[37 INFO root] 0.36179229617118835 -0.7361634969711304 -2.0361504053571458
[37 INFO root] 0.3615998923778534 -0.7365503311157227 -2.077819839274701
[37 INFO root] 0.3613787889480591 -0.7369520664215088 -2.1211661764923684
[37 INFO root] 0.3611251413822174 -0.7373692393302917 -2.1662521153134686
[37 INFO root] 0.3608345091342926 -0.7378022074699402 -2.2131333583986272
[37 INFO root] 0.360501766204834 -0.7382510304450989 -2.26185454361606
[37 INFO root] 0.3601210415363312 -0.738715648651123 -2.312443961224096
[37 INFO root] 0.35968565940856934 -0.7391954660415649 -2.3649077366473823
[37 INFO root] 0.3591882586479187 -0.73968905210495 -2.419222121761324
[37 INFO root] 0.358620822429657 -0.7401942014694214 -2.475324265491567
[37 INFO root] 0.35797470808029175 -0.7407076358795166 -2.5331025507835143
[37 INFO root] 0.3572412431240082 -0.741224467754364 -2.5923861510087933
[37 INFO root] 0.3564119338989258 -0.7417383193969727 -2.6529344970214273
[37 INFO root] 0.3554791510105133 -0.7422410249710083 -2.7144288945473742
[37 INFO root] 0.3544405996799469 -0.7427209615707397 -2.7762137868803682
[37 INFO root] 0.3533196747303009 -0.7431573867797852 -2.8365979308916915
[37 INFO root] 0.3521309792995453 -0.7435392737388611 -2.894834658100641
[37 INFO root] 0.3508913218975067 -0.743859052658081 -2.950347531691717
[37 INFO root] 0.34962016344070435 -0.7441124320030212 -3.002648200781603
[37 INFO root] 0.34833797812461853 -0.7442985773086548 -3.0513606611445274
[37 INFO root] 0.3470647633075714 -0.7444201111793518 -3.096233507034138
[37 INFO root] 0.34581857919692993 -0.7444823980331421 -3.137140321280334
[37 INFO root] 0.34461450576782227 -0.7444928288459778 3.1091165764384994
[37 INFO root] 0.34346407651901245 -0.7444599270820618 3.0760834905888905
[37 INFO root] 0.3423750102519989 -0.7443922758102417 3.046789849971026
[37 INFO root] 0.3413514792919159 -0.7442981004714966 3.021031007177826
[37 INFO root] 0.3403944671154022 -0.7441848516464233 2.998575025160206
[37 INFO root] 0.3395024240016937 -0.7440585494041443 2.9791805726374836
[37 INFO root] 0.3386717438697815 -0.7439242005348206 2.962611466067232
[37 INFO root] 0.3378974497318268 -0.7437855005264282 2.9486519833339
[37 INFO root] 0.337173730134964 -0.7436452507972717 2.93711222718645
[37 INFO root] 0.33649417757987976 -0.7435051798820496 2.9278234846814923
[37 INFO root] 0.33585214614868164 -0.7433664798736572 2.9206380792648368
[37 INFO root] 0.33524107933044434 -0.7432296872138977 2.9154281760595055
[37 INFO root] 0.3346545398235321 -0.7430950403213501 2.9120837414228995
[37 INFO root] 0.33408650755882263 -0.7429625391960144 2.9105093062424023
[37 INFO root] 0.33353134989738464 -0.7428320050239563 2.910620136321777
[37 INFO root] 0.33298319578170776 -0.7427030801773071 2.9123264402936746
[37 INFO root] 0.332436203956604 -0.7425753474235535 2.915539043724226
[37 INFO root] 0.33188536763191223 -0.7424485087394714 2.9201763795234834
[37 INFO root] 0.3313264846801758 -0.7423223853111267 2.92616105511292
[37 INFO root] 0.3307560682296753 -0.7421972155570984 2.9334146841860824
[37 INFO root] 0.3301713168621063 -0.7420732975006104 2.941852671615907
[37 INFO root] 0.3295699656009674 -0.741951048374176 2.9513805119667293
[37 INFO root] 0.32895025610923767 -0.7418311238288879 2.9618910449917353
[37 INFO root] 0.32831066846847534 -0.7417142391204834 2.9732701890994977
[37 INFO root] 0.32764995098114014 -0.7416012287139893 2.9854324160429533
[37 INFO root] 0.3269670903682709 -0.7414928674697876 2.9983193203354825
[37 INFO root] 0.3262615203857422 -0.7413901686668396 3.011897261933085
[37 INFO root] 0.3255328834056854 -0.7412941455841064 3.0261534116937825
[37 INFO root] 0.3247809410095215 -0.7412059307098389 3.041091155059861
[37 INFO root] 0.3240056037902832 -0.7411265969276428 3.056724657046915
[37 INFO root] 0.32320672273635864 -0.7410573959350586 3.0730735958295954
[37 INFO root] 0.322384238243103 -0.7409996390342712 3.090157838118604
[37 INFO root] 0.32153794169425964 -0.7409546375274658 3.1079938015858204
[37 INFO root] 0.32066768407821655 -0.7409238815307617 3.126592738426547
[37 INFO root] 0.31977325677871704 -0.7409088611602783 -3.1372280230636296
[37 INFO root] 0.3188543915748596 -0.7409111261367798 -3.117107033456813
[37 INFO root] 0.31791090965270996 -0.7409324049949646 -3.09625345005323
[37 INFO root] 0.31694260239601135 -0.7409743070602417 -3.07470864794723
[37 INFO root] 0.3159494400024414 -0.7410387396812439 -3.0525329522019953
[37 INFO root] 0.3149315118789673 -0.7411274313926697 -3.029807655373511
[37 INFO root] 0.3138890862464905 -0.7412421107292175 -3.00663525980973
[37 INFO root] 0.31282275915145874 -0.7413844466209412 -2.9831394602741743
