[29 INFO root] Initialising Python Geth Console...
[29 INFO root] Initialising RandB board...
[29 INFO root] Initialising resource sensor...
[29 INFO root] Initialising random-walk...
[29 INFO root] Initialising navigation...
[29 INFO root] Initialising Odo...
[29 INFO root] Initialising odometry...
[29 INFO root] Initialising gps...
[29 INFO root] Initialising Ground sensor...
[29 INFO root] --//-- Starting Experiment --//--
[29 INFO root] x y direction
[29 INFO root] -0.6471850275993347 -0.2341739982366562 -1.221276690790512
[29 INFO root] -0.6469760537147522 -0.23474733531475067 -1.3148580895430133
[29 INFO root] -0.6467799544334412 -0.2354704886674881 -1.4072316319115905
[29 INFO root] -0.6466575264930725 -0.23616953194141388 -1.468189052751628
[29 INFO root] -0.6465343236923218 -0.23731642961502075 -1.4924305015203752
[29 INFO root] -0.646374523639679 -0.23928950726985931 -1.4883511824953761
[29 INFO root] -0.6461372375488281 -0.2421785444021225 -1.471746985164914
[29 INFO root] -0.64579176902771 -0.2457207292318344 -1.4593980074415065
[29 INFO root] -0.6453887820243835 -0.24936413764953613 -1.4585053540589605
[29 INFO root] -0.6450121998786926 -0.2527063488960266 -1.4664590780703952
[29 INFO root] -0.6447041630744934 -0.2556206285953522 -1.4792717342454849
[29 INFO root] -0.6444685459136963 -0.25814759731292725 -1.4944328751660059
[29 INFO root] -0.6442965269088745 -0.2603462040424347 -1.5101228106498374
[29 INFO root] -0.6441775560379028 -0.26224806904792786 -1.5248850269692593
[29 INFO root] -0.6441000699996948 -0.2638742923736572 -1.537731135934008
[29 INFO root] -0.6440526843070984 -0.2652445435523987 -1.548023422797028
[29 INFO root] -0.644025444984436 -0.26637980341911316 -1.5553457719729977
[29 INFO root] -0.6440103650093079 -0.26730215549468994 -1.5594218237994715
[29 INFO root] -0.6440004110336304 -0.26814916729927063 -1.5574450903429617
[29 INFO root] -0.6439892649650574 -0.2689938247203827 -1.547681906460098
[29 INFO root] -0.6439709067344666 -0.26982441544532776 -1.5302878368607602
[29 INFO root] -0.6439397931098938 -0.2706281840801239 -1.5058023813984958
[29 INFO root] -0.6438924074172974 -0.27138614654541016 -1.4754887205292382
[29 INFO root] -0.6438279151916504 -0.2720847427845001 -1.4406429718464961
[29 INFO root] -0.6437474489212036 -0.27271804213523865 -1.4023331994681445
[29 INFO root] -0.6436535716056824 -0.2732847332954407 -1.3613972619962469
[29 INFO root] -0.6435493230819702 -0.27378639578819275 -1.3184539906481736
[29 INFO root] -0.6434381008148193 -0.27422651648521423 -1.2739221578021853
[29 INFO root] -0.6433228850364685 -0.27460989356040955 -1.228048057400495
[29 INFO root] -0.6432051658630371 -0.2749451994895935 -1.180870414622038
[29 INFO root] -0.6430843472480774 -0.27524352073669434 -1.1322922351718225
[29 INFO root] -0.642978310585022 -0.2754732370376587 -1.080985236453886
[29 INFO root] -0.6429088711738586 -0.2756061255931854 -1.0251001574945564
[29 INFO root] -0.6428630948066711 -0.2756830155849457 -0.9643951282732718
[29 INFO root] -0.6428004503250122 -0.2757743000984192 -0.9005113358266913
[29 INFO root] -0.6427046060562134 -0.2758964002132416 -0.8333287239632889
[29 INFO root] -0.6425603032112122 -0.27605679631233215 -0.7625129686004681
[29 INFO root] -0.6423490643501282 -0.27626076340675354 -0.6877420345772953
[29 INFO root] -0.6420485973358154 -0.2765105068683624 -0.6087300214871664
[29 INFO root] -0.6416329741477966 -0.2768040895462036 -0.5252626156253821
[29 INFO root] -0.6410729885101318 -0.27713364362716675 -0.43724373423744545
[29 INFO root] -0.6403375864028931 -0.27748385071754456 -0.34475014786289926
[29 INFO root] -0.639396071434021 -0.2778300940990448 -0.24808668800213912
[29 INFO root] -0.6382219791412354 -0.2781376838684082 -0.14783084767417848
[29 INFO root] -0.6367972493171692 -0.27836233377456665 -0.04485409319821709
[29 INFO root] -0.6351172924041748 -0.2784528136253357 0.05969035378973456
[29 INFO root] -0.6331943869590759 -0.27835574746131897 0.16441698520831785
[29 INFO root] -0.6310592889785767 -0.2780221998691559 0.2677912950909153
[29 INFO root] -0.6287602186203003 -0.2774147391319275 0.36823756818932096
[29 INFO root] -0.6263582110404968 -0.2765137553215027 0.46425854090819796
[29 INFO root] -0.6239206194877625 -0.27532079815864563 0.5545523137174406
[29 INFO root] -0.6215136051177979 -0.273858904838562 0.63810986849852
[29 INFO root] -0.6191954016685486 -0.2721690535545349 0.7142762607587051
[29 INFO root] -0.6170110106468201 -0.2703041732311249 0.7827637621886089
[29 INFO root] -0.6149905920028687 -0.2683221399784088 0.843616654560402
[29 INFO root] -0.6131497621536255 -0.2662792503833771 0.8971403376797658
[29 INFO root] -0.6114917397499084 -0.2642256021499634 0.9438150367918815
[29 INFO root] -0.6100108623504639 -0.26220256090164185 0.984213574022025
[29 INFO root] -0.6086956858634949 -0.26024189591407776 1.0189356882624718
[29 INFO root] -0.6075314283370972 -0.2583664357662201 1.0485631130218191
[29 INFO root] -0.60650235414505 -0.2565913200378418 1.0736225262737085
[29 INFO root] -0.6055928468704224 -0.25492599606513977 1.0945311365293333
[29 INFO root] -0.60475754737854 -0.2533152997493744 1.1110385749275908
[29 INFO root] -0.6039743423461914 -0.25174033641815186 1.1234324017058015
[29 INFO root] -0.6032345294952393 -0.2502034902572632 1.1320241281278176
[29 INFO root] -0.602530837059021 -0.24870739877223969 1.137128347261834
[29 INFO root] -0.6018564105033875 -0.24725297093391418 1.1390650569575795
[29 INFO root] -0.601205050945282 -0.2458399534225464 1.1381562811561226
[29 INFO root] -0.6005840301513672 -0.24449485540390015 1.1363356536069076
[29 INFO root] -0.5999928712844849 -0.24322018027305603 1.1344551232429048
[29 INFO root] -0.5994271636009216 -0.24200642108917236 1.1327343810582706
[29 INFO root] -0.5988830327987671 -0.24084427952766418 1.1313370274418058
[29 INFO root] -0.5983573198318481 -0.23972567915916443 1.1304269213851912
[29 INFO root] -0.5978474617004395 -0.23864339292049408 1.1301701616748312
[29 INFO root] -0.5973512530326843 -0.2375909835100174 1.1307351300316302
[29 INFO root] -0.5968674421310425 -0.23656369745731354 1.1322698659634787
[29 INFO root] -0.5963954925537109 -0.23555773496627808 1.1348922225073668
[29 INFO root] -0.5959349870681763 -0.2345697581768036 1.138688736621613
[29 INFO root] -0.5954858064651489 -0.2335967868566513 1.143716287556691
[29 INFO root] -0.5950479507446289 -0.232635959982872 1.1500039754669655
[29 INFO root] -0.5946214199066162 -0.23168449103832245 1.1575545182857316
[29 INFO root] -0.5942061543464661 -0.23073941469192505 1.166341110264371
[29 INFO root] -0.5938020348548889 -0.22979755699634552 1.176313477582354
[29 INFO root] -0.5934087634086609 -0.22885552048683167 1.1873976287463415
[29 INFO root] -0.5930259823799133 -0.22790959477424622 1.1994927827244988
[29 INFO root] -0.5926532745361328 -0.2269558310508728 1.2124662835382773
[29 INFO root] -0.5922902226448059 -0.2259902060031891 1.2261463621711695
[29 INFO root] -0.5919368267059326 -0.22500985860824585 1.240427001459994
[29 INFO root] -0.5915935635566711 -0.2240135669708252 1.255335411386625
[29 INFO root] -0.5912611484527588 -0.22300001978874207 1.2708793621534606
[29 INFO root] -0.5909401774406433 -0.22196778655052185 1.2869865572321184
[29 INFO root] -0.5906315445899963 -0.2209157794713974 1.3034802386445175
[29 INFO root] -0.5903360247612 -0.21984359622001648 1.3200729398538058
[29 INFO root] -0.590054452419281 -0.21875180304050446 1.3363794981337076
[29 INFO root] -0.5897876024246216 -0.21764209866523743 1.3519453804262263
[29 INFO root] -0.5895355343818665 -0.21651701629161835 1.366286255568201
[29 INFO root] -0.5892958045005798 -0.2153692990541458 1.3778128495908843
[29 INFO root] -0.5890665054321289 -0.21420300006866455 1.3859664646044156
[29 INFO root] -0.5888464450836182 -0.21303148567676544 1.393774092736261
[29 INFO root] -0.5886352062225342 -0.211855947971344 1.4015886264375184
[29 INFO root] -0.5884327292442322 -0.21067607402801514 1.4094060440958947
[29 INFO root] -0.5882390141487122 -0.20949199795722961 1.4172023136692413
[29 INFO root] -0.5880542397499084 -0.2083047479391098 1.4249277101752231
[29 INFO root] -0.5878787040710449 -0.20711621642112732 1.432506004721294
[29 INFO root] -0.5877125859260559 -0.20592929422855377 1.439839337464229
[29 INFO root] -0.5875560641288757 -0.2047475278377533 1.4468171609556788
[29 INFO root] -0.5874090790748596 -0.20357492566108704 1.4533267778253132
[29 INFO root] -0.5872714519500732 -0.2024155557155609 1.4592650782635903
[29 INFO root] -0.5871425867080688 -0.2012709528207779 1.4646052323109862
[29 INFO root] -0.5870217084884644 -0.2001425176858902 1.469328603904558
[29 INFO root] -0.5869080424308777 -0.1990317851305008 1.4734156298893875
[29 INFO root] -0.5868009924888611 -0.1979401409626007 1.476852490796442
[29 INFO root] -0.5866994857788086 -0.19686713814735413 1.4796719079107903
[29 INFO root] -0.5866026878356934 -0.1958111673593521 1.4819327887276823
[29 INFO root] -0.5865097641944885 -0.19477063417434692 1.4836912691618507
[29 INFO root] -0.586419939994812 -0.1937442123889923 1.484996151481613
[29 INFO root] -0.5863326191902161 -0.19273079931735992 1.4858899658085007
[29 INFO root] -0.5862473249435425 -0.19172942638397217 1.4864101665259992
[29 INFO root] -0.5861635208129883 -0.19073931872844696 1.4865900994101278
[29 INFO root] -0.58608078956604 -0.18975979089736938 1.4864597770855406
[29 INFO root] -0.5859983563423157 -0.18878434598445892 1.4861730609383927
[29 INFO root] -0.5859150886535645 -0.1878022849559784 1.4859693211455698
[29 INFO root] -0.5858310461044312 -0.18681344389915466 1.4858611597363385
[29 INFO root] -0.5857463479042053 -0.18581882119178772 1.485835653376477
[29 INFO root] -0.5856615304946899 -0.18482254445552826 1.4858339164294754
[29 INFO root] -0.5855766534805298 -0.18382614850997925 1.4858339164294754
[29 INFO root] -0.5854917764663696 -0.18282976746559143 1.4858339164294754
[29 INFO root] -0.5854068994522095 -0.18183337152004242 1.4858339164294754
[29 INFO root] -0.5853220820426941 -0.1808369755744934 1.4858339164294754
[29 INFO root] -0.5852372050285339 -0.1798405796289444 1.4858339164294754
[29 INFO root] -0.5851523280143738 -0.17884418368339539 1.4858339164294754
[29 INFO root] -0.5850674510002136 -0.17784780263900757 1.4858339164294754
[29 INFO root] -0.5849826335906982 -0.17685140669345856 1.4858339164294754
[29 INFO root] -0.5848977565765381 -0.17585501074790955 1.4858339164294754
[29 INFO root] -0.5848128795623779 -0.17485861480236053 1.4858339164294754
[29 INFO root] -0.5847280621528625 -0.17386223375797272 1.4858339164294754
[29 INFO root] -0.5846431851387024 -0.1728658378124237 1.4858339164294754
[29 INFO root] -0.5845583081245422 -0.1718694418668747 1.4858339164294754
[29 INFO root] -0.5844734311103821 -0.17087304592132568 1.4858339164294754
[29 INFO root] -0.5843886137008667 -0.16987664997577667 1.4858339164294754
[29 INFO root] -0.5843037366867065 -0.16888026893138885 1.4858339164294754
[29 INFO root] -0.5842188596725464 -0.16788387298583984 1.4858339164294754
[29 INFO root] -0.584134042263031 -0.16688747704029083 1.4858339164294754
[29 INFO root] -0.5840491652488708 -0.16589108109474182 1.4858339164294754
[29 INFO root] -0.5839642882347107 -0.1648946851491928 1.4858339164294754
[29 INFO root] -0.5838794112205505 -0.163898304104805 1.4858339164294754
[29 INFO root] -0.5837945938110352 -0.16290190815925598 1.4858339164294754
[29 INFO root] -0.583709716796875 -0.16190551221370697 1.4858339164294754
[29 INFO root] -0.5836248397827148 -0.16090911626815796 1.4858339164294754
[29 INFO root] -0.5835400223731995 -0.15991272032260895 1.4858339164294754
[29 INFO root] -0.5834551453590393 -0.15891633927822113 1.4858339164294754
[29 INFO root] -0.5833702683448792 -0.15791994333267212 1.4858339164294754
[29 INFO root] -0.583285391330719 -0.1569235473871231 1.4858339164294754
[29 INFO root] -0.5832005739212036 -0.1559271514415741 1.4858339164294754
[29 INFO root] -0.5831156969070435 -0.15493075549602509 1.4858339164294754
[29 INFO root] -0.5830308198928833 -0.15393437445163727 1.4858339164294754
[29 INFO root] -0.5829460024833679 -0.15293797850608826 1.4858339164294754
[29 INFO root] -0.582862377166748 -0.15195611119270325 1.4855730825887632
[29 INFO root] -0.582780122756958 -0.15099363029003143 1.484961428401249
[29 INFO root] -0.5826989412307739 -0.15004880726337433 1.4840268511382453
[29 INFO root] -0.5826181769371033 -0.14911946654319763 1.482805458582663
[29 INFO root] -0.5825374722480774 -0.14820368587970734 1.4813296085522323
[29 INFO root] -0.5824565291404724 -0.14729969203472137 1.479628357835429
[29 INFO root] -0.5823749899864197 -0.14640595018863678 1.4777279840158213
[29 INFO root] -0.5822925567626953 -0.14552104473114014 1.475652381215801
[29 INFO root] -0.5822089910507202 -0.14464373886585236 1.473423349268859
[29 INFO root] -0.5821241736412048 -0.1437729299068451 1.4710607908510234
[29 INFO root] -0.5820377469062805 -0.14290758967399597 1.4685828227027236
[29 INFO root] -0.5819497108459473 -0.14204689860343933 1.4660057998339684
[29 INFO root] -0.581859827041626 -0.1411900669336319 1.4633442460958843
[29 INFO root] -0.5817679762840271 -0.1403365135192871 1.4606106817944435
[29 INFO root] -0.5816740989685059 -0.13948574662208557 1.4578153407223668
[29 INFO root] -0.5815780758857727 -0.1386374533176422 1.4549657768997881
[29 INFO root] -0.5814799070358276 -0.1377914845943451 1.4520663767399462
[29 INFO root] -0.5813794732093811 -0.1369478702545166 1.4491178149836696
[29 INFO root] -0.5812768936157227 -0.13610690832138062 1.4461165194481698
[29 INFO root] -0.5811721682548523 -0.1352689117193222 1.4430576813292786
[29 INFO root] -0.5810651183128357 -0.1344335377216339 1.4399506934724748
[29 INFO root] -0.5809561014175415 -0.133603036403656 1.4367515982207042
[29 INFO root] -0.5808457136154175 -0.13278241455554962 1.4333587208115546
[29 INFO root] -0.5807334780693054 -0.13196909427642822 1.4297557364655686
[29 INFO root] -0.5806165337562561 -0.13114336133003235 1.4261231220312773
[29 INFO root] -0.580496072769165 -0.13031452894210815 1.422287559910895
[29 INFO root] -0.5803735852241516 -0.12949348986148834 1.418058292989185
[29 INFO root] -0.5802499651908875 -0.1286882907152176 1.4132854592649116
[29 INFO root] -0.5801259279251099 -0.1279047131538391 1.4078504488942984
[29 INFO root] -0.5800017714500427 -0.12714679539203644 1.401655553616894
[29 INFO root] -0.5798776745796204 -0.12641732394695282 1.3946164848505271
[29 INFO root] -0.5797536969184875 -0.12571801245212555 1.3866571606281677
[29 INFO root] -0.5796298384666443 -0.12504984438419342 1.3777062412200352
[29 INFO root] -0.5795059204101562 -0.12441309541463852 1.367695556355826
[29 INFO root] -0.5793817043304443 -0.12380649894475937 1.356590334630322
[29 INFO root] -0.5792563557624817 -0.12322722375392914 1.3443999492570953
[29 INFO root] -0.5791292190551758 -0.12267211079597473 1.3311409708868815
[29 INFO root] -0.5789992809295654 -0.1221371740102768 1.3168425963490864
[29 INFO root] -0.5788655281066895 -0.12161878496408463 1.3015298302120157
[29 INFO root] -0.5787270665168762 -0.1211138367652893 1.2852215985620246
[29 INFO root] -0.5785828232765198 -0.12061959505081177 1.2679334363652135
[29 INFO root] -0.5784319043159485 -0.12013363093137741 1.249680038794834
[29 INFO root] -0.5782732367515564 -0.11965369433164597 1.2304773368635644
[29 INFO root] -0.5781057476997375 -0.11917771399021149 1.2103441643835207
[29 INFO root] -0.5779281854629517 -0.11870373040437698 1.1893035988439802
[29 INFO root] -0.5777392387390137 -0.11822988092899323 1.1673840508689384
[29 INFO root] -0.577537477016449 -0.11775438487529755 1.1446219212855342
[29 INFO root] -0.5773213505744934 -0.11727547645568848 1.1210651675619314
[29 INFO root] -0.5770890712738037 -0.11679140478372574 1.0967770785446824
[29 INFO root] -0.5768386125564575 -0.11630041897296906 1.0718399896737099
[29 INFO root] -0.5765679478645325 -0.11580082774162292 1.0463565455283221
[29 INFO root] -0.5762747526168823 -0.11529102176427841 1.0204511660972992
[29 INFO root] -0.5759565830230713 -0.11476955562829971 0.9942712867012797
[29 INFO root] -0.5756109952926636 -0.11423516273498535 0.9679874949513925
[29 INFO root] -0.5752356648445129 -0.11368684470653534 0.9417920304024041
[29 INFO root] -0.5748282074928284 -0.11312391608953476 0.9158952814165138
[29 INFO root] -0.5743867754936218 -0.11254609376192093 0.8905180594246361
[29 INFO root] -0.5739097595214844 -0.11195364594459534 0.865876642442524
[29 INFO root] -0.5733963251113892 -0.11134719103574753 0.8421825731043877
[29 INFO root] -0.572845995426178 -0.11072764545679092 0.8196363183196977
[29 INFO root] -0.5722588300704956 -0.11009614169597626 0.7984191266697354
[29 INFO root] -0.5716357231140137 -0.1094539612531662 0.7786863434577131
[29 INFO root] -0.5709779262542725 -0.1088024154305458 0.7605634484460532
[29 INFO root] -0.5702871084213257 -0.10814277082681656 0.744145414425011
[29 INFO root] -0.5695653557777405 -0.1074761152267456 0.7294993646053878
[29 INFO root] -0.5688149929046631 -0.10680331289768219 0.7166699288949895
[29 INFO root] -0.5680382251739502 -0.1061248928308487 0.7056863977319782
[29 INFO root] -0.567237377166748 -0.10544104129076004 0.6965728475532675
[29 INFO root] -0.5664145946502686 -0.1047515720129013 0.689355878306811
[29 INFO root] -0.5655718445777893 -0.10405590385198593 0.6840683130169475
[29 INFO root] -0.5647108554840088 -0.1033531054854393 0.680749523559126
[29 INFO root] -0.5638332962989807 -0.10264189541339874 0.6794432008722594
[29 INFO root] -0.5629406571388245 -0.10192067176103592 0.6801932646504668
[29 INFO root] -0.5620342493057251 -0.10118751972913742 0.6830385056527767
[29 INFO root] -0.5611153244972229 -0.10044024884700775 0.6880064736626736
[29 INFO root] -0.5601851940155029 -0.09967643022537231 0.6951070546689635
[29 INFO root] -0.5592449307441711 -0.0988934114575386 0.7043261671732715
[29 INFO root] -0.5582958459854126 -0.09808844327926636 0.7156137677683947
[29 INFO root] -0.5573393106460571 -0.09725875407457352 0.7288757402404661
[29 INFO root] -0.5563805103302002 -0.09640493243932724 0.7432871094230661
[29 INFO root] -0.5554264187812805 -0.09553046524524689 0.7577103439862587
[29 INFO root] -0.5545559525489807 -0.09470953047275543 0.7729388778490125
[29 INFO root] -0.5537866950035095 -0.09396170824766159 0.7891377748569653
[29 INFO root] -0.5531024932861328 -0.0932748094201088 0.8064231677209506
[29 INFO root] -0.5524867177009583 -0.09263497591018677 0.824858619359323
[29 INFO root] -0.5519252419471741 -0.09202973544597626 0.8444457509466621
[29 INFO root] -0.5514060854911804 -0.09144774824380875 0.8651284315407368
[29 INFO root] -0.5509189367294312 -0.0908784493803978 0.8867953490698469
[29 INFO root] -0.55045485496521 -0.09031182527542114 0.9092809197779074
[29 INFO root] -0.5500062108039856 -0.08973819017410278 0.9323651993078051
[29 INFO root] -0.5495662093162537 -0.08914816379547119 0.9557736875711494
[29 INFO root] -0.54912930727005 -0.08853262662887573 0.9791781712173764
[29 INFO root] -0.5486905574798584 -0.087882861495018 1.0021999579467262
[29 INFO root] -0.5482462048530579 -0.08719081431627274 1.0244169203245599
[29 INFO root] -0.5477931499481201 -0.08644937723875046 1.045375563903211
[29 INFO root] -0.5473292469978333 -0.08565279841423035 1.0646087656192085
[29 INFO root] -0.5468522906303406 -0.08479619026184082 1.0816553388934642
[29 INFO root] -0.5463716387748718 -0.08389677107334137 1.097776547139125
[29 INFO root] -0.5458889007568359 -0.08295713365077972 1.113346424131774
[29 INFO root] -0.545403242111206 -0.08197426050901413 1.1282264451105288
[29 INFO root] -0.5449149012565613 -0.08094771206378937 1.1422475453010492
[29 INFO root] -0.5444254875183105 -0.0798802450299263 1.1552711363580301
[29 INFO root] -0.5439372062683105 -0.07877735048532486 1.1672013849499638
[29 INFO root] -0.5434526801109314 -0.07764644920825958 1.1779899255810589
[29 INFO root] -0.5429777503013611 -0.0765036791563034 1.1872850216700461
[29 INFO root] -0.5425289869308472 -0.07539457827806473 1.1934422204972064
[29 INFO root] -0.5421055555343628 -0.07432825118303299 1.1963750031388267
[29 INFO root] -0.5417044162750244 -0.0733083039522171 1.1961935425692198
[29 INFO root] -0.541322648525238 -0.07233733683824539 1.1930150422197108
[29 INFO root] -0.5409576892852783 -0.07141676545143127 1.1869605238130336
[29 INFO root] -0.5406069755554199 -0.07054678350687027 1.178150303270852
[29 INFO root] -0.5402681231498718 -0.06972646713256836 1.1667001442213718
[29 INFO root] -0.5399379730224609 -0.06895183026790619 1.1527473144279956
[29 INFO root] -0.5396125316619873 -0.06821633130311966 1.1364047946520361
[29 INFO root] -0.5392926335334778 -0.06752368807792664 1.1178670055320674
[29 INFO root] -0.5389758348464966 -0.06686950474977493 1.097254928322072
[29 INFO root] -0.5386584997177124 -0.06624700874090195 1.074657755081574
[29 INFO root] -0.5383370518684387 -0.06564980745315552 1.050160687645655
[29 INFO root] -0.5380077362060547 -0.06507223844528198 1.023844230760644
[29 INFO root] -0.5376671552658081 -0.06450948119163513 0.9957835452289345
[29 INFO root] -0.5373116135597229 -0.06395746767520905 0.9660540237454736
[29 INFO root] -0.5369374752044678 -0.06341275572776794 0.9347377345590907
[29 INFO root] -0.5365411043167114 -0.0628724917769432 0.9019285489562205
[29 INFO root] -0.5361186265945435 -0.06233442202210426 0.8677332057098733
[29 INFO root] -0.5356661677360535 -0.06179692968726158 0.8322754166330053
[29 INFO root] -0.535179853439331 -0.06125901639461517 0.7957012732114236
[29 INFO root] -0.5346558094024658 -0.06072031334042549 0.7581847542816514
[29 INFO root] -0.5340905785560608 -0.06018109619617462 0.7199328857383779
[29 INFO root] -0.533480703830719 -0.059642285108566284 0.6811900714539181
[29 INFO root] -0.5328234434127808 -0.059105440974235535 0.6422409681317587
[29 INFO root] -0.5321168303489685 -0.05857272818684578 0.6034111613466295
[29 INFO root] -0.5313680171966553 -0.058052483946084976 0.5649319923687447
[29 INFO root] -0.5305803418159485 -0.057549040764570236 0.5271318612823672
[29 INFO root] -0.5297513008117676 -0.05706239864230156 0.4904884676722395
[29 INFO root] -0.528879702091217 -0.05659293755888939 0.45550645981784577
[29 INFO root] -0.527966320514679 -0.056141629815101624 0.42263039268546343
[29 INFO root] -0.527013897895813 -0.05570962280035019 0.3921853808428438
[29 INFO root] -0.5260269045829773 -0.05529794096946716 0.3643948189355003
[29 INFO root] -0.5250110626220703 -0.05490726977586746 0.3393809158212644
[29 INFO root] -0.5239728689193726 -0.05453785881400108 0.31716507306264075
[29 INFO root] -0.5229195356369019 -0.0541895292699337 0.2976748939324616
[29 INFO root] -0.5218583941459656 -0.05386172607541084 0.2807571220068528
[29 INFO root] -0.52079838514328 -0.05355408415198326 0.2661029371420736
[29 INFO root] -0.5197480320930481 -0.05326611176133156 0.25334015697684126
[29 INFO root] -0.5187126398086548 -0.052996620535850525 0.24214112524460263
[29 INFO root] -0.5176971554756165 -0.05274457857012749 0.23219426038576382
[29 INFO root] -0.516706645488739 -0.05250929296016693 0.2232003974428507
[29 INFO root] -0.5157461762428284 -0.05229035019874573 0.2148818827949277
[29 INFO root] -0.5148096680641174 -0.052085112780332565 0.2077181271234111
[29 INFO root] -0.5139003992080688 -0.051892779767513275 0.20160675922677498
[29 INFO root] -0.5130228996276855 -0.05171285942196846 0.1963703784011882
[29 INFO root] -0.5121808052062988 -0.05154486000537872 0.19184936515895204
[29 INFO root] -0.5113680362701416 -0.05138659104704857 0.18661049041691607
[29 INFO root] -0.5105851292610168 -0.05123833939433098 0.18045738849737353
[29 INFO root] -0.5098327994346619 -0.051100581884384155 0.1733644383496437
[29 INFO root] -0.5091107487678528 -0.05097358301281929 0.16532436098881828
[29 INFO root] -0.5084180235862732 -0.050857409834861755 0.15634436261057263
[29 INFO root] -0.5077531337738037 -0.05075196921825409 0.14644237422565776
[29 INFO root] -0.5071141123771667 -0.05065704137086868 0.13564395324669404
[29 INFO root] -0.5064986348152161 -0.05057234317064285 0.1239799418968933
[29 INFO root] -0.5059043169021606 -0.05049755051732063 0.11148486254231846
[29 INFO root] -0.5053284764289856 -0.05043233186006546 0.098195969981856
[29 INFO root] -0.5047683715820312 -0.05037638917565346 0.08415285623585674
[29 INFO root] -0.5042213797569275 -0.050329454243183136 0.06939749937116926
[29 INFO root] -0.5036846995353699 -0.05029134079813957 0.05397465363605937
[29 INFO root] -0.503155529499054 -0.05026192218065262 0.037939608725184426
[29 INFO root] -0.5026307702064514 -0.05024115368723869 0.02136805014340145
[29 INFO root] -0.5021073222160339 -0.05022909864783287 0.004342631678501328
[29 INFO root] -0.5015823245048523 -0.05022592842578888 -0.013050868454053541
[29 INFO root] -0.501052975654602 -0.050231922417879105 -0.03072421317614048
[29 INFO root] -0.5005168914794922 -0.05024746060371399 -0.04858730987879147
[29 INFO root] -0.49997201561927795 -0.050272997468709946 -0.06656590673318613
[29 INFO root] -0.4994173049926758 -0.050308991223573685 -0.08461610167637704
[29 INFO root] -0.49885228276252747 -0.050355907529592514 -0.10271574595804212
[29 INFO root] -0.4982769787311554 -0.05041417479515076 -0.12086015555274811
[29 INFO root] -0.49769172072410583 -0.05048419535160065 -0.13905883678378148
[29 INFO root] -0.4970971643924713 -0.05056632682681084 -0.157332111343903
[29 INFO root] -0.49649402499198914 -0.05066089704632759 -0.17570793388347725
[29 INFO root] -0.49588310718536377 -0.05076821520924568 -0.1942191115889503
[29 INFO root] -0.49526524543762207 -0.050888579338788986 -0.2129010197871455
[29 INFO root] -0.49464115500450134 -0.05102228745818138 -0.23178982657959296
[29 INFO root] -0.4940115809440613 -0.05116965249180794 -0.2509211880031474
[29 INFO root] -0.49337708950042725 -0.05133100971579552 -0.2703293484199957
[29 INFO root] -0.4927382171154022 -0.05150672420859337 -0.2900465720071194
[29 INFO root] -0.4920954406261444 -0.05169720575213432 -0.3101028338973421
[29 INFO root] -0.49144914746284485 -0.0519028939306736 -0.33052582328312974
[29 INFO root] -0.49079301953315735 -0.05212654545903206 -0.3498500825121932
[29 INFO root] -0.4901277422904968 -0.05236785113811493 -0.3678229924190538
[29 INFO root] -0.4894552230834961 -0.05262564495205879 -0.3844893613671024
[29 INFO root] -0.488777220249176 -0.052898697555065155 -0.39991302806232704
[29 INFO root] -0.48809510469436646 -0.05318578705191612 -0.41416072396419534
[29 INFO root] -0.48741015791893005 -0.053485725075006485 -0.4273024296474712
[29 INFO root] -0.4867234230041504 -0.053797367960214615 -0.43941178482782745
[29 INFO root] -0.48603564500808716 -0.05411965399980545 -0.4505344357899382
[29 INFO root] -0.4853474199771881 -0.05445161834359169 -0.460684738459932
[29 INFO root] -0.48465925455093384 -0.05479228496551514 -0.4698821019001189
[29 INFO root] -0.48397159576416016 -0.05514069274067879 -0.47815881976365704
[29 INFO root] -0.4832848906517029 -0.05549588426947594 -0.48555951851143847
[29 INFO root] -0.4825994372367859 -0.055856943130493164 -0.4921397180897628
[29 INFO root] -0.4819156229496002 -0.056222982704639435 -0.4979639872804505
[29 INFO root] -0.48123371601104736 -0.056593190878629684 -0.5031036689541957
[29 INFO root] -0.4805539846420288 -0.05696682259440422 -0.5076342204451532
[29 INFO root] -0.47987663745880127 -0.05734321102499962 -0.5116322942906305
[29 INFO root] -0.4792017638683319 -0.05772179737687111 -0.5151727490884022
[29 INFO root] -0.4785294532775879 -0.058102112263441086 -0.5183259098710061
[29 INFO root] -0.477859765291214 -0.0584837943315506 -0.5211552731754475
[29 INFO root] -0.47719255089759827 -0.058866582810878754 -0.5237157686815141
[29 INFO root] -0.47652772068977356 -0.059250302612781525 -0.5260525950126559
[29 INFO root] -0.4758650064468384 -0.05963488295674324 -0.5282005562983271
[29 INFO root] -0.47520413994789124 -0.06002030521631241 -0.5301837653985015
[29 INFO root] -0.4745447635650635 -0.0604066364467144 -0.532015557917484
[29 INFO root] -0.4738864600658417 -0.06079397723078728 -0.5336984742058656
[29 INFO root] -0.47322869300842285 -0.06118248775601387 -0.5352242042538313
[29 INFO root] -0.4725709855556488 -0.061572346836328506 -0.5365734414685557
[29 INFO root] -0.4719127416610718 -0.06196373701095581 -0.5377299501547965
[29 INFO root] -0.471253365278244 -0.0623568519949913 -0.5386698217436934
[29 INFO root] -0.470592200756073 -0.062751904129982 -0.5393565169469008
[29 INFO root] -0.46992844343185425 -0.06314913183450699 -0.5397403268370158
[29 INFO root] -0.4692612290382385 -0.06354881078004837 -0.5397587540018569
[29 INFO root] -0.46858954429626465 -0.06395120918750763 -0.5393374103320975
[29 INFO root] -0.4679122567176819 -0.06435663253068924 -0.5383915718525212
[29 INFO root] -0.4672280251979828 -0.06476537138223648 -0.5368393628419964
[29 INFO root] -0.46653544902801514 -0.06517768651247025 -0.534609647705497
[29 INFO root] -0.46583300828933716 -0.06559383124113083 -0.5316351067218387
[29 INFO root] -0.4651190936565399 -0.06601399183273315 -0.5278525321117072
[29 INFO root] -0.46439194679260254 -0.06643830239772797 -0.523205705888414
[29 INFO root] -0.46364980936050415 -0.06686683744192123 -0.5176486655493485
[29 INFO root] -0.4628908634185791 -0.06729955971240997 -0.5111490233529069
[29 INFO root] -0.46211329102516174 -0.06773634254932404 -0.503691135445511
[29 INFO root] -0.46131521463394165 -0.06817691028118134 -0.49527890491183346
[29 INFO root] -0.4604949951171875 -0.06862085312604904 -0.48593800636004164
[29 INFO root] -0.45965105295181274 -0.06906760483980179 -0.47571734215324324
[29 INFO root] -0.45878201723098755 -0.06951641291379929 -0.4646895805023724
[29 INFO root] -0.45788687467575073 -0.06996636092662811 -0.45295068020211776
[29 INFO root] -0.4569649398326874 -0.07041638344526291 -0.44061837143305077
[29 INFO root] -0.4560159146785736 -0.07086528092622757 -0.4278296312286125
[29 INFO root] -0.4550400972366333 -0.07131173461675644 -0.4147372608011295
[29 INFO root] -0.45403817296028137 -0.07175438851118088 -0.4015057350940865
[29 INFO root] -0.45301148295402527 -0.07219187170267105 -0.3883065461952148
[29 INFO root] -0.4519617557525635 -0.0726228803396225 -0.3753132963684142
[29 INFO root] -0.4508913457393646 -0.07304619252681732 -0.36269680973398977
[29 INFO root] -0.449802964925766 -0.07346078008413315 -0.3506205222677316
[29 INFO root] -0.4486996531486511 -0.07386579364538193 -0.33923637861169603
[29 INFO root] -0.44758474826812744 -0.0742606371641159 -0.3286814245249269
[29 INFO root] -0.4464617669582367 -0.07464494556188583 -0.3190752130831793
[29 INFO root] -0.445334255695343 -0.07501864433288574 -0.3105180693967776
[29 INFO root] -0.4442056715488434 -0.07538187503814697 -0.3030901981813728
[29 INFO root] -0.4430793523788452 -0.07573501765727997 -0.29685156680846436
[29 INFO root] -0.4419584572315216 -0.07607866078615189 -0.29184245708385276
[29 INFO root] -0.4408458173274994 -0.07641353458166122 -0.28808455486427514
[29 INFO root] -0.4397442936897278 -0.07674040645360947 -0.28559128990733534
[29 INFO root] -0.4386565089225769 -0.07706009596586227 -0.2843634354454887
[29 INFO root] -0.43758466839790344 -0.07737351953983307 -0.2843816865246186
[29 INFO root] -0.43653038144111633 -0.07768169045448303 -0.28560803386998546
[29 INFO root] -0.43549492955207825 -0.07798559963703156 -0.28800022999408154
[29 INFO root] -0.43447908759117126 -0.07828626036643982 -0.29150707899611566
[29 INFO root] -0.43348318338394165 -0.0785847008228302 -0.29606549195926746
[29 INFO root] -0.4325070381164551 -0.07888194918632507 -0.30160240013890127
[29 INFO root] -0.43155020475387573 -0.07917902618646622 -0.30803718504852384
[29 INFO root] -0.43061181902885437 -0.07947692275047302 -0.315283619584613
[29 INFO root] -0.42969077825546265 -0.0797765776515007 -0.3232512955809292
[29 INFO root] -0.428786039352417 -0.0800788551568985 -0.3318619191041848
[29 INFO root] -0.4278964698314667 -0.08038453012704849 -0.3410421568604085
[29 INFO root] -0.4270208179950714 -0.08069439232349396 -0.35071533454571824
[29 INFO root] -0.4261576235294342 -0.08100923150777817 -0.36079967835461285
[29 INFO root] -0.4253053069114685 -0.0813298374414444 -0.3712082307911649
[29 INFO root] -0.424462229013443 -0.08165699988603592 -0.38184910789444915
[29 INFO root] -0.4236266016960144 -0.08199150860309601 -0.39262605831542047
[29 INFO root] -0.42279669642448425 -0.08233414590358734 -0.40343938675757973
[29 INFO root] -0.42197078466415405 -0.08268563449382782 -0.4141872823703137
[29 INFO root] -0.4211471974849701 -0.08304665237665176 -0.42476755191310583
[29 INFO root] -0.42032429575920105 -0.08341779559850693 -0.43507970611753216
[29 INFO root] -0.4195007085800171 -0.0837995633482933 -0.4450272952798762
[29 INFO root] -0.41867518424987793 -0.08419228345155716 -0.45452034726572427
[29 INFO root] -0.4178466796875 -0.0845961645245552 -0.4634777128516381
[29 INFO root] -0.4170144200325012 -0.08501119166612625 -0.47182911704022523
[29 INFO root] -0.416177898645401 -0.08543716371059418 -0.4795167375989507
[29 INFO root] -0.41533687710762024 -0.08587367832660675 -0.48649617765773256
[29 INFO root] -0.4144913852214813 -0.08632011711597443 -0.4927367625299454
[29 INFO root] -0.41364166140556335 -0.08677566796541214 -0.49822116180955267
[29 INFO root] -0.4127882122993469 -0.0872393324971199 -0.5029444043950508
[29 INFO root] -0.4119311273097992 -0.08771031349897385 -0.5068861131614292
[29 INFO root] -0.411069393157959 -0.08818838000297546 -0.5099789401893595
[29 INFO root] -0.4102018177509308 -0.08867328613996506 -0.5121571867967006
[29 INFO root] -0.4093274474143982 -0.089164599776268 -0.5133697763253828
[29 INFO root] -0.40844547748565674 -0.08966170996427536 -0.5135816046798239
[29 INFO root] -0.4075559675693512 -0.09016343206167221 -0.512862008151833
[29 INFO root] -0.40666520595550537 -0.09066513180732727 -0.5120548395582191
[29 INFO root] -0.40577369928359985 -0.09116630256175995 -0.5112480538357995
[29 INFO root] -0.40488144755363464 -0.09166693687438965 -0.5104420067444702
[29 INFO root] -0.40398865938186646 -0.0921669453382492 -0.5096436024252985
[29 INFO root] -0.40309563279151917 -0.0926661416888237 -0.5088650332000448
[29 INFO root] -0.4022028148174286 -0.09316430985927582 -0.508122388231596
[29 INFO root] -0.4013107717037201 -0.09366118162870407 -0.5074343446094625
[29 INFO root] -0.40042009949684143 -0.09415646642446518 -0.5068209992252687
[29 INFO root] -0.39953139424324036 -0.09464994072914124 -0.5062999971303338
[29 INFO root] -0.3986451029777527 -0.0951414480805397 -0.5058827906035942
[29 INFO root] -0.39776167273521423 -0.09563089907169342 -0.5055782191686898
[29 INFO root] -0.3968814015388489 -0.09611821919679642 -0.5053934437506246
[29 INFO root] -0.39600467681884766 -0.09660335630178452 -0.5053341410645295
[29 INFO root] -0.395129531621933 -0.09708753973245621 -0.505329471053082
[29 INFO root] -0.39425450563430786 -0.09757163375616074 -0.505329471053082
[29 INFO root] -0.3933795094490051 -0.09805572777986526 -0.505329471053082
[29 INFO root] -0.39250448346138 -0.0985398218035698 -0.505329471053082
[29 INFO root] -0.39162948727607727 -0.09902392327785492 -0.505329471053082
[29 INFO root] -0.39075446128845215 -0.09950801730155945 -0.505329471053082
[29 INFO root] -0.389879435300827 -0.09999211132526398 -0.505329471053082
[29 INFO root] -0.3890044391155243 -0.1004762053489685 -0.505329471053082
[29 INFO root] -0.38812941312789917 -0.10096029937267303 -0.505329471053082
[29 INFO root] -0.38725438714027405 -0.10144440084695816 -0.505329471053082
[29 INFO root] -0.3863793909549713 -0.10192849487066269 -0.505329471053082
[29 INFO root] -0.3855043649673462 -0.10241258889436722 -0.505329471053082
[29 INFO root] -0.38462936878204346 -0.10289668291807175 -0.505329471053082
[29 INFO root] -0.38375434279441833 -0.10338078439235687 -0.505329471053082
[29 INFO root] -0.3828793168067932 -0.1038648784160614 -0.505329471053082
[29 INFO root] -0.3820043206214905 -0.10434897243976593 -0.505329471053082
[29 INFO root] -0.38112929463386536 -0.10483306646347046 -0.505329471053082
[29 INFO root] -0.38025426864624023 -0.10531716793775558 -0.505329471053082
[29 INFO root] -0.3793792724609375 -0.10580126196146011 -0.505329471053082
[29 INFO root] -0.3785042464733124 -0.10628535598516464 -0.505329471053082
[29 INFO root] -0.37762922048568726 -0.10676945000886917 -0.505329471053082
[29 INFO root] -0.3767542243003845 -0.1072535440325737 -0.505329471053082
[29 INFO root] -0.3758791983127594 -0.10773764550685883 -0.505329471053082
[29 INFO root] -0.37500420212745667 -0.10822173953056335 -0.505329471053082
[29 INFO root] -0.37412917613983154 -0.10870583355426788 -0.505329471053082
[29 INFO root] -0.3732541501522064 -0.10918992757797241 -0.505329471053082
[29 INFO root] -0.3723791539669037 -0.10967402905225754 -0.505329471053082
[29 INFO root] -0.37150412797927856 -0.11015812307596207 -0.505329471053082
[29 INFO root] -0.37062910199165344 -0.1106422170996666 -0.505329471053082
[29 INFO root] -0.3697541058063507 -0.11112631112337112 -0.505329471053082
[29 INFO root] -0.3688790798187256 -0.11161041259765625 -0.505329471053082
[29 INFO root] -0.36800408363342285 -0.11209450662136078 -0.505329471053082
[29 INFO root] -0.36712905764579773 -0.11257860064506531 -0.505329471053082
[29 INFO root] -0.3662540316581726 -0.11306269466876984 -0.505329471053082
[29 INFO root] -0.3653790354728699 -0.11354678869247437 -0.505329471053082
[29 INFO root] -0.36450400948524475 -0.11403089016675949 -0.505329471053082
[29 INFO root] -0.36362898349761963 -0.11451498419046402 -0.505329471053082
[29 INFO root] -0.3627539873123169 -0.11499907821416855 -0.505329471053082
[29 INFO root] -0.3618789613246918 -0.11548317223787308 -0.505329471053082
[29 INFO root] -0.36100393533706665 -0.1159672737121582 -0.505329471053082
[29 INFO root] -0.3601289391517639 -0.11645136773586273 -0.505329471053082
[29 INFO root] -0.3592539131641388 -0.11693546175956726 -0.505329471053082
[29 INFO root] -0.35842233896255493 -0.11739552766084671 -0.5055818300451724
[29 INFO root] -0.3576359450817108 -0.11783083528280258 -0.5060784573344506
[29 INFO root] -0.35689103603363037 -0.11824361979961395 -0.5067807898123367
[29 INFO root] -0.3561842143535614 -0.11863593012094498 -0.5076542799396225
[29 INFO root] -0.3555123507976532 -0.1190095990896225 -0.5086681355907183
[29 INFO root] -0.35487255454063416 -0.11936626583337784 -0.5097947967759537
[29 INFO root] -0.35426217317581177 -0.11970742791891098 -0.5110094699371462
[29 INFO root] -0.3536788523197174 -0.12003440409898758 -0.5122897146957215
[29 INFO root] -0.353120356798172 -0.12034838646650314 -0.5136150781968419
[29 INFO root] -0.35258471965789795 -0.12065044045448303 -0.514966773299388
[29 INFO root] -0.3520701825618744 -0.12094152718782425 -0.5163273972261325
[29 INFO root] -0.35157510638237 -0.12122248858213425 -0.5176806872692038
[29 INFO root] -0.3510980010032654 -0.1214940994977951 -0.5190113100244719
[29 INFO root] -0.3506375849246979 -0.12175702303647995 -0.5203046805849362
[29 INFO root] -0.350192666053772 -0.12201187759637833 -0.5215468082452259
[29 INFO root] -0.3497621417045593 -0.12225919961929321 -0.5227241655745639
[29 INFO root] -0.34934502840042114 -0.12249945849180222 -0.5238235781781717
[29 INFO root] -0.3489404618740082 -0.12273308634757996 -0.5248321343155552
[29 INFO root] -0.34854766726493835 -0.12296046316623688 -0.5257371099974906
[29 INFO root] -0.348165899515152 -0.12318192422389984 -0.5265259068411583
[29 INFO root] -0.34779444336891174 -0.12339778989553452 -0.5271860043153584
[29 INFO root] -0.3474327623844147 -0.12360832095146179 -0.5277049274623684
[29 INFO root] -0.34708020091056824 -0.12381377816200256 -0.5280702308887528
[29 INFO root] -0.34673622250556946 -0.12401440739631653 -0.5282694998831761
[29 INFO root] -0.34640032052993774 -0.1242104321718216 -0.5282903695193923
[29 INFO root] -0.34607192873954773 -0.12440208345651627 -0.5281205624569894
[29 INFO root] -0.34575051069259644 -0.12458959966897964 -0.5277479458518917
[29 INFO root] -0.34543555974960327 -0.12477320432662964 -0.5271606073422115
[29 INFO root] -0.3451264798641205 -0.12495315074920654 -0.5263469495108964
[29 INFO root] -0.34482264518737793 -0.12512971460819244 -0.525295766302377
[29 INFO root] -0.34452342987060547 -0.12530319392681122 -0.5239963603205052
[29 INFO root] -0.3442281186580658 -0.12547390162944794 -0.522438695092631
[29 INFO root] -0.34393593668937683 -0.12564219534397125 -0.5206135622636854
[29 INFO root] -0.3436460494995117 -0.1258084774017334 -0.5185127539249155
[29 INFO root] -0.34335756301879883 -0.1259731650352478 -0.5161292346466241
[29 INFO root] -0.34306952357292175 -0.12613670527935028 -0.5134573091337885
[29 INFO root] -0.3427809178829193 -0.12629956007003784 -0.5104927822135568
[29 INFO root] -0.34249067306518555 -0.1264622062444687 -0.5072331084485107
[29 INFO root] -0.3421976864337921 -0.1266251504421234 -0.5036775290633161
[29 INFO root] -0.34190085530281067 -0.12678886950016022 -0.4998271940739477
[29 INFO root] -0.3415989875793457 -0.1269538551568985 -0.49568526753127296
[29 INFO root] -0.3412909209728241 -0.12712059915065765 -0.49125701366579383
[29 INFO root] -0.34097546339035034 -0.1272895485162735 -0.48654986149812396
[29 INFO root] -0.3406514525413513 -0.12746112048625946 -0.4815734452273878
[29 INFO root] -0.3403176963329315 -0.12763574719429016 -0.47633961750733145
[29 INFO root] -0.3399730920791626 -0.12781378626823425 -0.4708624326550235
[29 INFO root] -0.33961644768714905 -0.127995565533638 -0.46515809699668714
[29 INFO root] -0.3392467498779297 -0.12818138301372528 -0.4592448840155988
[29 INFO root] -0.33886292576789856 -0.1283714473247528 -0.45314301278044034
[29 INFO root] -0.33846405148506165 -0.1285659819841385 -0.44687448931314794
[29 INFO root] -0.33804917335510254 -0.12876509130001068 -0.440462912065617
[29 INFO root] -0.33761751651763916 -0.12896887958049774 -0.4339332444175172
[29 INFO root] -0.33716830611228943 -0.12917737662792206 -0.4273115589283383
[29 INFO root] -0.3367009162902832 -0.12939058244228363 -0.42062475977990155
[29 INFO root] -0.3362147808074951 -0.1296084225177765 -0.41390029122401645
[29 INFO root] -0.33570942282676697 -0.12983080744743347 -0.4071658407242172
[29 INFO root] -0.3351845145225525 -0.13005758821964264 -0.40044906453818274
[29 INFO root] -0.3346395790576935 -0.13028869032859802 -0.3937800085483714
[29 INFO root] -0.33407431840896606 -0.13052396476268768 -0.387187819635036
[29 INFO root] -0.3334886431694031 -0.1307632327079773 -0.38069956716436054
[29 INFO root] -0.3328825831413269 -0.13100624084472656 -0.3743400049950615
[29 INFO root] -0.3322562575340271 -0.1312527358531952 -0.36813148983326877
[29 INFO root] -0.3316100239753723 -0.1315024495124817 -0.3620939678885089
[29 INFO root] -0.3309442698955536 -0.13175508379936218 -0.35624501680461174
[29 INFO root] -0.33025944232940674 -0.13201037049293518 -0.3505999316442688
[29 INFO root] -0.32955607771873474 -0.1322680413722992 -0.3451718440554494
[29 INFO root] -0.32883477210998535 -0.13252782821655273 -0.33997186461708484
[29 INFO root] -0.3280961513519287 -0.1327895075082779 -0.3350092395675702
[29 INFO root] -0.3273408114910126 -0.13305287063121796 -0.33029151449178673
[29 INFO root] -0.32656946778297424 -0.1333177238702774 -0.3258246989473148
[29 INFO root] -0.32578274607658386 -0.1335839182138443 -0.321613427352848
[29 INFO root] -0.32498133182525635 -0.1338513195514679 -0.3176611126799156
[29 INFO root] -0.32416582107543945 -0.13411979377269745 -0.3139700905489958
[29 INFO root] -0.3233368694782257 -0.13438929617404938 -0.3105417522203313
[29 INFO root] -0.32249513268470764 -0.1346597522497177 -0.3073766656905272
[29 INFO root] -0.3216411769390106 -0.13493111729621887 -0.30447468467047545
[29 INFO root] -0.3207755982875824 -0.13520340621471405 -0.30183504564585373
[29 INFO root] -0.31989893317222595 -0.13547658920288086 -0.2994564535285089
[29 INFO root] -0.31901177763938904 -0.13575072586536407 -0.2973371566156771
[29 INFO root] -0.31811463832855225 -0.13602584600448608 -0.29547501170340473
[29 INFO root] -0.3172079622745514 -0.13630199432373047 -0.29386754026791834
[29 INFO root] -0.31629231572151184 -0.1365792602300644 -0.2925119766489114
[29 INFO root] -0.31536808609962463 -0.13685773313045502 -0.29140530915431584
[29 INFO root] -0.3144357204437256 -0.1371374875307083 -0.2905443149673026
[29 INFO root] -0.3134956955909729 -0.13741865754127502 -0.28992558968119025
[29 INFO root] -0.31254833936691284 -0.1377013474702835 -0.2895455722229851
[29 INFO root] -0.3115940988063812 -0.13798567652702332 -0.2894005658563103
[29 INFO root] -0.3106360137462616 -0.13827095925807953 -0.2893884116204616
[29 INFO root] -0.3096776008605957 -0.1385563313961029 -0.2893884116204616
[29 INFO root] -0.3087191879749298 -0.13884170353412628 -0.2893884116204616
[29 INFO root] -0.3077607750892639 -0.13912706077098846 -0.2893884116204616
[29 INFO root] -0.30680233240127563 -0.13941243290901184 -0.2893884116204616
[29 INFO root] -0.30584391951560974 -0.13969779014587402 -0.2893884116204616
[29 INFO root] -0.30488550662994385 -0.1399831622838974 -0.2893884116204616
[29 INFO root] -0.30392709374427795 -0.14026853442192078 -0.2893884116204616
[29 INFO root] -0.30296868085861206 -0.14055389165878296 -0.2893884116204616
[29 INFO root] -0.3020102381706238 -0.14083926379680634 -0.2893884116204616
[29 INFO root] -0.3010518252849579 -0.14112462103366852 -0.2893884116204616
[29 INFO root] -0.300093412399292 -0.1414099931716919 -0.2893884116204616
[29 INFO root] -0.2991349995136261 -0.14169536530971527 -0.2893884116204616
[29 INFO root] -0.2981765866279602 -0.14198072254657745 -0.2893884116204616
[29 INFO root] -0.2972181737422943 -0.14226609468460083 -0.2893884116204616
[29 INFO root] -0.29625973105430603 -0.142551451921463 -0.2893884116204616
[29 INFO root] -0.29530131816864014 -0.1428368240594864 -0.2893884116204616
[29 INFO root] -0.29434290528297424 -0.14312218129634857 -0.2893884116204616
[29 INFO root] -0.29338449239730835 -0.14340755343437195 -0.2893884116204616
[29 INFO root] -0.29242607951164246 -0.14369292557239532 -0.2893884116204616
[29 INFO root] -0.2914676368236542 -0.1439782828092575 -0.2893884116204616
[29 INFO root] -0.2905092239379883 -0.14426365494728088 -0.2893884116204616
[29 INFO root] -0.2895508110523224 -0.14454901218414307 -0.2893884116204616
[29 INFO root] -0.2885923981666565 -0.14483438432216644 -0.2893884116204616
[29 INFO root] -0.2876339852809906 -0.14511975646018982 -0.2893884116204616
[29 INFO root] -0.2866755425930023 -0.145405113697052 -0.2893884116204616
[29 INFO root] -0.2857171297073364 -0.14569048583507538 -0.2893884116204616
[29 INFO root] -0.28475871682167053 -0.14597584307193756 -0.2893884116204616
[29 INFO root] -0.2838404178619385 -0.14624926447868347 -0.29235674997114697
[29 INFO root] -0.28296777606010437 -0.14651161432266235 -0.29870215923398447
[29 INFO root] -0.2821384072303772 -0.14676639437675476 -0.30831337447444684
[29 INFO root] -0.2813488841056824 -0.1470169723033905 -0.3210707276821145
[29 INFO root] -0.28059521317481995 -0.14726650714874268 -0.3368718234897947
[29 INFO root] -0.2798731327056885 -0.1475180685520172 -0.35563126026424435
[29 INFO root] -0.2791781425476074 -0.14777469635009766 -0.3772787726828275
[29 INFO root] -0.2785055339336395 -0.14803950488567352 -0.40175603166316437
[29 INFO root] -0.27785059809684753 -0.14831583201885223 -0.42901214751143263
[29 INFO root] -0.2772086262702942 -0.14860735833644867 -0.4589978871527376
[29 INFO root] -0.2765749990940094 -0.14891815185546875 -0.49165862323258885
[29 INFO root] -0.27594518661499023 -0.14925281703472137 -0.5269260885316652
[29 INFO root] -0.27531498670578003 -0.149616539478302 -0.5647091184411929
[29 INFO root] -0.2746807038784027 -0.15001513063907623 -0.6048837276971988
[29 INFO root] -0.27403920888900757 -0.15045492351055145 -0.6472830775715587
[29 INFO root] -0.2733883857727051 -0.15094275772571564 -0.6916881262145476
[29 INFO root] -0.27272725105285645 -0.15148557722568512 -0.7378199814150731
[29 INFO root] -0.2720562517642975 -0.15209023654460907 -0.7853351374058836
[29 INFO root] -0.27137741446495056 -0.15276290476322174 -0.8338248071085369
[29 INFO root] -0.27069443464279175 -0.1535084992647171 -0.8828193880331929
[29 INFO root] -0.27001264691352844 -0.15433016419410706 -0.9317986737417038
[29 INFO root] -0.26933854818344116 -0.1552286297082901 -0.9802077427957118
[29 INFO root] -0.26867952942848206 -0.15620183944702148 -1.0274775735093975
[29 INFO root] -0.2680431604385376 -0.1572447270154953 -1.073048542839875
[29 INFO root] -0.26743656396865845 -0.15834933519363403 -1.1163943623447008
[29 INFO root] -0.2668658494949341 -0.15950517356395721 -1.1570437737089785
[29 INFO root] -0.26633551716804504 -0.16069991886615753 -1.194597581998049
[29 INFO root] -0.26584821939468384 -0.16192011535167694 -1.2287393419527537
[29 INFO root] -0.2654047906398773 -0.16315212845802307 -1.259239055326814
[29 INFO root] -0.2650040090084076 -0.164383664727211 -1.286008942521305
[29 INFO root] -0.26464319229125977 -0.1656038463115692 -1.3090400271198328
[29 INFO root] -0.2643188536167145 -0.16680321097373962 -1.3283697634112823
[29 INFO root] -0.26402685046195984 -0.16797398030757904 -1.3440676805176934
[29 INFO root] -0.26376283168792725 -0.1691100150346756 -1.3562253498468881
[29 INFO root] -0.26352235674858093 -0.17020690441131592 -1.3649525235157456
[29 INFO root] -0.2633010745048523 -0.17126190662384033 -1.3703700536974686
[29 INFO root] -0.2630949318408966 -0.1722736656665802 -1.3726025486779856
[29 INFO root] -0.262897253036499 -0.1732567846775055 -1.3727940727346681
[29 INFO root] -0.26270052790641785 -0.1742372363805771 -1.3727940727346681
[29 INFO root] -0.26250383257865906 -0.17521770298480988 -1.3727940727346681
[29 INFO root] -0.26230910420417786 -0.17618821561336517 -1.372807595393275
[29 INFO root] -0.26211899518966675 -0.17713581025600433 -1.3728483300420817
[29 INFO root] -0.2619331479072571 -0.17806246876716614 -1.372908359072225
[29 INFO root] -0.26175084710121155 -0.178971529006958 -1.3729785473213452
[29 INFO root] -0.2615715563297272 -0.17986594140529633 -1.3730511964305596
[29 INFO root] -0.26139476895332336 -0.18074826896190643 -1.373119907975608
[29 INFO root] -0.2612200081348419 -0.1816207766532898 -1.3731794361731011
[29 INFO root] -0.2610468864440918 -0.1824854463338852 -1.3732255641339768
[29 INFO root] -0.26087498664855957 -0.1833440363407135 -1.3732549989182747
[29 INFO root] -0.26070404052734375 -0.18419812619686127 -1.3732652809683923
[29 INFO root] -0.26053372025489807 -0.1850491315126419 -1.3732547042532108
[29 INFO root] -0.26036375761032104 -0.1858983188867569 -1.3732222441274682
[29 INFO root] -0.26019391417503357 -0.18674682080745697 -1.3731674905142983
[29 INFO root] -0.26002398133277893 -0.1875954568386078 -1.373090526659406
[29 INFO root] -0.25985386967658997 -0.18844471871852875 -1.3729917094919977
[29 INFO root] -0.2596834599971771 -0.1892949938774109 -1.3728715708824377
[29 INFO root] -0.25951266288757324 -0.1901465803384781 -1.3727307770431267
[29 INFO root] -0.25934144854545593 -0.19099973142147064 -1.3725700966911067
[29 INFO root] -0.2591697573661804 -0.19185468554496765 -1.372390374014206
[29 INFO root] -0.25899747014045715 -0.19271159172058105 -1.3721925059374775
[29 INFO root] -0.2588246166706085 -0.19357061386108398 -1.3719774231899555
[29 INFO root] -0.25865110754966736 -0.1944318264722824 -1.371746074712865
[29 INFO root] -0.25847694277763367 -0.19529534876346588 -1.3714994149839297
[29 INFO root] -0.25830206274986267 -0.19616124033927917 -1.3712383938670951
[29 INFO root] -0.25812649726867676 -0.19702951610088348 -1.3709639486320007
[29 INFO root] -0.25795015692710876 -0.1979002207517624 -1.3706769978222921
[29 INFO root] -0.25777310132980347 -0.1987733542919159 -1.3703784366856375
[29 INFO root] -0.2575952410697937 -0.1996489316225052 -1.3700691339106748
[29 INFO root] -0.25741663575172424 -0.20052695274353027 -1.3697499294466975
[29 INFO root] -0.2572372257709503 -0.20140737295150757 -1.3694216332103089
[29 INFO root] -0.2570570409297943 -0.20229017734527588 -1.3690850245095367
[29 INFO root] -0.25687605142593384 -0.203175351023674 -1.368740852039751
[29 INFO root] -0.2566942870616913 -0.20406286418437958 -1.3683898343272394
[29 INFO root] -0.25651171803474426 -0.2049526572227478 -1.368032660515566
[29 INFO root] -0.2563283443450928 -0.2058447152376175 -1.367669991406814
[29 INFO root] -0.2561441957950592 -0.20673897862434387 -1.3673024606847892
[29 INFO root] -0.25595924258232117 -0.20763543248176575 -1.3669306762602433
[29 INFO root] -0.25577351450920105 -0.20853400230407715 -1.3665552216894359
[29 INFO root] -0.25558698177337646 -0.20943468809127808 -1.36617665762695
[29 INFO root] -0.2553997039794922 -0.21033741533756256 -1.3657955232819063
[29 INFO root] -0.25521162152290344 -0.21124215424060822 -1.3654123378535779
[29 INFO root] -0.2550227642059326 -0.21214886009693146 -1.365027601928222
[29 INFO root] -0.2548331320285797 -0.2130575180053711 -1.3646417988237216
[29 INFO root] -0.2546427547931671 -0.21396805346012115 -1.3642553958725419
[29 INFO root] -0.2544516324996948 -0.21488045156002045 -1.3638688456367574
[29 INFO root] -0.25426921248435974 -0.21574948728084564 -1.3664916235470237
[29 INFO root] -0.2541021704673767 -0.21655461192131042 -1.3738993928277998
[29 INFO root] -0.2539508640766144 -0.21730999648571014 -1.3858242371482952
[29 INFO root] -0.2538149058818817 -0.21803170442581177 -1.4018558867688888
[29 INFO root] -0.25369399785995483 -0.21873347461223602 -1.4216540572522574
[29 INFO root] -0.25358977913856506 -0.21941764652729034 -1.4448891155558858
[29 INFO root] -0.25350385904312134 -0.22008372843265533 -1.471279657733741
[29 INFO root] -0.2534373104572296 -0.22073261439800262 -1.5006061090901048
[29 INFO root] -0.2533908188343048 -0.22136668860912323 -1.5327024819870858
[29 INFO root] -0.25336503982543945 -0.22198939323425293 -1.567445167650977
[29 INFO root] -0.2533608078956604 -0.2226048707962036 -1.604742635262301
[29 INFO root] -0.25337934494018555 -0.22321772575378418 -1.6445263023625665
[29 INFO root] -0.2534223198890686 -0.22383278608322144 -1.686742430516013
[29 INFO root] -0.253492146730423 -0.22445496916770935 -1.731344826780627
[29 INFO root] -0.25359201431274414 -0.22508910298347473 -1.7782881275871114
[29 INFO root] -0.25372591614723206 -0.2257397472858429 -1.8275214736023022
[29 INFO root] -0.2538987398147583 -0.22641104459762573 -1.8789824387871061
[29 INFO root] -0.25411635637283325 -0.2271064966917038 -1.9325911491027126
[29 INFO root] -0.25438550114631653 -0.2278287261724472 -1.9882446145742314
[29 INFO root] -0.25471368432044983 -0.2285792976617813 -2.045811401021997
[29 INFO root] -0.2551090121269226 -0.22935837507247925 -2.1051268800493577
[29 INFO root] -0.25558000802993774 -0.2301645576953888 -2.1659894077106596
[29 INFO root] -0.25613513588905334 -0.2309945821762085 -2.228157876606882
[29 INFO root] -0.2567823529243469 -0.23184332251548767 -2.2913511393687913
[29 INFO root] -0.25752872228622437 -0.23270361125469208 -2.3552497868386575
[29 INFO root] -0.25837957859039307 -0.23356646299362183 -2.4195006586833685
[29 INFO root] -0.25933828949928284 -0.2344212830066681 -2.483724257560301
[29 INFO root] -0.26040539145469666 -0.23525631427764893 -2.5475249419424664
[29 INFO root] -0.26157858967781067 -0.2360592484474182 -2.6105034245991483
[29 INFO root] -0.2628523111343384 -0.23681782186031342 -2.6722707620664288
[29 INFO root] -0.26421791315078735 -0.23752065002918243 -2.732462751930579
[29 INFO root] -0.26566407084465027 -0.23815780878067017 -2.7907535167021225
[29 INFO root] -0.26717710494995117 -0.23872137069702148 -2.8468679595095576
[29 INFO root] -0.2687419354915619 -0.23920589685440063 -2.900590032355062
[29 INFO root] -0.27034276723861694 -0.23960842192173004 -2.9517666054985017
[29 INFO root] -0.2719637155532837 -0.2399284690618515 -3.000309774043128
[29 INFO root] -0.2735896408557892 -0.24016782641410828 -3.0461944208436122
[29 INFO root] -0.27520665526390076 -0.24033012986183167 -3.0894507297839398
[29 INFO root] -0.27680251002311707 -0.24042044579982758 -3.130153682077485
[29 INFO root] -0.2783668637275696 -0.2404448240995407 3.1147744607468963
[29 INFO root] -0.2798911929130554 -0.24040991067886353 3.0788358664512208
[29 INFO root] -0.2813689112663269 -0.2403225302696228 3.0450817060077506
[29 INFO root] -0.2827949821949005 -0.24018947780132294 3.0133825663271883
[29 INFO root] -0.2841658592224121 -0.24001730978488922 2.9836235484679205
[29 INFO root] -0.28547900915145874 -0.23981226980686188 2.9557117182057557
[29 INFO root] -0.28674429655075073 -0.23957809805870056 2.929638771013873
[29 INFO root] -0.2879997193813324 -0.2393113672733307 2.9056579025764684
[29 INFO root] -0.28924301266670227 -0.2390156239271164 2.8839288244635366
[29 INFO root] -0.2904673218727112 -0.23869585990905762 2.8645866274195
[29 INFO root] -0.2916662096977234 -0.2383575439453125 2.8477439227901504
[29 INFO root] -0.2928338944911957 -0.2380063831806183 2.833486944748949
[29 INFO root] -0.29396557807922363 -0.23764805495738983 2.8218741746986606
[29 INFO root] -0.29505738615989685 -0.23728802800178528 2.812936876000811
[29 INFO root] -0.2961065173149109 -0.23693133890628815 2.8066813379436963
[29 INFO root] -0.29711124300956726 -0.23658239841461182 2.803092398292481
[29 INFO root] -0.2980708181858063 -0.23624497652053833 2.8021377060427373
[29 INFO root] -0.29901596903800964 -0.2359113246202469 2.802413750610123
[29 INFO root] -0.29996389150619507 -0.23557686805725098 2.8039461737846563
[29 INFO root] -0.3009168207645416 -0.23524212837219238 2.806653178763919
[29 INFO root] -0.30187559127807617 -0.23490814864635468 2.81041689770893
[29 INFO root] -0.302840918302536 -0.23457582294940948 2.8151161445597306
[29 INFO root] -0.3038133680820465 -0.23424604535102844 2.820626514173786
[29 INFO root] -0.3047933876514435 -0.2339196354150772 2.826820459162233
[29 INFO root] -0.30578121542930603 -0.23359732329845428 2.8335675740711253
[29 INFO root] -0.30677682161331177 -0.23327982425689697 2.8407350923370553
[29 INFO root] -0.30778002738952637 -0.2329677790403366 2.848188596099498
[29 INFO root] -0.3087892532348633 -0.23266205191612244 2.855664859050522
[29 INFO root] -0.3098026216030121 -0.23236331343650818 2.862921522989289
[29 INFO root] -0.3108181953430176 -0.23207195103168488 2.8697652651681453
[29 INFO root] -0.3118339776992798 -0.23178806900978088 2.8760411044805965
[29 INFO root] -0.3128480315208435 -0.23151157796382904 2.8816228961411023
[29 INFO root] -0.3138585090637207 -0.23124219477176666 2.8864069669704375
[29 INFO root] -0.31486356258392334 -0.23097950220108032 2.890307714152296
[29 INFO root] -0.31586146354675293 -0.23072290420532227 2.8932544546601617
[29 INFO root] -0.3168506324291229 -0.23047176003456116 2.8951890889933387
[29 INFO root] -0.31782960891723633 -0.2302253246307373 2.896064294915328
[29 INFO root] -0.3188004195690155 -0.22998197376728058 2.8961411749613455
[29 INFO root] -0.3197704553604126 -0.2297389656305313 2.8961411749613455
[29 INFO root] -0.3207404911518097 -0.22949597239494324 2.8961411749613455
[29 INFO root] -0.3217104971408844 -0.22925297915935516 2.8961411749613455
[29 INFO root] -0.3226805329322815 -0.2290099859237671 2.8961411749613455
[29 INFO root] -0.3236505687236786 -0.22876699268817902 2.8961411749613455
[29 INFO root] -0.3246205747127533 -0.22852399945259094 2.8961411749613455
[29 INFO root] -0.3255906105041504 -0.22828100621700287 2.8961411749613455
[29 INFO root] -0.3265606462955475 -0.2280380129814148 2.8961411749613455
[29 INFO root] -0.3275306820869446 -0.22779501974582672 2.8961411749613455
[29 INFO root] -0.3285006880760193 -0.22755202651023865 2.8961411749613455
[29 INFO root] -0.3294707238674164 -0.22730903327465057 2.8961411749613455
[29 INFO root] -0.3304407596588135 -0.2270660400390625 2.8961411749613455
[29 INFO root] -0.33141079545021057 -0.22682303190231323 2.8961411749613455
[29 INFO root] -0.3323808014392853 -0.22658003866672516 2.8961411749613455
[29 INFO root] -0.3333508372306824 -0.22633704543113708 2.8961411749613455
[29 INFO root] -0.33432087302207947 -0.226094052195549 2.8961411749613455
[29 INFO root] -0.3352908790111542 -0.22585105895996094 2.8961411749613455
[29 INFO root] -0.33626091480255127 -0.22560806572437286 2.8961411749613455
[29 INFO root] -0.33723095059394836 -0.2253650724887848 2.8961411749613455
[29 INFO root] -0.33820098638534546 -0.22512207925319672 2.8961411749613455
[29 INFO root] -0.33917099237442017 -0.22487908601760864 2.8961411749613455
[29 INFO root] -0.34014102816581726 -0.22463609278202057 2.8961411749613455
[29 INFO root] -0.34111106395721436 -0.2243930995464325 2.8961411749613455
[29 INFO root] -0.34208109974861145 -0.22415010631084442 2.8961411749613455
[29 INFO root] -0.34305110573768616 -0.22390711307525635 2.8961411749613455
[29 INFO root] -0.34402114152908325 -0.22366411983966827 2.8961411749613455
[29 INFO root] -0.34499117732048035 -0.223421111702919 2.8961411749613455
[29 INFO root] -0.34596121311187744 -0.22317811846733093 2.8961411749613455
[29 INFO root] -0.34693121910095215 -0.22293512523174286 2.8961411749613455
[29 INFO root] -0.34790125489234924 -0.22269213199615479 2.8961411749613455
[29 INFO root] -0.34887129068374634 -0.2224491387605667 2.8961411749613455
[29 INFO root] -0.34984129667282104 -0.22220614552497864 2.8961411749613455
[29 INFO root] -0.35081133246421814 -0.22196315228939056 2.8961411749613455
[29 INFO root] -0.35178136825561523 -0.2217201590538025 2.8961411749613455
[29 INFO root] -0.35275140404701233 -0.22147716581821442 2.8961411749613455
[29 INFO root] -0.35372141003608704 -0.22123417258262634 2.8961411749613455
[29 INFO root] -0.35469144582748413 -0.22099117934703827 2.8961411749613455
[29 INFO root] -0.3556614816188812 -0.2207481861114502 2.8961411749613455
[29 INFO root] -0.3566315174102783 -0.22050519287586212 2.8961411749613455
[29 INFO root] -0.357601523399353 -0.22026219964027405 2.8961411749613455
[29 INFO root] -0.3585715591907501 -0.22001919150352478 2.8961411749613455
[29 INFO root] -0.3595415949821472 -0.2197761982679367 2.8961411749613455
[29 INFO root] -0.3605116009712219 -0.21953320503234863 2.8961411749613455
[29 INFO root] -0.361481636762619 -0.21929021179676056 2.8961411749613455
[29 INFO root] -0.3624516725540161 -0.21904721856117249 2.8961411749613455
[29 INFO root] -0.3634217083454132 -0.2188042253255844 2.8961411749613455
[29 INFO root] -0.3643917143344879 -0.21856123208999634 2.8961411749613455
[29 INFO root] -0.365361750125885 -0.21831823885440826 2.8961411749613455
[29 INFO root] -0.3663317859172821 -0.2180752456188202 2.8961411749613455
[29 INFO root] -0.3673018217086792 -0.21783225238323212 2.8961411749613455
[29 INFO root] -0.3682718276977539 -0.21758925914764404 2.8961411749613455
[29 INFO root] -0.369241863489151 -0.21734626591205597 2.8961411749613455
[29 INFO root] -0.37020623683929443 -0.2171046882867813 2.8980429220768222
[29 INFO root] -0.3711644113063812 -0.2168664038181305 2.9025284068222925
[29 INFO root] -0.3721187710762024 -0.21663334965705872 2.909506108234092
[29 INFO root] -0.37307223677635193 -0.21640728414058685 2.918813388774214
[29 INFO root] -0.37402787804603577 -0.21618986129760742 2.9302888379917706
[29 INFO root] -0.37498873472213745 -0.2159826010465622 2.9437728995330184
[29 INFO root] -0.3759578466415405 -0.21578700840473175 2.959107953931782
[29 INFO root] -0.3769380748271942 -0.21560457348823547 2.9761383491924254
[29 INFO root] -0.37793225049972534 -0.21543684601783752 2.9947103812137676
[29 INFO root] -0.3789428770542145 -0.21528542041778564 3.014672251008085
[29 INFO root] -0.3799722492694855 -0.21515201032161713 3.035874361391644
[29 INFO root] -0.3810223937034607 -0.21503835916519165 3.058169366886003
[29 INFO root] -0.38209497928619385 -0.21494629979133606 3.0814112697225284
[29 INFO root] -0.3831913471221924 -0.21487773954868317 3.105454267135217
[29 INFO root] -0.38431209325790405 -0.2148345708847046 3.1300991861002756
[29 INFO root] -0.38545721769332886 -0.21481864154338837 -3.128046922040634
[29 INFO root] -0.38662609457969666 -0.21483159065246582 -3.102816058844513
[29 INFO root] -0.38781747221946716 -0.21487486362457275 -3.0775886229964744
[29 INFO root] -0.3890295624732971 -0.21494951844215393 -3.0525502909855273
[29 INFO root] -0.3902600407600403 -0.21505631506443024 -3.027875422327315
[29 INFO root] -0.3915061354637146 -0.21519556641578674 -3.0037252746152348
[29 INFO root] -0.3927648067474365 -0.2153671383857727 -2.9802464574856153
[29 INFO root] -0.39403271675109863 -0.21557047963142395 -2.957569725192056
[29 INFO root] -0.3953063189983368 -0.2158045768737793 -2.935809176543673
[29 INFO root] -0.39658209681510925 -0.21606799960136414 -2.9150618953717364
[29 INFO root] -0.3978565037250519 -0.2163589596748352 -2.8954080290389177
[29 INFO root] -0.3991260826587677 -0.21667532622814178 -2.8769112710217613
[29 INFO root] -0.40038761496543884 -0.21701474487781525 -2.8596196894220176
[29 INFO root] -0.4016379714012146 -0.21737460792064667 -2.843566828045644
[29 INFO root] -0.4028744101524353 -0.21775223314762115 -2.828773000545932
[29 INFO root] -0.404094398021698 -0.21814481914043427 -2.8152466999154746
[29 INFO root] -0.4052956998348236 -0.21854956448078156 -2.8029860533846542
[29 INFO root] -0.40647637844085693 -0.21896371245384216 -2.7919802642946316
[29 INFO root] -0.40763476490974426 -0.2193845957517624 -2.782210995634356
[29 INFO root] -0.4087695777416229 -0.2198096513748169 -2.7736536629415056
[29 INFO root] -0.4098796844482422 -0.22023648023605347 -2.7662786159750317
[29 INFO root] -0.41096431016921997 -0.22066287696361542 -2.760052198309651
[29 INFO root] -0.4120228588581085 -0.221086785197258 -2.754937681561798
[29 INFO root] -0.4130550026893616 -0.22150638699531555 -2.7508960764314545
[29 INFO root] -0.4140605926513672 -0.22192007303237915 -2.7478868264245415
[29 INFO root] -0.41503968834877014 -0.22232642769813538 -2.7458683923769844
[29 INFO root] -0.41599252820014954 -0.22272425889968872 -2.7447987371075886
[29 INFO root] -0.4169194996356964 -0.2231125682592392 -2.7446357200103844
[29 INFO root] -0.41784197092056274 -0.22349925339221954 -2.7446284425352943
[29 INFO root] -0.41876420378685 -0.22388586401939392 -2.7446284425352943
[29 INFO root] -0.4196864366531372 -0.2242724895477295 -2.7446284425352943
[29 INFO root] -0.42060866951942444 -0.22465911507606506 -2.7446284425352943
[29 INFO root] -0.42153093218803406 -0.22504572570323944 -2.7446284425352943
[29 INFO root] -0.4224531650543213 -0.225432351231575 -2.7446284425352943
[29 INFO root] -0.4233753979206085 -0.22581897675991058 -2.7446284425352943
[29 INFO root] -0.42429763078689575 -0.22620558738708496 -2.7446284425352943
[29 INFO root] -0.425219863653183 -0.22659221291542053 -2.7446284425352943
[29 INFO root] -0.4261421263217926 -0.2269788235425949 -2.7446284425352943
[29 INFO root] -0.42706435918807983 -0.22736544907093048 -2.7446284425352943
[29 INFO root] -0.42798659205436707 -0.22775207459926605 -2.7446284425352943
[29 INFO root] -0.4289088249206543 -0.22813868522644043 -2.7446284425352943
[29 INFO root] -0.42983105778694153 -0.228525310754776 -2.7446284425352943
[29 INFO root] -0.43075332045555115 -0.22891193628311157 -2.7446284425352943
[29 INFO root] -0.4316755533218384 -0.22929854691028595 -2.7446284425352943
[29 INFO root] -0.4325977861881256 -0.22968517243862152 -2.7446284425352943
[29 INFO root] -0.43352001905441284 -0.2300717979669571 -2.7446284425352943
[29 INFO root] -0.4344422519207001 -0.23045840859413147 -2.7446284425352943
[29 INFO root] -0.4353645145893097 -0.23084503412246704 -2.7446284425352943
[29 INFO root] -0.4362867474555969 -0.2312316596508026 -2.7446284425352943
[29 INFO root] -0.43720898032188416 -0.231618270277977 -2.7446284425352943
[29 INFO root] -0.4381312131881714 -0.23200489580631256 -2.7446284425352943
[29 INFO root] -0.4390534460544586 -0.23239152133464813 -2.7446284425352943
[29 INFO root] -0.43997570872306824 -0.2327781319618225 -2.7446284425352943
[29 INFO root] -0.44089794158935547 -0.23316475749015808 -2.7446284425352943
[29 INFO root] -0.4418201744556427 -0.23355138301849365 -2.7446284425352943
[29 INFO root] -0.44274240732192993 -0.23393799364566803 -2.7446284425352943
