[32 INFO root] Initialising Python Geth Console...
[32 INFO root] Initialising RandB board...
[32 INFO root] Initialising resource sensor...
[32 INFO root] Initialising random-walk...
[32 INFO root] Initialising navigation...
[32 INFO root] Initialising Odo...
[32 INFO root] Initialising odometry...
[32 INFO root] Initialising gps...
[32 INFO root] Initialising Ground sensor...
[32 INFO root] --//-- Starting Experiment --//--
[32 INFO root] x y direction
[32 INFO root] 0.20788399875164032 0.18094000220298767 1.922881596799713
[32 INFO root] 0.20752133429050446 0.1819271296262741 2.227877589453867
[32 INFO root] 0.20585966110229492 0.18431983888149261 2.5665811397199683
[32 INFO root] 0.20187623798847198 0.1874430626630783 2.8429387905951993
[32 INFO root] 0.19612932205200195 0.1896473914384842 3.048705775211461
[32 INFO root] 0.19026078283786774 0.1904715895652771 -3.0791978925597285
[32 INFO root] 0.1853005588054657 0.19036009907722473 -2.954985146570447
[32 INFO root] 0.181502103805542 0.18976005911827087 -2.843441883666648
[32 INFO root] 0.17863306403160095 0.18894298374652863 -2.733505521737411
[32 INFO root] 0.17637355625629425 0.18800921738147736 -2.620598448772831
[32 INFO root] 0.17451554536819458 0.1869739294052124 -2.502896341829995
[32 INFO root] 0.1728900820016861 0.18579770624637604 -2.3830035935234317
[32 INFO root] 0.17142218351364136 0.18443939089775085 -2.265729077352552
[32 INFO root] 0.17012545466423035 0.18292050063610077 -2.1502833671764634
[32 INFO root] 0.16900959610939026 0.1812574714422226 -2.0353672714279742
[32 INFO root] 0.16807900369167328 0.17945188283920288 -1.9199985508967752
[32 INFO root] 0.16734126210212708 0.17749428749084473 -1.8035721468879846
[32 INFO root] 0.16681252419948578 0.1753697395324707 -1.6858589366862324
[32 INFO root] 0.16651995480060577 0.17306339740753174 -1.5670119051613585
[32 INFO root] 0.16650165617465973 0.17056609690189362 -1.4475823193807005
[32 INFO root] 0.16680414974689484 0.16787950694561005 -1.3285578984612736
[32 INFO root] 0.1674761176109314 0.16502505540847778 -1.211620919075318
[32 INFO root] 0.16849565505981445 0.16221146285533905 -1.1037438546422567
[32 INFO root] 0.16980767250061035 0.1595379263162613 -1.0062516954845313
[32 INFO root] 0.17133726179599762 0.15706847608089447 -0.9194376706846791
[32 INFO root] 0.17300201952457428 0.1548433154821396 -0.8433197612244386
[32 INFO root] 0.1747196763753891 0.15288256108760834 -0.7776861335704865
[32 INFO root] 0.1764160394668579 0.15118831396102905 -0.7220990201714667
[32 INFO root] 0.17803078889846802 0.14974845945835114 -0.6759267562171155
[32 INFO root] 0.17952078580856323 0.1485409140586853 -0.6383933081370474
[32 INFO root] 0.1808609962463379 0.14753755927085876 -0.6086419047354917
[32 INFO root] 0.18204344809055328 0.14670753479003906 -0.5858070939238059
[32 INFO root] 0.183074489235878 0.14601953327655792 -0.5690879252505809
[32 INFO root] 0.18397122621536255 0.14544348418712616 -0.5578152172542945
[32 INFO root] 0.18475766479969025 0.14495143294334412 -0.5515055069421763
[32 INFO root] 0.1854608803987503 0.1445181518793106 -0.5498947934254413
[32 INFO root] 0.18610785901546478 0.1441214233636856 -0.5529471361502386
[32 INFO root] 0.18672305345535278 0.14374200999736786 -0.5608372161337657
[32 INFO root] 0.18732693791389465 0.1433633714914322 -0.5739118434629521
[32 INFO root] 0.18793553113937378 0.14297102391719818 -0.5926406740365577
[32 INFO root] 0.1885606199502945 0.1425517350435257 -0.6175683778635545
[32 INFO root] 0.18921053409576416 0.14209245145320892 -0.6492776677382646
[32 INFO root] 0.18989108502864838 0.1415790617465973 -0.6883642129412
[32 INFO root] 0.19060644507408142 0.14099495112895966 -0.7354097803132468
[32 INFO root] 0.19135859608650208 0.14032037556171417 -0.7909216557162878
[32 INFO root] 0.19214697182178497 0.13953128457069397 -0.8552202913212181
[32 INFO root] 0.19297027587890625 0.13859519362449646 -0.9282754644091968
[32 INFO root] 0.19382330775260925 0.13747082650661469 -1.0095266629002497
[32 INFO root] 0.19469131529331207 0.1361120343208313 -1.0977662521445517
[32 INFO root] 0.19554349780082703 0.13447849452495575 -1.1911554732423915
[32 INFO root] 0.19633352756500244 0.13254542648792267 -1.2873622312743545
[32 INFO root] 0.19700539112091064 0.13031139969825745 -1.3837824866297368
[32 INFO root] 0.19750314950942993 0.1278029829263687 -1.4778192217152502
[32 INFO root] 0.19778205454349518 0.1250728815793991 -1.567164255920294
[32 INFO root] 0.19781719148159027 0.12219154089689255 -1.6500164819405916
[32 INFO root] 0.19760653376579285 0.11923526972532272 -1.7251859659151443
[32 INFO root] 0.19716842472553253 0.11627501249313354 -1.7920754079692032
[32 INFO root] 0.19654572010040283 0.11341570317745209 -1.8504615021766972
[32 INFO root] 0.1958116888999939 0.11079813539981842 -1.9008625153419472
[32 INFO root] 0.19501101970672607 0.10841916501522064 -1.944451644707261
[32 INFO root] 0.19417265057563782 0.10625114291906357 -1.9822230022629628
[32 INFO root] 0.19331574440002441 0.10426545143127441 -2.014920707609859
[32 INFO root] 0.19245275855064392 0.10243549197912216 -2.0430916704715294
[32 INFO root] 0.1915917992591858 0.10073772072792053 -2.067138945068053
[32 INFO root] 0.19073812663555145 0.0991518422961235 -2.087368206134186
[32 INFO root] 0.18989519774913788 0.09766054153442383 -2.104026713142474
[32 INFO root] 0.18906539678573608 0.09624913334846497 -2.11733255342761
[32 INFO root] 0.1882503479719162 0.09490519016981125 -2.127495496705285
[32 INFO root] 0.1874513030052185 0.09361829608678818 -2.134752786844329
[32 INFO root] 0.1866668462753296 0.09237593412399292 -2.139379035740344
[32 INFO root] 0.18589600920677185 0.09116831421852112 -2.141672539115227
[32 INFO root] 0.18513929843902588 0.08998940885066986 -2.141947305860859
[32 INFO root] 0.18439801037311554 0.08883575350046158 -2.140522993963671
[32 INFO root] 0.1836736649274826 0.0877053439617157 -2.1377141954093726
[32 INFO root] 0.18296752870082855 0.08659686148166656 -2.133821121334083
[32 INFO root] 0.18228040635585785 0.08550918847322464 -2.129122500482172
[32 INFO root] 0.18161152303218842 0.08443945646286011 -2.1239072100993996
[32 INFO root] 0.18095871806144714 0.08338334411382675 -2.118463609139471
[32 INFO root] 0.18031977117061615 0.08233702927827835 -2.1130427044730102
[32 INFO root] 0.17969271540641785 0.08129753917455673 -2.107846365361256
[32 INFO root] 0.17907384037971497 0.08025938272476196 -2.1028524833779687
[32 INFO root] 0.17845986783504486 0.07921760529279709 -2.097964677716475
[32 INFO root] 0.17784877121448517 0.07816901057958603 -2.0930804504385208
[32 INFO root] 0.17723970115184784 0.07711204886436462 -2.088095993114177
[32 INFO root] 0.17663268744945526 0.076046422123909 -2.0829030810139066
[32 INFO root] 0.17602844536304474 0.07497280091047287 -2.077387360455408
[32 INFO root] 0.17542821168899536 0.0738924965262413 -2.0714281349647323
[32 INFO root] 0.17483359575271606 0.07280722260475159 -2.064899192707427
[32 INFO root] 0.1742464303970337 0.07171890139579773 -2.0576702565800473
[32 INFO root] 0.17366868257522583 0.07062944024801254 -2.049608864879735
[32 INFO root] 0.17310236394405365 0.06954064220190048 -2.0405823519177404
[32 INFO root] 0.17254947125911713 0.06845405697822571 -2.030459832699647
[32 INFO root] 0.17201191186904907 0.06737092137336731 -2.0191144142851347
[32 INFO root] 0.17149148881435394 0.06629209965467453 -2.0064258885877413
[32 INFO root] 0.17098987102508545 0.0652180090546608 -1.992284100962894
[32 INFO root] 0.17050787806510925 0.06414706259965897 -1.9766203066321648
[32 INFO root] 0.17004626989364624 0.063077412545681 -1.9593862489972536
[32 INFO root] 0.1696060597896576 0.06200747936964035 -1.9405507395624917
[32 INFO root] 0.1691894382238388 0.06093855947256088 -1.920737692280823
[32 INFO root] 0.168798565864563 0.05987418070435524 -1.9008658673713683
[32 INFO root] 0.1684332937002182 0.05881495773792267 -1.881035450018959
[32 INFO root] 0.16809312999248505 0.05776118487119675 -1.8612564855092284
[32 INFO root] 0.16777758300304413 0.05671316012740135 -1.8415430216318358
[32 INFO root] 0.16748611629009247 0.055671174079179764 -1.8219138356651217
[32 INFO root] 0.16721823811531067 0.05463546887040138 -1.8023901567572447
[32 INFO root] 0.16697333753108978 0.0536060594022274 -1.782977615501648
[32 INFO root] 0.16675083339214325 0.05258290469646454 -1.7636888917413505
[32 INFO root] 0.1665501445531845 0.05156596750020981 -1.7445497858535612
[32 INFO root] 0.1663706749677658 0.05055497586727142 -1.7256382147717935
[32 INFO root] 0.1662118136882782 0.049549806863069534 -1.707054989597535
[32 INFO root] 0.16607290506362915 0.04855061694979668 -1.6889114392160007
[32 INFO root] 0.16595090925693512 0.04753803834319115 -1.6707869747470396
[32 INFO root] 0.1658460944890976 0.046511825174093246 -1.6527045701056269
[32 INFO root] 0.16575908660888672 0.04547468200325966 -1.634754686968199
[32 INFO root] 0.16569025814533234 0.044429268687963486 -1.6170362203876503
[32 INFO root] 0.1656397581100464 0.04337820038199425 -1.5996526590462505
[32 INFO root] 0.1656074970960617 0.042324088513851166 -1.5827083020487083
[32 INFO root] 0.16559314727783203 0.04126956686377525 -1.566304919325835
[32 INFO root] 0.165596142411232 0.04021725431084633 -1.5505390418521563
[32 INFO root] 0.16561570763587952 0.039169713854789734 -1.535499972399107
[32 INFO root] 0.165650874376297 0.03812938556075096 -1.52126854361297
[32 INFO root] 0.16570048034191132 0.03709852695465088 -1.50791658423983
[32 INFO root] 0.16576328873634338 0.03607914224267006 -1.4955069976642863
[32 INFO root] 0.16583792865276337 0.035072918981313705 -1.4840946052680482
[32 INFO root] 0.16592296957969666 0.034081097692251205 -1.4737305837182657
[32 INFO root] 0.1660170555114746 0.03310427814722061 -1.4644692788337015
[32 INFO root] 0.1661188155412674 0.03214232251048088 -1.4563731778760654
[32 INFO root] 0.16622698307037354 0.031194275245070457 -1.44951682327633
[32 INFO root] 0.1663403958082199 0.030258329585194588 -1.443990449406149
[32 INFO root] 0.16645799577236176 0.029331747442483902 -1.4399031729042202
[32 INFO root] 0.16657884418964386 0.02841082029044628 -1.4373850827297547
[32 INFO root] 0.16670207679271698 0.027490871027112007 -1.4365866205985862
[32 INFO root] 0.16682659089565277 0.026568185538053513 -1.4368694026395723
[32 INFO root] 0.16695185005664825 0.025638625025749207 -1.4373226038678368
[32 INFO root] 0.16707861423492432 0.0246948953717947 -1.4380703868090559
[32 INFO root] 0.16720671951770782 0.02373596280813217 -1.4396488502763891
[32 INFO root] 0.1673344224691391 0.022768991068005562 -1.4429788402441208
[32 INFO root] 0.16746100783348083 0.02178655005991459 -1.4483709512825336
[32 INFO root] 0.16758529841899872 0.020780736580491066 -1.4560135308935431
[32 INFO root] 0.1677054464817047 0.01974545232951641 -1.4660256531116729
[32 INFO root] 0.16781890392303467 0.018676456063985825 -1.4784515433513852
[32 INFO root] 0.16792260110378265 0.017571279779076576 -1.4932621907051982
[32 INFO root] 0.16801299154758453 0.016429034993052483 -1.510362641090055
[32 INFO root] 0.16808629035949707 0.015250185504555702 -1.529603109894887
[32 INFO root] 0.16813862323760986 0.01403568685054779 -1.5508046778736155
[32 INFO root] 0.1681661754846573 0.0127875292673707 -1.5737533620922959
[32 INFO root] 0.16816526651382446 0.011508726514875889 -1.5982069985286602
[32 INFO root] 0.16813258826732635 0.010202967561781406 -1.6239085147811576
[32 INFO root] 0.16806532442569733 0.008874285034835339 -1.6505970437595308
[32 INFO root] 0.16796113550662994 0.007526793982833624 -1.6780156418778314
[32 INFO root] 0.16781824827194214 0.006164511200040579 -1.7059161371940157
[32 INFO root] 0.16763541102409363 0.004791231360286474 -1.7340618382655404
[32 INFO root] 0.1674119085073471 0.0034104487858712673 -1.7622287872456817
[32 INFO root] 0.1671474725008011 0.0020253199618309736 -1.7902061214244445
[32 INFO root] 0.1668422967195511 0.000638652709312737 -1.8177959704056683
[32 INFO root] 0.16649846732616425 -0.0007409565732814372 -1.844762840977981
[32 INFO root] 0.16612009704113007 -0.0021014930680394173 -1.870867209751592
[32 INFO root] 0.16571179032325745 -0.0034335963428020477 -1.8959160310409946
[32 INFO root] 0.16527806222438812 -0.004731183405965567 -1.9197611446361666
[32 INFO root] 0.1648232489824295 -0.005990700330585241 -1.9422884268014065
[32 INFO root] 0.16435128450393677 -0.00721045071259141 -1.9634095911786116
[32 INFO root] 0.1638658046722412 -0.008389992639422417 -1.9830563032638762
[32 INFO root] 0.16337016224861145 -0.00952958408743143 -2.001176102562748
[32 INFO root] 0.1628674864768982 -0.010629943571984768 -2.0177303941875926
[32 INFO root] 0.16236062347888947 -0.0116921067237854 -2.0326931285995227
[32 INFO root] 0.16185221076011658 -0.01271734107285738 -2.046049704285897
[32 INFO root] 0.16134461760520935 -0.01370706781744957 -2.0577959193537674
[32 INFO root] 0.1608399897813797 -0.014662821777164936 -2.0679369085818116
[32 INFO root] 0.16034021973609924 -0.015586171299219131 -2.0764857433102795
[32 INFO root] 0.15984712541103363 -0.016478557139635086 -2.083461099607183
[32 INFO root] 0.15936221182346344 -0.01734151691198349 -2.0888873106706245
[32 INFO root] 0.15888649225234985 -0.01817713864147663 -2.0927934069475786
[32 INFO root] 0.15842080116271973 -0.018987491726875305 -2.096163830556859
[32 INFO root] 0.15796446800231934 -0.01977529563009739 -2.0998081087623186
[32 INFO root] 0.15751540660858154 -0.020544106140732765 -2.103808691668157
[32 INFO root] 0.1570713371038437 -0.021297506988048553 -2.108170453781519
[32 INFO root] 0.1566297709941864 -0.022039299830794334 -2.112900164435529
[32 INFO root] 0.15618763864040375 -0.022774159908294678 -2.1180130817366982
[32 INFO root] 0.15574191510677338 -0.02350657805800438 -2.123524062447805
[32 INFO root] 0.1552896648645401 -0.024240611121058464 -2.129444913243886
[32 INFO root] 0.15482819080352783 -0.024979857727885246 -2.1357837683886607
[32 INFO root] 0.15435495972633362 -0.025727391242980957 -2.1425446195664946
[32 INFO root] 0.15386781096458435 -0.026485610753297806 -2.1497270319579225
[32 INFO root] 0.15336501598358154 -0.027256028726696968 -2.1573263195702292
[32 INFO root] 0.15284551680088043 -0.028039036318659782 -2.1653345062475764
[32 INFO root] 0.1523091048002243 -0.028833702206611633 -2.173742384518613
[32 INFO root] 0.15175893902778625 -0.02963424287736416 -2.1825570151031073
[32 INFO root] 0.15119943022727966 -0.03043326735496521 -2.1918029921224527
[32 INFO root] 0.15063495934009552 -0.03122381865978241 -2.2015192385344893
[32 INFO root] 0.15006938576698303 -0.031999941915273666 -2.2117562422013206
[32 INFO root] 0.1495058536529541 -0.03275694698095322 -2.2225723112015907
[32 INFO root] 0.14894667267799377 -0.03349149227142334 -2.2340295519323163
[32 INFO root] 0.14839325845241547 -0.03420153632760048 -2.2461902095206976
[32 INFO root] 0.14784620702266693 -0.0348861888051033 -2.259113699471962
[32 INFO root] 0.14730536937713623 -0.035545509308576584 -2.2728545779250964
[32 INFO root] 0.14676998555660248 -0.0361802913248539 -2.2874613698052246
[32 INFO root] 0.14623881876468658 -0.03679184243083 -2.302976008643458
[32 INFO root] 0.14571022987365723 -0.03738178312778473 -2.3194336380195884
[32 INFO root] 0.14518234133720398 -0.03795190528035164 -2.3368625802230927
[32 INFO root] 0.14465302228927612 -0.03850404545664787 -2.355284343972733
[32 INFO root] 0.14412003755569458 -0.039039988070726395 -2.3747135997018964
[32 INFO root] 0.14358104765415192 -0.03956140950322151 -2.3951580856631725
[32 INFO root] 0.14303366839885712 -0.04006980359554291 -2.4166184132818396
[32 INFO root] 0.1424754410982132 -0.04056648164987564 -2.439087766847004
[32 INFO root] 0.14190393686294556 -0.04105250909924507 -2.462551494525323
[32 INFO root] 0.14131669700145721 -0.041528720408678055 -2.486986574218147
[32 INFO root] 0.14071129262447357 -0.041995689272880554 -2.5123609319664526
[32 INFO root] 0.1400853544473648 -0.04245373606681824 -2.5386325934984595
[32 INFO root] 0.13943655788898468 -0.042902909219264984 -2.565748652811822
[32 INFO root] 0.13876256346702576 -0.04334305226802826 -2.5936415452448074
[32 INFO root] 0.13805976510047913 -0.04377460107207298 -2.62217213580865
[32 INFO root] 0.13732485473155975 -0.044197533279657364 -2.6511760626586507
[32 INFO root] 0.13655532896518707 -0.04461119696497917 -2.6804798428291994
[32 INFO root] 0.13574953377246857 -0.045014407485723495 -2.709904180999188
[32 INFO root] 0.13490669429302216 -0.04540560767054558 -2.739266607048435
[32 INFO root] 0.13402684032917023 -0.045782990753650665 -2.76838513859441
[32 INFO root] 0.1331108659505844 -0.046144649386405945 -2.7970820057797177
[32 INFO root] 0.13216042518615723 -0.046488694846630096 -2.8251867742914465
[32 INFO root] 0.1311778575181961 -0.04681338742375374 -2.8525387199097563
[32 INFO root] 0.13016608357429504 -0.04711723327636719 -2.8789884971357824
[32 INFO root] 0.12912847101688385 -0.04739905521273613 -2.9043992023235803
[32 INFO root] 0.1280687004327774 -0.04765806347131729 -2.9286469468153937
[32 INFO root] 0.12699073553085327 -0.04789385572075844 -2.951620894971736
[32 INFO root] 0.1258985847234726 -0.04810645058751106 -2.9732227385637313
[32 INFO root] 0.12479628622531891 -0.048296257853507996 -2.9933660113256195
[32 INFO root] 0.12368780374526978 -0.048464056104421616 -3.0119754322814725
[32 INFO root] 0.12257694453001022 -0.04861095920205116 -3.0289862834338774
[32 INFO root] 0.12146729230880737 -0.04873836413025856 -3.044343788295942
[32 INFO root] 0.12036217004060745 -0.048847898840904236 -3.0580024641176693
[32 INFO root] 0.119264617562294 -0.04894137755036354 -3.0699254342589
[32 INFO root] 0.11817733943462372 -0.04902074858546257 -3.080083699960563
[32 INFO root] 0.11710269004106522 -0.049088042229413986 -3.0884553810519972
[32 INFO root] 0.11604268103837967 -0.04914532229304314 -3.0950249423144083
[32 INFO root] 0.11499898135662079 -0.04919465631246567 -3.0997824261456373
[32 INFO root] 0.11397290229797363 -0.04923807829618454 -3.1027227130879993
[32 INFO root] 0.112965427339077 -0.04927756264805794 -3.1038448302397716
[32 INFO root] 0.11196551471948624 -0.0493154376745224 -3.103938859691931
[32 INFO root] 0.11096622049808502 -0.04935309290885925 -3.103938859691931
[32 INFO root] 0.10996692627668381 -0.04939073696732521 -3.103938859691931
[32 INFO root] 0.10896763950586319 -0.04942838102579117 -3.103938859691931
[32 INFO root] 0.10796834528446198 -0.049466025084257126 -3.103938859691931
[32 INFO root] 0.10696905851364136 -0.049503669142723083 -3.103938859691931
[32 INFO root] 0.10596976429224014 -0.04954131692647934 -3.103938859691931
[32 INFO root] 0.10497047007083893 -0.0495789609849453 -3.103938859691931
[32 INFO root] 0.10397118330001831 -0.049616605043411255 -3.103938859691931
[32 INFO root] 0.1029718890786171 -0.04965424910187721 -3.103938859691931
[32 INFO root] 0.10197260230779648 -0.04969189688563347 -3.103938859691931
[32 INFO root] 0.10097330808639526 -0.049729540944099426 -3.103938859691931
[32 INFO root] 0.09997402131557465 -0.049767185002565384 -3.103938859691931
[32 INFO root] 0.09897472709417343 -0.04980482906103134 -3.103938859691931
[32 INFO root] 0.09797543287277222 -0.0498424731194973 -3.103938859691931
[32 INFO root] 0.0969761461019516 -0.049880120903253555 -3.103938859691931
[32 INFO root] 0.09597685188055038 -0.04991776496171951 -3.103938859691931
[32 INFO root] 0.09497756510972977 -0.04995540902018547 -3.103938859691931
[32 INFO root] 0.09397827088832855 -0.04999305307865143 -3.103938859691931
[32 INFO root] 0.09297897666692734 -0.050030700862407684 -3.103938859691931
[32 INFO root] 0.09197968989610672 -0.05006834492087364 -3.103938859691931
[32 INFO root] 0.0909803956747055 -0.0501059889793396 -3.103938859691931
[32 INFO root] 0.08998110890388489 -0.05014363303780556 -3.103938859691931
[32 INFO root] 0.08898181468248367 -0.050181277096271515 -3.103938859691931
[32 INFO root] 0.08800071477890015 -0.050218239426612854 -3.10434721273061
[32 INFO root] 0.0871276929974556 -0.050250809639692307 -3.1071795457174405
[32 INFO root] 0.08636103570461273 -0.05027744919061661 -3.1124231578176276
[32 INFO root] 0.08568771928548813 -0.05029749125242233 -3.119846569045071
[32 INFO root] 0.08509575575590134 -0.050310857594013214 -3.129264676798573
[32 INFO root] 0.08457436412572861 -0.05031783506274223 -3.140533091572917
[32 INFO root] 0.08411391824483871 -0.05031890422105789 3.1296443065798956
[32 INFO root] 0.0837058573961258 -0.05031462013721466 3.1149798179027974
[32 INFO root] 0.08334259688854218 -0.05030554160475731 3.0987182502017783
[32 INFO root] 0.08301740884780884 -0.05029217526316643 3.080899231778126
[32 INFO root] 0.08272432535886765 -0.050274938344955444 3.061545326328236
[32 INFO root] 0.0824580118060112 -0.05025414004921913 3.040664277882533
[32 INFO root] 0.08221367001533508 -0.05022994801402092 3.018250834530306
[32 INFO root] 0.08198697865009308 -0.050202395766973495 2.9942882709221332
[32 INFO root] 0.08177396655082703 -0.05017133802175522 2.968749715481233
[32 INFO root] 0.08157093077898026 -0.050136446952819824 2.9415993810838543
[32 INFO root] 0.0813744068145752 -0.05009717866778374 2.912793797107467
[32 INFO root] 0.08118105679750443 -0.050052743405103683 2.8822831456690134
[32 INFO root] 0.08098765462636948 -0.05000206083059311 2.850012814998651
[32 INFO root] 0.08079098910093307 -0.049943707883358 2.8159252973448377
[32 INFO root] 0.08058787882328033 -0.049875859171152115 2.7799625760686664
[32 INFO root] 0.08037512004375458 -0.0497962087392807 2.7420691639952515
[32 INFO root] 0.08014950901269913 -0.04970189183950424 2.702195968175057
[32 INFO root] 0.0799078568816185 -0.049589384347200394 2.6603051579186947
[32 INFO root] 0.07964702695608139 -0.04945444315671921 2.6163761929674947
[32 INFO root] 0.0793641060590744 -0.04929199069738388 2.570413113030326
[32 INFO root] 0.07905647903680801 -0.04909609630703926 2.522453081922989
[32 INFO root] 0.07872208207845688 -0.04885997250676155 2.4725760024176484
[32 INFO root] 0.07835963368415833 -0.04857603460550308 2.420914760678254
[32 INFO root] 0.07796894758939743 -0.04823610559105873 2.36766532621078
[32 INFO root] 0.07755120098590851 -0.04783172905445099 2.313095556725322
[32 INFO root] 0.0771092101931572 -0.04735464230179787 2.257551208501452
[32 INFO root] 0.07664761692285538 -0.04679740592837334 2.201457445141338
[32 INFO root] 0.0761728510260582 -0.04615411162376404 2.1453142105884524
[32 INFO root] 0.07569298148155212 -0.04542117565870285 2.089684309772977
[32 INFO root] 0.07521721720695496 -0.04459799453616142 2.0351739659165795
[32 INFO root] 0.07475526630878448 -0.04368744045495987 1.98240689752895
[32 INFO root] 0.07431653887033463 -0.042695995420217514 1.9319943137783515
[32 INFO root] 0.07390929758548737 -0.04163353890180588 1.8845042837135775
[32 INFO root] 0.07353997975587845 -0.04051272198557854 1.840434329818175
[32 INFO root] 0.07321269065141678 -0.0393480621278286 1.8001906436320725
[32 INFO root] 0.07292906939983368 -0.03815488889813423 1.7640761137738679
[32 INFO root] 0.07268839329481125 -0.0369483046233654 1.7322877443879217
