[26 INFO root] Initialising Python Geth Console...
[26 INFO root] Initialising RandB board...
[26 INFO root] Initialising resource sensor...
[26 INFO root] Initialising random-walk...
[26 INFO root] Initialising navigation...
[26 INFO root] Initialising Odo...
[26 INFO root] Initialising odometry...
[26 INFO root] Initialising gps...
[26 INFO root] Initialising Ground sensor...
[26 INFO root] --//-- Starting Experiment --//--
[26 INFO root] x y direction
[26 INFO root] 0.5345829725265503 -0.7291319966316223 1.6574170175713758
[26 INFO root] 0.5344207882881165 -0.7272640466690063 1.8172321842002161
[26 INFO root] 0.5333582162857056 -0.7213743925094604 1.9501321119740396
[26 INFO root] 0.5303807854652405 -0.713214099407196 2.036376564753145
[26 INFO root] 0.5267332792282104 -0.7056778073310852 2.0901869226711103
[26 INFO root] 0.5229405760765076 -0.6989141702651978 2.1243585804576726
[26 INFO root] 0.5192203521728516 -0.6928262114524841 2.1468024826629666
[26 INFO root] 0.5156722664833069 -0.6873252391815186 2.162051456093355
[26 INFO root] 0.5123388767242432 -0.682338297367096 2.172734852357012
[26 INFO root] 0.5092343688011169 -0.6778061985969543 2.18042483398806
[26 INFO root] 0.5063584446907043 -0.6736801862716675 2.186092351622784
[26 INFO root] 0.5037034153938293 -0.6699190735816956 2.1903557306564747
[26 INFO root] 0.5012562274932861 -0.6664846539497375 2.1936199696740637
[26 INFO root] 0.49900397658348083 -0.6633462309837341 2.196157022892328
[26 INFO root] 0.4969334602355957 -0.6604769229888916 2.1981538983339157
[26 INFO root] 0.4950315058231354 -0.6578526496887207 2.1997419364345134
[26 INFO root] 0.49328553676605225 -0.6554518342018127 2.201015136125696
[26 INFO root] 0.4916834533214569 -0.6532549262046814 2.2020419457519074
[26 INFO root] 0.49021393060684204 -0.6512442231178284 2.202872981178287
[26 INFO root] 0.4888664186000824 -0.6494037508964539 2.203546206958893
[26 INFO root] 0.48763102293014526 -0.6477188467979431 2.2040904680851554
[26 INFO root] 0.4865012466907501 -0.6461798548698425 2.2179850446466687
[26 INFO root] 0.48546871542930603 -0.6448093056678772 2.244792115234122
[26 INFO root] 0.4845620095729828 -0.6436668634414673 2.2805133980672476
[26 INFO root] 0.4837506115436554 -0.6427145004272461 2.3229043417162574
[26 INFO root] 0.483005553483963 -0.6419104337692261 2.370500951091813
[26 INFO root] 0.48230499029159546 -0.6412224769592285 2.4223108695645656
[26 INFO root] 0.4816318452358246 -0.6406262516975403 2.4777106863958065
[26 INFO root] 0.48097163438796997 -0.6401034593582153 2.5363267294572287
[26 INFO root] 0.4803113341331482 -0.6396406888961792 2.597967505613201
[26 INFO root] 0.4796323776245117 -0.6392245292663574 2.6624611555999196
[26 INFO root] 0.47888389229774475 -0.6388299465179443 2.7289656393341737
[26 INFO root] 0.4780550003051758 -0.6384608745574951 2.7972289259407765
[26 INFO root] 0.47714129090309143 -0.63812655210495 2.8670646428771445
[26 INFO root] 0.476140558719635 -0.6378375887870789 2.9382302657496484
[26 INFO root] 0.4750532805919647 -0.6376057863235474 3.0104298038005632
[26 INFO root] 0.4738827645778656 -0.6374432444572449 3.083327788124464
[26 INFO root] 0.4726351499557495 -0.6373617649078369 -3.1266246898254257
[26 INFO root] 0.47131916880607605 -0.6373723149299622 -3.0534412017261676
[26 INFO root] 0.4699458181858063 -0.6374839544296265 -2.980707155237127
[26 INFO root] 0.4685279428958893 -0.6377038359642029 -2.908835243805879
[26 INFO root] 0.4670797288417816 -0.6380365490913391 -2.838246882679883
[26 INFO root] 0.4656163156032562 -0.6384835839271545 -2.7693662343436194
[26 INFO root] 0.4641531705856323 -0.6390435099601746 -2.702611327936987
[26 INFO root] 0.4627055823802948 -0.6397116184234619 -2.638382548943386
[26 INFO root] 0.461288183927536 -0.6404801607131958 -2.5770497251202884
[26 INFO root] 0.45991426706314087 -0.6413385272026062 -2.518939575263065
[26 INFO root] 0.45859527587890625 -0.6422739028930664 -2.464325260517298
[26 INFO root] 0.4573405385017395 -0.6432715654373169 -2.4134193604506176
[26 INFO root] 0.45615696907043457 -0.6443159580230713 -2.3663708966617434
[26 INFO root] 0.45504891872406006 -0.6453912854194641 -2.323266361698668
[26 INFO root] 0.4540182650089264 -0.6464824676513672 -2.2841332677746498
[26 INFO root] 0.4530642032623291 -0.6475759744644165 -2.248948354933342
[26 INFO root] 0.4521842300891876 -0.6486602425575256 -2.2176533123927924
[26 INFO root] 0.4513744115829468 -0.6497251987457275 -2.1901641214467493
[26 INFO root] 0.450629860162735 -0.650763213634491 -2.1663793441616166
[26 INFO root] 0.44994494318962097 -0.6517685651779175 -2.1461878481338013
[26 INFO root] 0.4493134915828705 -0.6527376174926758 -2.12947533404363
[26 INFO root] 0.44872915744781494 -0.6536687612533569 -2.1161291902974275
[26 INFO root] 0.4481854736804962 -0.6545620560646057 -2.106041407195292
[26 INFO root] 0.4476678669452667 -0.6554328799247742 -2.099305515128838
[26 INFO root] 0.44716018438339233 -0.6563010215759277 -2.096063928196641
[26 INFO root] 0.446658194065094 -0.6571664810180664 -2.095774857918253
[26 INFO root] 0.44615697860717773 -0.6580318212509155 -2.095774857918253
[26 INFO root] 0.4456557631492615 -0.6588971018791199 -2.095774857918253
[26 INFO root] 0.4451545774936676 -0.659762442111969 -2.095774857918253
[26 INFO root] 0.44465339183807373 -0.6606277823448181 -2.095774857918253
[26 INFO root] 0.44415220618247986 -0.6614931225776672 -2.095774857918253
[26 INFO root] 0.4436509907245636 -0.6623584628105164 -2.095774857918253
[26 INFO root] 0.4431498050689697 -0.6632238030433655 -2.095774857918253
[26 INFO root] 0.44264861941337585 -0.6640891432762146 -2.095774857918253
[26 INFO root] 0.4421474039554596 -0.6649544835090637 -2.095774857918253
[26 INFO root] 0.4416462182998657 -0.6658198237419128 -2.095774857918253
[26 INFO root] 0.44114503264427185 -0.666685163974762 -2.095774857918253
[26 INFO root] 0.4406438171863556 -0.6675505042076111 -2.095774857918253
[26 INFO root] 0.4401426315307617 -0.6684157848358154 -2.095774857918253
[26 INFO root] 0.43964675068855286 -0.6692720055580139 -2.0966140034325442
[26 INFO root] 0.43915826082229614 -0.6701139211654663 -2.0987233692153358
[26 INFO root] 0.43867626786231995 -0.6709408760070801 -2.1021237908420547
[26 INFO root] 0.438199520111084 -0.6717527508735657 -2.106796058456809
[26 INFO root] 0.4377267360687256 -0.6725494861602783 -2.112720718734899
[26 INFO root] 0.43725669384002686 -0.6733312606811523 -2.1198780106145385
[26 INFO root] 0.4367881119251251 -0.6740984320640564 -2.1282482353357177
[26 INFO root] 0.4363197088241577 -0.6748512387275696 -2.1378118575099534
[26 INFO root] 0.4358501434326172 -0.6755901575088501 -2.148548971057123
[26 INFO root] 0.43537819385528564 -0.6763158440589905 -2.160439401350272
[26 INFO root] 0.43490245938301086 -0.6770287156105042 -2.173463015025931
[26 INFO root] 0.4344216287136078 -0.6777294874191284 -2.1875986512361933
[26 INFO root] 0.4339343011379242 -0.6784188151359558 -2.2028245129974917
[26 INFO root] 0.43343910574913025 -0.6790973544120789 -2.219117663335432
[26 INFO root] 0.4329345226287842 -0.6797656416893005 -2.2364537178588124
[26 INFO root] 0.43241918087005615 -0.6804243326187134 -2.2548060298141506
[26 INFO root] 0.43189147114753723 -0.6810739636421204 -2.274145829410046
[26 INFO root] 0.43134990334510803 -0.6817150712013245 -2.294441348775004
[26 INFO root] 0.430792897939682 -0.6823481321334839 -2.3156576591158293
[26 INFO root] 0.4302188456058502 -0.682973325252533 -2.337756169525379
[26 INFO root] 0.4296261668205261 -0.6835909485816956 -2.360693616064389
[26 INFO root] 0.42901328206062317 -0.6842011213302612 -2.3844221322775687
[26 INFO root] 0.4283785820007324 -0.6848037838935852 -2.408888728034134
[26 INFO root] 0.4277205765247345 -0.6853987574577332 -2.434034688935303
[26 INFO root] 0.42703777551651 -0.6859856843948364 -2.4597954123209353
[26 INFO root] 0.4263288676738739 -0.6865640878677368 -2.486100028816234
[26 INFO root] 0.4255925714969635 -0.687133252620697 -2.512871497460855
[26 INFO root] 0.42482790350914 -0.6876923441886902 -2.540026308182171
[26 INFO root] 0.4240339696407318 -0.6882404685020447 -2.5674749350048716
[26 INFO root] 0.42321014404296875 -0.6887764930725098 -2.5951222884959018
[26 INFO root] 0.42235609889030457 -0.6892991662025452 -2.6228680632508827
[26 INFO root] 0.42147183418273926 -0.6898071765899658 -2.650607486435847
[26 INFO root] 0.42055758833885193 -0.6902991533279419 -2.6782323581280547
[26 INFO root] 0.4196140170097351 -0.6907738447189331 -2.7056320073625817
[26 INFO root] 0.41864213347435 -0.6912297606468201 -2.732694964570102
[26 INFO root] 0.417643278837204 -0.691665768623352 -2.759309685194314
[26 INFO root] 0.41661912202835083 -0.6920806765556335 -2.7853665589135894
[26 INFO root] 0.4155717194080353 -0.6924735307693481 -2.810758926389452
[26 INFO root] 0.4145033359527588 -0.6928434371948242 -2.835384690415759
[26 INFO root] 0.4134165048599243 -0.6931899785995483 -2.859147149421563
[26 INFO root] 0.41231396794319153 -0.6935127377510071 -2.8819567150097742
[26 INFO root] 0.41119858622550964 -0.6938117742538452 -2.9037313008077943
[26 INFO root] 0.41007333993911743 -0.6940871477127075 -2.924397453038458
[26 INFO root] 0.4089411497116089 -0.6943394541740417 -2.9438902656608734
[26 INFO root] 0.407804936170578 -0.6945693492889404 -2.9621540943633513
[26 INFO root] 0.406667560338974 -0.6947778463363647 -2.979142203324903
[26 INFO root] 0.4055316746234894 -0.6949660181999207 -2.9948168633434427
[26 INFO root] 0.4043998420238495 -0.6951351165771484 -3.009148555987863
[26 INFO root] 0.4032743275165558 -0.695286750793457 -3.022115532325429
[26 INFO root] 0.4021572172641754 -0.695422351360321 -3.0337035816617957
[26 INFO root] 0.401050329208374 -0.6955435276031494 -3.0439047573448135
[26 INFO root] 0.39995521306991577 -0.6956520080566406 -3.0527167838464524
[26 INFO root] 0.3988731801509857 -0.6957494020462036 -3.060142487138118
[26 INFO root] 0.39780527353286743 -0.6958373785018921 -3.0661887844376907
[26 INFO root] 0.396752268075943 -0.695917546749115 -3.0708660954386797
[26 INFO root] 0.39571473002433777 -0.695991575717926 -3.0741876133820036
[26 INFO root] 0.39469295740127563 -0.6960608959197998 -3.076168994299736
[26 INFO root] 0.39368709921836853 -0.6961269974708557 -3.076827397811882
[26 INFO root] 0.3926885724067688 -0.6961918473243713 -3.0768800256886526
[26 INFO root] 0.3916906416416168 -0.6962565183639526 -3.0768800256886526
[26 INFO root] 0.39069274067878723 -0.6963211894035339 -3.0768800256886526
[26 INFO root] 0.38969483971595764 -0.6963858008384705 -3.0768800256886526
[26 INFO root] 0.38869693875312805 -0.6964504718780518 -3.0768800256886526
[26 INFO root] 0.38769903779029846 -0.6965151429176331 -3.0768800256886526
[26 INFO root] 0.38670113682746887 -0.6965798139572144 -3.0768800256886526
[26 INFO root] 0.3857032060623169 -0.6966444849967957 -3.0768800256886526
[26 INFO root] 0.3847053050994873 -0.696709156036377 -3.0768800256886526
[26 INFO root] 0.3837074041366577 -0.6967738270759583 -3.0768800256886526
[26 INFO root] 0.3827095031738281 -0.6968384981155396 -3.0768800256886526
[26 INFO root] 0.38171160221099854 -0.6969031691551208 -3.0768800256886526
[26 INFO root] 0.38071367144584656 -0.6969678401947021 -3.0768800256886526
[26 INFO root] 0.37971577048301697 -0.6970325112342834 -3.0768800256886526
[26 INFO root] 0.3787178695201874 -0.6970971822738647 -3.0768800256886526
[26 INFO root] 0.3777199685573578 -0.697161853313446 -3.0768800256886526
[26 INFO root] 0.3767220675945282 -0.6972265243530273 -3.0768800256886526
[26 INFO root] 0.3757241368293762 -0.6972911953926086 -3.0768800256886526
[26 INFO root] 0.37472623586654663 -0.6973558664321899 -3.0768800256886526
[26 INFO root] 0.37372833490371704 -0.6974204778671265 -3.0768800256886526
[26 INFO root] 0.37273043394088745 -0.6974851489067078 -3.0768800256886526
[26 INFO root] 0.37173253297805786 -0.6975498199462891 -3.0768800256886526
[26 INFO root] 0.3707346022129059 -0.6976144909858704 -3.0768800256886526
[26 INFO root] 0.3697367012500763 -0.6976791620254517 -3.0768800256886526
[26 INFO root] 0.3687388002872467 -0.697743833065033 -3.0768800256886526
[26 INFO root] 0.3677408993244171 -0.6978085041046143 -3.0768800256886526
[26 INFO root] 0.3667429983615875 -0.6978731751441956 -3.0768800256886526
[26 INFO root] 0.36574506759643555 -0.6979378461837769 -3.0768800256886526
[26 INFO root] 0.36474716663360596 -0.6980025172233582 -3.0768800256886526
[26 INFO root] 0.36374926567077637 -0.6980671882629395 -3.0768800256886526
[26 INFO root] 0.3627513647079468 -0.6981318593025208 -3.0768800256886526
[26 INFO root] 0.3617534637451172 -0.698196530342102 -3.0768800256886526
[26 INFO root] 0.3607555329799652 -0.6982612013816833 -3.0768800256886526
[26 INFO root] 0.3597576320171356 -0.6983258724212646 -3.0768800256886526
[26 INFO root] 0.35875973105430603 -0.698390543460846 -3.0768800256886526
[26 INFO root] 0.35776183009147644 -0.6984552145004272 -3.0768800256886526
[26 INFO root] 0.35676392912864685 -0.6985198259353638 -3.0768800256886526
[26 INFO root] 0.3557659983634949 -0.6985844969749451 -3.0768800256886526
[26 INFO root] 0.3547680974006653 -0.6986491680145264 -3.0768800256886526
[26 INFO root] 0.3537701964378357 -0.6987138390541077 -3.0768800256886526
[26 INFO root] 0.3527722954750061 -0.698778510093689 -3.0768800256886526
[26 INFO root] 0.3517743945121765 -0.6988431811332703 -3.0768800256886526
[26 INFO root] 0.35077646374702454 -0.6989078521728516 -3.0768800256886526
[26 INFO root] 0.34977856278419495 -0.6989725232124329 -3.0768800256886526
[26 INFO root] 0.34878066182136536 -0.6990371942520142 -3.0768800256886526
[26 INFO root] 0.34778276085853577 -0.6991018652915955 -3.0768800256886526
[26 INFO root] 0.3467848598957062 -0.6991665363311768 -3.0768800256886526
[26 INFO root] 0.3457869291305542 -0.6992312073707581 -3.0768800256886526
[26 INFO root] 0.3447890281677246 -0.6992958784103394 -3.0768800256886526
[26 INFO root] 0.343791127204895 -0.6993605494499207 -3.0768800256886526
[26 INFO root] 0.34279322624206543 -0.699425220489502 -3.0768800256886526
[26 INFO root] 0.34179532527923584 -0.6994898915290833 -3.0768800256886526
[26 INFO root] 0.34079739451408386 -0.6995545625686646 -3.0768800256886526
[26 INFO root] 0.3397994935512543 -0.6996191740036011 -3.0768800256886526
[26 INFO root] 0.3388015925884247 -0.6996838450431824 -3.0768800256886526
[26 INFO root] 0.3378036916255951 -0.6997485160827637 -3.0768800256886526
[26 INFO root] 0.3368057906627655 -0.699813187122345 -3.0768800256886526
[26 INFO root] 0.3358078598976135 -0.6998778581619263 -3.0768800256886526
[26 INFO root] 0.33480995893478394 -0.6999425292015076 -3.0768800256886526
[26 INFO root] 0.33381205797195435 -0.7000072002410889 -3.0768800256886526
[26 INFO root] 0.33281415700912476 -0.7000718712806702 -3.0768800256886526
[26 INFO root] 0.33181625604629517 -0.7001365423202515 -3.0768800256886526
[26 INFO root] 0.3308183252811432 -0.7002012133598328 -3.0768800256886526
[26 INFO root] 0.3298204243183136 -0.7002658843994141 -3.0768800256886526
[26 INFO root] 0.328822523355484 -0.7003305554389954 -3.0768800256886526
[26 INFO root] 0.3278246223926544 -0.7003952264785767 -3.0768800256886526
[26 INFO root] 0.32682672142982483 -0.700459897518158 -3.0768800256886526
[26 INFO root] 0.32582879066467285 -0.7005245685577393 -3.0768800256886526
[26 INFO root] 0.32483088970184326 -0.7005892395973206 -3.0768800256886526
[26 INFO root] 0.32383298873901367 -0.7006538510322571 -3.0768800256886526
[26 INFO root] 0.3228350877761841 -0.7007185220718384 -3.0768800256886526
[26 INFO root] 0.3218371868133545 -0.7007831931114197 -3.0768800256886526
[26 INFO root] 0.3208392560482025 -0.700847864151001 -3.0768800256886526
[26 INFO root] 0.3198413550853729 -0.7009125351905823 -3.0768800256886526
[26 INFO root] 0.31884345412254333 -0.7009772062301636 -3.0768800256886526
[26 INFO root] 0.31784555315971375 -0.7010418772697449 -3.0768800256886526
[26 INFO root] 0.31684765219688416 -0.7011065483093262 -3.0768800256886526
[26 INFO root] 0.3158497214317322 -0.7011712193489075 -3.0768800256886526
[26 INFO root] 0.3148518204689026 -0.7012358903884888 -3.0768800256886526
[26 INFO root] 0.313853919506073 -0.7013005614280701 -3.0768800256886526
[26 INFO root] 0.3128560185432434 -0.7013652324676514 -3.0768800256886526
[26 INFO root] 0.3118581175804138 -0.7014299035072327 -3.0768800256886526
[26 INFO root] 0.31086021661758423 -0.701494574546814 -3.0768800256886526
[26 INFO root] 0.3098609447479248 -0.70155930519104 -3.0768253601013518
[26 INFO root] 0.30884838104248047 -0.7016249895095825 -3.0762401298809103
[26 INFO root] 0.30782264471054077 -0.7016920447349548 -3.0751337759809894
[26 INFO root] 0.30678531527519226 -0.70176100730896 -3.0735757083783968
[26 INFO root] 0.30573782324790955 -0.7018321752548218 -3.0716298417399908
[26 INFO root] 0.3046815097332001 -0.7019059658050537 -3.06935410587844
[26 INFO root] 0.30361753702163696 -0.7019827365875244 -3.066800787237514
[26 INFO root] 0.3025469481945038 -0.7020626664161682 -3.0640168826630174
[26 INFO root] 0.30147072672843933 -0.702146053314209 -3.06104445297566
[26 INFO root] 0.30038973689079285 -0.7022329568862915 -3.0579209732167705
[26 INFO root] 0.2993048131465912 -0.7023236155509949 -3.054679676834367
[26 INFO root] 0.29821664094924927 -0.7024180889129639 -3.05134989135825
[26 INFO root] 0.29712584614753723 -0.7025164365768433 -3.0479573633985244
[26 INFO root] 0.2960330545902252 -0.7026186585426331 -3.0445245711017996
[26 INFO root] 0.2949388027191162 -0.7027248740196228 -3.0410710225127184
[26 INFO root] 0.29384350776672363 -0.702834963798523 -3.0376135386087664
[26 INFO root] 0.2927476167678833 -0.7029489278793335 -3.0341665200953565
[26 INFO root] 0.29165148735046387 -0.7030667662620544 -3.0307421973564703
[26 INFO root] 0.2905554473400116 -0.7031883597373962 -3.027350863245745
[26 INFO root] 0.28945982456207275 -0.7033137083053589 -3.0240010886670405
[26 INFO root] 0.28836482763290405 -0.7034426927566528 -3.020699921127621
[26 INFO root] 0.2872706651687622 -0.7035752534866333 -3.0174530666481205
[26 INFO root] 0.2861775755882263 -0.7037112712860107 -3.0142650555806356
[26 INFO root] 0.28508564829826355 -0.7038507461547852 -3.011139393019861
[26 INFO root] 0.2839950919151306 -0.7039934396743774 -3.0080786945937645
[26 INFO root] 0.2829059660434723 -0.7041394114494324 -3.005084808492598
[26 INFO root] 0.2818183898925781 -0.7042884826660156 -3.002158924640855
[26 INFO root] 0.2807324528694153 -0.7044405341148376 -2.9993016719396954
[26 INFO root] 0.27964815497398376 -0.7045955657958984 -2.9965132045106357
[26 INFO root] 0.27856558561325073 -0.7047533988952637 -2.993793277858587
[26 INFO root] 0.2774847745895386 -0.7049140334129333 -2.99114131584657
[26 INFO root] 0.2764057517051697 -0.7050773501396179 -2.988556469338793
[26 INFO root] 0.27532851696014404 -0.7052431702613831 -2.986037667325717
[26 INFO root] 0.2742530405521393 -0.7054115533828735 -2.983583661296638
[26 INFO root] 0.27317938208580017 -0.7055823802947998 -2.9811930635740715
[26 INFO root] 0.27210748195648193 -0.7057555317878723 -2.978864380271446
[26 INFO root] 0.27103736996650696 -0.7059309482574463 -2.976596039482689
[26 INFO root] 0.26996901631355286 -0.7061086297035217 -2.9743864152601027
[26 INFO root] 0.26890236139297485 -0.7062883973121643 -2.972233847886484
[26 INFO root] 0.26783743500709534 -0.706470251083374 -2.970136660899118
[26 INFO root] 0.26677414774894714 -0.7066541314125061 -2.9680931752776467
[26 INFO root] 0.26571255922317505 -0.7068399786949158 -2.9661017211650855
[26 INFO root] 0.2646525502204895 -0.7070277333259583 -2.9641606474515374
[26 INFO root] 0.2635941505432129 -0.707217276096344 -2.962268329513584
[26 INFO root] 0.26253727078437805 -0.7074086666107178 -2.9604231753687693
[26 INFO root] 0.2614819407463074 -0.70760178565979 -2.9586236304741185
[26 INFO root] 0.2604281008243561 -0.707796573638916 -2.956868181369941
[26 INFO root] 0.2593757212162018 -0.7079930305480957 -2.955155358345273
[26 INFO root] 0.2583247721195221 -0.7081910967826843 -2.9534837372789533
[26 INFO root] 0.25727522373199463 -0.7083907127380371 -2.9518519407902906
[26 INFO root] 0.2562270164489746 -0.7085918188095093 -2.950258638815568
[26 INFO root] 0.25518015027046204 -0.7087944149971008 -2.948702548710797
[26 INFO root] 0.2541345953941345 -0.7089985013008118 -2.9471824349671807
[26 INFO root] 0.2530902922153473 -0.7092039585113525 -2.945697108613517
[26 INFO root] 0.25204724073410034 -0.7094107866287231 -2.9442454263689233
[26 INFO root] 0.2510054111480713 -0.7096189260482788 -2.942826289599871
[26 INFO root] 0.24996475875377655 -0.7098283767700195 -2.941438643127241
[26 INFO root] 0.24892526865005493 -0.7100391387939453 -2.9400814739219907
[26 INFO root] 0.24788691103458405 -0.7102510929107666 -2.938753809721769
[26 INFO root] 0.2468496561050415 -0.7104642987251282 -2.937454717595448
[26 INFO root] 0.2458134889602661 -0.7106786370277405 -2.9361833024779402
[26 INFO root] 0.24477837979793549 -0.7108941674232483 -2.93493870569365
[26 INFO root] 0.24374429881572723 -0.7111108303070068 -2.933720103483541
[26 INFO root] 0.24271124601364136 -0.7113285660743713 -2.9325267055478625
[26 INFO root] 0.24167916178703308 -0.7115474343299866 -2.9313577536141238
[26 INFO root] 0.2406480610370636 -0.711767315864563 -2.930212520037834
[26 INFO root] 0.23961791396141052 -0.7119882702827454 -2.929090306441711
[26 INFO root] 0.23858869075775146 -0.7122101783752441 -2.9279904423976406
[26 INFO root] 0.23756036162376404 -0.7124331593513489 -2.926912284154384
[26 INFO root] 0.23653294146060944 -0.7126570343971252 -2.925855213413075
[26 INFO root] 0.23550638556480408 -0.7128819227218628 -2.9248186361516035
[26 INFO root] 0.23448067903518677 -0.713107705116272 -2.9238019814984137
[26 INFO root] 0.2334558218717575 -0.7133343815803528 -2.9228047006555826
[26 INFO root] 0.23243176937103271 -0.7135619521141052 -2.921826265870649
[26 INFO root] 0.23140853643417358 -0.7137904167175293 -2.920866169456321
[26 INFO root] 0.23038609325885773 -0.7140197157859802 -2.9199239228568916
[26 INFO root] 0.22936441004276276 -0.7142499089241028 -2.918999055759955
[26 INFO root] 0.2284409999847412 -0.7144588232040405 -2.9189358573767565
[26 INFO root] 0.22764389216899872 -0.7146392464637756 -2.919948366428494
[26 INFO root] 0.2269512116909027 -0.7147954702377319 -2.9218069886787115
[26 INFO root] 0.22634083032608032 -0.7149319052696228 -2.9242945919296064
[26 INFO root] 0.2257954627275467 -0.7150524854660034 -2.9272500175750937
[26 INFO root] 0.22530174255371094 -0.7151601314544678 -2.930555323101848
[26 INFO root] 0.22484935820102692 -0.7152572274208069 -2.934125184014872
[26 INFO root] 0.2244304120540619 -0.715345561504364 -2.9378991510020485
[26 INFO root] 0.22403916716575623 -0.7154265642166138 -2.9418397127741036
[26 INFO root] 0.22367332875728607 -0.7155007719993591 -2.9459507792699506
[26 INFO root] 0.22333146631717682 -0.7155686616897583 -2.9502476785488385
[26 INFO root] 0.22301225364208221 -0.7156306505203247 -2.954748287651332
[26 INFO root] 0.22271448373794556 -0.715687096118927 -2.959472439128197
[26 INFO root] 0.22243697941303253 -0.7157383561134338 -2.9644421090687714
[26 INFO root] 0.22217866778373718 -0.7157847285270691 -2.9696816030272286
[26 INFO root] 0.22193850576877594 -0.7158265709877014 -2.975217718758378
[26 INFO root] 0.22171550989151 -0.7158641815185547 -2.9810798900104127
[26 INFO root] 0.2215086817741394 -0.715897798538208 -2.987300309116151
[26 INFO root] 0.2213170826435089 -0.7159277200698853 -2.9939140182958948
[26 INFO root] 0.22113965451717377 -0.7159542441368103 -3.0009589508922074
[26 INFO root] 0.22097532451152802 -0.7159776091575623 -3.0084758936654814
[26 INFO root] 0.22082291543483734 -0.7159981727600098 -3.016508329393307
[26 INFO root] 0.22068104147911072 -0.7160161137580872 -3.0251021052657014
[26 INFO root] 0.2205481380224228 -0.7160317897796631 -3.034304857471298
[26 INFO root] 0.2204223871231079 -0.7160454988479614 -3.044165107436084
[26 INFO root] 0.22030162811279297 -0.7160574197769165 -3.0547309334333175
[26 INFO root] 0.22018328309059143 -0.7160678505897522 -3.0660481178376426
[26 INFO root] 0.22006434202194214 -0.7160769701004028 -3.078157682684398
[26 INFO root] 0.21994131803512573 -0.7160849571228027 -3.0910927640381343
[26 INFO root] 0.21981015801429749 -0.7160916924476624 -3.1048748489268947
[26 INFO root] 0.21966630220413208 -0.7160971760749817 -3.119509513637065
[26 INFO root] 0.219504714012146 -0.7161009907722473 -3.1349819555219898
[26 INFO root] 0.21932068467140198 -0.7161024212837219 3.1319398244602596
[26 INFO root] 0.21911056339740753 -0.7161006927490234 3.1149488042562736
[26 INFO root] 0.21887162327766418 -0.7160947322845459 3.097296123775938
[26 INFO root] 0.21860195696353912 -0.7160831689834595 3.0790450257474316
[26 INFO root] 0.21830050647258759 -0.7160648107528687 3.0602533890037256
[26 INFO root] 0.21796686947345734 -0.716038167476654 3.040971507476718
[26 INFO root] 0.21760128438472748 -0.7160019278526306 3.02124057820512
[26 INFO root] 0.2172044813632965 -0.7159546613693237 3.0010920158348924
[26 INFO root] 0.21677753329277039 -0.7158951163291931 2.980547556994349
[26 INFO root] 0.21632175147533417 -0.7158219814300537 2.9596200438230933
[26 INFO root] 0.21583859622478485 -0.71573406457901 2.93831473832233
[26 INFO root] 0.21532954275608063 -0.7156301736831665 2.916631011913607
[26 INFO root] 0.2147960513830185 -0.715509295463562 2.894564231746914
[26 INFO root] 0.21423950791358948 -0.7153701782226562 2.872107702203067
[26 INFO root] 0.21366116404533386 -0.715211808681488 2.8492545438756713
[26 INFO root] 0.2130621373653412 -0.7150329351425171 2.8259994956758807
[26 INFO root] 0.21244339644908905 -0.7148324251174927 2.80234056019569
[26 INFO root] 0.2118058055639267 -0.7146090865135193 2.7782805270610718
[26 INFO root] 0.21115009486675262 -0.7143615484237671 2.7538283495306586
[26 INFO root] 0.21047687530517578 -0.7140884399414062 2.729000378215795
[26 INFO root] 0.20978671312332153 -0.7137883305549622 2.7038214777596012
[26 INFO root] 0.20908017456531525 -0.7134596705436707 2.678325983608888
[26 INFO root] 0.20835746824741364 -0.7131009101867676 2.6525849314584726
[26 INFO root] 0.20761890709400177 -0.7127102613449097 2.6266855018797584
[26 INFO root] 0.20686495304107666 -0.7122861742973328 2.600719872343435
[26 INFO root] 0.20609626173973083 -0.7118270993232727 2.5747834324260856
[26 INFO root] 0.20531368255615234 -0.7113317847251892 2.5489752526870744
[26 INFO root] 0.20451821386814117 -0.7107990384101868 2.523398684691399
[26 INFO root] 0.20371097326278687 -0.7102279663085938 2.498161570244256
[26 INFO root] 0.2028932124376297 -0.7096178531646729 2.4733759803315785
[26 INFO root] 0.20206625759601593 -0.7089683413505554 2.4491575284687674
[26 INFO root] 0.20123149454593658 -0.7082792520523071 2.42562321049647
[26 INFO root] 0.20039032399654388 -0.7075508832931519 2.402889118905624
[26 INFO root] 0.19954414665699005 -0.706783652305603 2.3810683938535893
[26 INFO root] 0.19869428873062134 -0.705978512763977 2.360269091820247
[26 INFO root] 0.19784201681613922 -0.7051365971565247 2.340592007531098
[26 INFO root] 0.19698841869831085 -0.7042593359947205 2.322128517113186
[26 INFO root] 0.19613443315029144 -0.7033483982086182 2.304958601090915
[26 INFO root] 0.1952807903289795 -0.7024056911468506 2.289148084161739
[26 INFO root] 0.1944279968738556 -0.7014331817626953 2.2747456417200227
[26 INFO root] 0.19357629120349884 -0.7004329562187195 2.2617826623619703
[26 INFO root] 0.19272571802139282 -0.6994071006774902 2.2502738952539802
[26 INFO root] 0.19187605381011963 -0.6983577609062195 2.2402182812567055
[26 INFO root] 0.19102688133716583 -0.6972867846488953 2.2316000417903554
[26 INFO root] 0.1901775449514389 -0.6961961984634399 2.2243899793904633
[26 INFO root] 0.18932728469371796 -0.6950876712799072 2.2185469391856945
[26 INFO root] 0.18847516179084778 -0.6939628720283508 2.2140194373487785
[26 INFO root] 0.18762019276618958 -0.6928232908248901 2.2107473499147536
[26 INFO root] 0.1867612600326538 -0.6916703581809998 2.208663665442813
[26 INFO root] 0.18589724600315094 -0.6905052065849304 2.20769623990797
[26 INFO root] 0.18502701818943024 -0.6893290281295776 2.2077694987435166
[26 INFO root] 0.18414942920207977 -0.6881428360939026 2.208806085338064
[26 INFO root] 0.1832634061574936 -0.6869475841522217 2.210728395595719
[26 INFO root] 0.18236789107322693 -0.6857441663742065 2.213459990370572
[26 INFO root] 0.18146191537380219 -0.684533417224884 2.2169268568099683
[26 INFO root] 0.18054457008838654 -0.6833161115646362 2.221058494643121
[26 INFO root] 0.17961500585079193 -0.6820929646492004 2.2257888083115946
[26 INFO root] 0.17867252230644226 -0.6808647513389587 2.231056810482876
[26 INFO root] 0.1777164340019226 -0.6796321868896484 2.2368070628415246
[26 INFO root] 0.1767888218164444 -0.6784502267837524 2.2440861804972645
[26 INFO root] 0.17596881091594696 -0.6774203777313232 2.254987496760385
[26 INFO root] 0.17524242401123047 -0.6765275597572327 2.2692889632130924
[26 INFO root] 0.17458698153495789 -0.6757444739341736 2.286558631906217
[26 INFO root] 0.17398349940776825 -0.6750478744506836 2.306456230061952
[26 INFO root] 0.1734161376953125 -0.6744183301925659 2.3287145168171755
[26 INFO root] 0.17287151515483856 -0.6738402247428894 2.3531189050625647
[26 INFO root] 0.17233823239803314 -0.6733009219169617 2.3794911475311227
[26 INFO root] 0.17180638015270233 -0.67279052734375 2.407676349440947
[26 INFO root] 0.17126736044883728 -0.6723015308380127 2.437532556507722
[26 INFO root] 0.17071358859539032 -0.6718283891677856 2.4689224039858506
[26 INFO root] 0.1701383739709854 -0.6713672280311584 2.501706380806388
[26 INFO root] 0.1695358157157898 -0.6709157228469849 2.5357374995973476
[26 INFO root] 0.16890084743499756 -0.6704726815223694 2.570857217665327
[26 INFO root] 0.16822916269302368 -0.6700382232666016 2.606892558260664
[26 INFO root] 0.16751733422279358 -0.6696133017539978 2.6436544746609343
[26 INFO root] 0.16676443815231323 -0.6692005395889282 2.681014265788682
[26 INFO root] 0.16597069799900055 -0.6688030958175659 2.7188561817897288
[26 INFO root] 0.16513681411743164 -0.6684243083000183 2.7570539761849675
[26 INFO root] 0.1642642617225647 -0.6680673956871033 2.7954838461229112
[26 INFO root] 0.16335494816303253 -0.6677355766296387 2.834009108830281
[26 INFO root] 0.16241127252578735 -0.6674318909645081 2.8724794620193683
[26 INFO root] 0.16143618524074554 -0.6671590209007263 2.9107355880862777
[26 INFO root] 0.16043326258659363 -0.6669192910194397 2.9486146009155387
[26 INFO root] 0.1594066470861435 -0.6667146682739258 2.9859558110047053
[26 INFO root] 0.1583610624074936 -0.666546642780304 3.0226065480432496
[26 INFO root] 0.15730167925357819 -0.6664161086082458 3.0584277505243675
[26 INFO root] 0.15623396635055542 -0.6663232445716858 3.0932990348584175
[26 INFO root] 0.15516352653503418 -0.6662678122520447 3.127122922033408
[26 INFO root] 0.15421387553215027 -0.6662504076957703 -3.1231944306090984
[26 INFO root] 0.15341080725193024 -0.666262149810791 -3.0908351292147787
[26 INFO root] 0.15272845327854156 -0.6662942171096802 -3.058534267263736
[26 INFO root] 0.15214066207408905 -0.6663410067558289 -3.025919927267878
[26 INFO root] 0.15162605047225952 -0.6663988828659058 -2.992689838796173
[26 INFO root] 0.15116502344608307 -0.6664662957191467 -2.958594440206721
[26 INFO root] 0.1507413685321808 -0.6665431261062622 -2.9234393270410806
[26 INFO root] 0.1503421515226364 -0.6666300892829895 -2.8870779401378295
[26 INFO root] 0.14995719492435455 -0.6667287349700928 -2.8494036292107205
[26 INFO root] 0.14957860112190247 -0.6668410301208496 -2.810343564341014
[26 INFO root] 0.14920032024383545 -0.6669694781303406 -2.769854200221949
[26 INFO root] 0.14881795644760132 -0.6671168208122253 -2.7279178439584473
[26 INFO root] 0.14842846989631653 -0.6672859191894531 -2.684539941110156
[26 INFO root] 0.148030087351799 -0.6674798130989075 -2.6397468147434346
[26 INFO root] 0.14762212336063385 -0.6677013635635376 -2.593583569714305
[26 INFO root] 0.1472049355506897 -0.6679534912109375 -2.546112022824129
[26 INFO root] 0.14677979052066803 -0.6682387590408325 -2.4974085016017926
[26 INFO root] 0.14634878933429718 -0.6685593128204346 -2.447561401529362
[26 INFO root] 0.14591476321220398 -0.6689170002937317 -2.3966685066361406
[26 INFO root] 0.1454811990261078 -0.6693128943443298 -2.344833036497003
[26 INFO root] 0.14505188167095184 -0.6697477102279663 -2.2921550051619506
[26 INFO root] 0.14463092386722565 -0.6702214479446411 -2.238728789939079
[26 INFO root] 0.1442224532365799 -0.6707337498664856 -2.184645360111037
[26 INFO root] 0.14383076131343842 -0.6712834239006042 -2.129991976449292
[26 INFO root] 0.14346005022525787 -0.6718688011169434 -2.0748516358108735
[26 INFO root] 0.14311443269252777 -0.6724874973297119 -2.0193019280811506
[26 INFO root] 0.1427977830171585 -0.6731364130973816 -1.9634131886018171
[26 INFO root] 0.1425136923789978 -0.6738118529319763 -1.9072460825378994
[26 INFO root] 0.14226526021957397 -0.6745097041130066 -1.8508488317947354
[26 INFO root] 0.14205507934093475 -0.6752253770828247 -1.7942543797244839
[26 INFO root] 0.1418851613998413 -0.6759539842605591 -1.7374778234027553
[26 INFO root] 0.14175689220428467 -0.6766907572746277 -1.6805144520648476
[26 INFO root] 0.1416710764169693 -0.6774309873580933 -1.623338714923076
[26 INFO root] 0.14162792265415192 -0.6781703233718872 -1.5659043727419404
[26 INFO root] 0.1416272670030594 -0.6789049506187439 -1.5081460219155052
[26 INFO root] 0.1416686773300171 -0.6796326637268066 -1.4500163528804244
[26 INFO root] 0.14175184071063995 -0.6803531050682068 -1.3915210682500725
[26 INFO root] 0.14187659323215485 -0.6810652017593384 -1.332680569804902
[26 INFO root] 0.1420426070690155 -0.6817672252655029 -1.273513696429147
[26 INFO root] 0.14224934577941895 -0.6824566125869751 -1.2140307082028612
[26 INFO root] 0.14249597489833832 -0.6831305623054504 -1.1542279758646254
[26 INFO root] 0.14278137683868408 -0.6837862133979797 -1.0940842304307854
[26 INFO root] 0.14310438930988312 -0.6844210028648376 -1.0335587892624123
[26 INFO root] 0.14346382021903992 -0.685032844543457 -0.972591901294375
[26 INFO root] 0.14385882019996643 -0.6856200695037842 -0.9111072360257818
[26 INFO root] 0.14428892731666565 -0.6861817240715027 -0.8490162951426764
[26 INFO root] 0.14475440979003906 -0.6867172122001648 -0.7862245585203065
[26 INFO root] 0.14525631070137024 -0.6872262358665466 -0.7226390913492005
[26 INFO root] 0.145796537399292 -0.6877086758613586 -0.6581773205694124
[26 INFO root] 0.14637793600559235 -0.6881640553474426 -0.5927764075670682
[26 INFO root] 0.14700409770011902 -0.6885916590690613 -0.5264037622270978
[26 INFO root] 0.1476791799068451 -0.6889898180961609 -0.45906759899731164
[26 INFO root] 0.14840754866600037 -0.689355731010437 -0.3908265895811972
[26 INFO root] 0.14919328689575195 -0.6896855235099792 -0.32179775270050853
[26 INFO root] 0.15003971755504608 -0.6899739503860474 -0.25216164732796315
[26 INFO root] 0.15095160901546478 -0.6902153491973877 -0.18272942879065227
[26 INFO root] 0.15192940831184387 -0.6904026865959167 -0.11487326283043434
[26 INFO root] 0.15296220779418945 -0.6905286908149719 -0.0488959941372287
[26 INFO root] 0.15403838455677032 -0.6905882954597473 0.01505290675539836
[26 INFO root] 0.1551475077867508 -0.6905784606933594 0.07684500363792222
[26 INFO root] 0.15628039836883545 -0.6904981732368469 0.1363595104548689
[26 INFO root] 0.15742899477481842 -0.6903473734855652 0.19347262728292303
[26 INFO root] 0.15858599543571472 -0.690127432346344 0.2480505554443473
[26 INFO root] 0.15974466502666473 -0.6898406147956848 0.2999465873007156
[26 INFO root] 0.16089847683906555 -0.6894902586936951 0.3490018190481503
[26 INFO root] 0.16204099357128143 -0.6890808343887329 0.3950486677634461
[26 INFO root] 0.16316574811935425 -0.6886178851127625 0.43791614301894616
[26 INFO root] 0.16426628828048706 -0.6881083250045776 0.4774358706763538
[26 INFO root] 0.1653362363576889 -0.6875602006912231 0.5134481202645939
[26 INFO root] 0.1663694828748703 -0.6869825124740601 0.5458074678000953
[26 INFO root] 0.1673603653907776 -0.6863851547241211 0.574388206128061
[26 INFO root] 0.1683039367198944 -0.6857784390449524 0.5990901411482106
[26 INFO root] 0.16919629275798798 -0.6851724982261658 0.6198457260705738
[26 INFO root] 0.17003490030765533 -0.6845767498016357 0.6366295215130992
[26 INFO root] 0.17081911861896515 -0.6839990615844727 0.6494704057770321
[26 INFO root] 0.1715468019247055 -0.683448076248169 0.6582328078725169
[26 INFO root] 0.17221678793430328 -0.6829309463500977 0.662716901272655
[26 INFO root] 0.17289340496063232 -0.6824033856391907 0.664354051610493
[26 INFO root] 0.17359653115272522 -0.6818529367446899 0.6638453311161613
[26 INFO root] 0.1743224859237671 -0.6812849640846252 0.6614187438208787
[26 INFO root] 0.17506791651248932 -0.6807044744491577 0.6571874729612924
[26 INFO root] 0.17583052814006805 -0.6801155209541321 0.6512524500136326
[26 INFO root] 0.17660871148109436 -0.6795216798782349 0.6437190169496583
[26 INFO root] 0.1774013191461563 -0.6789260506629944 0.6346976104344939
[26 INFO root] 0.17820756137371063 -0.6783312559127808 0.6243032876316919
[26 INFO root] 0.17902694642543793 -0.677739679813385 0.6126552074412854
[26 INFO root] 0.17985913157463074 -0.6771532893180847 0.5998760701412678
[26 INFO root] 0.18070407211780548 -0.6765738129615784 0.5860852955221965
[26 INFO root] 0.18156208097934723 -0.6760025024414062 0.5713918337490466
[26 INFO root] 0.18243375420570374 -0.67544025182724 0.5558971364810865
[26 INFO root] 0.18331992626190186 -0.6748878359794617 0.5396957450433061
[26 INFO root] 0.1842222511768341 -0.6743453741073608 0.5228540625321176
[26 INFO root] 0.18514226377010345 -0.6738130450248718 0.5054471687096755
[26 INFO root] 0.18608106672763824 -0.6732913851737976 0.4875667804236891
[26 INFO root] 0.18703541159629822 -0.6727831363677979 0.46946517345101735
[26 INFO root] 0.1880020648241043 -0.672290563583374 0.4513795751768918
[26 INFO root] 0.18898169696331024 -0.6718135476112366 0.43339360022339307
[26 INFO root] 0.18997469544410706 -0.6713518500328064 0.4155891372397924
[26 INFO root] 0.1909807175397873 -0.6709057688713074 0.39806288730223
[26 INFO root] 0.1919986456632614 -0.6704756617546082 0.3809237105336789
[26 INFO root] 0.19302670657634735 -0.6700618863105774 0.36428939446350284
[26 INFO root] 0.1940624862909317 -0.6696649789810181 0.348283056439717
[26 INFO root] 0.19510313868522644 -0.669285237789154 0.3330294223023313
[26 INFO root] 0.19614550471305847 -0.6689228415489197 0.31865122347493424
[26 INFO root] 0.19718626141548157 -0.6685778498649597 0.30526592624517845
[26 INFO root] 0.19822213053703308 -0.6682499051094055 0.292982955393138
[26 INFO root] 0.19924995303153992 -0.6679384708404541 0.281901510720975
[26 INFO root] 0.20026686787605286 -0.6676427125930786 0.2721090086967244
[26 INFO root] 0.2012704312801361 -0.6673616170883179 0.2636801238133486
[26 INFO root] 0.2022586166858673 -0.6670939326286316 0.2566763605591242
[26 INFO root] 0.2032298892736435 -0.6668382287025452 0.2511460598176025
[26 INFO root] 0.20418325066566467 -0.666593074798584 0.24712473314578154
[26 INFO root] 0.20513254404067993 -0.666353166103363 0.24436147433852606
[26 INFO root] 0.20608936250209808 -0.666114330291748 0.24262698880502562
[26 INFO root] 0.20705431699752808 -0.6658753156661987 0.24188200268936622
[26 INFO root] 0.20802469551563263 -0.6656358242034912 0.24181738025359123
[26 INFO root] 0.20899203419685364 -0.6653972268104553 0.2419084091652397
[26 INFO root] 0.20994345843791962 -0.6651625037193298 0.24240933544684817
[26 INFO root] 0.21087829768657684 -0.6649314165115356 0.24334262043588303
[26 INFO root] 0.21179738640785217 -0.6647033095359802 0.24469331078227594
[26 INFO root] 0.2127014696598053 -0.6644777059555054 0.24644939777000618
[26 INFO root] 0.21359117329120636 -0.6642540693283081 0.24860188409338657
[26 INFO root] 0.21446706354618073 -0.6640319228172302 0.25114424808382
[26 INFO root] 0.21532966196537018 -0.6638108491897583 0.25407198489731786
[26 INFO root] 0.21617943048477173 -0.6635904312133789 0.2573822279887821
[26 INFO root] 0.2170167863368988 -0.6633703112602234 0.2610734319749992
[26 INFO root] 0.21784214675426483 -0.6631501317024231 0.2651450991009694
[26 INFO root] 0.21865588426589966 -0.6629295349121094 0.2695975656953437
[26 INFO root] 0.21945838630199432 -0.6627081632614136 0.27443181462339056
[26 INFO root] 0.22025001049041748 -0.6624857187271118 0.2796493230577723
[26 INFO root] 0.22103114426136017 -0.6622618436813354 0.2852519343400359
[26 INFO root] 0.22180214524269104 -0.6620362401008606 0.29124175329314256
[26 INFO root] 0.22256337106227875 -0.6618085503578186 0.2976210636825518
[26 INFO root] 0.22331519424915314 -0.6615784764289856 0.3043922522573428
[26 INFO root] 0.22405800223350525 -0.6613456606864929 0.31155775299855976
[26 INFO root] 0.22479215264320374 -0.6611098051071167 0.31911999166963384
[26 INFO root] 0.22551803290843964 -0.6608706116676331 0.3270813597012967
[26 INFO root] 0.226236030459404 -0.6606276631355286 0.3354441768938236
[26 INFO root] 0.22694650292396545 -0.6603806018829346 0.34421067841355746
[26 INFO root] 0.22764982283115387 -0.660129189491272 0.35338299746141705
[26 INFO root] 0.22834639251232147 -0.6598730087280273 0.3629631501594736
[26 INFO root] 0.22903655469417572 -0.6596116423606873 0.3729530428106
[26 INFO root] 0.22972068190574646 -0.6593447327613831 0.3833544540756761
[26 INFO root] 0.23039911687374115 -0.6590719223022461 0.39417005767500585
[26 INFO root] 0.23107214272022247 -0.6587928533554077 0.40540382451218065
[26 INFO root] 0.23174001276493073 -0.6585071086883545 0.4170605089807269
[26 INFO root] 0.2324030101299286 -0.6582143306732178 0.42914494421168814
[26 INFO root] 0.23306137323379517 -0.6579139828681946 0.4416613456088007
[26 INFO root] 0.23371540009975433 -0.657605767250061 0.454612663533356
[26 INFO root] 0.23436535894870758 -0.6572891473770142 0.4679999812558362
[26 INFO root] 0.23501159250736237 -0.656963586807251 0.48182194996124994
[26 INFO root] 0.23565441370010376 -0.6566285490989685 0.4960742553078219
[26 INFO root] 0.23629418015480042 -0.6562834978103638 0.5107491165263701
[26 INFO root] 0.23692083358764648 -0.6559335589408875 0.5258101420406047
[26 INFO root] 0.23747870326042175 -0.6556110978126526 0.5411372194886778
[26 INFO root] 0.23797409236431122 -0.6553145051002502 0.5566846032525479
[26 INFO root] 0.2384190708398819 -0.6550386548042297 0.5724144065464233
[26 INFO root] 0.23882320523262024 -0.6547791957855225 0.5882967652821243
[26 INFO root] 0.23919393122196198 -0.654532790184021 0.6043071957874246
[26 INFO root] 0.2395370453596115 -0.6542967557907104 0.6204232774031027
[26 INFO root] 0.239857017993927 -0.6540688872337341 0.6366222875386833
[26 INFO root] 0.240157350897789 -0.6538476943969727 0.6528796017982168
[26 INFO root] 0.24044065177440643 -0.6536317467689514 0.6691676097700767
[26 INFO root] 0.24070890247821808 -0.6534203290939331 0.685455022447529
[26 INFO root] 0.24096353352069855 -0.65321284532547 0.7017065006949437
[26 INFO root] 0.24120549857616425 -0.6530089974403381 0.7178825232107574
[26 INFO root] 0.24143028259277344 -0.6528133749961853 0.7339700091084714
[26 INFO root] 0.2416342794895172 -0.6526300311088562 0.7499463378323551
[26 INFO root] 0.24181602895259857 -0.6524612903594971 0.7657685869402308
[26 INFO root] 0.2419755607843399 -0.652308464050293 0.7813758842540783
[26 INFO root] 0.24211379885673523 -0.652171790599823 0.7966930802657541
[26 INFO root] 0.24223217368125916 -0.6520511507987976 0.8116342940028607
[26 INFO root] 0.2423323094844818 -0.651945948600769 0.8261065888716865
[26 INFO root] 0.24241593480110168 -0.6518555283546448 0.8400141248557947
[26 INFO root] 0.2424847036600113 -0.651779055595398 0.8532630328684483
[26 INFO root] 0.24254019558429718 -0.6517156958580017 0.8657670800260922
[26 INFO root] 0.24258382618427277 -0.6516646146774292 0.8774539612201816
[26 INFO root] 0.24261541664600372 -0.651626706123352 0.8886371787940638
[26 INFO root] 0.24263255298137665 -0.6516056656837463 0.9002912076259121
[26 INFO root] 0.24263708293437958 -0.6516000032424927 0.9125050255339555
[26 INFO root] 0.24263134598731995 -0.6516074538230896 0.9252607416728532
[26 INFO root] 0.2426176369190216 -0.6516256332397461 0.9385354304643216
[26 INFO root] 0.242598295211792 -0.6516519784927368 0.9522993255569047
[26 INFO root] 0.24257566034793854 -0.6516836881637573 0.9665144739491863
[26 INFO root] 0.24255210161209106 -0.6517177224159241 0.9811337521330648
[26 INFO root] 0.24253007769584656 -0.6517505049705505 0.9961004095162262
[26 INFO root] 0.24251197278499603 -0.6517783403396606 1.0113504205451915
[26 INFO root] 0.24250009655952454 -0.6517972350120544 1.0268171231001915
[26 INFO root] 0.24249647557735443 -0.651803195476532 1.0424337914454085
[26 INFO root] 0.24250276386737823 -0.6517923474311829 1.0581344360412286
[26 INFO root] 0.2425202876329422 -0.6517612934112549 1.0738554371389089
[26 INFO root] 0.24254997074604034 -0.6517066955566406 1.0895358472041878
[26 INFO root] 0.24259239435195923 -0.6516256928443909 1.1051164202550579
[26 INFO root] 0.24264784157276154 -0.6515156626701355 1.1205383072572193
[26 INFO root] 0.24271643161773682 -0.6513742208480835 1.1357418364427632
[26 INFO root] 0.2427980899810791 -0.6511991024017334 1.1506655072696599
[26 INFO root] 0.24289242923259735 -0.6509886384010315 1.1652555192537406
[26 INFO root] 0.24299882352352142 -0.650741696357727 1.1794666841699024
[26 INFO root] 0.24311664700508118 -0.6504571437835693 1.1932494980167854
[26 INFO root] 0.2432449758052826 -0.6501347422599792 1.2073583294764558
[26 INFO root] 0.24338290095329285 -0.6497734785079956 1.2229670110077089
[26 INFO root] 0.24352987110614777 -0.6493698954582214 1.240409582124421
[26 INFO root] 0.2436850368976593 -0.6489197611808777 1.259925373001728
[26 INFO root] 0.24384716153144836 -0.6484182476997375 1.2817510274657458
[26 INFO root] 0.2440144270658493 -0.6478598713874817 1.3061095195891566
[26 INFO root] 0.24418435990810394 -0.6472384333610535 1.3331952635666224
[26 INFO root] 0.24435362219810486 -0.6465469598770142 1.3631526540471615
[26 INFO root] 0.24451780319213867 -0.6457780599594116 1.3960660486266068
[26 INFO root] 0.24467119574546814 -0.6449241638183594 1.431943655259375
[26 INFO root] 0.24480664730072021 -0.6439776420593262 1.4706981391772957
[26 INFO root] 0.24491548538208008 -0.6429314613342285 1.5121293775577802
[26 INFO root] 0.24498754739761353 -0.6417795419692993 1.555916095437502
[26 INFO root] 0.24501143395900726 -0.6405166983604431 1.6017423925451906
[26 INFO root] 0.24497465789318085 -0.6391399502754211 1.6491220286231758
[26 INFO root] 0.2448643445968628 -0.6376503705978394 1.6973802344690945
[26 INFO root] 0.24466849863529205 -0.6360539793968201 1.7457010510720872
[26 INFO root] 0.2443775087594986 -0.6343622803688049 1.7931913225561293
[26 INFO root] 0.24399159848690033 -0.6326186060905457 1.837830740408815
[26 INFO root] 0.2435275763273239 -0.6308920979499817 1.8775447220544181
[26 INFO root] 0.24300454556941986 -0.6292173266410828 1.9122454481822613
[26 INFO root] 0.24244137108325958 -0.627614438533783 1.941919595816621
[26 INFO root] 0.24185627698898315 -0.6260970830917358 1.9666865599627668
[26 INFO root] 0.24126562476158142 -0.6246734857559204 1.9867773410335674
[26 INFO root] 0.24068313837051392 -0.623347282409668 2.002484368743566
[26 INFO root] 0.2401195466518402 -0.6221184730529785 2.014122977744293
[26 INFO root] 0.23958273231983185 -0.6209843158721924 2.022004562516926
[26 INFO root] 0.23907801508903503 -0.619940459728241 2.026419712649021
[26 INFO root] 0.23860855400562286 -0.6189812421798706 2.0276289241218493
[26 INFO root] 0.23817585408687592 -0.6181005835533142 2.0258585563662943
[26 INFO root] 0.23777972161769867 -0.6172914505004883 2.021296145735817
[26 INFO root] 0.23741914331912994 -0.6165468692779541 2.0140882912166944
[26 INFO root] 0.23709255456924438 -0.6158604025840759 2.0043442522793185
[26 INFO root] 0.23679807782173157 -0.6152260303497314 1.9921408152459017
[26 INFO root] 0.23653371632099152 -0.6146382093429565 1.9775269143646683
[26 INFO root] 0.2362973690032959 -0.6140919327735901 1.9605277692214569
[26 INFO root] 0.2360869199037552 -0.613582193851471 1.9411487101302742
[26 INFO root] 0.23590019345283508 -0.6131041646003723 1.9193753086238128
[26 INFO root] 0.23573514819145203 -0.6126533150672913 1.8951724920560031
[26 INFO root] 0.23558999598026276 -0.6122252345085144 1.86848821219373
[26 INFO root] 0.23546311259269714 -0.6118158102035522 1.8392578849561187
[26 INFO root] 0.23535311222076416 -0.6114206314086914 1.8074086882323905
[26 INFO root] 0.2352588027715683 -0.6110351085662842 1.772861578368486
[26 INFO root] 0.2351793795824051 -0.6106541752815247 1.7355344289483445
[26 INFO root] 0.23511441051959991 -0.610272228717804 1.69534716201505
[26 INFO root] 0.23506413400173187 -0.6098831295967102 1.6522284221650414
[26 INFO root] 0.23502951860427856 -0.6094798445701599 1.6061237907730186
[26 INFO root] 0.23501262068748474 -0.6090545654296875 1.5570124564160348
[26 INFO root] 0.2350168079137802 -0.608598530292511 1.5049368547583384
[26 INFO root] 0.2350471317768097 -0.6081023812294006 1.4500065953228256
[26 INFO root] 0.2351105660200119 -0.6075568795204163 1.3924094394594764
[26 INFO root] 0.23521611094474792 -0.6069535613059998 1.332424655900316
[26 INFO root] 0.23537461459636688 -0.606285572052002 1.2704352372687502
[26 INFO root] 0.2355983555316925 -0.605548620223999 1.2069368478889249
[26 INFO root] 0.23590026795864105 -0.6047419309616089 1.1425408855176726
[26 INFO root] 0.23629045486450195 -0.6038737297058105 1.0778579241214554
[26 INFO root] 0.2367580235004425 -0.6029901504516602 1.0136951250141581
[26 INFO root] 0.23730327188968658 -0.6021026968955994 0.950858263068606
[26 INFO root] 0.23792363703250885 -0.6012222766876221 0.8898410776226633
[26 INFO root] 0.2386128157377243 -0.6003612279891968 0.8310594004037755
[26 INFO root] 0.2393610030412674 -0.5995317697525024 0.774852042202976
[26 INFO root] 0.24015575647354126 -0.598744809627533 0.7214218218351129
[26 INFO root] 0.24098312854766846 -0.5980091094970703 0.670825638743122
[26 INFO root] 0.24182914197444916 -0.5973305702209473 0.6230167607522545
[26 INFO root] 0.24268122017383575 -0.5967119932174683 0.5778998691159749
[26 INFO root] 0.24352815747261047 -0.596153974533081 0.5353000577605325
[26 INFO root] 0.24436070024967194 -0.5956552624702454 0.4949725530236876
[26 INFO root] 0.24517177045345306 -0.595212996006012 0.45662678520151595
[26 INFO root] 0.2459566444158554 -0.5948235392570496 0.4199505753446091
[26 INFO root] 0.24671271443367004 -0.594482421875 0.3846317604230467
[26 INFO root] 0.24744854867458344 -0.5941814184188843 0.3500157711783262
[26 INFO root] 0.2482171654701233 -0.5938979387283325 0.31406199360940756
[26 INFO root] 0.249028742313385 -0.5936312079429626 0.27666140464111755
[26 INFO root] 0.24988825619220734 -0.5933837890625 0.23796540040934008
[26 INFO root] 0.2508002519607544 -0.593159019947052 0.19817035784341708
[26 INFO root] 0.2517685890197754 -0.592960774898529 0.15752379400019897
[26 INFO root] 0.252795934677124 -0.5927934646606445 0.11632679097208042
[26 INFO root] 0.2538834512233734 -0.5926620364189148 0.07493261554985041
[26 INFO root] 0.2550303339958191 -0.5925713777542114 0.03374099779317217
[26 INFO root] 0.2562335729598999 -0.5925260186195374 -0.006812240839339866
[26 INFO root] 0.25745972990989685 -0.5925294756889343 -0.04462065692534203
[26 INFO root] 0.2586902976036072 -0.5925797820091248 -0.07890744573018198
[26 INFO root] 0.25990912318229675 -0.5926718711853027 -0.10920069697929094
[26 INFO root] 0.26110073924064636 -0.5927988290786743 -0.13513025970927323
[26 INFO root] 0.2622513473033905 -0.5929521322250366 -0.15642605474824237
[26 INFO root] 0.2633495330810547 -0.5931228399276733 -0.17291411386067446
[26 INFO root] 0.2643868625164032 -0.5933021306991577 -0.18450521898291625
[26 INFO root] 0.2653578221797943 -0.5934821367263794 -0.19117878499908625
[26 INFO root] 0.2662600576877594 -0.593656063079834 -0.19296475581157882
[26 INFO root] 0.2670939266681671 -0.5938188433647156 -0.1899258737325449
[26 INFO root] 0.26786214113235474 -0.5939667820930481 -0.18214198300270937
[26 INFO root] 0.26856955885887146 -0.5940977334976196 -0.16969731554360504
[26 INFO root] 0.26922279596328735 -0.5942105054855347 -0.15267090204234648
[26 INFO root] 0.26982977986335754 -0.5943050384521484 -0.1311308317390279
[26 INFO root] 0.2703997790813446 -0.59438157081604 -0.10513206922673947
[26 INFO root] 0.2709431052207947 -0.5944404006004333 -0.07471734068244842
[26 INFO root] 0.2714710533618927 -0.5944815874099731 -0.0399209896376054
[26 INFO root] 0.27199587225914 -0.5945043563842773 -0.0007759852981526136
[26 INFO root] 0.2725507616996765 -0.5945068597793579 0.040894400779748465
[26 INFO root] 0.2731480598449707 -0.5944847464561462 0.08461230782479554
[26 INFO root] 0.27379441261291504 -0.594432532787323 0.1302224647324743
[26 INFO root] 0.27449560165405273 -0.5943437218666077 0.17753930302224116
[26 INFO root] 0.27525636553764343 -0.594210684299469 0.22631741090708576
[26 INFO root] 0.27608001232147217 -0.5940248966217041 0.2762443604133329
[26 INFO root] 0.2769679129123688 -0.593777596950531 0.3269362408008216
[26 INFO root] 0.27791905403137207 -0.5934600234031677 0.37793768515928833
[26 INFO root] 0.2789296805858612 -0.5930643677711487 0.4287282312868015
[26 INFO root] 0.27999308705329895 -0.5925843715667725 0.47873645860871744
[26 INFO root] 0.28109967708587646 -0.5920166969299316 0.5273623473185249
[26 INFO root] 0.2822374403476715 -0.5913611054420471 0.5740067370674066
[26 INFO root] 0.28339263796806335 -0.5906214714050293 0.6181049231949876
[26 INFO root] 0.2845507860183716 -0.5898053646087646 0.6591598909107127
[26 INFO root] 0.28569772839546204 -0.5889241695404053 0.6967700989445518
[26 INFO root] 0.28682059049606323 -0.5879917144775391 0.7306474914788212
[26 INFO root] 0.28790849447250366 -0.5870234966278076 0.7606234117121724
[26 INFO root] 0.28895303606987 -0.5860354900360107 0.7866426511087583
[26 INFO root] 0.289948433637619 -0.5850428938865662 0.8087481151084679
[26 INFO root] 0.29089123010635376 -0.584059476852417 0.8270598624513388
[26 INFO root] 0.2917800843715668 -0.583096981048584 0.8417523986711994
[26 INFO root] 0.2926153540611267 -0.5821647047996521 0.8530333584134338
[26 INFO root] 0.29337435960769653 -0.5812975764274597 0.864434379313544
[26 INFO root] 0.29405534267425537 -0.5805014371871948 0.8770266720220936
[26 INFO root] 0.29466521739959717 -0.5797701478004456 0.8907307219209553
[26 INFO root] 0.29521217942237854 -0.5790959596633911 0.9054757507879561
[26 INFO root] 0.29573431611061096 -0.578432559967041 0.9229685487060334
[26 INFO root] 0.29623815417289734 -0.5777692198753357 0.94316623651712
[26 INFO root] 0.2967259883880615 -0.5770996809005737 0.9658332358337364
[26 INFO root] 0.29719972610473633 -0.576417863368988 0.9907484390547443
[26 INFO root] 0.29766079783439636 -0.5757179260253906 1.0176997516758408
[26 INFO root] 0.29811009764671326 -0.5749945044517517 1.046479872007194
[26 INFO root] 0.2985479533672333 -0.5742422938346863 1.0768826643524063
[26 INFO root] 0.29897400736808777 -0.5734565854072571 1.1087001960656622
[26 INFO root] 0.2993873357772827 -0.5726330876350403 1.1417205144049578
[26 INFO root] 0.29978641867637634 -0.5717681050300598 1.1757262499011758
[26 INFO root] 0.3001691997051239 -0.5708585977554321 1.2104941308186665
[26 INFO root] 0.30053314566612244 -0.5699023008346558 1.2457954734247625
[26 INFO root] 0.3008754253387451 -0.5688979029655457 1.2813976723879053
[26 INFO root] 0.30119287967681885 -0.5678449869155884 1.317066654950715
[26 INFO root] 0.3014824092388153 -0.5667441487312317 1.3525701860555717
[26 INFO root] 0.30174097418785095 -0.5655969977378845 1.387681828475485
[26 INFO root] 0.30196571350097656 -0.564406156539917 1.4221852852671641
[26 INFO root] 0.3021542429924011 -0.5631751418113708 1.4558787962647242
[26 INFO root] 0.3023047149181366 -0.5619081258773804 1.4885792389604935
[26 INFO root] 0.3024158775806427 -0.5606100559234619 1.520125604744103
[26 INFO root] 0.30248716473579407 -0.5592861175537109 1.5503815838444808
[26 INFO root] 0.3025186061859131 -0.5579418540000916 1.5792370875464854
[26 INFO root] 0.3025110363960266 -0.5565828084945679 1.6066086486839397
[26 INFO root] 0.30246585607528687 -0.5552180409431458 1.6326509070166721
[26 INFO root] 0.3023856282234192 -0.5538653135299683 1.6581373714456384
[26 INFO root] 0.30227184295654297 -0.5525261759757996 1.6830534176819787
[26 INFO root] 0.30212581157684326 -0.5512009263038635 1.7072990152194094
[26 INFO root] 0.30194899439811707 -0.5498899221420288 1.7307900644086638
[26 INFO root] 0.3017430305480957 -0.5485941171646118 1.7534574020270683
[26 INFO root] 0.30150967836380005 -0.547314465045929 1.7752451410987342
[26 INFO root] 0.3012508451938629 -0.5460521578788757 1.7961090569177782
[26 INFO root] 0.3009684681892395 -0.5448082089424133 1.8160149135267254
[26 INFO root] 0.30066466331481934 -0.5435837507247925 1.8349366599012542
[26 INFO root] 0.30034151673316956 -0.5423797965049744 1.8528543147548573
[26 INFO root] 0.3000011146068573 -0.5411971211433411 1.8697517884016235
[26 INFO root] 0.2996456027030945 -0.5400364995002747 1.8856149151465664
[26 INFO root] 0.29927700757980347 -0.5388984084129333 1.9004298306191012
[26 INFO root] 0.2988973557949066 -0.5377832651138306 1.9141817599807387
[26 INFO root] 0.2985086441040039 -0.5366912484169006 1.9268542483971556
[26 INFO root] 0.298112690448761 -0.5356224775314331 1.9384288321007899
[26 INFO root] 0.2977113723754883 -0.5345767736434937 1.9488851162431045
[26 INFO root] 0.2973215878009796 -0.5335922241210938 1.9571349504251108
[26 INFO root] 0.2969518005847931 -0.5326809287071228 1.9627879783066324
[26 INFO root] 0.29660308361053467 -0.5318359136581421 1.9659492526199676
[26 INFO root] 0.2962750196456909 -0.5310486555099487 1.9667463007678643
[26 INFO root] 0.29596683382987976 -0.5303111672401428 1.9652799087236585
[26 INFO root] 0.2956773042678833 -0.5296159982681274 1.9616285673082776
[26 INFO root] 0.2954051196575165 -0.5289561152458191 1.9558554908263994
[26 INFO root] 0.2951488792896271 -0.5283250212669373 1.948014998797367
[26 INFO root] 0.29490721225738525 -0.5277164578437805 1.938157503224701
[26 INFO root] 0.29467982053756714 -0.5271273851394653 1.9270143124106978
[26 INFO root] 0.29446548223495483 -0.5265533924102783 1.91484643658781
[26 INFO root] 0.2942628562450409 -0.5259900093078613 1.901726636859811
[26 INFO root] 0.2940707504749298 -0.5254332423210144 1.8877106955033065
[26 INFO root] 0.2938881516456604 -0.5248792171478271 1.8728527536079382
[26 INFO root] 0.29371440410614014 -0.5243244767189026 1.85720703452432
[26 INFO root] 0.29354897141456604 -0.5237659811973572 1.8408292998650901
[26 INFO root] 0.29339155554771423 -0.5232007503509521 1.8237780123386391
[26 INFO root] 0.2932420074939728 -0.5226263403892517 1.8061152197273775
[26 INFO root] 0.2931004464626312 -0.5220404267311096 1.7879071727052105
[26 INFO root] 0.2929671108722687 -0.5214410424232483 1.769224690174079
[26 INFO root] 0.2928423583507538 -0.5208263993263245 1.750143288692662
[26 INFO root] 0.29272669553756714 -0.5201952457427979 1.7307431280352534
[26 INFO root] 0.29262077808380127 -0.5195464491844177 1.7111087848967406
[26 INFO root] 0.2925252318382263 -0.5188793540000916 1.6913288637820574
[26 INFO root] 0.29244083166122437 -0.5181934833526611 1.671495467641847
[26 INFO root] 0.29236823320388794 -0.5174888372421265 1.6517035560505
[26 INFO root] 0.29230818152427673 -0.5167655944824219 1.6320502184572239
[26 INFO root] 0.2922612130641937 -0.5160229206085205 1.6126797165207971
[26 INFO root] 0.2922275960445404 -0.5152549743652344 1.5939202476009349
[26 INFO root] 0.2922077775001526 -0.5144616961479187 1.5759186705975903
[26 INFO root] 0.2922021746635437 -0.5136441588401794 1.5587959247371719
[26 INFO root] 0.2922108471393585 -0.5128035545349121 1.5426685262631359
[26 INFO root] 0.29223376512527466 -0.5119412541389465 1.5276474057022973
[26 INFO root] 0.2922705411911011 -0.5110588669776917 1.513836761572186
[26 INFO root] 0.29232069849967957 -0.5101580023765564 1.5013330421108395
[26 INFO root] 0.2923834025859833 -0.5092403888702393 1.4902240824682387
[26 INFO root] 0.2924576997756958 -0.5083075761795044 1.480587480112291
[26 INFO root] 0.29254239797592163 -0.5073612332344055 1.4724897402835806
[26 INFO root] 0.29263612627983093 -0.506402850151062 1.4659860749815967
[26 INFO root] 0.2927374541759491 -0.5054338574409485 1.4611204899285866
[26 INFO root] 0.2928447127342224 -0.5044554471969604 1.4579260451271716
[26 INFO root] 0.29295623302459717 -0.5034686326980591 1.456425249023221
[26 INFO root] 0.29307013750076294 -0.5024757981300354 1.4562921273571623
[26 INFO root] 0.29318439960479736 -0.5014823079109192 1.4562921273571623
[26 INFO root] 0.2932986319065094 -0.5004888772964478 1.4562921273571623
[26 INFO root] 0.29341211915016174 -0.49950215220451355 1.4566661317522722
[26 INFO root] 0.29352274537086487 -0.4985373318195343 1.4582660190983077
[26 INFO root] 0.29362934827804565 -0.4975953996181488 1.461183473861677
[26 INFO root] 0.29373085498809814 -0.4966755509376526 1.4654175806399177
[26 INFO root] 0.2938263416290283 -0.4957767426967621 1.4709683382687364
[26 INFO root] 0.2939148545265198 -0.49489784240722656 1.4778378789122806
[26 INFO root] 0.2939956784248352 -0.49403759837150574 1.486031136686562
[26 INFO root] 0.29406800866127014 -0.49319466948509216 1.4955563115876644
[26 INFO root] 0.29413115978240967 -0.49236753582954407 1.5064251266327477
[26 INFO root] 0.29418444633483887 -0.4915546476840973 1.5186528587303179
[26 INFO root] 0.2942272126674652 -0.4907543659210205 1.5322581093348722
[26 INFO root] 0.2942587435245514 -0.48996487259864807 1.5472622694705025
[26 INFO root] 0.2942783236503601 -0.48918426036834717 1.5636886257129834
[26 INFO root] 0.2942850887775421 -0.48841047286987305 1.581561050108269
[26 INFO root] 0.29427820444107056 -0.4876413643360138 1.6009021671337826
[26 INFO root] 0.2942565977573395 -0.4868745803833008 1.6217309545169145
[26 INFO root] 0.29421907663345337 -0.48610758781433105 1.644059806331989
[26 INFO root] 0.2941642999649048 -0.4853377938270569 1.667891091599391
[26 INFO root] 0.2940906286239624 -0.4845624268054962 1.6932132595415055
[26 INFO root] 0.2939961850643158 -0.4837786853313446 1.7199965837375097
[26 INFO root] 0.29387882351875305 -0.48298367857933044 1.7481886937469306
[26 INFO root] 0.29373612999916077 -0.48217475414276123 1.7777101093276781
[26 INFO root] 0.2935895323753357 -0.48146453499794006 1.8090687873077387
[26 INFO root] 0.2934558093547821 -0.48090457916259766 1.8426536515771514
[26 INFO root] 0.2933361232280731 -0.48046818375587463 1.8784196602637022
[26 INFO root] 0.29322880506515503 -0.48012515902519226 1.9162751668724147
[26 INFO root] 0.29313144087791443 -0.47985076904296875 1.9561395274710147
[26 INFO root] 0.2930409610271454 -0.4796246588230133 1.9979388930395259
[26 INFO root] 0.29295358061790466 -0.47943031787872314 2.041601487056454
[26 INFO root] 0.2928650975227356 -0.47925442457199097 2.0870542128446914
[26 INFO root] 0.29277077317237854 -0.4790864586830139 2.134220214261104
[26 INFO root] 0.29266563057899475 -0.47891831398010254 2.1830171917950927
[26 INFO root] 0.2925444543361664 -0.4787440598011017 2.2333564438092046
[26 INFO root] 0.2924027144908905 -0.4785606563091278 2.2851680516722386
[26 INFO root] 0.2922368049621582 -0.47836747765541077 2.3384145047514404
[26 INFO root] 0.2920432984828949 -0.47816500067710876 2.393063446335823
[26 INFO root] 0.2918187379837036 -0.47795429825782776 2.4490804972913085
[26 INFO root] 0.29155972599983215 -0.4777371883392334 2.506429041394321
[26 INFO root] 0.2912629246711731 -0.4775159955024719 2.56507073170807
[26 INFO root] 0.29092514514923096 -0.4772937595844269 2.624966070478807
[26 INFO root] 0.2905433773994446 -0.4770740568637848 2.6860748496628655
[26 INFO root] 0.2901148200035095 -0.4768611192703247 2.7483562257283185
[26 INFO root] 0.2896369993686676 -0.4766596257686615 2.8117682376411213
[26 INFO root] 0.28910765051841736 -0.47647491097450256 2.876266670644465
[26 INFO root] 0.2885250151157379 -0.4763128161430359 2.941803301635946
[26 INFO root] 0.2878877520561218 -0.47617971897125244 3.008323699125764
[26 INFO root] 0.2871951460838318 -0.4760824739933014 3.0757648526010715
[26 INFO root] 0.2864282727241516 -0.47602716088294983 -3.1387849985850598
[26 INFO root] 0.28553831577301025 -0.476024329662323 -3.068414323151624
[26 INFO root] 0.284514844417572 -0.47609299421310425 -2.99669052731165
[26 INFO root] 0.28335586190223694 -0.47625458240509033 -2.9242063612323475
[26 INFO root] 0.2820647656917572 -0.4765309691429138 -2.851664445699106
[26 INFO root] 0.2806513011455536 -0.4769425690174103 -2.7798514585036025
[26 INFO root] 0.2791314125061035 -0.47750625014305115 -2.7095968281802443
[26 INFO root] 0.2775266170501709 -0.4782334864139557 -2.641720237651914
[26 INFO root] 0.27586233615875244 -0.4791286885738373 -2.57697542290331
[26 INFO root] 0.2741657495498657 -0.4801887273788452 -2.515999764250856
[26 INFO root] 0.2724635601043701 -0.48140326142311096 -2.4592782164391562
[26 INFO root] 0.27077990770339966 -0.4827558696269989 -2.4071267077376786
[26 INFO root] 0.26913514733314514 -0.484225869178772 -2.3596951169814777
[26 INFO root] 0.26754504442214966 -0.48579010367393494 -2.316985625668297
[26 INFO root] 0.26602092385292053 -0.4874246418476105 -2.2788801189241004
[26 INFO root] 0.2645699381828308 -0.4891062080860138 -2.2451704759036315
[26 INFO root] 0.2631959021091461 -0.49081307649612427 -2.2155872057371124
[26 INFO root] 0.2618999779224396 -0.492525577545166 -2.189823892423169
[26 INFO root] 0.2606813907623291 -0.49422651529312134 -2.167556580471715
[26 INFO root] 0.25953802466392517 -0.4959011375904083 -2.148458294888228
[26 INFO root] 0.2584669888019562 -0.49753719568252563 -2.1322093988681385
[26 INFO root] 0.25746482610702515 -0.4991247057914734 -2.1185046303831894
[26 INFO root] 0.2565278708934784 -0.5006558895111084 -2.1070576000095493
[26 INFO root] 0.25565245747566223 -0.5021247267723083 -2.0976033982181534
[26 INFO root] 0.254834920167923 -0.5035271644592285 -2.0898998177284374
[26 INFO root] 0.2540716826915741 -0.5048604011535645 -2.083727574119275
[26 INFO root] 0.2533593773841858 -0.5061232447624207 -2.0788898129022475
[26 INFO root] 0.2526947557926178 -0.5073153376579285 -2.075211121192423
[26 INFO root] 0.2520747184753418 -0.50843745470047 -2.0725362106456164
