[34 INFO root] Initialising Python Geth Console...
[34 INFO root] Initialising RandB board...
[34 INFO root] Initialising resource sensor...
[34 INFO root] Initialising random-walk...
[34 INFO root] Initialising navigation...
[34 INFO root] Initialising Odo...
[34 INFO root] Initialising odometry...
[34 INFO root] Initialising gps...
[34 INFO root] Initialising Ground sensor...
[34 INFO root] --//-- Starting Experiment --//--
[34 INFO root] x y direction
[34 INFO root] -0.49834001064300537 -0.45434099435806274 0.07920304145550298
[34 INFO root] -0.49751758575439453 -0.4542757272720337 0.07920304145550298
[34 INFO root] -0.4965207278728485 -0.45419660210609436 0.07920304145550298
[34 INFO root] -0.4955238699913025 -0.45411747694015503 0.07920304145550298
[34 INFO root] -0.4945269823074341 -0.4540383517742157 0.07920304145550298
[34 INFO root] -0.49353012442588806 -0.45395925641059875 0.07920304145550298
[34 INFO root] -0.49253326654434204 -0.4538801312446594 0.07920304145550298
[34 INFO root] -0.491536408662796 -0.4538010060787201 0.07920304145550298
[34 INFO root] -0.4905395209789276 -0.45372188091278076 0.07920304145550298
[34 INFO root] -0.4895426630973816 -0.45364275574684143 0.07920304145550298
[34 INFO root] -0.48854580521583557 -0.4535636305809021 0.07920304145550298
[34 INFO root] -0.48754894733428955 -0.45348453521728516 0.07920304145550298
[34 INFO root] -0.48655205965042114 -0.4534054100513458 0.07920304145550298
[34 INFO root] -0.4855552017688751 -0.4533262848854065 0.07920304145550298
[34 INFO root] -0.4845583438873291 -0.45324715971946716 0.07920304145550298
[34 INFO root] -0.4835614860057831 -0.45316803455352783 0.07920304145550298
[34 INFO root] -0.4825645983219147 -0.4530889093875885 0.07920304145550298
[34 INFO root] -0.48156774044036865 -0.45300981402397156 0.07920304145550298
[34 INFO root] -0.48057088255882263 -0.4529306888580322 0.07920304145550298
[34 INFO root] -0.4795740246772766 -0.4528515636920929 0.07920304145550298
[34 INFO root] -0.4785771369934082 -0.45277243852615356 0.07920304145550298
[34 INFO root] -0.4775802791118622 -0.45269331336021423 0.07920304145550298
[34 INFO root] -0.47658342123031616 -0.4526141881942749 0.07920304145550298
[34 INFO root] -0.47558656334877014 -0.45253509283065796 0.07920304145550298
[34 INFO root] -0.47458967566490173 -0.45245596766471863 0.07920304145550298
[34 INFO root] -0.4735928177833557 -0.4523768424987793 0.07920304145550298
[34 INFO root] -0.4725959599018097 -0.45229771733283997 0.07920304145550298
[34 INFO root] -0.47159910202026367 -0.45221859216690063 0.07920304145550298
[34 INFO root] -0.47060224413871765 -0.4521394670009613 0.07920304145550298
[34 INFO root] -0.46960535645484924 -0.45206037163734436 0.07920304145550298
[34 INFO root] -0.46852225065231323 -0.45197439193725586 0.08228607204147097
[34 INFO root] -0.46733781695365906 -0.45187705755233765 0.08882228936122433
[34 INFO root] -0.46607109904289246 -0.4517650306224823 0.09792429401262887
[34 INFO root] -0.46474146842956543 -0.45163556933403015 0.10873291723318047
[34 INFO root] -0.4633658826351166 -0.45148688554763794 0.12054027785987946
[34 INFO root] -0.4619593024253845 -0.4513181447982788 0.13277849839796815
[34 INFO root] -0.4605349600315094 -0.45112964510917664 0.14500389628577934
[34 INFO root] -0.4591045677661896 -0.45092254877090454 0.15687997647925003
[34 INFO root] -0.45767825841903687 -0.4506986737251282 0.16816043443397982
[34 INFO root] -0.45626482367515564 -0.45046037435531616 0.1786730340149382
[34 INFO root] -0.45487159490585327 -0.450210303068161 0.18830493908436496
[34 INFO root] -0.45350465178489685 -0.4499512016773224 0.19698981611169236
[34 INFO root] -0.45216894149780273 -0.44968584179878235 0.20469684620662904
[34 INFO root] -0.4508682191371918 -0.4494168758392334 0.21142160226030618
[34 INFO root] -0.44960543513298035 -0.44914674758911133 0.21717864550065952
[34 INFO root] -0.4483822286128998 -0.44887760281562805 0.22200132138182824
[34 INFO root] -0.44719842076301575 -0.4486110210418701 0.2259536919783218
[34 INFO root] -0.446053147315979 -0.4483482241630554 0.22910145773208113
[34 INFO root] -0.44494539499282837 -0.4480902850627899 0.23150677294122216
[34 INFO root] -0.4438726305961609 -0.4478376805782318 0.23324932864714681
[34 INFO root] -0.4428326487541199 -0.44759079813957214 0.23439767925964416
[34 INFO root] -0.44182515144348145 -0.4473503530025482 0.2349818911806647
[34 INFO root] -0.4408494532108307 -0.44711682200431824 0.23503469693786774
[34 INFO root] -0.4398769438266754 -0.4468839466571808 0.23503469693786774
[34 INFO root] -0.43890443444252014 -0.44665107131004333 0.23503469693786774
[34 INFO root] -0.43793192505836487 -0.4464181959629059 0.23503469693786774
[34 INFO root] -0.4369594156742096 -0.44618532061576843 0.23503469693786774
[34 INFO root] -0.4359869062900543 -0.445952445268631 0.23503469693786774
[34 INFO root] -0.43501442670822144 -0.44571956992149353 0.23503469693786774
[34 INFO root] -0.43404191732406616 -0.4454866945743561 0.23503469693786774
[34 INFO root] -0.4330694079399109 -0.44525381922721863 0.23503469693786774
[34 INFO root] -0.4320968985557556 -0.4450209438800812 0.23503469693786774
[34 INFO root] -0.43112438917160034 -0.4447880685329437 0.23503469693786774
[34 INFO root] -0.43015187978744507 -0.4445551931858063 0.23503469693786774
[34 INFO root] -0.4291793704032898 -0.4443223178386688 0.23503469693786774
[34 INFO root] -0.4282068610191345 -0.44408944249153137 0.23503469693786774
[34 INFO root] -0.42723435163497925 -0.4438565671443939 0.23503469693786774
[34 INFO root] -0.426261842250824 -0.44362369179725647 0.23503469693786774
[34 INFO root] -0.4252893626689911 -0.443390816450119 0.23503469693786774
[34 INFO root] -0.4243168532848358 -0.44315794110298157 0.23503469693786774
[34 INFO root] -0.42334434390068054 -0.4429250657558441 0.23503469693786774
[34 INFO root] -0.42237183451652527 -0.44269219040870667 0.23503469693786774
[34 INFO root] -0.42139932513237 -0.4424593150615692 0.23503469693786774
[34 INFO root] -0.4204268157482147 -0.4422264099121094 0.23503469693786774
[34 INFO root] -0.41945430636405945 -0.4419935345649719 0.23503469693786774
[34 INFO root] -0.4184817969799042 -0.4417606592178345 0.23503469693786774
[34 INFO root] -0.4175092875957489 -0.441527783870697 0.23503469693786774
[34 INFO root] -0.416536808013916 -0.44129490852355957 0.23503469693786774
[34 INFO root] -0.41556429862976074 -0.4410620331764221 0.23503469693786774
[34 INFO root] -0.41459178924560547 -0.44082915782928467 0.23503469693786774
[34 INFO root] -0.4136192798614502 -0.4405962824821472 0.23503469693786774
[34 INFO root] -0.4126467704772949 -0.44036340713500977 0.23503469693786774
[34 INFO root] -0.41167426109313965 -0.4401305317878723 0.23503469693786774
[34 INFO root] -0.4107017517089844 -0.43989765644073486 0.23503469693786774
[34 INFO root] -0.4097292423248291 -0.4396647810935974 0.23503469693786774
[34 INFO root] -0.40875673294067383 -0.43943190574645996 0.23503469693786774
[34 INFO root] -0.40778422355651855 -0.4391990303993225 0.23503469693786774
[34 INFO root] -0.40681174397468567 -0.43896615505218506 0.23503469693786774
[34 INFO root] -0.4058392345905304 -0.4387332797050476 0.23503469693786774
[34 INFO root] -0.4048667252063751 -0.43850040435791016 0.23503469693786774
[34 INFO root] -0.40389421582221985 -0.4382675290107727 0.23503469693786774
[34 INFO root] -0.4029217064380646 -0.43803465366363525 0.23503469693786774
[34 INFO root] -0.4019491970539093 -0.4378017783164978 0.23503469693786774
[34 INFO root] -0.40097668766975403 -0.43756890296936035 0.23503469693786774
[34 INFO root] -0.40000417828559875 -0.4373360276222229 0.23503469693786774
[34 INFO root] -0.3990316689014435 -0.43710312247276306 0.23503469693786774
[34 INFO root] -0.3980591893196106 -0.4368702471256256 0.23503469693786774
[34 INFO root] -0.3970866799354553 -0.43663737177848816 0.23503469693786774
[34 INFO root] -0.39611417055130005 -0.4364044964313507 0.23503469693786774
[34 INFO root] -0.3951416611671448 -0.43617162108421326 0.23503469693786774
[34 INFO root] -0.3941691517829895 -0.4359387457370758 0.23503469693786774
[34 INFO root] -0.39319664239883423 -0.43570587038993835 0.23503469693786774
[34 INFO root] -0.39222413301467896 -0.4354729950428009 0.23503469693786774
[34 INFO root] -0.3912516236305237 -0.43524011969566345 0.23503469693786774
[34 INFO root] -0.3902791142463684 -0.435007244348526 0.23503469693786774
[34 INFO root] -0.38930660486221313 -0.43477436900138855 0.23503469693786774
[34 INFO root] -0.38833412528038025 -0.4345414936542511 0.23503469693786774
[34 INFO root] -0.387361615896225 -0.43430861830711365 0.23503469693786774
[34 INFO root] -0.3863891065120697 -0.4340757429599762 0.23503469693786774
[34 INFO root] -0.38541659712791443 -0.43384286761283875 0.23503469693786774
[34 INFO root] -0.38444408774375916 -0.4336099922657013 0.23503469693786774
[34 INFO root] -0.3834715783596039 -0.43337711691856384 0.23503469693786774
[34 INFO root] -0.3824990689754486 -0.4331442415714264 0.23503469693786774
[34 INFO root] -0.38152655959129333 -0.43291136622428894 0.23503469693786774
[34 INFO root] -0.38055405020713806 -0.4326784908771515 0.23503469693786774
[34 INFO root] -0.3795815706253052 -0.43244561553001404 0.23503469693786774
[34 INFO root] -0.3786090612411499 -0.4322127103805542 0.23503469693786774
[34 INFO root] -0.37763655185699463 -0.43197983503341675 0.23503469693786774
[34 INFO root] -0.37666404247283936 -0.4317469596862793 0.23503469693786774
[34 INFO root] -0.3756915330886841 -0.43151408433914185 0.23503469693786774
[34 INFO root] -0.3747190237045288 -0.4312812089920044 0.23503469693786774
[34 INFO root] -0.37374651432037354 -0.43104833364486694 0.23503469693786774
[34 INFO root] -0.37277400493621826 -0.4308154582977295 0.23503469693786774
[34 INFO root] -0.371801495552063 -0.43058258295059204 0.23503469693786774
[34 INFO root] -0.3708289861679077 -0.4303497076034546 0.23503469693786774
[34 INFO root] -0.36985650658607483 -0.43011683225631714 0.23503469693786774
[34 INFO root] -0.36888399720191956 -0.4298839569091797 0.23503469693786774
[34 INFO root] -0.3679114878177643 -0.42965108156204224 0.23503469693786774
[34 INFO root] -0.366938978433609 -0.4294182062149048 0.23503469693786774
[34 INFO root] -0.36596646904945374 -0.42918533086776733 0.23503469693786774
[34 INFO root] -0.36499395966529846 -0.4289524555206299 0.23503469693786774
[34 INFO root] -0.3640214502811432 -0.42871958017349243 0.23503469693786774
[34 INFO root] -0.3630489408969879 -0.428486704826355 0.23503469693786774
[34 INFO root] -0.36207643151283264 -0.42825382947921753 0.23503469693786774
[34 INFO root] -0.36110395193099976 -0.4280209541320801 0.23503469693786774
[34 INFO root] -0.3601314425468445 -0.4277880787849426 0.23503469693786774
[34 INFO root] -0.3591589331626892 -0.4275552034378052 0.23503469693786774
[34 INFO root] -0.35818642377853394 -0.4273223280906677 0.23503469693786774
[34 INFO root] -0.35721391439437866 -0.4270894229412079 0.23503469693786774
[34 INFO root] -0.3562414050102234 -0.42685654759407043 0.23503469693786774
[34 INFO root] -0.3552688956260681 -0.426623672246933 0.23503469693786774
[34 INFO root] -0.35429638624191284 -0.42639079689979553 0.23503469693786774
[34 INFO root] -0.35332387685775757 -0.4261579215526581 0.23503469693786774
[34 INFO root] -0.3523513674736023 -0.42592504620552063 0.23503469693786774
[34 INFO root] -0.3513788878917694 -0.4256921708583832 0.23503469693786774
[34 INFO root] -0.35040637850761414 -0.4254592955112457 0.23503469693786774
[34 INFO root] -0.34943386912345886 -0.4252264201641083 0.23503469693786774
[34 INFO root] -0.3484613597393036 -0.4249935448169708 0.23503469693786774
[34 INFO root] -0.3474888503551483 -0.4247606694698334 0.23503469693786774
[34 INFO root] -0.34651634097099304 -0.4245277941226959 0.23503469693786774
[34 INFO root] -0.34554383158683777 -0.42429491877555847 0.23503469693786774
[34 INFO root] -0.3445713222026825 -0.424062043428421 0.23503469693786774
[34 INFO root] -0.3435988128185272 -0.42382916808128357 0.23503469693786774
[34 INFO root] -0.34262633323669434 -0.4235962927341461 0.23503469693786774
[34 INFO root] -0.34165382385253906 -0.42336341738700867 0.23503469693786774
[34 INFO root] -0.3406813144683838 -0.4231305420398712 0.23503469693786774
[34 INFO root] -0.3397088050842285 -0.42289766669273376 0.23503469693786774
[34 INFO root] -0.33878293633461 -0.4226759374141693 0.2353575109037055
[34 INFO root] -0.33791491389274597 -0.42246782779693604 0.23610980503405285
[34 INFO root] -0.33710020780563354 -0.42227187752723694 0.23729479980009185
[34 INFO root] -0.3363332152366638 -0.4220864772796631 0.23890654719395718
[34 INFO root] -0.335608571767807 -0.4219101071357727 0.2409384170802183
[34 INFO root] -0.3349211513996124 -0.4217413663864136 0.24338273245624445
[34 INFO root] -0.3342660069465637 -0.42157885432243347 0.24623038702351663
[34 INFO root] -0.33363988995552063 -0.42142170667648315 0.2494786428736086
[34 INFO root] -0.3330426514148712 -0.4212697446346283 0.25314142155259595
[34 INFO root] -0.3324745297431946 -0.4211229979991913 0.2572341608730272
[34 INFO root] -0.33193522691726685 -0.42098140716552734 0.26176989192102157
[34 INFO root] -0.3314242362976074 -0.42084476351737976 0.26675945108795784
[34 INFO root] -0.3309406340122223 -0.4207128584384918 0.272211860333752
[34 INFO root] -0.33048325777053833 -0.4205854833126068 0.27813445258161357
[34 INFO root] -0.33005058765411377 -0.4204622209072113 0.28453270338511
[34 INFO root] -0.32964083552360535 -0.42034268379211426 0.2914097380318928
[34 INFO root] -0.3292519450187683 -0.4202263355255127 0.2987654760220256
[34 INFO root] -0.3288813829421997 -0.4201125204563141 0.3065953692397605
[34 INFO root] -0.32852625846862793 -0.42000043392181396 0.3148886905602552
[34 INFO root] -0.32818323373794556 -0.41988900303840637 0.32362634098065013
[34 INFO root] -0.327848345041275 -0.4197770059108734 0.3327781714369025
[34 INFO root] -0.3275171220302582 -0.41966286301612854 0.3422998665938478
[34 INFO root] -0.3271845281124115 -0.41954469680786133 0.35212951781215907
[34 INFO root] -0.32684576511383057 -0.41942059993743896 0.36219845140309026
[34 INFO root] -0.32649922370910645 -0.4192896783351898 0.3724745322351106
[34 INFO root] -0.32614338397979736 -0.41915106773376465 0.3829239976487636
[34 INFO root] -0.32577624917030334 -0.41900360584259033 0.3934984972076387
[34 INFO root] -0.32539528608322144 -0.41884592175483704 0.40413293117752036
[34 INFO root] -0.32499751448631287 -0.4186762571334839 0.4147450469701985
[34 INFO root] -0.324579656124115 -0.41849279403686523 0.4252361604063679
[34 INFO root] -0.324138343334198 -0.41829347610473633 0.43549319308423445
[34 INFO root] -0.32367023825645447 -0.41807621717453003 0.44539220694221016
[34 INFO root] -0.32317212224006653 -0.417838990688324 0.4548035450072197
[34 INFO root] -0.3226412236690521 -0.4175799787044525 0.4635985682113436
[34 INFO root] -0.32207533717155457 -0.4172976613044739 0.47165780982913175
[34 INFO root] -0.32147297263145447 -0.4169909954071045 0.4788801574576461
[34 INFO root] -0.3208334743976593 -0.41665953397750854 0.48519243808668133
[34 INFO root] -0.32015734910964966 -0.4163035750389099 0.4905585624283586
[34 INFO root] -0.3194462060928345 -0.41592422127723694 0.4949872297225935
[34 INFO root] -0.3187030851840973 -0.4155234694480896 0.4985371502644127
[34 INFO root] -0.31793251633644104 -0.41510429978370667 0.5013188365330622
[34 INFO root] -0.31714048981666565 -0.41467055678367615 0.5034921452304418
[34 INFO root] -0.31633463501930237 -0.41422685980796814 0.5052590102175971
[34 INFO root] -0.3155239522457123 -0.4137786328792572 0.5068523829935895
[34 INFO root] -0.314718633890152 -0.41333165764808655 0.5085214865004231
[34 INFO root] -0.31392961740493774 -0.41289201378822327 0.510514603846575
[34 INFO root] -0.31316787004470825 -0.4124656319618225 0.5130616152469296
[34 INFO root] -0.3124438226222992 -0.4120579659938812 0.5163589305920565
[34 INFO root] -0.31176647543907166 -0.41167372465133667 0.5205591952846311
[34 INFO root] -0.31114286184310913 -0.41131657361984253 0.5257671303281523
[34 INFO root] -0.3105776309967041 -0.41098901629447937 0.5320414222004264
[34 INFO root] -0.31007298827171326 -0.410692423582077 0.5394012716684794
[34 INFO root] -0.30962875485420227 -0.4104270040988922 0.5478355170419679
[34 INFO root] -0.30924278497695923 -0.41019201278686523 0.5573122843781639
[34 INFO root] -0.30891138315200806 -0.4099859893321991 0.5677876631967816
[34 INFO root] -0.3086298108100891 -0.40980684757232666 0.5792126141918382
[34 INFO root] -0.3083926737308502 -0.4096522033214569 0.5915379181893784
[34 INFO root] -0.3081943094730377 -0.40951937437057495 0.6047173579005153
[34 INFO root] -0.3080291748046875 -0.4094056189060211 0.6187094980271693
[34 INFO root] -0.3078919053077698 -0.40930819511413574 0.6334785381752497
[34 INFO root] -0.3077779710292816 -0.40922483801841736 0.6489943848815982
[34 INFO root] -0.3076832890510559 -0.4091532826423645 0.6652278017845794
[34 INFO root] -0.3076038956642151 -0.4090912342071533 0.6821488272612634
[34 INFO root] -0.3075360655784607 -0.4090363383293152 0.6997261903117253
[34 INFO root] -0.30747634172439575 -0.40898627042770386 0.7179266514111436
[34 INFO root] -0.3074215352535248 -0.40893861651420593 0.7367142013234204
[34 INFO root] -0.3073687255382538 -0.40889087319374084 0.7560491770061831
[34 INFO root] -0.30731523036956787 -0.4088406264781952 0.775887357599768
[34 INFO root] -0.3072585463523865 -0.40878522396087646 0.7961791034163039
[34 INFO root] -0.3071965277194977 -0.40872207283973694 0.8168686022495028
[34 INFO root] -0.3071271479129791 -0.40864846110343933 0.8378932886138494
[34 INFO root] -0.3070486783981323 -0.4085615873336792 0.8591835005995703
[34 INFO root] -0.3069595694541931 -0.4084586799144745 0.8806624337657691
[34 INFO root] -0.306858628988266 -0.4083368480205536 0.9022464401265414
[34 INFO root] -0.3067448139190674 -0.40819332003593445 0.923845701881062
[34 INFO root] -0.3066174387931824 -0.4080253839492798 0.945365284423149
[34 INFO root] -0.30647602677345276 -0.4078303277492523 0.9667054767711197
[34 INFO root] -0.30632027983665466 -0.4076055884361267 0.987757593033107
[34 INFO root] -0.30615028738975525 -0.4073488712310791 1.008414850169572
[34 INFO root] -0.3059663772583008 -0.4070582687854767 1.0285770995067356
[34 INFO root] -0.3057692050933838 -0.40673235058784485 1.0481529493555037
[34 INFO root] -0.3055596649646759 -0.4063701629638672 1.0670612364397534
[34 INFO root] -0.3053388297557831 -0.40597113966941833 1.085231998327419
[34 INFO root] -0.30510786175727844 -0.4055352210998535 1.1026069619683305
[34 INFO root] -0.3048679232597351 -0.4050626754760742 1.1191395939081887
[34 INFO root] -0.30462026596069336 -0.404554158449173 1.1347947806546972
[34 INFO root] -0.30436602234840393 -0.4040105938911438 1.1495482189862078
[34 INFO root] -0.30410632491111755 -0.4034331440925598 1.1633855974397571
[34 INFO root] -0.30384209752082825 -0.4028231203556061 1.1763016443983576
[34 INFO root] -0.30357426404953003 -0.40218204259872437 1.188299107870087
[34 INFO root] -0.3033035695552826 -0.40151140093803406 1.1993877196328044
[34 INFO root] -0.3030306398868561 -0.40081286430358887 1.2095831837550772
[34 INFO root] -0.3027559816837311 -0.40008801221847534 1.2189062178231678
[34 INFO root] -0.30247998237609863 -0.3993384838104248 1.2273816651858656
[34 INFO root] -0.3021993041038513 -0.39855554699897766 1.2339281613506872
[34 INFO root] -0.30191299319267273 -0.3977396786212921 1.2383536881238226
[34 INFO root] -0.30162063241004944 -0.39689409732818604 1.2407703494968312
[34 INFO root] -0.3013215959072113 -0.3960217833518982 1.2413170686890882
[34 INFO root] -0.30101507902145386 -0.39512550830841064 1.2401371118513373
[34 INFO root] -0.3007001280784607 -0.394207626581192 1.2373771333435373
[34 INFO root] -0.3003758192062378 -0.39327046275138855 1.2331861682399015
[34 INFO root] -0.30004119873046875 -0.3923160135746002 1.2277144649325358
[34 INFO root] -0.2996954023838043 -0.3913463354110718 1.221112193593776
[34 INFO root] -0.2993376553058624 -0.39036327600479126 1.2135280710299874
[34 INFO root] -0.29896724224090576 -0.3893687427043915 1.2051079465334744
[34 INFO root] -0.2985836863517761 -0.3883645236492157 1.19599339618853
[34 INFO root] -0.29818660020828247 -0.38735246658325195 1.1863203740675614
[34 INFO root] -0.2977757751941681 -0.3863343298435211 1.1762179673355064
[34 INFO root] -0.297351211309433 -0.38531187176704407 1.1658072981770315
[34 INFO root] -0.2969130277633667 -0.3842867910861969 1.155200608704014
[34 INFO root] -0.2964614927768707 -0.38326069712638855 1.1445005559657646
[34 INFO root] -0.29599708318710327 -0.38223519921302795 1.1337997335458012
[34 INFO root] -0.2955203354358673 -0.3812117278575897 1.1231804248648514
[34 INFO root] -0.29503190517425537 -0.3801916539669037 1.1127145821728393
[34 INFO root] -0.29453253746032715 -0.37917616963386536 1.102464015195344
[34 INFO root] -0.2940230369567871 -0.3781663775444031 1.0924807652187296
[34 INFO root] -0.2935042083263397 -0.37716326117515564 1.082807634516831
[34 INFO root] -0.29297691583633423 -0.37616756558418274 1.0734788376231534
[34 INFO root] -0.2924420237541199 -0.3751800060272217 1.064520739954206
[34 INFO root] -0.2919003963470459 -0.37420105934143066 1.0559526503973193
[34 INFO root] -0.291352778673172 -0.3732311427593231 1.0477876372551698
[34 INFO root] -0.29079994559288025 -0.37227052450180054 1.040033340889331
[34 INFO root] -0.29024267196655273 -0.37131932377815247 1.0326927610291596
[34 INFO root] -0.2896815538406372 -0.37037765979766846 1.0257650015662074
[34 INFO root] -0.2891172468662262 -0.36944541335105896 1.019245960378479
[34 INFO root] -0.28855323791503906 -0.3685273230075836 1.0132914302004317
[34 INFO root] -0.2879936993122101 -0.36762866377830505 1.0080716488732373
[34 INFO root] -0.2874421775341034 -0.3667532503604889 1.0037046143930761
[34 INFO root] -0.28690147399902344 -0.36590343713760376 1.0002587149220799
[34 INFO root] -0.2863737642765045 -0.36508047580718994 0.9977650792809246
[34 INFO root] -0.2858605682849884 -0.3642846643924713 0.9962281486157241
[34 INFO root] -0.2853628396987915 -0.3635156452655792 0.9956339659267183
[34 INFO root] -0.28488123416900635 -0.3627726137638092 0.9959565258236459
[34 INFO root] -0.28441596031188965 -0.3620544373989105 0.997162545259931
[34 INFO root] -0.283966988325119 -0.36135977506637573 0.9992149809870348
[34 INFO root] -0.28353413939476013 -0.36068713665008545 1.002075570935148
[34 INFO root] -0.28311705589294434 -0.3600350022315979 1.0057066258858076
[34 INFO root] -0.2827152609825134 -0.3594018518924713 1.0100722503232231
[34 INFO root] -0.2823282480239868 -0.3587861657142639 1.0151391296964638
[34 INFO root] -0.2819554805755615 -0.3581865131855011 1.0208762217481986
[34 INFO root] -0.2815963327884674 -0.3576013743877411 1.0272518864913045
[34 INFO root] -0.2812500596046448 -0.3570291996002197 1.0342342097917796
[34 INFO root] -0.2809160351753235 -0.3564684987068176 1.0417922784587812
[34 INFO root] -0.2805935740470886 -0.3559178113937378 1.0498971385277873
[34 INFO root] -0.28028199076652527 -0.3553757965564728 1.0585223545598434
[34 INFO root] -0.27998071908950806 -0.3548411726951599 1.067644258391858
[34 INFO root] -0.2796891927719116 -0.3543126583099365 1.0772419557847708
[34 INFO root] -0.27940693497657776 -0.35378921031951904 1.0872971337025006
[34 INFO root] -0.27913346886634827 -0.35326969623565674 1.097793691920466
[34 INFO root] -0.2788684368133545 -0.3527531325817108 1.108717209301731
[34 INFO root] -0.2786114513874054 -0.3522385358810425 1.1200542464216463
[34 INFO root] -0.2783621549606323 -0.3517249822616577 1.131791481749029
[34 INFO root] -0.2781203091144562 -0.35121145844459534 1.143914890166166
[34 INFO root] -0.2778855562210083 -0.3506970703601837 1.1564094879878677
[34 INFO root] -0.27765771746635437 -0.35018080472946167 1.1692592120253715
[34 INFO root] -0.2774365246295929 -0.34966176748275757 1.1824466484455673
[34 INFO root] -0.27722182869911194 -0.34913894534111023 1.195952557066017
[34 INFO root] -0.2770134508609772 -0.34861138463020325 1.2097552081356677
[34 INFO root] -0.27681124210357666 -0.3480781018733978 1.223829572041854
[34 INFO root] -0.27661511301994324 -0.3475380539894104 1.2381464167040912
[34 INFO root] -0.27642497420310974 -0.3469902276992798 1.2526713760717159
[34 INFO root] -0.2762407660484314 -0.3464335501194 1.2673640544578086
[34 INFO root] -0.2760624587535858 -0.3458668887615204 1.2821772239646543
[34 INFO root] -0.2758899927139282 -0.3452891409397125 1.297058698523105
[34 INFO root] -0.2757234573364258 -0.34469935297966003 1.3119576631732317
[34 INFO root] -0.27556294202804565 -0.34409675002098083 1.3268277199127039
[34 INFO root] -0.27540865540504456 -0.3434807360172272 1.3416277500951281
[34 INFO root] -0.2752607464790344 -0.34285086393356323 1.3563216430062817
[34 INFO root] -0.27511948347091675 -0.34220680594444275 1.3708769738290756
[34 INFO root] -0.27498507499694824 -0.34154829382896423 1.3852626439608648
[34 INFO root] -0.274857759475708 -0.34087520837783813 1.3994453172830168
[34 INFO root] -0.27473771572113037 -0.3401872515678406 1.4133847346133892
[34 INFO root] -0.27462512254714966 -0.3394841253757477 1.427029034507081
[34 INFO root] -0.2745200991630554 -0.3387654721736908 1.440311096784603
[34 INFO root] -0.2744227349758148 -0.3380308151245117 1.4531468954156406
[34 INFO root] -0.2743329703807831 -0.3372795879840851 1.465455351930672
[34 INFO root] -0.2742507755756378 -0.3365110754966736 1.4771645139271177
[34 INFO root] -0.2741760015487671 -0.3357246220111847 1.4881803418856243
[34 INFO root] -0.2741084694862366 -0.33491963148117065 1.4983887581330808
[34 INFO root] -0.2740478813648224 -0.33409571647644043 1.507666180316704
[34 INFO root] -0.2739938199520111 -0.3332527279853821 1.5158893882232047
[34 INFO root] -0.27394577860832214 -0.33239084482192993 1.5229486556825236
[34 INFO root] -0.2739029824733734 -0.331510454416275 1.528755008558905
[34 INFO root] -0.2738646864891052 -0.3306122124195099 1.533242713378103
[34 INFO root] -0.2738299071788788 -0.3296968638896942 1.5363690682783961
[34 INFO root] -0.27379754185676575 -0.32876527309417725 1.5381120229983993
[34 INFO root] -0.2737663984298706 -0.3278183043003082 1.5384670396114593
[34 INFO root] -0.27373528480529785 -0.3268567621707916 1.5374440375884637
[34 INFO root] -0.27370283007621765 -0.3258814215660095 1.535064671098391
[34 INFO root] -0.27366772294044495 -0.324893057346344 1.5313600453341698
[34 INFO root] -0.2736286222934723 -0.3238922953605652 1.5263689529842408
[34 INFO root] -0.2735840976238251 -0.322879821062088 1.5201366714471358
[34 INFO root] -0.27353283762931824 -0.32185623049736023 1.5127143140403794
[34 INFO root] -0.27347347140312195 -0.32082217931747437 1.5041586919129866
[34 INFO root] -0.27340492606163025 -0.319781631231308 1.495110868828009
[34 INFO root] -0.27332696318626404 -0.3187412619590759 1.4866684429281019
[34 INFO root] -0.27324026823043823 -0.3177027106285095 1.4789900638340692
[34 INFO root] -0.2731457054615021 -0.3166668713092804 1.472121743043996
[34 INFO root] -0.27304425835609436 -0.31563466787338257 1.466105271024367
[34 INFO root] -0.2729369103908539 -0.31460699439048767 1.4609779769334745
[34 INFO root] -0.2728247046470642 -0.31358465552330017 1.4567725980387622
[34 INFO root] -0.2727087438106537 -0.312568336725235 1.4535172156204461
[34 INFO root] -0.27259013056755066 -0.31155869364738464 1.4512352502228039
[34 INFO root] -0.2724699378013611 -0.31055623292922974 1.4499455118138334
[34 INFO root] -0.2723492383956909 -0.3095613718032837 1.4496623001129019
[34 INFO root] -0.2722284197807312 -0.3085685670375824 1.4496440580596366
[34 INFO root] -0.2721075713634491 -0.30757591128349304 1.4496440580596366
[34 INFO root] -0.271986722946167 -0.3065832257270813 1.4496440580596366
[34 INFO root] -0.2718658447265625 -0.30559056997299194 1.4496440580596366
[34 INFO root] -0.2717449963092804 -0.3045978844165802 1.4496440580596366
[34 INFO root] -0.2716241478919983 -0.30360522866249084 1.4496440580596366
[34 INFO root] -0.2715032994747162 -0.3026125431060791 1.4496440580596366
[34 INFO root] -0.2713824212551117 -0.30161988735198975 1.4496440580596366
[34 INFO root] -0.2712615728378296 -0.300627201795578 1.4496440580596366
[34 INFO root] -0.2711407244205475 -0.29963454604148865 1.4496440580596366
[34 INFO root] -0.2710198760032654 -0.2986418604850769 1.4496440580596366
[34 INFO root] -0.2708989977836609 -0.29764920473098755 1.4496440580596366
[34 INFO root] -0.2707781493663788 -0.2966565191745758 1.4496440580596366
[34 INFO root] -0.27065739035606384 -0.29566454887390137 1.4499174064973255
[34 INFO root] -0.27053704857826233 -0.2946741282939911 1.450878881422124
[34 INFO root] -0.27041780948638916 -0.29368534684181213 1.4527826253093816
[34 INFO root] -0.27030056715011597 -0.29269808530807495 1.455923007952562
[34 INFO root] -0.2701864540576935 -0.29171180725097656 1.4606528388360867
[34 INFO root] -0.2700768709182739 -0.29072538018226624 1.4673679905350039
[34 INFO root] -0.26997360587120056 -0.28973689675331116 1.4764835592670553
[34 INFO root] -0.26987871527671814 -0.28874334692955017 1.4884060050745742
[34 INFO root] -0.2697947025299072 -0.28774043917655945 1.5034979501387777
[34 INFO root] -0.269724577665329 -0.28672271966934204 1.5220403579727808
[34 INFO root] -0.2696719765663147 -0.28568342328071594 1.544194864430776
[34 INFO root] -0.269641250371933 -0.28461506962776184 1.569971762300444
[34 INFO root] -0.2696375548839569 -0.2835099697113037 1.59921111086775
[34 INFO root] -0.26966696977615356 -0.2823610305786133 1.6315804117022457
[34 INFO root] -0.2697361707687378 -0.28116270899772644 1.666589863689921
[34 INFO root] -0.2698521316051483 -0.2799118459224701 1.7036235256103482
[34 INFO root] -0.27002158761024475 -0.2786082923412323 1.741982149748697
[34 INFO root] -0.2702503502368927 -0.2772553265094757 1.7809318422945586
[34 INFO root] -0.27054256200790405 -0.27585941553115845 1.8197523616473408
[34 INFO root] -0.27090030908584595 -0.2744297683238983 1.857779583419065
[34 INFO root] -0.271303653717041 -0.2730432450771332 1.891746206223288
[34 INFO root] -0.2717323899269104 -0.27173808217048645 1.9205334722144807
[34 INFO root] -0.27217286825180054 -0.2705188989639282 1.944465712341203
[34 INFO root] -0.27261433005332947 -0.26938456296920776 1.9639934363031895
[34 INFO root] -0.2730483114719391 -0.2683321535587311 1.979527789108155
[34 INFO root] -0.2734684348106384 -0.2673577666282654 1.9914275605789578
[34 INFO root] -0.2738698124885559 -0.26645737886428833 1.9999929361572275
[34 INFO root] -0.2742493748664856 -0.26562604308128357 2.005517451789864
[34 INFO root] -0.27459627389907837 -0.2648777365684509 2.0084290710963155
[34 INFO root] -0.2748863697052002 -0.2642572224140167 2.0094939079197602
[34 INFO root] -0.2751242220401764 -0.2637501060962677 2.0089994133785867
[34 INFO root] -0.27531683444976807 -0.2633390724658966 2.0070608905869762
[34 INFO root] -0.2754702568054199 -0.2630102336406708 2.0037216362508246
[34 INFO root] -0.2755891978740692 -0.26275312900543213 1.9989472162660622
[34 INFO root] -0.27567774057388306 -0.2625594437122345 1.9926424873972695
[34 INFO root] -0.27573949098587036 -0.2624221444129944 1.984676870853858
[34 INFO root] -0.27577832341194153 -0.26233407855033875 1.974913196466675
[34 INFO root] -0.2757984399795532 -0.2622872292995453 1.9632411269046635
[34 INFO root] -0.2758048176765442 -0.2622719407081604 1.9496135071717213
[34 INFO root] -0.27580294013023376 -0.2622767388820648 1.9340807507237248
[34 INFO root] -0.27579832077026367 -0.262288898229599 1.9168141220854547
[34 INFO root] -0.27579590678215027 -0.2622954845428467 1.8981083433351797
[34 INFO root] -0.27579936385154724 -0.2622852623462677 1.8783851839067907
[34 INFO root] -0.27581048011779785 -0.26225030422210693 1.8580899138485278
[34 INFO root] -0.2758294939994812 -0.26218628883361816 1.8376265490636445
[34 INFO root] -0.2758554518222809 -0.26209184527397156 1.8173290886149966
[34 INFO root] -0.2758868634700775 -0.2619679272174835 1.7974528014562572
[34 INFO root] -0.27592191100120544 -0.261817067861557 1.7781786912058324
[34 INFO root] -0.27595892548561096 -0.26164260506629944 1.7596252965045733
[34 INFO root] -0.2759963870048523 -0.2614484131336212 1.7418632490551678
[34 INFO root] -0.2760330140590668 -0.2612384259700775 1.7249293617254915
[34 INFO root] -0.2760678231716156 -0.26101669669151306 1.708838386600208
[34 INFO root] -0.2761000692844391 -0.2607872784137726 1.6935799103386366
[34 INFO root] -0.27612897753715515 -0.26055601239204407 1.679018374040269
[34 INFO root] -0.2761540412902832 -0.2603282630443573 1.665013646092505
[34 INFO root] -0.27617505192756653 -0.2601093649864197 1.6514502912928333
[34 INFO root] -0.2761918902397156 -0.2599049508571625 1.638235464626194
[34 INFO root] -0.2762046754360199 -0.2597196698188782 1.625306059649473
[34 INFO root] -0.27621379494667053 -0.2595568299293518 1.6126283783520419
[34 INFO root] -0.27621978521347046 -0.2594185173511505 1.6001970729105912
[34 INFO root] -0.2762233316898346 -0.2593038082122803 1.5880880263600328
[34 INFO root] -0.2762250602245331 -0.2592114508152008 1.5763523379697477
[34 INFO root] -0.27622556686401367 -0.25914013385772705 1.5650197909334345
[34 INFO root] -0.27622532844543457 -0.2590882182121277 1.5541264756368478
[34 INFO root] -0.276224821805954 -0.2590538263320923 1.5437207924492746
[34 INFO root] -0.2762243449687958 -0.2590348422527313 1.5338638161893516
[34 INFO root] -0.27622413635253906 -0.25902917981147766 1.5246286476797855
[34 INFO root] -0.27622440457344055 -0.2590346932411194 1.5160991604804184
[34 INFO root] -0.276225209236145 -0.25904935598373413 1.508368308802497
[34 INFO root] -0.27622655034065247 -0.2590712606906891 1.501536149332093
[34 INFO root] -0.2762284576892853 -0.25909867882728577 1.495707699931431
[34 INFO root] -0.2762307822704315 -0.2591300904750824 1.490990514968806
[34 INFO root] -0.2762334942817688 -0.25916415452957153 1.48749066693278
[34 INFO root] -0.2762366235256195 -0.2592014670372009 1.4852805043972657
[34 INFO root] -0.27624014019966125 -0.25924286246299744 1.4844206427092823
[34 INFO root] -0.2762441337108612 -0.25928887724876404 1.4849666003724677
[34 INFO root] -0.2762485146522522 -0.25933974981307983 1.4869671096120394
[34 INFO root] -0.27625319361686707 -0.25939521193504333 1.4904613495911896
[34 INFO root] -0.2762579917907715 -0.2594546675682068 1.4954759287646675
[34 INFO root] -0.27626273036003113 -0.25951701402664185 1.50202154054959
[34 INFO root] -0.2762671411037445 -0.2595806121826172 1.5100893039397945
[34 INFO root] -0.2762710154056549 -0.25964340567588806 1.5196469191223376
[34 INFO root] -0.2762741148471832 -0.2597028613090515 1.5306343412902939
[34 INFO root] -0.2762763202190399 -0.259755939245224 1.5429590881485116
[34 INFO root] -0.2762776017189026 -0.25979939103126526 1.556491523309438
[34 INFO root] -0.2762780785560608 -0.2598297894001007 1.5710606257789521
[34 INFO root] -0.2762781083583832 -0.2598436772823334 1.586450899931791
[34 INFO root] -0.27627822756767273 -0.2598380446434021 1.6024011594715792
[34 INFO root] -0.276279091835022 -0.25981011986732483 1.618605006620495
[34 INFO root] -0.27628153562545776 -0.259758323431015 1.6347149314392313
[34 INFO root] -0.27628591656684875 -0.25968852639198303 1.6492273397996842
[34 INFO root] -0.27629250288009644 -0.2596033215522766 1.66158385082277
[34 INFO root] -0.2763012647628784 -0.2595056891441345 1.671385764511329
[34 INFO root] -0.2763116657733917 -0.259401798248291 1.6782362907566026
[34 INFO root] -0.27632269263267517 -0.25929883122444153 1.6817457594409517
[34 INFO root] -0.2763332724571228 -0.2592035233974457 1.681540698721387
[34 INFO root] -0.2763424217700958 -0.25912144780158997 1.6772699900172923
[34 INFO root] -0.27634942531585693 -0.25905612111091614 1.668609430168914
[34 INFO root] -0.27635905146598816 -0.2589585483074188 1.6591476582298168
[34 INFO root] -0.276371031999588 -0.2588243782520294 1.6495154123250488
[34 INFO root] -0.27638426423072815 -0.25865837931632996 1.6397223645005778
[34 INFO root] -0.2763977646827698 -0.25846508145332336 1.62974839571006
[34 INFO root] -0.2764107584953308 -0.25824832916259766 1.61957176632638
[34 INFO root] -0.27642256021499634 -0.25801125168800354 1.6091705080680625
[34 INFO root] -0.276432603597641 -0.25775641202926636 1.5985233721033454
[34 INFO root] -0.2764403820037842 -0.2574858069419861 1.5876103955345393
[34 INFO root] -0.2764454483985901 -0.2572009563446045 1.5764131805124735
[34 INFO root] -0.27644744515419006 -0.2569030523300171 1.5649149645146803
[34 INFO root] -0.27644598484039307 -0.25659289956092834 1.5531005452120414
[34 INFO root] -0.27644065022468567 -0.2562711238861084 1.5409561102794636
[34 INFO root] -0.2764311134815216 -0.25593817234039307 1.5284690120657656
[34 INFO root] -0.27641695737838745 -0.25559428334236145 1.5156275190483963
[34 INFO root] -0.27639782428741455 -0.25523966550827026 1.5024205699721371
[34 INFO root] -0.2763732671737671 -0.2548743486404419 1.4888375519583343
[34 INFO root] -0.27634289860725403 -0.2544984519481659 1.474868120182153
[34 INFO root] -0.27630624175071716 -0.25411197543144226 1.460502073565519
[34 INFO root] -0.2762628197669983 -0.253714919090271 1.445729298054817
[34 INFO root] -0.2762121558189392 -0.2533072531223297 1.4305397862845266
[34 INFO root] -0.2761537432670593 -0.252888947725296 1.4149237397019783
[34 INFO root] -0.2760869860649109 -0.25245994329452515 1.3988717565461977
[34 INFO root] -0.2760113477706909 -0.2520201802253723 1.382375106485249
[34 INFO root] -0.2759261727333069 -0.25156956911087036 1.365426595809305
[34 INFO root] -0.27583080530166626 -0.25110793113708496 1.3480211755291907
[34 INFO root] -0.27572453022003174 -0.250635027885437 1.330156241396535
[34 INFO root] -0.27560654282569885 -0.2501506805419922 1.311831890775463
[34 INFO root] -0.2754760682582855 -0.24965457618236542 1.2930512311027502
[34 INFO root] -0.2753322124481201 -0.2491464465856552 1.2738207530311345
[34 INFO root] -0.27517402172088623 -0.2486260086297989 1.2541507668532037
[34 INFO root] -0.2750004827976227 -0.24809297919273376 1.2340558975175067
[34 INFO root] -0.2748105823993683 -0.24754710495471954 1.2135556309121578
[34 INFO root] -0.2746032178401947 -0.24698813259601593 1.1926749011577111
[34 INFO root] -0.2743772268295288 -0.2464158833026886 1.171444705275544
[34 INFO root] -0.2741314768791199 -0.2458302080631256 1.1499027277115048
[34 INFO root] -0.2738647758960724 -0.245231032371521 1.1280940201459442
[34 INFO root] -0.27357590198516846 -0.24461834132671356 1.106071796499968
[34 INFO root] -0.27326369285583496 -0.24399226903915405 1.0838979674531508
[34 INFO root] -0.27292701601982117 -0.24335302412509918 1.0616434946356377
[34 INFO root] -0.2725648581981659 -0.2427009493112564 1.0393885939224496
[34 INFO root] -0.27221915125846863 -0.24210956692695618 1.0189223466371613
[34 INFO root] -0.27194395661354065 -0.24165990948677063 1.0021617695256584
[34 INFO root] -0.2717382609844208 -0.24133647978305817 0.9888873369045518
[34 INFO root] -0.27159327268600464 -0.24111516773700714 0.9787132233024334
[34 INFO root] -0.27149975299835205 -0.24097570776939392 0.9713360951944049
[34 INFO root] -0.2714490592479706 -0.24090127646923065 0.9665217400467434
[34 INFO root] -0.2714330554008484 -0.24087803065776825 0.9640914147291607
[34 INFO root] -0.27144449949264526 -0.24089451134204865 0.9639105131137596
[34 INFO root] -0.27147701382637024 -0.2409413456916809 0.9658800195479849
[34 INFO root] -0.2715250253677368 -0.24101077020168304 0.969929559669397
[34 INFO root] -0.2715837359428406 -0.2410963922739029 0.9760115173351601
[34 INFO root] -0.2716490924358368 -0.24119284749031067 0.9840962555236006
[34 INFO root] -0.27171751856803894 -0.24129560589790344 0.9941683127838216
[34 INFO root] -0.27178603410720825 -0.24140076339244843 1.0062233736472128
[34 INFO root] -0.27185213565826416 -0.24150484800338745 1.0202658305544923
[34 INFO root] -0.27191367745399475 -0.2416047304868698 1.0363067844712839
[34 INFO root] -0.2719687819480896 -0.24169747531414032 1.0543623490628338
[34 INFO root] -0.2720160186290741 -0.24178025126457214 1.0744521434750383
[34 INFO root] -0.27205410599708557 -0.24185022711753845 1.0965978898714788
[34 INFO root] -0.27208271622657776 -0.2419055551290512 1.120675906184043
[34 INFO root] -0.27210408449172974 -0.24194948375225067 1.1458759812658856
[34 INFO root] -0.2721182703971863 -0.24198049306869507 1.1721307594357853
[34 INFO root] -0.27212509512901306 -0.24199649691581726 1.1994610542743804
[34 INFO root] -0.2721247375011444 -0.2419954538345337 1.2278884502598797
[34 INFO root] -0.2721175253391266 -0.24197524785995483 1.2574350270922139
[34 INFO root] -0.2721039950847626 -0.24193374812602997 1.288122563575121
[34 INFO root] -0.27208495140075684 -0.2418687343597412 1.3199716799691985
[34 INFO root] -0.27206146717071533 -0.24177789688110352 1.3530008999134624
[34 INFO root] -0.27203482389450073 -0.241659015417099 1.3872327417641879
[34 INFO root] -0.27200692892074585 -0.24151106178760529 1.4227357485541905
[34 INFO root] -0.27197980880737305 -0.24133293330669403 1.4595875034642591
[34 INFO root] -0.2719556987285614 -0.24112316966056824 1.4978636727777557
[34 INFO root] -0.2719371020793915 -0.24087989330291748 1.5376363618155546
[34 INFO root] -0.2719268500804901 -0.24060089886188507 1.5789727363577823
[34 INFO root] -0.2719282805919647 -0.24028366804122925 1.6219331284037646
[34 INFO root] -0.27194517850875854 -0.23992662131786346 1.666640738432411
[34 INFO root] -0.2719819247722626 -0.23952767252922058 1.7132118231915496
[34 INFO root] -0.2720436453819275 -0.239083930850029 1.761727666368289
[34 INFO root] -0.27213650941848755 -0.23859192430973053 1.812228984287602
[34 INFO root] -0.27226778864860535 -0.2380479872226715 1.864711514929135
[34 INFO root] -0.2724460959434509 -0.23744866251945496 1.9191203128970855
[34 INFO root] -0.27268123626708984 -0.23679111897945404 1.9753426403571772
[34 INFO root] -0.272984117269516 -0.23607361316680908 2.033200283702039
[34 INFO root] -0.2733665704727173 -0.2352961003780365 2.0924426507793816
[34 INFO root] -0.2738408148288727 -0.23446060717105865 2.1527421916362295
[34 INFO root] -0.27441859245300293 -0.23357179760932922 2.2136939136038793
[34 INFO root] -0.27511054277420044 -0.2326371669769287 2.274820818803368
[34 INFO root] -0.275924950838089 -0.23166705667972565 2.3355867440594675
[34 INFO root] -0.2768667936325073 -0.2306743562221527 2.395417187706176
[34 INFO root] -0.27790212631225586 -0.22970600426197052 2.4533626930422954
[34 INFO root] -0.2789982557296753 -0.2287939190864563 2.5089209545041014
[34 INFO root] -0.28013789653778076 -0.22794850170612335 2.5619847640325197
[34 INFO root] -0.281305730342865 -0.2271750122308731 2.6125655482241634
[34 INFO root] -0.282487690448761 -0.22647583484649658 2.660746476529106
[34 INFO root] -0.2836715281009674 -0.22585080564022064 2.7066640191518303
[34 INFO root] -0.28484731912612915 -0.22529777884483337 2.7504894724592996
[34 INFO root] -0.28600749373435974 -0.22481323778629303 2.7924119723247127
[34 INFO root] -0.28714698553085327 -0.22439277172088623 2.832624195507248
[34 INFO root] -0.2882627546787262 -0.22403152287006378 2.8713112118576554
[34 INFO root] -0.2893536686897278 -0.2237245738506317 2.908642395002837
[34 INFO root] -0.29042020440101624 -0.22346720099449158 2.9447659573707727
[34 INFO root] -0.2914639115333557 -0.22325505316257477 2.979805551931857
[34 INFO root] -0.29248741269111633 -0.2230842262506485 3.01385842061814
[34 INFO root] -0.2934938967227936 -0.22295141220092773 3.046994709110504
[34 INFO root] -0.2944870591163635 -0.22285380959510803 3.0792577543992405
[34 INFO root] -0.29547080397605896 -0.22278918325901031 3.1106653278326903
[34 INFO root] -0.2964490056037903 -0.22275583446025848 3.1412119258623497
[34 INFO root] -0.2974254786968231 -0.22275246679782867 -3.1123131059993296
[34 INFO root] -0.29840365052223206 -0.22277821600437164 -3.0835797970721703
[34 INFO root] -0.2993864119052887 -0.22283248603343964 -3.055822019562699
[34 INFO root] -0.3003750741481781 -0.22291474044322968 -3.0290670682103102
[34 INFO root] -0.3013703525066376 -0.22302454710006714 -3.0033347034817
[34 INFO root] -0.30237263441085815 -0.22316139936447144 -2.978640419322336
[34 INFO root] -0.3033820390701294 -0.22332482039928436 -2.9549950675234515
[34 INFO root] -0.30439841747283936 -0.22351424396038055 -2.932404641508012
[34 INFO root] -0.3054215908050537 -0.22372905910015106 -2.9108703641784404
[34 INFO root] -0.30645114183425903 -0.22396859526634216 -2.890388981520728
[34 INFO root] -0.30748450756073 -0.2242315411567688 -2.870875346026298
[34 INFO root] -0.30851680040359497 -0.2245158851146698 -2.852146985880107
[34 INFO root] -0.30954426527023315 -0.22481977939605713 -2.834023192565669
[34 INFO root] -0.31056445837020874 -0.22514179348945618 -2.8163491098901208
[34 INFO root] -0.31157609820365906 -0.22548095881938934 -2.798996825356015
[34 INFO root] -0.312579482793808 -0.2258368581533432 -2.781896795406144
[34 INFO root] -0.31357574462890625 -0.22620956599712372 -2.765024335556453
[34 INFO root] -0.3145660161972046 -0.22659921646118164 -2.748369864799096
[34 INFO root] -0.31554341316223145 -0.22700275480747223 -2.7326144534713537
[34 INFO root] -0.31649839878082275 -0.22741484642028809 -2.718710365038366
[34 INFO root] -0.31743231415748596 -0.2278335690498352 -2.706753273805867
[34 INFO root] -0.31834787130355835 -0.22825747728347778 -2.696747690474481
[34 INFO root] -0.31924766302108765 -0.22868530452251434 -2.688704885952032
[34 INFO root] -0.3201342225074768 -0.229115828871727 -2.682642143511795
[34 INFO root] -0.3210100531578064 -0.22954794764518738 -2.678581949559181
[34 INFO root] -0.32187768816947937 -0.22998063266277313 -2.6765510403032953
[34 INFO root] -0.3227396309375763 -0.23041288554668427 -2.6765792374289044
[34 INFO root] -0.3235985040664673 -0.23084379732608795 -2.678698044379318
[34 INFO root] -0.3244568705558777 -0.2312723994255066 -2.6829390070192045
[34 INFO root] -0.3253174424171448 -0.23169778287410736 -2.6893318687746866
[34 INFO root] -0.3261829614639282 -0.23211896419525146 -2.697902582536152
[34 INFO root] -0.3270561695098877 -0.23253491520881653 -2.7086712619387514
[34 INFO root] -0.3279397487640381 -0.23294441401958466 -2.7216622696358153
[34 INFO root] -0.3288363814353943 -0.2333461493253708 -2.736896590843894
[34 INFO root] -0.32974883913993835 -0.23373861610889435 -2.754386776735431
[34 INFO root] -0.3306799530982971 -0.2341201901435852 -2.7741347860246868
[34 INFO root] -0.331632524728775 -0.23448900878429413 -2.79613054353332
[34 INFO root] -0.3326094448566437 -0.23484300076961517 -2.8203508538295066
[34 INFO root] -0.3336135149002075 -0.23517976701259613 -2.8467583509047234
[34 INFO root] -0.33464744687080383 -0.23549669981002808 -2.875300256791882
[34 INFO root] -0.3357138931751251 -0.23579078912734985 -2.9059068067228897
[34 INFO root] -0.33680737018585205 -0.2360568791627884 -2.9382012410763227
[34 INFO root] -0.33792418241500854 -0.23629093170166016 -2.9718913449255915
[34 INFO root] -0.3390670418739319 -0.2364906668663025 -3.006907801657555
[34 INFO root] -0.3402389585971832 -0.23665356636047363 -3.04318755543079
[34 INFO root] -0.34144270420074463 -0.23677672445774078 -3.0806428945053956
[34 INFO root] -0.3426803946495056 -0.23685681819915771 -3.1191571363332637
[34 INFO root] -0.3439534902572632 -0.23689016699790955 3.1245992281811543
[34 INFO root] -0.34526270627975464 -0.23687295615673065 3.0844305256189672
[34 INFO root] -0.3466079533100128 -0.23680125176906586 3.0437279281429537
[34 INFO root] -0.3479882776737213 -0.23667125403881073 3.002724453625053
[34 INFO root] -0.34940165281295776 -0.2364794760942459 2.9616725478058217
[34 INFO root] -0.350845068693161 -0.23622289299964905 2.920836213042572
[34 INFO root] -0.3523145020008087 -0.23589928448200226 2.8804830825928525
[34 INFO root] -0.3537943661212921 -0.23551015555858612 2.8409885561553794
[34 INFO root] -0.3552575707435608 -0.23506289720535278 2.8027638559545727
[34 INFO root] -0.356697678565979 -0.23456157743930817 2.7659530373810486
[34 INFO root] -0.3581114709377289 -0.23401005566120148 2.7306393793463712
[34 INFO root] -0.3594963848590851 -0.23341239988803864 2.696876457600561
[34 INFO root] -0.36085137724876404 -0.2327723205089569 2.6647386434411104
[34 INFO root] -0.3621760904788971 -0.23209334909915924 2.6342974161363495
[34 INFO root] -0.36347079277038574 -0.2313789278268814 2.6056079056398245
[34 INFO root] -0.3647361397743225 -0.2306322604417801 2.5787094952700254
[34 INFO root] -0.3659130930900574 -0.22989429533481598 2.55777763477954
[34 INFO root] -0.36700430512428284 -0.229176864027977 2.5431094897804463
[34 INFO root] -0.3680262565612793 -0.22848229110240936 2.5342373567329926
[34 INFO root] -0.3689919114112854 -0.2278125137090683 2.5307279988950464
[34 INFO root] -0.3699122667312622 -0.22716857492923737 2.53206769339507
[34 INFO root] -0.3707970082759857 -0.2265506535768509 2.5377834557921632
[34 INFO root] -0.37165454030036926 -0.2259584218263626 2.547507448503773
[34 INFO root] -0.37249237298965454 -0.2253912389278412 2.560956848544508
[34 INFO root] -0.37331730127334595 -0.2248484194278717 2.577917645725568
[34 INFO root] -0.37413761019706726 -0.2243279367685318 2.598186739173786
[34 INFO root] -0.37496086955070496 -0.22382833063602448 2.621603050385194
[34 INFO root] -0.37579354643821716 -0.22334899008274078 2.648047544486137
[34 INFO root] -0.3766412138938904 -0.22289010882377625 2.6774325698282713
[34 INFO root] -0.3775082230567932 -0.22245286405086517 2.7096911997127386
[34 INFO root] -0.3783983886241913 -0.2220391184091568 2.7447680904727965
[34 INFO root] -0.37931546568870544 -0.2216510772705078 2.782608984723889
[34 INFO root] -0.38026320934295654 -0.2212914228439331 2.8231511835434255
[34 INFO root] -0.38124531507492065 -0.22096331417560577 2.866313779852536
[34 INFO root] -0.3822648525238037 -0.2206707000732422 2.911989160485937
[34 INFO root] -0.3833242952823639 -0.22041809558868408 2.960032013170619
[34 INFO root] -0.3844255805015564 -0.22021058201789856 3.010254716581289
[34 INFO root] -0.3855695426464081 -0.2200537770986557 3.0624257149370524
[34 INFO root] -0.38675567507743835 -0.21995362639427185 3.1162646875112334
[34 INFO root] -0.3879817724227905 -0.21991613507270813 -3.111744947211345
[34 INFO root] -0.3892437815666199 -0.21994702517986298 -3.0556119093454828
[34 INFO root] -0.3905355632305145 -0.22005122900009155 -2.9989410992787384
[34 INFO root] -0.3918517529964447 -0.22023284435272217 -2.9421541963290387
[34 INFO root] -0.3931865394115448 -0.22049492597579956 -2.885714515916181
[34 INFO root] -0.39453232288360596 -0.22083905339241028 -2.8301411063478996
[34 INFO root] -0.3958795666694641 -0.22126463055610657 -2.7759583759448483
[34 INFO root] -0.39724063873291016 -0.2217775136232376 -2.7236941340390337
[34 INFO root] -0.3986304998397827 -0.22238634526729584 -2.674011206738646
[34 INFO root] -0.40003639459609985 -0.22308774292469025 -2.6275883637684276
[34 INFO root] -0.4014424681663513 -0.22387325763702393 -2.585027483063964
[34 INFO root] -0.40283411741256714 -0.22473099827766418 -2.54682214542982
[34 INFO root] -0.4041987359523773 -0.22564660012722015 -2.5133375397918707
[34 INFO root] -0.4055265486240387 -0.2266043722629547 -2.484800155077825
[34 INFO root] -0.40681079030036926 -0.22758862376213074 -2.4612971295738735
[34 INFO root] -0.40804776549339294 -0.22858461737632751 -2.4427672627341575
[34 INFO root] -0.4092363119125366 -0.22957950830459595 -2.429030853175547
[34 INFO root] -0.4103774428367615 -0.23056264221668243 -2.4198097529371694
[34 INFO root] -0.41147372126579285 -0.23152576386928558 -2.4147427030275477
[34 INFO root] -0.4125286340713501 -0.23246286809444427 -2.4134002789467033
[34 INFO root] -0.4135461151599884 -0.2333698719739914 -2.4152998619613384
[34 INFO root] -0.41453003883361816 -0.2342441976070404 -2.4199208651202704
[34 INFO root] -0.41548389196395874 -0.2350844293832779 -2.4267204665588316
[34 INFO root] -0.4164104759693146 -0.23588988184928894 -2.4351498675498893
[34 INFO root] -0.41731172800064087 -0.23666031658649445 -2.444670713839776
[34 INFO root] -0.4181886613368988 -0.23739580810070038 -2.4547709282047023
[34 INFO root] -0.41904136538505554 -0.23809652030467987 -2.464943382278391
[34 INFO root] -0.41986924409866333 -0.23876287043094635 -2.47473950308363
[34 INFO root] -0.4206711947917938 -0.23939543962478638 -2.4837843107702495
[34 INFO root] -0.4214458167552948 -0.2399950623512268 -2.4917752030013
[34 INFO root] -0.4221915304660797 -0.24056273698806763 -2.4984947038851453
[34 INFO root] -0.42290690541267395 -0.24109959602355957 -2.5037892534240744
[34 INFO root] -0.423590749502182 -0.24160698056221008 -2.507556390671113
[34 INFO root] -0.42424219846725464 -0.24208641052246094 -2.509736975669958
[34 INFO root] -0.42486095428466797 -0.24253953993320465 -2.5103065440124563
[34 INFO root] -0.42545005679130554 -0.2429702877998352 -2.509127846447932
[34 INFO root] -0.4260287284851074 -0.24339427053928375 -2.5053285629934456
[34 INFO root] -0.4265981912612915 -0.243814617395401 -2.4988544899571097
[34 INFO root] -0.42715805768966675 -0.24423329532146454 -2.4897606448963625
[34 INFO root] -0.42770853638648987 -0.24465256929397583 -2.478117993882712
[34 INFO root] -0.4282503128051758 -0.2450750470161438 -2.4640146094557887
[34 INFO root] -0.42878466844558716 -0.245503768324852 -2.447645343516113
[34 INFO root] -0.42931321263313293 -0.24594205617904663 -2.4292557706168156
[34 INFO root] -0.42983758449554443 -0.24639324843883514 -2.409104015422019
[34 INFO root] -0.43035945296287537 -0.24686074256896973 -2.3874603539529438
[34 INFO root] -0.43088024854660034 -0.2473478466272354 -2.364613954722596
[34 INFO root] -0.4314011335372925 -0.24785774946212769 -2.3408794114194147
[34 INFO root] -0.431922972202301 -0.24839334189891815 -2.316601989768598
[34 INFO root] -0.43244627118110657 -0.24895714223384857 -2.292161107737567
[34 INFO root] -0.43297111988067627 -0.24955104291439056 -2.2679551698686327
[34 INFO root] -0.43349719047546387 -0.25017622113227844 -2.2443918771532063
[34 INFO root] -0.43402379751205444 -0.2508329451084137 -2.2218827416386966
[34 INFO root] -0.4345501661300659 -0.25152063369750977 -2.200834061094984
[34 INFO root] -0.4350753724575043 -0.25223782658576965 -2.181636362952539
[34 INFO root] -0.4355987012386322 -0.2529822587966919 -2.1646534673266182
[34 INFO root] -0.43611961603164673 -0.2537510395050049 -2.1502119865856923
[34 INFO root] -0.4366379976272583 -0.2545408308506012 -2.138592031468688
[34 INFO root] -0.43715423345565796 -0.2553481161594391 -2.1300197594532557
[34 INFO root] -0.4376692473888397 -0.2561694383621216 -2.1246621873952014
[34 INFO root] -0.4381844997406006 -0.2570015788078308 -2.122624429457379
[34 INFO root] -0.43870195746421814 -0.2578417658805847 -2.1239492598635406
[34 INFO root] -0.43922415375709534 -0.25868773460388184 -2.128618684582222
[34 INFO root] -0.4397539496421814 -0.2595377564430237 -2.136557070213296
[34 INFO root] -0.44029271602630615 -0.260387659072876 -2.1454265724605115
[34 INFO root] -0.4408407211303711 -0.26123562455177307 -2.1542445615915473
[34 INFO root] -0.44139787554740906 -0.2620812654495239 -2.162900379505573
[34 INFO root] -0.44196391105651855 -0.2629244327545166 -2.171359264540142
[34 INFO root] -0.4425385594367981 -0.263764888048172 -2.179585424089302
[34 INFO root] -0.44312143325805664 -0.2646024525165558 -2.1875417405298365
[34 INFO root] -0.443712055683136 -0.26543688774108887 -2.1951892361539467
[34 INFO root] -0.44430994987487793 -0.2662680149078369 -2.2024863490589044
[34 INFO root] -0.4449145495891571 -0.26709556579589844 -2.2093880080474655
[34 INFO root] -0.445525199174881 -0.2679193317890167 -2.2158445008614183
[34 INFO root] -0.44614115357398987 -0.2687390446662903 -2.2218001445492006
[34 INFO root] -0.4467615783214569 -0.2695544958114624 -2.2271917880638807
[34 INFO root] -0.4473855495452881 -0.2703653872013092 -2.2319472061217716
[34 INFO root] -0.44801196455955505 -0.2711713910102844 -2.2359834834304535
[34 INFO root] -0.4486396312713623 -0.2719721794128418 -2.2392055369622708
[34 INFO root] -0.4492672085762024 -0.27276742458343506 -2.241505010936909
[34 INFO root] -0.44989314675331116 -0.27355676889419556 -2.2427597647700095
[34 INFO root] -0.4505159854888916 -0.2743399739265442 -2.242874669428334
[34 INFO root] -0.45113861560821533 -0.2751224935054779 -2.242874669428334
[34 INFO root] -0.4517612159252167 -0.275905042886734 -2.242874669428334
[34 INFO root] -0.4523838460445404 -0.2766875624656677 -2.242874669428334
[34 INFO root] -0.4530002772808075 -0.27746233344078064 -2.242667351161612
[34 INFO root] -0.45356717705726624 -0.27817511558532715 -2.2408102273342996
[34 INFO root] -0.45408105850219727 -0.27882346510887146 -2.2372167937843
[34 INFO root] -0.4545440375804901 -0.2794116735458374 -2.2319650746922153
[34 INFO root] -0.45495861768722534 -0.27994394302368164 -2.2251207388066945
[34 INFO root] -0.4553276300430298 -0.2804242670536041 -2.216736282539594
[34 INFO root] -0.4556540846824646 -0.28085651993751526 -2.2068516625420616
[34 INFO root] -0.4559410810470581 -0.28124427795410156 -2.1954950134992948
[34 INFO root] -0.4561917185783386 -0.2815909683704376 -2.182683380974692
[34 INFO root] -0.4564090967178345 -0.2818998098373413 -2.1684234157262874
[34 INFO root] -0.4565962851047516 -0.28217384219169617 -2.1527123801603394
[34 INFO root] -0.45675623416900635 -0.2824160158634186 -2.1355387744272867
[34 INFO root] -0.45689186453819275 -0.28262919187545776 -2.116882581922831
[34 INFO root] -0.45700597763061523 -0.282816082239151 -2.096715415423437
[34 INFO root] -0.4571012854576111 -0.28297939896583557 -2.0750006354785495
[34 INFO root] -0.45718032121658325 -0.283121794462204 -2.0516934319879034
[34 INFO root] -0.4572455585002899 -0.2832460105419159 -2.026740861474521
[34 INFO root] -0.45729926228523254 -0.2833547592163086 -2.000081895447928
[34 INFO root] -0.4573436379432678 -0.2834509015083313 -1.971647648145842
[34 INFO root] -0.45738062262535095 -0.28353747725486755 -1.9413616117386276
[34 INFO root] -0.45741212368011475 -0.28361770510673523 -1.9091398559203194
[34 INFO root] -0.457439661026001 -0.28369516134262085 -1.8748912665450004
[34 INFO root] -0.4574645757675171 -0.2837736904621124 -1.8385178956396335
[34 INFO root] -0.45748791098594666 -0.2838575839996338 -1.799915536507828
[34 INFO root] -0.45751017332077026 -0.2839515805244446 -1.7589746657793344
[34 INFO root] -0.4575314223766327 -0.2840610146522522 -1.7155819059300443
[34 INFO root] -0.4575510025024414 -0.2841918170452118 -1.6696221981641337
[34 INFO root] -0.45756736397743225 -0.28435051441192627 -1.6209819171946729
[34 INFO root] -0.4575778841972351 -0.2845443785190582 -1.5695532668944907
[34 INFO root] -0.4575785994529724 -0.2847813367843628 -1.5152403441878015
[34 INFO root] -0.4575638771057129 -0.28506988286972046 -1.4579672771731433
[34 INFO root] -0.4575260281562805 -0.28541889786720276 -1.397688837865654
[34 INFO root] -0.45745500922203064 -0.28583747148513794 -1.3344038569619754
[34 INFO root] -0.4573381543159485 -0.28633418679237366 -1.2681715601962804
[34 INFO root] -0.45715993642807007 -0.2869166135787964 -1.1991305281429032
[34 INFO root] -0.4569018483161926 -0.28759047389030457 -1.1275288932561776
[34 INFO root] -0.45654305815696716 -0.2883584201335907 -1.0537419202696336
[34 INFO root] -0.45606109499931335 -0.2892187535762787 -0.9782809754605559
[34 INFO root] -0.45543360710144043 -0.29016438126564026 -0.9017994163252292
[34 INFO root] -0.4546401798725128 -0.29118210077285767 -0.8250856165674334
[34 INFO root] -0.4536650478839874 -0.29225262999534607 -0.749036934517797
[34 INFO root] -0.45249950885772705 -0.29335153102874756 -0.6746125289509063
[34 INFO root] -0.4511438012123108 -0.29445120692253113 -0.6027680443859531
[34 INFO root] -0.44960811734199524 -0.29552340507507324 -0.5343811911196339
[34 INFO root] -0.44791197776794434 -0.2965421974658966 -0.4701817628737539
[34 INFO root] -0.4460821747779846 -0.29748642444610596 -0.4107000963399873
[34 INFO root] -0.44415006041526794 -0.29834118485450745 -0.356243475533484
[34 INFO root] -0.44214820861816406 -0.299098402261734 -0.3069022485455941
[34 INFO root] -0.44015997648239136 -0.2997395992279053 -0.26233172521253345
[34 INFO root] -0.43833696842193604 -0.3002387285232544 -0.22114051183345512
[34 INFO root] -0.4366909861564636 -0.30061668157577515 -0.18210042686008635
[34 INFO root] -0.43520888686180115 -0.30089619755744934 -0.14420420110585153
[34 INFO root] -0.4338729977607727 -0.3010959029197693 -0.10664970536968378
[34 INFO root] -0.43266382813453674 -0.30123040080070496 -0.0688057846057746
[34 INFO root] -0.43157464265823364 -0.3013100028038025 -0.030786273434513484
[34 INFO root] -0.43063491582870483 -0.30134305357933044 0.005653306545035909
[34 INFO root] -0.4298248887062073 -0.30134186148643494 0.04098737146231433
[34 INFO root] -0.42912039160728455 -0.3013157844543457 0.07581347499623867
[34 INFO root] -0.4285000264644623 -0.30127108097076416 0.11058734981954176
[34 INFO root] -0.4279452860355377 -0.3012116253376007 0.1456483037005831
[34 INFO root] -0.42744025588035583 -0.3011395037174225 0.18123244815638692
[34 INFO root] -0.42697182297706604 -0.3010554909706116 0.21747341686700383
[34 INFO root] -0.4265285134315491 -0.3009592890739441 0.25441761273513447
[34 INFO root] -0.42610034346580505 -0.30084967613220215 0.2920226262149235
[34 INFO root] -0.4256789982318878 -0.30072474479675293 0.33015566851188777
[34 INFO root] -0.4252578616142273 -0.3005821704864502 0.3685948627659632
[34 INFO root] -0.42483243346214294 -0.3004196882247925 0.4070346586781992
[34 INFO root] -0.4244004189968109 -0.3002353608608246 0.4450973172997432
[34 INFO root] -0.4239617586135864 -0.30002811551094055 0.48235096039390135
[34 INFO root] -0.42351850867271423 -0.29979804158210754 0.5183331012297419
[34 INFO root] -0.423074334859848 -0.2995468080043793 0.5525769601766173
[34 INFO root] -0.4226341247558594 -0.2992773950099945 0.5846369683695645
[34 INFO root] -0.42220333218574524 -0.2989942729473114 0.6141103605909669
[34 INFO root] -0.4217885434627533 -0.29870370030403137 0.6408079591708649
[34 INFO root] -0.42139559984207153 -0.2984123229980469 0.6646897362029696
[34 INFO root] -0.42102837562561035 -0.2981260120868683 0.6857836337653189
[34 INFO root] -0.42068883776664734 -0.2978494465351105 0.7041563174244795
[34 INFO root] -0.4203777313232422 -0.29758623242378235 0.7199468073200863
[34 INFO root] -0.42009443044662476 -0.2973386347293854 0.7333198464505573
[34 INFO root] -0.41983720660209656 -0.2971075773239136 0.7444179481230104
[34 INFO root] -0.4196035861968994 -0.29689285159111023 0.7533544093133109
[34 INFO root] -0.4193904399871826 -0.296693354845047 0.7602161344862821
[34 INFO root] -0.41919437050819397 -0.29650720953941345 0.7650669870816534
[34 INFO root] -0.4190116822719574 -0.2963319718837738 0.7679509682831795
[34 INFO root] -0.4188384711742401 -0.2961648106575012 0.7688952617140232
[34 INFO root] -0.4186708629131317 -0.29600265622138977 0.7679131208937455
[34 INFO root] -0.41850489377975464 -0.29584234952926636 0.7650064896364543
[34 INFO root] -0.4183366596698761 -0.2956807613372803 0.7601681903259985
[34 INFO root] -0.41816240549087524 -0.29551494121551514 0.7533835828768856
[34 INFO root] -0.4179786145687103 -0.2953423261642456 0.7446312931745102
[34 INFO root] -0.4177819490432739 -0.29516077041625977 0.7338827065731033
[34 INFO root] -0.4175693690776825 -0.2949686646461487 0.7211010077271103
[34 INFO root] -0.4173395037651062 -0.2947660982608795 0.7068523683294551
[34 INFO root] -0.41709381341934204 -0.2945556938648224 0.6925463693514959
[34 INFO root] -0.41683241724967957 -0.2943382263183594 0.678385251957495
[34 INFO root] -0.41655588150024414 -0.29411470890045166 0.6644213945005653
[34 INFO root] -0.4162652790546417 -0.2938864529132843 0.6506939699965607
[34 INFO root] -0.41596221923828125 -0.293655127286911 0.6372265335605201
[34 INFO root] -0.4156486988067627 -0.2934224009513855 0.6240263020740835
[34 INFO root] -0.4153268337249756 -0.29319000244140625 0.6110846010381541
[34 INFO root] -0.414998859167099 -0.29295963048934937 0.5983782878530347
[34 INFO root] -0.41466689109802246 -0.29273268580436707 0.5858719261102806
[34 INFO root] -0.4143328368663788 -0.29251039028167725 0.5735204759339464
[34 INFO root] -0.41399824619293213 -0.2922936975955963 0.5612722743507674
[34 INFO root] -0.41366153955459595 -0.29208141565322876 0.549085549527519
[34 INFO root] -0.4133013188838959 -0.291860431432724 0.5370314397669025
[34 INFO root] -0.4129186272621155 -0.2916319966316223 0.5250606540163651
[34 INFO root] -0.41251692175865173 -0.29139867424964905 0.5131097713262728
[34 INFO root] -0.4120990037918091 -0.29116255044937134 0.501122314995367
[34 INFO root] -0.4116670787334442 -0.2909252941608429 0.4890506156464045
[34 INFO root] -0.41122275590896606 -0.290688157081604 0.47685676084655493
[34 INFO root] -0.410767138004303 -0.29045209288597107 0.46451327496588907
[34 INFO root] -0.4103008508682251 -0.2902177572250366 0.45200357018816617
[34 INFO root] -0.40982404351234436 -0.2899855077266693 0.439322191354029
[34 INFO root] -0.40933650732040405 -0.289755642414093 0.42647487565795456
[34 INFO root] -0.4088376462459564 -0.2895282208919525 0.4134784510075266
[34 INFO root] -0.408326655626297 -0.2893032431602478 0.4003606006932692
[34 INFO root] -0.4078024625778198 -0.28908059000968933 0.3871595234654054
[34 INFO root] -0.407263845205307 -0.28886017203330994 0.3739235142035146
[34 INFO root] -0.4067094027996063 -0.2886417806148529 0.3607104791528408
[34 INFO root] -0.40613770484924316 -0.2884252667427063 0.3475873805869021
[34 INFO root] -0.40554749965667725 -0.28821060061454773 0.3346212208230594
[34 INFO root] -0.4049380421638489 -0.287997841835022 0.32186737993512143
[34 INFO root] -0.4043089747428894 -0.28778719902038574 0.30936907514713474
[34 INFO root] -0.4036603271961212 -0.2875789701938629 0.29716091254369087
[34 INFO root] -0.40299221873283386 -0.28737351298332214 0.2852713409002472
[34 INFO root] -0.402305006980896 -0.2871711254119873 0.27372387920913144
[34 INFO root] -0.4015991687774658 -0.2869720757007599 0.26253770793538833
[34 INFO root] -0.4008752107620239 -0.28677666187286377 0.25172786025076616
[34 INFO root] -0.40013381838798523 -0.28658515214920044 0.24130510989030338
[34 INFO root] -0.39937540888786316 -0.28639769554138184 0.23128657754756848
[34 INFO root] -0.3986002206802368 -0.28621432185173035 0.22170357922176873
[34 INFO root] -0.39780858159065247 -0.28603509068489075 0.2125792658594887
[34 INFO root] -0.39700114727020264 -0.2858600616455078 0.20392366196170436
[34 INFO root] -0.3961787521839142 -0.28568926453590393 0.19573446571053996
[34 INFO root] -0.3953424394130707 -0.2855227291584015 0.18799857142745122
[34 INFO root] -0.3944932818412781 -0.28536051511764526 0.18069389439206038
[34 INFO root] -0.3936324417591095 -0.28520259261131287 0.1737914251445367
[34 INFO root] -0.39276108145713806 -0.2850490212440491 0.16725741214031475
[34 INFO root] -0.3918803334236145 -0.2848997116088867 0.1610556234753584
[34 INFO root] -0.3909912109375 -0.2847547233104706 0.15514948932225775
[34 INFO root] -0.39009469747543335 -0.2846139669418335 0.14950401309547587
[34 INFO root] -0.389191597700119 -0.2844774127006531 0.14408758802378394
[34 INFO root] -0.3882825970649719 -0.28434503078460693 0.13887354228185586
[34 INFO root] -0.3873682916164398 -0.2842167317867279 0.13384129965961453
[34 INFO root] -0.38644903898239136 -0.2840924859046936 0.12897718944333178
[34 INFO root] -0.3855251371860504 -0.28397220373153687 0.12427497823161522
[34 INFO root] -0.38459673523902893 -0.2838557958602905 0.11973620688487126
[34 INFO root] -0.38366392254829407 -0.28374314308166504 0.11537037481676002
