[58 INFO root] Initialising Python Geth Console...
[58 INFO root] Initialising RandB board...
[58 INFO root] Initialising resource sensor...
[58 INFO root] Initialising random-walk...
[58 INFO root] Initialising navigation...
[58 INFO root] Initialising Odo...
[58 INFO root] Initialising odometry...
[58 INFO root] Initialising gps...
[58 INFO root] Initialising Ground sensor...
[58 INFO root] --//-- Starting Experiment --//--
[58 INFO root] x y direction
[58 INFO root] 0.44387900829315186 0.7815669775009155 -1.2269664641520124
[58 INFO root] 0.4445110559463501 0.7798017263412476 -1.5316059564875044
[58 INFO root] 0.4454381465911865 0.7740657329559326 -1.837903564587964
[58 INFO root] 0.4441583752632141 0.7652742862701416 -2.072113357344256
[58 INFO root] 0.43997305631637573 0.7560006380081177 -2.236211495720961
[58 INFO root] 0.4340633749961853 0.747755229473114 -2.336236170641956
[58 INFO root] 0.4278353452682495 0.7409451603889465 -2.3852492536016277
[58 INFO root] 0.4220954477787018 0.7353994250297546 -2.3993721399576318
[58 INFO root] 0.41713061928749084 0.7308170795440674 -2.39140452015461
[58 INFO root] 0.4130513370037079 0.7270293235778809 -2.371134059355141
[58 INFO root] 0.4097208082675934 0.7238196134567261 -2.346985938234586
[58 INFO root] 0.40680310130119324 0.7208631634712219 -2.324600578664356
[58 INFO root] 0.40406349301338196 0.7179582118988037 -2.306911105871259
[58 INFO root] 0.4014384150505066 0.7150712013244629 -2.294515166135156
[58 INFO root] 0.398933470249176 0.7122437953948975 -2.2867634013243623
[58 INFO root] 0.3965725302696228 0.7095344066619873 -2.282580361565669
[58 INFO root] 0.39437609910964966 0.7069904804229736 -2.280859371992494
[58 INFO root] 0.3923553228378296 0.7046406865119934 -2.2806354296938354
[58 INFO root] 0.3905124068260193 0.7024959921836853 -2.2811918368319732
[58 INFO root] 0.38884273171424866 0.7005547285079956 -2.2820999025876096
[58 INFO root] 0.3873372972011566 0.6988074779510498 -2.2831863911417325
[58 INFO root] 0.38593482971191406 0.6971833109855652 -2.2838893395543893
[58 INFO root] 0.3845718204975128 0.6956072449684143 -2.2835270696791126
[58 INFO root] 0.38331690430641174 0.6941553354263306 -2.289057197029927
[58 INFO root] 0.38218235969543457 0.6928556561470032 -2.303153408004342
[58 INFO root] 0.3811391592025757 0.6916918754577637 -2.327541934161019
[58 INFO root] 0.3801492750644684 0.6906380653381348 -2.36289009955909
[58 INFO root] 0.3791695833206177 0.6896643042564392 -2.4089685264218015
[58 INFO root] 0.3781522512435913 0.6887405514717102 -2.4650695168327332
[58 INFO root] 0.377046674489975 0.6878429651260376 -2.5299891672464847
[58 INFO root] 0.3758036494255066 0.6869599223136902 -2.6020183368855836
[58 INFO root] 0.3743816614151001 0.6860954761505127 -2.679010854830536
[58 INFO root] 0.3727540969848633 0.6852694153785706 -2.758528918697585
[58 INFO root] 0.3709162175655365 0.6845130324363708 -2.8380543851098063
[58 INFO root] 0.3688874840736389 0.6838608980178833 -2.9152495145079507
[58 INFO root] 0.3667062819004059 0.6833416223526001 -2.988308626376811
[58 INFO root] 0.3644266724586487 0.68297278881073 -3.056006098371988
[58 INFO root] 0.36210864782333374 0.6827581524848938 -3.1176709294560303
[58 INFO root] 0.359808087348938 0.6826887726783752 3.110109165526008
[58 INFO root] 0.3574938178062439 0.6827489137649536 3.059094102322051
[58 INFO root] 0.3551875352859497 0.6829277873039246 3.012182037593699
[58 INFO root] 0.35291627049446106 0.683212399482727 2.9693131683339202
[58 INFO root] 0.3507009744644165 0.683587908744812 2.930408384187548
[58 INFO root] 0.34855619072914124 0.6840388178825378 2.895388826784207
[58 INFO root] 0.3464907705783844 0.6845499277114868 2.8641957996284617
[58 INFO root] 0.34450531005859375 0.6851084232330322 2.8368485262859062
[58 INFO root] 0.3425946533679962 0.6857035160064697 2.8134428397998756
[58 INFO root] 0.3407531976699829 0.6863254904747009 2.7940790914298645
[58 INFO root] 0.33897581696510315 0.68696528673172 2.7788382958843467
[58 INFO root] 0.33725738525390625 0.6876145005226135 2.767773237021259
[58 INFO root] 0.3355924189090729 0.6882653832435608 2.7609008864830025
[58 INFO root] 0.33397501707077026 0.6889113783836365 2.7581959884553955
[58 INFO root] 0.3323989510536194 0.6895465850830078 2.7595869936602426
[58 INFO root] 0.33085769414901733 0.6901660561561584 2.7649551960247662
[58 INFO root] 0.32934483885765076 0.690765380859375 2.7741373577272843
[58 INFO root] 0.3278500437736511 0.6913423538208008 2.786642808785495
[58 INFO root] 0.32631853222846985 0.6919121742248535 2.798700188998364
[58 INFO root] 0.3247586488723755 0.6924710869789124 2.809692737436845
[58 INFO root] 0.3231939971446991 0.6930122971534729 2.819332904191742
[58 INFO root] 0.3216445744037628 0.693531334400177 2.8274411289516266
[58 INFO root] 0.32012486457824707 0.6940264701843262 2.8339484617975033
[58 INFO root] 0.31864476203918457 0.6944978833198547 2.838858269329544
[58 INFO root] 0.3172106444835663 0.6949465870857239 2.8422160455651704
[58 INFO root] 0.3158262372016907 0.6953744292259216 2.844089242963409
[58 INFO root] 0.31449341773986816 0.6957833170890808 2.844554421126918
[58 INFO root] 0.31321269273757935 0.6961753964424133 2.8436893797870826
[58 INFO root] 0.3119836747646332 0.6965526342391968 2.8415685508116164
[58 INFO root] 0.3108053505420685 0.696916937828064 2.8382604493408583
[58 INFO root] 0.30967628955841064 0.697269856929779 2.8338263904888543
[58 INFO root] 0.3085950016975403 0.697613000869751 2.828318443863672
[58 INFO root] 0.3075602054595947 0.6979475617408752 2.821774746383198
[58 INFO root] 0.30657094717025757 0.6982744932174683 2.814219716141134
[58 INFO root] 0.3056263327598572 0.6985943913459778 2.8056662148112137
[58 INFO root] 0.3047255873680115 0.6989080309867859 2.7961180869721702
[58 INFO root] 0.3038676679134369 0.699215829372406 2.7855730308276216
[58 INFO root] 0.30305129289627075 0.6995183825492859 2.774025866251252
[58 INFO root] 0.30227476358413696 0.6998163461685181 2.7614721014209866
[58 INFO root] 0.30153581500053406 0.7001104950904846 2.747911525161439
[58 INFO root] 0.30083173513412476 0.700401782989502 2.733351446853955
[58 INFO root] 0.3001593053340912 0.7006914019584656 2.7178091911275803
[58 INFO root] 0.2995149493217468 0.7009808421134949 2.701313546074036
[58 INFO root] 0.2988949120044708 0.701271653175354 2.6839050431155442
[58 INFO root] 0.2982953190803528 0.701565682888031 2.6656351318185783
[58 INFO root] 0.2977125346660614 0.7018647193908691 2.646564488861779
[58 INFO root] 0.2971430718898773 0.702170729637146 2.6267607952429626
[58 INFO root] 0.29658395051956177 0.7024855613708496 2.606296330584809
[58 INFO root] 0.29603251814842224 0.7028111219406128 2.5852476778375353
[58 INFO root] 0.2954864501953125 0.7031490802764893 2.5636973624977877
[58 INFO root] 0.2949438691139221 0.703501284122467 2.5417287023555537
[58 INFO root] 0.2944035828113556 0.703869104385376 2.519418671270886
[58 INFO root] 0.2938649356365204 0.704253613948822 2.4968331903033842
[58 INFO root] 0.29332780838012695 0.704655647277832 2.474024589225657
[58 INFO root] 0.2927926778793335 0.7050755620002747 2.451030682162099
[58 INFO root] 0.2922602593898773 0.7055134177207947 2.427875053987221
[58 INFO root] 0.2917316257953644 0.7059691548347473 2.4045680872486606
[58 INFO root] 0.29120808839797974 0.70644211769104 2.3811035488144547
[58 INFO root] 0.29069122672080994 0.7069315314292908 2.357455072005917
[58 INFO root] 0.2901826798915863 0.7074364423751831 2.333580590463863
[58 INFO root] 0.2896839678287506 0.7079557776451111 2.309430426707441
[58 INFO root] 0.28919607400894165 0.708488941192627 2.284957639517334
[58 INFO root] 0.2887199819087982 0.7090355157852173 2.2601128032512974
[58 INFO root] 0.2882566452026367 0.7095948457717896 2.2348451328144954
[58 INFO root] 0.2878069579601288 0.7101665139198303 2.209105323941157
[58 INFO root] 0.28737175464630127 0.7107499837875366 2.1828478755820964
[58 INFO root] 0.2869517505168915 0.7113449573516846 2.156032786440288
[58 INFO root] 0.2865476608276367 0.7119511961936951 2.128626709609926
[58 INFO root] 0.28616008162498474 0.7125685811042786 2.100603650394111
[58 INFO root] 0.2857895791530609 0.7131971716880798 2.0719452958442646
[58 INFO root] 0.2854366898536682 0.7138370275497437 2.042641070033717
[58 INFO root] 0.2851020097732544 0.7144882082939148 2.012688011855725
[58 INFO root] 0.28478604555130005 0.7151508927345276 1.9820905694860464
[58 INFO root] 0.2844894528388977 0.7158253192901611 1.9508603961648048
[58 INFO root] 0.28421279788017273 0.716511607170105 1.919016269910829
[58 INFO root] 0.28395676612854004 0.7172099947929382 1.8865864779345494
[58 INFO root] 0.28371426463127136 0.7179445028305054 1.8547471313019293
[58 INFO root] 0.28348541259765625 0.7187197804450989 1.8238883318994399
[58 INFO root] 0.28327232599258423 0.7195336222648621 1.7941231522766465
[58 INFO root] 0.28307682275772095 0.7203831672668457 1.7655472131853458
[58 INFO root] 0.28290027379989624 0.7212652564048767 1.738256842877725
[58 INFO root] 0.2827437222003937 0.7221766114234924 1.7123445260929853
[58 INFO root] 0.2826077342033386 0.7231137752532959 1.6878969608142242
[58 INFO root] 0.2824925482273102 0.7240732312202454 1.6649948135043167
[58 INFO root] 0.28239789605140686 0.7250515222549438 1.6437127610270201
[58 INFO root] 0.2823232114315033 0.7260450720787048 1.6241195224076164
[58 INFO root] 0.28226760029792786 0.7270506024360657 1.6062778883576787
[58 INFO root] 0.28222978115081787 0.7280648350715637 1.5902447978721512
[58 INFO root] 0.28220832347869873 0.729084849357605 1.5760715569391366
[58 INFO root] 0.28220146894454956 0.7301077842712402 1.563803974882877
[58 INFO root] 0.2822073698043823 0.7311311960220337 1.5534823549564039
[58 INFO root] 0.28222399950027466 0.7321528792381287 1.5451413816030275
[58 INFO root] 0.2822492718696594 0.7331709861755371 1.5388099504835886
[58 INFO root] 0.2822810411453247 0.7341840863227844 1.5345109702749717
[58 INFO root] 0.2823171615600586 0.7351909279823303 1.5322611503988528
[58 INFO root] 0.28235548734664917 0.7361908555030823 1.5320566761019265
[58 INFO root] 0.2823942005634308 0.7371901273727417 1.5320566761019265
[58 INFO root] 0.2824329435825348 0.7381893992424011 1.5320566761019265
[58 INFO root] 0.2824716567993164 0.7391886115074158 1.5320566761019265
[58 INFO root] 0.2825103998184204 0.7401878833770752 1.5320566761019265
[58 INFO root] 0.282549113035202 0.7411870956420898 1.5320566761019265
[58 INFO root] 0.28258785605430603 0.7421863675117493 1.5320566761019265
[58 INFO root] 0.28262656927108765 0.7431856393814087 1.5320566761019265
[58 INFO root] 0.28266531229019165 0.7441848516464233 1.5320566761019265
[58 INFO root] 0.28270405530929565 0.7451841235160828 1.5320566761019265
[58 INFO root] 0.28274276852607727 0.7461833953857422 1.5320566761019265
[58 INFO root] 0.2827815115451813 0.7471826076507568 1.5320566761019265
[58 INFO root] 0.2828202247619629 0.7481818795204163 1.5320566761019265
[58 INFO root] 0.2828589677810669 0.7491811513900757 1.5320566761019265
[58 INFO root] 0.2828954756259918 0.7501234412193298 1.5328101974842814
[58 INFO root] 0.2829287052154541 0.750995934009552 1.534491169207523
[58 INFO root] 0.28295814990997314 0.7518026232719421 1.5370557235921798
[58 INFO root] 0.28298354148864746 0.7525485754013062 1.5404528456154527
[58 INFO root] 0.2830047309398651 0.7532387375831604 1.5446410064910954
[58 INFO root] 0.2830217480659485 0.7538775205612183 1.5495870164148775
[58 INFO root] 0.2830345928668976 0.7544690370559692 1.5552646852408005
[58 INFO root] 0.28304344415664673 0.7550172805786133 1.5616537925142044
[58 INFO root] 0.28304845094680786 0.7555257081985474 1.568739483426269
[58 INFO root] 0.2830497920513153 0.7559978365898132 1.5765113640662227
[58 INFO root] 0.2830476462841034 0.7564366459846497 1.5849632285425748
[58 INFO root] 0.28304222226142883 0.7568451166152954 1.5940923577850017
[58 INFO root] 0.28303369879722595 0.7572258710861206 1.6038993439764353
[58 INFO root] 0.28302231431007385 0.7575815320014954 1.6143876514154638
[58 INFO root] 0.2830081582069397 0.7579143047332764 1.6255635744449048
[58 INFO root] 0.2829914093017578 0.7582265138626099 1.6374357480490789
[58 INFO root] 0.28297218680381775 0.7585200667381287 1.6500152899485978
[58 INFO root] 0.28295058012008667 0.7587970495223999 1.6633153912142273
[58 INFO root] 0.28292661905288696 0.7590591311454773 1.6773515221825026
[58 INFO root] 0.2829003632068634 0.7593080997467041 1.6921410283154945
[58 INFO root] 0.2828717827796936 0.7595455646514893 1.7077033156216246
[58 INFO root] 0.2828408181667328 0.7597730755805969 1.7240597081222202
[58 INFO root] 0.2828073501586914 0.7599920630455017 1.741233427976564
[58 INFO root] 0.2827712595462799 0.760204017162323 1.7592494948933155
[58 INFO root] 0.2827323377132416 0.7604102492332458 1.7781348829594674
[58 INFO root] 0.28269025683403015 0.7606121301651001 1.7979183280919149
[58 INFO root] 0.28264474868774414 0.760810911655426 1.818630389594601
[58 INFO root] 0.28259533643722534 0.7610078454017639 1.8403033799797772
[58 INFO root] 0.28254157304763794 0.761204183101654 1.8629712688974103
[58 INFO root] 0.282482773065567 0.7614012360572815 1.8866697122344394
[58 INFO root] 0.28241828083992004 0.761600136756897 1.91143600660251
[58 INFO root] 0.2823472321033478 0.7618021368980408 1.9373087708106076
[58 INFO root] 0.28226861357688904 0.7620084881782532 1.9643278942289328
[58 INFO root] 0.2821813225746155 0.7622203230857849 1.9925343167530116
[58 INFO root] 0.2820839583873749 0.7624388933181763 2.021969541798349
[58 INFO root] 0.28197503089904785 0.7626653909683228 2.052675336226691
[58 INFO root] 0.28185272216796875 0.7629008889198303 2.0846931964663016
[58 INFO root] 0.2817149758338928 0.7631466388702393 2.1180633667648796
[58 INFO root] 0.28155946731567383 0.7634037137031555 2.1528243758654773
[58 INFO root] 0.2813835144042969 0.763672947883606 2.1890117616166345
[58 INFO root] 0.2811841368675232 0.763955295085907 2.2266563040046554
[58 INFO root] 0.2809579074382782 0.7642514705657959 2.265782898564592
[58 INFO root] 0.28070104122161865 0.7645618319511414 2.306408439325969
[58 INFO root] 0.2804093360900879 0.7648866176605225 2.3485391890783123
[58 INFO root] 0.2800782322883606 0.7652254700660706 2.392168475765037
[58 INFO root] 0.27970272302627563 0.7655777335166931 2.4372732208353645
[58 INFO root] 0.279277503490448 0.7659420967102051 2.483810931771815
[58 INFO root] 0.27879711985588074 0.7663165330886841 2.531716063598505
[58 INFO root] 0.2782559394836426 0.7666982412338257 2.5808964653031254
[58 INFO root] 0.2776484489440918 0.7670835852622986 2.631230011386276
[58 INFO root] 0.27696943283081055 0.7674679160118103 2.6825619484804286
[58 INFO root] 0.2762143015861511 0.767845630645752 2.7347027876653294
[58 INFO root] 0.27537938952445984 0.768210232257843 2.78742771900205
[58 INFO root] 0.2744622230529785 0.7685545682907104 2.8404778023827064
[58 INFO root] 0.2734619379043579 0.7688706517219543 2.893563487141673
[58 INFO root] 0.27237942814826965 0.7691506147384644 2.9463694252231036
[58 INFO root] 0.2712176740169525 0.769386351108551 2.998563107447436
[58 INFO root] 0.2699817419052124 0.7695706486701965 3.0498036939562083
[58 INFO root] 0.2686787545681 0.7696970701217651 3.099753845368883
[58 INFO root] 0.2673175632953644 0.7697606086730957 -3.13509458153377
[58 INFO root] 0.26590853929519653 0.7697580456733704 -3.088668366586826
[58 INFO root] 0.26446306705474854 0.769688069820404 -3.044415002937499
[58 INFO root] 0.2629930377006531 0.7695512175559998 -3.0025542234103044
[58 INFO root] 0.2615102529525757 0.7693499326705933 -2.963259166309612
[58 INFO root] 0.26002606749534607 0.7690883874893188 -2.9266548742311973
[58 INFO root] 0.2585509717464447 0.7687720060348511 -2.8928193281403902
[58 INFO root] 0.25709426403045654 0.7684072256088257 -2.861787195825251
[58 INFO root] 0.2556639313697815 0.7680010795593262 -2.8335550116644512
[58 INFO root] 0.2542664408683777 0.7675608396530151 -2.80808737372932
[58 INFO root] 0.25290703773498535 0.7670938372612 -2.785323619701856
[58 INFO root] 0.25158944725990295 0.7666069865226746 -2.765183870815434
[58 INFO root] 0.2503163516521454 0.7661068439483643 -2.7475753065187836
[58 INFO root] 0.2490892857313156 0.765599250793457 -2.7323969862084905
[58 INFO root] 0.24790892004966736 0.7650895714759827 -2.7195444408977356
[58 INFO root] 0.24677516520023346 0.7645822763442993 -2.7089127393361103
[58 INFO root] 0.2456873208284378 0.7640812993049622 -2.700399547949619
[58 INFO root] 0.24464423954486847 0.7635897994041443 -2.6939068331443607
[58 INFO root] 0.2436443567276001 0.7631105184555054 -2.6893424287109267
[58 INFO root] 0.24268586933612823 0.7626453638076782 -2.6866205859495476
[58 INFO root] 0.24176672101020813 0.7621960639953613 -2.6856629925579227
[58 INFO root] 0.24086713790893555 0.7617550492286682 -2.685584798154631
[58 INFO root] 0.23996931314468384 0.7613146901130676 -2.685584798154631
[58 INFO root] 0.23907148838043213 0.7608742713928223 -2.685584798154631
[58 INFO root] 0.2381736785173416 0.7604339122772217 -2.685584798154631
[58 INFO root] 0.2372758537530899 0.7599935531616211 -2.685584798154631
[58 INFO root] 0.2363780438899994 0.7595531940460205 -2.685584798154631
[58 INFO root] 0.23548021912574768 0.7591128349304199 -2.685584798154631
[58 INFO root] 0.23458240926265717 0.7586724758148193 -2.685584798154631
[58 INFO root] 0.23368458449840546 0.7582321166992188 -2.685584798154631
[58 INFO root] 0.23278677463531494 0.7577916979789734 -2.685584798154631
[58 INFO root] 0.23188894987106323 0.7573513388633728 -2.685584798154631
[58 INFO root] 0.23099114000797272 0.7569109797477722 -2.685584798154631
[58 INFO root] 0.230093315243721 0.7564706206321716 -2.685584798154631
[58 INFO root] 0.2291955053806305 0.756030261516571 -2.685584798154631
[58 INFO root] 0.22829768061637878 0.7555899024009705 -2.685584798154631
[58 INFO root] 0.22739987075328827 0.7551495432853699 -2.685584798154631
[58 INFO root] 0.22650204598903656 0.7547091245651245 -2.685584798154631
[58 INFO root] 0.22560423612594604 0.7542687654495239 -2.685584798154631
[58 INFO root] 0.22470641136169434 0.7538284063339233 -2.685584798154631
[58 INFO root] 0.22380860149860382 0.7533880472183228 -2.685584798154631
[58 INFO root] 0.2229107767343521 0.7529476881027222 -2.685584798154631
[58 INFO root] 0.2220129668712616 0.7525073289871216 -2.685584798154631
[58 INFO root] 0.2211151421070099 0.752066969871521 -2.685584798154631
[58 INFO root] 0.22021731734275818 0.7516265511512756 -2.685584798154631
[58 INFO root] 0.21931950747966766 0.751186192035675 -2.685584798154631
[58 INFO root] 0.21842168271541595 0.7507458329200745 -2.685584798154631
[58 INFO root] 0.21752387285232544 0.7503054738044739 -2.685584798154631
[58 INFO root] 0.21662604808807373 0.7498651146888733 -2.685584798154631
[58 INFO root] 0.21572823822498322 0.7494247555732727 -2.685584798154631
[58 INFO root] 0.2148304134607315 0.7489843964576721 -2.685584798154631
[58 INFO root] 0.213932603597641 0.7485439777374268 -2.685584798154631
[58 INFO root] 0.21303477883338928 0.7481036186218262 -2.685584798154631
[58 INFO root] 0.21213696897029877 0.7476632595062256 -2.685584798154631
[58 INFO root] 0.21123914420604706 0.747222900390625 -2.685584798154631
[58 INFO root] 0.21034133434295654 0.7467825412750244 -2.685584798154631
[58 INFO root] 0.20944350957870483 0.7463421821594238 -2.685584798154631
[58 INFO root] 0.20854569971561432 0.7459018230438232 -2.685584798154631
[58 INFO root] 0.2076478749513626 0.7454614639282227 -2.685584798154631
[58 INFO root] 0.2067500650882721 0.7450210452079773 -2.685584798154631
[58 INFO root] 0.20585224032402039 0.7445806860923767 -2.685584798154631
[58 INFO root] 0.20495443046092987 0.7441403269767761 -2.685584798154631
[58 INFO root] 0.20405660569667816 0.7436999678611755 -2.685584798154631
[58 INFO root] 0.20315879583358765 0.743259608745575 -2.685584798154631
[58 INFO root] 0.20226097106933594 0.7428192496299744 -2.685584798154631
[58 INFO root] 0.20136316120624542 0.7423788905143738 -2.685584798154631
[58 INFO root] 0.2004653364419937 0.7419384717941284 -2.685584798154631
[58 INFO root] 0.199567511677742 0.7414981126785278 -2.685584798154631
[58 INFO root] 0.1986697018146515 0.7410577535629272 -2.685584798154631
[58 INFO root] 0.19777187705039978 0.7406173944473267 -2.685584798154631
[58 INFO root] 0.19687406718730927 0.7401770353317261 -2.685584798154631
[58 INFO root] 0.19597624242305756 0.7397366762161255 -2.685584798154631
[58 INFO root] 0.19507843255996704 0.7392963171005249 -2.685584798154631
[58 INFO root] 0.19418060779571533 0.7388558983802795 -2.685584798154631
[58 INFO root] 0.19328279793262482 0.738415539264679 -2.685584798154631
[58 INFO root] 0.1923849731683731 0.7379751801490784 -2.685584798154631
[58 INFO root] 0.1914871633052826 0.7375348210334778 -2.685584798154631
[58 INFO root] 0.19058933854103088 0.7370944619178772 -2.685584798154631
[58 INFO root] 0.18969152867794037 0.7366541028022766 -2.685584798154631
[58 INFO root] 0.18879370391368866 0.736213743686676 -2.685584798154631
[58 INFO root] 0.18789589405059814 0.7357733249664307 -2.685584798154631
[58 INFO root] 0.18699806928634644 0.7353329658508301 -2.685584798154631
[58 INFO root] 0.18610025942325592 0.7348926067352295 -2.685584798154631
[58 INFO root] 0.1852024346590042 0.7344522476196289 -2.685584798154631
[58 INFO root] 0.1843046247959137 0.7340118885040283 -2.685584798154631
[58 INFO root] 0.183406800031662 0.7335715293884277 -2.685584798154631
[58 INFO root] 0.18250899016857147 0.7331311702728271 -2.685584798154631
[58 INFO root] 0.18161116540431976 0.7326907515525818 -2.685584798154631
[58 INFO root] 0.1807246208190918 0.7322559356689453 -2.685876535808997
[58 INFO root] 0.17996059358119965 0.7318814396858215 -2.689368613967091
[58 INFO root] 0.1793125718832016 0.731566309928894 -2.6959972555784453
[58 INFO root] 0.17876067757606506 0.7313022017478943 -2.705383602018658
[58 INFO root] 0.17828795313835144 0.7310811877250671 -2.717233552160162
[58 INFO root] 0.17788022756576538 0.7308962941169739 -2.7313244631801026
[58 INFO root] 0.1775255799293518 0.7307413816452026 -2.7474903499184475
[58 INFO root] 0.17721398174762726 0.7306111454963684 -2.765611067161538
[58 INFO root] 0.1769370138645172 0.7305011749267578 -2.785604460844153
[58 INFO root] 0.17668749392032623 0.73040771484375 -2.8074206872952856
[58 INFO root] 0.17645969986915588 0.7303280234336853 -2.831051803725705
[58 INFO root] 0.17624875903129578 0.7302597761154175 -2.856516526655776
[58 INFO root] 0.17605018615722656 0.730201005935669 -2.883852071575973
[58 INFO root] 0.17585977911949158 0.7301502227783203 -2.913111623320662
[58 INFO root] 0.17567341029644012 0.7301062941551208 -2.944362785788667
[58 INFO root] 0.17548702657222748 0.7300684452056885 -2.9776860607518016
[58 INFO root] 0.17529639601707458 0.7300362586975098 -3.0131731585603534
[58 INFO root] 0.17509707808494568 0.7300098538398743 -3.050924979052869
[58 INFO root] 0.17488425970077515 0.7299897074699402 -3.0910490812925198
[58 INFO root] 0.17465271055698395 0.7299771308898926 -3.13365643267385
[58 INFO root] 0.17439667880535126 0.729974091053009 3.104328113007268
[58 INFO root] 0.17410989105701447 0.7299836277961731 3.0564300443093306
[58 INFO root] 0.1737855076789856 0.730009913444519 3.005744044250745
[58 INFO root] 0.17341624200344086 0.7300587296485901 2.952201641598629
[58 INFO root] 0.17299455404281616 0.7301375269889832 2.8957675567930132
[58 INFO root] 0.172512948513031 0.7302557826042175 2.836453078172587
[58 INFO root] 0.17196440696716309 0.7304254770278931 2.7743317196679294
[58 INFO root] 0.1713431179523468 0.730660617351532 2.7095566863012968
[58 INFO root] 0.17064520716667175 0.7309775948524475 2.6423790237815536
[58 INFO root] 0.16986975073814392 0.7313945293426514 2.5731644397032856
[58 INFO root] 0.16901962459087372 0.7319301962852478 2.5024057511237694
[58 INFO root] 0.16810248792171478 0.7326029539108276 2.4307270001562804
[58 INFO root] 0.16713108122348785 0.7334284782409668 2.3588749516164738
[58 INFO root] 0.1661231368780136 0.7344179749488831 2.2876945335673677
[58 INFO root] 0.16510042548179626 0.7355759143829346 2.218087247104528
[58 INFO root] 0.16408701241016388 0.7368985414505005 2.1509555307717774
[58 INFO root] 0.16310705244541168 0.7383732199668884 2.0871404858108416
[58 INFO root] 0.16218236088752747 0.7399789690971375 2.0273634647378773
[58 INFO root] 0.16133037209510803 0.7416883707046509 1.972182103777665
[58 INFO root] 0.16056282818317413 0.7434697151184082 1.9219679737134268
[58 INFO root] 0.15988564491271973 0.7452898025512695 1.8769056226509648
[58 INFO root] 0.15929926931858063 0.7471161484718323 1.8370214379015997
[58 INFO root] 0.1587996482849121 0.7489192485809326 1.8022172107320265
[58 INFO root] 0.158379465341568 0.7506740689277649 1.7723019388828931
[58 INFO root] 0.1580294370651245 0.7523607015609741 1.747022283539001
[58 INFO root] 0.15773949027061462 0.7539642453193665 1.7260893683867151
[58 INFO root] 0.1574994921684265 0.7554753422737122 1.7091889146637347
[58 INFO root] 0.15729984641075134 0.756890058517456 1.6959764902778656
[58 INFO root] 0.1571321040391922 0.7582080364227295 1.686115967069374
[58 INFO root] 0.15698905289173126 0.7594316601753235 1.6792970415232154
[58 INFO root] 0.15686479210853577 0.7605647444725037 1.6752416603057345
[58 INFO root] 0.1567545235157013 0.7616123557090759 1.6737061558358388
[58 INFO root] 0.15665116906166077 0.7626115083694458 1.6735775639449229
[58 INFO root] 0.15654855966567993 0.7636062502861023 1.6735775639449229
[58 INFO root] 0.1564459502696991 0.764600932598114 1.6735775639449229
[58 INFO root] 0.15634335577487946 0.7655956745147705 1.6735775639449229
[58 INFO root] 0.15624076128005981 0.766590416431427 1.6735775639449229
[58 INFO root] 0.15613815188407898 0.7675850987434387 1.6735775639449229
[58 INFO root] 0.15603555738925934 0.7685798406600952 1.6735775639449229
[58 INFO root] 0.1559329479932785 0.7695745825767517 1.6735775639449229
[58 INFO root] 0.15583035349845886 0.7705692648887634 1.6735775639449229
[58 INFO root] 0.15572775900363922 0.7715640068054199 1.6735775639449229
[58 INFO root] 0.1556251496076584 0.7725587487220764 1.6735775639449229
[58 INFO root] 0.15552255511283875 0.7735534310340881 1.6735775639449229
[58 INFO root] 0.1554199457168579 0.7745481729507446 1.6735775639449229
[58 INFO root] 0.15531735122203827 0.7755429148674011 1.6735775639449229
[58 INFO root] 0.15521475672721863 0.7765375971794128 1.6735775639449229
[58 INFO root] 0.1551121473312378 0.7775323390960693 1.6735775639449229
[58 INFO root] 0.15500955283641815 0.7785270810127258 1.6735775639449229
[58 INFO root] 0.15490694344043732 0.7795217633247375 1.6735775639449229
[58 INFO root] 0.15480434894561768 0.780516505241394 1.6735775639449229
[58 INFO root] 0.15470175445079803 0.7815112471580505 1.6735775639449229
[58 INFO root] 0.1545991450548172 0.782505989074707 1.6735775639449229
[58 INFO root] 0.15449655055999756 0.7835006713867188 1.6735775639449229
[58 INFO root] 0.15439394116401672 0.7844954133033752 1.6735775639449229
[58 INFO root] 0.15429134666919708 0.7854901552200317 1.6735775639449229
[58 INFO root] 0.15419243276119232 0.786449134349823 1.674012222601846
[58 INFO root] 0.15410035848617554 0.7873384356498718 1.6752966527936224
[58 INFO root] 0.15401437878608704 0.7881593108177185 1.6774194897301629
[58 INFO root] 0.15393343567848206 0.7889171242713928 1.6803294712132335
[58 INFO root] 0.15385670959949493 0.7896168231964111 1.6839847166713222
[58 INFO root] 0.15378351509571075 0.7902630567550659 1.688351555727053
[58 INFO root] 0.15371328592300415 0.7908600568771362 1.693403313925509
[58 INFO root] 0.1536455899477005 0.7914119362831116 1.6991192216025903
[58 INFO root] 0.15358005464076996 0.7919223308563232 1.705483751357691
[58 INFO root] 0.15351636707782745 0.7923946976661682 1.7124857904610107
[58 INFO root] 0.1534542739391327 0.7928323745727539 1.7201181468644962
[58 INFO root] 0.15339355170726776 0.7932382225990295 1.7283772333925083
[58 INFO root] 0.15333402156829834 0.7936150431632996 1.7372624801793477
[58 INFO root] 0.1532754898071289 0.7939653992652893 1.7467761541386209
[58 INFO root] 0.15321779251098633 0.7942917346954346 1.7569230813231123
[58 INFO root] 0.15316079556941986 0.794596254825592 1.7677105096438992
[58 INFO root] 0.15310433506965637 0.7948809862136841 1.7791478880671179
[58 INFO root] 0.15304823219776154 0.7951479554176331 1.791246689916916
[58 INFO root] 0.15299232304096222 0.7953988909721375 1.8040204559784103
[58 INFO root] 0.1529364436864853 0.7956355810165405 1.817484545928605
[58 INFO root] 0.15288038551807404 0.7958595156669617 1.8316562605085382
[58 INFO root] 0.15282392501831055 0.7960723042488098 1.846554581194573
[58 INFO root] 0.15276680886745453 0.7962753176689148 1.8622003703948844
[58 INFO root] 0.15270878374576569 0.7964699268341064 1.8786161877940526
[58 INFO root] 0.15264952182769775 0.7966574430465698 1.895826356746863
[58 INFO root] 0.15258868038654327 0.7968389987945557 1.9138569677838355
[58 INFO root] 0.15252585709095 0.797015905380249 1.9327357066082052
[58 INFO root] 0.15246060490608215 0.7971892952919006 1.9524921509758004
[58 INFO root] 0.1523924171924591 0.7973601818084717 1.9731576146864553
[58 INFO root] 0.15232068300247192 0.7975296974182129 1.994764975480437
[58 INFO root] 0.15224474668502808 0.7976989150047302 2.017348845662953
[58 INFO root] 0.15216384828090668 0.7978687882423401 2.0409455140954305
[58 INFO root] 0.15207712352275848 0.7980404496192932 2.06559269643824
[58 INFO root] 0.1519835889339447 0.7982147932052612 2.0913297496299377
[58 INFO root] 0.1518821120262146 0.7983928322792053 2.1181971703853057
[58 INFO root] 0.1517714112997055 0.7985755205154419 2.1462365743694263
[58 INFO root] 0.15165002644062042 0.7987637519836426 2.1754903673064914
[58 INFO root] 0.15151631832122803 0.798958420753479 2.206001283067581
[58 INFO root] 0.1513683795928955 0.7991603016853333 2.237811946912309
[58 INFO root] 0.15120409429073334 0.799370288848877 2.270964061120789
[58 INFO root] 0.1510210484266281 0.7995888590812683 2.3054979768493293
[58 INFO root] 0.15081654489040375 0.7998167276382446 2.3414509731317454
[58 INFO root] 0.1505875587463379 0.8000541925430298 2.378856696868443
[58 INFO root] 0.15033069252967834 0.8003013730049133 2.417743103272956
[58 INFO root] 0.15004222095012665 0.8005582094192505 2.4581305375399216
[58 INFO root] 0.14971806108951569 0.8008242249488831 2.5000297244628986
[58 INFO root] 0.1493537724018097 0.8010985851287842 2.543438990702024
[58 INFO root] 0.14894460141658783 0.8013797998428345 2.5883414210414117
[58 INFO root] 0.14848555624485016 0.8016659617424011 2.6347011868665056
[58 INFO root] 0.1479714810848236 0.8019542694091797 2.6824604654524555
[58 INFO root] 0.1473972201347351 0.802241325378418 2.731535335040869
[58 INFO root] 0.1467577964067459 0.8025227785110474 2.7818127453262376
[58 INFO root] 0.14604857563972473 0.8027933239936829 2.833147235105731
[58 INFO root] 0.14526565372943878 0.8030468821525574 2.8853583982349393
[58 INFO root] 0.14440608024597168 0.8032765984535217 2.9382301036346736
[58 INFO root] 0.14346814155578613 0.8034748435020447 2.9915111602768634
[58 INFO root] 0.14245173335075378 0.8036337494850159 3.044917502795968
[58 INFO root] 0.14135858416557312 0.8037452697753906 3.098137502600401
[58 INFO root] 0.14019238948822021 0.8038018941879272 -3.13234639483342
[58 INFO root] 0.1389588564634323 0.803796648979187 -3.0805065751925813
[58 INFO root] 0.13766562938690186 0.8037239909172058 -3.029871841500909
[58 INFO root] 0.1363220363855362 0.8035799264907837 -2.9807739748120916
[58 INFO root] 0.13493868708610535 0.803362250328064 -2.933521703191321
[58 INFO root] 0.13352704048156738 0.8030710220336914 -2.8883908506447864
[58 INFO root] 0.13209886848926544 0.8027082085609436 -2.845615738542233
[58 INFO root] 0.13066570460796356 0.8022777438163757 -2.8053842669018962
[58 INFO root] 0.12923848628997803 0.8017853498458862 -2.767835569530948
[58 INFO root] 0.12782703340053558 0.8012378811836243 -2.733060248680126
[58 INFO root] 0.12643995881080627 0.8006432056427002 -2.7011039008592834
[58 INFO root] 0.12508440017700195 0.800009548664093 -2.6719717925283724
[58 INFO root] 0.12376603484153748 0.7993453741073608 -2.6456352928308955
[58 INFO root] 0.12248910963535309 0.7986589074134827 -2.6220382372495443
[58 INFO root] 0.12125657498836517 0.7979578375816345 -2.6011035762083012
[58 INFO root] 0.1200702115893364 0.7972493767738342 -2.582739704360374
[58 INFO root] 0.11893080174922943 0.796539843082428 -2.5668455416117113
[58 INFO root] 0.1178383007645607 0.7958347797393799 -2.5533154072056528
[58 INFO root] 0.1167919933795929 0.7951388955116272 -2.542042690836105
[58 INFO root] 0.11579064279794693 0.7944562435150146 -2.532922764696985
[58 INFO root] 0.11483261734247208 0.7937898635864258 -2.5258548341254388
[58 INFO root] 0.11391599476337433 0.7931423783302307 -2.5207439953731545
[58 INFO root] 0.11303865164518356 0.7925156354904175 -2.5175017195603964
[58 INFO root] 0.11219833046197891 0.7919109463691711 -2.516046717666478
[58 INFO root] 0.11138508468866348 0.7913236618041992 -2.5159190096605117
[58 INFO root] 0.11057450622320175 0.790738046169281 -2.5159190096605117
[58 INFO root] 0.10976394265890121 0.7901524305343628 -2.5159190096605117
[58 INFO root] 0.10895337164402008 0.7895667552947998 -2.5159190096605117
[58 INFO root] 0.10814280062913895 0.7889811396598816 -2.5159190096605117
[58 INFO root] 0.10733223706483841 0.7883954644203186 -2.5159190096605117
[58 INFO root] 0.10652166604995728 0.7878098487854004 -2.5159190096605117
[58 INFO root] 0.10571109503507614 0.7872241735458374 -2.5159190096605117
[58 INFO root] 0.1049005314707756 0.7866385579109192 -2.5159190096605117
[58 INFO root] 0.10408996045589447 0.7860528826713562 -2.5159190096605117
[58 INFO root] 0.10327938944101334 0.785467267036438 -2.5159190096605117
[58 INFO root] 0.1024688184261322 0.7848816514015198 -2.5159190096605117
[58 INFO root] 0.10165825486183167 0.7842959761619568 -2.5159190096605117
[58 INFO root] 0.10084768384695053 0.7837103605270386 -2.5159190096605117
[58 INFO root] 0.1000371128320694 0.7831246852874756 -2.5159190096605117
[58 INFO root] 0.09922654926776886 0.7825390696525574 -2.5159190096605117
[58 INFO root] 0.09841597825288773 0.7819533944129944 -2.5159190096605117
[58 INFO root] 0.09760540723800659 0.7813677787780762 -2.5159190096605117
[58 INFO root] 0.09679484367370605 0.7807821035385132 -2.5159190096605117
[58 INFO root] 0.09598427265882492 0.780196487903595 -2.5159190096605117
[58 INFO root] 0.09517370164394379 0.779610812664032 -2.5159190096605117
[58 INFO root] 0.09436313062906265 0.7790251970291138 -2.5159190096605117
[58 INFO root] 0.09355256706476212 0.7784395217895508 -2.5159190096605117
[58 INFO root] 0.09274199604988098 0.7778539061546326 -2.5159190096605117
[58 INFO root] 0.09193142503499985 0.7772682309150696 -2.5159190096605117
[58 INFO root] 0.09112086147069931 0.7766826152801514 -2.5159190096605117
[58 INFO root] 0.09031029045581818 0.7760969996452332 -2.5159190096605117
[58 INFO root] 0.08949971944093704 0.7755113244056702 -2.5159190096605117
[58 INFO root] 0.0886891558766365 0.774925708770752 -2.5159190096605117
[58 INFO root] 0.08787858486175537 0.774340033531189 -2.5159190096605117
[58 INFO root] 0.08706801384687424 0.7737544178962708 -2.5159190096605117
[58 INFO root] 0.0862574428319931 0.7731687426567078 -2.5159190096605117
[58 INFO root] 0.08544687926769257 0.7725831270217896 -2.5159190096605117
[58 INFO root] 0.08463630825281143 0.7719974517822266 -2.5159190096605117
[58 INFO root] 0.0838257372379303 0.7714118361473083 -2.5159190096605117
[58 INFO root] 0.08301517367362976 0.7708261609077454 -2.5159190096605117
[58 INFO root] 0.08220460265874863 0.7702405452728271 -2.5159190096605117
[58 INFO root] 0.08139403164386749 0.7696548700332642 -2.5159190096605117
[58 INFO root] 0.08058346807956696 0.769069254398346 -2.5159190096605117
[58 INFO root] 0.07977289706468582 0.768483579158783 -2.5159190096605117
[58 INFO root] 0.07896232604980469 0.7678979635238647 -2.5159190096605117
[58 INFO root] 0.07815176248550415 0.7673123478889465 -2.5159190096605117
[58 INFO root] 0.07734119147062302 0.7667266726493835 -2.5159190096605117
[58 INFO root] 0.07653062045574188 0.7661410570144653 -2.5159190096605117
[58 INFO root] 0.07572004944086075 0.7655553817749023 -2.5159190096605117
[58 INFO root] 0.07490948587656021 0.7649697661399841 -2.5159190096605117
[58 INFO root] 0.07409891486167908 0.7643840909004211 -2.5159190096605117
[58 INFO root] 0.07328834384679794 0.7637984752655029 -2.5159190096605117
[58 INFO root] 0.0724777802824974 0.7632128000259399 -2.5159190096605117
[58 INFO root] 0.07166720926761627 0.7626271843910217 -2.5159190096605117
[58 INFO root] 0.07085663825273514 0.7620415091514587 -2.5159190096605117
[58 INFO root] 0.0700460746884346 0.7614558935165405 -2.5159190096605117
[58 INFO root] 0.06923550367355347 0.7608702182769775 -2.5159190096605117
[58 INFO root] 0.06842493265867233 0.7602846026420593 -2.5159190096605117
[58 INFO root] 0.0676143616437912 0.7596989274024963 -2.5159190096605117
[58 INFO root] 0.06680379807949066 0.7591133117675781 -2.5159190096605117
[58 INFO root] 0.06599322706460953 0.7585276961326599 -2.5159190096605117
[58 INFO root] 0.0651826560497284 0.7579420208930969 -2.5159190096605117
[58 INFO root] 0.06437209248542786 0.7573564052581787 -2.5159190096605117
[58 INFO root] 0.06356152147054672 0.7567707300186157 -2.5159190096605117
[58 INFO root] 0.06275095045566559 0.7561851143836975 -2.5159190096605117
[58 INFO root] 0.06194038316607475 0.7555994391441345 -2.5159190096605117
[58 INFO root] 0.06112981587648392 0.7550138235092163 -2.5159190096605117
[58 INFO root] 0.06031924486160278 0.7544281482696533 -2.5159190096605117
[58 INFO root] 0.05950867757201195 0.7538425326347351 -2.5159190096605117
[58 INFO root] 0.058698106557130814 0.7532568573951721 -2.5159190096605117
[58 INFO root] 0.05788753926753998 0.7526712417602539 -2.5159190096605117
[58 INFO root] 0.05707697197794914 0.7520855665206909 -2.5159190096605117
[58 INFO root] 0.05626640096306801 0.7514999508857727 -2.5159190096605117
[58 INFO root] 0.05545583367347717 0.7509142756462097 -2.5159190096605117
[58 INFO root] 0.05464526265859604 0.7503286600112915 -2.5159190096605117
[58 INFO root] 0.0538346953690052 0.7497430443763733 -2.5159190096605117
[58 INFO root] 0.05302412807941437 0.7491573691368103 -2.5159190096605117
[58 INFO root] 0.052213557064533234 0.7485717535018921 -2.5159190096605117
[58 INFO root] 0.0514029897749424 0.7479860782623291 -2.5159190096605117
[58 INFO root] 0.050592418760061264 0.7474004626274109 -2.5159190096605117
[58 INFO root] 0.04978185147047043 0.7468147873878479 -2.5159190096605117
[58 INFO root] 0.04897128418087959 0.7462291717529297 -2.5159190096605117
[58 INFO root] 0.04816071316599846 0.7456434965133667 -2.5159190096605117
[58 INFO root] 0.04735014587640762 0.7450578808784485 -2.5159190096605117
[58 INFO root] 0.04653957486152649 0.7444722056388855 -2.5159190096605117
[58 INFO root] 0.045729007571935654 0.7438865900039673 -2.5159190096605117
[58 INFO root] 0.04491844028234482 0.7433009147644043 -2.5159190096605117
[58 INFO root] 0.044107869267463684 0.7427152991294861 -2.5159190096605117
[58 INFO root] 0.04329730197787285 0.7421296238899231 -2.5159190096605117
[58 INFO root] 0.04248673468828201 0.7415440082550049 -2.5159190096605117
[58 INFO root] 0.04167616367340088 0.7409583926200867 -2.5159190096605117
[58 INFO root] 0.04086559638381004 0.7403727173805237 -2.5159190096605117
[58 INFO root] 0.04005502536892891 0.7397871017456055 -2.5159190096605117
[58 INFO root] 0.039244458079338074 0.7392014265060425 -2.5159190096605117
[58 INFO root] 0.03843389078974724 0.7386158108711243 -2.5159190096605117
[58 INFO root] 0.037623319774866104 0.7380301356315613 -2.5159190096605117
[58 INFO root] 0.03681275248527527 0.7374445199966431 -2.5159190096605117
[58 INFO root] 0.036002181470394135 0.7368588447570801 -2.5159190096605117
[58 INFO root] 0.0351916141808033 0.7362732291221619 -2.5159190096605117
[58 INFO root] 0.03438104689121246 0.7356875538825989 -2.5159190096605117
[58 INFO root] 0.03357047587633133 0.7351019382476807 -2.5159190096605117
[58 INFO root] 0.032759908586740494 0.7345162630081177 -2.5159190096605117
[58 INFO root] 0.03194933757185936 0.7339306473731995 -2.5159190096605117
[58 INFO root] 0.031138770282268524 0.7333449721336365 -2.5159190096605117
[58 INFO root] 0.03032820113003254 0.7327593564987183 -2.5159190096605117
[58 INFO root] 0.029517631977796555 0.7321737408638 -2.5159190096605117
[58 INFO root] 0.02870706468820572 0.7315880656242371 -2.5159190096605117
[58 INFO root] 0.027896495535969734 0.7310024499893188 -2.5159190096605117
[58 INFO root] 0.02708592638373375 0.7304167747497559 -2.5159190096605117
[58 INFO root] 0.026275357231497765 0.7298311591148376 -2.5159190096605117
[58 INFO root] 0.02546478807926178 0.7292454838752747 -2.5159190096605117
[58 INFO root] 0.024654220789670944 0.7286598682403564 -2.5159190096605117
[58 INFO root] 0.02384365163743496 0.7280741930007935 -2.5159190096605117
[58 INFO root] 0.023033082485198975 0.7274885773658752 -2.5159190096605117
[58 INFO root] 0.02222251333296299 0.7269029021263123 -2.5159190096605117
[58 INFO root] 0.021411944180727005 0.726317286491394 -2.5159190096605117
[58 INFO root] 0.02060137689113617 0.725731611251831 -2.5159190096605117
[58 INFO root] 0.019790807738900185 0.7251459956169128 -2.5159190096605117
[58 INFO root] 0.0189802385866642 0.7245603203773499 -2.5159190096605117
[58 INFO root] 0.018169669434428215 0.7239747047424316 -2.5159190096605117
[58 INFO root] 0.01735910028219223 0.7233890891075134 -2.5159190096605117
[58 INFO root] 0.016548532992601395 0.7228034138679504 -2.5159190096605117
[58 INFO root] 0.01573796384036541 0.7222177982330322 -2.5159190096605117
[58 INFO root] 0.014927394688129425 0.7216321229934692 -2.5159190096605117
[58 INFO root] 0.01411682553589344 0.721046507358551 -2.5159190096605117
[58 INFO root] 0.01330625731498003 0.720460832118988 -2.5159190096605117
[58 INFO root] 0.012495688162744045 0.7198752164840698 -2.5159190096605117
[58 INFO root] 0.011685119941830635 0.7192895412445068 -2.5159190096605117
[58 INFO root] 0.01087455078959465 0.7187039256095886 -2.5159190096605117
[58 INFO root] 0.010063981637358665 0.7181182503700256 -2.5159190096605117
[58 INFO root] 0.009253413416445255 0.7175326347351074 -2.5159190096605117
[58 INFO root] 0.00844284426420927 0.7169469594955444 -2.5159190096605117
[58 INFO root] 0.007632275577634573 0.7163613438606262 -2.5159190096605117
[58 INFO root] 0.0068217068910598755 0.715775728225708 -2.5159190096605117
[58 INFO root] 0.006011138204485178 0.715190052986145 -2.5159190096605117
[58 INFO root] 0.0052005695179104805 0.7146044373512268 -2.5159190096605117
[58 INFO root] 0.004390000831335783 0.7140187621116638 -2.5159190096605117
[58 INFO root] 0.003579431911930442 0.7134331464767456 -2.5159190096605117
[58 INFO root] 0.0027688632253557444 0.7128474712371826 -2.5159190096605117
[58 INFO root] 0.001958294305950403 0.7122618556022644 -2.5159190096605117
[58 INFO root] 0.0011477256193757057 0.7116761803627014 -2.5159190096605117
[58 INFO root] 0.0003371568163856864 0.7110905647277832 -2.5159190096605117
[58 INFO root] -0.00047341195750050247 0.7105048894882202 -2.5159190096605117
[58 INFO root] -0.0012839806731790304 0.709919273853302 -2.5159190096605117
[58 INFO root] -0.0020945495925843716 0.709333598613739 -2.5159190096605117
[58 INFO root] -0.002905118279159069 0.7087479829788208 -2.5159190096605117
[58 INFO root] -0.0037156869657337666 0.7081623077392578 -2.5159190096605117
[58 INFO root] -0.004526255652308464 0.7075766921043396 -2.5159190096605117
[58 INFO root] -0.0053368243388831615 0.7069910764694214 -2.5159190096605117
[58 INFO root] -0.006147393491119146 0.7064054012298584 -2.5159190096605117
[58 INFO root] -0.006957962177693844 0.7058197855949402 -2.5159190096605117
[58 INFO root] -0.007768530864268541 0.7052341103553772 -2.5159190096605117
[58 INFO root] -0.008579099550843239 0.704648494720459 -2.5159190096605117
[58 INFO root] -0.009389668703079224 0.704062819480896 -2.5159190096605117
[58 INFO root] -0.010200236923992634 0.7034772038459778 -2.5159190096605117
[58 INFO root] -0.011010806076228619 0.7028915286064148 -2.5159190096605117
[58 INFO root] -0.011821374297142029 0.7023059129714966 -2.5159190096605117
[58 INFO root] -0.012631943449378014 0.7017202377319336 -2.5159190096605117
[58 INFO root] -0.013442512601613998 0.7011346220970154 -2.5159190096605117
[58 INFO root] -0.014253080822527409 0.7005489468574524 -2.5159190096605117
[58 INFO root] -0.015063649974763393 0.6999633312225342 -2.5159190096605117
[58 INFO root] -0.015874218195676804 0.6993776559829712 -2.5159190096605117
[58 INFO root] -0.01668478734791279 0.698792040348053 -2.5159190096605117
[58 INFO root] -0.017495356500148773 0.6982064247131348 -2.5159190096605117
[58 INFO root] -0.018305925652384758 0.6976207494735718 -2.5159190096605117
[58 INFO root] -0.019116492941975594 0.6970351338386536 -2.5159190096605117
[58 INFO root] -0.01992706209421158 0.6964494585990906 -2.5159190096605117
[58 INFO root] -0.020737631246447563 0.6958638429641724 -2.5159190096605117
[58 INFO root] -0.021548200398683548 0.6952781677246094 -2.5159190096605117
[58 INFO root] -0.022358769550919533 0.6946925520896912 -2.5159190096605117
[58 INFO root] -0.02316933684051037 0.6941068768501282 -2.5159190096605117
[58 INFO root] -0.023979905992746353 0.69352126121521 -2.5159190096605117
[58 INFO root] -0.024790475144982338 0.692935585975647 -2.5159190096605117
[58 INFO root] -0.025601044297218323 0.6923499703407288 -2.5159190096605117
[58 INFO root] -0.026411613449454308 0.6917642951011658 -2.5159190096605117
[58 INFO root] -0.027222180739045143 0.6911786794662476 -2.5159190096605117
[58 INFO root] -0.028032749891281128 0.6905930042266846 -2.5159190096605117
[58 INFO root] -0.028843319043517113 0.6900073885917664 -2.5159190096605117
[58 INFO root] -0.029653888195753098 0.6894217729568481 -2.5159190096605117
[58 INFO root] -0.030464457347989082 0.6888360977172852 -2.5159190096605117
[58 INFO root] -0.03127502650022507 0.6882504820823669 -2.5159190096605117
[58 INFO root] -0.0320855937898159 0.687664806842804 -2.5159190096605117
[58 INFO root] -0.03289616107940674 0.6870791912078857 -2.5159190096605117
[58 INFO root] -0.03370673209428787 0.6864935159683228 -2.5159190096605117
[58 INFO root] -0.03451729938387871 0.6859079003334045 -2.5159190096605117
[58 INFO root] -0.03532787039875984 0.6853222250938416 -2.5159190096605117
[58 INFO root] -0.03610193729400635 0.6847629547119141 -2.515519029166506
[58 INFO root] -0.036837730556726456 0.6842309236526489 -2.5146870396141883
[58 INFO root] -0.037538543343544006 0.6837233901023865 -2.5134449005612125
[58 INFO root] -0.038207557052373886 0.683237612247467 -2.5118132806827584
[58 INFO root] -0.038847751915454865 0.6827712059020996 -2.509811017320136
[58 INFO root] -0.03946193680167198 0.6823219656944275 -2.5074557414674215
[58 INFO root] -0.04005277156829834 0.6818876266479492 -2.5047644838517087
[58 INFO root] -0.040622808039188385 0.6814662218093872 -2.5017542690623316
[58 INFO root] -0.041174519807100296 0.6810559034347534 -2.498442720509693
[58 INFO root] -0.04171033948659897 0.6806545853614807 -2.494848716340711
[58 INFO root] -0.04223267361521721 0.6802604794502258 -2.4909930383455796
[58 INFO root] -0.042743951082229614 0.6798716187477112 -2.48689897243364
[58 INFO root] -0.04324660077691078 0.679486095905304 -2.482592842291628
[58 INFO root] -0.04374309629201889 0.6791019439697266 -2.4781044600558757
[58 INFO root] -0.0442359633743763 0.6787170171737671 -2.4734681576690916
[58 INFO root] -0.044727809727191925 0.6783292293548584 -2.468723255890535
[58 INFO root] -0.04522115737199783 0.6779364347457886 -2.46391202234871
[58 INFO root] -0.04571838304400444 0.6775366067886353 -2.459078709829665
[58 INFO root] -0.04622169956564903 0.6771278977394104 -2.454268802833279
[58 INFO root] -0.04673311486840248 0.6767085194587708 -2.4495280659820318
[58 INFO root] -0.04725440591573715 0.6762768626213074 -2.4449013794882637
[58 INFO root] -0.04778708145022392 0.6758316159248352 -2.4404314066591617
[58 INFO root] -0.04833236709237099 0.6753716468811035 -2.4361571610015478
[58 INFO root] -0.048891160637140274 0.6748961806297302 -2.432112560898453
[58 INFO root] -0.04946403577923775 0.6744046807289124 -2.428325074424224
[58 INFO root] -0.05005121976137161 0.6738970279693604 -2.424814561663232
[58 INFO root] -0.05065259709954262 0.6733733415603638 -2.421592415512673
[58 INFO root] -0.05126771330833435 0.6728342175483704 -2.418661081902832
[58 INFO root] -0.05189579725265503 0.6722803711891174 -2.416014009249555
[58 INFO root] -0.05253579840064049 0.6717129945755005 -2.4136360375953125
[58 INFO root] -0.05318640172481537 0.6711334586143494 -2.411504196394098
[58 INFO root] -0.0538460947573185 0.6705431938171387 -2.4095888431514796
[58 INFO root] -0.054513201117515564 0.6699440479278564 -2.407855048258277
[58 INFO root] -0.055185943841934204 0.6693376302719116 -2.406264117974892
[58 INFO root] -0.055862486362457275 0.668725848197937 -2.404775148882035
[58 INFO root] -0.05654099956154823 0.6681104302406311 -2.403346520272888
[58 INFO root] -0.05721969157457352 0.6674931049346924 -2.4019372530211527
[58 INFO root] -0.057896874845027924 0.6668753623962402 -2.400508189167155
[58 INFO root] -0.0585709810256958 0.666258692741394 -2.399022971141921
[58 INFO root] -0.05924060940742493 0.6656442880630493 -2.397448820980427
[58 INFO root] -0.05990453436970711 0.6650331616401672 -2.39575713465733
[58 INFO root] -0.060561757534742355 0.6644262075424194 -2.3939239238282863
[58 INFO root] -0.0612114816904068 0.6638239622116089 -2.391930105644615
[58 INFO root] -0.06185314804315567 0.663226842880249 -2.389761647966436
[58 INFO root] -0.062486421316862106 0.6626349687576294 -2.3874096001091645
[58 INFO root] -0.06311119347810745 0.66204833984375 -2.3848700400169545
[58 INFO root] -0.06372755020856857 0.661466658115387 -2.382143960040522
[58 INFO root] -0.06433580070734024 0.6608895063400269 -2.3792371037007083
[58 INFO root] -0.06493642181158066 0.6603162884712219 -2.3761597556653578
[58 INFO root] -0.06553006172180176 0.6597462296485901 -2.3729264820226965
[58 INFO root] -0.06608779728412628 0.6592072248458862 -2.372435341905283
[58 INFO root] -0.06660670787096024 0.658704936504364 -2.3754799177845016
[58 INFO root] -0.06709510833024979 0.658234715461731 -2.381922305540912
[58 INFO root] -0.06756170094013214 0.6577909588813782 -2.3915739159409894
[58 INFO root] -0.06801452487707138 0.6573682427406311 -2.4042696862178983
[58 INFO root] -0.0684611052274704 0.6569616198539734 -2.419861931179788
[58 INFO root] -0.06890852004289627 0.6565665602684021 -2.4382140914185317
[58 INFO root] -0.06936348229646683 0.6561793088912964 -2.4591952526524468
[58 INFO root] -0.06983241438865662 0.6557965874671936 -2.482675476892932
[58 INFO root] -0.0703214481472969 0.6554161310195923 -2.508521785770756
[58 INFO root] -0.07083644717931747 0.655036211013794 -2.536594760665268
[58 INFO root] -0.07138287276029587 0.654656171798706 -2.5667446944203167
[58 INFO root] -0.07196563482284546 0.6542761921882629 -2.5988090173731644
[58 INFO root] -0.07258899509906769 0.6538975834846497 -2.6326119462342406
[58 INFO root] -0.07325645536184311 0.6535223126411438 -2.6679656218331496
[58 INFO root] -0.0739707350730896 0.653153121471405 -2.7046721567913896
[58 INFO root] -0.0747336596250534 0.6527935862541199 -2.742526216573681
[58 INFO root] -0.07554611563682556 0.6524474620819092 -2.78131808597116
[58 INFO root] -0.07640806585550308 0.6521191000938416 -2.8208370755926926
[58 INFO root] -0.07731849700212479 0.651812732219696 -2.8608750719075524
[58 INFO root] -0.07827549427747726 0.6515328288078308 -2.9012300308673393
[58 INFO root] -0.07927632331848145 0.651283323764801 -2.941709222304065
[58 INFO root] -0.08031752705574036 0.6510681509971619 -2.9821320476092534
[58 INFO root] -0.08139503002166748 0.6508904695510864 -3.0223322792999063
[58 INFO root] -0.08250436931848526 0.6507531404495239 -3.062159609260583
[58 INFO root] -0.08364076912403107 0.6506581902503967 -3.10148044151282
[58 INFO root] -0.08479936420917511 0.650607168674469 -3.1401779214262358
[58 INFO root] -0.08597531169652939 0.6506010293960571 3.1050340567742647
[58 INFO root] -0.08716391772031784 0.6506400108337402 3.0678709206938524
[58 INFO root] -0.08836076408624649 0.6507239937782288 3.0315910363412524
[58 INFO root] -0.08956178277730942 0.6508522629737854 2.996256563423965
[58 INFO root] -0.09076326340436935 0.651023805141449 2.96192098734344
[58 INFO root] -0.09196194261312485 0.6512372493743896 2.9286313248737494
[58 INFO root] -0.09315493702888489 0.651491105556488 2.8964301734748656
[58 INFO root] -0.0943397805094719 0.6517835259437561 2.865357498071138
[58 INFO root] -0.09551438689231873 0.6521125435829163 2.8354520836250545
[58 INFO root] -0.09667700529098511 0.6524761915206909 2.806752615570305
[58 INFO root] -0.09782619774341583 0.6528723239898682 2.7792983798380275
[58 INFO root] -0.09896080195903778 0.6532987952232361 2.753129597823397
[58 INFO root] -0.10007990151643753 0.653753399848938 2.7282874283897565
[58 INFO root] -0.10118281841278076 0.6542338132858276 2.7048136821817685
[58 INFO root] -0.10226905345916748 0.6547378301620483 2.682750301807357
[58 INFO root] -0.1033383160829544 0.6552630662918091 2.6621386651253367
[58 INFO root] -0.10439047962427139 0.655807375907898 2.643018769176485
[58 INFO root] -0.10542559623718262 0.6563683748245239 2.625428350091044
[58 INFO root] -0.1064438745379448 0.6569438576698303 2.6094019901248586
[58 INFO root] -0.10744568705558777 0.6575315594673157 2.594970257186673
[58 INFO root] -0.10843154788017273 0.6581295132637024 2.582158915141198
[58 INFO root] -0.10940214991569519 0.6587355136871338 2.570988235159394
[58 INFO root] -0.11035830527544022 0.659347653388977 2.561472429861311
[58 INFO root] -0.1113009825348854 0.6599641442298889 2.5536192234380097
[58 INFO root] -0.11223127692937851 0.6605832576751709 2.547429562835674
[58 INFO root] -0.11315040290355682 0.6612033843994141 2.542897467700642
[58 INFO root] -0.1140596866607666 0.6618230938911438 2.5400100105313594
[58 INFO root] -0.11495446413755417 0.6624369621276855 2.538020048562462
[58 INFO root] -0.11583315581083298 0.663042426109314 2.5364905375895677
[58 INFO root] -0.11669720709323883 0.6636399030685425 2.5353429179414744
[58 INFO root] -0.11754820495843887 0.6642297506332397 2.534537588163233
[58 INFO root] -0.1183876097202301 0.6648126840591431 2.5340392923667467
[58 INFO root] -0.11921672523021698 0.6653890609741211 2.533816598056878
[58 INFO root] -0.12003836780786514 0.6659606099128723 2.533797053584868
[58 INFO root] -0.12085928022861481 0.6665316820144653 2.533797053584868
[58 INFO root] -0.12168018519878387 0.6671026945114136 2.533797053584868
[58 INFO root] -0.12250109761953354 0.6676737666130066 2.533797053584868
[58 INFO root] -0.1233220025897026 0.6682448387145996 2.533797053584868
[58 INFO root] -0.12414291501045227 0.6688159108161926 2.533797053584868
[58 INFO root] -0.12496381998062134 0.6693869829177856 2.533797053584868
[58 INFO root] -0.1257847249507904 0.6699579954147339 2.533797053584868
[58 INFO root] -0.12660564482212067 0.6705290675163269 2.533797053584868
[58 INFO root] -0.12742654979228973 0.6711001396179199 2.533797053584868
[58 INFO root] -0.1282474547624588 0.6716712117195129 2.533797053584868
[58 INFO root] -0.12906835973262787 0.6722422242164612 2.533797053584868
[58 INFO root] -0.12988927960395813 0.6728132963180542 2.533797053584868
[58 INFO root] -0.1307101845741272 0.6733843684196472 2.533797053584868
[58 INFO root] -0.13153108954429626 0.6739554405212402 2.533797053584868
[58 INFO root] -0.13235199451446533 0.6745265126228333 2.533797053584868
[58 INFO root] -0.1331729143857956 0.6750975251197815 2.533797053584868
[58 INFO root] -0.13399381935596466 0.6756685972213745 2.533797053584868
[58 INFO root] -0.13481472432613373 0.6762396693229675 2.533797053584868
[58 INFO root] -0.1356356292963028 0.6768107414245605 2.533797053584868
[58 INFO root] -0.13645654916763306 0.6773817539215088 2.533797053584868
[58 INFO root] -0.13727745413780212 0.6779528260231018 2.533797053584868
[58 INFO root] -0.1380983591079712 0.6785238981246948 2.533797053584868
[58 INFO root] -0.13891926407814026 0.6790949702262878 2.533797053584868
[58 INFO root] -0.13974018394947052 0.6796660423278809 2.533797053584868
[58 INFO root] -0.1405610889196396 0.6802370548248291 2.533797053584868
[58 INFO root] -0.14138199388980865 0.6808081269264221 2.533797053584868
[58 INFO root] -0.14220291376113892 0.6813791990280151 2.533797053584868
[58 INFO root] -0.14302381873130798 0.6819502711296082 2.533797053584868
[58 INFO root] -0.14384472370147705 0.6825213432312012 2.533797053584868
[58 INFO root] -0.14466562867164612 0.6830923557281494 2.533797053584868
[58 INFO root] -0.14548654854297638 0.6836634278297424 2.533797053584868
[58 INFO root] -0.14630745351314545 0.6842344999313354 2.533797053584868
[58 INFO root] -0.14712835848331451 0.6848055720329285 2.533797053584868
[58 INFO root] -0.14794926345348358 0.6853765845298767 2.533797053584868
[58 INFO root] -0.14877018332481384 0.6859476566314697 2.533797053584868
[58 INFO root] -0.1495910882949829 0.6865187287330627 2.533797053584868
[58 INFO root] -0.15041199326515198 0.6870898008346558 2.533797053584868
[58 INFO root] -0.15123289823532104 0.6876608729362488 2.533797053584868
[58 INFO root] -0.1520538181066513 0.688231885433197 2.533797053584868
[58 INFO root] -0.15287472307682037 0.68880295753479 2.533797053584868
[58 INFO root] -0.15369562804698944 0.6893740296363831 2.533797053584868
[58 INFO root] -0.1545165330171585 0.6899451017379761 2.533797053584868
[58 INFO root] -0.15533745288848877 0.6905161738395691 2.533797053584868
[58 INFO root] -0.15615835785865784 0.6910871863365173 2.533797053584868
[58 INFO root] -0.1569792628288269 0.6916582584381104 2.533797053584868
[58 INFO root] -0.15780016779899597 0.6922293305397034 2.533797053584868
[58 INFO root] -0.15862108767032623 0.6928004026412964 2.533797053584868
[58 INFO root] -0.1594419926404953 0.6933714151382446 2.533797053584868
[58 INFO root] -0.16026289761066437 0.6939424872398376 2.533797053584868
[58 INFO root] -0.16108380258083344 0.6945135593414307 2.533797053584868
[58 INFO root] -0.1619047224521637 0.6950846314430237 2.533797053584868
[58 INFO root] -0.16272562742233276 0.6956557035446167 2.533797053584868
[58 INFO root] -0.16354653239250183 0.6962267160415649 2.533797053584868
[58 INFO root] -0.1643674522638321 0.696797788143158 2.533797053584868
[58 INFO root] -0.16518835723400116 0.697368860244751 2.533797053584868
[58 INFO root] -0.16600926220417023 0.697939932346344 2.533797053584868
[58 INFO root] -0.1668301671743393 0.6985109448432922 2.533797053584868
[58 INFO root] -0.16765108704566956 0.6990820169448853 2.533797053584868
[58 INFO root] -0.16847199201583862 0.6996530890464783 2.533797053584868
[58 INFO root] -0.1692928969860077 0.7002241611480713 2.533797053584868
[58 INFO root] -0.17011380195617676 0.7007952332496643 2.533797053584868
[58 INFO root] -0.17093472182750702 0.7013662457466125 2.533797053584868
[58 INFO root] -0.1717556267976761 0.7019373178482056 2.533797053584868
[58 INFO root] -0.17257653176784515 0.7025083899497986 2.533797053584868
[58 INFO root] -0.17339743673801422 0.7030794620513916 2.533797053584868
[58 INFO root] -0.17421835660934448 0.7036505341529846 2.533797053584868
[58 INFO root] -0.17503926157951355 0.7042215466499329 2.533797053584868
[58 INFO root] -0.17586016654968262 0.7047926187515259 2.533797053584868
[58 INFO root] -0.17668107151985168 0.7053636908531189 2.533797053584868
[58 INFO root] -0.17750199139118195 0.7059347629547119 2.533797053584868
[58 INFO root] -0.178322896361351 0.7065057754516602 2.533797053584868
[58 INFO root] -0.17914380133152008 0.7070768475532532 2.533797053584868
[58 INFO root] -0.17996470630168915 0.7076479196548462 2.533797053584868
[58 INFO root] -0.1807856261730194 0.7082189917564392 2.533797053584868
[58 INFO root] -0.18160653114318848 0.7087900638580322 2.533797053584868
[58 INFO root] -0.18242743611335754 0.7093610763549805 2.533797053584868
[58 INFO root] -0.1832483410835266 0.7099321484565735 2.533797053584868
[58 INFO root] -0.18406926095485687 0.7105032205581665 2.533797053584868
[58 INFO root] -0.18489016592502594 0.7110742926597595 2.533797053584868
[58 INFO root] -0.185711070895195 0.7116453647613525 2.533797053584868
[58 INFO root] -0.18653199076652527 0.7122163772583008 2.533797053584868
[58 INFO root] -0.18735289573669434 0.7127874493598938 2.533797053584868
[58 INFO root] -0.1881738007068634 0.7133585214614868 2.533797053584868
[58 INFO root] -0.18899470567703247 0.7139295935630798 2.533797053584868
[58 INFO root] -0.18981562554836273 0.7145006060600281 2.533797053584868
[58 INFO root] -0.1906365305185318 0.7150716781616211 2.533797053584868
[58 INFO root] -0.19145743548870087 0.7156427502632141 2.533797053584868
[58 INFO root] -0.19227834045886993 0.7162138223648071 2.533797053584868
[58 INFO root] -0.1930992603302002 0.7167848944664001 2.533797053584868
[58 INFO root] -0.19392016530036926 0.7173559069633484 2.533797053584868
[58 INFO root] -0.19474107027053833 0.7179269790649414 2.533797053584868
[58 INFO root] -0.1955619752407074 0.7184980511665344 2.533797053584868
[58 INFO root] -0.19638289511203766 0.7190691232681274 2.533797053584868
[58 INFO root] -0.19720380008220673 0.7196401953697205 2.533797053584868
[58 INFO root] -0.1980247050523758 0.7202112078666687 2.533797053584868
[58 INFO root] -0.19884561002254486 0.7207822799682617 2.533797053584868
[58 INFO root] -0.19966652989387512 0.7213533520698547 2.533797053584868
[58 INFO root] -0.2004874348640442 0.7219244241714478 2.533797053584868
[58 INFO root] -0.20130833983421326 0.722495436668396 2.533797053584868
[58 INFO root] -0.20212924480438232 0.723066508769989 2.533797053584868
[58 INFO root] -0.20295016467571259 0.723637580871582 2.533797053584868
[58 INFO root] -0.20377106964588165 0.724208652973175 2.533797053584868
[58 INFO root] -0.20459197461605072 0.7247797250747681 2.533797053584868
[58 INFO root] -0.2054128795862198 0.7253507375717163 2.533797053584868
[58 INFO root] -0.20623379945755005 0.7259218096733093 2.533797053584868
[58 INFO root] -0.20705470442771912 0.7264928817749023 2.533797053584868
[58 INFO root] -0.20787560939788818 0.7270639538764954 2.533797053584868
[58 INFO root] -0.20869652926921844 0.7276349663734436 2.533797053584868
[58 INFO root] -0.2095174342393875 0.7282060384750366 2.533797053584868
[58 INFO root] -0.21033833920955658 0.7287771105766296 2.533797053584868
[58 INFO root] -0.21115924417972565 0.7293481826782227 2.533797053584868
[58 INFO root] -0.2119801640510559 0.7299192547798157 2.533797053584868
[58 INFO root] -0.21280106902122498 0.7304902672767639 2.533797053584868
[58 INFO root] -0.21362197399139404 0.7310613393783569 2.533797053584868
[58 INFO root] -0.2144428789615631 0.73163241147995 2.533797053584868
[58 INFO root] -0.21526379883289337 0.732203483581543 2.533797053584868
[58 INFO root] -0.21608470380306244 0.732774555683136 2.533797053584868
[58 INFO root] -0.2169056087732315 0.7333455681800842 2.533797053584868
[58 INFO root] -0.21772651374340057 0.7339166402816772 2.533797053584868
[58 INFO root] -0.21854743361473083 0.7344877123832703 2.533797053584868
[58 INFO root] -0.2193683385848999 0.7350587844848633 2.533797053584868
[58 INFO root] -0.22018924355506897 0.7356297969818115 2.533797053584868
[58 INFO root] -0.22101014852523804 0.7362008690834045 2.533797053584868
[58 INFO root] -0.2218310683965683 0.7367719411849976 2.533797053584868
[58 INFO root] -0.22265197336673737 0.7373430132865906 2.533797053584868
[58 INFO root] -0.22347287833690643 0.7379140853881836 2.533797053584868
[58 INFO root] -0.2242937833070755 0.7384850978851318 2.533797053584868
[58 INFO root] -0.22511470317840576 0.7390561699867249 2.533797053584868
[58 INFO root] -0.22593560814857483 0.7396272420883179 2.533797053584868
[58 INFO root] -0.2267565131187439 0.7401983141899109 2.533797053584868
[58 INFO root] -0.22757741808891296 0.7407693862915039 2.533797053584868
[58 INFO root] -0.22839833796024323 0.7413403987884521 2.533797053584868
[58 INFO root] -0.2292192429304123 0.7419114708900452 2.533797053584868
[58 INFO root] -0.23004014790058136 0.7424825429916382 2.533797053584868
[58 INFO root] -0.23086106777191162 0.7430536150932312 2.533797053584868
[58 INFO root] -0.2316819727420807 0.7436246275901794 2.533797053584868
[58 INFO root] -0.23250287771224976 0.7441956996917725 2.533797053584868
[58 INFO root] -0.23332378268241882 0.7447667717933655 2.533797053584868
[58 INFO root] -0.23414470255374908 0.7453378438949585 2.533797053584868
[58 INFO root] -0.23496560752391815 0.7459089159965515 2.533797053584868
[58 INFO root] -0.23578651249408722 0.7464799284934998 2.533797053584868
[58 INFO root] -0.2366074174642563 0.7470510005950928 2.533797053584868
[58 INFO root] -0.23742833733558655 0.7476220726966858 2.533797053584868
[58 INFO root] -0.23824924230575562 0.7481931447982788 2.533797053584868
[58 INFO root] -0.23907014727592468 0.748764157295227 2.533797053584868
[58 INFO root] -0.23989105224609375 0.7493352293968201 2.533797053584868
[58 INFO root] -0.240711972117424 0.7499063014984131 2.533797053584868
[58 INFO root] -0.24153287708759308 0.7504773736000061 2.533797053584868
[58 INFO root] -0.24235378205776215 0.7510484457015991 2.533797053584868
[58 INFO root] -0.2431746870279312 0.7516194581985474 2.533797053584868
[58 INFO root] -0.24399560689926147 0.7521905303001404 2.533797053584868
[58 INFO root] -0.24481651186943054 0.7527616024017334 2.533797053584868
[58 INFO root] -0.2456374168395996 0.7533326745033264 2.533797053584868
[58 INFO root] -0.24645832180976868 0.7539037466049194 2.533797053584868
