[23 INFO root] Initialising Python Geth Console...
[23 INFO root] Initialising RandB board...
[23 INFO root] Initialising resource sensor...
[23 INFO root] Initialising random-walk...
[23 INFO root] Initialising navigation...
[23 INFO root] Initialising Odo...
[23 INFO root] Initialising odometry...
[23 INFO root] Initialising gps...
[23 INFO root] Initialising Ground sensor...
[23 INFO root] --//-- Starting Experiment --//--
[23 INFO root] x y direction
[23 INFO root] 0.6365569829940796 0.4774110019207001 -0.3894178627049747
[23 INFO root] 0.638291597366333 0.4766991436481476 -0.5486419315772658
[23 INFO root] 0.6430388689041138 0.47402259707450867 -0.6924098010586139
[23 INFO root] 0.6476247906684875 0.4703923463821411 -0.7901858065696339
[23 INFO root] 0.6514772176742554 0.4666195511817932 -0.854679054816014
[23 INFO root] 0.6546627879142761 0.46303170919418335 -0.9007057861185215
[23 INFO root] 0.6572461128234863 0.4598211944103241 -0.9282924507820336
[23 INFO root] 0.6593236923217773 0.4570710361003876 -0.9414037370326119
[23 INFO root] 0.6610018610954285 0.4547760486602783 -0.9443212107672577
[23 INFO root] 0.6624320149421692 0.45280131697654724 -0.9469600844332632
[23 INFO root] 0.6638022661209106 0.45089852809906006 -0.9643656015842224
[23 INFO root] 0.6651753187179565 0.44892618060112 -1.00026050595941
[23 INFO root] 0.666572093963623 0.4467655420303345 -1.0511919165372225
[23 INFO root] 0.6679980754852295 0.44429928064346313 -1.1109048599726183
[23 INFO root] 0.6694263219833374 0.44145452976226807 -1.1719793878947138
[23 INFO root] 0.6708046197891235 0.4382343590259552 -1.2271560186161905
[23 INFO root] 0.672086238861084 0.4347105324268341 -1.27066561111407
[23 INFO root] 0.6732523441314697 0.43099814653396606 -1.2991682195484957
[23 INFO root] 0.6743214130401611 0.4272012412548065 -1.3135003697669796
[23 INFO root] 0.6753286123275757 0.4233956038951874 -1.3160934552385652
[23 INFO root] 0.676308274269104 0.419636994600296 -1.3088924211247919
[23 INFO root] 0.6772909760475159 0.41596007347106934 -1.2941107142459631
[23 INFO root] 0.6783105731010437 0.4123491644859314 -1.2730511260624364
[23 INFO root] 0.679391622543335 0.4087993800640106 -1.2475499680274331
[23 INFO root] 0.6805495023727417 0.4053131639957428 -1.2196738737021335
[23 INFO root] 0.6817824840545654 0.401917427778244 -1.191531265058922
[23 INFO root] 0.6829953789710999 0.3988468050956726 -1.1658633531584475
[23 INFO root] 0.6841639280319214 0.3960992097854614 -1.1434684070551764
[23 INFO root] 0.6852752566337585 0.3936428129673004 -1.1247834075302556
[23 INFO root] 0.6863192915916443 0.3914477825164795 -1.110159139429322
[23 INFO root] 0.6872891187667847 0.38948550820350647 -1.0998915519008898
[23 INFO root] 0.6881815791130066 0.38772764801979065 -1.0942243317970803
[23 INFO root] 0.6889971494674683 0.38614553213119507 -1.0933703510257196
[23 INFO root] 0.6897396445274353 0.3847099244594574 -1.097522490500726
[23 INFO root] 0.6904158592224121 0.3833909034729004 -1.1068539477891564
[23 INFO root] 0.6910343766212463 0.3821578919887543 -1.1215094340399883
[23 INFO root] 0.6916057467460632 0.3809775114059448 -1.1410776097827546
[23 INFO root] 0.6921510696411133 0.3797936737537384 -1.1595104405412904
[23 INFO root] 0.6926791667938232 0.37858885526657104 -1.1761641914087768
[23 INFO root] 0.6931965351104736 0.37735244631767273 -1.191060857090914
[23 INFO root] 0.6937082409858704 0.3760755658149719 -1.204225810866015
[23 INFO root] 0.6942185759544373 0.37475141882896423 -1.2156961502326922
[23 INFO root] 0.6947306394577026 0.3733752369880676 -1.2255253931366599
[23 INFO root] 0.6952468156814575 0.37194445729255676 -1.2337846241251662
[23 INFO root] 0.6957688331604004 0.37045836448669434 -1.240560958224772
[23 INFO root] 0.6962980031967163 0.36891791224479675 -1.2459542705906466
[23 INFO root] 0.6968352794647217 0.3673253357410431 -1.250073043907236
[23 INFO root] 0.6973812580108643 0.36568397283554077 -1.2530300128134328
[23 INFO root] 0.6979363560676575 0.3639978766441345 -1.254938317821797
[23 INFO root] 0.6985008120536804 0.3622717261314392 -1.2559083636980217
[23 INFO root] 0.6990746855735779 0.36051052808761597 -1.256045250411245
[23 INFO root] 0.6996578574180603 0.35871946811676025 -1.2554469171440874
[23 INFO root] 0.7002500295639038 0.3569038212299347 -1.2542030164030624
[23 INFO root] 0.7008509635925293 0.35506877303123474 -1.252394417142617
[23 INFO root] 0.7014601826667786 0.3532194197177887 -1.2500931690163204
[23 INFO root] 0.7020770907402039 0.3513607382774353 -1.247362790847307
[23 INFO root] 0.7027011513710022 0.3494974672794342 -1.2442587581506601
[23 INFO root] 0.7033315300941467 0.34763410687446594 -1.2408290967002125
[23 INFO root] 0.7039676308631897 0.3457748293876648 -1.2371150208117159
[23 INFO root] 0.7046085000038147 0.34392374753952026 -1.2331530739654097
[23 INFO root] 0.7052533030509949 0.3420848846435547 -1.2289769132013606
[23 INFO root] 0.705901026725769 0.34026190638542175 -1.2246159712730154
[23 INFO root] 0.7065508961677551 0.3384576141834259 -1.2200968110094998
[23 INFO root] 0.7072024941444397 0.3366740345954895 -1.2154437367152937
[23 INFO root] 0.7078552842140198 0.3349124491214752 -1.2106789370925541
[23 INFO root] 0.708509087562561 0.3331735134124756 -1.205822582795529
[23 INFO root] 0.7091637849807739 0.3314574658870697 -1.2008929433591624
[23 INFO root] 0.7098193764686584 0.3297642171382904 -1.195906530032431
[23 INFO root] 0.7104759216308594 0.3280932903289795 -1.1908782675339096
[23 INFO root] 0.7111338973045349 0.3264431655406952 -1.1858178137870803
[23 INFO root] 0.7117944359779358 0.32481059432029724 -1.1807261996530627
[23 INFO root] 0.712458610534668 0.3231927752494812 -1.175604467646711
[23 INFO root] 0.7131271362304688 0.32158786058425903 -1.170455083578347
[23 INFO root] 0.7138004302978516 0.31999456882476807 -1.1652814587436726
[23 INFO root] 0.7144787311553955 0.3184122145175934 -1.16008756051555
[23 INFO root] 0.7151622176170349 0.3168404996395111 -1.1548776856299978
[23 INFO root] 0.7158507704734802 0.31527936458587646 -1.1496563392500847
[23 INFO root] 0.7165442109107971 0.31372907757759094 -1.1444281774969078
[23 INFO root] 0.7172423601150513 0.31219005584716797 -1.1391979837329849
[23 INFO root] 0.7179447412490845 0.3106628358364105 -1.1339706591089822
[23 INFO root] 0.7186509966850281 0.3091481328010559 -1.1287512156916766
[23 INFO root] 0.7193605899810791 0.307646781206131 -1.1235447660922937
[23 INFO root] 0.7200729846954346 0.3061595857143402 -1.1183565074508062
[23 INFO root] 0.7207875847816467 0.3046874701976776 -1.1131917001170717
[23 INFO root] 0.721503734588623 0.3032313883304596 -1.1080556427230632
[23 INFO root] 0.7222207188606262 0.30179229378700256 -1.1029536458494966
[23 INFO root] 0.7229378819465637 0.3003710210323334 -1.0978910063923322
[23 INFO root] 0.723654568195343 0.29896852374076843 -1.092872984355548
[23 INFO root] 0.724370002746582 0.29758554697036743 -1.087904783282426
[23 INFO root] 0.725083589553833 0.29622286558151245 -1.0829915349038337
[23 INFO root] 0.7257946133613586 0.294881135225296 -1.0781382881135535
[23 INFO root] 0.7265024781227112 0.2935609221458435 -1.0733500020058093
[23 INFO root] 0.7272065281867981 0.2922627627849579 -1.0686315424056505
[23 INFO root] 0.7279062867164612 0.2909869849681854 -1.0639876811827984
[23 INFO root] 0.7286012172698975 0.2897339463233948 -1.0594230975851222
[23 INFO root] 0.7292907238006592 0.28850382566452026 -1.0549423808586567
[23 INFO root] 0.7299745082855225 0.28729674220085144 -1.0505500335101055
[23 INFO root] 0.7306520938873291 0.2861127555370331 -1.0462504746937753
[23 INFO root] 0.7313231825828552 0.284951776266098 -1.0420480433494357
[23 INFO root] 0.7319874167442322 0.2838137745857239 -1.0379470008665472
[23 INFO root] 0.7326444983482361 0.28269851207733154 -1.0339515331842664
[23 INFO root] 0.7332942485809326 0.2816058099269867 -1.0300657523558718
[23 INFO root] 0.7339363694190979 0.28053534030914307 -1.0262936789431125
[23 INFO root] 0.7345707416534424 0.27948689460754395 -1.0226392376999132
[23 INFO root] 0.7351970672607422 0.27846017479896545 -1.0191062817793979
[23 INFO root] 0.7358152866363525 0.2774549126625061 -1.0156986214584924
[23 INFO root] 0.7364251017570496 0.27647075057029724 -1.0124200457831367
[23 INFO root] 0.7370265126228333 0.2755073606967926 -1.0092743364675114
[23 INFO root] 0.7376192808151245 0.27456438541412354 -1.006265275707407
[23 INFO root] 0.7382033467292786 0.2736414670944214 -1.0033966517833597
[23 INFO root] 0.7387794852256775 0.27273687720298767 -1.0006746332145282
[23 INFO root] 0.7393495440483093 0.2718471884727478 -0.9981079471944612
[23 INFO root] 0.7399151921272278 0.27096936106681824 -0.9957024585588027
[23 INFO root] 0.7404778003692627 0.2701009511947632 -0.9934604866273916
[23 INFO root] 0.7410382032394409 0.26924020051956177 -0.9913816357160916
[23 INFO root] 0.7415964603424072 0.2683866322040558 -0.9894493657236788
[23 INFO root] 0.7421501874923706 0.26754358410835266 -0.9875870170766049
[23 INFO root] 0.7426971793174744 0.2667141556739807 -0.9857200716719671
[23 INFO root] 0.7432361841201782 0.2659001350402832 -0.9837909182582939
[23 INFO root] 0.743766725063324 0.2651022970676422 -0.9817569846840378
[23 INFO root] 0.7442886829376221 0.2643207311630249 -0.9795879463766433
[23 INFO root] 0.7448025941848755 0.2635548710823059 -0.9772634267168394
[23 INFO root] 0.7453089952468872 0.2628038823604584 -0.974771167267701
[23 INFO root] 0.7458087801933289 0.26206669211387634 -0.9721055928331335
[23 INFO root] 0.7463029026985168 0.26134195923805237 -0.9692666970675577
[23 INFO root] 0.7467923760414124 0.2606284022331238 -0.9662591812680806
[23 INFO root] 0.7472783327102661 0.2599245607852936 -0.9630917872896158
[23 INFO root] 0.7477616667747498 0.2592290937900543 -0.9597767732748079
[23 INFO root] 0.7482435703277588 0.2585406005382538 -0.9563294871286022
[23 INFO root] 0.7487250566482544 0.2578577697277069 -0.9527679970175854
[23 INFO root] 0.7492070198059082 0.257179319858551 -0.9491127406388463
[23 INFO root] 0.7496904134750366 0.2565040588378906 -0.9453861558860189
[23 INFO root] 0.7501761317253113 0.25583088397979736 -0.9416122554680595
[23 INFO root] 0.750665009021759 0.2551587224006653 -0.9378161080441408
[23 INFO root] 0.7511576414108276 0.25448670983314514 -0.9340231900773398
[23 INFO root] 0.7516547441482544 0.2538140118122101 -0.930258578010394
[23 INFO root] 0.7521567344665527 0.25314003229141235 -0.9265459621353352
[23 INFO root] 0.7526639699935913 0.25246426463127136 -0.9229064843223813
[23 INFO root] 0.7531765699386597 0.251786470413208 -0.9193574333809557
[23 INFO root] 0.7536945343017578 0.2511066794395447 -0.9159108736988195
[23 INFO root] 0.7542175650596619 0.2504251301288605 -0.9125723302898211
[23 INFO root] 0.7547433376312256 0.249744713306427 -0.9092893212205289
[23 INFO root] 0.7552692890167236 0.24906866252422333 -0.9059951438957065
[23 INFO root] 0.755793035030365 0.2484000325202942 -0.9026226506721727
[23 INFO root] 0.7563124299049377 0.24774150550365448 -0.899106484782577
[23 INFO root] 0.7568256258964539 0.24709546566009521 -0.8953843269889931
[23 INFO root] 0.7573311924934387 0.24646387994289398 -0.8913978862551155
[23 INFO root] 0.7578279376029968 0.24584835767745972 -0.887093548412635
[23 INFO root] 0.7583149671554565 0.24525007605552673 -0.8824226488309578
[23 INFO root] 0.7587918043136597 0.2446698695421219 -0.8773414009256683
[23 INFO root] 0.7592581510543823 0.2441081702709198 -0.8718105698913329
[23 INFO root] 0.7597140669822693 0.243565171957016 -0.8657949693815943
[23 INFO root] 0.7601597309112549 0.24304074048995972 -0.8592628769626748
[23 INFO root] 0.7605955600738525 0.2425345629453659 -0.8521854357249412
[23 INFO root] 0.7610220909118652 0.24204616248607635 -0.8445360896113513
[23 INFO root] 0.7614399790763855 0.24157491326332092 -0.8362900820172801
[23 INFO root] 0.7618499994277954 0.24112015962600708 -0.827424037677473
[23 INFO root] 0.7622528672218323 0.24068111181259155 -0.817915623731816
[23 INFO root] 0.762649416923523 0.24025703966617584 -0.8077433021352933
[23 INFO root] 0.7630406022071838 0.23984713852405548 -0.7968861505646093
[23 INFO root] 0.763427197933197 0.23945064842700958 -0.7853237592656411
[23 INFO root] 0.7638077735900879 0.23906922340393066 -0.7732957707129033
[23 INFO root] 0.7641791701316833 0.2387058436870575 -0.7612122571648674
[23 INFO root] 0.7645418643951416 0.23835939168930054 -0.7491097056588564
[23 INFO root] 0.7648969292640686 0.2380283623933792 -0.7369843734153662
[23 INFO root] 0.765245258808136 0.23771144449710846 -0.72483527874328
[23 INFO root] 0.7655876278877258 0.23740749061107635 -0.7126641416115134
[23 INFO root] 0.7659246921539307 0.23711545765399933 -0.700475567835783
[23 INFO root] 0.7662572264671326 0.23683440685272217 -0.6882772354698011
[23 INFO root] 0.7665857672691345 0.23656350374221802 -0.6760806757930973
[23 INFO root] 0.7669110298156738 0.23630192875862122 -0.663901322618709
[23 INFO root] 0.7672334909439087 0.23604896664619446 -0.6517594182517111
[23 INFO root] 0.7675539255142212 0.23580388724803925 -0.6396801710967593
[23 INFO root] 0.7678728103637695 0.23556599020957947 -0.627694972081769
[23 INFO root] 0.7681909203529358 0.2353346049785614 -0.6158414358424426
[23 INFO root] 0.768508791923523 0.23510907590389252 -0.6041646216934448
[23 INFO root] 0.7688271999359131 0.2348887324333191 -0.592717151078624
[23 INFO root] 0.7691469192504883 0.2346728891134262 -0.5815601166885829
[23 INFO root] 0.7694686055183411 0.23446090519428253 -0.5707634046012788
[23 INFO root] 0.7697930335998535 0.23425208032131195 -0.5604055241563087
[23 INFO root] 0.7701210975646973 0.23404575884342194 -0.5505734756077368
[23 INFO root] 0.7704534530639648 0.23384127020835876 -0.5413623193312239
[23 INFO root] 0.7707908749580383 0.2336379587650299 -0.5328734355148448
[23 INFO root] 0.7711340188980103 0.23343519866466522 -0.5252128813344605
[23 INFO root] 0.7714833617210388 0.23323239386081696 -0.5184887495979666
[23 INFO root] 0.7718393206596375 0.23302899301052094 -0.512807830722857
[23 INFO root] 0.7722020149230957 0.23282450437545776 -0.5082721521694862
[23 INFO root] 0.7725713849067688 0.2326185256242752 -0.5049749736517206
[23 INFO root] 0.7729470133781433 0.2324107140302658 -0.5029972489453187
[23 INFO root] 0.7733283042907715 0.23220084607601166 -0.5024043701445817
[23 INFO root] 0.7737142443656921 0.23198877274990082 -0.5032442339464844
[23 INFO root] 0.7741036415100098 0.2317744493484497 -0.5055460879583191
[23 INFO root] 0.7744950652122498 0.23155789077281952 -0.5093210780048819
[23 INFO root] 0.7748870253562927 0.2313392013311386 -0.5145638618598948
[23 INFO root] 0.775277853012085 0.23111851513385773 -0.5212554452744447
[23 INFO root] 0.7756659388542175 0.23089599609375 -0.5293662447996661
[23 INFO root] 0.776049792766571 0.23067183792591095 -0.5388596423886093
[23 INFO root] 0.7764279842376709 0.2304462194442749 -0.5496954287765976
[23 INFO root] 0.7767993211746216 0.2302192598581314 -0.5618325795244972
[23 INFO root] 0.7771627306938171 0.2299911081790924 -0.575231690719568
[23 INFO root] 0.7775174379348755 0.22976182401180267 -0.589856600736691
[23 INFO root] 0.7778627276420593 0.2295314371585846 -0.6056756879811859
[23 INFO root] 0.7781981229782104 0.22929994761943817 -0.6226622559024235
[23 INFO root] 0.7785233855247498 0.22906731069087982 -0.640794882123661
[23 INFO root] 0.7788382172584534 0.2288334220647812 -0.6600575944679912
[23 INFO root] 0.7791425585746765 0.22859814763069153 -0.6804392632375044
[23 INFO root] 0.7794363498687744 0.2283613681793213 -0.7019335533583518
[23 INFO root] 0.7797196507453918 0.22812287509441376 -0.7245384923449828
[23 INFO root] 0.7799924612045288 0.2278824746608734 -0.74825623421914
[23 INFO root] 0.7802550196647644 0.22763994336128235 -0.7730925873302391
[23 INFO root] 0.7805072665214539 0.22739502787590027 -0.799057279877263
[23 INFO root] 0.7807494401931763 0.22714748978614807 -0.8261630984839126
[23 INFO root] 0.7809815406799316 0.22689703106880188 -0.8544264397111131
[23 INFO root] 0.7812036871910095 0.22664330899715424 -0.8838667429972554
[23 INFO root] 0.7814160585403442 0.22638598084449768 -0.9145067365277898
[23 INFO root] 0.781618595123291 0.2261246293783188 -0.9463727533298475
[23 INFO root] 0.781811535358429 0.22585876286029816 -0.9794942506686976
[23 INFO root] 0.7819947600364685 0.22558778524398804 -1.0139046513513976
[23 INFO root] 0.782168447971344 0.22531099617481232 -1.0496405503605886
[23 INFO root] 0.7823325395584106 0.22502750158309937 -1.086742346355027
[23 INFO root] 0.7824870347976685 0.22473621368408203 -1.1252533302821048
[23 INFO root] 0.7826319336891174 0.22443582117557526 -1.1652190507786873
[23 INFO root] 0.7827669382095337 0.22412477433681488 -1.20668616479623
[23 INFO root] 0.7828916907310486 0.22380129992961884 -1.249700023809598
[23 INFO root] 0.7830080389976501 0.22345635294914246 -1.2940887351548074
[23 INFO root] 0.7831170558929443 0.2230784296989441 -1.339504935273227
[23 INFO root] 0.7832155823707581 0.22266776859760284 -1.3858510522710834
[23 INFO root] 0.7833001017570496 0.2222268283367157 -1.4330595759671911
[23 INFO root] 0.7833670973777771 0.22175897657871246 -1.4810692537715435
[23 INFO root] 0.7834135293960571 0.2212684005498886 -1.529830725027824
[23 INFO root] 0.7834367752075195 0.22075986862182617 -1.5793124333812834
[23 INFO root] 0.7834348678588867 0.2202383279800415 -1.629504191192176
[23 INFO root] 0.7834063768386841 0.21970851719379425 -1.6804183232672998
[23 INFO root] 0.7833502888679504 0.21917453408241272 -1.732087715112715
[23 INFO root] 0.7832660675048828 0.21863961219787598 -1.784561472171251
[23 INFO root] 0.7831531763076782 0.2181060016155243 -1.8378998507443762
[23 INFO root] 0.7830108404159546 0.21757498383522034 -1.892168144878879
[23 INFO root] 0.7828382253646851 0.2170470505952835 -1.947430799236336
[23 INFO root] 0.7826339602470398 0.21652212738990784 -2.003747247491321
[23 INFO root] 0.7823960185050964 0.21599984169006348 -2.061168058475862
[23 INFO root] 0.7821221351623535 0.2154798060655594 -2.1197319829041636
[23 INFO root] 0.781809389591217 0.21496190130710602 -2.1794647958900755
[23 INFO root] 0.7814545631408691 0.21444642543792725 -2.240377879614096
[23 INFO root] 0.7810540795326233 0.21393433213233948 -2.302467494466416
[23 INFO root] 0.7806043028831482 0.2134273499250412 -2.365713731954025
[23 INFO root] 0.7801015377044678 0.21292801201343536 -2.4300793068261144
[23 INFO root] 0.7795422077178955 0.21243976056575775 -2.495507483702035
[23 INFO root] 0.7789232730865479 0.21196693181991577 -2.5619193260246775
[23 INFO root] 0.7782421708106995 0.21151480078697205 -2.629208363757895
[23 INFO root] 0.7774975299835205 0.2110896110534668 -2.6972242209163992
[23 INFO root] 0.7766891121864319 0.2106982320547104 -2.7657689636508893
[23 INFO root] 0.7758181691169739 0.21034793555736542 -2.8345945253275304
[23 INFO root] 0.7748878002166748 0.2100461721420288 -2.903403893867752
[23 INFO root] 0.7739030718803406 0.2098001390695572 -2.971858103919684
[23 INFO root] 0.7728715538978577 0.2096162885427475 -3.0395897539976553
[23 INFO root] 0.771803081035614 0.2094997614622116 -3.1062223425076723
[23 INFO root] 0.770689845085144 0.20945319533348083 3.1119738993281714
[23 INFO root] 0.7695169448852539 0.2094806730747223 3.050454928763314
[23 INFO root] 0.7683342695236206 0.20958147943019867 2.9936500159028006
[23 INFO root] 0.7671738862991333 0.2097475826740265 2.941891968321737
[23 INFO root] 0.7660609483718872 0.20996667444705963 2.8952301830556673
[23 INFO root] 0.7650143504142761 0.21022441983222961 2.853539046214876
[23 INFO root] 0.7640466690063477 0.21050646901130676 2.8165651720886915
[23 INFO root] 0.7631644606590271 0.21079987287521362 2.7839757682344315
[23 INFO root] 0.7623690366744995 0.21109388768672943 2.7554015294695056
[23 INFO root] 0.7616580128669739 0.21138040721416473 2.730470531531607
[23 INFO root] 0.7610259056091309 0.2116539180278778 2.7088323895753055
[23 INFO root] 0.7604655027389526 0.2119111716747284 2.6901736637854587
[23 INFO root] 0.7599684596061707 0.21215088665485382 2.6742262332727416
[23 INFO root] 0.7595260739326477 0.21237318217754364 2.6607704441986053
[23 INFO root] 0.7591294646263123 0.21257930994033813 2.649634594684996
[23 INFO root] 0.7587703466415405 0.2127712070941925 2.640691977257009
[23 INFO root] 0.7584408521652222 0.212951198220253 2.6338563832616635
[23 INFO root] 0.7581337690353394 0.21312177181243896 2.629076728529043
[23 INFO root] 0.7578426599502563 0.21328537166118622 2.626331285969405
[23 INFO root] 0.7575422525405884 0.21345536410808563 2.6243166225717847
[23 INFO root] 0.757217526435852 0.213640034198761 2.622234759111651
[23 INFO root] 0.7568668127059937 0.21384046971797943 2.620035152275646
[23 INFO root] 0.756490170955658 0.2140568196773529 2.617740039647239
[23 INFO root] 0.7560878396034241 0.2142891138792038 2.6153707030683124
[23 INFO root] 0.7556604743003845 0.21453721821308136 2.612947246564658
[23 INFO root] 0.7552087903022766 0.2148008942604065 2.610488263163664
[23 INFO root] 0.7547337412834167 0.21507979929447174 2.608010613074077
[23 INFO root] 0.754238486289978 0.21537218987941742 2.6055177525539084
[23 INFO root] 0.7537338733673096 0.2156718373298645 2.6029653682818177
[23 INFO root] 0.7532300353050232 0.21597273647785187 2.60029915391178
[23 INFO root] 0.7527347803115845 0.2162702977657318 2.597469629942159
[23 INFO root] 0.7522537708282471 0.21656113862991333 2.594434774029979
[23 INFO root] 0.7517908811569214 0.21684294939041138 2.591160157883693
[23 INFO root] 0.7513485550880432 0.2171141803264618 2.5876183059423683
[23 INFO root] 0.7509281635284424 0.2173740267753601 2.5837877861687635
[23 INFO root] 0.7505301237106323 0.21762211620807648 2.5796522982360317
[23 INFO root] 0.7501541972160339 0.21785858273506165 2.5751998929453808
[23 INFO root] 0.7497996091842651 0.21808385848999023 2.57042238130685
[23 INFO root] 0.7494649291038513 0.21829865872859955 2.5653149508843343
[23 INFO root] 0.7491486668586731 0.21850396692752838 2.5598759868309666
[23 INFO root] 0.7488487958908081 0.21870091557502747 2.5541070865928535
[23 INFO root] 0.7485631704330444 0.21889087557792664 2.5480132549785663
[23 INFO root] 0.7482894062995911 0.21907536685466766 2.5416032667427215
[23 INFO root] 0.7480248808860779 0.21925605833530426 2.5348901848182432
[23 INFO root] 0.7477669715881348 0.21943479776382446 2.527892022300998
[23 INFO root] 0.7475127577781677 0.21961361169815063 2.5206325339138025
[23 INFO root] 0.7472591996192932 0.21979469060897827 2.5131421151989826
[23 INFO root] 0.7470032572746277 0.2199804186820984 2.505458776852646
[23 INFO root] 0.7467416524887085 0.22017334401607513 2.4976291435711366
[23 INFO root] 0.7464709877967834 0.22037622332572937 2.4897093981365854
[23 INFO root] 0.7461877465248108 0.22059203684329987 2.481766049964078
[23 INFO root] 0.7458903789520264 0.22082239389419556 2.473844717921557
[23 INFO root] 0.7455794811248779 0.22106719017028809 2.465957589171665
[23 INFO root] 0.7452552914619446 0.22132658958435059 2.4581236704239813
[23 INFO root] 0.7449173331260681 0.2216014266014099 2.450377921908078
[23 INFO root] 0.744564950466156 0.22189252078533173 2.4427575803190416
[23 INFO root] 0.7441992163658142 0.22219941020011902 2.43527264360427
[23 INFO root] 0.7438211441040039 0.22252146899700165 2.427928600921778
[23 INFO root] 0.7434319257736206 0.2228580117225647 2.4207303198644703
[23 INFO root] 0.7430328130722046 0.22320818901062012 2.4136786214416674
[23 INFO root] 0.7426254153251648 0.22357077896595 2.406765934318139
[23 INFO root] 0.7422117590904236 0.2239440232515335 2.399971888224259
[23 INFO root] 0.7417948246002197 0.224325492978096 2.3932593863686074
[23 INFO root] 0.7413780689239502 0.22471190989017487 2.3865718219735474
[23 INFO root] 0.7409659624099731 0.22509916126728058 2.379832079931513
[23 INFO root] 0.740563690662384 0.22548235952854156 2.372943759806574
[23 INFO root] 0.7401768565177917 0.22585590183734894 2.365794715875665
[23 INFO root] 0.7398114800453186 0.22621378302574158 2.3582624477924408
[23 INFO root] 0.7394734025001526 0.22654995322227478 2.3502204030119693
[23 INFO root] 0.7391679286956787 0.22685855627059937 2.3415440847527327
[23 INFO root] 0.7388995289802551 0.22713437676429749 2.332116025703859
[23 INFO root] 0.7386715412139893 0.22737309336662292 2.3218290925894687
[23 INFO root] 0.7384858727455139 0.2275714874267578 2.3105880572565503
[23 INFO root] 0.7383430004119873 0.22772757709026337 2.298309744730566
[23 INFO root] 0.738241970539093 0.22784066200256348 2.284922262576431
[23 INFO root] 0.7381805181503296 0.2279113084077835 2.2703638277883846
[23 INFO root] 0.7381551861763 0.22794117033481598 2.254581592180822
[23 INFO root] 0.7381618618965149 0.22793292999267578 2.2375306945001854
[23 INFO root] 0.738195538520813 0.22789011895656586 2.219173593098367
[23 INFO root] 0.7382510900497437 0.22781698405742645 2.199479590858003
[23 INFO root] 0.7383231520652771 0.22771821916103363 2.1784243715091463
[23 INFO root] 0.7384064197540283 0.22759893536567688 2.155989332584167
[23 INFO root] 0.738495945930481 0.22746439278125763 2.1321605373134767
[23 INFO root] 0.7385873198509216 0.2273198813199997 2.1069271595469155
[23 INFO root] 0.7386765480041504 0.22717057168483734 2.0802793991313204
[23 INFO root] 0.738761305809021 0.22701974213123322 2.0521702614526416
[23 INFO root] 0.7388403415679932 0.22686956822872162 2.0225253376287022
[23 INFO root] 0.7389122843742371 0.22672240436077118 1.9912653795850814
[23 INFO root] 0.7389761209487915 0.2265809178352356 1.9583107089872434
[23 INFO root] 0.7390308380126953 0.2264481782913208 1.9235809041227327
[23 INFO root] 0.739075779914856 0.22632759809494019 1.8869942094195313
[23 INFO root] 0.7391104698181152 0.2262229472398758 1.8484671372370276
[23 INFO root] 0.7391350269317627 0.22613835334777832 1.8079144175153978
[23 INFO root] 0.7391498684883118 0.2260783165693283 1.7652494625795987
[23 INFO root] 0.739156186580658 0.22604773938655853 1.7203856439316907
[23 INFO root] 0.739155650138855 0.2260519415140152 1.6732385336532396
[23 INFO root] 0.7391510605812073 0.22609668970108032 1.623729343150549
[23 INFO root] 0.7391459345817566 0.22618818283081055 1.5717899105625561
[23 INFO root] 0.7391452789306641 0.2263329178094864 1.5173671014946806
[23 INFO root] 0.7391554117202759 0.22653762996196747 1.4604325501536934
[23 INFO root] 0.7391843199729919 0.22680950164794922 1.4010120005677529
[23 INFO root] 0.7392419576644897 0.22715550661087036 1.339187563117036
[23 INFO root] 0.7393401861190796 0.22758156061172485 1.27509992697721
[23 INFO root] 0.7394925355911255 0.22809149324893951 1.2089622155193205
[23 INFO root] 0.7397141456604004 0.2286870777606964 1.141104123613633
[23 INFO root] 0.7400209307670593 0.22936712205410004 1.0719934469231858
[23 INFO root] 0.7404287457466125 0.23012663424015045 1.0022435120517097
[23 INFO root] 0.7409514784812927 0.23095613718032837 0.9326064869778502
[23 INFO root] 0.7415997982025146 0.23184174299240112 0.863932894484582
[23 INFO root] 0.7423790693283081 0.23276589810848236 0.7971026272920458
[23 INFO root] 0.743288516998291 0.23370856046676636 0.7329788444467263
[23 INFO root] 0.7443203926086426 0.2346488982439041 0.6723548384139887
[23 INFO root] 0.7454602122306824 0.23556719720363617 0.6159044771060425
[23 INFO root] 0.7466884851455688 0.23644666373729706 0.5641459872936887
[23 INFO root] 0.7479822039604187 0.23727452754974365 0.5174240299363826
[23 INFO root] 0.7493171095848083 0.23804256319999695 0.47591086777335273
[23 INFO root] 0.7506697177886963 0.23874692618846893 0.4396236279208872
[23 INFO root] 0.7520187497138977 0.23938749730587006 0.4084522264125126
[23 INFO root] 0.7533460855484009 0.23996701836585999 0.38219191065697555
[23 INFO root] 0.7546373605728149 0.2404901385307312 0.3605752813074726
[23 INFO root] 0.7558818459510803 0.24096260964870453 0.3433003494204397
[23 INFO root] 0.757072389125824 0.24139058589935303 0.33005295385007233
[23 INFO root] 0.758204460144043 0.24178019165992737 0.3205232583659357
[23 INFO root] 0.7592763304710388 0.24213720858097076 0.3144169165792195
[23 INFO root] 0.760287880897522 0.24246689677238464 0.31146189851516964
[23 INFO root] 0.7612451314926147 0.24277539551258087 0.3111976402116883
[23 INFO root] 0.7621970772743225 0.24308162927627563 0.3111976402116883
[23 INFO root] 0.7631475925445557 0.2433873414993286 0.31119779204901504
[23 INFO root] 0.7640266418457031 0.24367009103298187 0.31120528853327767
[23 INFO root] 0.7648318409919739 0.24392908811569214 0.31122040308437104
[23 INFO root] 0.765569269657135 0.244166299700737 0.3112425966467536
[23 INFO root] 0.7662447690963745 0.24438358843326569 0.31127142711120587
[23 INFO root] 0.7668634057044983 0.2445826232433319 0.3113065409121323
[23 INFO root] 0.7674300074577332 0.24476493895053864 0.3113476556112727
[23 INFO root] 0.7679489254951477 0.24493193626403809 0.31139455002040806
[23 INFO root] 0.7684242129325867 0.24508492648601532 0.31144705424606856
[23 INFO root] 0.7688595652580261 0.24522505700588226 0.3115050424564381
[23 INFO root] 0.7692582607269287 0.24535343050956726 0.3115684276952318
[23 INFO root] 0.7696233987808228 0.2454710304737091 0.31163715423739746
[23 INFO root] 0.7699579000473022 0.24557876586914062 0.31171119532409836
[23 INFO root] 0.770264208316803 0.24567747116088867 0.31179055135644723
[23 INFO root] 0.7705447673797607 0.24576789140701294 0.31187524321737686
[23 INFO root] 0.7708016633987427 0.24585072696208954 0.31196531381447135
[23 INFO root] 0.7710370421409607 0.2459266185760498 0.31206082341021735
[23 INFO root] 0.7712525725364685 0.2459961473941803 0.31216185235632055
[23 INFO root] 0.7714499831199646 0.246059849858284 0.3122684947172927
[23 INFO root] 0.7716307640075684 0.2461182177066803 0.31238086058413145
[23 INFO root] 0.7717963457107544 0.24617168307304382 0.31249907378699976
[23 INFO root] 0.771947979927063 0.2462206780910492 0.31262327306567467
[23 INFO root] 0.7720868587493896 0.24626557528972626 0.31275360936532187
[23 INFO root] 0.7722141146659851 0.24630670249462128 0.31289024700851564
[23 INFO root] 0.7723305821418762 0.2463444024324417 0.31303336505841656
[23 INFO root] 0.772437334060669 0.24637892842292786 0.31318315108675804
[23 INFO root] 0.7725350260734558 0.2464105784893036 0.3133398099149692
[23 INFO root] 0.7726245522499084 0.24643957614898682 0.31350355432671706
[23 INFO root] 0.7727065086364746 0.24646615982055664 0.3136746130943495
[23 INFO root] 0.7727816104888916 0.2464905083179474 0.31385322518659936
[23 INFO root] 0.7728503346443176 0.24651283025741577 0.31403964500885473
[23 INFO root] 0.7729133367538452 0.24653327465057373 0.3142341368612416
[23 INFO root] 0.7729710340499878 0.2465520203113556 0.3144369820057869
[23 INFO root] 0.7730238437652588 0.2465692013502121 0.31464847315168526
[23 INFO root] 0.7730722427368164 0.2465849369764328 0.31486891608147016
[23 INFO root] 0.7731165289878845 0.24659937620162964 0.3150986331445245
[23 INFO root] 0.7731571197509766 0.24661259353160858 0.3153379583959446
[23 INFO root] 0.7731942534446716 0.24662472307682037 0.3155872440403969
[23 INFO root] 0.7732282876968384 0.24663583934307098 0.31584685475488544
[23 INFO root] 0.7732594609260559 0.24664601683616638 0.31611717363674185
[23 INFO root] 0.7732880711555481 0.24665535986423492 0.31639860023575594
[23 INFO root] 0.7733141779899597 0.2466639280319214 0.31669155224410456
[23 INFO root] 0.7733381390571594 0.24667176604270935 0.3169964600460482
[23 INFO root] 0.7733600735664368 0.24667896330356598 0.3173137777033362
[23 INFO root] 0.7733801603317261 0.24668556451797485 0.3176439756346972
[23 INFO root] 0.7733985781669617 0.24669161438941956 0.3179875441490003
[23 INFO root] 0.7734154462814331 0.24669717252254486 0.31834499502951025
[23 INFO root] 0.7734308838844299 0.24670225381851196 0.3187168599623018
[23 INFO root] 0.7734450101852417 0.24670691788196564 0.31910369274218847
[23 INFO root] 0.7734580039978027 0.24671120941638947 0.3195060691240406
[23 INFO root] 0.773469865322113 0.24671512842178345 0.31992459094249015
[23 INFO root] 0.7734807133674622 0.24671873450279236 0.3203598815182079
[23 INFO root] 0.7734907269477844 0.2467220425605774 0.32081258924479733
[23 INFO root] 0.7734998464584351 0.24672506749629974 0.3212833935574005
[23 INFO root] 0.7735081911087036 0.246727854013443 0.3217729957785969
[23 INFO root] 0.7735158801078796 0.24673040211200714 0.3222821263556688
[23 INFO root] 0.7735229134559631 0.24673275649547577 0.3228115486561258
[23 INFO root] 0.7735293507575989 0.24673490226268768 0.323362053349346
[23 INFO root] 0.7735352516174316 0.24673688411712646 0.32393446356052485
[23 INFO root] 0.7735406756401062 0.24673870205879211 0.32452963516893907
[23 INFO root] 0.7735456228256226 0.24674037098884583 0.32514845946499743
[23 INFO root] 0.7735502123832703 0.24674192070960999 0.32579186099933666
[23 INFO root] 0.7735543847084045 0.2467433214187622 0.32646080530281574
[23 INFO root] 0.7735581994056702 0.24674463272094727 0.3271562922366542
[23 INFO root] 0.7735617756843567 0.24674582481384277 0.327879361254474
[23 INFO root] 0.7735649943351746 0.24674692749977112 0.3286311001656188
[23 INFO root] 0.7735679745674133 0.2467479556798935 0.3294126305560623
[23 INFO root] 0.773570716381073 0.2467488944530487 0.3302251236496627
[23 INFO root] 0.7735732793807983 0.24674975872039795 0.3310697968472643
[23 INFO root] 0.7735756039619446 0.24675056338310242 0.33194791853016364
[23 INFO root] 0.7735777497291565 0.2467513084411621 0.3328608015898012
[23 INFO root] 0.7735797762870789 0.24675199389457703 0.33380981358580925
[23 INFO root] 0.7735816240310669 0.24675263464450836 0.33479638042015775
[23 INFO root] 0.7735833525657654 0.24675323069095612 0.3358219786102119
[23 INFO root] 0.7735932469367981 0.2467566877603531 0.33611315155597704
[23 INFO root] 0.7736241221427917 0.24676747620105743 0.33435164123296546
[23 INFO root] 0.7736743092536926 0.24678492546081543 0.3304221822022611
[23 INFO root] 0.7737411856651306 0.24680788815021515 0.3243459502020365
[23 INFO root] 0.7738227844238281 0.2468353509902954 0.3161401416000553
[23 INFO root] 0.773917555809021 0.24686644971370697 0.3058190646897024
[23 INFO root] 0.7740247845649719 0.24690039455890656 0.29339545869929323
[23 INFO root] 0.7741438150405884 0.24693651497364044 0.2788817730257229
[23 INFO root] 0.7742745280265808 0.2469741404056549 0.2622913227222432
[23 INFO root] 0.7744170427322388 0.24701263010501862 0.24363937722059092
[23 INFO root] 0.7745717167854309 0.24705135822296143 0.2229441221960252
[23 INFO root] 0.7747389674186707 0.24708962440490723 0.20022747726818246
[23 INFO root] 0.7749193906784058 0.24712663888931274 0.1755157824290843
[23 INFO root] 0.7751136422157288 0.24716155230998993 0.1488402787637908
[23 INFO root] 0.7753223776817322 0.24719339609146118 0.1202373602807312
[23 INFO root] 0.775546133518219 0.24722103774547577 0.08974852180837026
[23 INFO root] 0.775785505771637 0.247243270277977 0.05741999970782465
[23 INFO root] 0.7760407328605652 0.247258722782135 0.02330215270476923
[23 INFO root] 0.7763121128082275 0.24726593494415283 -0.012551116630711269
[23 INFO root] 0.7765994668006897 0.24726329743862152 -0.050083409980680144
[23 INFO root] 0.7769026160240173 0.24724920094013214 -0.08923674212883513
[23 INFO root] 0.7772209644317627 0.247221902012825 -0.12995300970445609
[23 INFO root] 0.7775537371635437 0.24717973172664642 -0.17217526496100508
[23 INFO root] 0.7778998017311096 0.24712099134922028 -0.21584956298423805
[23 INFO root] 0.7782580256462097 0.24704404175281525 -0.2609268624228293
[23 INFO root] 0.7786267399787903 0.2469472885131836 -0.30736434620283304
[23 INFO root] 0.7790043950080872 0.24682928621768951 -0.3551257753840919
[23 INFO root] 0.7793890833854675 0.2466886341571808 -0.4041826831830633
[23 INFO root] 0.7797790169715881 0.24652405083179474 -0.45451481830714413
[23 INFO root] 0.7801721692085266 0.24633431434631348 -0.5061111016186783
[23 INFO root] 0.7805666327476501 0.24611826241016388 -0.5589697222412491
[23 INFO root] 0.7809604406356812 0.24587473273277283 -0.613098421658673
[23 INFO root] 0.7813517451286316 0.24560250341892242 -0.6685140512606782
[23 INFO root] 0.7817387580871582 0.24530021846294403 -0.7252419647552749
[23 INFO root] 0.782119631767273 0.24496634304523468 -0.7833148470438311
[23 INFO root] 0.7824925780296326 0.2445990890264511 -0.8427707924373827
[23 INFO root] 0.782855749130249 0.2441963404417038 -0.9036512057012007
[23 INFO root] 0.7832070589065552 0.24375565350055695 -0.9659981060963935
[23 INFO root] 0.78354412317276 0.24327421188354492 -1.0298507172840157
[23 INFO root] 0.7838641405105591 0.24274887144565582 -1.0952416635667033
[23 INFO root] 0.7841847538948059 0.24213512241840363 -1.1620500176164963
[23 INFO root] 0.7845072150230408 0.24140243232250214 -1.229940202790218
[23 INFO root] 0.7848182320594788 0.2405419796705246 -1.298521046872456
[23 INFO root] 0.7851018309593201 0.23954994976520538 -1.3673357203354246
[23 INFO root] 0.7853409647941589 0.2384263575077057 -1.4358667685512967
[23 INFO root] 0.7855187654495239 0.2371756136417389 -1.5035522716818333
[23 INFO root] 0.7856196165084839 0.23580683767795563 -1.5698092585905365
[23 INFO root] 0.7856302261352539 0.23433370888233185 -1.6340615195435608
[23 INFO root] 0.7855409383773804 0.23277373611927032 -1.6957685647040408
[23 INFO root] 0.7853463888168335 0.23114730417728424 -1.7544530467273292
[23 INFO root] 0.7850458025932312 0.22947624325752258 -1.8097224884436984
[23 INFO root] 0.7846429347991943 0.22778251767158508 -1.8612828102196468
[23 INFO root] 0.7841454148292542 0.22608689963817596 -1.9089431035402347
[23 INFO root] 0.7835639715194702 0.22440800070762634 -1.952611696917721
[23 INFO root] 0.7829112410545349 0.2227616161108017 -1.992285727290415
[23 INFO root] 0.7822010517120361 0.22116044163703918 -2.0280359992481283
[23 INFO root] 0.781447172164917 0.21961407363414764 -2.0599905968912644
[23 INFO root] 0.7806629538536072 0.2181292176246643 -2.0883179132137637
[23 INFO root] 0.7798604965209961 0.21671007573604584 -2.1132119361158366
[23 INFO root] 0.7790507674217224 0.21535873413085938 -2.1348793069990957
[23 INFO root] 0.7782430052757263 0.21407561004161835 -2.1535298080375447
[23 INFO root] 0.7774450778961182 0.21285980939865112 -2.1693685954929616
[23 INFO root] 0.7766633033752441 0.21170946955680847 -2.18259131289296
[23 INFO root] 0.7759026288986206 0.21062208712100983 -2.19338065310877
[23 INFO root] 0.7751668691635132 0.20959468185901642 -2.2019044482022845
[23 INFO root] 0.7744588255882263 0.208624005317688 -2.208314974005269
[23 INFO root] 0.773780345916748 0.20770668983459473 -2.212748963040628
[23 INFO root] 0.7731325030326843 0.20683927834033966 -2.2153279539473782
[23 INFO root] 0.7725158333778381 0.2060183584690094 -2.2161589712477183
[23 INFO root] 0.7719131112098694 0.20521773397922516 -2.21622469882193
[23 INFO root] 0.7713115811347961 0.20441889762878418 -2.21622469882193
[23 INFO root] 0.7707100510597229 0.203620046377182 -2.21622469882193
[23 INFO root] 0.7701085209846497 0.20282121002674103 -2.21622469882193
[23 INFO root] 0.7695069909095764 0.20202235877513885 -2.21622469882193
[23 INFO root] 0.7689054608345032 0.20122352242469788 -2.21622469882193
[23 INFO root] 0.7683038711547852 0.2004246860742569 -2.21622469882193
[23 INFO root] 0.7677023410797119 0.19962583482265472 -2.21622469882193
[23 INFO root] 0.7671008110046387 0.19882699847221375 -2.21622469882193
[23 INFO root] 0.7664992809295654 0.19802814722061157 -2.21622469882193
[23 INFO root] 0.7658977508544922 0.1972293108701706 -2.21622469882193
[23 INFO root] 0.7652961611747742 0.19643047451972961 -2.21622469882193
[23 INFO root] 0.7646946310997009 0.19563162326812744 -2.21622469882193
[23 INFO root] 0.7641170620918274 0.19486455619335175 -2.2149219267235227
[23 INFO root] 0.7636013627052307 0.19417808949947357 -2.210250098242046
[23 INFO root] 0.7631451487541199 0.19356533885002136 -2.202337956332107
[23 INFO root] 0.7627409100532532 0.1930137276649475 -2.1915245105766554
[23 INFO root] 0.7623814344406128 0.19251218438148499 -2.178084647564024
[23 INFO root] 0.7620599269866943 0.19205094873905182 -2.162239016291325
[23 INFO root] 0.7617704272270203 0.19162148237228394 -2.1441650054677672
[23 INFO root] 0.761507511138916 0.1912160962820053 -2.1240054249520153
[23 INFO root] 0.7612666487693787 0.19082790613174438 -2.1018754244368174
[23 INFO root] 0.761043906211853 0.19045066833496094 -2.0778681003187596
[23 INFO root] 0.7608360052108765 0.19007855653762817 -2.0520591371244272
[23 INFO root] 0.7606403231620789 0.18970614671707153 -2.024510750735249
[23 INFO root] 0.7604547739028931 0.18932831287384033 -1.9952751416169219
[23 INFO root] 0.7602779865264893 0.1889401078224182 -1.9643976220457302
[23 INFO root] 0.760109007358551 0.18853673338890076 -1.931919547515317
[23 INFO root] 0.759947657585144 0.1881135255098343 -1.8978811554063417
[23 INFO root] 0.7597941756248474 0.18766586482524872 -1.8623243904072486
[23 INFO root] 0.7596493363380432 0.1871892362833023 -1.8252957732061696
[23 INFO root] 0.7595147490501404 0.1866791844367981 -1.7868493439643947
[23 INFO root] 0.7593924403190613 0.18613141775131226 -1.7470496825774846
[23 INFO root] 0.7592851519584656 0.1855417788028717 -1.7059749716713097
[23 INFO root] 0.7591962218284607 0.18490642309188843 -1.6637200243674568
[23 INFO root] 0.7591297030448914 0.18422187864780426 -1.6203991471756463
[23 INFO root] 0.7590901255607605 0.18348518013954163 -1.5761486512464005
[23 INFO root] 0.7590826153755188 0.18269407749176025 -1.5311287681444161
[23 INFO root] 0.7591126561164856 0.18184715509414673 -1.4855246787109848
[23 INFO root] 0.7591859102249146 0.18094401061534882 -1.4395463389065346
[23 INFO root] 0.7593082189559937 0.1799854338169098 -1.3934268009209558
[23 INFO root] 0.7594850659370422 0.1789735108613968 -1.3474187969750762
[23 INFO root] 0.7597213983535767 0.1779116541147232 -1.3017894869859237
[23 INFO root] 0.760021448135376 0.1768045723438263 -1.2568134672182631
[23 INFO root] 0.7603882551193237 0.1756582409143448 -1.2127643749879515
[23 INFO root] 0.7608235478401184 0.17447960376739502 -1.1699056651226998
[23 INFO root] 0.7613276839256287 0.1732763797044754 -1.1284813246351868
[23 INFO root] 0.7618635892868042 0.172132208943367 -1.086155250278487
[23 INFO root] 0.762425422668457 0.1710536926984787 -1.042546697746684
[23 INFO root] 0.7630142569541931 0.17003419995307922 -0.9976420819632358
[23 INFO root] 0.7636319994926453 0.16906732320785522 -0.9514490370034936
[23 INFO root] 0.7642812728881836 0.1681474894285202 -0.9039875914706444
[23 INFO root] 0.7649650573730469 0.16727012395858765 -0.8552936326351924
[23 INFO root] 0.7656866312026978 0.16643168032169342 -0.8054219111702412
[23 INFO root] 0.7664494514465332 0.16562971472740173 -0.754448590515438
[23 INFO root] 0.7672569751739502 0.16486293077468872 -0.7024733333380578
[23 INFO root] 0.7681124210357666 0.16413119435310364 -0.6496209010926515
[23 INFO root] 0.7690184712409973 0.1634354591369629 -0.596042228323286
[23 INFO root] 0.7699772119522095 0.16277773678302765 -0.5419149189146786
[23 INFO root] 0.7709896564483643 0.16216084361076355 -0.4874430964681318
[23 INFO root] 0.7720558047294617 0.16158834099769592 -0.43285652602390434
[23 INFO root] 0.7731743454933167 0.16106419265270233 -0.3784089122759526
[23 INFO root] 0.7743424773216248 0.16059254109859467 -0.3243752756827518
[23 INFO root] 0.7755559086799622 0.1601773202419281 -0.27104832015049735
[23 INFO root] 0.7768089175224304 0.159822016954422 -0.21873374245406982
[23 INFO root] 0.7780944108963013 0.15952928364276886 -0.16774450012242492
[23 INFO root] 0.7794041633605957 0.15930067002773285 -0.11839415138513917
[23 INFO root] 0.7807290554046631 0.15913645923137665 -0.0709895000715732
[23 INFO root] 0.7820596694946289 0.15903550386428833 -0.025822903509139933
[23 INFO root] 0.7833861708641052 0.15899521112442017 0.016835290794493994
[23 INFO root] 0.7846993207931519 0.15901166200637817 0.05674364927141553
[23 INFO root] 0.7859423756599426 0.15907703340053558 0.09342043893186715
[23 INFO root] 0.7870813608169556 0.1591791808605194 0.12663662647253673
[23 INFO root] 0.7881210446357727 0.15930776298046112 0.15652908131920132
[23 INFO root] 0.7890613079071045 0.15945301949977875 0.18327049676114562
[23 INFO root] 0.7899029850959778 0.1596064567565918 0.20703402789179948
[23 INFO root] 0.7906489968299866 0.15976110100746155 0.22798954933736695
[23 INFO root] 0.7913035750389099 0.1599113494157791 0.24629906608791988
[23 INFO root] 0.7918720245361328 0.16005302965641022 0.26211338350324215
[23 INFO root] 0.7923604846000671 0.1601831167936325 0.27556993900906535
[23 INFO root] 0.7927965521812439 0.16030572354793549 0.2866395136893092
[23 INFO root] 0.793193519115448 0.160422220826149 0.29533136717262676
[23 INFO root] 0.7935561537742615 0.1605321615934372 0.3016890113319264
[23 INFO root] 0.7938879132270813 0.16063515841960907 0.305758760905664
[23 INFO root] 0.7942017912864685 0.16073408722877502 0.30829902962559547
[23 INFO root] 0.7945171594619751 0.1608344316482544 0.31070075695702065
[23 INFO root] 0.794833242893219 0.16093583405017853 0.31313761939247026
[23 INFO root] 0.7951471209526062 0.1610373854637146 0.3156420687384405
[23 INFO root] 0.7954567670822144 0.1611384153366089 0.3182424905326935
[23 INFO root] 0.7957605123519897 0.1612384021282196 0.3209636960616937
[23 INFO root] 0.7960572838783264 0.1613369733095169 0.3238277995227546
[23 INFO root] 0.7963461875915527 0.1614338457584381 0.3268550306199265
[23 INFO root] 0.796626627445221 0.1615288108587265 0.33006427581368514
[23 INFO root] 0.7968981266021729 0.16162173449993134 0.333473525826671
[23 INFO root] 0.7971604466438293 0.16171251237392426 0.33710018204952535
[23 INFO root] 0.7974133491516113 0.1618010401725769 0.3409613509994156
[23 INFO root] 0.7976567149162292 0.1618872731924057 0.34507401213058425
[23 INFO root] 0.7978904843330383 0.16197118163108826 0.34945520086632287
[23 INFO root] 0.798114538192749 0.162052720785141 0.3541221542369464
[23 INFO root] 0.7983288764953613 0.16213184595108032 0.35909238644734953
[23 INFO root] 0.7985334992408752 0.16220852732658386 0.36438382918608814
[23 INFO root] 0.798728346824646 0.16228273510932922 0.3700149211261279
[23 INFO root] 0.7989135384559631 0.16235442459583282 0.3760046538697293
[23 INFO root] 0.7990888953208923 0.1624235361814499 0.38237272688405555
[23 INFO root] 0.7992544770240784 0.16248999536037445 0.38913946571857694
[23 INFO root] 0.7994101643562317 0.16255371272563934 0.39632598235219185
[23 INFO root] 0.7995560169219971 0.1626145988702774 0.4039541376535383
[23 INFO root] 0.7996917963027954 0.16267253458499908 0.41204667131661954
[23 INFO root] 0.7998175621032715 0.16272737085819244 0.42062706574151343
[23 INFO root] 0.7999331951141357 0.16277897357940674 0.4297197257495633
[23 INFO root] 0.8000386357307434 0.16282714903354645 0.4393499058752018
[23 INFO root] 0.8001337051391602 0.16287171840667725 0.44954374027497157
[23 INFO root] 0.8002185225486755 0.162912517786026 0.46032816501194096
[23 INFO root] 0.80029296875 0.1629493236541748 0.47173112214742585
[23 INFO root] 0.8003571629524231 0.16298195719718933 0.48378140359496974
[23 INFO root] 0.8004111051559448 0.16301022469997406 0.4965088144056333
[23 INFO root] 0.8004550933837891 0.16303394734859467 0.509944097232544
[23 INFO root] 0.8004892468452454 0.1630529910326004 0.5241191789370963
[23 INFO root] 0.8005139827728271 0.16306723654270172 0.5390670638329546
[23 INFO root] 0.8005297183990479 0.16307659447193146 0.5548221094474306
[23 INFO root] 0.8005369901657104 0.1630810648202896 0.5714201035326252
[23 INFO root] 0.8005363345146179 0.16308064758777618 0.5888984495733365
[23 INFO root] 0.8005285859107971 0.16307546198368073 0.6072962489003919
[23 INFO root] 0.8005144000053406 0.16306562721729279 0.6266553474568843
[23 INFO root] 0.8004945516586304 0.1630512923002243 0.6470224531937092
[23 INFO root] 0.800469696521759 0.16303259134292603 0.6684479274851961
[23 INFO root] 0.8004406690597534 0.16300974786281586 0.6909854304770183
[23 INFO root] 0.8004083633422852 0.16298311948776245 0.714692342089631
[23 INFO root] 0.8003736138343811 0.16295312345027924 0.7396301547259443
[23 INFO root] 0.800337553024292 0.16292034089565277 0.765864689673813
[23 INFO root] 0.8003010749816895 0.16288547217845917 0.7934668752171324
[23 INFO root] 0.8002654314041138 0.16284941136837006 0.8225128096436081
[23 INFO root] 0.8002316355705261 0.1628132313489914 0.8530847065970938
[23 INFO root] 0.800200879573822 0.16277825832366943 0.8852710136801804
[23 INFO root] 0.800174355506897 0.16274605691432953 0.919167134942515
[23 INFO root] 0.8001531958580017 0.16271854937076569 0.9548759285053053
[23 INFO root] 0.8001490831375122 0.1627129465341568 0.9921026737050751
[23 INFO root] 0.8001646995544434 0.16273686289787292 1.0307762848193633
[23 INFO root] 0.8001986742019653 0.16279329359531403 1.0709456614271142
[23 INFO root] 0.8002491593360901 0.16288518905639648 1.1126676160816207
[23 INFO root] 0.8003141283988953 0.16301585733890533 1.1559945303667007
[23 INFO root] 0.8003910779953003 0.16318905353546143 1.200972171710503
[23 INFO root] 0.8004772067070007 0.16340886056423187 1.247636609779706
[23 INFO root] 0.8005691170692444 0.16367974877357483 1.2960111136938226
[23 INFO root] 0.8006626963615417 0.16400644183158875 1.3461021252176013
[23 INFO root] 0.8007529973983765 0.16439388692378998 1.3978945347203933
[23 INFO root] 0.8008342981338501 0.16484704613685608 1.451346438036999
[23 INFO root] 0.8008996248245239 0.16537070274353027 1.5063839530620984
[23 INFO root] 0.8009411692619324 0.16596920788288116 1.5628949431166081
[23 INFO root] 0.8009499907493591 0.16664612293243408 1.6207242179089525
[23 INFO root] 0.8009160757064819 0.16740386188030243 1.679668909715651
[23 INFO root] 0.8008288741111755 0.16824328899383545 1.739475225587822
[23 INFO root] 0.8006773591041565 0.1691633015871048 1.7998385042689338
[23 INFO root] 0.8004506826400757 0.17016053199768066 1.860405700632531
[23 INFO root] 0.8001388311386108 0.1712290644645691 1.9207820350079088
[23 INFO root] 0.79973304271698 0.17236046493053436 1.9805417689191842
[23 INFO root] 0.7992268800735474 0.17354395985603333 2.0392419286518986
[23 INFO root] 0.7986353635787964 0.1747298687696457 2.09526318848321
[23 INFO root] 0.79800945520401 0.17582657933235168 2.1461197784932144
[23 INFO root] 0.797371506690979 0.17682206630706787 2.1921083631628235
[23 INFO root] 0.7967362403869629 0.17771874368190765 2.2338634126501544
[23 INFO root] 0.796114444732666 0.1785222738981247 2.2719798096261252
[23 INFO root] 0.795513391494751 0.17924010753631592 2.306996918548401
[23 INFO root] 0.7949374914169312 0.17988048493862152 2.339394245763637
[23 INFO root] 0.7943888902664185 0.18045179545879364 2.3695917171001892
[23 INFO root] 0.7938681840896606 0.18096204102039337 2.3979527734999557
[23 INFO root] 0.7933747172355652 0.18141871690750122 2.4247893673780383
[23 INFO root] 0.7929071187973022 0.1818285584449768 2.4503673468915026
[23 INFO root] 0.7924636006355286 0.18219757080078125 2.474912237638831
[23 INFO root] 0.7920421361923218 0.1825309842824936 2.498614877206778
[23 INFO root] 0.7916406989097595 0.18283334374427795 2.5216365103524785
[23 INFO root] 0.7912571430206299 0.18310853838920593 2.5441135663760703
[23 INFO root] 0.7908896803855896 0.18335984647274017 2.5661614134543194
[23 INFO root] 0.7905365228652954 0.1835901141166687 2.5878784001711184
[23 INFO root] 0.7901960611343384 0.18380166590213776 2.6093487011565704
[23 INFO root] 0.7898669242858887 0.18399649858474731 2.6306448971785246
[23 INFO root] 0.7895479202270508 0.1841762661933899 2.651830361024863
[23 INFO root] 0.7892380356788635 0.18434233963489532 2.6729611651435117
[23 INFO root] 0.7889363169670105 0.18449588119983673 2.6940877002503587
[23 INFO root] 0.788642168045044 0.1846378743648529 2.7152558663017565
[23 INFO root] 0.7883548736572266 0.18476910889148712 2.7365085967472687
[23 INFO root] 0.7880740165710449 0.1848902851343155 2.7578864167781774
[23 INFO root] 0.7877991199493408 0.18500195443630219 2.779428563810341
[23 INFO root] 0.7875299453735352 0.1851046234369278 2.8011734525146905
[23 INFO root] 0.787266194820404 0.18519872426986694 2.823159529382869
[23 INFO root] 0.7870076298713684 0.1852845847606659 2.845425632902635
[23 INFO root] 0.7867541909217834 0.1853625625371933 2.8680114451889835
[23 INFO root] 0.7865057587623596 0.18543289601802826 2.8909581495267793
[23 INFO root] 0.7862621545791626 0.18549586832523346 2.914308692408349
[23 INFO root] 0.7860233783721924 0.1855517029762268 2.9381080728782383
[23 INFO root] 0.7857893705368042 0.18560057878494263 2.962403911621252
[23 INFO root] 0.7855600118637085 0.18564270436763763 2.987246751604993
[23 INFO root] 0.7853353023529053 0.18567825853824615 3.012690376195914
[23 INFO root] 0.7851150631904602 0.18570739030838013 3.0387923235386207
[23 INFO root] 0.7848992943763733 0.1857302337884903 3.0656141236260877
[23 INFO root] 0.7846877574920654 0.1857469081878662 3.093221874076028
[23 INFO root] 0.7844802737236023 0.18575754761695862 3.121686476221598
[23 INFO root] 0.7842766046524048 0.1857621818780899 -3.1321012035421663
[23 INFO root] 0.784076452255249 0.18576088547706604 -3.1016887562213533
[23 INFO root] 0.7838793396949768 0.18575362861156464 -3.070173755886005
[23 INFO root] 0.7836847901344299 0.18574032187461853 -3.0374623819535738
[23 INFO root] 0.7834920883178711 0.18572083115577698 -3.003454625279182
[23 INFO root] 0.7833003997802734 0.1856948435306549 -2.9680444998229754
[23 INFO root] 0.7831087112426758 0.1856619268655777 -2.931120545512392
[23 INFO root] 0.7829157710075378 0.185621440410614 -2.8925668046940003
[23 INFO root] 0.7827200889587402 0.18557247519493103 -2.852264449047175
[23 INFO root] 0.7825199365615845 0.18551373481750488 -2.8100942578828434
[23 INFO root] 0.7823132872581482 0.18544353544712067 -2.7659402053383872
[23 INFO root] 0.7820977568626404 0.18535958230495453 -2.7196944128333556
[23 INFO root] 0.7818708419799805 0.1852589100599289 -2.6712636658783584
[23 INFO root] 0.7816298007965088 0.18513773381710052 -2.6205778084466007
[23 INFO root] 0.7813719511032104 0.18499134480953217 -2.567599854390629
[23 INFO root] 0.7810946702957153 0.1848139464855194 -2.512337745366049
[23 INFO root] 0.7807958722114563 0.18459869921207428 -2.4548568242906663
[23 INFO root] 0.7804740071296692 0.1843375414609909 -2.395276310227352
[23 INFO root] 0.7801284790039062 0.1840214729309082 -2.3337533966075226
[23 INFO root] 0.7797607779502869 0.18364104628562927 -2.2704784800133804
[23 INFO root] 0.7793739438056946 0.18318673968315125 -2.205674346688715
[23 INFO root] 0.7789732217788696 0.1826493740081787 -2.1395964349039684
[23 INFO root] 0.7785658836364746 0.18202051520347595 -2.0725361092677845
[23 INFO root] 0.7781504392623901 0.1812736839056015 -2.0057985169908275
[23 INFO root] 0.7777379751205444 0.18039973080158234 -1.9402606184855125
[23 INFO root] 0.7773442268371582 0.1794007420539856 -1.8765391371043745
[23 INFO root] 0.7769845724105835 0.1782841980457306 -1.8152173027279137
[23 INFO root] 0.7766723036766052 0.17706218361854553 -1.7568443066668775
[23 INFO root] 0.7764179110527039 0.1757507026195526 -1.7019116058109773
[23 INFO root] 0.7762282490730286 0.1743687242269516 -1.6508324218428192
[23 INFO root] 0.7761062383651733 0.17293693125247955 -1.603927328724257
[23 INFO root] 0.7760510444641113 0.17147646844387054 -1.561417853616847
[23 INFO root] 0.7760586142539978 0.17000773549079895 -1.5234284916953285
[23 INFO root] 0.7761221528053284 0.16854940354824066 -1.489995962282586
[23 INFO root] 0.7762331962585449 0.1671178638935089 -1.4610834073266923
[23 INFO root] 0.7763822674751282 0.16572678089141846 -1.4365968152882624
[23 INFO root] 0.7765596508979797 0.16438701748847961 -1.4164011486333354
[23 INFO root] 0.7767301201820374 0.16327431797981262 -1.3938853361446821
[23 INFO root] 0.7768876552581787 0.16237911581993103 -1.3685257070003838
[23 INFO root] 0.7770313620567322 0.16166692972183228 -1.340641399378568
[23 INFO root] 0.77716064453125 0.16110658645629883 -1.310521752584075
[23 INFO root] 0.7772748470306396 0.1606711447238922 -1.2784029795682936
[23 INFO root] 0.7773737907409668 0.1603376567363739 -1.2444643914091928
[23 INFO root] 0.7774691581726074 0.16005219519138336 -1.2074784590715968
[23 INFO root] 0.7775704860687256 0.15978260338306427 -1.1670092200317606
[23 INFO root] 0.7776840329170227 0.15951386094093323 -1.1231635703168141
[23 INFO root] 0.777816891670227 0.1592342108488083 -1.0760692471000186
[23 INFO root] 0.7779774069786072 0.1589335799217224 -1.0258391444264028
[23 INFO root] 0.778175413608551 0.15860363841056824 -0.9725853359814058
[23 INFO root] 0.7784222364425659 0.15823781490325928 -0.9164332968773831
[23 INFO root] 0.7787306904792786 0.1578315943479538 -0.8575370317660717
[23 INFO root] 0.7791150212287903 0.15738269686698914 -0.796095025875014
[23 INFO root] 0.7795906066894531 0.1568915843963623 -0.7323664517633943
[23 INFO root] 0.7801732420921326 0.15636177361011505 -0.666686424117055
[23 INFO root] 0.7808783650398254 0.1558002233505249 -0.5994788070626736
[23 INFO root] 0.7817201614379883 0.15521754324436188 -0.5312676820710327
[23 INFO root] 0.7827097773551941 0.15462784469127655 -0.46266778549984966
[23 INFO root] 0.7838540077209473 0.15404820442199707 -0.3943695808489635
[23 INFO root] 0.7851541042327881 0.15349756181240082 -0.32711358059898726
[23 INFO root] 0.7866036295890808 0.15299563109874725 -0.26167890960478296
[23 INFO root] 0.7881048917770386 0.1525830775499344 -0.20048467661599856
[23 INFO root] 0.7896158695220947 0.15226630866527557 -0.14383398280434515
[23 INFO root] 0.7911049723625183 0.15204180777072906 -0.09156468999977103
[23 INFO root] 0.7925463318824768 0.15190157294273376 -0.04334821502647905
[23 INFO root] 0.7939206957817078 0.15183500945568085 0.0012513363983297152
[23 INFO root] 0.7952151298522949 0.1518305242061615 0.04272513374886561
[23 INFO root] 0.7964224219322205 0.1518767923116684 0.08157815527264928
[23 INFO root] 0.7975398302078247 0.151963472366333 0.11830008762590961
[23 INFO root] 0.7985682487487793 0.15208159387111664 0.15334776455844754
[23 INFO root] 0.7995110154151917 0.15222367644309998 0.18713619146811117
[23 INFO root] 0.8003731369972229 0.15238367021083832 0.22003563882050484
[23 INFO root] 0.8011605143547058 0.15255683660507202 0.25237079741165996
[23 INFO root] 0.8018795847892761 0.15273959934711456 0.28442353570632767
[23 INFO root] 0.8025368452072144 0.15292929112911224 0.3164383680720352
[23 INFO root] 0.8031386137008667 0.15312404930591583 0.3486281340498486
[23 INFO root] 0.803691029548645 0.15332269668579102 0.38117905043090106
[23 INFO root] 0.8041999340057373 0.15352460741996765 0.4142551279772101
[23 INFO root] 0.8046706914901733 0.1537296324968338 0.4480020092282301
[23 INFO root] 0.8051082491874695 0.15393801033496857 0.4825502158708004
[23 INFO root] 0.8055171370506287 0.1541503369808197 0.5180179691817803
[23 INFO root] 0.8059014678001404 0.15436752140522003 0.5545136525188175
[23 INFO root] 0.8062649369239807 0.15459072589874268 0.5921379710773284
[23 INFO root] 0.806610643863678 0.15482136607170105 0.6309858460046832
[23 INFO root] 0.8069415092468262 0.15506111085414886 0.6711478512952759
[23 INFO root] 0.8072599172592163 0.15531185269355774 0.7127118796634596
[23 INFO root] 0.807567834854126 0.15557575225830078 0.7557642778531444
[23 INFO root] 0.8078668713569641 0.15585514903068542 0.800390880095378
[23 INFO root] 0.808158278465271 0.15615281462669373 0.8466798143997742
[23 INFO root] 0.8084437847137451 0.15647275745868683 0.8947331700154272
[23 INFO root] 0.8087244033813477 0.15681925415992737 0.9446489776653435
[23 INFO root] 0.8089999556541443 0.15719649195671082 0.9965203722525516
[23 INFO root] 0.8092696070671082 0.1576087474822998 1.0504376252707046
[23 INFO root] 0.809531569480896 0.1580604463815689 1.1064897892913153
[23 INFO root] 0.8097832202911377 0.15855643153190613 1.164765186569002
[23 INFO root] 0.8100213408470154 0.15910200774669647 1.2253481744476975
[23 INFO root] 0.8102414011955261 0.1597028225660324 1.2883149278762929
[23 INFO root] 0.8104377388954163 0.16036474704742432 1.353727807607616
[23 INFO root] 0.8106032013893127 0.16109390556812286 1.4216284454337407
[23 INFO root] 0.8107290267944336 0.1618964970111847 1.4920281793849837
[23 INFO root] 0.8108044266700745 0.16277852654457092 1.5648962716612347
[23 INFO root] 0.8108165860176086 0.16374540328979492 1.6401453380286959
[23 INFO root] 0.8107506036758423 0.1648012399673462 1.7176154776523709
[23 INFO root] 0.8105893731117249 0.16594812273979187 1.7970578551206997
[23 INFO root] 0.8103141188621521 0.16718506813049316 1.8781189115778105
[23 INFO root] 0.8099054098129272 0.16850705444812775 1.9603288464526538
[23 INFO root] 0.8093443512916565 0.16990406811237335 2.0430983035745567
[23 INFO root] 0.8086143136024475 0.17136067152023315 2.125726101642483
[23 INFO root] 0.8077033162117004 0.172855943441391 2.207421186586225
[23 INFO root] 0.8065966963768005 0.17437700927257538 2.285925876557971
[23 INFO root] 0.8052965998649597 0.17589659988880157 2.3594613363681
[23 INFO root] 0.8038250803947449 0.17737939953804016 2.427374887960725
[23 INFO root] 0.8022128939628601 0.17879582941532135 2.4893468468066833
[23 INFO root] 0.8004950284957886 0.18012462556362152 2.545283076416388
[23 INFO root] 0.7987070083618164 0.181352898478508 2.595281673755859
[23 INFO root] 0.7968823313713074 0.1824750453233719 2.6395874593828936
[23 INFO root] 0.7950506806373596 0.1834912896156311 2.6785445257622875
[23 INFO root] 0.7932366728782654 0.18440602719783783 2.7125535272161554
[23 INFO root] 0.7914602160453796 0.18522624671459198 2.74203664912937
[23 INFO root] 0.7897364497184753 0.18596039712429047 2.7674127818603402
[23 INFO root] 0.7880761623382568 0.1866174191236496 2.789080652801266
[23 INFO root] 0.7864869236946106 0.18720616400241852 2.8074085568762803
[23 INFO root] 0.7849732041358948 0.18773502111434937 2.822729979976501
[23 INFO root] 0.7835371494293213 0.18821166455745697 2.8353419489882343
[23 INFO root] 0.7821793556213379 0.18864299356937408 2.845505826697445
[23 INFO root] 0.780898928642273 0.189035102725029 2.853449839423759
[23 INFO root] 0.7796939611434937 0.18939335644245148 2.8593717345930756
[23 INFO root] 0.7785618901252747 0.18972237408161163 2.863441824915158
[23 INFO root] 0.7774997353553772 0.1900261789560318 2.865806113177136
[23 INFO root] 0.7765040397644043 0.19030821323394775 2.866589300020549
[23 INFO root] 0.775538980960846 0.1905806064605713 2.866651930291075
[23 INFO root] 0.7745764851570129 0.190852090716362 2.866651930291075
[23 INFO root] 0.7736140489578247 0.1911235898733139 2.866651930291075
[23 INFO root] 0.7726516127586365 0.19139507412910461 2.866651930291075
[23 INFO root] 0.7716891765594482 0.19166655838489532 2.866651930291075
[23 INFO root] 0.77072674036026 0.19193805754184723 2.866651930291075
[23 INFO root] 0.7697643041610718 0.19220954179763794 2.866651930291075
[23 INFO root] 0.7688018679618835 0.19248104095458984 2.866651930291075
[23 INFO root] 0.7678394317626953 0.19275252521038055 2.866651930291075
[23 INFO root] 0.7668769955635071 0.19302400946617126 2.866651930291075
[23 INFO root] 0.7659145593643188 0.19329550862312317 2.866651930291075
[23 INFO root] 0.7649521231651306 0.19356699287891388 2.866651930291075
[23 INFO root] 0.7639896869659424 0.1938384771347046 2.866651930291075
[23 INFO root] 0.7630271911621094 0.1941099762916565 2.866651930291075
[23 INFO root] 0.7620647549629211 0.1943814605474472 2.866651930291075
[23 INFO root] 0.7611023187637329 0.1946529597043991 2.866651930291075
[23 INFO root] 0.7601398825645447 0.19492444396018982 2.866651930291075
[23 INFO root] 0.7591774463653564 0.19519592821598053 2.866651930291075
[23 INFO root] 0.7582150101661682 0.19546742737293243 2.866651930291075
[23 INFO root] 0.75725257396698 0.19573891162872314 2.866651930291075
[23 INFO root] 0.7562901377677917 0.19601041078567505 2.866651930291075
[23 INFO root] 0.7553277015686035 0.19628189504146576 2.866651930291075
[23 INFO root] 0.7543652653694153 0.19655337929725647 2.866651930291075
[23 INFO root] 0.7534605860710144 0.1968085765838623 2.8648619661281565
[23 INFO root] 0.7526530623435974 0.1970377415418625 2.8600511076841455
[23 INFO root] 0.7519360780715942 0.19724470376968384 2.8523734420811078
[23 INFO root] 0.7512983679771423 0.19743387401103973 2.842077990459827
[23 INFO root] 0.7507297396659851 0.19760876893997192 2.829354065977273
[23 INFO root] 0.7502210140228271 0.19777220487594604 2.814341132852728
[23 INFO root] 0.7497639060020447 0.19792652130126953 2.797138377658448
[23 INFO root] 0.7493510246276855 0.19807377457618713 2.777812278253769
[23 INFO root] 0.7489756345748901 0.1982157975435257 2.756402573533615
[23 INFO root] 0.7486315369606018 0.19835437834262848 2.73292700413402
[23 INFO root] 0.7483131289482117 0.19849132001399994 2.7073851307481074
[23 INFO root] 0.7480151057243347 0.19862855970859528 2.6797614842495263
[23 INFO root] 0.7477324604988098 0.1987682282924652 2.6500282627350265
[23 INFO root] 0.7474606037139893 0.19891273975372314 2.6181477643106996
[23 INFO root] 0.7471949458122253 0.1990649253129959 2.584074729629889
[23 INFO root] 0.7469276189804077 0.19923035800457 2.5475415663004863
[23 INFO root] 0.7466397881507874 0.1994233876466751 2.507679209412272
[23 INFO root] 0.7463275790214539 0.19965118169784546 2.4645130300875935
[23 INFO root] 0.7459897398948669 0.19992056488990784 2.418186293675436
[23 INFO root] 0.7456257939338684 0.20023928582668304 2.368846627350891
[23 INFO root] 0.7452365159988403 0.20061546564102173 2.316670424098924
[23 INFO root] 0.7448243498802185 0.20105735957622528 2.26186915940053
[23 INFO root] 0.7443936467170715 0.20157288014888763 2.2046895814740703
[23 INFO root] 0.7439504861831665 0.20216919481754303 2.1454118941558544
