[36 INFO root] Initialising Python Geth Console...
[36 INFO root] Initialising RandB board...
[36 INFO root] Initialising resource sensor...
[36 INFO root] Initialising random-walk...
[36 INFO root] Initialising navigation...
[36 INFO root] Initialising Odo...
[36 INFO root] Initialising odometry...
[36 INFO root] Initialising gps...
[36 INFO root] Initialising Ground sensor...
[36 INFO root] --//-- Starting Experiment --//--
[36 INFO root] x y direction
[36 INFO root] -0.4616990089416504 -0.5941259860992432 1.5055210127703085
[36 INFO root] -0.4615767002105713 -0.5922549962997437 1.4153867025190736
[36 INFO root] -0.4608212411403656 -0.5863221287727356 1.3457417164651873
[36 INFO root] -0.4592622220516205 -0.5792098641395569 1.3107576453755632
[36 INFO root] -0.45747312903404236 -0.5723868608474731 1.2912105670520106
[36 INFO root] -0.45559850335121155 -0.5658077597618103 1.2775937452245791
[36 INFO root] -0.4536826014518738 -0.5594295263290405 1.2660147876621368
[36 INFO root] -0.4518320858478546 -0.5535167455673218 1.251002308755426
[36 INFO root] -0.4500492811203003 -0.548099160194397 1.2315962520476695
[36 INFO root] -0.448295533657074 -0.5430958867073059 1.2086461243567581
[36 INFO root] -0.44657474756240845 -0.538518488407135 1.1889914254232403
[36 INFO root] -0.44488945603370667 -0.5342955589294434 1.1743575013472147
[36 INFO root] -0.4432388246059418 -0.5303351879119873 1.1646770776495659
[36 INFO root] -0.4416221082210541 -0.5265651941299438 1.159922691008401
[36 INFO root] -0.44004058837890625 -0.5229302048683167 1.1601177817936574
[36 INFO root] -0.43849828839302063 -0.5193884968757629 1.1651858051154802
[36 INFO root] -0.4370025396347046 -0.5159102082252502 1.1748194702493364
[36 INFO root] -0.43556249141693115 -0.5124750733375549 1.1884262763207203
[36 INFO root] -0.4341869056224823 -0.5090681314468384 1.205211085260689
[36 INFO root] -0.4328826665878296 -0.5056782364845276 1.2242804330397996
[36 INFO root] -0.43165427446365356 -0.5022966265678406 1.2447427539735467
[36 INFO root] -0.43050384521484375 -0.49891725182533264 1.2657553786249445
[36 INFO root] -0.4294320046901703 -0.49553802609443665 1.2865473835343668
[36 INFO root] -0.4284374713897705 -0.49216023087501526 1.3064564553587081
[36 INFO root] -0.427517294883728 -0.48878753185272217 1.3249431342565932
[36 INFO root] -0.42666688561439514 -0.48542502522468567 1.3415922195903613
[36 INFO root] -0.4258802533149719 -0.4820787012577057 1.3561068221543888
[36 INFO root] -0.4251503646373749 -0.47875475883483887 1.3682974171914393
[36 INFO root] -0.4244695007801056 -0.47545909881591797 1.3780679516129815
[36 INFO root] -0.4238295555114746 -0.4721970856189728 1.3854007686283303
[36 INFO root] -0.4232223331928253 -0.4689726233482361 1.3903655338314176
[36 INFO root] -0.4226394593715668 -0.4657863974571228 1.3931508117904572
[36 INFO root] -0.4220735728740692 -0.4626394808292389 1.3941806246545707
[36 INFO root] -0.42151880264282227 -0.45953306555747986 1.3939387778252157
[36 INFO root] -0.4209710657596588 -0.456467866897583 1.3928615468498176
[36 INFO root] -0.4204276502132416 -0.4534441828727722 1.391319707398752
[36 INFO root] -0.41988706588745117 -0.4504620134830475 1.3896205418372563
[36 INFO root] -0.4193488359451294 -0.44752103090286255 1.3880121773020415
[36 INFO root] -0.41881319880485535 -0.44462066888809204 1.386689788737153
[36 INFO root] -0.4182809591293335 -0.44176024198532104 1.385802503612472
[36 INFO root] -0.4177532494068146 -0.4389389157295227 1.3854598926901116
[36 INFO root] -0.4172315299510956 -0.436155766248703 1.3857377074703465
[36 INFO root] -0.41671743988990784 -0.43340983986854553 1.3866828287627007
[36 INFO root] -0.4162125587463379 -0.4307001829147339 1.3883174807450345
[36 INFO root] -0.41571858525276184 -0.4280258119106293 1.3906427926882328
[36 INFO root] -0.4152371287345886 -0.4253857731819153 1.3936418016565815
[36 INFO root] -0.41476964950561523 -0.4227791726589203 1.3972819964780891
[36 INFO root] -0.4143175184726715 -0.42020517587661743 1.4015174927535818
[36 INFO root] -0.41388189792633057 -0.41766300797462463 1.4062909218819972
[36 INFO root] -0.4134638011455536 -0.41515204310417175 1.4115351078326164
[36 INFO root] -0.41306406259536743 -0.41267168521881104 1.4171745956279407
[36 INFO root] -0.41268324851989746 -0.41022148728370667 1.4230893305749266
[36 INFO root] -0.41232162714004517 -0.40780115127563477 1.4291415979504112
[36 INFO root] -0.41197919845581055 -0.4054105281829834 1.4351945736354168
[36 INFO root] -0.41165563464164734 -0.4030497074127197 1.4411157049552668
[36 INFO root] -0.4113502502441406 -0.40071889758110046 1.4467775202550184
[36 INFO root] -0.4110621213912964 -0.39841845631599426 1.4520584470805664
[36 INFO root] -0.4107901453971863 -0.39614880084991455 1.4568437059502497
[36 INFO root] -0.4105328619480133 -0.3939104676246643 1.4610262187914453
[36 INFO root] -0.4102887213230133 -0.3917039930820465 1.464493139351899
[36 INFO root] -0.4100559949874878 -0.3895300030708313 1.4671208487848284
[36 INFO root] -0.4098326563835144 -0.38738906383514404 1.4688071672388334
[36 INFO root] -0.409616619348526 -0.3852818012237549 1.4694782932922639
[36 INFO root] -0.4094057083129883 -0.38320863246917725 1.4690872995847002
[36 INFO root] -0.40919771790504456 -0.38116997480392456 1.4676115014898368
[36 INFO root] -0.4089905023574829 -0.37916600704193115 1.4650495228293376
[36 INFO root] -0.4087820053100586 -0.37719690799713135 1.4614182595071585
[36 INFO root] -0.40857094526290894 -0.3752683699131012 1.456460234597138
[36 INFO root] -0.4083559811115265 -0.37338787317276 1.4498222971142256
[36 INFO root] -0.4081350862979889 -0.37156054377555847 1.4412416708384617
[36 INFO root] -0.40790584683418274 -0.36978888511657715 1.4305597938832901
[36 INFO root] -0.4076656103134155 -0.368073433637619 1.4176998591548868
[36 INFO root] -0.40741166472435 -0.3664131462574005 1.402646526458383
[36 INFO root] -0.40714138746261597 -0.36480584740638733 1.3854253587691712
[36 INFO root] -0.40685227513313293 -0.3632488548755646 1.3660860570341304
[36 INFO root] -0.4065419137477875 -0.36173897981643677 1.3446949969392132
[36 INFO root] -0.40620800852775574 -0.3602728247642517 1.3213320306493375
[36 INFO root] -0.4058484435081482 -0.35884732007980347 1.296235211192216
[36 INFO root] -0.40546226501464844 -0.35746270418167114 1.2708128895700859
[36 INFO root] -0.4050499498844147 -0.3561174273490906 1.2451924676709691
[36 INFO root] -0.4046122431755066 -0.3548097610473633 1.2193512405214098
[36 INFO root] -0.40414971113204956 -0.35353797674179077 1.1932746490387363
[36 INFO root] -0.4036628305912018 -0.3523005247116089 1.1669561344100248
[36 INFO root] -0.40315186977386475 -0.351095974445343 1.1403970336432379
[36 INFO root] -0.4026171863079071 -0.3499230146408081 1.1136065914974718
[36 INFO root] -0.4020591080188751 -0.3487807810306549 1.0865155511436428
[36 INFO root] -0.4014778733253479 -0.34766852855682373 1.0590119216466902
[36 INFO root] -0.4008733928203583 -0.34658536314964294 1.031008941054541
[36 INFO root] -0.40024521946907043 -0.34553012251853943 1.0024534085692973
[36 INFO root] -0.3995926082134247 -0.3445017635822296 0.9733218768194339
[36 INFO root] -0.39891478419303894 -0.3434992730617523 0.9436174498416401
[36 INFO root] -0.3982107937335968 -0.3425218462944031 0.9133673907299446
[36 INFO root] -0.397479772567749 -0.3415689766407013 0.8826212082325572
[36 INFO root] -0.3967209458351135 -0.3406403362751007 0.8514489965988663
[36 INFO root] -0.3959338366985321 -0.33973604440689087 0.8199398217158681
[36 INFO root] -0.39511823654174805 -0.3388565182685852 0.7881999656693713
[36 INFO root] -0.39427435398101807 -0.3380025029182434 0.7563508759753371
[36 INFO root] -0.393403023481369 -0.3371751308441162 0.7245266703449901
[36 INFO root] -0.3924877941608429 -0.3363599479198456 0.6935373680161461
[36 INFO root] -0.39152929186820984 -0.3355581760406494 0.6636830048968345
[36 INFO root] -0.3905318081378937 -0.33477336168289185 0.6351736086118437
[36 INFO root] -0.3895006775856018 -0.3340088725090027 0.6082035740327368
[36 INFO root] -0.38844215869903564 -0.3332676589488983 0.5829478192466813
[36 INFO root] -0.3873630464076996 -0.3325521647930145 0.5595565903016608
[36 INFO root] -0.3862704932689667 -0.3318643271923065 0.5381510356512147
[36 INFO root] -0.3851718306541443 -0.331205278635025 0.518819760880543
[36 INFO root] -0.38407403230667114 -0.3305755853652954 0.5016165321378471
[36 INFO root] -0.38298356533050537 -0.32997509837150574 0.48655923031392473
[36 INFO root] -0.38190606236457825 -0.32940298318862915 0.47363008450446603
[36 INFO root] -0.3808460831642151 -0.328857958316803 0.4627771390875876
[36 INFO root] -0.37980708479881287 -0.3283381462097168 0.4539168421454957
[36 INFO root] -0.3787912130355835 -0.3278413712978363 0.44693759144401113
[36 INFO root] -0.3777994215488434 -0.32736513018608093 0.4417040408567431
[36 INFO root] -0.376831591129303 -0.32690685987472534 0.438061952555932
[36 INFO root] -0.3758866488933563 -0.3264637887477875 0.4358433734094537
[36 INFO root] -0.37496277689933777 -0.3260332942008972 0.4348719150928034
[36 INFO root] -0.3740543723106384 -0.3256112039089203 0.4347870632904757
[36 INFO root] -0.3731474280357361 -0.3251899778842926 0.4347870632904757
[36 INFO root] -0.37224045395851135 -0.3247687518596649 0.4347870632904757
[36 INFO root] -0.371333509683609 -0.32434752583503723 0.4347870632904757
[36 INFO root] -0.3704265356063843 -0.32392632961273193 0.4347870632904757
[36 INFO root] -0.36951959133148193 -0.32350510358810425 0.4347870632904757
[36 INFO root] -0.3686126172542572 -0.32308387756347656 0.4347870862865387
[36 INFO root] -0.3677219748497009 -0.32267025113105774 0.4353395947571605
[36 INFO root] -0.3668491542339325 -0.32226434350013733 0.43648740995930296
[36 INFO root] -0.36599376797676086 -0.321865439414978 0.43820906640716417
[36 INFO root] -0.36515551805496216 -0.32147282361984253 0.4404867501659168
[36 INFO root] -0.3643341660499573 -0.3210859000682831 0.44330688873507545
[36 INFO root] -0.36352959275245667 -0.3207041323184967 0.4466601531469152
[36 INFO root] -0.36274173855781555 -0.32032713294029236 0.4505413630307015
[36 INFO root] -0.3619706630706787 -0.319954514503479 0.4549492770895178
[36 INFO root] -0.3612164855003357 -0.31958600878715515 0.4598862530645269
[36 INFO root] -0.36046382784843445 -0.3192136585712433 0.464475661755578
[36 INFO root] -0.3597027063369751 -0.31883275508880615 0.4681183179615729
[36 INFO root] -0.35893386602401733 -0.3184443712234497 0.4708088318407093
[36 INFO root] -0.3581596314907074 -0.3180505633354187 0.472643374472218
[36 INFO root] -0.3573826849460602 -0.31765350699424744 0.47374249953310305
[36 INFO root] -0.35660579800605774 -0.31725531816482544 0.47424047942063946
[36 INFO root] -0.35583171248435974 -0.3168580234050751 0.4742770286929656
[36 INFO root] -0.35506314039230347 -0.3164634704589844 0.4739899040190989
[36 INFO root] -0.3543025851249695 -0.3160732686519623 0.47350868077399716
[36 INFO root] -0.35355228185653687 -0.3156887888908386 0.4729498928934204
[36 INFO root] -0.3528141677379608 -0.3153110444545746 0.47241354050072365
[36 INFO root] -0.3520897626876831 -0.31494084000587463 0.47198084264473533
[36 INFO root] -0.3513801395893097 -0.3145785629749298 0.47171304498395444
[36 INFO root] -0.3506859242916107 -0.31422439217567444 0.4716510777412941
[36 INFO root] -0.35000723600387573 -0.31387823820114136 0.4718158837146879
[36 INFO root] -0.34934377670288086 -0.3135397136211395 0.47220928166837717
[36 INFO root] -0.34869474172592163 -0.3132082521915436 0.47281527900599535
[36 INFO root] -0.34805890917778015 -0.31288304924964905 0.47360178457588065
[36 INFO root] -0.3474346697330475 -0.3125632107257843 0.474522689338216
[36 INFO root] -0.3468201756477356 -0.3122476041316986 0.4755202785530688
[36 INFO root] -0.346213161945343 -0.3119351267814636 0.47652791996954336
[36 INFO root] -0.3456112742424011 -0.3116244971752167 0.4774729478248967
[36 INFO root] -0.34501180052757263 -0.3113144040107727 0.47827325210305616
[36 INFO root] -0.3444117605686188 -0.3110034167766571 0.47883787970411174
[36 INFO root] -0.3438084125518799 -0.3106902241706848 0.47908873212125486
[36 INFO root] -0.3431995213031769 -0.3103739321231842 0.47897123842816297
[36 INFO root] -0.3425835072994232 -0.3100540339946747 0.4784551489859081
[36 INFO root] -0.3419593274593353 -0.30973026156425476 0.47753025035212204
[36 INFO root] -0.34132641553878784 -0.3094026744365692 0.4762030139999597
[36 INFO root] -0.34068459272384644 -0.30907154083251953 0.4744937752762281
[36 INFO root] -0.3400340974330902 -0.30873727798461914 0.47243397426742045
[36 INFO root] -0.33937540650367737 -0.3084004819393158 0.4700634897094417
[36 INFO root] -0.3387093245983124 -0.3080618977546692 0.4674320305324169
[36 INFO root] -0.3380369246006012 -0.3077223002910614 0.46459722582683455
[36 INFO root] -0.3373594582080841 -0.3073825240135193 0.4616204305316689
[36 INFO root] -0.33667823672294617 -0.3070433735847473 0.4585628882643059
[36 INFO root] -0.3359981179237366 -0.30670735239982605 0.4550947203737109
[36 INFO root] -0.3353365659713745 -0.306383341550827 0.44934066494652203
[36 INFO root] -0.33469146490097046 -0.30607178807258606 0.44114642236548873
[36 INFO root] -0.3340582251548767 -0.3057721257209778 0.43057506175694205
[36 INFO root] -0.3334326446056366 -0.30548396706581116 0.4177015362188303
[36 INFO root] -0.3328108787536621 -0.3052070438861847 0.4026122160384176
[36 INFO root] -0.33218926191329956 -0.30494120717048645 0.38540415177532156
[36 INFO root] -0.33156442642211914 -0.30468645691871643 0.3661833930172378
[36 INFO root] -0.33093318343162537 -0.30444300174713135 0.34506503632586516
[36 INFO root] -0.33029258251190186 -0.30421122908592224 0.3221726042185135
[36 INFO root] -0.32963988184928894 -0.3039917051792145 0.2976373760763053
[36 INFO root] -0.32897260785102844 -0.3037852644920349 0.27159891540792
[36 INFO root] -0.3282885253429413 -0.30359286069869995 0.2442050936983506
[36 INFO root] -0.32758578658103943 -0.3034157454967499 0.2156123848741376
[36 INFO root] -0.32686302065849304 -0.3032553195953369 0.18598589434842502
[36 INFO root] -0.32611966133117676 -0.3031132221221924 0.15553670428697908
[36 INFO root] -0.32535603642463684 -0.30299112200737 0.1245008944056552
[36 INFO root] -0.3245730996131897 -0.30289071798324585 0.09310216612163687
[36 INFO root] -0.32377249002456665 -0.30281347036361694 0.06154785030964588
[36 INFO root] -0.3229564428329468 -0.30276063084602356 0.03002945126740038
[36 INFO root] -0.3221272826194763 -0.3027331531047821 -0.0012822484293692551
[36 INFO root] -0.3212870955467224 -0.30273163318634033 -0.032236986426525824
[36 INFO root] -0.3204382061958313 -0.3027563989162445 -0.0626971712297806
[36 INFO root] -0.31958314776420593 -0.302807480096817 -0.09253676174378098
[36 INFO root] -0.3187245726585388 -0.30288460850715637 -0.12164104952914231
[36 INFO root] -0.3178649842739105 -0.30298715829849243 -0.14990568066940813
[36 INFO root] -0.3170066773891449 -0.30311429500579834 -0.1772351807995323
[36 INFO root] -0.3161517083644867 -0.3032650351524353 -0.20354139240503163
[36 INFO root] -0.31530195474624634 -0.30343809723854065 -0.22874217429882632
[36 INFO root] -0.3144589364528656 -0.30363211035728455 -0.25276049864047595
[36 INFO root] -0.3136240839958191 -0.30384561419487 -0.27552408637277687
[36 INFO root] -0.3127986192703247 -0.3040769398212433 -0.2969656378124141
[36 INFO root] -0.3119836449623108 -0.3043244183063507 -0.31702354984152625
[36 INFO root] -0.31118008494377136 -0.304586261510849 -0.3356430077683661
[36 INFO root] -0.31038880348205566 -0.3048606216907501 -0.352777392369362
[36 INFO root] -0.309611439704895 -0.3051452934741974 -0.3684032822680661
[36 INFO root] -0.30885034799575806 -0.30543771386146545 -0.3825273761128457
[36 INFO root] -0.3081078827381134 -0.30573520064353943 -0.3951789730596213
[36 INFO root] -0.30738604068756104 -0.30603522062301636 -0.4064075287584186
[36 INFO root] -0.30668655037879944 -0.30633530020713806 -0.41628146602919597
[36 INFO root] -0.30601081252098083 -0.30663323402404785 -0.42488665859141933
[36 INFO root] -0.30535998940467834 -0.30692699551582336 -0.4323243552112704
[36 INFO root] -0.30473488569259644 -0.3072148561477661 -0.43870862992016596
[36 INFO root] -0.3041309714317322 -0.3074977397918701 -0.44422695075475693
[36 INFO root] -0.30351293087005615 -0.30779147148132324 -0.44937082088035135
[36 INFO root] -0.302881121635437 -0.3080958127975464 -0.4542625090324938
[36 INFO root] -0.3022401034832001 -0.3084084391593933 -0.458981649855514
[36 INFO root] -0.301594078540802 -0.30872732400894165 -0.463602302741661
[36 INFO root] -0.30094659328460693 -0.30905064940452576 -0.4681907539309645
[36 INFO root] -0.3003006875514984 -0.30937692523002625 -0.4728043174183332
[36 INFO root] -0.2996586859226227 -0.3097049295902252 -0.4774904480817228
[36 INFO root] -0.2990224063396454 -0.31003376841545105 -0.48228618147331465
[36 INFO root] -0.29839298129081726 -0.31036290526390076 -0.48721787381787063
[36 INFO root] -0.29777097702026367 -0.31069204211235046 -0.4923011940032136
[36 INFO root] -0.29715636372566223 -0.3110212981700897 -0.4975413194061485
[36 INFO root] -0.2965486943721771 -0.31135091185569763 -0.5029332999272219
[36 INFO root] -0.29594698548316956 -0.31168150901794434 -0.5084625711420208
[36 INFO root] -0.2953498661518097 -0.3120138645172119 -0.5141056123457025
[36 INFO root] -0.29475563764572144 -0.31234902143478394 -0.5198307555557143
[36 INFO root] -0.29416242241859436 -0.31268808245658875 -0.5255991562266968
[36 INFO root] -0.2935676574707031 -0.3130325973033905 -0.5313570913572443
[36 INFO root] -0.29296794533729553 -0.31338462233543396 -0.5370280291543384
[36 INFO root] -0.29236018657684326 -0.31374603509902954 -0.5425396609027439
[36 INFO root] -0.29174190759658813 -0.31411829590797424 -0.5478312403515466
[36 INFO root] -0.2911113500595093 -0.3145025968551636 -0.5528540026502758
[36 INFO root] -0.29046714305877686 -0.31489965319633484 -0.5575706690629566
[36 INFO root] -0.2898085415363312 -0.31530991196632385 -0.5619546529889509
[36 INFO root] -0.2891351282596588 -0.31573352217674255 -0.5659890623884054
[36 INFO root] -0.28844690322875977 -0.31617042422294617 -0.5696655739986595
[36 INFO root] -0.28774401545524597 -0.31662026047706604 -0.5729832455387845
[36 INFO root] -0.287026971578598 -0.31708255410194397 -0.5759473212982373
[36 INFO root] -0.2862963378429413 -0.3175567090511322 -0.5785680751978132
[36 INFO root] -0.28555282950401306 -0.3180420398712158 -0.5808597244937962
[36 INFO root] -0.2847972810268402 -0.31853774189949036 -0.5828394373238979
[36 INFO root] -0.2840304672718048 -0.31904301047325134 -0.5845264485770507
[36 INFO root] -0.28325027227401733 -0.3195590674877167 -0.5864522154115885
[36 INFO root] -0.2824418544769287 -0.3200959861278534 -0.591272173023814
[36 INFO root] -0.2816081643104553 -0.3206551671028137 -0.5989885484692181
[36 INFO root] -0.28075382113456726 -0.3212374448776245 -0.609280276647686
[36 INFO root] -0.27988260984420776 -0.32184410095214844 -0.6218457804298604
[36 INFO root] -0.27899765968322754 -0.32247671484947205 -0.6364033918338151
[36 INFO root] -0.27810168266296387 -0.3231368362903595 -0.6526889407530461
[36 INFO root] -0.27719706296920776 -0.3238260746002197 -0.670453615875168
[36 INFO root] -0.27628612518310547 -0.32454586029052734 -0.6894622131491768
[36 INFO root] -0.27537107467651367 -0.32529741525650024 -0.7094917968214229
[36 INFO root] -0.2744540274143219 -0.32608169317245483 -0.7303307560211898
[36 INFO root] -0.27353715896606445 -0.32689937949180603 -0.7517782142287169
[36 INFO root] -0.27262258529663086 -0.3277508318424225 -0.773643734050594
[36 INFO root] -0.27171245217323303 -0.3286359906196594 -0.7957472524470739
[36 INFO root] -0.2708088159561157 -0.3295544981956482 -0.8179191799528398
[36 INFO root] -0.2699136435985565 -0.33050569891929626 -0.8400006001909935
[36 INFO root] -0.26902884244918823 -0.3314884603023529 -0.8618435120751935
[36 INFO root] -0.26815614104270935 -0.33250150084495544 -0.8833110655964831
[36 INFO root] -0.2672971189022064 -0.33354315161705017 -0.9042777520804458
[36 INFO root] -0.2664531171321869 -0.33461153507232666 -0.9246295203733089
[36 INFO root] -0.2656252980232239 -0.3357045650482178 -0.9442638007380758
[36 INFO root] -0.264814555644989 -0.3368200659751892 -0.9630894276187195
[36 INFO root] -0.2640215754508972 -0.33795568346977234 -0.9810264603637796
[36 INFO root] -0.2632467448711395 -0.33910900354385376 -0.9980059072167954
[36 INFO root] -0.26249027252197266 -0.34027767181396484 -1.0139693623226864
[36 INFO root] -0.26175206899642944 -0.3414592146873474 -1.0288685682876373
[36 INFO root] -0.26103276014328003 -0.3426499664783478 -1.0427643029794387
[36 INFO root] -0.26033392548561096 -0.3438442647457123 -1.055887526122447
[36 INFO root] -0.25965532660484314 -0.34503990411758423 -1.0682838492885944
[36 INFO root] -0.2589963972568512 -0.34623533487319946 -1.0799787982902196
[36 INFO root] -0.25835657119750977 -0.34742915630340576 -1.0909994159239933
[36 INFO root] -0.25773516297340393 -0.34862008690834045 -1.1013735802331484
[36 INFO root] -0.25713151693344116 -0.34980708360671997 -1.1111295074911731
[36 INFO root] -0.25654491782188416 -0.3509891629219055 -1.120295350232904
[36 INFO root] -0.2559746205806732 -0.35216549038887024 -1.128898877929243
[36 INFO root] -0.25541988015174866 -0.3533354103565216 -1.1369672298069426
[36 INFO root] -0.2549248933792114 -0.3544014096260071 -1.1443162875315764
[36 INFO root] -0.2544915974140167 -0.3553529679775238 -1.151115972577297
[36 INFO root] -0.2541109621524811 -0.3562043011188507 -1.1576019593997842
[36 INFO root] -0.2537747919559479 -0.35696959495544434 -1.1639709592059337
[36 INFO root] -0.25347620248794556 -0.35766127705574036 -1.1703806672924584
[36 INFO root] -0.25320953130722046 -0.35829001665115356 -1.1769587531854697
[36 INFO root] -0.2529700994491577 -0.35886502265930176 -1.183809848000528
[36 INFO root] -0.25275397300720215 -0.35939425230026245 -1.1910207464761446
[36 INFO root] -0.2525578737258911 -0.35988444089889526 -1.1986643297796662
[36 INFO root] -0.25237908959388733 -0.3603414297103882 -1.2068025632918642
[36 INFO root] -0.25221532583236694 -0.36077016592025757 -1.2154888141670583
[36 INFO root] -0.25206467509269714 -0.361175000667572 -1.2247696601201874
[36 INFO root] -0.25192558765411377 -0.36155959963798523 -1.2346863114026703
[36 INFO root] -0.25179675221443176 -0.3619271218776703 -1.2452757340090872
[36 INFO root] -0.25167712569236755 -0.36228033900260925 -1.2565715382290812
[36 INFO root] -0.2515657842159271 -0.36262157559394836 -1.2686046788173257
[36 INFO root] -0.25146204233169556 -0.3629528880119324 -1.2814039983540653
[36 INFO root] -0.25136539340019226 -0.3632759749889374 -1.2949966313923436
[36 INFO root] -0.2512753903865814 -0.3635922968387604 -1.3094082714923574
[36 INFO root] -0.25119173526763916 -0.36390310525894165 -1.3246632841172614
[36 INFO root] -0.25111427903175354 -0.3642094135284424 -1.3407846243254424
[36 INFO root] -0.2510428726673126 -0.3645121455192566 -1.357793489206974
[36 INFO root] -0.25097745656967163 -0.36481210589408875 -1.3757086036279347
[36 INFO root] -0.25091803073883057 -0.3651100695133209 -1.3945450111040434
