[57 INFO root] Initialising Python Geth Console...
[57 INFO root] Initialising RandB board...
[57 INFO root] Initialising resource sensor...
[57 INFO root] Initialising random-walk...
[57 INFO root] Initialising navigation...
[57 INFO root] Initialising Odo...
[57 INFO root] Initialising odometry...
[57 INFO root] Initialising gps...
[57 INFO root] Initialising Ground sensor...
[57 INFO root] --//-- Starting Experiment --//--
[57 INFO root] x y direction
[57 INFO root] -0.4295850098133087 -0.7752619981765747 1.3351629151416462
[57 INFO root] -0.42914727330207825 -0.7734388113021851 1.0539717928297954
[57 INFO root] -0.426776647567749 -0.7682927846908569 0.7690170841862088
[57 INFO root] -0.42171528935432434 -0.7623840570449829 0.5495125707442567
[57 INFO root] -0.41427943110466003 -0.7571512460708618 0.39653482199094126
[57 INFO root] -0.4055248200893402 -0.7531232237815857 0.29997397628342215
[57 INFO root] -0.3964569866657257 -0.7501530051231384 0.24127065358048871
[57 INFO root] -0.38760289549827576 -0.747893750667572 0.20302877368205885
[57 INFO root] -0.3791418969631195 -0.7461056709289551 0.17407556169062893
[57 INFO root] -0.3711145222187042 -0.744662880897522 0.1484054396498987
[57 INFO root] -0.3635078966617584 -0.7435012459754944 0.12305373151048597
[57 INFO root] -0.35628825426101685 -0.7425873279571533 0.09667986841047317
[57 INFO root] -0.3494137227535248 -0.7419014573097229 0.06881811704579162
[57 INFO root] -0.3428407609462738 -0.7414292097091675 0.039479697231430674
[57 INFO root] -0.33653271198272705 -0.7411608099937439 0.008923802804047198
[57 INFO root] -0.3304583728313446 -0.7410873770713806 -0.022474957101301596
[57 INFO root] -0.3245927691459656 -0.7412002682685852 -0.05423000395605495
[57 INFO root] -0.31891778111457825 -0.7414897084236145 -0.08580127961839806
[57 INFO root] -0.3134215176105499 -0.7419444918632507 -0.11672783470397531
[57 INFO root] -0.308096319437027 -0.7425518035888672 -0.1466642732170059
[57 INFO root] -0.3029368817806244 -0.743297815322876 -0.17539189568704025
[57 INFO root] -0.297939270734787 -0.7441682815551758 -0.20277376790656812
[57 INFO root] -0.2931002676486969 -0.7451490759849548 -0.22868185667801597
[57 INFO root] -0.28841671347618103 -0.7462260723114014 -0.25300494494664905
[57 INFO root] -0.28388547897338867 -0.747385561466217 -0.2756553321056918
[57 INFO root] -0.27950015664100647 -0.748615026473999 -0.29504439220191014
[57 INFO root] -0.27525845170021057 -0.749894917011261 -0.3114984249504105
[57 INFO root] -0.2711574137210846 -0.7512077689170837 -0.32555800122739836
[57 INFO root] -0.2671931982040405 -0.7525395750999451 -0.33765791836747144
[57 INFO root] -0.26336169242858887 -0.7538794875144958 -0.34814049185063334
[57 INFO root] -0.2596586048603058 -0.7552189230918884 -0.357277039184413
[57 INFO root] -0.25607961416244507 -0.7565510869026184 -0.3652842919513458
[57 INFO root] -0.25262051820755005 -0.7578707337379456 -0.3723367777670093
[57 INFO root] -0.24927718937397003 -0.7591736912727356 -0.3785761843960654
[57 INFO root] -0.24604563415050507 -0.7604566812515259 -0.3841184598862796
[57 INFO root] -0.24292202293872833 -0.7617172002792358 -0.3890592311752515
[57 INFO root] -0.23990264534950256 -0.7629532217979431 -0.3934779598267938
[57 INFO root] -0.23698392510414124 -0.7641632556915283 -0.39744114964880306
[57 INFO root] -0.23416288197040558 -0.7653461694717407 -0.40080730023750294
[57 INFO root] -0.2314377725124359 -0.7664997577667236 -0.4029267106810828
[57 INFO root] -0.22880502045154572 -0.7676212787628174 -0.4037907899740165
[57 INFO root] -0.22626075148582458 -0.7687081098556519 -0.4034707723165349
[57 INFO root] -0.22380127012729645 -0.7697581648826599 -0.4020361228931201
[57 INFO root] -0.22142291069030762 -0.7707698345184326 -0.39955378071332454
[57 INFO root] -0.21912218630313873 -0.771742045879364 -0.39608814671295284
[57 INFO root] -0.21689572930335999 -0.7726740837097168 -0.39170070602245577
[57 INFO root] -0.21474027633666992 -0.7735654711723328 -0.38645008325292607
[57 INFO root] -0.2126527577638626 -0.7744162678718567 -0.38039239450242174
[57 INFO root] -0.21063019335269928 -0.7752264738082886 -0.3735805918203735
[57 INFO root] -0.2086697667837143 -0.7759965062141418 -0.3660654026806294
[57 INFO root] -0.20676876604557037 -0.7767269611358643 -0.3578949125892146
[57 INFO root] -0.20492465794086456 -0.7774184346199036 -0.3491146295698521
[57 INFO root] -0.20313499867916107 -0.7780717611312866 -0.33976799268521607
[57 INFO root] -0.20139750838279724 -0.7786877751350403 -0.3298962159010813
[57 INFO root] -0.1997099667787552 -0.7792675495147705 -0.31953861564938685
[57 INFO root] -0.19817444682121277 -0.7797775268554688 -0.30928653489832936
[57 INFO root] -0.19690215587615967 -0.7801858186721802 -0.29974612172018
[57 INFO root] -0.19586299359798431 -0.780508279800415 -0.2908093295095881
[57 INFO root] -0.19501623511314392 -0.7807626724243164 -0.28232498691066943
[57 INFO root] -0.19432850182056427 -0.7809629440307617 -0.27417718109989275
[57 INFO root] -0.19377276301383972 -0.7811198830604553 -0.26627678551686756
[57 INFO root] -0.19332709908485413 -0.7812418937683105 -0.25855540384657055
[57 INFO root] -0.19297368824481964 -0.781335711479187 -0.25096106789427775
[57 INFO root] -0.19269798696041107 -0.7814066410064697 -0.24345465099562352
[57 INFO root] -0.19248802959918976 -0.7814590334892273 -0.23600754371437788
[57 INFO root] -0.1923329085111618 -0.7814964652061462 -0.22859154670865614
[57 INFO root] -0.19222068786621094 -0.7815226912498474 -0.22116032815132497
[57 INFO root] -0.19214120507240295 -0.7815406918525696 -0.2136687792416239
[57 INFO root] -0.19208650290966034 -0.7815526127815247 -0.2060780960462482
[57 INFO root] -0.19205041229724884 -0.7815601825714111 -0.19835578348958469
[57 INFO root] -0.1920281946659088 -0.7815646529197693 -0.19047454945409556
[57 INFO root] -0.19201621413230896 -0.7815670371055603 -0.18241168247277978
[57 INFO root] -0.19201162457466125 -0.7815678715705872 -0.17414818298097623
[57 INFO root] -0.1920122355222702 -0.7815677523612976 -0.1656688914633079
[57 INFO root] -0.19201625883579254 -0.7815670967102051 -0.15696142053929155
[57 INFO root] -0.19202221930027008 -0.7815661430358887 -0.14801589676373395
[57 INFO root] -0.19202877581119537 -0.7815651297569275 -0.13882496253443746
[57 INFO root] -0.19203472137451172 -0.7815642952919006 -0.12938350070978455
[57 INFO root] -0.19203877449035645 -0.7815637588500977 -0.11968838982095054
[57 INFO root] -0.1920396387577057 -0.7815636992454529 -0.1097388030394182
[57 INFO root] -0.19203588366508484 -0.7815641164779663 -0.0995360686963371
[57 INFO root] -0.19202588498592377 -0.7815650701522827 -0.08908426752851378
[57 INFO root] -0.1920078694820404 -0.7815667390823364 -0.078390314946692
[57 INFO root] -0.1919797956943512 -0.7815689444541931 -0.0674637892661319
[57 INFO root] -0.1919393539428711 -0.7815716862678528 -0.056318171013714106
[57 INFO root] -0.19188398122787476 -0.7815748453140259 -0.044970746630916165
[57 INFO root] -0.1918102502822876 -0.7815782427787781 -0.03344933914515048
[57 INFO root] -0.19171376526355743 -0.7815815806388855 -0.02179350344427139
[57 INFO root] -0.19158978760242462 -0.7815843820571899 -0.010048139618022723
[57 INFO root] -0.19143354892730713 -0.7815861105918884 0.001738091631669934
[57 INFO root] -0.19124042987823486 -0.7815859317779541 0.013513360710912109
[57 INFO root] -0.19100609421730042 -0.7815830111503601 0.025222538722685876
[57 INFO root] -0.1907266527414322 -0.7815762758255005 0.03680775566594487
[57 INFO root] -0.19039879739284515 -0.7815645337104797 0.048208340240249996
[57 INFO root] -0.19001981616020203 -0.7815465927124023 0.059360965075704646
[57 INFO root] -0.18958780169487 -0.7815213799476624 0.07020007202226788
[57 INFO root] -0.18910159170627594 -0.7814876437187195 0.08065875080576569
[57 INFO root] -0.1885608434677124 -0.7814444303512573 0.09066881960583925
[57 INFO root] -0.1879660189151764 -0.781390905380249 0.10016219631436493
[57 INFO root] -0.18731839954853058 -0.781326413154602 0.10907198474214562
[57 INFO root] -0.1866200566291809 -0.781250536441803 0.11733373098913409
[57 INFO root] -0.18587374687194824 -0.7811631560325623 0.12488685788078528
[57 INFO root] -0.18508286774158478 -0.7810644507408142 0.13167617722203706
[57 INFO root] -0.18425138294696808 -0.7809548377990723 0.13765329010748503
[57 INFO root] -0.18338367342948914 -0.7808351516723633 0.14277761403619138
[57 INFO root] -0.182484433054924 -0.7807063460350037 0.14701756897180937
[57 INFO root] -0.1815585494041443 -0.7805696129798889 0.15035071279517848
[57 INFO root] -0.18061092495918274 -0.7804263830184937 0.15276380407342255
[57 INFO root] -0.17964643239974976 -0.7802781462669373 0.1542526029217672
[57 INFO root] -0.17866972088813782 -0.7801263928413391 0.15482104344398065
[57 INFO root] -0.1776851862668991 -0.7799727916717529 0.15448003550359818
[57 INFO root] -0.17669568955898285 -0.7798187136650085 0.15336828017701942
[57 INFO root] -0.17569606006145477 -0.7796640396118164 0.15242140538485052
[57 INFO root] -0.17468984425067902 -0.7795093655586243 0.15177383249499382
[57 INFO root] -0.17369578778743744 -0.7793572545051575 0.1516165481982001
[57 INFO root] -0.17270684242248535 -0.7792061567306519 0.15160593089142207
[57 INFO root] -0.1717183142900467 -0.779055118560791 0.15160593089142207
[57 INFO root] -0.17072978615760803 -0.778904139995575 0.15160593089142207
[57 INFO root] -0.16974125802516937 -0.7787531018257141 0.15160593089142207
[57 INFO root] -0.1687527298927307 -0.7786020636558533 0.15160593089142207
[57 INFO root] -0.16776420176029205 -0.7784510254859924 0.15160593089142207
[57 INFO root] -0.1667756736278534 -0.7782999873161316 0.15160593089142207
[57 INFO root] -0.16578714549541473 -0.7781490087509155 0.15160593089142207
[57 INFO root] -0.16479861736297607 -0.7779979705810547 0.15160593089142207
[57 INFO root] -0.16381007432937622 -0.7778469324111938 0.15160593089142207
[57 INFO root] -0.16282154619693756 -0.777695894241333 0.15160593089142207
[57 INFO root] -0.1618330180644989 -0.7775448560714722 0.15160593089142207
[57 INFO root] -0.16084448993206024 -0.7773938775062561 0.15160593089142207
[57 INFO root] -0.15985596179962158 -0.7772428393363953 0.15160593089142207
[57 INFO root] -0.15886743366718292 -0.7770918011665344 0.15160593089142207
[57 INFO root] -0.15789303183555603 -0.7769429087638855 0.1518117044550858
[57 INFO root] -0.15693704783916473 -0.7767966985702515 0.15229122846083257
[57 INFO root] -0.15599796175956726 -0.7766526341438293 0.15302869201354968
[57 INFO root] -0.15507438778877258 -0.7765102386474609 0.15366370662748574
[57 INFO root] -0.1541687399148941 -0.7763700485229492 0.15182616081594386
[57 INFO root] -0.15327808260917664 -0.7762336134910583 0.14753030691632193
[57 INFO root] -0.15239869058132172 -0.7761024832725525 0.14105416148046618
[57 INFO root] -0.15152689814567566 -0.775978147983551 0.13264249583163717
[57 INFO root] -0.1506592184305191 -0.7758616209030151 0.12251139726944163
[57 INFO root] -0.14979232847690582 -0.7757539749145508 0.11085319390994254
[57 INFO root] -0.14892320334911346 -0.7756562232971191 0.09784061247700625
[57 INFO root] -0.1480489820241928 -0.7755692601203918 0.08363028471523919
[57 INFO root] -0.1471671462059021 -0.7754940986633301 0.06836568692108942
[57 INFO root] -0.1462753564119339 -0.7754316926002502 0.05217957779124555
[57 INFO root] -0.14537161588668823 -0.7753829956054688 0.03519598669244122
[57 INFO root] -0.14445418119430542 -0.7753491997718811 0.017531785032784707
[57 INFO root] -0.14352160692214966 -0.7753311991691589 -0.0007021228780163397
[57 INFO root] -0.14257276058197021 -0.7753301858901978 -0.019399967026750512
[57 INFO root] -0.14160682260990143 -0.775347113609314 -0.03846060373204009
[57 INFO root] -0.1406232863664627 -0.7753831148147583 -0.05778730813456817
[57 INFO root] -0.13962194323539734 -0.7754391431808472 -0.07728783089748295
[57 INFO root] -0.13860294222831726 -0.7755160927772522 -0.09687468038955074
[57 INFO root] -0.1375667005777359 -0.7756147980690002 -0.11646558181480315
[57 INFO root] -0.13651391863822937 -0.7757359147071838 -0.1359840631384044
[57 INFO root] -0.13544556498527527 -0.775879979133606 -0.15536011213736195
[57 INFO root] -0.13436278700828552 -0.7760474681854248 -0.17453094572999697
[57 INFO root] -0.13331033289432526 -0.7762308716773987 -0.1956934743539632
[57 INFO root] -0.1322864443063736 -0.7764315605163574 -0.21910825738442416
[57 INFO root] -0.13128219544887543 -0.7766526937484741 -0.24467891050616675
[57 INFO root] -0.1302902102470398 -0.776897668838501 -0.27229134244572545
[57 INFO root] -0.1293046772480011 -0.777169942855835 -0.3018242370497806
[57 INFO root] -0.12832845747470856 -0.7774707078933716 -0.3331668430114453
[57 INFO root] -0.12736265361309052 -0.7778015732765198 -0.3662167793856562
[57 INFO root] -0.12640364468097687 -0.7781657576560974 -0.40085162671911234
[57 INFO root] -0.1254478245973587 -0.7785669565200806 -0.4369272729076566
[57 INFO root] -0.1244923397898674 -0.7790090441703796 -0.474272583608153
[57 INFO root] -0.1235351413488388 -0.7794960141181946 -0.5126836631285565
[57 INFO root] -0.12257509678602219 -0.780031681060791 -0.5519189956828041
[57 INFO root] -0.1216120645403862 -0.7806195616722107 -0.5916961115496211
[57 INFO root] -0.12064699083566666 -0.7812626957893372 -0.6316903045380795
[57 INFO root] -0.11968189477920532 -0.7819631099700928 -0.6715359120064798
[57 INFO root] -0.11872552335262299 -0.7827171087265015 -0.7109804095387424
[57 INFO root] -0.11780083179473877 -0.7835071086883545 -0.7502225665810379
[57 INFO root] -0.11691108345985413 -0.784329891204834 -0.7890387530395815
[57 INFO root] -0.11605711281299591 -0.7851834297180176 -0.8271163822560746
[57 INFO root] -0.11524006724357605 -0.786064863204956 -0.8641151649136949
[57 INFO root] -0.11446132510900497 -0.7869701385498047 -0.8996791391344179
[57 INFO root] -0.11372225731611252 -0.7878940105438232 -0.9334495768717141
[57 INFO root] -0.11302400380373001 -0.7888303399085999 -0.965078317920606
[57 INFO root] -0.11236726492643356 -0.7897721529006958 -0.9942405282394847
[57 INFO root] -0.11175213009119034 -0.7907119989395142 -1.0206459568971789
[57 INFO root] -0.11117800325155258 -0.791642427444458 -1.044047939944363
[57 INFO root] -0.11064354330301285 -0.7925564050674438 -1.0642496603039568
[57 INFO root] -0.11015164107084274 -0.7934385538101196 -1.081269441380271
[57 INFO root] -0.10970356315374374 -0.7942759394645691 -1.0972554611520424
[57 INFO root] -0.1092946007847786 -0.7950707077980042 -1.1125383913247673
[57 INFO root] -0.10892049968242645 -0.7958260774612427 -1.1272174909840824
[57 INFO root] -0.10857802629470825 -0.7965439558029175 -1.1413913974063765
[57 INFO root] -0.10826446115970612 -0.797226071357727 -1.1551677902056445
[57 INFO root] -0.10797746479511261 -0.7978737950325012 -1.16866579777926
[57 INFO root] -0.10771498829126358 -0.7984884977340698 -1.1820164859676152
[57 INFO root] -0.10747520625591278 -0.7990715503692627 -1.1953619613335893
[57 INFO root] -0.10725649446249008 -0.7996241450309753 -1.208853625000758
[57 INFO root] -0.10705731064081192 -0.8001480102539062 -1.2226505115610384
[57 INFO root] -0.10687582194805145 -0.8006458282470703 -1.236917389351492
[57 INFO root] -0.10671037435531616 -0.8011205196380615 -1.2518166441419907
[57 INFO root] -0.10655960440635681 -0.8015746474266052 -1.2675035452322716
[57 INFO root] -0.10642236471176147 -0.8020106554031372 -1.2841227121020462
[57 INFO root] -0.10629767179489136 -0.8024309873580933 -1.301804337267275
[57 INFO root] -0.10618468374013901 -0.8028379082679749 -1.320660351940995
[57 INFO root] -0.10608270019292831 -0.8032339215278625 -1.3407810470600279
[57 INFO root] -0.10599115490913391 -0.8036212921142578 -1.3622316739092124
[57 INFO root] -0.10590960830450058 -0.8040024638175964 -1.3850501376212188
[57 INFO root] -0.10583779960870743 -0.8043798208236694 -1.4092451945443591
[57 INFO root] -0.10577563941478729 -0.804755449295044 -1.4347959392352359
[57 INFO root] -0.10572320222854614 -0.8051314353942871 -1.4616526776923762
[57 INFO root] -0.10568074882030487 -0.8055095076560974 -1.4897387027000588
[57 INFO root] -0.10564868897199631 -0.8058909773826599 -1.5189532257568408
[57 INFO root] -0.10562755167484283 -0.8062767386436462 -1.5491612659981795
[57 INFO root] -0.1056179329752922 -0.8066673874855042 -1.5801744252941154
[57 INFO root] -0.10562042146921158 -0.8070626854896545 -1.6118028695427333
[57 INFO root] -0.10563554614782333 -0.8074617981910706 -1.6438707629197058
[57 INFO root] -0.10566367208957672 -0.8078635931015015 -1.6762129727162822
[57 INFO root] -0.10570498555898666 -0.8082664608955383 -1.708673691269533
[57 INFO root] -0.10575944930315018 -0.8086684942245483 -1.7411084074891636
[57 INFO root] -0.10582677274942398 -0.8090677261352539 -1.7733863688397717
[57 INFO root] -0.10590644180774689 -0.8094620704650879 -1.8053924968232609
[57 INFO root] -0.1059977114200592 -0.8098495006561279 -1.8370284691267216
[57 INFO root] -0.10609965026378632 -0.8102280497550964 -1.8682129304464836
[57 INFO root] -0.10621115565299988 -0.8105960488319397 -1.8988808583152443
[57 INFO root] -0.10633102804422379 -0.810951828956604 -1.9289823122246246
[57 INFO root] -0.10645797848701477 -0.8112941980361938 -1.958480480311796
[57 INFO root] -0.10659068077802658 -0.8116220235824585 -1.9873496032045206
[57 INFO root] -0.10672780871391296 -0.8119344711303711 -2.0155724746935646
[57 INFO root] -0.10686802864074707 -0.8122308850288391 -2.0431380431421484
[57 INFO root] -0.10701003670692444 -0.8125108480453491 -2.0700390769774537
[57 INFO root] -0.10715256631374359 -0.8127739429473877 -2.0962705530562884
[57 INFO root] -0.10729436576366425 -0.8130200505256653 -2.12182844753943
[57 INFO root] -0.1074342355132103 -0.8132490515708923 -2.146709237046052
[57 INFO root] -0.10757210105657578 -0.8134625554084778 -2.170819625740596
[57 INFO root] -0.1077079251408577 -0.8136621713638306 -2.1940529683010492
[57 INFO root] -0.10784131288528442 -0.8138486742973328 -2.2163142873662895
[57 INFO root] -0.10797160118818283 -0.8140225410461426 -2.237521340763279
[57 INFO root] -0.10809793323278427 -0.81418377161026 -2.2576037582193202
[57 INFO root] -0.10821929574012756 -0.8143324255943298 -2.276501716109708
[57 INFO root] -0.10833465307950974 -0.8144683837890625 -2.29416522872958
[57 INFO root] -0.10844294726848602 -0.8145914673805237 -2.3105531086450233
[57 INFO root] -0.10854320228099823 -0.8147017359733582 -2.3256320334853138
[57 INFO root] -0.10863452404737473 -0.8147991299629211 -2.3393761485928897
[57 INFO root] -0.1087162047624588 -0.8148838877677917 -2.351766195799064
[57 INFO root] -0.10878859460353851 -0.8149571418762207 -2.36283836478052
[57 INFO root] -0.10885240137577057 -0.8150202631950378 -2.3726423354679516
[57 INFO root] -0.10890831053256989 -0.8150744438171387 -2.381226579469018
[57 INFO root] -0.10896992683410645 -0.8151331543922424 -2.3892524808092195
[57 INFO root] -0.10903900116682053 -0.8151978850364685 -2.396883246322818
[57 INFO root] -0.10911465436220169 -0.8152677416801453 -2.404177768692159
[57 INFO root] -0.10919602960348129 -0.8153417706489563 -2.411185453319001
[57 INFO root] -0.10928238183259964 -0.8154191970825195 -2.417949523961437
[57 INFO root] -0.109373077750206 -0.8154994249343872 -2.424507956645772
[57 INFO root] -0.10946758836507797 -0.8155819773674011 -2.430894614504867
[57 INFO root] -0.10956543684005737 -0.8156662583351135 -2.4371401616685127
[57 INFO root] -0.10966622084379196 -0.8157520294189453 -2.443272381092233
[57 INFO root] -0.10976962745189667 -0.8158389329910278 -2.4493129156276536
[57 INFO root] -0.1098754033446312 -0.8159267902374268 -2.455280625822087
[57 INFO root] -0.10998331755399704 -0.8160152435302734 -2.4611939569071617
[57 INFO root] -0.1100931465625763 -0.8161042928695679 -2.4670710306520673
[57 INFO root] -0.11020470410585403 -0.8161935806274414 -2.472930456652952
[57 INFO root] -0.11031780391931534 -0.8162830471992493 -2.4787907980487875
[57 INFO root] -0.11043227463960648 -0.8163725137710571 -2.4846711983563425
[57 INFO root] -0.11054796725511551 -0.8164618611335754 -2.4905913019588484
[57 INFO root] -0.1106647402048111 -0.8165509104728699 -2.49657144221893
[57 INFO root] -0.1107824519276619 -0.8166395425796509 -2.5026326113736057
[57 INFO root] -0.11090097576379776 -0.8167277574539185 -2.5087966382961095
[57 INFO root] -0.11102020740509033 -0.8168153166770935 -2.515086513090885
[57 INFO root] -0.11114003509283066 -0.8169021606445312 -2.521525953626516
[57 INFO root] -0.11126036942005157 -0.8169881701469421 -2.5281397430703594
[57 INFO root] -0.11138112097978592 -0.8170732855796814 -2.5349536413921694
[57 INFO root] -0.11150174587965012 -0.8171571493148804 -2.542045068454533
[57 INFO root] -0.1116211861371994 -0.8172389268875122 -2.549552254280738
[57 INFO root] -0.11173852533102036 -0.8173179626464844 -2.5576103502892122
[57 INFO root] -0.11185313761234283 -0.8173938393592834 -2.566337360848633
[57 INFO root] -0.11196468770503998 -0.8174663186073303 -2.575835205278448
[57 INFO root] -0.11207310110330582 -0.8175352811813354 -2.5861919681990977
[57 INFO root] -0.11217851936817169 -0.8176008462905884 -2.5974841004634928
[57 INFO root] -0.11228130757808685 -0.8176631927490234 -2.6097788472223806
[57 INFO root] -0.11238203197717667 -0.8177226781845093 -2.6231362049045637
[57 INFO root] -0.11248142272233963 -0.817779541015625 -2.637610932489841
[57 INFO root] -0.11258038878440857 -0.8178343176841736 -2.653253665311325
[57 INFO root] -0.11267999559640884 -0.8178874254226685 -2.6701126498797416
[57 INFO root] -0.11278146505355835 -0.8179393410682678 -2.6882342896737685
[57 INFO root] -0.11288618296384811 -0.8179906010627747 -2.707663628076648
[57 INFO root] -0.11299572885036469 -0.8180416226387024 -2.7284418800343126
[57 INFO root] -0.11311187595129013 -0.8180928230285645 -2.750603687914522
[57 INFO root] -0.11323662102222443 -0.8181445598602295 -2.7741748299918405
[57 INFO root] -0.11337213218212128 -0.8181970715522766 -2.7991694542677577
[57 INFO root] -0.1135207787156105 -0.8182504177093506 -2.825586996915546
[57 INFO root] -0.11368508636951447 -0.8183045983314514 -2.8534089239614433
[57 INFO root] -0.11386765539646149 -0.8183591961860657 -2.882595806001142
[57 INFO root] -0.11407109349966049 -0.8184136748313904 -2.9130836121627826
[57 INFO root] -0.11429792642593384 -0.8184671401977539 -2.9447809778361274
[57 INFO root] -0.11455046385526657 -0.8185182213783264 -2.9775664609492036
[57 INFO root] -0.11483064293861389 -0.8185654878616333 -3.0112861920679035
[57 INFO root] -0.11513984203338623 -0.818606972694397 -3.0457537704031106
[57 INFO root] -0.1154787465929985 -0.8186406493186951 -3.0807504333576152
[57 INFO root] -0.1158471554517746 -0.8186642527580261 -3.1160281845273863
[57 INFO root] -0.1162438839673996 -0.8186757564544678 3.1318707936809806
[57 INFO root] -0.11666662245988846 -0.8186730146408081 3.0968649004042663
[57 INFO root] -0.11711198836565018 -0.8186545968055725 3.062436019017981
[57 INFO root] -0.11757557839155197 -0.8186193704605103 3.0288756048473826
[57 INFO root] -0.11805213242769241 -0.8185669779777527 2.996457520734164
[57 INFO root] -0.11853577941656113 -0.818497896194458 2.9654245685575336
[57 INFO root] -0.11902035772800446 -0.8184131383895874 2.935976061024475
[57 INFO root] -0.11949975788593292 -0.8183146715164185 2.9082586807516018
