[55 INFO root] Initialising Python Geth Console...
[55 INFO root] Initialising RandB board...
[55 INFO root] Initialising resource sensor...
[55 INFO root] Initialising random-walk...
[55 INFO root] Initialising navigation...
[55 INFO root] Initialising Odo...
[55 INFO root] Initialising odometry...
[55 INFO root] Initialising gps...
[55 INFO root] Initialising Ground sensor...
[55 INFO root] --//-- Starting Experiment --//--
[55 INFO root] x y direction
[55 INFO root] -0.2234259992837906 0.3725590109825134 1.7400251963975188
[55 INFO root] -0.2237417846918106 0.37440720200538635 1.7760549378881971
[55 INFO root] -0.22489286959171295 0.380334734916687 1.8029275704085166
[55 INFO root] -0.22661961615085602 0.387777715921402 1.8154649980225932
[55 INFO root] -0.22827790677547455 0.3944760262966156 1.82064010372482
[55 INFO root] -0.22982905805110931 0.4005729556083679 1.8236222129598738
[55 INFO root] -0.23128123581409454 0.4062018096446991 1.827042019314137
[55 INFO root] -0.2326515167951584 0.41143959760665894 1.8319973231743991
[55 INFO root] -0.2339535355567932 0.4163207709789276 1.8387225871611759
[55 INFO root] -0.23519550263881683 0.4208575487136841 1.847016646205899
[55 INFO root] -0.23638145625591278 0.42505550384521484 1.8564741599052512
[55 INFO root] -0.23751212656497955 0.42891958355903625 1.8666343559252516
[55 INFO root] -0.23858606815338135 0.4324571490287781 1.877061747049377
[55 INFO root] -0.23960082232952118 0.4356788992881775 1.8873839546547115
[55 INFO root] -0.2405538558959961 0.4385990798473358 1.8973040337309304
[55 INFO root] -0.2414432018995285 0.4412347972393036 1.9065976070983086
[55 INFO root] -0.24226783215999603 0.44360530376434326 1.9151024827123606
[55 INFO root] -0.24302789568901062 0.44573113322257996 1.9227060685816064
[55 INFO root] -0.24372456967830658 0.4476333260536194 1.9293336303736497
[55 INFO root] -0.24435999989509583 0.4493328034877777 1.9349386543395786
[55 INFO root] -0.24493712186813354 0.45084983110427856 1.939495491814996
[55 INFO root] -0.2454594373703003 0.4522037208080292 1.9429939456937324
[55 INFO root] -0.24593082070350647 0.45341256260871887 1.9454353074565494
[55 INFO root] -0.246355339884758 0.45449304580688477 1.946829406149279
[55 INFO root] -0.24673715233802795 0.4554605185985565 1.9471923519159315
[55 INFO root] -0.24710571765899658 0.45639315247535706 1.9472183516796893
[55 INFO root] -0.2474733144044876 0.4573231339454651 1.9472183516796893
[55 INFO root] -0.24784091114997864 0.4582531154155731 1.9472183516796893
[55 INFO root] -0.24820850789546967 0.45918309688568115 1.9472183516796893
[55 INFO root] -0.2485761046409607 0.4601130783557892 1.9472183516796893
[55 INFO root] -0.24894370138645172 0.4610430598258972 1.9472183516796893
[55 INFO root] -0.24931128323078156 0.46197304129600525 1.9472183516796893
[55 INFO root] -0.24967887997627258 0.46290305256843567 1.9472183516796893
[55 INFO root] -0.2500464916229248 0.4638330340385437 1.9472183516796893
[55 INFO root] -0.25041407346725464 0.46476301550865173 1.9472183516796893
[55 INFO root] -0.25078168511390686 0.46569299697875977 1.9472183516796893
[55 INFO root] -0.2511492669582367 0.4666229784488678 1.9472183516796893
[55 INFO root] -0.25151684880256653 0.46755295991897583 1.9472183516796893
[55 INFO root] -0.25188446044921875 0.46848294138908386 1.9472183516796893
[55 INFO root] -0.2522520422935486 0.4694129526615143 1.9472183516796893
[55 INFO root] -0.2526196539402008 0.4703429341316223 1.9472183516796893
[55 INFO root] -0.25298723578453064 0.47127291560173035 1.9472183516796893
[55 INFO root] -0.25335484743118286 0.4722028970718384 1.9472183516796893
[55 INFO root] -0.2537224292755127 0.4731328785419464 1.9472183516796893
[55 INFO root] -0.2540900409221649 0.47406286001205444 1.9472183516796893
[55 INFO root] -0.25445762276649475 0.47499287128448486 1.9472183516796893
[55 INFO root] -0.254825234413147 0.4759228527545929 1.9472183516796893
[55 INFO root] -0.2551928162574768 0.4768528342247009 1.9472183516796893
[55 INFO root] -0.25556039810180664 0.47778281569480896 1.9472183516796893
[55 INFO root] -0.25592800974845886 0.478712797164917 1.9472183516796893
[55 INFO root] -0.2562955915927887 0.479642778635025 1.9472183516796893
[55 INFO root] -0.2566632032394409 0.48057276010513306 1.9472183516796893
[55 INFO root] -0.25703078508377075 0.4815027713775635 1.9472183516796893
[55 INFO root] -0.257398396730423 0.4824327528476715 1.9472183516796893
[55 INFO root] -0.2577659785747528 0.48336273431777954 1.9472183516796893
[55 INFO root] -0.25813359022140503 0.4842927157878876 1.9472183516796893
[55 INFO root] -0.25850117206573486 0.4852226972579956 1.9472183516796893
[55 INFO root] -0.2588687539100647 0.48615267872810364 1.9472183516796893
[55 INFO root] -0.2592363655567169 0.48708266019821167 1.9472183516796893
[55 INFO root] -0.25960394740104675 0.4880126714706421 1.9472183516796893
[55 INFO root] -0.259971559047699 0.4889426529407501 1.9472183516796893
[55 INFO root] -0.2603391408920288 0.48987263441085815 1.9472183516796893
[55 INFO root] -0.26070675253868103 0.4908026158809662 1.9472183516796893
[55 INFO root] -0.26107433438301086 0.4917325973510742 1.9472183516796893
[55 INFO root] -0.2614419460296631 0.49266257882118225 1.9472183516796893
[55 INFO root] -0.2617972493171692 0.4935614764690399 1.9447473184973973
[55 INFO root] -0.2621263861656189 0.4943996071815491 1.9372666239048073
[55 INFO root] -0.26242849230766296 0.49518486857414246 1.9250107490261386
[55 INFO root] -0.2627047002315521 0.4959287941455841 1.9084195491552784
[55 INFO root] -0.262956440448761 0.4966419041156769 1.8878136829263634
[55 INFO root] -0.26318514347076416 0.4973340630531311 1.8634177345862755
[55 INFO root] -0.26339200139045715 0.49801456928253174 1.83538375003528
[55 INFO root] -0.26357775926589966 0.4986925423145294 1.803815640560586
[55 INFO root] -0.2637425661087036 0.4993773102760315 1.7687928361505814
[55 INFO root] -0.2638857662677765 0.5000784993171692 1.7303922670619734
[55 INFO root] -0.2640056610107422 0.5008060336112976 1.6887089542963272
[55 INFO root] -0.2640992999076843 0.5015702843666077 1.6438754288658306
[55 INFO root] -0.2641621530056 0.5023816227912903 1.5960797329771816
[55 INFO root] -0.2641880214214325 0.503250002861023 1.5455812437634178
[55 INFO root] -0.2641688883304596 0.5041844248771667 1.4927230930810453
[55 INFO root] -0.2640950381755829 0.5051921606063843 1.4379391298716888
[55 INFO root] -0.26395556330680847 0.506277859210968 1.3817549482626401
[55 INFO root] -0.2637390196323395 0.5074427127838135 1.3247792727907113
[55 INFO root] -0.26343435049057007 0.5086838603019714 1.2676852820722346
[55 INFO root] -0.26303228735923767 0.5099940896034241 1.2111821485249934
[55 INFO root] -0.2625262439250946 0.5113622546195984 1.1559782235964
[55 INFO root] -0.26191356778144836 0.5127736330032349 1.1027391109737466
[55 INFO root] -0.2611958980560303 0.5142114758491516 1.0520455375880629
[55 INFO root] -0.26037925481796265 0.515658438205719 1.0043567230382366
[55 INFO root] -0.2594732642173767 0.5170978307723999 0.9599843824518784
[55 INFO root] -0.25849002599716187 0.518515408039093 0.9190781642507089
[55 INFO root] -0.257442444562912 0.5199001431465149 0.8816270234488559
[55 INFO root] -0.25634297728538513 0.5212448239326477 0.84747770560729
[55 INFO root] -0.25520214438438416 0.5225458145141602 0.8163661331701592
[55 INFO root] -0.2540278136730194 0.5238031148910522 0.7879411174617247
[55 INFO root] -0.25282445549964905 0.5250195264816284 0.7617924243484179
[55 INFO root] -0.2515944540500641 0.5261989831924438 0.7375453819550695
[55 INFO root] -0.2503390610218048 0.5273451805114746 0.7148981760620559
[55 INFO root] -0.24905939400196075 0.5284610986709595 0.693631654200963
[55 INFO root] -0.24775701761245728 0.529548704624176 0.6736059449808467
[55 INFO root] -0.24643436074256897 0.5306087136268616 0.6547481889467763
[55 INFO root] -0.24509495496749878 0.5316410064697266 0.6370349740784176
[55 INFO root] -0.24374337494373322 0.5326448678970337 0.620473833891162
[55 INFO root] -0.24238507449626923 0.5336189866065979 0.6050883427210627
[55 INFO root] -0.2410377711057663 0.5345539450645447 0.5907976956453289
[55 INFO root] -0.23979678750038147 0.5353890657424927 0.5766305109525484
[55 INFO root] -0.2386597990989685 0.5361310243606567 0.5622316257358316
[55 INFO root] -0.237613707780838 0.5367923974990845 0.5473957070068087
[55 INFO root] -0.23664845526218414 0.5373829007148743 0.5319901573140059
[55 INFO root] -0.2357565462589264 0.5379098653793335 0.5159292659207758
[55 INFO root] -0.23493239283561707 0.5383791923522949 0.49915277306551575
[55 INFO root] -0.2341717630624771 0.5387957096099854 0.4816110362946819
[55 INFO root] -0.23347128927707672 0.5391635298728943 0.46325539257940707
[55 INFO root] -0.23282814025878906 0.5394864082336426 0.4440323703968674
[55 INFO root] -0.23223967850208282 0.539767861366272 0.42388059424975116
[55 INFO root] -0.23170340061187744 0.5400112271308899 0.40272945286685813
[55 INFO root] -0.23121674358844757 0.5402199029922485 0.38049884178473703
[55 INFO root] -0.23077648878097534 0.5403972864151001 0.35709698845853344
[55 INFO root] -0.2303769886493683 0.5405474901199341 0.33241666627581506
[55 INFO root] -0.2300126701593399 0.5406743884086609 0.3063504239410734
[55 INFO root] -0.2296784371137619 0.5407811403274536 0.2787922918638756
[55 INFO root] -0.22936959564685822 0.5408705472946167 0.24963707084142514
[55 INFO root] -0.2290816456079483 0.5409448742866516 0.21878002899482782
[55 INFO root] -0.2288101464509964 0.5410062074661255 0.186117092148909
[55 INFO root] -0.22855061292648315 0.5410559773445129 0.15154542697771323
[55 INFO root] -0.2282983660697937 0.5410954356193542 0.11496425092522107
[55 INFO root] -0.22804860770702362 0.5411251783370972 0.07627566631811755
[55 INFO root] -0.22779622673988342 0.5411454439163208 0.03538530605562464
[55 INFO root] -0.22753599286079407 0.5411556959152222 -0.00779739164785636
[55 INFO root] -0.22726242244243622 0.5411547422409058 -0.053359874249960845
[55 INFO root] -0.22697000205516815 0.5411403775215149 -0.10138835982656713
[55 INFO root] -0.22665315866470337 0.541109561920166 -0.15196921910115732
[55 INFO root] -0.22630633413791656 0.5410580635070801 -0.20518946166285615
[55 INFO root] -0.22592401504516602 0.5409803986549377 -0.2611358497791611
[55 INFO root] -0.22550062835216522 0.5408695340156555 -0.319884582389967
[55 INFO root] -0.2250307947397232 0.5407166481018066 -0.3814995603265764
[55 INFO root] -0.2245096117258072 0.540510892868042 -0.4460267846016994
[55 INFO root] -0.22393272817134857 0.5402390956878662 -0.5134673288970641
[55 INFO root] -0.22329697012901306 0.5398855805397034 -0.5837563055313858
[55 INFO root] -0.22260113060474396 0.539432168006897 -0.6567389609878966
[55 INFO root] -0.2218468338251114 0.5388584136962891 -0.7321416747690913
[55 INFO root] -0.22103974223136902 0.538142740726471 -0.8095408976675783
[55 INFO root] -0.22019048035144806 0.5372636914253235 -0.8883389948033414
[55 INFO root] -0.21931536495685577 0.5362023711204529 -0.9677550155917928
[55 INFO root] -0.21843625605106354 0.5349451899528503 -1.0468300875908656
[55 INFO root] -0.21757948398590088 0.5334869623184204 -1.1244615036561891
[55 INFO root] -0.21677255630493164 0.5318313837051392 -1.1989455293376945
[55 INFO root] -0.21604254841804504 0.5299975872039795 -1.2685592391356946
[55 INFO root] -0.21541142463684082 0.5280198454856873 -1.3326153162972536
[55 INFO root] -0.21489210426807404 0.5259374976158142 -1.3907974409851702
[55 INFO root] -0.21448864042758942 0.523790180683136 -1.4430589772709699
[55 INFO root] -0.21419763565063477 0.5216141939163208 -1.4895780900513953
[55 INFO root] -0.21401044726371765 0.5194403529167175 -1.5306958053462367
[55 INFO root] -0.21391531825065613 0.5172930359840393 -1.5668525335070993
[55 INFO root] -0.21389928460121155 0.5151958465576172 -1.5976428654291763
[55 INFO root] -0.2139473408460617 0.5131667256355286 -1.6230238413363975
[55 INFO root] -0.21404415369033813 0.5112162232398987 -1.6433751305518698
[55 INFO root] -0.21417589485645294 0.5093497037887573 -1.6591237970049686
[55 INFO root] -0.21433070302009583 0.5075684189796448 -1.6706882887141883
[55 INFO root] -0.21449890732765198 0.5058695077896118 -1.678488045001734
[55 INFO root] -0.21467283368110657 0.5042482614517212 -1.68290846180624
[55 INFO root] -0.21484656631946564 0.5026988387107849 -1.684294068840786
[55 INFO root] -0.2150154858827591 0.5012149214744568 -1.6829519824144439
[55 INFO root] -0.21517616510391235 0.49979010224342346 -1.679156875520495
[55 INFO root] -0.2153259664773941 0.4984181225299835 -1.6731560158446326
[55 INFO root] -0.21546290814876556 0.4970930516719818 -1.6651739202241955
[55 INFO root] -0.21558548510074615 0.495809406042099 -1.6554166826142447
[55 INFO root] -0.21569253504276276 0.4945621192455292 -1.644075935662333
[55 INFO root] -0.21578317880630493 0.4933466911315918 -1.6313323511781417
[55 INFO root] -0.21585670113563538 0.49215933680534363 -1.617351879470442
[55 INFO root] -0.21591252088546753 0.4909968972206116 -1.6022853498922742
[55 INFO root] -0.21595019102096558 0.48985663056373596 -1.5862581971435894
[55 INFO root] -0.21596933901309967 0.4887361228466034 -1.5693764187344816
[55 INFO root] -0.21596965193748474 0.4876319468021393 -1.5517647925292704
[55 INFO root] -0.21595290303230286 0.48664945363998413 -1.537512455901648
[55 INFO root] -0.21592581272125244 0.4857945442199707 -1.527268028564654
[55 INFO root] -0.21589437127113342 0.48505279421806335 -1.5209840190278516
[55 INFO root] -0.21586275100708008 0.48440927267074585 -1.5185670997854503
[55 INFO root] -0.2158336490392685 0.48384979367256165 -1.5199091235478401
[55 INFO root] -0.2158086746931076 0.48336076736450195 -1.5248886085820574
[55 INFO root] -0.2157886028289795 0.48292919993400574 -1.5333712337680598
[55 INFO root] -0.2157737761735916 0.48254263401031494 -1.5452100672734237
[55 INFO root] -0.21576428413391113 0.4821893274784088 -1.5602457575632676
[55 INFO root] -0.2157602608203888 0.4818583130836487 -1.5783067695572386
[55 INFO root] -0.21576206386089325 0.4815394878387451 -1.5992097095329223
[55 INFO root] -0.21577036380767822 0.48122379183769226 -1.622759774692368
[55 INFO root] -0.21578629314899445 0.480903297662735 -1.6487513756489196
[55 INFO root] -0.21581138670444489 0.48057135939598083 -1.6769689971326076
[55 INFO root] -0.21584761142730713 0.48022252321243286 -1.7071883697526216
[55 INFO root] -0.21589727699756622 0.4798528254032135 -1.7391780171325373
[55 INFO root] -0.21596290171146393 0.47945958375930786 -1.7727012192552123
[55 INFO root] -0.21604712307453156 0.4790414571762085 -1.807518400209561
[55 INFO root] -0.21615245938301086 0.4785984456539154 -1.843389913741376
[55 INFO root] -0.2162812501192093 0.47813165187835693 -1.8800791687496226
[55 INFO root] -0.21643541753292084 0.47764328122138977 -1.917356012182542
[55 INFO root] -0.2166164219379425 0.47713640332221985 -1.9550002690339954
[55 INFO root] -0.21682509779930115 0.4766148328781128 -1.9928053269104178
[55 INFO root] -0.21706132590770721 0.47608351707458496 -2.030641522897291
[55 INFO root] -0.21732428669929504 0.47554755210876465 -2.068427936331425
[55 INFO root] -0.21761271357536316 0.4750118851661682 -2.106105992679658
[55 INFO root] -0.21792493760585785 0.47448092699050903 -2.1436362412072287
[55 INFO root] -0.2182590514421463 0.4739586412906647 -2.180999451058713
[55 INFO root] -0.218612939119339 0.4734484851360321 -2.218197527745467
[55 INFO root] -0.21898441016674042 0.47295334935188293 -2.2552539016299447
[55 INFO root] -0.21937131881713867 0.4724756181240082 -2.292213294422351
[55 INFO root] -0.21977165341377258 0.4720170199871063 -2.3291407781141955
[55 INFO root] -0.22018368542194366 0.47157883644104004 -2.366120043916596
[55 INFO root] -0.2206059992313385 0.47116169333457947 -2.4032507953524096
[55 INFO root] -0.22103767096996307 0.4707658588886261 -2.440645173365568
[55 INFO root] -0.22147828340530396 0.470391184091568 -2.478423121986353
[55 INFO root] -0.2219279259443283 0.4700371325016022 -2.516706625994795
[55 INFO root] -0.22238731384277344 0.4697030782699585 -2.55561281508123
[55 INFO root] -0.22285762429237366 0.46938827633857727 -2.595246047581387
[55 INFO root] -0.2233404964208603 0.4690920114517212 -2.6356892663293077
[55 INFO root] -0.22383777797222137 0.4688138961791992 -2.676995146606714
[55 INFO root] -0.2243514358997345 0.4685538411140442 -2.7191777942724493
[55 INFO root] -0.22488315403461456 0.46831217408180237 -2.7622059396598058
[55 INFO root] -0.22543416917324066 0.4680897891521454 -2.80599863534858
[55 INFO root] -0.22600488364696503 0.4678879678249359 -2.850424338036559
[55 INFO root] -0.2265946865081787 0.46770840883255005 -2.895303908406648
[55 INFO root] -0.22720175981521606 0.46755293011665344 -2.9404175313592935
[55 INFO root] -0.2278231680393219 0.46742331981658936 -2.985514943009692
[55 INFO root] -0.2284548133611679 0.4673210084438324 -3.030327798107948
[55 INFO root] -0.22909414768218994 0.4672466814517975 -3.0745064399598334
[55 INFO root] -0.2297472059726715 0.46719998121261597 -3.1173522714386435
[55 INFO root] -0.23040643334388733 0.46718117594718933 3.1246486337675528
[55 INFO root] -0.23106296360492706 0.46718958020210266 3.0853658050002664
[55 INFO root] -0.23170888423919678 0.4672233462333679 3.048175225721476
[55 INFO root] -0.2323375791311264 0.467279851436615 3.013221914735068
[55 INFO root] -0.23294387757778168 0.467355877161026 2.9806114413071376
[55 INFO root] -0.23352402448654175 0.46744808554649353 2.950417022847026
[55 INFO root] -0.2340756356716156 0.467553049325943 2.922686588391717
[55 INFO root] -0.23459739983081818 0.4676675498485565 2.897449215457363
[55 INFO root] -0.23508906364440918 0.4677886366844177 2.87472063664926
[55 INFO root] -0.2355508953332901 0.4679137170314789 2.8545024777653687
[55 INFO root] -0.23598356544971466 0.46804043650627136 2.8367828094178886
[55 INFO root] -0.23643524944782257 0.4681817293167114 2.8204833638629765
[55 INFO root] -0.2369275987148285 0.46834465861320496 2.805039803684379
[55 INFO root] -0.23745769262313843 0.46852928400039673 2.7903689799197573
[55 INFO root] -0.23802073299884796 0.4687347114086151 2.776427310779434
[55 INFO root] -0.23861251771450043 0.4689600467681885 2.7631711815917632
[55 INFO root] -0.2392294555902481 0.4692044258117676 2.7505587689006474
[55 INFO root] -0.2398683875799179 0.4694669246673584 2.7385509980800125
[55 INFO root] -0.24052666127681732 0.4697466790676117 2.727112333000334
[55 INFO root] -0.2412019520998001 0.4700429141521454 2.7162114337237018
[55 INFO root] -0.24189235270023346 0.4703547954559326 2.705821697733561
[55 INFO root] -0.24259620904922485 0.47068166732788086 2.695921689463106
[55 INFO root] -0.24331216514110565 0.4710228443145752 2.6864954540423476
[55 INFO root] -0.2440391182899475 0.47137773036956787 2.677532703732014
[55 INFO root] -0.2447761595249176 0.4717458486557007 2.6690288593748646
[55 INFO root] -0.245522603392601 0.47212663292884827 2.6609849246250463
[55 INFO root] -0.24627789855003357 0.4725196659564972 2.6534071683760425
[55 INFO root] -0.24704165756702423 0.47292453050613403 2.6463065918630697
[55 INFO root] -0.24781359732151031 0.47334083914756775 2.6396981638438506
[55 INFO root] -0.2485935240983963 0.4737681746482849 2.6335998199250525
[55 INFO root] -0.24938130378723145 0.4742061197757721 2.6280312406400945
[55 INFO root] -0.25017690658569336 0.47465428709983826 2.6230124481224246
[55 INFO root] -0.2509802281856537 0.4751121997833252 2.6185622929424803
[55 INFO root] -0.2517912685871124 0.4755793511867523 2.614696936030656
[55 INFO root] -0.2526099383831024 0.47605520486831665 2.611428456037742
[55 INFO root] -0.25343620777130127 0.47653916478157043 2.6087637201524485
[55 INFO root] -0.25426992774009705 0.47703054547309875 2.6067036393880265
[55 INFO root] -0.25511103868484497 0.4775286614894867 2.6052428869318436
[55 INFO root] -0.25595933198928833 0.47803279757499695 2.604370097593712
[55 INFO root] -0.2568146288394928 0.47854214906692505 2.6040685014742153
[55 INFO root] -0.2576732933521271 0.47905394434928894 2.6040440364908473
[55 INFO root] -0.2585322856903076 0.47956597805023193 2.6040440364908473
[55 INFO root] -0.25939124822616577 0.4800780117511749 2.6040440364908473
[55 INFO root] -0.2602502107620239 0.4805900454521179 2.6040440364908473
[55 INFO root] -0.2611091732978821 0.4811020791530609 2.6040440364908473
[55 INFO root] -0.26196813583374023 0.4816141128540039 2.6040440364908473
[55 INFO root] -0.2628270983695984 0.4821261465549469 2.6040440364908473
[55 INFO root] -0.26368606090545654 0.4826381802558899 2.6040440364908473
[55 INFO root] -0.2645450234413147 0.4831502139568329 2.6040440364908473
[55 INFO root] -0.26540401577949524 0.4836622476577759 2.6040440364908473
[55 INFO root] -0.2662629783153534 0.48417428135871887 2.6040440364908473
[55 INFO root] -0.26712194085121155 0.4846862852573395 2.6040440364908473
[55 INFO root] -0.2679809033870697 0.48519831895828247 2.6040440364908473
[55 INFO root] -0.26883986592292786 0.48571035265922546 2.6040440364908473
[55 INFO root] -0.269698828458786 0.48622238636016846 2.6040440364908473
[55 INFO root] -0.27055779099464417 0.48673442006111145 2.6040440364908473
[55 INFO root] -0.2714167535305023 0.48724645376205444 2.6040440364908473
[55 INFO root] -0.27227574586868286 0.48775848746299744 2.6040440364908473
[55 INFO root] -0.273134708404541 0.48827052116394043 2.6040440364908473
[55 INFO root] -0.27399367094039917 0.4887825548648834 2.6040440364908473
[55 INFO root] -0.2748526334762573 0.4892945885658264 2.6040440364908473
[55 INFO root] -0.2757115960121155 0.4898066222667694 2.6040440364908473
[55 INFO root] -0.27657055854797363 0.4903186559677124 2.6040440364908473
[55 INFO root] -0.2774295210838318 0.4908306896686554 2.6040440364908473
[55 INFO root] -0.27828338742256165 0.49133965373039246 2.6045894702565926
[55 INFO root] -0.2790982127189636 0.4918248653411865 2.60936678302406
[55 INFO root] -0.2798767387866974 0.4922838509082794 2.618470532863473
[55 INFO root] -0.2806266248226166 0.49271726608276367 2.6315781038482986
[55 INFO root] -0.28135567903518677 0.49312636256217957 2.648418241338228
[55 INFO root] -0.282071590423584 0.49351274967193604 2.668762519738403
[55 INFO root] -0.2827821671962738 0.4938780963420868 2.692413255161684
[55 INFO root] -0.2834951877593994 0.4942238926887512 2.7191928762872295
[55 INFO root] -0.2842184901237488 0.49455130100250244 2.748934458780834
[55 INFO root] -0.2849600613117218 0.49486100673675537 2.781473114866357
[55 INFO root] -0.285727858543396 0.49515289068222046 2.8166380359613865
[55 INFO root] -0.2865298390388489 0.49542614817619324 2.854245109350866
[55 INFO root] -0.28737369179725647 0.4956788420677185 2.894090169510147
[55 INFO root] -0.28826677799224854 0.49590814113616943 2.9359430951159804
[55 INFO root] -0.28921568393707275 0.49611005187034607 2.979543111197857
[55 INFO root] -0.2902260720729828 0.4962795376777649 3.0245957945927278
[55 INFO root] -0.29130223393440247 0.49641069769859314 3.0707723586773312
[55 INFO root] -0.2924467921257019 0.49649694561958313 3.1177117878573237
[55 INFO root] -0.29366031289100647 0.49653133749961853 -3.1181590515503506
[55 INFO root] -0.29494112730026245 0.49650707840919495 -3.070875340279254
[55 INFO root] -0.29628533124923706 0.49641796946525574 -3.024032286906116
[55 INFO root] -0.29768675565719604 0.49625885486602783 -2.9780282432702827
[55 INFO root] -0.29913726449012756 0.49602606892585754 -2.9332355822182636
[55 INFO root] -0.30062732100486755 0.49571776390075684 -2.8899874051600998
[55 INFO root] -0.30214637517929077 0.49533411860466003 -2.848566305557608
[55 INFO root] -0.30368348956108093 0.4948771595954895 -2.8091964358262813
[55 INFO root] -0.30522802472114563 0.4943506717681885 -2.772035956228619
[55 INFO root] -0.30677011609077454 0.4937598407268524 -2.7371762421391606
[55 INFO root] -0.30830103158950806 0.49311086535453796 -2.704647947087292
[55 INFO root] -0.30981341004371643 0.49241048097610474 -2.6744301300519093
[55 INFO root] -0.31130141019821167 0.4916655719280243 -2.646460436420395
[55 INFO root] -0.31276047229766846 0.4908829629421234 -2.6206452717537903
[55 INFO root] -0.3141874372959137 0.49006906151771545 -2.59686923373026
[55 INFO root] -0.31558021903038025 0.48922979831695557 -2.575003331766623
[55 INFO root] -0.31687867641448975 0.4884079694747925 -2.5550120844948974
[55 INFO root] -0.31807565689086914 0.48761609196662903 -2.536519410084744
[55 INFO root] -0.3191819489002228 0.4868541657924652 -2.5191160159115884
[55 INFO root] -0.32020872831344604 0.48612016439437866 -2.502458510358914
[55 INFO root] -0.3211662769317627 0.4854111075401306 -2.486268202536967
[55 INFO root] -0.32206010818481445 0.4847264885902405 -2.470315872083178
[55 INFO root] -0.3228934109210968 0.4840668737888336 -2.454399254136602
[55 INFO root] -0.3236692249774933 0.4834323823451996 -2.4383337512445333
[55 INFO root] -0.32439085841178894 0.48282262682914734 -2.421950561252029
[55 INFO root] -0.3250617980957031 0.4822366237640381 -2.4050959435858377
[55 INFO root] -0.3256855607032776 0.48167309165000916 -2.387630226865861
[55 INFO root] -0.32626569271087646 0.48113033175468445 -2.369426529441003
[55 INFO root] -0.32680556178092957 0.4806065559387207 -2.3503693403385206
[55 INFO root] -0.3273084759712219 0.48009979724884033 -2.3303530894852886
[55 INFO root] -0.3277774453163147 0.4796079695224762 -2.309280794763584
[55 INFO root] -0.32821542024612427 0.47912898659706116 -2.287062836641976
[55 INFO root] -0.32862499356269836 0.4786606431007385 -2.2636158624573524
[55 INFO root] -0.32900869846343994 0.4782007038593292 -2.2388618348032914
[55 INFO root] -0.3293687701225281 0.47774678468704224 -2.2127273215484906
[55 INFO root] -0.3297072649002075 0.47729647159576416 -2.185142963223794
[55 INFO root] -0.3300260603427887 0.47684723138809204 -2.1560430616119426
[55 INFO root] -0.33032676577568054 0.476396381855011 -2.1253652665647174
[55 INFO root] -0.3306107819080353 0.4759410321712494 -2.09305038532993
[55 INFO root] -0.33087918162345886 0.4754781424999237 -2.05904237501622
[55 INFO root] -0.33113279938697815 0.47500452399253845 -2.0232885270171543
[55 INFO root] -0.33137205243110657 0.47451674938201904 -1.9857398902512124
[55 INFO root] -0.3315970301628113 0.474011093378067 -1.946351996025783
[55 INFO root] -0.33180731534957886 0.47348371148109436 -1.9050859525008812
[55 INFO root] -0.3320019841194153 0.4729304015636444 -1.8619099809598454
[55 INFO root] -0.3321794867515564 0.47234681248664856 -1.816801467827762
[55 INFO root] -0.3323376178741455 0.4717284142971039 -1.7697496046075831
[55 INFO root] -0.3324733376502991 0.4710704982280731 -1.7207586800669115
[55 INFO root] -0.3325827717781067 0.4703683853149414 -1.669850303627494
[55 INFO root] -0.3326610326766968 0.4696175754070282 -1.6170666833553993
[55 INFO root] -0.33270227909088135 0.4688138961791992 -1.5624759556387358
[55 INFO root] -0.3326995372772217 0.4679536819458008 -1.506178983600575
[55 INFO root] -0.33264490962028503 0.4670339822769165 -1.4483171184291317
[55 INFO root] -0.33252954483032227 0.46605294942855835 -1.389080388794026
[55 INFO root] -0.3323439359664917 0.4650101959705353 -1.3287152960574802
[55 INFO root] -0.332078218460083 0.4639072120189667 -1.267531024167847
[55 INFO root] -0.3317227065563202 0.4627477824687958 -1.2059025305620819
[55 INFO root] -0.3312687575817108 0.4615383446216583 -1.1442687964318743
[55 INFO root] -0.33070945739746094 0.4602881968021393 -1.0831246472084661
[55 INFO root] -0.33004069328308105 0.4590093791484833 -1.0230051652331007
[55 INFO root] -0.32926201820373535 0.45771628618240356 -0.9644628677227219
[55 INFO root] -0.32837730646133423 0.45642492175102234 -0.9080393757467184
[55 INFO root] -0.3273949921131134 0.4551520049571991 -0.8542348664505872
[55 INFO root] -0.326327919960022 0.45391371846199036 -0.8034796420330458
[55 INFO root] -0.3251926898956299 0.4527246952056885 -0.7561121022639964
[55 INFO root] -0.32400840520858765 0.45159709453582764 -0.7123662219508813
[55 INFO root] -0.3227955400943756 0.4505401849746704 -0.6723696115439871
[55 INFO root] -0.32155895233154297 0.44954749941825867 -0.6372991839694194
[55 INFO root] -0.3203151822090149 0.4486197531223297 -0.6075019819074928
[55 INFO root] -0.3190854787826538 0.4477592408657074 -0.582796216672889
[55 INFO root] -0.3178882598876953 0.44696563482284546 -0.5628953385341393
[55 INFO root] -0.31673818826675415 0.44623661041259766 -0.5474733551388441
[55 INFO root] -0.3156460225582123 0.445568323135376 -0.5361863176240461
[55 INFO root] -0.31461894512176514 0.44495630264282227 -0.5286865489392365
[55 INFO root] -0.31366077065467834 0.4443955719470978 -0.5246306064283535
[55 INFO root] -0.31277257204055786 0.4438810348510742 -0.5236826595983086
[55 INFO root] -0.3119050860404968 0.4433799684047699 -0.5236186098322022
[55 INFO root] -0.3110390603542328 0.44287994503974915 -0.5236186098322022
[55 INFO root] -0.31017303466796875 0.4423799216747284 -0.5236186098322022
[55 INFO root] -0.3093070387840271 0.44187989830970764 -0.5236186098322022
[55 INFO root] -0.30844101309776306 0.4413798749446869 -0.5236186098322022
[55 INFO root] -0.307574987411499 0.44087985157966614 -0.5236186098322022
[55 INFO root] -0.3067089915275574 0.4403798580169678 -0.5236186098322022
[55 INFO root] -0.30584296584129333 0.439879834651947 -0.5236186098322022
[55 INFO root] -0.3049769401550293 0.43937981128692627 -0.5236186098322022
[55 INFO root] -0.30411094427108765 0.4388797879219055 -0.5236186098322022
[55 INFO root] -0.3032449185848236 0.43837979435920715 -0.5236186098322022
[55 INFO root] -0.30237889289855957 0.4378797709941864 -0.5236186098322022
[55 INFO root] -0.3015128970146179 0.43737974762916565 -0.5236186098322022
[55 INFO root] -0.3006468713283539 0.4368797242641449 -0.5236186098322022
[55 INFO root] -0.29978087544441223 0.43637970089912415 -0.5236186098322022
[55 INFO root] -0.2989148497581482 0.4358797073364258 -0.5236186098322022
[55 INFO root] -0.29804882407188416 0.43537968397140503 -0.5236186098322022
[55 INFO root] -0.2971828281879425 0.4348796606063843 -0.5236186098322022
[55 INFO root] -0.29631680250167847 0.4343796372413635 -0.5236186098322022
[55 INFO root] -0.29545077681541443 0.4338796138763428 -0.5236186098322022
[55 INFO root] -0.2945847809314728 0.4333796203136444 -0.5236186098322022
[55 INFO root] -0.29371875524520874 0.43287959694862366 -0.5236186098322022
[55 INFO root] -0.2928527295589447 0.4323795735836029 -0.5236186098322022
[55 INFO root] -0.29198673367500305 0.43187955021858215 -0.5236186098322022
[55 INFO root] -0.291120707988739 0.4313795268535614 -0.5236186098322022
[55 INFO root] -0.290254682302475 0.43087953329086304 -0.5236186098322022
[55 INFO root] -0.2893886864185333 0.4303795099258423 -0.5236186098322022
[55 INFO root] -0.2885226607322693 0.42987948656082153 -0.5236186098322022
[55 INFO root] -0.28765663504600525 0.4293794631958008 -0.5236186098322022
[55 INFO root] -0.2867906391620636 0.42887943983078003 -0.5236186098322022
[55 INFO root] -0.28592461347579956 0.42837944626808167 -0.5236186098322022
[55 INFO root] -0.2850585877895355 0.4278794229030609 -0.5236186098322022
[55 INFO root] -0.28419259190559387 0.42737939953804016 -0.5236186098322022
[55 INFO root] -0.28332656621932983 0.4268793761730194 -0.5236186098322022
[55 INFO root] -0.2824605405330658 0.42637938261032104 -0.5236186098322022
[55 INFO root] -0.28159454464912415 0.4258793592453003 -0.5236186098322022
[55 INFO root] -0.2807285189628601 0.42537933588027954 -0.5236186098322022
[55 INFO root] -0.27986249327659607 0.4248793125152588 -0.5236186098322022
[55 INFO root] -0.2789964973926544 0.42437928915023804 -0.5236186098322022
[55 INFO root] -0.2781304717063904 0.4238792955875397 -0.5236186098322022
[55 INFO root] -0.27726444602012634 0.4233792722225189 -0.5236186098322022
[55 INFO root] -0.2763984501361847 0.42287924885749817 -0.5236186098322022
[55 INFO root] -0.27553242444992065 0.4223792254924774 -0.5236186098322022
[55 INFO root] -0.2746663987636566 0.42187920212745667 -0.5236186098322022
[55 INFO root] -0.27380040287971497 0.4213792085647583 -0.5236186098322022
[55 INFO root] -0.2729343771934509 0.42087918519973755 -0.5236186098322022
[55 INFO root] -0.2720683515071869 0.4203791618347168 -0.5236186098322022
[55 INFO root] -0.27120235562324524 0.41987913846969604 -0.5236186098322022
[55 INFO root] -0.2703363299369812 0.4193791151046753 -0.5236186098322022
[55 INFO root] -0.26947033405303955 0.41887912154197693 -0.5236186098322022
[55 INFO root] -0.2686043083667755 0.4183790981769562 -0.5236186098322022
[55 INFO root] -0.2677382826805115 0.4178790748119354 -0.5236186098322022
[55 INFO root] -0.2668722867965698 0.4173790514469147 -0.5236186098322022
[55 INFO root] -0.2660062611103058 0.4168790280818939 -0.5236186098322022
[55 INFO root] -0.26514023542404175 0.41637903451919556 -0.5236186098322022
[55 INFO root] -0.2642742395401001 0.4158790111541748 -0.5236186098322022
[55 INFO root] -0.26340821385383606 0.41537898778915405 -0.5236186098322022
[55 INFO root] -0.262542188167572 0.4148789644241333 -0.5236186098322022
[55 INFO root] -0.26167619228363037 0.41437897086143494 -0.5236186098322022
[55 INFO root] -0.26081016659736633 0.4138789474964142 -0.5236186098322022
[55 INFO root] -0.2599441409111023 0.41337892413139343 -0.5236186098322022
[55 INFO root] -0.25907814502716064 0.4128789007663727 -0.5236186098322022
[55 INFO root] -0.2582121193408966 0.41237887740135193 -0.5236186098322022
[55 INFO root] -0.25734609365463257 0.41187888383865356 -0.5236186098322022
[55 INFO root] -0.2564800977706909 0.4113788604736328 -0.5236186098322022
[55 INFO root] -0.2556140720844269 0.41087883710861206 -0.5236186098322022
[55 INFO root] -0.25474804639816284 0.4103788137435913 -0.5236186098322022
[55 INFO root] -0.2538820505142212 0.40987879037857056 -0.5236186098322022
[55 INFO root] -0.25301602482795715 0.4093787968158722 -0.5236186098322022
[55 INFO root] -0.2521543502807617 0.408881276845932 -0.522966129939229
[55 INFO root] -0.2513044774532318 0.40839123725891113 -0.5204846302268121
[55 INFO root] -0.2504660189151764 0.4079103469848633 -0.5160779428697666
[55 INFO root] -0.24963732063770294 0.4074396789073944 -0.5097823291004652
[55 INFO root] -0.248816579580307 0.40698015689849854 -0.5016403132380607
[55 INFO root] -0.24800178408622742 0.4065324068069458 -0.4917000699843343
[55 INFO root] -0.24719075858592987 0.4060969948768616 -0.480015083374811
[55 INFO root] -0.2463812232017517 0.4056743383407593 -0.4666440651893208
[55 INFO root] -0.24557079374790192 0.4052647054195404 -0.45165112658540496
[55 INFO root] -0.24475698173046112 0.4048684239387512 -0.4351061813867698
[55 INFO root] -0.24393729865550995 0.4044857621192932 -0.41708555186778606
[55 INFO root] -0.24310925602912903 0.40411707758903503 -0.3976727399075362
[55 INFO root] -0.2422703504562378 0.4037627875804901 -0.37695931754449896
[55 INFO root] -0.24141819775104523 0.40342339873313904 -0.3550458810440189
[55 INFO root] -0.24055051803588867 0.40309956669807434 -0.3320430017835935
[55 INFO root] -0.239665225148201 0.4027920365333557 -0.3080720962346943
[55 INFO root] -0.23876044154167175 0.40250179171562195 -0.2832661272871753
[55 INFO root] -0.2378346472978592 0.40222984552383423 -0.25777004188401426
[55 INFO root] -0.2368866354227066 0.4019773602485657 -0.23174084762302025
[55 INFO root] -0.2359156757593155 0.40174558758735657 -0.20534723606508723
[55 INFO root] -0.23492152988910675 0.40153583884239197 -0.17876867520342551
[55 INFO root] -0.23390448093414307 0.4013493061065674 -0.15219391939045815
[55 INFO root] -0.23286542296409607 0.40118715167045593 -0.12581892211555643
[55 INFO root] -0.23180580139160156 0.401050329208374 -0.09984418358225909
[55 INFO root] -0.2307276576757431 0.4009395241737366 -0.07447161704753516
[55 INFO root] -0.22963352501392365 0.4008551239967346 -0.04990106933511271
[55 INFO root] -0.22852644324302673 0.40079712867736816 -0.026326674537137707
[55 INFO root] -0.22740904986858368 0.4007650911808014 -0.0038827252184736663
[55 INFO root] -0.2262839823961258 0.4007582366466522 0.017336212314515074
[55 INFO root] -0.225153848528862 0.4007754325866699 0.03726201641485961
[55 INFO root] -0.224021315574646 0.4008153975009918 0.055845536017608326
[55 INFO root] -0.22288891673088074 0.40087658166885376 0.07305115207801927
[55 INFO root] -0.2217591255903244 0.400957316160202 0.08885298628254355
[55 INFO root] -0.2206343114376068 0.4010557234287262 0.10323244554437423
[55 INFO root] -0.21951663494110107 0.40116989612579346 0.11617672456644051
[55 INFO root] -0.21840815246105194 0.40129777789115906 0.12767792097304975
[55 INFO root] -0.21731066703796387 0.401437371969223 0.13773394958255403
[55 INFO root] -0.2162257581949234 0.401586651802063 0.1463490178118976
[55 INFO root] -0.2151547521352768 0.4017435610294342 0.1535332066771391
[55 INFO root] -0.2140987068414688 0.40190619230270386 0.15930201748038214
[55 INFO root] -0.2130584567785263 0.4020726978778839 0.16367535476805203
[55 INFO root] -0.21203458309173584 0.4022413194179535 0.1666763563985319
[55 INFO root] -0.21102745831012726 0.40241044759750366 0.16833028583394927
[55 INFO root] -0.21003730595111847 0.40257853269577026 0.16866352655387484
[55 INFO root] -0.2090512216091156 0.40274640917778015 0.1686836702242425
[55 INFO root] -0.20806542038917542 0.4029143154621124 0.1686836702242425
[55 INFO root] -0.20707960426807404 0.4030821919441223 0.1686836702242425
[55 INFO root] -0.20609380304813385 0.4032500684261322 0.1686836702242425
[55 INFO root] -0.20510800182819366 0.4034179449081421 0.1686836702242425
[55 INFO root] -0.20412218570709229 0.40358585119247437 0.1686836702242425
[55 INFO root] -0.2031363844871521 0.40375372767448425 0.1686836702242425
[55 INFO root] -0.20215058326721191 0.40392160415649414 0.1686836702242425
[55 INFO root] -0.20116476714611053 0.4040895104408264 0.1686836702242425
[55 INFO root] -0.20017896592617035 0.4042573869228363 0.1686836702242425
[55 INFO root] -0.19919314980506897 0.4044252634048462 0.1686836702242425
[55 INFO root] -0.19823406636714935 0.40458860993385315 0.16938190374977966
[55 INFO root] -0.1973099559545517 0.40474656224250793 0.17102474703278436
[55 INFO root] -0.1964181661605835 0.4049004316329956 0.1735788220537526
[55 INFO root] -0.19555504620075226 0.4050515592098236 0.17698600923270674
[55 INFO root] -0.19471703469753265 0.40520113706588745 0.1811885835737284
[55 INFO root] -0.1939006745815277 0.40535032749176025 0.18612866791732594
[55 INFO root] -0.19310262799263 0.405500203371048 0.1917476586242956
[55 INFO root] -0.19231969118118286 0.405651718378067 0.19798576937118995
[55 INFO root] -0.19154880940914154 0.4058058559894562 0.20478169297234483
[55 INFO root] -0.19078710675239563 0.4059635102748871 0.21207238158048752
[55 INFO root] -0.19003188610076904 0.406125545501709 0.21979294476370645
[55 INFO root] -0.18928059935569763 0.40629276633262634 0.22787666323377725
[55 INFO root] -0.18853096663951874 0.40646597743034363 0.23625511366518864
[55 INFO root] -0.18778084218502045 0.40664589405059814 0.24485839737080667
[55 INFO root] -0.18702834844589233 0.4068332612514496 0.25361546287073633
[55 INFO root] -0.1862717866897583 0.4070286452770233 0.26245450987006125
[55 INFO root] -0.18550966680049896 0.4072326719760895 0.2713034600723181
[55 INFO root] -0.18474073708057404 0.40744584798812866 0.2800904787626678
[55 INFO root] -0.18396712839603424 0.4076676368713379 0.28888711251981136
[55 INFO root] -0.18319188058376312 0.40789729356765747 0.2978159813814209
[55 INFO root] -0.18241754174232483 0.40813422203063965 0.3069904491777043
[55 INFO root] -0.1816459745168686 0.4083780348300934 0.3165058236836998
[55 INFO root] -0.18087853491306305 0.40862858295440674 0.32643996291132243
[55 INFO root] -0.18011608719825745 0.4088858664035797 0.33685388791730514
[55 INFO root] -0.1793590784072876 0.409150093793869 0.3477916492889821
[55 INFO root] -0.17860755324363708 0.4094215929508209 0.3592793533347819
[55 INFO root] -0.17786119878292084 0.4097009301185608 0.3713233020041862
[55 INFO root] -0.17711932957172394 0.40998879075050354 0.38390725693337047
[55 INFO root] -0.176380917429924 0.41028597950935364 0.3969877419975407
[55 INFO root] -0.17564460635185242 0.41059353947639465 0.4104891978554454
[55 INFO root] -0.17490868270397186 0.4109126627445221 0.42429984498725254
[55 INFO root] -0.17417122423648834 0.41124457120895386 0.43826840774390136
[55 INFO root] -0.17343012988567352 0.41159066557884216 0.4522022294202849
[55 INFO root] -0.1726832389831543 0.4119521975517273 0.4658675123679905
[55 INFO root] -0.17192837595939636 0.4123304784297943 0.4789924052590191
[55 INFO root] -0.17116349935531616 0.41272643208503723 0.49127350733588177
[55 INFO root] -0.17038677632808685 0.41314080357551575 0.5023860732300927
[55 INFO root] -0.16959653794765472 0.41357383131980896 0.5119977955435129
[55 INFO root] -0.16879135370254517 0.41402536630630493 0.5197855563248301
[55 INFO root] -0.16796988248825073 0.4144946336746216 0.5254540370609453
[55 INFO root] -0.16713091731071472 0.4149804711341858 0.5287546390696096
[55 INFO root] -0.16627319157123566 0.41548120975494385 0.5295028764233405
[55 INFO root] -0.16541047394275665 0.415986031293869 0.5295519986097275
[55 INFO root] -0.16454744338989258 0.41649118065834045 0.5295519986097275
[55 INFO root] -0.1636844128370285 0.4169963300228119 0.5295519986097275
[55 INFO root] -0.16282136738300323 0.4175014793872833 0.5295519986097275
[55 INFO root] -0.16195833683013916 0.41800662875175476 0.5295519986097275
[55 INFO root] -0.16109530627727509 0.4185117483139038 0.5295519986097275
[55 INFO root] -0.160232275724411 0.41901689767837524 0.5295519986097275
[55 INFO root] -0.15936924517154694 0.4195220470428467 0.5295519986097275
[55 INFO root] -0.15850619971752167 0.4200271964073181 0.5295519986097275
[55 INFO root] -0.1576431691646576 0.42053234577178955 0.5295519986097275
[55 INFO root] -0.15678013861179352 0.421037495136261 0.5295519986097275
[55 INFO root] -0.15591710805892944 0.4215426445007324 0.5295519986097275
[55 INFO root] -0.15505407750606537 0.42204779386520386 0.5295519986097275
[55 INFO root] -0.1541910320520401 0.4225529432296753 0.5295519986097275
[55 INFO root] -0.15332800149917603 0.42305809259414673 0.5295519986097275
[55 INFO root] -0.15246497094631195 0.42356324195861816 0.5295519986097275
[55 INFO root] -0.15160194039344788 0.4240683615207672 0.5295519986097275
[55 INFO root] -0.1507389098405838 0.42457351088523865 0.5295519986097275
[55 INFO root] -0.14987586438655853 0.4250786602497101 0.5295519986097275
[55 INFO root] -0.14901283383369446 0.4255838096141815 0.5295519986097275
[55 INFO root] -0.14814980328083038 0.42608895897865295 0.5295519986097275
[55 INFO root] -0.14734740555286407 0.42655861377716064 0.5292680092567547
[55 INFO root] -0.14666922390460968 0.42695534229278564 0.5284064691136472
[55 INFO root] -0.14610348641872406 0.42728567123413086 0.5270188286393458
[55 INFO root] -0.1456318348646164 0.4275602400302887 0.5251785610573672
[55 INFO root] -0.14523878693580627 0.427788108587265 0.5229409741348626
[55 INFO root] -0.1449114829301834 0.42797690629959106 0.5203474534369025
[55 INFO root] -0.14463917911052704 0.4281330704689026 0.5174290012848789
[55 INFO root] -0.14441294968128204 0.428261935710907 0.5142087444556949
[55 INFO root] -0.1442253291606903 0.4283680021762848 0.5107037293064169
[55 INFO root] -0.14407014846801758 0.42845502495765686 0.5069262237976175
[55 INFO root] -0.1439422369003296 0.4285261332988739 0.5028846733432693
[55 INFO root] -0.1438373178243637 0.42858392000198364 0.4985844101611107
[55 INFO root] -0.1437518149614334 0.428630530834198 0.49402818464824844
[55 INFO root] -0.14368277788162231 0.42866775393486023 0.4892165664797974
[55 INFO root] -0.14362777769565582 0.4286970794200897 0.4841482490181324
[55 INFO root] -0.143584743142128 0.42871975898742676 0.4788202809438256
[55 INFO root] -0.1435520350933075 0.42873674631118774 0.4732282423090188
[55 INFO root] -0.1435282677412033 0.4287489652633667 0.46736637751310733
[55 INFO root] -0.1435123085975647 0.4287570118904114 0.4612276943776086
[55 INFO root] -0.14350321888923645 0.4287615418434143 0.4548040361302573
[55 INFO root] -0.14350028336048126 0.4287630021572113 0.4480861314135992
[55 INFO root] -0.14350289106369019 0.428761750459671 0.44106362621787576
[55 INFO root] -0.14351056516170502 0.4287581145763397 0.43372510077069754
[55 INFO root] -0.1435229331254959 0.4287523925304413 0.42605807380804844
[55 INFO root] -0.14353974163532257 0.42874473333358765 0.4180489962431338
[55 INFO root] -0.14356078207492828 0.4287353754043579 0.40968323600335393
[55 INFO root] -0.1435859054327011 0.4287244379520416 0.40094505569865657
[55 INFO root] -0.14361505210399628 0.42871206998825073 0.3918175848063061
[55 INFO root] -0.143648162484169 0.4286983609199524 0.3822827882071186
[55 INFO root] -0.1436852514743805 0.42868340015411377 0.3723214331943757
[55 INFO root] -0.14372634887695312 0.4286673069000244 0.3619130575144542
[55 INFO root] -0.14377151429653168 0.4286501705646515 0.35103594161024443
[55 INFO root] -0.14382082223892212 0.42863205075263977 0.3396670890535294
[55 INFO root] -0.14387433230876923 0.4286130666732788 0.32778222020471437
[55 INFO root] -0.14391903579235077 0.4285978078842163 0.31473497705663434
[55 INFO root] -0.14393742382526398 0.4285917580127716 0.2996664064729063
[55 INFO root] -0.143930122256279 0.4285939931869507 0.2825174342096019
[55 INFO root] -0.14389938116073608 0.428602933883667 0.26331467959197413
[55 INFO root] -0.1438468098640442 0.4286171495914459 0.24207690770577983
[55 INFO root] -0.14377343654632568 0.4286354184150696 0.21881567132575508
[55 INFO root] -0.14367975294589996 0.4286564290523529 0.1935365158377997
[55 INFO root] -0.1435658037662506 0.4286790192127228 0.1662403522082595
[55 INFO root] -0.14343123137950897 0.42870190739631653 0.13692503250171806
[55 INFO root] -0.14327527582645416 0.4287238121032715 0.10558631836692796
[55 INFO root] -0.14309677481651306 0.42874324321746826 0.07222035251295214
[55 INFO root] -0.14289425313472748 0.42875850200653076 0.03682701252936313
[55 INFO root] -0.14266589283943176 0.4287676215171814 -0.0005862286666654323
[55 INFO root] -0.1424095779657364 0.4287683367729187 -0.0399998938528246
[55 INFO root] -0.1421230137348175 0.428757905960083 -0.08137742123262663
[55 INFO root] -0.14180366694927216 0.42873305082321167 -0.12465936746462516
[55 INFO root] -0.1414489597082138 0.42869001626968384 -0.16975700343921848
[55 INFO root] -0.1410563737154007 0.42862439155578613 -0.21654562146511122
[55 INFO root] -0.14062364399433136 0.42853111028671265 -0.26485811938144854
[55 INFO root] -0.14014896750450134 0.4284045994281769 -0.3144796756293607
[55 INFO root] -0.13963133096694946 0.42823880910873413 -0.36514451668723585
[55 INFO root] -0.13907071948051453 0.428027480840683 -0.4165358215341813
[55 INFO root] -0.13846838474273682 0.4277643859386444 -0.46828962746701586
[55 INFO root] -0.137827068567276 0.42744383215904236 -0.5200031602051292
[55 INFO root] -0.13715098798274994 0.4270610511302948 -0.5712473522504891
[55 INFO root] -0.1364457905292511 0.4266125559806824 -0.6215825751466638
[55 INFO root] -0.13571831583976746 0.42609667778015137 -0.6705759939242466
[55 INFO root] -0.13497619330883026 0.4255136549472809 -0.7178186423798644
[55 INFO root] -0.13422740995883942 0.4248657524585724 -0.7629404047756634
[55 INFO root] -0.1334797888994217 0.42415717244148254 -0.8056215358086487
[55 INFO root] -0.13274060189723969 0.4233938455581665 -0.8456000005197524
[55 INFO root] -0.13201622664928436 0.4225829541683197 -0.8826745766855112
[55 INFO root] -0.1313118189573288 0.4217325747013092 -0.9167041467084878
[55 INFO root] -0.13063129782676697 0.4208511412143707 -0.9476039859874833
[55 INFO root] -0.12997734546661377 0.41994717717170715 -0.9753399823845981
[55 INFO root] -0.129351407289505 0.41902878880500793 -0.9999216534404145
[55 INFO root] -0.1287539154291153 0.4181034564971924 -1.021394682986332
[55 INFO root] -0.1281844526529312 0.4171779155731201 -1.0398335299248034
[55 INFO root] -0.12764188647270203 0.4162578880786896 -1.0553344964594238
[55 INFO root] -0.1271245926618576 0.41534820199012756 -1.0680094979242554
[55 INFO root] -0.12663064897060394 0.4144527316093445 -1.0779806592684946
[55 INFO root] -0.12615391612052917 0.41356712579727173 -1.0851167396218415
[55 INFO root] -0.12568499147891998 0.41268032789230347 -1.0890590375543339
[55 INFO root] -0.12522095441818237 0.41179361939430237 -1.0899061136901254
[55 INFO root] -0.1247582882642746 0.4109070301055908 -1.0899600209125313
[55 INFO root] -0.12432168424129486 0.4100700914859772 -1.088300792666831
[55 INFO root] -0.12391580641269684 0.40929487347602844 -1.0846049076094135
[55 INFO root] -0.1235378086566925 0.4085789620876312 -1.0789579178372284
[55 INFO root] -0.12318450212478638 0.4079185426235199 -1.071467310733516
[55 INFO root] -0.12285296618938446 0.40730953216552734 -1.0622274597467765
[55 INFO root] -0.12254051864147186 0.4067477881908417 -1.0513209727776724
[55 INFO root] -0.12224466353654861 0.40622901916503906 -1.0388203959124507
[55 INFO root] -0.12196304649114609 0.4057490825653076 -1.0247900390297144
[55 INFO root] -0.12169340997934341 0.40530383586883545 -1.0092878885498353
[55 INFO root] -0.12143357843160629 0.4048892855644226 -0.9923675873003588
[55 INFO root] -0.12118136137723923 0.4045014977455139 -0.9740804690154145
[55 INFO root] -0.12093457579612732 0.4041367173194885 -0.9544776356737972
[55 INFO root] -0.1206909716129303 0.4037913382053375 -0.9336120605035774
[55 INFO root] -0.12044820934534073 0.40346187353134155 -0.9115406889289954
[55 INFO root] -0.12020384520292282 0.40314507484436035 -0.8883264951499794
[55 INFO root] -0.11995529383420944 0.4028377830982208 -0.8640404350165978
[55 INFO root] -0.1196998581290245 0.40253716707229614 -0.838763218579097
[55 INFO root] -0.11943467706441879 0.4022405743598938 -0.8125868109735116
[55 INFO root] -0.11915679275989532 0.4019456207752228 -0.785615561408088
[55 INFO root] -0.11886317282915115 0.4016503393650055 -0.7579668602357797
[55 INFO root] -0.11855073273181915 0.40135300159454346 -0.729771236082078
[55 INFO root] -0.11821642518043518 0.401052325963974 -0.7011718299690757
[55 INFO root] -0.11785732209682465 0.4007474184036255 -0.6723232204408006
[55 INFO root] -0.1174706444144249 0.4004378616809845 -0.6433896195089924
[55 INFO root] -0.11705391854047775 0.40012359619140625 -0.6145425082751451
[55 INFO root] -0.1166049912571907 0.399804949760437 -0.5859578265500548
[55 INFO root] -0.11612215638160706 0.3994825780391693 -0.5578128660262256
[55 INFO root] -0.11560416221618652 0.39915746450424194 -0.53028303652544
[55 INFO root] -0.11505027115345001 0.398830771446228 -0.5035386772442365
[55 INFO root] -0.11446025967597961 0.39850375056266785 -0.47774207056986484
[55 INFO root] -0.11383441090583801 0.39817774295806885 -0.45304478842958024
[55 INFO root] -0.11317349225282669 0.3978540599346161 -0.4295854653792413
[55 INFO root] -0.11247868090867996 0.3975338339805603 -0.4074880541931725
[55 INFO root] -0.11175151914358139 0.39721810817718506 -0.38686058329900147
[55 INFO root] -0.11099380254745483 0.39690765738487244 -0.36779440431564714
[55 INFO root] -0.11020757257938385 0.3966030180454254 -0.35036389393266254
[55 INFO root] -0.10939518362283707 0.39630457758903503 -0.3345951335667263
[55 INFO root] -0.1085592657327652 0.3960125148296356 -0.32046032083780157
[55 INFO root] -0.10770233720541 0.3957267701625824 -0.3079213893204419
[55 INFO root] -0.10682668536901474 0.3954470753669739 -0.296940865601472
[55 INFO root] -0.10593437403440475 0.39517298340797424 -0.2874826053848355
[55 INFO root] -0.10502726584672928 0.39490386843681335 -0.2795115846456795
[55 INFO root] -0.10410701483488083 0.39463892579078674 -0.27299356938614266
[55 INFO root] -0.10317506641149521 0.39437735080718994 -0.26789474023700693
[55 INFO root] -0.10223272442817688 0.39411818981170654 -0.2641813105110687
[55 INFO root] -0.10128108412027359 0.3938603699207306 -0.2618191606199695
[55 INFO root] -0.10032112151384354 0.3936029076576233 -0.26077350122004994
[55 INFO root] -0.09935547411441803 0.3933451175689697 -0.2606820653253119
[55 INFO root] -0.09838926047086716 0.39308735728263855 -0.2606820653253119
[55 INFO root] -0.09742304682731628 0.39282962679862976 -0.2606820653253119
[55 INFO root] -0.09645683318376541 0.39257189631462097 -0.2606820653253119
[55 INFO root] -0.09549061954021454 0.3923141360282898 -0.2606820653253119
[55 INFO root] -0.09452440589666367 0.392056405544281 -0.2606820653253119
[55 INFO root] -0.09355819225311279 0.3917986750602722 -0.2606820653253119
[55 INFO root] -0.09259197860956192 0.39154091477394104 -0.2606820653253119
[55 INFO root] -0.09162576496601105 0.39128318428993225 -0.2606820653253119
[55 INFO root] -0.09065954387187958 0.39102545380592346 -0.2606820653253119
[55 INFO root] -0.0896933302283287 0.3907676935195923 -0.2606820653253119
[55 INFO root] -0.08872711658477783 0.3905099630355835 -0.2606820653253119
[55 INFO root] -0.08776090294122696 0.3902522325515747 -0.2606820653253119
[55 INFO root] -0.08679468929767609 0.38999447226524353 -0.2606820653253119
[55 INFO root] -0.08582847565412521 0.38973674178123474 -0.2606820653253119
[55 INFO root] -0.08486226201057434 0.38947901129722595 -0.2606820653253119
[55 INFO root] -0.08389604836702347 0.38922128081321716 -0.2606820653253119
[55 INFO root] -0.0829298347234726 0.388963520526886 -0.2606820653253119
[55 INFO root] -0.08196362107992172 0.3887057900428772 -0.2606820653253119
[55 INFO root] -0.08099739998579025 0.3884480595588684 -0.2606820653253119
[55 INFO root] -0.08003118634223938 0.38819029927253723 -0.2606820653253119
[55 INFO root] -0.07906497269868851 0.38793256878852844 -0.2606820653253119
[55 INFO root] -0.07809875905513763 0.38767483830451965 -0.2606820653253119
[55 INFO root] -0.07713254541158676 0.3874170780181885 -0.2606820653253119
[55 INFO root] -0.07616633176803589 0.3871593475341797 -0.2606820653253119
[55 INFO root] -0.07520011812448502 0.3869016170501709 -0.2606820653253119
[55 INFO root] -0.07423390448093414 0.3866438567638397 -0.2606820653253119
[55 INFO root] -0.07326769083738327 0.38638612627983093 -0.2606820653253119
[55 INFO root] -0.0723014771938324 0.38612839579582214 -0.2606820653253119
[55 INFO root] -0.07133525609970093 0.38587066531181335 -0.2606820653253119
[55 INFO root] -0.07036904245615005 0.3856129050254822 -0.2606820653253119
[55 INFO root] -0.06940282881259918 0.3853551745414734 -0.2606820653253119
[55 INFO root] -0.06843661516904831 0.3850974440574646 -0.2606820653253119
[55 INFO root] -0.06747040152549744 0.3848396837711334 -0.2606820653253119
[55 INFO root] -0.06650418788194656 0.38458195328712463 -0.2606820653253119
[55 INFO root] -0.06553797423839569 0.38432422280311584 -0.2606820653253119
[55 INFO root] -0.06457816064357758 0.38406819105148315 -0.2610291194187775
[55 INFO root] -0.063650943338871 0.3838205337524414 -0.2631665646625142
[55 INFO root] -0.06275706738233566 0.38357990980148315 -0.26717055580845533
[55 INFO root] -0.061894092708826065 0.3833441138267517 -0.27295887118210094
[55 INFO root] -0.06105959787964821 0.38311102986335754 -0.2804637648156306
[55 INFO root] -0.060251183807849884 0.382878839969635 -0.28963024596313003
[55 INFO root] -0.05946648120880127 0.38264578580856323 -0.3004136914880478
[55 INFO root] -0.05870312824845314 0.3824102282524109 -0.31277786886980724
[55 INFO root] -0.05795879662036896 0.38217055797576904 -0.32669325135076044
[55 INFO root] -0.05723116546869278 0.38192513585090637 -0.3421355243366904
[55 INFO root] -0.05651793256402016 0.38167238235473633 -0.35908420415771863
[55 INFO root] -0.05581682547926903 0.3814105987548828 -0.3775213056241626
[55 INFO root] -0.05512559413909912 0.3811379671096802 -0.39743000552058116
[55 INFO root] -0.05444203317165375 0.3808526396751404 -0.41879325702938125
[55 INFO root] -0.0537639819085598 0.3805525600910187 -0.44159231647338876
[55 INFO root] -0.05308935418725014 0.3802355229854584 -0.4658051499409221
[55 INFO root] -0.05241616442799568 0.37989911437034607 -0.4914046944621261
[55 INFO root] -0.051742542535066605 0.3795408010482788 -0.5183569575866743
[55 INFO root] -0.051066797226667404 0.3791577219963074 -0.5466189516098132
[55 INFO root] -0.050387438386678696 0.3787469267845154 -0.5761364753750067
[55 INFO root] -0.049703244119882584 0.37830522656440735 -0.6068417783932124
[55 INFO root] -0.04901331290602684 0.37782931327819824 -0.6386511693287953
[55 INFO root] -0.04831714183092117 0.37731578946113586 -0.6714626632389802
[55 INFO root] -0.04761466756463051 0.37676119804382324 -0.7051537975717025
[55 INFO root] -0.046906355768442154 0.3761622905731201 -0.7395797823806538
[55 INFO root] -0.04619321972131729 0.37551602721214294 -0.7745721801082455
[55 INFO root] -0.04547687992453575 0.3748197555541992 -0.8099383274168461
[55 INFO root] -0.04475954920053482 0.37407147884368896 -0.8454617077322625
[55 INFO root] -0.04404401034116745 0.3732699453830719 -0.8809034509036564
[55 INFO root] -0.04333354905247688 0.3724149465560913 -0.9160050713228528
[55 INFO root] -0.0426318384706974 0.3715074360370636 -0.9504924594960604
[55 INFO root] -0.041942790150642395 0.3705497086048126 -0.9840810238125334
[55 INFO root] -0.041270364075899124 0.36954542994499207 -1.0164817563598558
[55 INFO root] -0.04061838239431381 0.3684996962547302 -1.047407891170382
[55 INFO root] -0.03999031335115433 0.36741897463798523 -1.0765817561846214
[55 INFO root] -0.03938909247517586 0.36631083488464355 -1.1037414041811069
[55 INFO root] -0.03881696239113808 0.36518386006355286 -1.128646642349358
[55 INFO root] -0.03827539086341858 0.36404725909233093 -1.1510841512852237
[55 INFO root] -0.03776499256491661 0.36291036009788513 -1.1708745425134108
[55 INFO root] -0.03728553280234337 0.361782431602478 -1.187878489509791
[55 INFO root] -0.03683601692318916 0.3606719970703125 -1.201996980603217
[55 INFO root] -0.03641480207443237 0.35958683490753174 -1.2131683849755157
[55 INFO root] -0.036019761115312576 0.35853341221809387 -1.2213641753351046
[55 INFO root] -0.03564842790365219 0.3575170338153839 -1.2265841028670244
[55 INFO root] -0.03529813885688782 0.35654154419898987 -1.2288513313121492
[55 INFO root] -0.034961532801389694 0.35559651255607605 -1.2290485526221386
[55 INFO root] -0.03462637960910797 0.35465437173843384 -1.2290485526221386
[55 INFO root] -0.03429124504327774 0.35371220111846924 -1.2290485526221386
[55 INFO root] -0.03395611047744751 0.35277003049850464 -1.2290485526221386
[55 INFO root] -0.03362097591161728 0.35182785987854004 -1.2290485526221386
[55 INFO root] -0.03328584134578705 0.35088568925857544 -1.2290485526221386
[55 INFO root] -0.03295070677995682 0.34994351863861084 -1.2290485526221386
[55 INFO root] -0.03261557221412659 0.34900134801864624 -1.2290485526221386
[55 INFO root] -0.032280437648296356 0.34805917739868164 -1.2290485526221386
[55 INFO root] -0.031945303082466125 0.34711700677871704 -1.2290485526221386
[55 INFO root] -0.031610168516635895 0.34617483615875244 -1.2290485526221386
[55 INFO root] -0.031275033950805664 0.34523266553878784 -1.2290485526221386
[55 INFO root] -0.030939901247620583 0.34429049491882324 -1.2290485526221386
[55 INFO root] -0.030604766681790352 0.34334832429885864 -1.2290485526221386
[55 INFO root] -0.03026963211596012 0.34240615367889404 -1.2290485526221386
[55 INFO root] -0.02993449755012989 0.34146398305892944 -1.2290485526221386
[55 INFO root] -0.02959936298429966 0.34052181243896484 -1.2290485526221386
[55 INFO root] -0.029264230281114578 0.33957964181900024 -1.2290485526221386
[55 INFO root] -0.028929095715284348 0.33863747119903564 -1.2290485526221386
[55 INFO root] -0.028593961149454117 0.33769530057907104 -1.2290485526221386
[55 INFO root] -0.028258826583623886 0.33675312995910645 -1.2290485526221386
[55 INFO root] -0.027923692017793655 0.33581095933914185 -1.2290485526221386
[55 INFO root] -0.027588557451963425 0.33486878871917725 -1.2290485526221386
[55 INFO root] -0.027253422886133194 0.33392661809921265 -1.2290485526221386
[55 INFO root] -0.026918290182948112 0.33298444747924805 -1.2290485526221386
[55 INFO root] -0.026583155617117882 0.33204227685928345 -1.2290485526221386
[55 INFO root] -0.02624802105128765 0.33110010623931885 -1.2290485526221386
[55 INFO root] -0.02591288648545742 0.33015793561935425 -1.2290485526221386
[55 INFO root] -0.02557775191962719 0.32921576499938965 -1.2290485526221386
[55 INFO root] -0.02524261735379696 0.32827359437942505 -1.2290485526221386
[55 INFO root] -0.024907482787966728 0.32733142375946045 -1.2290485526221386
[55 INFO root] -0.024572350084781647 0.32638925313949585 -1.2290485526221386
[55 INFO root] -0.024237215518951416 0.32544708251953125 -1.2290485526221386
[55 INFO root] -0.023902080953121185 0.32450491189956665 -1.2290485526221386
[55 INFO root] -0.023566946387290955 0.32356274127960205 -1.2290485526221386
[55 INFO root] -0.023231811821460724 0.32262057065963745 -1.2290485526221386
[55 INFO root] -0.022896677255630493 0.32167840003967285 -1.2290485526221386
[55 INFO root] -0.022561542689800262 0.32073622941970825 -1.2290485526221386
[55 INFO root] -0.02222640998661518 0.31979405879974365 -1.2290485526221386
[55 INFO root] -0.02189127542078495 0.31885188817977905 -1.2290485526221386
[55 INFO root] -0.02155614085495472 0.31790971755981445 -1.2290485526221386
[55 INFO root] -0.021217113360762596 0.31695660948753357 -1.2285686484024172
[55 INFO root] -0.02087281458079815 0.31599000096321106 -1.2274972296340958
[55 INFO root] -0.02052312344312668 0.3150113821029663 -1.2259000317155162
[55 INFO root] -0.02016802318394184 0.3140224516391754 -1.2238516241400987
[55 INFO root] -0.01980750262737274 0.31302472949028015 -1.2214197002064882
[55 INFO root] -0.019441554322838783 0.3120194971561432 -1.218663300209364
[55 INFO root] -0.01907016523182392 0.31100791692733765 -1.2156330837456977
[55 INFO root] -0.018693337216973305 0.3099909722805023 -1.2123735272205034
[55 INFO root] -0.01831108331680298 0.30896952748298645 -1.2089240583982679
[55 INFO root] -0.01792343519628048 0.3079444169998169 -1.2053197475428947
[55 INFO root] -0.017530446872115135 0.30691635608673096 -1.2015918582384923
[55 INFO root] -0.01713218353688717 0.3058859705924988 -1.1977683045997394
[55 INFO root] -0.016728732734918594 0.3048538863658905 -1.1938740337431653
[55 INFO root] -0.01632019504904747 0.3038206696510315 -1.189931348290171
[55 INFO root] -0.01590668596327305 0.30278679728507996 -1.1859601807850375
[55 INFO root] -0.015488335862755775 0.3017527163028717 -1.1819783295281343
[55 INFO root] -0.015065287239849567 0.30071890354156494 -1.1780016633672206
[55 INFO root] -0.014637693762779236 0.2996857166290283 -1.174044301396906
[55 INFO root] -0.01420571655035019 0.2986535429954529 -1.1701187722314121
[55 INFO root] -0.013769525103271008 0.2976226508617401 -1.166236156488375
[55 INFO root] -0.013329297304153442 0.29659342765808105 -1.162406215307061
[55 INFO root] -0.01288521196693182 0.2955660820007324 -1.15863750708485
[55 INFO root] -0.012437453493475914 0.2945408821105957 -1.154937494118426
[55 INFO root] -0.011986210942268372 0.2935180366039276 -1.151312640453226
[55 INFO root] -0.011531743220984936 0.2924979627132416 -1.1477738764066974
[55 INFO root] -0.011080222204327583 0.29149407148361206 -1.1440489410122059
[55 INFO root] -0.01063533965498209 0.29051464796066284 -1.1399455443749897
[55 INFO root] -0.010195818729698658 0.28955739736557007 -1.1354568986382225
[55 INFO root] -0.009760077111423016 0.28861939907073975 -1.1305923839010255
[55 INFO root] -0.009326843544840813 0.2876984477043152 -1.1253592898089368
[55 INFO root] -0.00889510940760374 0.28679293394088745 -1.1197628959646386
[55 INFO root] -0.008464071899652481 0.2859016954898834 -1.1138065035790674
[55 INFO root] -0.0080330865457654 0.28502383828163147 -1.1074915890289827
[55 INFO root] -0.007601632736623287 0.2841588258743286 -1.10081805567363
[55 INFO root] -0.0071692802011966705 0.28330621123313904 -1.0937845566791553
[55 INFO root] -0.006735667586326599 0.28246572613716125 -1.0863884920351314
[55 INFO root] -0.006300548557192087 0.28163737058639526 -1.078622994211558
[55 INFO root] -0.005863770376890898 0.2808212339878082 -1.0704768431865006
[55 INFO root] -0.005425230134278536 0.28001752495765686 -1.0619356402557782
[55 INFO root] -0.004984838422387838 0.27922651171684265 -1.0529830789509826
[55 INFO root] -0.0045424881391227245 0.27844834327697754 -1.043602124092716
[55 INFO root] -0.004098033532500267 0.27768322825431824 -1.033776077858154
[55 INFO root] -0.003651273902505636 0.27693113684654236 -1.0234895278859415
[55 INFO root] -0.003201943589374423 0.2761920988559723 -1.01272917749391
[55 INFO root] -0.002749764360487461 0.2754659950733185 -1.0014867794555111
[55 INFO root] -0.002295183017849922 0.2747539281845093 -0.9897864171156933
[55 INFO root] -0.0018386344891041517 0.2740568220615387 -0.9776569343314057
[55 INFO root] -0.0013802937464788556 0.27337509393692017 -0.9651239853558772
[55 INFO root] -0.0009200291824527085 0.2727086544036865 -0.952209300708176
[55 INFO root] -0.0004573814803734422 0.27205684781074524 -0.9389308372879508
[55 INFO root] 8.800986506685149e-06 0.27141818404197693 -0.9252934620951822
[55 INFO root] 0.00048144414904527366 0.2707888185977936 -0.9112626967967484
[55 INFO root] 0.0009637572802603245 0.27016496658325195 -0.8968055992839212
[55 INFO root] 0.0014588215854018927 0.2695433497428894 -0.8819009410113116
[55 INFO root] 0.0019695742521435022 0.26892125606536865 -0.8665397764553169
[55 INFO root] 0.00249880482442677 0.26829642057418823 -0.8507257598417931
[55 INFO root] 0.0030491312500089407 0.26766708493232727 -0.8344756478076798
[55 INFO root] 0.0036229570396244526 0.2670319378376007 -0.8178196781962931
[55 INFO root] 0.004222417715936899 0.26639020442962646 -0.8008015590476347
[55 INFO root] 0.004849321208894253 0.2657415270805359 -0.7834778741522993
[55 INFO root] 0.005505086854100227 0.2650860548019409 -0.7659167936974044
[55 INFO root] 0.0061906250193715096 0.26442447304725647 -0.748196725764691
[55 INFO root] 0.006906270980834961 0.2637578845024109 -0.7304037210046741
[55 INFO root] 0.00765177421271801 0.26308783888816833 -0.7126279774047681
[55 INFO root] 0.008426319807767868 0.26241618394851685 -0.6949600967323369
[55 INFO root] 0.009228556416928768 0.26174497604370117 -0.6774874382649588
[55 INFO root] 0.010056636296212673 0.261076420545578 -0.6602908117224656
[55 INFO root] 0.010908271186053753 0.2604127526283264 -0.6434417134610513
[55 INFO root] 0.011780783534049988 0.2597561776638031 -0.6270003859026085
[55 INFO root] 0.012671194970607758 0.2591088116168976 -0.6110158601808788
[55 INFO root] 0.013576946221292019 0.2584722638130188 -0.5955265734031141
[55 INFO root] 0.01449566800147295 0.2578476667404175 -0.5805609546144942
[55 INFO root] 0.015424611046910286 0.2572363018989563 -0.5661361907239693
[55 INFO root] 0.016360633075237274 0.2566395401954651 -0.5522581511488183
[55 INFO root] 0.01730034314095974 0.2560586631298065 -0.5389224390959589
[55 INFO root] 0.01824025623500347 0.2554949223995209 -0.5261160825797855
[55 INFO root] 0.019176915287971497 0.2549493610858917 -0.5138196426340196
[55 INFO root] 0.020107023417949677 0.2544229030609131 -0.5020095674685602
[55 INFO root] 0.021027538925409317 0.2539161741733551 -0.4906606341502295
[55 INFO root] 0.021935749799013138 0.2534296214580536 -0.4797483570692483
[55 INFO root] 0.0228293277323246 0.25296345353126526 -0.46925135470127416
