[52 INFO root] Initialising Python Geth Console...
[52 INFO root] Initialising RandB board...
[52 INFO root] Initialising resource sensor...
[52 INFO root] Initialising random-walk...
[52 INFO root] Initialising navigation...
[52 INFO root] Initialising Odo...
[52 INFO root] Initialising odometry...
[52 INFO root] Initialising gps...
[52 INFO root] Initialising Ground sensor...
[52 INFO root] --//-- Starting Experiment --//--
[52 INFO root] x y direction
[52 INFO root] 0.700348973274231 0.4015119969844818 0.9102939246701632
[52 INFO root] 0.7013998627662659 0.40286457538604736 0.814801815364334
[52 INFO root] 0.7033624053001404 0.4049849212169647 0.7163970518780344
[52 INFO root] 0.7055159211158752 0.40689781308174133 0.6276798255157147
[52 INFO root] 0.7077640295028687 0.40856045484542847 0.548118415049761
[52 INFO root] 0.7100215554237366 0.4099646806716919 0.4764483475961847
[52 INFO root] 0.7122243642807007 0.4111229181289673 0.41108034844396135
[52 INFO root] 0.7143315672874451 0.41205906867980957 0.35036428767494676
[52 INFO root] 0.7163223028182983 0.4128013551235199 0.2927562785005249
[52 INFO root] 0.7181901931762695 0.4133770167827606 0.2369237083500182
[52 INFO root] 0.7199357748031616 0.4138096272945404 0.18179262331499135
[52 INFO root] 0.7215616106987 0.4141184985637665 0.12652256700228728
[52 INFO root] 0.723070502281189 0.41431957483291626 0.07044354759078936
[52 INFO root] 0.7244651317596436 0.41442644596099854 0.012994190872138808
[52 INFO root] 0.7257489562034607 0.41445109248161316 -0.04632371263952892
[52 INFO root] 0.7269269227981567 0.414404034614563 -0.10797412310465374
[52 INFO root] 0.7280058264732361 0.4142943322658539 -0.17240324663123904
[52 INFO root] 0.7289943099021912 0.41412925720214844 -0.24004916061391024
[52 INFO root] 0.7299026250839233 0.4139138460159302 -0.3113482072481254
[52 INFO root] 0.7307422757148743 0.4136505722999573 -0.3867403696670344
[52 INFO root] 0.7315302491188049 0.41333678364753723 -0.4666268305697778
[52 INFO root] 0.732283890247345 0.41296470165252686 -0.5513646096414228
[52 INFO root] 0.7330171465873718 0.4125221073627472 -0.6412779043522796
[52 INFO root] 0.7337408065795898 0.41199150681495667 -0.7366372661223946
[52 INFO root] 0.7344774007797241 0.4113350212574005 -0.8371190377967908
[52 INFO root] 0.7352339625358582 0.4105108082294464 -0.9421003858525179
[52 INFO root] 0.7359963059425354 0.40948256850242615 -1.0508169813936021
[52 INFO root] 0.7367326617240906 0.40822476148605347 -1.162433604403109
[52 INFO root] 0.7373988032341003 0.4067266285419464 -1.2761208023685136
[52 INFO root] 0.7379454970359802 0.40499019622802734 -1.3909151040183787
[52 INFO root] 0.7383224368095398 0.40303486585617065 -1.505923314832432
[52 INFO root] 0.7384845018386841 0.40089598298072815 -1.62044817090466
[52 INFO root] 0.7383948564529419 0.3985942006111145 -1.7303262114814855
[52 INFO root] 0.7380338311195374 0.3961902856826782 -1.8306453685933426
[52 INFO root] 0.7374202609062195 0.39378705620765686 -1.920996943757309
[52 INFO root] 0.7365965247154236 0.3914664685726166 -2.002060325411209
[52 INFO root] 0.7356123328208923 0.38927996158599854 -2.074864264687843
[52 INFO root] 0.7345142960548401 0.3872532844543457 -2.1405274706959325
[52 INFO root] 0.7333410382270813 0.38539379835128784 -2.200098218734356
[52 INFO root] 0.7321221232414246 0.38369742035865784 -2.254478945141128
[52 INFO root] 0.7308790683746338 0.3821538984775543 -2.304407168732543
[52 INFO root] 0.7296269536018372 0.38075023889541626 -2.3504668811400116
[52 INFO root] 0.7283762097358704 0.3794727921485901 -2.3931125543802634
[52 INFO root] 0.7271338105201721 0.37830856442451477 -2.4326958414884716
[52 INFO root] 0.7259047627449036 0.3772456645965576 -2.4694898758958597
[52 INFO root] 0.7246924638748169 0.3762734532356262 -2.5037096669405257
[52 INFO root] 0.723499596118927 0.375382661819458 -2.53552783704652
[52 INFO root] 0.7223281860351562 0.374565064907074 -2.565086613330143
[52 INFO root] 0.7211800217628479 0.3738135099411011 -2.5925064383353087
[52 INFO root] 0.7200564742088318 0.3731216788291931 -2.617892155165405
[52 INFO root] 0.718958854675293 0.3724839687347412 -2.641337249183805
[52 INFO root] 0.7178882956504822 0.37189537286758423 -2.6629267923150337
[52 INFO root] 0.7168458104133606 0.3713514506816864 -2.6827394034079024
[52 INFO root] 0.715829610824585 0.37084683775901794 -2.698820139123732
[52 INFO root] 0.7148404121398926 0.37037575244903564 -2.7078707522164627
[52 INFO root] 0.7138846516609192 0.36993202567100525 -2.7101253690088356
[52 INFO root] 0.7129656672477722 0.36950868368148804 -2.70617620816517
[52 INFO root] 0.7120833992958069 0.3690986931324005 -2.696546226470891
[52 INFO root] 0.7113081216812134 0.36872994899749756 -2.6792619959012858
[52 INFO root] 0.7106502652168274 0.36840373277664185 -2.6537492479145186
[52 INFO root] 0.7100897431373596 0.3681084215641022 -2.6201079626505446
[52 INFO root] 0.709591805934906 0.3678247332572937 -2.5784970054240484
[52 INFO root] 0.7091079354286194 0.36752206087112427 -2.5292011089706077
[52 INFO root] 0.708621621131897 0.3671838641166687 -2.4725560196799976
[52 INFO root] 0.7081212401390076 0.36679255962371826 -2.4089575363368785
[52 INFO root] 0.7075982689857483 0.36632752418518066 -2.3388834048304523
[52 INFO root] 0.707065224647522 0.36578279733657837 -2.2633451250645846
[52 INFO root] 0.7065191864967346 0.36513373255729675 -2.18282427590708
[52 INFO root] 0.7059617042541504 0.3643515110015869 -2.097875041439915
[52 INFO root] 0.7054028511047363 0.363407701253891 -2.009229161503351
[52 INFO root] 0.7048619389533997 0.36227717995643616 -1.9178077668894273
[52 INFO root] 0.7043666839599609 0.36094188690185547 -1.8247100184073506
[52 INFO root] 0.7039524912834167 0.3593990206718445 -1.7311581462618992
[52 INFO root] 0.7036617398262024 0.3576961159706116 -1.6381185962062832
[52 INFO root] 0.7035216093063354 0.3558580279350281 -1.5464053935145508
[52 INFO root] 0.7035521268844604 0.35391005873680115 -1.4567450189813413
[52 INFO root] 0.703766942024231 0.3518805205821991 -1.369788560154786
[52 INFO root] 0.7041729092597961 0.3497987985610962 -1.2861228277334744
[52 INFO root] 0.7047693133354187 0.3476974070072174 -1.2061740810623425
[52 INFO root] 0.7055481672286987 0.3456076979637146 -1.1302152044402478
[52 INFO root] 0.7064967751502991 0.34355610609054565 -1.058455981095659
[52 INFO root] 0.7075988054275513 0.3415635824203491 -0.991079690383201
[52 INFO root] 0.7088356614112854 0.339646577835083 -0.9282510897123848
[52 INFO root] 0.7101868391036987 0.3378174304962158 -0.8701131044642672
[52 INFO root] 0.7116308808326721 0.33608490228652954 -0.816778284430932
[52 INFO root] 0.7131456136703491 0.3344544470310211 -0.7683193230002886
[52 INFO root] 0.7147091627120972 0.33292844891548157 -0.724761858770424
[52 INFO root] 0.7163004875183105 0.3315065801143646 -0.6860814427558666
[52 INFO root] 0.7179003953933716 0.33018600940704346 -0.6522051707506779
[52 INFO root] 0.719491720199585 0.32896190881729126 -0.6230173423878062
[52 INFO root] 0.7210602164268494 0.3278277814388275 -0.5983677854071013
[52 INFO root] 0.7225945591926575 0.32677599787712097 -0.5780812429335429
[52 INFO root] 0.7240864038467407 0.3257981836795807 -0.5619663916574038
[52 INFO root] 0.7255308032035828 0.3248853087425232 -0.5498143115735931
[52 INFO root] 0.7269259095191956 0.3240278959274292 -0.5414035959558765
[52 INFO root] 0.7282724976539612 0.3232165277004242 -0.5365109440869051
[52 INFO root] 0.7295732498168945 0.32244208455085754 -0.5349143272599247
[52 INFO root] 0.7308326959609985 0.3216955065727234 -0.5360817875134801
[52 INFO root] 0.7320588827133179 0.3209672272205353 -0.53773086129394
[52 INFO root] 0.7332586646080017 0.320252001285553 -0.5394732384382557
[52 INFO root] 0.7344330549240112 0.31954917311668396 -0.5415244558248188
[52 INFO root] 0.7355628609657288 0.3188699185848236 -0.5453962616273009
[52 INFO root] 0.7366532683372498 0.31820887327194214 -0.5511101088816759
[52 INFO root] 0.7377111315727234 0.31755951046943665 -0.5585381489463512
[52 INFO root] 0.7387416362762451 0.3169166147708893 -0.5675878613232871
[52 INFO root] 0.7397482991218567 0.3162761330604553 -0.5781966685918893
[52 INFO root] 0.7407333254814148 0.3156347870826721 -0.5903251100004304
[52 INFO root] 0.7416980862617493 0.3149900734424591 -0.603949754929535
[52 INFO root] 0.7426429390907288 0.31434011459350586 -0.6190614469711306
[52 INFO root] 0.7435661554336548 0.3136844336986542 -0.6356974898744554
[52 INFO root] 0.7444663643836975 0.31302252411842346 -0.653888645420072
[52 INFO root] 0.7453426122665405 0.31235361099243164 -0.6736449812999709
[52 INFO root] 0.7461942434310913 0.31167659163475037 -0.6949554993848179
[52 INFO root] 0.747020959854126 0.3109903633594513 -0.7177892926011681
[52 INFO root] 0.7478225231170654 0.31029370427131653 -0.7420980541911658
[52 INFO root] 0.7485988140106201 0.30958542227745056 -0.767817923587491
[52 INFO root] 0.7493495941162109 0.3088643252849579 -0.7948717213777722
[52 INFO root] 0.7500747442245483 0.30812934041023254 -0.8231707572775258
[52 INFO root] 0.7507739663124084 0.30737945437431335 -0.8526174039884775
[52 INFO root] 0.7514470815658569 0.3066137135028839 -0.8831069794887845
[52 INFO root] 0.7520938515663147 0.30583134293556213 -0.9145303043415273
[52 INFO root] 0.7527137994766235 0.30503156781196594 -0.9467759793074026
[52 INFO root] 0.7533065676689148 0.30421382188796997 -0.9797318477968918
[52 INFO root] 0.753871738910675 0.3033776581287384 -1.0132873715848427
[52 INFO root] 0.7544087767601013 0.3025226891040802 -1.047335331524179
[52 INFO root] 0.7549171447753906 0.30164873600006104 -1.0817728304436411
[52 INFO root] 0.7553964853286743 0.3007553815841675 -1.1165021216202233
[52 INFO root] 0.755856990814209 0.29982051253318787 -1.151390206034188
[52 INFO root] 0.7562974095344543 0.2988416850566864 -1.1863131308211472
[52 INFO root] 0.7567150592803955 0.29781949520111084 -1.2211517879305473
[52 INFO root] 0.7571072578430176 0.2967551350593567 -1.2557863339492623
[52 INFO root] 0.7574714422225952 0.2956502139568329 -1.2900958857718552
[52 INFO root] 0.7578052282333374 0.29450687766075134 -1.3239585347645912
[52 INFO root] 0.758106529712677 0.2933277487754822 -1.3572512495394582
[52 INFO root] 0.758373498916626 0.29211583733558655 -1.3898498195679256
[52 INFO root] 0.7586047053337097 0.29087454080581665 -1.4216285544553187
[52 INFO root] 0.758799135684967 0.28960758447647095 -1.4524610524999753
[52 INFO root] 0.7589563131332397 0.2883189618587494 -1.4822211686915956
[52 INFO root] 0.7590762376785278 0.28701290488243103 -1.5107843359361761
[52 INFO root] 0.7591592073440552 0.2856937050819397 -1.5380289534358649
[52 INFO root] 0.7592063546180725 0.28436583280563354 -1.5638374168205373
[52 INFO root] 0.7592190504074097 0.2830336391925812 -1.5880989054926171
[52 INFO root] 0.7591992616653442 0.2817014157772064 -1.610710634999043
[52 INFO root] 0.7591491937637329 0.2803732454776764 -1.6315799525055654
[52 INFO root] 0.7590716481208801 0.2790530323982239 -1.6506253874627763
[52 INFO root] 0.7589694857597351 0.27774423360824585 -1.667778362755326
[52 INFO root] 0.7588458061218262 0.276449978351593 -1.682983158543898
[52 INFO root] 0.7587039470672607 0.2751728892326355 -1.6961970482408582
[52 INFO root] 0.7585470676422119 0.27391517162323 -1.707390128970329
[52 INFO root] 0.7583785653114319 0.27267852425575256 -1.7165440182670602
[52 INFO root] 0.7582014203071594 0.27146416902542114 -1.7236513189655325
[52 INFO root] 0.7580187916755676 0.27027279138565063 -1.7287135582186102
[52 INFO root] 0.7578333616256714 0.26910465955734253 -1.7317404059821386
[52 INFO root] 0.7576478719711304 0.2679596245288849 -1.732747607463401
[52 INFO root] 0.757464587688446 0.26683712005615234 -1.731756178371788
[52 INFO root] 0.7572857141494751 0.26573625206947327 -1.7287905532582537
[52 INFO root] 0.7571132183074951 0.2646557688713074 -1.7238778335514906
[52 INFO root] 0.7569488883018494 0.2635941803455353 -1.7170468390573626
[52 INFO root] 0.756794273853302 0.26254966855049133 -1.7083275078476787
[52 INFO root] 0.7566509246826172 0.26152026653289795 -1.697750249655232
[52 INFO root] 0.7565200328826904 0.26050376892089844 -1.685346037677447
[52 INFO root] 0.7564030289649963 0.25949788093566895 -1.6711457229466478
[52 INFO root] 0.7563000917434692 0.2584899961948395 -1.6560510229294796
[52 INFO root] 0.7562118172645569 0.25747454166412354 -1.6404712004257342
[52 INFO root] 0.7561387419700623 0.25645071268081665 -1.6244405199036733
[52 INFO root] 0.7560816407203674 0.25541815161705017 -1.607958063174082
[52 INFO root] 0.7560412287712097 0.25437647104263306 -1.5910234902506655
[52 INFO root] 0.7560182213783264 0.25332534313201904 -1.573637996853148
[52 INFO root] 0.7560133337974548 0.2522643804550171 -1.5558049873772124
[52 INFO root] 0.7560275197029114 0.25119325518608093 -1.5375307595815817
[52 INFO root] 0.7560615539550781 0.2501116693019867 -1.5188252362013572
[52 INFO root] 0.7561163306236267 0.24901936948299408 -1.4997027227421726
[52 INFO root] 0.7561877965927124 0.2479865550994873 -1.4805753279252398
[52 INFO root] 0.7562677264213562 0.24708083271980286 -1.4616230887878745
[52 INFO root] 0.7563523650169373 0.24629338085651398 -1.4425047020511663
[52 INFO root] 0.7564393281936646 0.245607390999794 -1.422864047605225
[52 INFO root] 0.7565273642539978 0.2450076788663864 -1.4023924495265392
[52 INFO root] 0.7566156983375549 0.24448062479496002 -1.3808225866681532
[52 INFO root] 0.7567042708396912 0.24401414394378662 -1.3579225300202273
[52 INFO root] 0.756793200969696 0.24359749257564545 -1.3334909525898395
[52 INFO root] 0.7568832039833069 0.24322113394737244 -1.3073532318196524
[52 INFO root] 0.7569751143455505 0.2428765594959259 -1.2793582054557173
[52 INFO root] 0.7570704221725464 0.24255535006523132 -1.2493823719592423
[52 INFO root] 0.7571712732315063 0.24224936962127686 -1.2173315347290237
[52 INFO root] 0.7572799921035767 0.24195173382759094 -1.1831442701061967
[52 INFO root] 0.7573992609977722 0.24165669083595276 -1.1467822529287297
[52 INFO root] 0.7575321197509766 0.24135959148406982 -1.1082238656544787
[52 INFO root] 0.7576817274093628 0.24105675518512726 -1.0674606336949588
[52 INFO root] 0.7578515410423279 0.240745410323143 -1.0244942810146698
[52 INFO root] 0.7580454349517822 0.24042364954948425 -0.9793340878901216
[52 INFO root] 0.7582672238349915 0.24009037017822266 -0.931994657892774
[52 INFO root] 0.7585213780403137 0.23974497616291046 -0.8824974424315606
[52 INFO root] 0.7588373422622681 0.23935745656490326 -0.8313408149242547
[52 INFO root] 0.7592167258262634 0.2389376312494278 -0.7786603248874502
[52 INFO root] 0.7596575617790222 0.2384984791278839 -0.7245065436756826
[52 INFO root] 0.7601587176322937 0.23805038630962372 -0.6689102946663459
[52 INFO root] 0.7607201933860779 0.23760172724723816 -0.6119005258399635
[52 INFO root] 0.7613431811332703 0.23715953528881073 -0.5535218294826139
[52 INFO root] 0.7620295882225037 0.23673008382320404 -0.493853468947992
[52 INFO root] 0.7627822160720825 0.2363193780183792 -0.4330300312747921
[52 INFO root] 0.7636041045188904 0.23593364655971527 -0.37126319375518163
[52 INFO root] 0.764497697353363 0.235579714179039 -0.30885788257400765
[52 INFO root] 0.7654626369476318 0.23526550829410553 -0.24616007889675753
[52 INFO root] 0.7664459943771362 0.23501184582710266 -0.18478713550608808
[52 INFO root] 0.767430305480957 0.23482151329517365 -0.12522936423863593
[52 INFO root] 0.7684042453765869 0.23469290137290955 -0.06777066159057542
[52 INFO root] 0.7693561315536499 0.23462265729904175 -0.012650872136664215
[52 INFO root] 0.7702746987342834 0.2346057891845703 0.03993922279246195
[52 INFO root] 0.7711496949195862 0.23463593423366547 0.0898630450222203
[52 INFO root] 0.7719724178314209 0.23470570147037506 0.13703955924056818
[52 INFO root] 0.7727358937263489 0.234807088971138 0.1814409722427659
[52 INFO root] 0.7734691500663757 0.23493815958499908 0.22280786309564637
[52 INFO root] 0.7741850018501282 0.23509719967842102 0.26092931217612414
[52 INFO root] 0.7748745083808899 0.2352784126996994 0.2957992842177808
[52 INFO root] 0.7755287289619446 0.23547519743442535 0.3274882790242703
[52 INFO root] 0.7761415243148804 0.23568108677864075 0.35611846391895036
[52 INFO root] 0.7767089605331421 0.2358902096748352 0.3818530026976109
[52 INFO root] 0.777229368686676 0.2360975295305252 0.40488544207268723
[52 INFO root] 0.777702808380127 0.23629902303218842 0.42543007024503665
[52 INFO root] 0.7781305909156799 0.23649170994758606 0.44371367927023464
[52 INFO root] 0.7785152196884155 0.23667359352111816 0.45996877843429423
[52 INFO root] 0.7788598537445068 0.2368435561656952 0.47442826914871433
[52 INFO root] 0.7791680693626404 0.2370012104511261 0.4873211918298592
[52 INFO root] 0.7794435620307922 0.23714673519134521 0.4988693304923113
[52 INFO root] 0.7796905636787415 0.23728090524673462 0.5093020262201342
[52 INFO root] 0.7799135446548462 0.23740507662296295 0.518876681736028
[52 INFO root] 0.7801164984703064 0.2375207096338272 0.5278244712068308
[52 INFO root] 0.7803030014038086 0.23762919008731842 0.5363391609266384
[52 INFO root] 0.7804757952690125 0.2377317100763321 0.5445790541146518
[52 INFO root] 0.7806372046470642 0.2378292828798294 0.5526694950668356
[52 INFO root] 0.7807889580726624 0.23792268335819244 0.5607057020617341
[52 INFO root] 0.7809321880340576 0.23801246285438538 0.5687557059030524
[52 INFO root] 0.7810677289962769 0.23809896409511566 0.5768634538044171
[52 INFO root] 0.781196117401123 0.23818233609199524 0.5850522462706567
[52 INFO root] 0.7813174724578857 0.23826256394386292 0.5933282775464813
[52 INFO root] 0.7814317941665649 0.23833951354026794 0.601684010704968
[52 INFO root] 0.7815389037132263 0.23841291666030884 0.6101036765079684
[52 INFO root] 0.7816385626792908 0.23848246037960052 0.6185652210118185
[52 INFO root] 0.7817305326461792 0.23854780197143555 0.6270406796593584
[52 INFO root] 0.781814455986023 0.2386084645986557 0.6354965675660627
[52 INFO root] 0.7818898558616638 0.23866398632526398 0.6438944133250872
[52 INFO root] 0.7819563150405884 0.23871377110481262 0.6521911063697018
[52 INFO root] 0.7820133566856384 0.23875723779201508 0.6603397058723758
[52 INFO root] 0.782060444355011 0.2387937754392624 0.6682907528114507
[52 INFO root] 0.7820972800254822 0.23882275819778442 0.6759937957695389
[52 INFO root] 0.782123327255249 0.2388436496257782 0.6833991331087996
[52 INFO root] 0.782138466835022 0.23885591328144073 0.690458830243078
[52 INFO root] 0.7821424603462219 0.23885919153690338 0.6971278598466848
[52 INFO root] 0.7821352481842041 0.23885317146778107 0.7033643388172063
[52 INFO root] 0.7821170091629028 0.23883768916130066 0.7091295147801873
[52 INFO root] 0.7820878624916077 0.23881271481513977 0.7143875348864572
[52 INFO root] 0.7820481657981873 0.23877830803394318 0.7191046791577925
[52 INFO root] 0.7819982171058655 0.238734632730484 0.72324875714442
[52 INFO root] 0.7819385528564453 0.23868197202682495 0.7267882276707832
[52 INFO root] 0.7818695306777954 0.23862066864967346 0.7296917190298932
[52 INFO root] 0.7817917466163635 0.23855111002922058 0.7319272766729507
[52 INFO root] 0.7817056179046631 0.2384737879037857 0.7334622359234377
[52 INFO root] 0.7816118001937866 0.238389253616333 0.7342629486544394
[52 INFO root] 0.7815107703208923 0.23829808831214905 0.7342951877616167
[52 INFO root] 0.7814031839370728 0.23820099234580994 0.73352438287538
[52 INFO root] 0.7812896966934204 0.23809866607189178 0.7319164607426834
[52 INFO root] 0.7811709642410278 0.23799198865890503 0.7294386787658812
[52 INFO root] 0.7810478210449219 0.2378818541765213 0.7260605742131584
[52 INFO root] 0.7809211015701294 0.2377692610025406 0.721755066744801
[52 INFO root] 0.7807917594909668 0.23765532672405243 0.7164992709796608
[52 INFO root] 0.78066086769104 0.23754118382930756 0.7102751610755911
[52 INFO root] 0.7805294394493103 0.23742803931236267 0.703069835749811
[52 INFO root] 0.7803987264633179 0.23731710016727448 0.6948751119259732
[52 INFO root] 0.7802699208259583 0.2372095137834549 0.6856868666938181
[52 INFO root] 0.7801440954208374 0.23710639774799347 0.6755035578534997
[52 INFO root] 0.7800225019454956 0.23700875043869019 0.6643242023655856
[52 INFO root] 0.779906153678894 0.2369173914194107 0.6521463031938922
[52 INFO root] 0.7797959446907043 0.23683302104473114 0.638963276697289
[52 INFO root] 0.7796927690505981 0.23675617575645447 0.6247621019509956
[52 INFO root] 0.7795974612236023 0.23668718338012695 0.6095214014752056
[52 INFO root] 0.7795105576515198 0.2366262972354889 0.5932098965592801
[52 INFO root] 0.7794326543807983 0.23657359182834625 0.5757851614332214
[52 INFO root] 0.7793644666671753 0.23652911186218262 0.5571931328864407
[52 INFO root] 0.7793064117431641 0.23649278283119202 0.5373681873194135
[52 INFO root] 0.7792593836784363 0.23646461963653564 0.5162350743079469
[52 INFO root] 0.7792243957519531 0.2364446073770523 0.49371210057325204
[52 INFO root] 0.7792025804519653 0.23643279075622559 0.46971342466173915
[52 INFO root] 0.7791954278945923 0.2364290952682495 0.44415200253240766
[52 INFO root] 0.7792046070098877 0.23643344640731812 0.4169429973424052
[52 INFO root] 0.7792320847511292 0.23644563555717468 0.38800731262446386
[52 INFO root] 0.7792800664901733 0.23646533489227295 0.35727550778368683
[52 INFO root] 0.7793509364128113 0.23649199306964874 0.324692187893993
[52 INFO root] 0.7794474959373474 0.23652474582195282 0.2902209576651779
[52 INFO root] 0.7795724272727966 0.23656243085861206 0.2538499394396636
[52 INFO root] 0.7797284722328186 0.23660342395305634 0.21559756713696743
[52 INFO root] 0.7799180746078491 0.23664559423923492 0.17551838576580928
[52 INFO root] 0.7801432609558105 0.2366863340139389 0.13370819984766322
[52 INFO root] 0.7804052233695984 0.23672254383563995 0.09030561644596127
[52 INFO root] 0.7807039022445679 0.2367507666349411 0.04549448622894444
[52 INFO root] 0.7810379266738892 0.23676733672618866 -0.000497507763920331
[52 INFO root] 0.7814040780067444 0.2367687076330185 -0.04740609998218756
[52 INFO root] 0.7817971706390381 0.23675177991390228 -0.09494303366745853
[52 INFO root] 0.7822101712226868 0.23671434819698334 -0.14281347449388698
[52 INFO root] 0.7826344966888428 0.2366553395986557 -0.1907369051709414
[52 INFO root] 0.7830603718757629 0.23657521605491638 -0.23846898974141512
[52 INFO root] 0.7834776043891907 0.23647591471672058 -0.2858212398588975
[52 INFO root] 0.7838764786720276 0.2363608181476593 -0.3326757069407579
[52 INFO root] 0.7842484712600708 0.23623432219028473 -0.37899293835515874
[52 INFO root] 0.7845869064331055 0.23610149323940277 -0.4248123805959804
[52 INFO root] 0.7848873138427734 0.23596742749214172 -0.47024625619960786
[52 INFO root] 0.7851475477218628 0.23583680391311646 -0.5154685468903403
[52 INFO root] 0.7853679060935974 0.23571346700191498 -0.5607013554555613
[52 INFO root] 0.7856010794639587 0.23556837439537048 -0.6039856879906841
[52 INFO root] 0.7858709096908569 0.23538365960121155 -0.6436213600655617
[52 INFO root] 0.7861535549163818 0.23517325520515442 -0.6798088036621097
[52 INFO root] 0.7864274382591248 0.23495349287986755 -0.7131705514057988
[52 INFO root] 0.7866795063018799 0.23473702371120453 -0.7443627638880547
[52 INFO root] 0.7869030237197876 0.23453254997730255 -0.7740015998995903
[52 INFO root] 0.7870957255363464 0.23434539139270782 -0.8026441932745286
[52 INFO root] 0.7872583866119385 0.23417812585830688 -0.8307868093843447
[52 INFO root] 0.7874362468719482 0.2339843213558197 -0.8589108159265613
[52 INFO root] 0.787629246711731 0.233761727809906 -0.8873390433321207
[52 INFO root] 0.787833034992218 0.23351289331912994 -0.916350392900785
[52 INFO root] 0.7880443930625916 0.23323890566825867 -0.946188508489716
[52 INFO root] 0.7882615327835083 0.23293949663639069 -0.9770650968663537
[52 INFO root] 0.788483202457428 0.23261314630508423 -1.0091647234987269
[52 INFO root] 0.7887086272239685 0.23225732147693634 -1.042646554408124
[52 INFO root] 0.7889370918273926 0.2318684607744217 -1.0776447693345697
[52 INFO root] 0.7891680598258972 0.2314421683549881 -1.1142666304553925
[52 INFO root] 0.7894003391265869 0.2309732437133789 -1.1525896890281577
[52 INFO root] 0.7896324396133423 0.2304558902978897 -1.19265599089812
[52 INFO root] 0.7898621559143066 0.2298838496208191 -1.2344662583516133
[52 INFO root] 0.7900863289833069 0.22925062477588654 -1.2779723088026405
[52 INFO root] 0.7903006672859192 0.22854983806610107 -1.3230684983115177
[52 INFO root] 0.7904999852180481 0.22777530550956726 -1.3694970038014436
[52 INFO root] 0.7906779646873474 0.2269219011068344 -1.4168095113175752
[52 INFO root] 0.7908272743225098 0.22598695755004883 -1.464480868561613
[52 INFO root] 0.7909403443336487 0.2249707579612732 -1.511947594659195
[52 INFO root] 0.7910093665122986 0.22388237714767456 -1.5586477249455972
[52 INFO root] 0.7910283803939819 0.22273693978786469 -1.6040701327985494
[52 INFO root] 0.7909941673278809 0.22155135869979858 -1.6477758074954403
[52 INFO root] 0.7909061312675476 0.22034257650375366 -1.689406565980649
[52 INFO root] 0.7907662987709045 0.21912668645381927 -1.7286869238887903
[52 INFO root] 0.7905787825584412 0.21791835129261017 -1.7654150421447747
[52 INFO root] 0.7903492450714111 0.2167305201292038 -1.7994146395956532
[52 INFO root] 0.7900843620300293 0.21557410061359406 -1.830571734176998
[52 INFO root] 0.789791464805603 0.21445776522159576 -1.8588345563291169
[52 INFO root] 0.7894779443740845 0.21338799595832825 -1.8842012026684543
[52 INFO root] 0.7891507148742676 0.21236923336982727 -1.9067067366806985
[52 INFO root] 0.7888163328170776 0.2114042192697525 -1.9264110637475746
[52 INFO root] 0.7884804606437683 0.21049414575099945 -1.9433892905960204
[52 INFO root] 0.7881479859352112 0.20963898301124573 -1.957725725839048
[52 INFO root] 0.7878227233886719 0.20883725583553314 -1.969560493498835
[52 INFO root] 0.7875075936317444 0.208086758852005 -1.9790361234402192
[52 INFO root] 0.7872048616409302 0.2073848396539688 -1.9862818672999722
[52 INFO root] 0.7869159579277039 0.20672860741615295 -1.9914120555444645
[52 INFO root] 0.7866418957710266 0.20611509680747986 -1.9945261031555208
[52 INFO root] 0.786383330821991 0.20554138720035553 -1.9957095439578685
[52 INFO root] 0.7861405611038208 0.20500464737415314 -1.9950359612338666
[52 INFO root] 0.7859136462211609 0.20450237393379211 -1.9925697645830631
[52 INFO root] 0.785702645778656 0.20403234660625458 -1.988370372341861
[52 INFO root] 0.7855073809623718 0.20359283685684204 -1.9824952443625776
[52 INFO root] 0.7853279113769531 0.20318247377872467 -1.9750010239169344
[52 INFO root] 0.7851640582084656 0.20280024409294128 -1.9659443325347672
[52 INFO root] 0.7850156426429749 0.20244546234607697 -1.9553803240780936
[52 INFO root] 0.7848824858665466 0.20211753249168396 -1.9433607591398017
[52 INFO root] 0.7847641706466675 0.2018158733844757 -1.9299320963953635
[52 INFO root] 0.7846600413322449 0.2015397548675537 -1.9151334032160663
[52 INFO root] 0.7845693230628967 0.20128808915615082 -1.8989940787854815
[52 INFO root] 0.7844910025596619 0.20105941593647003 -1.8815325951931423
[52 INFO root] 0.7844238877296448 0.20085179805755615 -1.8627561897619287
[52 INFO root] 0.7843668460845947 0.20066343247890472 -1.8426546881439148
[52 INFO root] 0.784318745136261 0.200492262840271 -1.821204780226933
[52 INFO root] 0.784278392791748 0.20033596456050873 -1.7983708819360935
[52 INFO root] 0.7842445969581604 0.20019181072711945 -1.7741064663287431
[52 INFO root] 0.7842164039611816 0.20005671679973602 -1.7483562948262006
[52 INFO root] 0.7841928005218506 0.19992728531360626 -1.7210595788371554
[52 INFO root] 0.7841731309890747 0.19979976117610931 -1.6921525737073846
[52 INFO root] 0.7841569781303406 0.19967012107372284 -1.6615721811887945
[52 INFO root] 0.7841441631317139 0.199534073472023 -1.6292594921703578
[52 INFO root] 0.784135103225708 0.1993871033191681 -1.5951633931650875
[52 INFO root] 0.7841306328773499 0.1992245614528656 -1.5592453156753674
[52 INFO root] 0.784132182598114 0.19904161989688873 -1.5214838882436608
[52 INFO root] 0.7841417193412781 0.19883348047733307 -1.4818802051448425
[52 INFO root] 0.7841621041297913 0.19859540462493896 -1.4404632755113846
[52 INFO root] 0.7841968536376953 0.19832292199134827 -1.3972964510662906
[52 INFO root] 0.7842501401901245 0.19801196455955505 -1.3524831124697971
[52 INFO root] 0.7843269109725952 0.19765913486480713 -1.3061719014114819
[52 INFO root] 0.7844328284263611 0.19726192951202393 -1.2585618355271955
[52 INFO root] 0.7845737338066101 0.1968189775943756 -1.2099065866818108
[52 INFO root] 0.7847557067871094 0.19633027911186218 -1.1605162272959464
[52 INFO root] 0.7849846482276917 0.1957973688840866 -1.1107577098858636
[52 INFO root] 0.7852658033370972 0.19522346556186676 -1.0610525852060275
[52 INFO root] 0.7856031060218811 0.19461342692375183 -1.011871395735917
[52 INFO root] 0.7859991788864136 0.19397366046905518 -0.9637239615007579
[52 INFO root] 0.786454439163208 0.19331181049346924 -0.9171472783536037
[52 INFO root] 0.7869670987129211 0.19263635575771332 -0.8726888617437795
[52 INFO root] 0.7875329256057739 0.19195613265037537 -0.8308882582184592
[52 INFO root] 0.7881453633308411 0.19127972424030304 -0.792257277395319
[52 INFO root] 0.7887961268424988 0.1906149536371231 -0.7572610220470227
[52 INFO root] 0.7894753217697144 0.18996843695640564 -0.7263024219320835
[52 INFO root] 0.7901726365089417 0.18934518098831177 -0.6997103871186546
[52 INFO root] 0.7908764481544495 0.18874946236610413 -0.6776412790198842
[52 INFO root] 0.7915742993354797 0.18818524479866028 -0.6599741713477966
[52 INFO root] 0.7922560572624207 0.18765413761138916 -0.6465048713717547
[52 INFO root] 0.792914628982544 0.18715569376945496 -0.6370142989143769
[52 INFO root] 0.7935453653335571 0.18668800592422485 -0.6312876277154839
[52 INFO root] 0.7941460013389587 0.18624836206436157 -0.6291239719877189
[52 INFO root] 0.7947157025337219 0.18583351373672485 -0.6303428276958429
[52 INFO root] 0.7952551245689392 0.1854400336742401 -0.6347865945560573
[52 INFO root] 0.79576575756073 0.18506434559822083 -0.6423215134571656
[52 INFO root] 0.7962509989738464 0.18470190465450287 -0.6528087342680182
[52 INFO root] 0.7967146039009094 0.1843482106924057 -0.6661301964227724
[52 INFO root] 0.797160267829895 0.18399889767169952 -0.6821932604861309
[52 INFO root] 0.7975916266441345 0.1836497038602829 -0.700928185201727
[52 INFO root] 0.798011839389801 0.18329641222953796 -0.7222855608551221
[52 INFO root] 0.7984241247177124 0.1829347163438797 -0.7462330453168587
[52 INFO root] 0.7988311648368835 0.18256017565727234 -0.772752259449248
[52 INFO root] 0.7992354035377502 0.18216808140277863 -0.8018347322458954
[52 INFO root] 0.7996389269828796 0.18175342679023743 -0.8334781996096494
[52 INFO root] 0.8000433444976807 0.18131081759929657 -0.8676821081110113
[52 INFO root] 0.8004499077796936 0.18083439767360687 -0.904441946481388
[52 INFO root] 0.8008590340614319 0.18031784892082214 -0.9437429099641422
[52 INFO root] 0.8012704849243164 0.17975440621376038 -0.9855514086644136
[52 INFO root] 0.8016831874847412 0.1791369915008545 -1.0298063053547202
[52 INFO root] 0.8020947575569153 0.1784583330154419 -1.0764097168720341
[52 INFO root] 0.8025016784667969 0.17771127820014954 -1.125216947807152
[52 INFO root] 0.8028989434242249 0.17688921093940735 -1.1760280874917532
[52 INFO root] 0.8032801151275635 0.17598654329776764 -1.2285810607303185
[52 INFO root] 0.8036372661590576 0.17499931156635284 -1.282548290189564
[52 INFO root] 0.8039615154266357 0.17392590641975403 -1.3375379192286259
[52 INFO root] 0.8042430281639099 0.17276765406131744 -1.3931020899066442
[52 INFO root] 0.8044722080230713 0.17152933776378632 -1.4487509049874916
[52 INFO root] 0.804639995098114 0.1702193170785904 -1.5039744151782877
[52 INFO root] 0.8047389984130859 0.16884960234165192 -1.5582671257243705
[52 INFO root] 0.8047642111778259 0.16743521392345428 -1.6111559526998307
[52 INFO root] 0.8047134876251221 0.16599337756633759 -1.6622277472221993
[52 INFO root] 0.8045878410339355 0.16454225778579712 -1.711151029349479
[52 INFO root] 0.8043912053108215 0.1630997657775879 -1.7576891519691558
[52 INFO root] 0.8041300773620605 0.1616823822259903 -1.801703621219741
[52 INFO root] 0.8038126230239868 0.16030433773994446 -1.8431488567890235
[52 INFO root] 0.8034480214118958 0.15897706151008606 -1.8820598422823807
[52 INFO root] 0.8030456304550171 0.1577090322971344 -1.9185362495570648
[52 INFO root] 0.802614688873291 0.15650583803653717 -1.9527252911954485
[52 INFO root] 0.8021633625030518 0.15537048876285553 -1.9848063715511899
[52 INFO root] 0.8016989231109619 0.15430383384227753 -2.014976956314472
[52 INFO root] 0.8012274503707886 0.15330499410629272 -2.0434424571509937
[52 INFO root] 0.8007538318634033 0.15237180888652802 -2.0704088471346447
[52 INFO root] 0.800281822681427 0.15150120854377747 -2.096077977185845
[52 INFO root] 0.7998143434524536 0.15068955719470978 -2.1206450704203648
[52 INFO root] 0.7993532419204712 0.14993292093276978 -2.144298248502458
[52 INFO root] 0.7988999485969543 0.14922721683979034 -2.1672183705522348
[52 INFO root] 0.798454999923706 0.14856840670108795 -2.1895805007761378
[52 INFO root] 0.7980186343193054 0.147952601313591 -2.2115544810409293
[52 INFO root] 0.7975907921791077 0.14737607538700104 -2.2333063405088853
[52 INFO root] 0.797170877456665 0.1468353271484375 -2.2549993471541065
[52 INFO root] 0.7967578172683716 0.14632654190063477 -2.276783627308167
[52 INFO root] 0.7963494658470154 0.14584536850452423 -2.298785464361686
[52 INFO root] 0.7959434390068054 0.14538781344890594 -2.3211175493178846
[52 INFO root] 0.7955375909805298 0.14495043456554413 -2.3438818911947585
[52 INFO root] 0.795129656791687 0.14453035593032837 -2.367170307327665
[52 INFO root] 0.7947174310684204 0.14412520825862885 -2.3910638514497027
[52 INFO root] 0.7942990660667419 0.14373311400413513 -2.4156322470606453
[52 INFO root] 0.7938725352287292 0.14335262775421143 -2.4409336659116816
[52 INFO root] 0.7934361696243286 0.14298272132873535 -2.4670136390136226
[52 INFO root] 0.7929884195327759 0.142622709274292 -2.493904697342223
[52 INFO root] 0.7925277948379517 0.14227229356765747 -2.5216258728723275
[52 INFO root] 0.7920531630516052 0.1419314742088318 -2.5501825279654273
[52 INFO root] 0.7915633916854858 0.14160054922103882 -2.579566556286751
[52 INFO root] 0.7910577654838562 0.14128005504608154 -2.609756293927107
[52 INFO root] 0.7905356287956238 0.14097076654434204 -2.6407170660132375
[52 INFO root] 0.789996862411499 0.1406736522912979 -2.672401611635953
[52 INFO root] 0.7894412875175476 0.1403898447751999 -2.7047511628864567
[52 INFO root] 0.788869321346283 0.14012055099010468 -2.737696248252268
[52 INFO root] 0.7882815599441528 0.13986706733703613 -2.7711582356524422
[52 INFO root] 0.7876790165901184 0.1396307498216629 -2.805050810579245
[52 INFO root] 0.787060022354126 0.13941186666488647 -2.839301174607728
[52 INFO root] 0.7863830924034119 0.1391984075307846 -2.8740340237689055
[52 INFO root] 0.7856441140174866 0.1389932483434677 -2.909029275982696
[52 INFO root] 0.7848472595214844 0.13880175352096558 -2.9438340032782473
[52 INFO root] 0.7840009927749634 0.1386292427778244 -2.9778323264427042
[52 INFO root] 0.7831087112426758 0.1384788155555725 -3.0108003224762756
[52 INFO root] 0.7821739912033081 0.13835284113883972 -3.042553938895191
[52 INFO root] 0.781201183795929 0.13825315237045288 -3.0729080273469194
[52 INFO root] 0.7801949381828308 0.1381809413433075 -3.1016811418785992
[52 INFO root] 0.7791606187820435 0.13813672959804535 -3.1287002567376874
[52 INFO root] 0.7781037092208862 0.13812029361724854 3.129380104042924
[52 INFO root] 0.7770301103591919 0.13813075423240662 3.1063327830155574
[52 INFO root] 0.7759456038475037 0.13816653192043304 3.085466807524555
[52 INFO root] 0.7748558521270752 0.1382254809141159 3.066884130412031
[52 INFO root] 0.7737661600112915 0.13830500841140747 3.050663962228493
[52 INFO root] 0.772763729095459 0.13839463889598846 3.035045841365219
[52 INFO root] 0.7718745470046997 0.13848815858364105 3.0192737418298417
[52 INFO root] 0.7710903286933899 0.13858316838741302 3.003256403264361
[52 INFO root] 0.7704000473022461 0.13867801427841187 2.986956970987903
[52 INFO root] 0.7697938084602356 0.13877138495445251 2.9703315969218154
[52 INFO root] 0.7692623138427734 0.13886228203773499 2.95333024520102
[52 INFO root] 0.7687973976135254 0.1389499455690384 2.935897634436114
[52 INFO root] 0.7683913707733154 0.13903382420539856 2.917974028100944
[52 INFO root] 0.7680375576019287 0.13911354541778564 2.8994959725482574
[52 INFO root] 0.7677189707756042 0.13919152319431305 2.879533554592652
[52 INFO root] 0.7674288749694824 0.1392686665058136 2.857957192864383
[52 INFO root] 0.7671623826026917 0.1393456757068634 2.834760608820974
[52 INFO root] 0.7669152617454529 0.13942329585552216 2.809932509805243
[52 INFO root] 0.7666833996772766 0.13950248062610626 2.783455124357663
[52 INFO root] 0.7664629220962524 0.13958431780338287 2.7553063950356824
[52 INFO root] 0.7662501335144043 0.13967016339302063 2.725462403308662
[52 INFO root] 0.7660413980484009 0.13976165652275085 2.6939001563039215
[52 INFO root] 0.76583331823349 0.13986077904701233 2.660600838470525
[52 INFO root] 0.7656224370002747 0.13996994495391846 2.625553616127533
[52 INFO root] 0.765405535697937 0.14009204506874084 2.588760053396425
[52 INFO root] 0.7651795148849487 0.1402304470539093 2.550239148382353
[52 INFO root] 0.7649413347244263 0.14038914442062378 2.5100329234160776
[52 INFO root] 0.7646884322166443 0.1405726820230484 2.468212399851694
[52 INFO root] 0.7644187211990356 0.14078618586063385 2.424883658561305
[52 INFO root] 0.7641305923461914 0.14103521406650543 2.3801935422408387
[52 INFO root] 0.7638232707977295 0.14132574200630188 2.3343344158859725
[52 INFO root] 0.763496994972229 0.14166377484798431 2.287547299015477
[52 INFO root] 0.7631529569625854 0.1420552283525467 2.2401226559476117
[52 INFO root] 0.7627936005592346 0.14250542223453522 2.1923982150106784
[52 INFO root] 0.7624224424362183 0.14301879703998566 2.144753405098466
[52 INFO root] 0.7620440721511841 0.14359842240810394 2.0976003413124156
[52 INFO root] 0.7616637349128723 0.14424574375152588 2.0513717181338857
[52 INFO root] 0.7612873315811157 0.14496025443077087 2.0065064051649744
[52 INFO root] 0.760920524597168 0.14573945105075836 1.9634338989298776
[52 INFO root] 0.7605688571929932 0.14657889306545258 1.9225589858984355
[52 INFO root] 0.760236918926239 0.14747238159179688 1.8842479702135508
[52 INFO root] 0.7599284052848816 0.14841237664222717 1.8488176132095637
[52 INFO root] 0.7596455812454224 0.14939048886299133 1.8165275640601346
[52 INFO root] 0.7593895196914673 0.1503978967666626 1.7875766069890713
[52 INFO root] 0.759160041809082 0.15142586827278137 1.7621025970838933
[52 INFO root] 0.7589557766914368 0.15246622264385223 1.7401855805852364
[52 INFO root] 0.7587746381759644 0.15351159870624542 1.7218533469263382
[52 INFO root] 0.7586137652397156 0.15455570816993713 1.7070885554024262
[52 INFO root] 0.758469820022583 0.155593603849411 1.6958033432427595
[52 INFO root] 0.7583394646644592 0.1566217690706253 1.687846106872572
[52 INFO root] 0.7582191228866577 0.15763789415359497 1.6830367920962337
[52 INFO root] 0.7581055760383606 0.1586407721042633 1.6811841193399666
[52 INFO root] 0.7579951882362366 0.15963543951511383 1.6810282262315808
[52 INFO root] 0.7578851580619812 0.16062936186790466 1.6810282262315808
[52 INFO root] 0.7577751278877258 0.1616232991218567 1.6810282262315808
[52 INFO root] 0.7576650977134705 0.16261723637580872 1.6810282262315808
[52 INFO root] 0.7575551271438599 0.16361115872859955 1.6810282262315808
[52 INFO root] 0.7574450969696045 0.16460509598255157 1.6810282262315808
[52 INFO root] 0.7573350667953491 0.1655990183353424 1.6810282262315808
[52 INFO root] 0.7572250962257385 0.16659295558929443 1.6810282262315808
[52 INFO root] 0.7571150660514832 0.16758687794208527 1.6810282262315808
[52 INFO root] 0.7570050954818726 0.1685808151960373 1.6810282262315808
[52 INFO root] 0.7568950653076172 0.16957473754882812 1.6810282262315808
[52 INFO root] 0.7567850351333618 0.17056867480278015 1.6810282262315808
[52 INFO root] 0.7566750645637512 0.17156261205673218 1.6810282262315808
[52 INFO root] 0.7565650343894958 0.172556534409523 1.6810282262315808
[52 INFO root] 0.7564550042152405 0.17355047166347504 1.6810282262315808
[52 INFO root] 0.7563450336456299 0.17454439401626587 1.6810282262315808
[52 INFO root] 0.7562350034713745 0.1755383312702179 1.6810282262315808
[52 INFO root] 0.7561249732971191 0.17653225362300873 1.6810282262315808
[52 INFO root] 0.7560150027275085 0.17752619087696075 1.6810282262315808
[52 INFO root] 0.7559049725532532 0.1785201132297516 1.6810282262315808
[52 INFO root] 0.7557949423789978 0.1795140504837036 1.6810282262315808
[52 INFO root] 0.7556849718093872 0.18050798773765564 1.6810282262315808
[52 INFO root] 0.7555749416351318 0.18150191009044647 1.6810282262315808
[52 INFO root] 0.7554649710655212 0.1824958473443985 1.6810282262315808
[52 INFO root] 0.7553549408912659 0.18348976969718933 1.6810282262315808
[52 INFO root] 0.7552449107170105 0.18448370695114136 1.6810282262315808
[52 INFO root] 0.7551349401473999 0.1854776293039322 1.6810282262315808
[52 INFO root] 0.7550249099731445 0.18647156655788422 1.6810282262315808
[52 INFO root] 0.7549148797988892 0.18746548891067505 1.6810282262315808
[52 INFO root] 0.7548049092292786 0.18845942616462708 1.6810282262315808
[52 INFO root] 0.7546948790550232 0.1894533634185791 1.6810282262315808
[52 INFO root] 0.7545848488807678 0.19044728577136993 1.6810282262315808
[52 INFO root] 0.7544748783111572 0.19144122302532196 1.6810282262315808
[52 INFO root] 0.7543648481369019 0.1924351453781128 1.6810282262315808
[52 INFO root] 0.7542548179626465 0.19342908263206482 1.6810282262315808
[52 INFO root] 0.7541448473930359 0.19442300498485565 1.6810282262315808
[52 INFO root] 0.7540348172187805 0.19541694223880768 1.6810282262315808
[52 INFO root] 0.7539248466491699 0.1964108645915985 1.6810282262315808
[52 INFO root] 0.7538148164749146 0.19740480184555054 1.6810282262315808
[52 INFO root] 0.7537047863006592 0.19839872419834137 1.6810282262315808
[52 INFO root] 0.7535948157310486 0.1993926614522934 1.6810282262315808
[52 INFO root] 0.7534847855567932 0.20038659870624542 1.6810282262315808
[52 INFO root] 0.7533747553825378 0.20138052105903625 1.6810282262315808
[52 INFO root] 0.7532647848129272 0.20237445831298828 1.6810282262315808
[52 INFO root] 0.7531547546386719 0.2033683806657791 1.6810282262315808
[52 INFO root] 0.7530447244644165 0.20436231791973114 1.6810282262315808
[52 INFO root] 0.7529347538948059 0.20535624027252197 1.6810282262315808
[52 INFO root] 0.7528247237205505 0.206350177526474 1.6810282262315808
[52 INFO root] 0.7527147531509399 0.20734409987926483 1.6810282262315808
[52 INFO root] 0.7526047229766846 0.20833803713321686 1.6810282262315808
[52 INFO root] 0.7524946928024292 0.20933197438716888 1.6810282262315808
[52 INFO root] 0.7523847222328186 0.21032589673995972 1.6810282262315808
[52 INFO root] 0.7522746920585632 0.21131983399391174 1.6810282262315808
[52 INFO root] 0.7521646618843079 0.21231375634670258 1.6810282262315808
[52 INFO root] 0.7520546913146973 0.2133076936006546 1.6810282262315808
[52 INFO root] 0.7519446611404419 0.21430161595344543 1.6810282262315808
[52 INFO root] 0.7518346309661865 0.21529555320739746 1.6810282262315808
[52 INFO root] 0.7517246603965759 0.2162894755601883 1.6810282262315808
[52 INFO root] 0.7516146302223206 0.21728341281414032 1.6810282262315808
[52 INFO root] 0.7515046000480652 0.21827735006809235 1.6810282262315808
[52 INFO root] 0.7513946294784546 0.21927127242088318 1.6810282262315808
[52 INFO root] 0.7512845993041992 0.2202652096748352 1.6810282262315808
[52 INFO root] 0.7511746287345886 0.22125913202762604 1.6810282262315808
[52 INFO root] 0.7510645985603333 0.22225306928157806 1.6810282262315808
[52 INFO root] 0.7509545683860779 0.2232469916343689 1.6810282262315808
[52 INFO root] 0.7508445978164673 0.22424092888832092 1.6810282262315808
[52 INFO root] 0.7507345676422119 0.22523485124111176 1.6810282262315808
[52 INFO root] 0.7506245374679565 0.22622878849506378 1.6810282262315808
[52 INFO root] 0.750514566898346 0.2272227257490158 1.6810282262315808
[52 INFO root] 0.7504045367240906 0.22821664810180664 1.6810282262315808
[52 INFO root] 0.7502945065498352 0.22921058535575867 1.6810282262315808
[52 INFO root] 0.7501845359802246 0.2302045077085495 1.6810282262315808
[52 INFO root] 0.7500745058059692 0.23119844496250153 1.6810282262315808
[52 INFO root] 0.7499644756317139 0.23219236731529236 1.6810282262315808
[52 INFO root] 0.7498545050621033 0.23318630456924438 1.6810282262315808
[52 INFO root] 0.7497444748878479 0.23418022692203522 1.6810282262315808
[52 INFO root] 0.7496345043182373 0.23517416417598724 1.6810282262315808
[52 INFO root] 0.7495244741439819 0.23616810142993927 1.6810282262315808
[52 INFO root] 0.7494144439697266 0.2371620237827301 1.6810282262315808
[52 INFO root] 0.749304473400116 0.23815596103668213 1.6810282262315808
[52 INFO root] 0.7491944432258606 0.23914988338947296 1.6810282262315808
[52 INFO root] 0.7490844130516052 0.240143820643425 1.6810282262315808
[52 INFO root] 0.7489744424819946 0.24113774299621582 1.6810282262315808
[52 INFO root] 0.7488644123077393 0.24213168025016785 1.6810282262315808
[52 INFO root] 0.7487543821334839 0.24312560260295868 1.6810282262315808
[52 INFO root] 0.7486444115638733 0.2441195398569107 1.6810282262315808
[52 INFO root] 0.7485343813896179 0.24511346220970154 1.6810282262315808
[52 INFO root] 0.7484243512153625 0.24610739946365356 1.6810282262315808
[52 INFO root] 0.748314380645752 0.2471013367176056 1.6810282262315808
[52 INFO root] 0.7482043504714966 0.24809525907039642 1.6810282262315808
[52 INFO root] 0.748094379901886 0.24908919632434845 1.6810282262315808
[52 INFO root] 0.7479843497276306 0.2500831186771393 1.6810282262315808
[52 INFO root] 0.7478743195533752 0.2510770559310913 1.6810282262315808
[52 INFO root] 0.7477643489837646 0.25207099318504333 1.6810282262315808
[52 INFO root] 0.7476543188095093 0.253064900636673 1.6810282262315808
[52 INFO root] 0.7475442886352539 0.254058837890625 1.6810282262315808
[52 INFO root] 0.7474343180656433 0.255052775144577 1.6810282262315808
[52 INFO root] 0.7473242878913879 0.25604671239852905 1.6810282262315808
[52 INFO root] 0.7472142577171326 0.2570406496524811 1.6810282262315808
[52 INFO root] 0.747104287147522 0.2580345571041107 1.6810282262315808
[52 INFO root] 0.7469942569732666 0.25902849435806274 1.6810282262315808
[52 INFO root] 0.746884286403656 0.26002243161201477 1.6810282262315808
[52 INFO root] 0.7467742562294006 0.2610163688659668 1.6810282262315808
[52 INFO root] 0.7466642260551453 0.26201027631759644 1.6810282262315808
[52 INFO root] 0.7465542554855347 0.26300421357154846 1.6810282262315808
[52 INFO root] 0.7464442253112793 0.2639981508255005 1.6810282262315808
[52 INFO root] 0.7463341951370239 0.2649920880794525 1.6810282262315808
[52 INFO root] 0.7462242245674133 0.26598602533340454 1.6810282262315808
[52 INFO root] 0.746114194393158 0.2669799327850342 1.6810282262315808
[52 INFO root] 0.7460041642189026 0.2679738700389862 1.6810282262315808
[52 INFO root] 0.745894193649292 0.26896780729293823 1.6810282262315808
[52 INFO root] 0.7457841634750366 0.26996174454689026 1.6810282262315808
[52 INFO root] 0.7456755042076111 0.2709437608718872 1.6808923150456512
[52 INFO root] 0.7455688118934631 0.2719084620475769 1.6805591952592869
[52 INFO root] 0.7454642653465271 0.2728566527366638 1.6800380716409196
[52 INFO root] 0.7453619241714478 0.27378982305526733 1.6793450719245888
[52 INFO root] 0.7452616095542908 0.27470943331718445 1.6784957475021705
[52 INFO root] 0.7451634407043457 0.2756168842315674 1.6775051632233835
[52 INFO root] 0.745067298412323 0.27651360630989075 1.6763880776951645
[52 INFO root] 0.7449731230735779 0.27740100026130676 1.6751590978112632
[52 INFO root] 0.7448809146881104 0.2782805263996124 1.6738327981996017
[52 INFO root] 0.7447904944419861 0.2791535556316376 1.6724238189335392
[52 INFO root] 0.7447018623352051 0.2800215482711792 1.670946939651624
[52 INFO root] 0.7446148991584778 0.2808859050273895 1.6694171322268894
[52 INFO root] 0.7445294260978699 0.2817480266094208 1.667849589871308
[52 INFO root] 0.7444454431533813 0.28260934352874756 1.666259736656419
[52 INFO root] 0.7443627715110779 0.2834712564945221 1.6646632142699291
[52 INFO root] 0.7442812919616699 0.2843351364135742 1.6630758455081296
[52 INFO root] 0.7442009449005127 0.28520235419273376 1.6615135715572615
[52 INFO root] 0.7441214919090271 0.2860741913318634 1.6599923675812136
[52 INFO root] 0.7440428137779236 0.2869518995285034 1.6585281313733085
[52 INFO root] 0.7439649105072021 0.2878367304801941 1.6571365452039064
[52 INFO root] 0.7438874840736389 0.28872978687286377 1.6558329123917697
[52 INFO root] 0.7438104152679443 0.28963205218315125 1.654631967952468
[52 INFO root] 0.7437336444854736 0.2905445098876953 1.653547668337412
[52 INFO root] 0.7436569333076477 0.29146793484687805 1.6525929588087913
[52 INFO root] 0.7435802221298218 0.2924029529094696 1.6517795271562694
[52 INFO root] 0.7435032725334167 0.29335013031959534 1.6511175477334152
[52 INFO root] 0.7434259653091431 0.2943097949028015 1.6506154242340838
[52 INFO root] 0.7433481216430664 0.2952820658683777 1.6502795400401302
[52 INFO root] 0.743269681930542 0.29626697301864624 1.6501140266631567
[52 INFO root] 0.7431907057762146 0.29725968837738037 1.6504964990038247
[52 INFO root] 0.7431119680404663 0.2982465326786041 1.651774513687304
[52 INFO root] 0.7430325746536255 0.2992260754108429 1.6539798210842582
[52 INFO root] 0.7429517507553101 0.3001983165740967 1.6571067636107062
[52 INFO root] 0.7428685426712036 0.3011634349822998 1.6611479143448966
[52 INFO root] 0.7427821159362793 0.3021216094493866 1.6660939516206474
[52 INFO root] 0.7426916360855103 0.30307310819625854 1.671933877742964
[52 INFO root] 0.7425962686538696 0.3040182888507843 1.6786550684605592
[52 INFO root] 0.7424952387809753 0.3049575388431549 1.6862432845895312
[52 INFO root] 0.7423876523971558 0.3058913052082062 1.6946827658860917
[52 INFO root] 0.7422727942466736 0.3068200647830963 1.703955885470853
[52 INFO root] 0.7421498894691467 0.3077442944049835 1.7140435047171805
[52 INFO root] 0.7420181035995483 0.30866459012031555 1.7249247458339385
[52 INFO root] 0.7418766617774963 0.309581458568573 1.7365768189853654
[52 INFO root] 0.7417248487472534 0.3104954957962036 1.7489749528442193
[52 INFO root] 0.7415618300437927 0.311407208442688 1.7620925376350745
[52 INFO root] 0.7413868308067322 0.3123171925544739 1.7759006214882143
[52 INFO root] 0.7411990761756897 0.31322595477104187 1.7903680172636725
[52 INFO root] 0.7409977912902832 0.31413397192955017 1.8054611387138684
[52 INFO root] 0.7407822608947754 0.31504175066947937 1.8211438778979103
[52 INFO root] 0.7405515909194946 0.3159496486186981 1.8373777372250129
[52 INFO root] 0.7403051257133484 0.3168580234050751 1.854121159025959
[52 INFO root] 0.7400420308113098 0.3177672028541565 1.871330079595934
[52 INFO root] 0.7397616505622864 0.3186773657798767 1.8889574911575677
[52 INFO root] 0.7394632697105408 0.31958866119384766 1.9069537303817505
[52 INFO root] 0.7391462922096252 0.3205011487007141 1.9252663776041816
[52 INFO root] 0.7388100624084473 0.3214147686958313 1.9438405426824696
[52 INFO root] 0.7384540438652039 0.32232940196990967 1.9626187011212262
[52 INFO root] 0.7380777597427368 0.3232448101043701 1.981541052667667
[52 INFO root] 0.7376809120178223 0.32416069507598877 2.0005457306524215
[52 INFO root] 0.7372632622718811 0.3250766396522522 2.019569397852308
[52 INFO root] 0.7368245124816895 0.3259921073913574 2.038547502238156
[52 INFO root] 0.7363647222518921 0.32690659165382385 2.0574141705251083
[52 INFO root] 0.7358840107917786 0.3278193771839142 2.0761033781887934
[52 INFO root] 0.7353825569152832 0.3287298083305359 2.094549159410321
[52 INFO root] 0.7348607778549194 0.3296371400356293 2.1126860032074735
[52 INFO root] 0.7343190908432007 0.33054056763648987 2.130449567035548
[52 INFO root] 0.7337626218795776 0.33143237233161926 2.147760798673404
[52 INFO root] 0.7331974506378174 0.33230412006378174 2.1645576361966947
[52 INFO root] 0.7326242923736572 0.3331562578678131 2.1808087745629225
[52 INFO root] 0.7320435047149658 0.3339901268482208 2.196485483201715
[52 INFO root] 0.7314553260803223 0.334806889295578 2.2115586830687923
[52 INFO root] 0.7308601140975952 0.335607647895813 2.225998895123011
[52 INFO root] 0.7302581667900085 0.3363933265209198 2.2397768451034548
[52 INFO root] 0.7296499609947205 0.3371647894382477 2.252863462717707
[52 INFO root] 0.7290360927581787 0.3379228115081787 2.2652305209397094
[52 INFO root] 0.728416919708252 0.3386681377887726 2.2768511111984755
[52 INFO root] 0.7277930974960327 0.3394014537334442 2.287699194839247
[52 INFO root] 0.727165162563324 0.3401234745979309 2.2977503858527704
[52 INFO root] 0.7265337109565735 0.3408348560333252 2.3069818788550283
[52 INFO root] 0.725899338722229 0.3415362536907196 2.3153726030272175
[52 INFO root] 0.7252627015113831 0.34222832322120667 2.3229033162429076
[52 INFO root] 0.7246242761611938 0.3429117500782013 2.3295568300168523
[52 INFO root] 0.7239847183227539 0.3435872197151184 2.335317669041261
[52 INFO root] 0.7233445644378662 0.3442554175853729 2.3401725386067347
[52 INFO root] 0.7227044105529785 0.3449171185493469 2.34411012531917
[52 INFO root] 0.7220646739006042 0.34557297825813293 2.347121375133785
[52 INFO root] 0.7214259505271912 0.34622377157211304 2.349198976513529
[52 INFO root] 0.7207887172698975 0.3468703031539917 2.350337942887964
[52 INFO root] 0.7201517224311829 0.34751492738723755 2.3507895007480353
[52 INFO root] 0.719511866569519 0.34816181659698486 2.351152794734608
[52 INFO root] 0.7188690304756165 0.34881123900413513 2.3514931345586145
[52 INFO root] 0.7182234525680542 0.34946292638778687 2.351812704797713
[52 INFO root] 0.7175755500793457 0.3501166105270386 2.3521134417951273
[52 INFO root] 0.7169253826141357 0.35077211260795593 2.3523970235350466
[52 INFO root] 0.7162732481956482 0.3514292538166046 2.352664905974645
[52 INFO root] 0.7156193256378174 0.3520878553390503 2.3529183547483212
[52 INFO root] 0.7149637341499329 0.3527477979660034 2.353158472437475
[52 INFO root] 0.7143065929412842 0.35340893268585205 2.3533862219867756
[52 INFO root] 0.7136480808258057 0.3540711998939514 2.3536024467855703
[52 INFO root] 0.7129882574081421 0.35473451018333435 2.353807887869447
[52 INFO root] 0.7123271822929382 0.3553987443447113 2.3540031986395777
[52 INFO root] 0.7116650342941284 0.3560638725757599 2.3541889574462984
[52 INFO root] 0.7110017538070679 0.35672980546951294 2.3543656783379046
[52 INFO root] 0.7103375196456909 0.35739651322364807 2.3545338202354413
[52 INFO root] 0.7096723318099976 0.3580639362335205 2.3546937947590467
[52 INFO root] 0.7090062499046326 0.3587320148944855 2.3548459729004576
[52 INFO root] 0.7083393335342407 0.35940077900886536 2.354990690709336
[52 INFO root] 0.707671582698822 0.360070139169693 2.3551282541375618
[52 INFO root] 0.7070030570030212 0.36074012517929077 2.355258943165312
[52 INFO root] 0.7063338160514832 0.36141064763069153 2.3553830153150366
[52 INFO root] 0.7056638598442078 0.36208170652389526 2.355500708644265
[52 INFO root] 0.7049931883811951 0.362753301858902 2.3556122442949388
[52 INFO root] 0.7043218612670898 0.36342543363571167 2.3557178286656737
[52 INFO root] 0.7036499381065369 0.36409804224967957 2.3558176552636594
[52 INFO root] 0.7029773592948914 0.36477112770080566 2.3559119062844287
[52 INFO root] 0.7023041844367981 0.36544468998908997 2.356000753960691
[52 INFO root] 0.7016304135322571 0.36611872911453247 2.3560843617152107
[52 INFO root] 0.7009561061859131 0.3667932152748108 2.3561628851474463
[52 INFO root] 0.7002812027931213 0.3674681484699249 2.3562364728792677
[52 INFO root] 0.6996058225631714 0.3681434988975525 2.356305267281171
[52 INFO root] 0.6989298462867737 0.36881929636001587 2.3563694050971824
[52 INFO root] 0.6982534527778625 0.3694955110549927 2.3564290179838454
[52 INFO root] 0.6975764632225037 0.3701721429824829 2.356484232976388
[52 INFO root] 0.6968990564346313 0.3708491921424866 2.356535172893075
[52 INFO root] 0.6962211728096008 0.3715266287326813 2.356581956687109
[52 INFO root] 0.6955427527427673 0.3722044825553894 2.3566246997539912
[52 INFO root] 0.6948639750480652 0.37288275361061096 2.3566635142010126
[52 INFO root] 0.6941846609115601 0.37356138229370117 2.35669850908451
[52 INFO root] 0.6935049891471863 0.3742404282093048 2.3567297906196827
[52 INFO root] 0.6928248405456543 0.3749198317527771 2.3567574623669523
[52 INFO root] 0.6921442747116089 0.37559962272644043 2.356781625398311
[52 INFO root] 0.69146329164505 0.3762798309326172 2.3568023784465004
[52 INFO root] 0.6907818913459778 0.3769603669643402 2.356819818039444
[52 INFO root] 0.6901001334190369 0.37764132022857666 2.3568340386220012
[52 INFO root] 0.6894179582595825 0.3783226013183594 2.356845132666748
[52 INFO root] 0.6887353658676147 0.37900426983833313 2.356853190775278
[52 INFO root] 0.6880524754524231 0.3796863257884979 2.356858301771224
[52 INFO root] 0.687369167804718 0.380368709564209 2.3568605527860793
[52 INFO root] 0.6866854429244995 0.3810514807701111 2.3568600293386983
[52 INFO root] 0.6860014200210571 0.38173460960388184 2.356856815409221
[52 INFO root] 0.6853170394897461 0.38241806626319885 2.3568509935080844
[52 INFO root] 0.6846323013305664 0.3831019103527069 2.356842644740641
[52 INFO root] 0.6839472651481628 0.38378608226776123 2.356831848867867
[52 INFO root] 0.6832618713378906 0.3844706416130066 2.356818684363561
[52 INFO root] 0.6825758814811707 0.3851557672023773 2.3568033949878675
[52 INFO root] 0.6818889379501343 0.38584184646606445 2.356786405762355
[52 INFO root] 0.6812006831169128 0.38652923703193665 2.3567682982690794
[52 INFO root] 0.6805107593536377 0.3872183859348297 2.356749809724205
[52 INFO root] 0.6798187494277954 0.3879096508026123 2.3567318340467023
[52 INFO root] 0.6791241765022278 0.38860347867012024 2.356715415921258
[52 INFO root] 0.6784266233444214 0.38930028676986694 2.356701735770893
[52 INFO root] 0.6777257323265076 0.39000049233436584 2.356692084985083
[52 INFO root] 0.6770209670066833 0.39070454239845276 2.356687831731817
[52 INFO root] 0.6763137578964233 0.39141106605529785 2.356687461757311
[52 INFO root] 0.6756063103675842 0.39211779832839966 2.356687461757311
[52 INFO root] 0.6748988628387451 0.39282456040382385 2.356687461757311
[52 INFO root] 0.6741913557052612 0.39353132247924805 2.356687461757311
[52 INFO root] 0.6734839081764221 0.39423808455467224 2.356687461757311
[52 INFO root] 0.672776460647583 0.39494484663009644 2.356687461757311
[52 INFO root] 0.6720690131187439 0.39565160870552063 2.356687461757311
[52 INFO root] 0.6713615655899048 0.3963583707809448 2.356687461757311
[52 INFO root] 0.6706541180610657 0.397065132856369 2.356687461757311
[52 INFO root] 0.6699466705322266 0.3977718651294708 2.356687461757311
[52 INFO root] 0.6692392230033875 0.398478627204895 2.356687461757311
[52 INFO root] 0.6685317158699036 0.3991853892803192 2.356687461757311
[52 INFO root] 0.6678242683410645 0.3998921513557434 2.356687461757311
[52 INFO root] 0.6671168208122253 0.4005989134311676 2.356687461757311
[52 INFO root] 0.6664093732833862 0.4013056755065918 2.356687461757311
[52 INFO root] 0.6657019257545471 0.402012437582016 2.356687461757311
[52 INFO root] 0.664994478225708 0.4027191698551178 2.356687461757311
[52 INFO root] 0.6642934679985046 0.40341949462890625 2.3560653236354514
[52 INFO root] 0.6636006236076355 0.40411242842674255 2.354688411569052
[52 INFO root] 0.662915825843811 0.40479907393455505 2.352604402627697
[52 INFO root] 0.6622388958930969 0.40548065304756165 2.3498762557102046
[52 INFO root] 0.661569356918335 0.40615829825401306 2.3465688229695623
[52 INFO root] 0.6609068512916565 0.4068332314491272 2.3427484997811274
[52 INFO root] 0.6602509021759033 0.4075065553188324 2.3384828595490808
[52 INFO root] 0.6596010327339172 0.40817928314208984 2.3338402516296517
[52 INFO root] 0.6589566469192505 0.4088524878025055 2.3288893643410478
[52 INFO root] 0.6583173274993896 0.4095270335674286 2.3236987569841134
[52 INFO root] 0.657682478427887 0.41020384430885315 2.318336367062512
[52 INFO root] 0.6570516228675842 0.41088369488716125 2.312869000842167
[52 INFO root] 0.6564241647720337 0.4115672707557678 2.3073618169193733
[52 INFO root] 0.6557996273040771 0.412255197763443 2.3018778134897424
[52 INFO root] 0.6551775336265564 0.41294804215431213 2.2964773304702066
[52 INFO root] 0.654557466506958 0.41364622116088867 2.2912175775034216
[52 INFO root] 0.6539389491081238 0.41435009241104126 2.2861521981876645
[52 INFO root] 0.6533215045928955 0.41505998373031616 2.2813308796824683
[52 INFO root] 0.6527047753334045 0.4157760441303253 2.276799015231366
[52 INFO root] 0.6520883440971375 0.4164983630180359 2.272597425233423
[52 INFO root] 0.6514717936515808 0.4172270596027374 2.2687621404147484
[52 INFO root] 0.6508548259735107 0.41796204447746277 2.265324248532828
[52 INFO root] 0.6502370238304138 0.41870322823524475 2.2623098040166347
[52 INFO root] 0.6496180295944214 0.41945046186447144 2.2597397981124008
[52 INFO root] 0.6489974856376648 0.4202035367488861 2.257630185555063
[52 INFO root] 0.6483750939369202 0.4209621846675873 2.255987154685229
[52 INFO root] 0.6477506160736084 0.4217260181903839 2.254806518143406
[52 INFO root] 0.6471238136291504 0.42249464988708496 2.254080118715716
[52 INFO root] 0.6464943885803223 0.4232676327228546 2.253797448480641
[52 INFO root] 0.64586341381073 0.42404308915138245 2.253773608016138
[52 INFO root] 0.6452323198318481 0.4248187839984894 2.253773608016138
[52 INFO root] 0.6446012258529663 0.4255944788455963 2.253773608016138
[52 INFO root] 0.6439701318740845 0.42637017369270325 2.253773608016138
[52 INFO root] 0.6433390378952026 0.4271458685398102 2.253773608016138
[52 INFO root] 0.642707884311676 0.4279215633869171 2.253773608016138
[52 INFO root] 0.6420767903327942 0.42869725823402405 2.253773608016138
[52 INFO root] 0.6414456963539124 0.42947298288345337 2.253773608016138
[52 INFO root] 0.6408146023750305 0.4302486777305603 2.253773608016138
[52 INFO root] 0.6401835083961487 0.43102437257766724 2.253773608016138
[52 INFO root] 0.6395523548126221 0.43180006742477417 2.253773608016138
[52 INFO root] 0.6389212608337402 0.4325757622718811 2.253773608016138
[52 INFO root] 0.6382901668548584 0.43335145711898804 2.253773608016138
[52 INFO root] 0.6376590728759766 0.43412715196609497 2.253773608016138
[52 INFO root] 0.6370279788970947 0.4349028468132019 2.253773608016138
[52 INFO root] 0.6363968253135681 0.43567854166030884 2.253773608016138
[52 INFO root] 0.6357657313346863 0.43645423650741577 2.253773608016138
[52 INFO root] 0.6351346373558044 0.4372299313545227 2.253773608016138
[52 INFO root] 0.6345035433769226 0.43800562620162964 2.253773608016138
[52 INFO root] 0.6338724493980408 0.4387813210487366 2.253773608016138
[52 INFO root] 0.6332412958145142 0.4395570456981659 2.253773608016138
[52 INFO root] 0.6326102018356323 0.4403327405452728 2.253773608016138
[52 INFO root] 0.6319791078567505 0.44110843539237976 2.253773608016138
[52 INFO root] 0.6313480138778687 0.4418841302394867 2.253773608016138
[52 INFO root] 0.6307169198989868 0.44265982508659363 2.253773608016138
[52 INFO root] 0.630085825920105 0.44343551993370056 2.253773608016138
[52 INFO root] 0.6294546723365784 0.4442112147808075 2.253773608016138
[52 INFO root] 0.6288235783576965 0.44498690962791443 2.253773608016138
[52 INFO root] 0.6281924843788147 0.44576260447502136 2.253773608016138
[52 INFO root] 0.6275613903999329 0.4465382993221283 2.253773608016138
[52 INFO root] 0.626930296421051 0.44731399416923523 2.253773608016138
[52 INFO root] 0.6262991428375244 0.44808968901634216 2.253773608016138
[52 INFO root] 0.6256680488586426 0.4488653838634491 2.253773608016138
[52 INFO root] 0.6250369548797607 0.4496411085128784 2.253773608016138
[52 INFO root] 0.6244058609008789 0.45041680335998535 2.253773608016138
[52 INFO root] 0.6237747669219971 0.4511924982070923 2.253773608016138
[52 INFO root] 0.6231436133384705 0.4519681930541992 2.253773608016138
[52 INFO root] 0.6225125193595886 0.45274388790130615 2.253773608016138
[52 INFO root] 0.6218814253807068 0.4535195827484131 2.253773608016138
[52 INFO root] 0.621250331401825 0.45429527759552 2.253773608016138
[52 INFO root] 0.6206192374229431 0.45507097244262695 2.253773608016138
[52 INFO root] 0.6199880838394165 0.4558466672897339 2.253773608016138
[52 INFO root] 0.6193569898605347 0.4566223621368408 2.253773608016138
[52 INFO root] 0.6187258958816528 0.45739805698394775 2.253773608016138
[52 INFO root] 0.618094801902771 0.4581737518310547 2.253773608016138
[52 INFO root] 0.6174637079238892 0.4589494466781616 2.253773608016138
[52 INFO root] 0.6168326139450073 0.45972517132759094 2.253773608016138
[52 INFO root] 0.6162014603614807 0.4605008661746979 2.253773608016138
[52 INFO root] 0.6155703663825989 0.4612765610218048 2.253773608016138
[52 INFO root] 0.614939272403717 0.46205225586891174 2.253773608016138
[52 INFO root] 0.6143081784248352 0.4628279507160187 2.253773608016138
[52 INFO root] 0.6136770844459534 0.4636036455631256 2.253773608016138
[52 INFO root] 0.6130459308624268 0.46437934041023254 2.253773608016138
[52 INFO root] 0.6124148368835449 0.4651550352573395 2.253773608016138
[52 INFO root] 0.6117837429046631 0.4659307301044464 2.253773608016138
