[14 INFO root] Initialising Python Geth Console...
[14 INFO root] Initialising RandB board...
[14 INFO root] Initialising resource sensor...
[14 INFO root] Initialising random-walk...
[14 INFO root] Initialising navigation...
[14 INFO root] Initialising Odo...
[14 INFO root] Initialising odometry...
[14 INFO root] Initialising gps...
[14 INFO root] Initialising Ground sensor...
[14 INFO root] --//-- Starting Experiment --//--
[14 INFO root] x y direction
[14 INFO root] -0.32616299390792847 -0.08840879797935486 2.9113313653741812
[14 INFO root] -0.3266986906528473 -0.08828321844339371 2.902047175841156
[14 INFO root] -0.3271823525428772 -0.08816570043563843 2.887522220536423
[14 INFO root] -0.3274185061454773 -0.08810510486364365 2.864989653862444
[14 INFO root] -0.32744088768959045 -0.08809926360845566 2.834649539997555
[14 INFO root] -0.32730233669281006 -0.08814317733049393 2.7971219874018334
[14 INFO root] -0.3270567059516907 -0.088230662047863 2.7530389646195106
[14 INFO root] -0.3267543613910675 -0.08835313469171524 2.7030018679490597
[14 INFO root] -0.3264386057853699 -0.08849941194057465 2.6475170360398987
[14 INFO root] -0.32614514231681824 -0.08865527808666229 2.5870054855862983
[14 INFO root] -0.3259027600288391 -0.08880305290222168 2.5218483600345984
[14 INFO root] -0.3257337212562561 -0.0889214500784874 2.452423582455617
[14 INFO root] -0.32565346360206604 -0.08898578584194183 2.37913480634126
[14 INFO root] -0.3256705403327942 -0.08896853774785995 2.302440050710438
[14 INFO root] -0.32578614354133606 -0.08884021639823914 2.2228838998435263
[14 INFO root] -0.3259938359260559 -0.08857067674398422 2.141129109317801
[14 INFO root] -0.32627925276756287 -0.08813107758760452 2.057978859683997
[14 INFO root] -0.32662054896354675 -0.08749647438526154 1.974380596219786
[14 INFO root] -0.3269588053226471 -0.08672012388706207 1.8924871598532305
[14 INFO root] -0.32725706696510315 -0.08584734052419662 1.8133085185832485
[14 INFO root] -0.32749831676483154 -0.08490283787250519 1.7370459711689903
[14 INFO root] -0.3276729881763458 -0.08390701562166214 1.663620211369837
[14 INFO root] -0.32777631282806396 -0.08287722617387772 1.5928027908480276
[14 INFO root] -0.3278067409992218 -0.08182806521654129 1.5243045092395595
[14 INFO root] -0.3277648389339447 -0.08077242225408554 1.4578437251484875
[14 INFO root] -0.32765281200408936 -0.07972249388694763 1.3931761986962221
[14 INFO root] -0.327474445104599 -0.07869018614292145 1.3300879525781473
[14 INFO root] -0.3272349238395691 -0.07768675684928894 1.2683700986212019
[14 INFO root] -0.3269405663013458 -0.07672198116779327 1.207796553789435
[14 INFO root] -0.3265981674194336 -0.07580333203077316 1.1481162517385397
[14 INFO root] -0.32621413469314575 -0.07493535429239273 1.0890613065114942
[14 INFO root] -0.32579389214515686 -0.07411947846412659 1.0303635527611972
[14 INFO root] -0.3253406286239624 -0.07335366308689117 0.9717851116826659
[14 INFO root] -0.324855238199234 -0.07263343036174774 0.9131733206922911
[14 INFO root] -0.32433634996414185 -0.07195327430963516 0.8544910964893712
[14 INFO root] -0.32378116250038147 -0.07130789011716843 0.795831172571672
[14 INFO root] -0.3231862783432007 -0.07069331407546997 0.7374151852030475
[14 INFO root] -0.32254886627197266 -0.07010757923126221 0.6795780346817715
[14 INFO root] -0.3218682110309601 -0.06955119222402573 0.6227384225630692
[14 INFO root] -0.3211479187011719 -0.06902783364057541 0.5673510383061181
[14 INFO root] -0.32039496302604675 -0.06854215264320374 0.5138522467888534
[14 INFO root] -0.319618821144104 -0.06809857487678528 0.46262482867357274
[14 INFO root] -0.31883108615875244 -0.06770059466362 0.41397301700646705
[14 INFO root] -0.3179609179496765 -0.06731360405683517 0.36942426821742136
[14 INFO root] -0.31701502203941345 -0.06694276630878448 0.3295454829493778
[14 INFO root] -0.31601226329803467 -0.06659549474716187 0.29462841848394244
[14 INFO root] -0.31497156620025635 -0.06627579033374786 0.26482258275297627
[14 INFO root] -0.31391042470932007 -0.06598465144634247 0.24015234378277514
[14 INFO root] -0.31284409761428833 -0.06572072952985764 0.2205382194533844
[14 INFO root] -0.31178444623947144 -0.06548096984624863 0.205733260176369
[14 INFO root] -0.31073856353759766 -0.06526107341051102 0.19516715001224896
[14 INFO root] -0.30971017479896545 -0.06505662947893143 0.18828000671544304
[14 INFO root] -0.3087010979652405 -0.06486362218856812 0.18460776966599365
[14 INFO root] -0.3077118694782257 -0.06467851996421814 0.18378008064828893
[14 INFO root] -0.3067283034324646 -0.06449561566114426 0.18372539615795008
[14 INFO root] -0.3057451546192169 -0.06431291252374649 0.18372539615795008
[14 INFO root] -0.30476197600364685 -0.06413021683692932 0.18372539615795008
[14 INFO root] -0.3037787973880768 -0.06394752860069275 0.18372539615795008
[14 INFO root] -0.3027956187725067 -0.06376483291387558 0.18372539615795008
[14 INFO root] -0.30181246995925903 -0.06358213722705841 0.18372539615795008
[14 INFO root] -0.30082929134368896 -0.06339944899082184 0.18372539615795008
[14 INFO root] -0.2998461127281189 -0.06321675330400467 0.18372539615795008
[14 INFO root] -0.2988629639148712 -0.0630340576171875 0.18372539615795008
[14 INFO root] -0.29787978529930115 -0.06285136193037033 0.18372539615795008
[14 INFO root] -0.2968966066837311 -0.06266867369413376 0.18372539615795008
[14 INFO root] -0.295913428068161 -0.06248597800731659 0.18372539615795008
[14 INFO root] -0.29493027925491333 -0.06230328604578972 0.18372539615795008
[14 INFO root] -0.29394710063934326 -0.06212059035897255 0.18372539615795008
[14 INFO root] -0.2929639220237732 -0.06193789839744568 0.18372539615795008
[14 INFO root] -0.2919807732105255 -0.06175520271062851 0.18372539615795008
[14 INFO root] -0.29099759459495544 -0.06157251074910164 0.18372539615795008
[14 INFO root] -0.2900144159793854 -0.06138981506228447 0.18372539615795008
[14 INFO root] -0.2890312671661377 -0.0612071231007576 0.18372539615795008
[14 INFO root] -0.2880480885505676 -0.06102443113923073 0.18372539615795008
[14 INFO root] -0.28706490993499756 -0.06084173545241356 0.18372539615795008
[14 INFO root] -0.2860817313194275 -0.06065904349088669 0.18372539615795008
[14 INFO root] -0.2850985825061798 -0.06047634780406952 0.18372539615795008
[14 INFO root] -0.28411540389060974 -0.06029365584254265 0.18372539615795008
[14 INFO root] -0.2831322252750397 -0.06011096388101578 0.18372539615795008
[14 INFO root] -0.282149076461792 -0.05992826819419861 0.18372539615795008
[14 INFO root] -0.2811658978462219 -0.05974557623267174 0.18372539615795008
[14 INFO root] -0.28018271923065186 -0.05956288054585457 0.18372539615795008
[14 INFO root] -0.2791995406150818 -0.0593801885843277 0.18372539615795008
[14 INFO root] -0.2782163918018341 -0.05919749289751053 0.18372539615795008
[14 INFO root] -0.27723321318626404 -0.05901480093598366 0.18372539615795008
[14 INFO root] -0.27625003457069397 -0.05883210897445679 0.18372539615795008
[14 INFO root] -0.2752668857574463 -0.05864941328763962 0.18372539615795008
[14 INFO root] -0.2742837071418762 -0.05846672132611275 0.18372539615795008
[14 INFO root] -0.27330052852630615 -0.05828402563929558 0.18372539615795008
[14 INFO root] -0.27231737971305847 -0.05810133367776871 0.18372539615795008
[14 INFO root] -0.2713342010974884 -0.05791863799095154 0.18372539615795008
[14 INFO root] -0.27035102248191833 -0.05773594602942467 0.18372539615795008
[14 INFO root] -0.26936784386634827 -0.0575532540678978 0.18372539615795008
[14 INFO root] -0.2683846950531006 -0.05737055838108063 0.18372539615795008
[14 INFO root] -0.2674015164375305 -0.05718786641955376 0.18372539615795008
[14 INFO root] -0.26641833782196045 -0.05700517073273659 0.18372539615795008
[14 INFO root] -0.26543518900871277 -0.05682247877120972 0.18372539615795008
[14 INFO root] -0.2644520103931427 -0.056639786809682846 0.18372539615795008
[14 INFO root] -0.26346883177757263 -0.05645709112286568 0.18372539615795008
[14 INFO root] -0.26248565316200256 -0.056274399161338806 0.18372539615795008
[14 INFO root] -0.2615025043487549 -0.05609170347452164 0.18372539615795008
[14 INFO root] -0.2605193257331848 -0.055909011512994766 0.18372539615795008
[14 INFO root] -0.25953614711761475 -0.0557263158261776 0.18372539615795008
[14 INFO root] -0.25855299830436707 -0.055543623864650726 0.18372539615795008
[14 INFO root] -0.257569819688797 -0.055360931903123856 0.18372539615795008
[14 INFO root] -0.25658664107322693 -0.055178236216306686 0.18372539615795008
[14 INFO root] -0.25560349225997925 -0.054995544254779816 0.18372539615795008
[14 INFO root] -0.2546203136444092 -0.054812848567962646 0.18372539615795008
[14 INFO root] -0.2536371350288391 -0.054630156606435776 0.18372539615795008
[14 INFO root] -0.25265395641326904 -0.05444746091961861 0.18372539615795008
[14 INFO root] -0.25167080760002136 -0.054264768958091736 0.18372539615795008
[14 INFO root] -0.2506876289844513 -0.054082076996564865 0.18372539615795008
[14 INFO root] -0.24970446527004242 -0.053899381309747696 0.18372539615795008
[14 INFO root] -0.24872128665447235 -0.053716689348220825 0.18372539615795008
[14 INFO root] -0.24773812294006348 -0.053533993661403656 0.18372539615795008
[14 INFO root] -0.2467549443244934 -0.053351301699876785 0.18372539615795008
[14 INFO root] -0.24577178061008453 -0.053168609738349915 0.18372539615795008
[14 INFO root] -0.24478860199451447 -0.052985914051532745 0.18372539615795008
[14 INFO root] -0.2438054382801056 -0.052803222090005875 0.18372539615795008
[14 INFO root] -0.24282227456569672 -0.052620526403188705 0.18372539615795008
[14 INFO root] -0.24183909595012665 -0.052437834441661835 0.18372539615795008
[14 INFO root] -0.24085593223571777 -0.052255138754844666 0.18372539615795008
[14 INFO root] -0.2398727536201477 -0.052072446793317795 0.18372539615795008
[14 INFO root] -0.23888958990573883 -0.051889754831790924 0.18372539615795008
[14 INFO root] -0.23790642619132996 -0.051707059144973755 0.18372539615795008
[14 INFO root] -0.2369232475757599 -0.051524367183446884 0.18372539615795008
[14 INFO root] -0.235940083861351 -0.051341671496629715 0.18372539615795008
[14 INFO root] -0.23495690524578094 -0.051158979535102844 0.18372539615795008
[14 INFO root] -0.23397374153137207 -0.050976287573575974 0.18372539615795008
[14 INFO root] -0.232990562915802 -0.050793591886758804 0.18372539615795008
[14 INFO root] -0.23200739920139313 -0.050610899925231934 0.18372539615795008
[14 INFO root] -0.23102423548698425 -0.050428204238414764 0.18372539615795008
[14 INFO root] -0.23004105687141418 -0.050245512276887894 0.18372539615795008
[14 INFO root] -0.2290578931570053 -0.050062816590070724 0.18372539615795008
[14 INFO root] -0.22807471454143524 -0.049880124628543854 0.18372539615795008
[14 INFO root] -0.22709155082702637 -0.04969743266701698 0.18372539615795008
[14 INFO root] -0.2261083871126175 -0.049514736980199814 0.18372539615795008
[14 INFO root] -0.22512520849704742 -0.04933204501867294 0.18372539615795008
[14 INFO root] -0.22414204478263855 -0.049149349331855774 0.18372539615795008
[14 INFO root] -0.22315886616706848 -0.0489666573703289 0.18372539615795008
[14 INFO root] -0.2221757024526596 -0.048783961683511734 0.18372539615795008
[14 INFO root] -0.22119252383708954 -0.04860126972198486 0.18372539615795008
[14 INFO root] -0.22020936012268066 -0.04841857776045799 0.18372539615795008
[14 INFO root] -0.2192261964082718 -0.04823588207364082 0.18372539615795008
[14 INFO root] -0.21824301779270172 -0.04805319011211395 0.18372539615795008
[14 INFO root] -0.21725985407829285 -0.04787049442529678 0.18372539615795008
[14 INFO root] -0.21627667546272278 -0.04768780246376991 0.18372539615795008
[14 INFO root] -0.2152935117483139 -0.04750511050224304 0.18372539615795008
[14 INFO root] -0.21431034803390503 -0.04732241481542587 0.18372539615795008
[14 INFO root] -0.21332716941833496 -0.047139722853899 0.18372539615795008
[14 INFO root] -0.2123440057039261 -0.04695702716708183 0.18372539615795008
[14 INFO root] -0.21136082708835602 -0.04677433520555496 0.18372539615795008
[14 INFO root] -0.21037766337394714 -0.04659163951873779 0.18372539615795008
[14 INFO root] -0.20939449965953827 -0.04640894755721092 0.18372539615795008
[14 INFO root] -0.2084113210439682 -0.04622625559568405 0.18372539615795008
[14 INFO root] -0.20742815732955933 -0.04604355990886688 0.18372539615795008
[14 INFO root] -0.20644497871398926 -0.04586086794734001 0.18372539615795008
[14 INFO root] -0.20546181499958038 -0.04567817226052284 0.18372539615795008
[14 INFO root] -0.20447863638401031 -0.04549548029899597 0.18372539615795008
[14 INFO root] -0.20349547266960144 -0.0453127846121788 0.18372539615795008
[14 INFO root] -0.20251230895519257 -0.04513009265065193 0.18372539615795008
[14 INFO root] -0.2015291303396225 -0.04494740068912506 0.18372539615795008
[14 INFO root] -0.20054596662521362 -0.04476470500230789 0.18372539615795008
[14 INFO root] -0.19956278800964355 -0.04458201304078102 0.18372539615795008
[14 INFO root] -0.19857962429523468 -0.04439931735396385 0.18372539615795008
[14 INFO root] -0.1975964605808258 -0.04421662539243698 0.18372539615795008
[14 INFO root] -0.19661328196525574 -0.04403393343091011 0.18372539615795008
[14 INFO root] -0.19563011825084686 -0.04385123774409294 0.18372539615795008
[14 INFO root] -0.1946469396352768 -0.04366854578256607 0.18372539615795008
[14 INFO root] -0.19366377592086792 -0.0434858500957489 0.18372539615795008
[14 INFO root] -0.19268059730529785 -0.04330315813422203 0.18372539615795008
[14 INFO root] -0.19169743359088898 -0.04312046244740486 0.18372539615795008
[14 INFO root] -0.1907142698764801 -0.04293777048587799 0.18372539615795008
[14 INFO root] -0.18973109126091003 -0.04275507852435112 0.18372539615795008
[14 INFO root] -0.18874792754650116 -0.04257238283753395 0.18372539615795008
[14 INFO root] -0.1877647489309311 -0.04238969087600708 0.18372539615795008
[14 INFO root] -0.18678158521652222 -0.04220699518918991 0.18372539615795008
[14 INFO root] -0.18579842150211334 -0.04202430322766304 0.18372539615795008
[14 INFO root] -0.18481524288654327 -0.04184161126613617 0.18372539615795008
[14 INFO root] -0.1838320791721344 -0.041658915579319 0.18372539615795008
[14 INFO root] -0.18284890055656433 -0.04147622361779213 0.18372539615795008
[14 INFO root] -0.18186573684215546 -0.04129352793097496 0.18372539615795008
[14 INFO root] -0.18088257312774658 -0.04111083596944809 0.18372539615795008
[14 INFO root] -0.1798993945121765 -0.04092814028263092 0.18372539615795008
[14 INFO root] -0.17891623079776764 -0.04074544832110405 0.18372539615795008
[14 INFO root] -0.17793305218219757 -0.04056275635957718 0.18372539615795008
[14 INFO root] -0.1769498884677887 -0.04038006067276001 0.18372539615795008
[14 INFO root] -0.17596670985221863 -0.04019736871123314 0.18372539615795008
[14 INFO root] -0.17498354613780975 -0.04001467302441597 0.18372539615795008
[14 INFO root] -0.17400038242340088 -0.0398319810628891 0.18372539615795008
[14 INFO root] -0.1730172038078308 -0.03964928537607193 0.18372539615795008
[14 INFO root] -0.17203404009342194 -0.03946659341454506 0.18372539615795008
[14 INFO root] -0.17105086147785187 -0.03928390145301819 0.18372539615795008
[14 INFO root] -0.170067697763443 -0.03910120576620102 0.18372539615795008
[14 INFO root] -0.16908453404903412 -0.03891851380467415 0.18372539615795008
[14 INFO root] -0.16810135543346405 -0.03873581811785698 0.18372539615795008
[14 INFO root] -0.16711819171905518 -0.03855312615633011 0.18372539615795008
[14 INFO root] -0.1661350131034851 -0.03837043419480324 0.18372539615795008
[14 INFO root] -0.16515184938907623 -0.03818773850798607 0.18372539615795008
[14 INFO root] -0.16416867077350616 -0.0380050465464592 0.18372539615795008
[14 INFO root] -0.1631855070590973 -0.03782235085964203 0.18372539615795008
[14 INFO root] -0.16220234334468842 -0.03763965889811516 0.18372539615795008
[14 INFO root] -0.16121916472911835 -0.03745696321129799 0.18372539615795008
[14 INFO root] -0.16023600101470947 -0.03727427124977112 0.18372539615795008
[14 INFO root] -0.1592528223991394 -0.03709157928824425 0.18372539615795008
[14 INFO root] -0.15826965868473053 -0.03690888360142708 0.18372539615795008
[14 INFO root] -0.15728649497032166 -0.03672619163990021 0.18372539615795008
[14 INFO root] -0.1563033163547516 -0.03654349595308304 0.18372539615795008
[14 INFO root] -0.1553201526403427 -0.03636080399155617 0.18372539615795008
[14 INFO root] -0.15433697402477264 -0.036178108304739 0.18372539615795008
[14 INFO root] -0.15335381031036377 -0.03599541634321213 0.18372539615795008
[14 INFO root] -0.1523706316947937 -0.03581272438168526 0.18372539615795008
[14 INFO root] -0.15138746798038483 -0.03563002869486809 0.18372539615795008
[14 INFO root] -0.15040430426597595 -0.03544733673334122 0.18372539615795008
[14 INFO root] -0.14942112565040588 -0.03526464104652405 0.18372539615795008
[14 INFO root] -0.148437961935997 -0.03508194908499718 0.18372539615795008
[14 INFO root] -0.14745478332042694 -0.034899257123470306 0.18372539615795008
[14 INFO root] -0.14647161960601807 -0.03471656143665314 0.18372539615795008
[14 INFO root] -0.1454884558916092 -0.034533869475126266 0.18372539615795008
[14 INFO root] -0.14450527727603912 -0.0343511737883091 0.18372539615795008
[14 INFO root] -0.14352211356163025 -0.03416848182678223 0.18372539615795008
[14 INFO root] -0.14253893494606018 -0.03398578613996506 0.18372539615795008
[14 INFO root] -0.1415557712316513 -0.03380309417843819 0.18372539615795008
[14 INFO root] -0.14057260751724243 -0.033620402216911316 0.18372539615795008
[14 INFO root] -0.13958942890167236 -0.03343770653009415 0.18372539615795008
[14 INFO root] -0.1386062651872635 -0.033255014568567276 0.18372539615795008
[14 INFO root] -0.13762308657169342 -0.03307231888175011 0.18372539615795008
[14 INFO root] -0.13663992285728455 -0.032889626920223236 0.18372539615795008
[14 INFO root] -0.13565674424171448 -0.032706934958696365 0.18372539615795008
[14 INFO root] -0.1346735805273056 -0.032524239271879196 0.18372539615795008
[14 INFO root] -0.13369041681289673 -0.032341547310352325 0.18372539615795008
[14 INFO root] -0.13270723819732666 -0.032158851623535156 0.18372539615795008
[14 INFO root] -0.13172407448291779 -0.031976159662008286 0.18372539615795008
[14 INFO root] -0.13074089586734772 -0.031793463975191116 0.18372539615795008
[14 INFO root] -0.12975773215293884 -0.031610772013664246 0.18372539615795008
[14 INFO root] -0.12877456843852997 -0.031428080052137375 0.18372539615795008
[14 INFO root] -0.1277913898229599 -0.031245384365320206 0.18372539615795008
[14 INFO root] -0.12680822610855103 -0.031062690541148186 0.18372539615795008
[14 INFO root] -0.12582504749298096 -0.030879998579621315 0.18372539615795008
[14 INFO root] -0.12484188377857208 -0.030697304755449295 0.18372539615795008
[14 INFO root] -0.12385871261358261 -0.030514610931277275 0.18372539615795008
[14 INFO root] -0.12287554144859314 -0.030331917107105255 0.18372539615795008
[14 INFO root] -0.12189237028360367 -0.030149223282933235 0.18372539615795008
[14 INFO root] -0.1209091991186142 -0.029966529458761215 0.18372539615795008
[14 INFO root] -0.11992603540420532 -0.029783837497234344 0.18372539615795008
[14 INFO root] -0.11894286423921585 -0.029601143673062325 0.18372539615795008
[14 INFO root] -0.11795969307422638 -0.029418449848890305 0.18372539615795008
[14 INFO root] -0.11697652190923691 -0.029235756024718285 0.18372539615795008
[14 INFO root] -0.11599335074424744 -0.029053062200546265 0.18372539615795008
[14 INFO root] -0.11501017957925797 -0.028870368376374245 0.18372539615795008
[14 INFO root] -0.11402701586484909 -0.028687676414847374 0.18372539615795008
[14 INFO root] -0.11304384469985962 -0.028504982590675354 0.18372539615795008
[14 INFO root] -0.11206067353487015 -0.028322288766503334 0.18372539615795008
[14 INFO root] -0.11107750236988068 -0.028139594942331314 0.18372539615795008
[14 INFO root] -0.1100943312048912 -0.027956901118159294 0.18372539615795008
[14 INFO root] -0.10911116749048233 -0.027774207293987274 0.18372539615795008
[14 INFO root] -0.10812799632549286 -0.027591515332460403 0.18372539615795008
[14 INFO root] -0.10714482516050339 -0.027408821508288383 0.18372539615795008
[14 INFO root] -0.10616165399551392 -0.027226127684116364 0.18372539615795008
[14 INFO root] -0.10517848283052444 -0.027043433859944344 0.18372539615795008
[14 INFO root] -0.10419531166553497 -0.026860740035772324 0.18372539615795008
[14 INFO root] -0.1032121479511261 -0.026678046211600304 0.18372539615795008
[14 INFO root] -0.10222897678613663 -0.026495352387428284 0.18372539615795008
[14 INFO root] -0.10124580562114716 -0.026312660425901413 0.18372539615795008
[14 INFO root] -0.10026263445615768 -0.026129966601729393 0.18372539615795008
[14 INFO root] -0.09927946329116821 -0.025947272777557373 0.18372539615795008
[14 INFO root] -0.09829629212617874 -0.025764578953385353 0.18372539615795008
[14 INFO root] -0.09731312841176987 -0.025581885129213333 0.18372539615795008
[14 INFO root] -0.0963299572467804 -0.025399191305041313 0.18372539615795008
[14 INFO root] -0.09534678608179092 -0.025216499343514442 0.18372539615795008
[14 INFO root] -0.09436361491680145 -0.025033805519342422 0.18372539615795008
[14 INFO root] -0.09338044375181198 -0.024851111695170403 0.18372539615795008
[14 INFO root] -0.09239727258682251 -0.024668417870998383 0.18372539615795008
[14 INFO root] -0.09141410887241364 -0.024485724046826363 0.18372539615795008
[14 INFO root] -0.09043093770742416 -0.024303030222654343 0.18372539615795008
[14 INFO root] -0.08944776654243469 -0.024120338261127472 0.18372539615795008
[14 INFO root] -0.08846459537744522 -0.023937644436955452 0.18372539615795008
[14 INFO root] -0.08748142421245575 -0.023754950612783432 0.18372539615795008
[14 INFO root] -0.08649825304746628 -0.023572256788611412 0.18372539615795008
[14 INFO root] -0.0855150893330574 -0.023389562964439392 0.18372539615795008
[14 INFO root] -0.08453191816806793 -0.023206869140267372 0.18372539615795008
[14 INFO root] -0.08354874700307846 -0.0230241771787405 0.18372539615795008
[14 INFO root] -0.08256557583808899 -0.02284148335456848 0.18372539615795008
[14 INFO root] -0.08158240467309952 -0.02265878953039646 0.18372539615795008
[14 INFO root] -0.08059923350811005 -0.02247609570622444 0.18372539615795008
[14 INFO root] -0.0796380564570427 -0.022297488525509834 0.18213465939318793
[14 INFO root] -0.07872568815946579 -0.022129295393824577 0.1769492956136851
[14 INFO root] -0.07785925269126892 -0.021973872557282448 0.1682106164346596
[14 INFO root] -0.07703190296888351 -0.021832600235939026 0.15617693205524977
[14 INFO root] -0.07623663544654846 -0.021706359460949898 0.14107790345888846
[14 INFO root] -0.07546646147966385 -0.021595755591988564 0.12311653246814633
[14 INFO root] -0.07471450418233871 -0.02150130458176136 0.10247338690213281
[14 INFO root] -0.07397406548261642 -0.021423593163490295 0.07931091205729766
[14 INFO root] -0.07323868572711945 -0.02136342041194439 0.05377772437875114
[14 INFO root] -0.07250215858221054 -0.021321889013051987 0.026012846174832037
[14 INFO root] -0.07175858318805695 -0.02130049280822277 -0.003850133183726092
[14 INFO root] -0.07100238651037216 -0.021301180124282837 -0.035678979084083184
[14 INFO root] -0.07022840529680252 -0.021326394751667976 -0.06933883778948736
[14 INFO root] -0.06943190842866898 -0.02137909270823002 -0.10468841354114487
[14 INFO root] -0.06860871613025665 -0.02146274223923683 -0.14157637966978906
[14 INFO root] -0.06775529682636261 -0.021581286564469337 -0.17983815076916504
[14 INFO root] -0.0668688639998436 -0.02173907868564129 -0.21929318988647006
[14 INFO root] -0.0659475028514862 -0.021940773352980614 -0.259743067264389
[14 INFO root] -0.06499030441045761 -0.022191181778907776 -0.30097051548796694
[14 INFO root] -0.06399744749069214 -0.022495074197649956 -0.34273972781945605
[14 INFO root] -0.06297028809785843 -0.02285696193575859 -0.3847981095921213
[14 INFO root] -0.061911389231681824 -0.023280838504433632 -0.42687960736523084
[14 INFO root] -0.06082448363304138 -0.02376992255449295 -0.46870960521443256
[14 INFO root] -0.059714388102293015 -0.024326400831341743 -0.5100112019959567
[14 INFO root] -0.05858682096004486 -0.024951232597231865 -0.5505124916700368
[14 INFO root] -0.057448189705610275 -0.02564398944377899 -0.5899542966989303
[14 INFO root] -0.056305304169654846 -0.0264027938246727 -0.628097692449039
[14 INFO root] -0.05516508221626282 -0.0272243432700634 -0.664730641497625
[14 INFO root] -0.05403425917029381 -0.028104029595851898 -0.6996731447553615
[14 INFO root] -0.052919112145900726 -0.029036128893494606 -0.7327804993359095
[14 INFO root] -0.051825251430273056 -0.030014052987098694 -0.7639444949043188
[14 INFO root] -0.050757478922605515 -0.031030626967549324 -0.79309263095304
[14 INFO root] -0.04971969500184059 -0.03207838162779808 -0.8201856487134146
[14 INFO root] -0.04871486872434616 -0.03314980864524841 -0.8452138097714681
[14 INFO root] -0.04774508997797966 -0.03423760458827019 -0.8681924071987386
[14 INFO root] -0.046811625361442566 -0.035334836691617966 -0.889156972868465
[14 INFO root] -0.04591501131653786 -0.03643510118126869 -0.9081585687045738
[14 INFO root] -0.045055169612169266 -0.03753260523080826 -0.9252594463933775
[14 INFO root] -0.04423150792717934 -0.03862222284078598 -0.9405292530678983
[14 INFO root] -0.04344302415847778 -0.03969950973987579 -0.9540418660766193
[14 INFO root] -0.042688410729169846 -0.04076070338487625 -0.9658728667109571
[14 INFO root] -0.041966117918491364 -0.041802696883678436 -0.9760976126939589
[14 INFO root] -0.04127443954348564 -0.042823001742362976 -0.9847898400406643
[14 INFO root] -0.04061156511306763 -0.04381969943642616 -0.9920207121888015
[14 INFO root] -0.039975605905056 -0.04479139670729637 -0.9978582331845739
[14 INFO root] -0.03936466574668884 -0.045737165957689285 -1.0023669478053046
[14 INFO root] -0.038776833564043045 -0.04665650427341461 -1.0056078613539496
[14 INFO root] -0.03821021690964699 -0.047549281269311905 -1.0076385230212819
[14 INFO root] -0.03766295313835144 -0.04841568320989609 -1.0085132276155293
[14 INFO root] -0.03712861239910126 -0.049263495951890945 -1.0085891924757244
[14 INFO root] -0.03659554943442345 -0.05010957270860672 -1.0085891924757244
[14 INFO root] -0.03606249764561653 -0.05095565319061279 -1.0085891924757244
[14 INFO root] -0.03552944213151932 -0.051801733672618866 -1.0085891924757244
[14 INFO root] -0.034996386617422104 -0.05264781415462494 -1.0085891924757244
[14 INFO root] -0.03446333110332489 -0.05349389463663101 -1.0085891924757244
[14 INFO root] -0.033930275589227676 -0.054339975118637085 -1.0085891924757244
[14 INFO root] -0.03339722007513046 -0.05518605560064316 -1.0085891924757244
[14 INFO root] -0.03286416828632355 -0.05603213608264923 -1.0085891924757244
[14 INFO root] -0.032331112772226334 -0.056878216564655304 -1.0085891924757244
[14 INFO root] -0.03179805725812912 -0.05772429704666138 -1.0085891924757244
[14 INFO root] -0.031265001744031906 -0.05857037752866745 -1.0085891924757244
[14 INFO root] -0.03073194809257984 -0.05941645801067352 -1.0085891924757244
[14 INFO root] -0.030198892578482628 -0.060262538492679596 -1.0085891924757244
[14 INFO root] -0.029665837064385414 -0.06110861897468567 -1.0085891924757244
[14 INFO root] -0.02913278341293335 -0.06195470318198204 -1.0085891924757244
[14 INFO root] -0.028609106317162514 -0.06278589367866516 -1.0096019057745946
[14 INFO root] -0.028121478855609894 -0.06356142461299896 -1.0144912401262107
[14 INFO root] -0.027670469135046005 -0.06428589671850204 -1.0232039678688114
[14 INFO root] -0.02725295163691044 -0.06496916711330414 -1.0353779085511388
[14 INFO root] -0.026865467429161072 -0.06562045216560364 -1.0507043196717498
[14 INFO root] -0.026504548266530037 -0.06624835729598999 -1.0689194004318492
[14 INFO root] -0.02616693452000618 -0.0668608769774437 -1.0897952112460723
[14 INFO root] -0.025849739089608192 -0.06746552139520645 -1.1131318845515177
[14 INFO root] -0.02555055171251297 -0.06806935369968414 -1.1387508313373726
[14 INFO root] -0.02526751533150673 -0.06867906451225281 -1.1664887513409734
[14 INFO root] -0.024999381974339485 -0.06930097937583923 -1.1961922915249086
[14 INFO root] -0.02474554255604744 -0.06994110345840454 -1.2277132391087222
[14 INFO root] -0.02450605109333992 -0.0706050917506218 -1.2609041800331795
[14 INFO root] -0.024281630292534828 -0.07129824906587601 -1.2956145999172726
[14 INFO root] -0.02407367154955864 -0.07202545553445816 -1.33168745122392
[14 INFO root] -0.023884212598204613 -0.07279109209775925 -1.368956255706156
[14 INFO root] -0.02371589094400406 -0.0735989511013031 -1.4072428521520648
[14 INFO root] -0.02357187494635582 -0.07445214688777924 -1.4463559311764842
[14 INFO root] -0.023455768823623657 -0.07535295188426971 -1.4860905148929628
[14 INFO root] -0.023371487855911255 -0.07630271464586258 -1.5262285324063423
[14 INFO root] -0.02332308515906334 -0.0773017480969429 -1.5665406054538726
[14 INFO root] -0.023314576596021652 -0.078349269926548 -1.606789088294124
[14 INFO root] -0.023349735885858536 -0.07944335043430328 -1.6467323036595531
[14 INFO root] -0.02343188412487507 -0.08058095723390579 -1.686129791436338
[14 INFO root] -0.023563703522086143 -0.08175802230834961 -1.724748256126292
[14 INFO root] -0.023747069761157036 -0.08296959102153778 -1.7623677867465803
[14 INFO root] -0.023982936516404152 -0.08421000093221664 -1.7987878537081636
[14 INFO root] -0.0242712814360857 -0.08547312766313553 -1.8338325810795608
[14 INFO root] -0.024611109867691994 -0.08675263822078705 -1.867354857247117
[14 INFO root] -0.02500051259994507 -0.08804220706224442 -1.899238974476109
[14 INFO root] -0.025436794385313988 -0.08933576941490173 -1.9294016558936475
[14 INFO root] -0.02591662108898163 -0.09062770009040833 -1.9577915059235271
[14 INFO root] -0.02643618918955326 -0.09191294014453888 -1.9843870760252342
[14 INFO root] -0.026991412043571472 -0.0931871309876442 -2.009193848385268
[14 INFO root] -0.027578076347708702 -0.09444660693407059 -2.032240495188473
[14 INFO root] -0.02819199115037918 -0.09568842500448227 -2.053574772346482
[14 INFO root] -0.02882910706102848 -0.09691031277179718 -2.0732593657548275
[14 INFO root] -0.02948560006916523 -0.0981106385588646 -2.0913679415595148
[14 INFO root] -0.03015793301165104 -0.09928831458091736 -2.1079815756727958
[14 INFO root] -0.030842896550893784 -0.10044273734092712 -2.1231856646923486
[14 INFO root] -0.03153761476278305 -0.10157368332147598 -2.137067358594478
[14 INFO root] -0.03223954513669014 -0.10268126428127289 -2.1497135087599566
[14 INFO root] -0.032946474850177765 -0.10376584529876709 -2.161209093286636
[14 INFO root] -0.03365648165345192 -0.10482799261808395 -2.17163606324872
[14 INFO root] -0.03436793014407158 -0.1058683916926384 -2.181072545703237
[14 INFO root] -0.03507941961288452 -0.10688785463571548 -2.1895923387965723
[14 INFO root] -0.03578978031873703 -0.10788723826408386 -2.1972646386062715
[14 INFO root] -0.036498021334409714 -0.10886745899915695 -2.204153944238829
[14 INFO root] -0.03720333054661751 -0.10982941836118698 -2.210320095653392
[14 INFO root] -0.037905026227235794 -0.11077404022216797 -2.215818406673033
[14 INFO root] -0.038602251559495926 -0.11170180141925812 -2.220684495770956
[14 INFO root] -0.039291683584451675 -0.1126098558306694 -2.2248297809961683
[14 INFO root] -0.03996993973851204 -0.11349540203809738 -2.228170622944179
[14 INFO root] -0.040634218603372574 -0.11435657739639282 -2.2306564079928317
[14 INFO root] -0.041282348334789276 -0.11519236862659454 -2.2322638484574973
[14 INFO root] -0.04191271960735321 -0.1160024106502533 -2.2329901750175614
[14 INFO root] -0.042528942227363586 -0.1167929396033287 -2.2330539957501445
[14 INFO root] -0.04314383491873741 -0.11758154630661011 -2.2330539957501445
[14 INFO root] -0.043758735060691833 -0.11837015300989151 -2.2330539957501445
[14 INFO root] -0.044373635202646255 -0.11915875971317291 -2.2330539957501445
[14 INFO root] -0.04498853161931038 -0.11994736641645432 -2.2330539957501445
[14 INFO root] -0.045565471053123474 -0.12068728357553482 -2.2299390422642547
[14 INFO root] -0.046096209436655045 -0.12137187272310257 -2.2231150954936885
[14 INFO root] -0.046583838760852814 -0.12200927734375 -2.2128553158996485
[14 INFO root] -0.04703274741768837 -0.1226082593202591 -2.199451014588454
[14 INFO root] -0.04744747281074524 -0.12317697703838348 -2.18314751142563
[14 INFO root] -0.04783245176076889 -0.12372306734323502 -2.1641514038575203
[14 INFO root] -0.048191823065280914 -0.12425366789102554 -2.1426376611568583
[14 INFO root] -0.04852908477187157 -0.12477517873048782 -2.1187299524082275
[14 INFO root] -0.04884715378284454 -0.1252935379743576 -2.092515396156002
[14 INFO root] -0.04914846271276474 -0.1258144974708557 -2.0640616170072446
[14 INFO root] -0.04943493753671646 -0.1263437718153 -2.033424044179981
[14 INFO root] -0.04970796778798103 -0.12688709795475006 -2.00065080456503
[14 INFO root] -0.04996835067868233 -0.12745028734207153 -1.9657873861790947
[14 INFO root] -0.050216250121593475 -0.12803927063941956 -1.9288813631603847
[14 INFO root] -0.05045111104846001 -0.12866012752056122 -1.8899872927108732
[14 INFO root] -0.05067158862948418 -0.1293189823627472 -1.8491718429262014
[14 INFO root] -0.050875477492809296 -0.13002203404903412 -1.8065191463799215
[14 INFO root] -0.05105964094400406 -0.1307753473520279 -1.762136289896885
[14 INFO root] -0.05121994763612747 -0.13158470392227173 -1.7161587434255292
[14 INFO root] -0.05135127156972885 -0.13245542347431183 -1.6687554025213718
[14 INFO root] -0.05144753307104111 -0.13339202105998993 -1.620132779986129
[14 INFO root] -0.0515018105506897 -0.13439786434173584 -1.5705377532919618
[14 INFO root] -0.051506560295820236 -0.13547489047050476 -1.5202581907965282
[14 INFO root] -0.051453933119773865 -0.13662320375442505 -1.4696207864765112
[14 INFO root] -0.05133620277047157 -0.13784080743789673 -1.4189855758112795
[14 INFO root] -0.05114627256989479 -0.13912349939346313 -1.3687369142145551
[14 INFO root] -0.05087820068001747 -0.14046472311019897 -1.3192711654600442
[14 INFO root] -0.050527747720479965 -0.141855850815773 -1.2709819062269045
[14 INFO root] -0.05009278655052185 -0.14328645169734955 -1.2242439831940033
[14 INFO root] -0.049573592841625214 -0.14474479854106903 -1.179398111044353
[14 INFO root] -0.048971954733133316 -0.14622089266777039 -1.1390538960921457
[14 INFO root] -0.04829838126897812 -0.1476982831954956 -1.1042216313340931
[14 INFO root] -0.0475677028298378 -0.14916159212589264 -1.0749679611602023
[14 INFO root] -0.04679545387625694 -0.1505993753671646 -1.0511839726880339
[14 INFO root] -0.045996397733688354 -0.15200401842594147 -1.032682519693447
[14 INFO root] -0.04518378525972366 -0.15337130427360535 -1.0192222918939404
[14 INFO root] -0.0443689338862896 -0.15469975769519806 -1.0105294676223169
[14 INFO root] -0.04356110468506813 -0.15599004924297333 -1.0063154006358597
[14 INFO root] -0.04276757314801216 -0.15724444389343262 -1.0062896740564595
[14 INFO root] -0.041993726044893265 -0.15846647322177887 -1.0101181321974435
[14 INFO root] -0.04124314710497856 -0.15966083109378815 -1.0174117827458982
[14 INFO root] -0.04051803797483444 -0.16083262860774994 -1.0277926804165074
[14 INFO root] -0.039819713681936264 -0.16198694705963135 -1.0409205469544924
[14 INFO root] -0.03914891928434372 -0.16312864422798157 -1.0564917413962602
[14 INFO root] -0.03850606456398964 -0.16426220536231995 -1.0742336375031927
[14 INFO root] -0.037891387939453125 -0.16539177298545837 -1.0938988098039466
[14 INFO root] -0.0373050756752491 -0.16652104258537292 -1.1152595045123381
[14 INFO root] -0.036747340112924576 -0.16765333712100983 -1.1381025634081257
[14 INFO root] -0.03621847927570343 -0.16879147291183472 -1.162234125512343
[14 INFO root] -0.035718884319067 -0.169937863945961 -1.1874746115838568
[14 INFO root] -0.03524905815720558 -0.17109446227550507 -1.213646696179022
[14 INFO root] -0.034809619188308716 -0.1722627580165863 -1.2405714017642249
[14 INFO root] -0.034401264041662216 -0.1734437197446823 -1.2680667444147988
[14 INFO root] -0.03402473405003548 -0.17463774979114532 -1.2959471123424378
[14 INFO root] -0.03368077054619789 -0.17584466934204102 -1.3240232828936154
[14 INFO root] -0.03337005525827408 -0.1770637035369873 -1.3521030801160276
[14 INFO root] -0.03309183940291405 -0.17829924821853638 -1.3794254210420132
[14 INFO root] -0.032845549285411835 -0.17955225706100464 -1.4053538829671601
[14 INFO root] -0.03263089805841446 -0.18081770837306976 -1.4297308602154033
[14 INFO root] -0.032447077333927155 -0.1820898950099945 -1.452468009090256
[14 INFO root] -0.03229276090860367 -0.1833631843328476 -1.4734974211433423
[14 INFO root] -0.03216618299484253 -0.18463222682476044 -1.492770567885143
[14 INFO root] -0.03206522390246391 -0.1858920156955719 -1.5102566279951233
[14 INFO root] -0.03198748826980591 -0.18713802099227905 -1.5259404295829084
[14 INFO root] -0.031930506229400635 -0.18836389482021332 -1.5400123691758467
[14 INFO root] -0.03189285099506378 -0.18953071534633636 -1.5555855235615343
[14 INFO root] -0.031874191015958786 -0.19063839316368103 -1.5728797914394856
[14 INFO root] -0.031874481588602066 -0.19169171154499054 -1.591759310838758
[14 INFO root] -0.031893540173769 -0.19269509613513947 -1.6120962587209042
[14 INFO root] -0.031931072473526 -0.19365254044532776 -1.633770392476791
[14 INFO root] -0.03198670595884323 -0.19456768035888672 -1.6566675621849494
[14 INFO root] -0.03206002339720726 -0.1954437643289566 -1.6806778712820096
[14 INFO root] -0.032150570303201675 -0.19628363847732544 -1.7056935682562167
[14 INFO root] -0.032259125262498856 -0.19709911942481995 -1.7319861089305566
[14 INFO root] -0.03238946199417114 -0.19791412353515625 -1.76026095792678
[14 INFO root] -0.03254443407058716 -0.19873467087745667 -1.7904533810268495
[14 INFO root] -0.03272707760334015 -0.19956433773040771 -1.8223927355151543
[14 INFO root] -0.03294068202376366 -0.2004062533378601 -1.8558853593913305
[14 INFO root] -0.033188723027706146 -0.201262965798378 -1.8907116856339727
[14 INFO root] -0.03347475826740265 -0.20213626325130463 -1.9266249253955734
[14 INFO root] -0.033802274614572525 -0.20302700996398926 -1.9633513243300054
[14 INFO root] -0.03417450934648514 -0.2039351761341095 -2.000592235793178
[14 INFO root] -0.034594208002090454 -0.20485959947109222 -2.038028129888249
[14 INFO root] -0.03506205976009369 -0.20579543709754944 -2.0749198830576887
[14 INFO root] -0.03557445481419563 -0.20673225820064545 -2.1100379604431128
[14 INFO root] -0.03612683713436127 -0.2076626867055893 -2.142872117479315
[14 INFO root] -0.03671310469508171 -0.20857973396778107 -2.173038235879911
[14 INFO root] -0.037325892597436905 -0.20947694778442383 -2.2002080666970194
[14 INFO root] -0.037957046180963516 -0.2103486806154251 -2.2241166246265123
[14 INFO root] -0.0385979525744915 -0.21119019389152527 -2.2445439767002826
[14 INFO root] -0.0392400398850441 -0.2119978964328766 -2.2613179135578396
[14 INFO root] -0.03987528756260872 -0.21276947855949402 -2.2743179723038027
[14 INFO root] -0.04049663245677948 -0.2135039120912552 -2.283472037611877
[14 INFO root] -0.04109824821352959 -0.214201420545578 -2.288750039666364
[14 INFO root] -0.041675712913274765 -0.21486327052116394 -2.2901566640164863
[14 INFO root] -0.04222606495022774 -0.21549175679683685 -2.287723971902038
[14 INFO root] -0.042747754603624344 -0.21608996391296387 -2.281504605770762
[14 INFO root] -0.04324052482843399 -0.21666169166564941 -2.2715660550928214
[14 INFO root] -0.04370522126555443 -0.21721138060092926 -2.2579862720904913
[14 INFO root] -0.04414358735084534 -0.21774403750896454 -2.240850779628349
[14 INFO root] -0.04455801844596863 -0.21826519072055817 -2.2202513110240973
[14 INFO root] -0.04495132714509964 -0.21878089010715485 -2.196285958861639
[14 INFO root] -0.04532647877931595 -0.21929767727851868 -2.169060775141252
[14 INFO root] -0.04568839073181152 -0.21982556581497192 -2.139575486518157
[14 INFO root] -0.04604048281908035 -0.22037285566329956 -2.1089315028303384
[14 INFO root] -0.04638311266899109 -0.22094297409057617 -2.0773154661368087
[14 INFO root] -0.04671601578593254 -0.22153867781162262 -2.044822346817877
[14 INFO root] -0.04703860357403755 -0.22216258943080902 -2.011558133648976
[14 INFO root] -0.04734993353486061 -0.2228170931339264 -1.9776402821765442
[14 INFO root] -0.04764874279499054 -0.22350434958934784 -1.943197966972672
[14 INFO root] -0.047933466732501984 -0.22422611713409424 -1.908371984898041
[14 INFO root] -0.048202283680438995 -0.22498376667499542 -1.8733142490378454
[14 INFO root] -0.04845317080616951 -0.22577814757823944 -1.8381868245827055
[14 INFO root] -0.048683978617191315 -0.22660954296588898 -1.8031604763999953
[14 INFO root] -0.04889252036809921 -0.22747765481472015 -1.7684127240787004
[14 INFO root] -0.0490562729537487 -0.22827962040901184 -1.7355177719245696
[14 INFO root] -0.049177560955286026 -0.2289930284023285 -1.70463526176436
[14 INFO root] -0.04926497861742973 -0.22962574660778046 -1.6755132035935514
[14 INFO root] -0.04932583123445511 -0.23018717765808105 -1.6479294361990118
[14 INFO root] -0.04936588928103447 -0.23068556189537048 -1.6217148415169114
[14 INFO root] -0.04938972741365433 -0.23112790286540985 -1.5967415282069517
[14 INFO root] -0.049400996416807175 -0.23152001202106476 -1.5729128031558297
[14 INFO root] -0.04940265417098999 -0.23186661303043365 -1.550154969122643
[14 INFO root] -0.04939714074134827 -0.23217140138149261 -1.5284106096928762
[14 INFO root] -0.04938651993870735 -0.23243720829486847 -1.507633091391256
[14 INFO root] -0.049372587352991104 -0.23266611993312836 -1.4877820714354524
[14 INFO root] -0.049356941133737564 -0.2328595668077469 -1.468819847484472
[14 INFO root] -0.04934104159474373 -0.23301850259304047 -1.4507084273324775
[14 INFO root] -0.049326248466968536 -0.23314346373081207 -1.4334072346141946
[14 INFO root] -0.04931383952498436 -0.23323476314544678 -1.4168714023870717
[14 INFO root] -0.0493050143122673 -0.2332925796508789 -1.4010506394554556
[14 INFO root] -0.04930088669061661 -0.23331718146800995 -1.3858886822071148
[14 INFO root] -0.04930245503783226 -0.23330898582935333 -1.3713233633101798
[14 INFO root] -0.049310579895973206 -0.23326870799064636 -1.35728733197244
[14 INFO root] -0.04932594671845436 -0.23319754004478455 -1.3437094421700082
[14 INFO root] -0.04934902489185333 -0.23309721052646637 -1.3305167807217562
[14 INFO root] -0.04938003048300743 -0.23297007381916046 -1.3176372370139497
[14 INFO root] -0.04941890761256218 -0.2328191101551056 -1.3050024299066334
[14 INFO root] -0.049465324729681015 -0.2326478511095047 -1.2925507239800462
[14 INFO root] -0.0495186522603035 -0.23246034979820251 -1.2802300122856856
[14 INFO root] -0.04957801103591919 -0.23226098716259003 -1.2679999397021287
[14 INFO root] -0.04964231327176094 -0.23205430805683136 -1.2558333010980587
[14 INFO root] -0.04971029609441757 -0.23184479773044586 -1.243716463702027
[14 INFO root] -0.04978058487176895 -0.23163679242134094 -1.231643437836465
[14 INFO root] -0.04985016956925392 -0.2314387410879135 -1.218888580641144
[14 INFO root] -0.04991763457655907 -0.2312542349100113 -1.205371631717439
[14 INFO root] -0.04998172074556351 -0.23108600080013275 -1.1910802522354358
[14 INFO root] -0.05004090443253517 -0.23093701899051666 -1.1760102047173235
[14 INFO root] -0.05009336769580841 -0.2308104783296585 -1.160171699202817
[14 INFO root] -0.05013697221875191 -0.23070979118347168 -1.143591573910325
[14 INFO root] -0.050169311463832855 -0.230638325214386 -1.1263146886907243
[14 INFO root] -0.05018773674964905 -0.2305993288755417 -1.10840450712085
[14 INFO root] -0.05018943175673485 -0.23059578239917755 -1.08994270705115
[14 INFO root] -0.05017148703336716 -0.23063017427921295 -1.0710277593486262
[14 INFO root] -0.05013098940253258 -0.23070451617240906 -1.0517725348361697
[14 INFO root] -0.05006512999534607 -0.23082014918327332 -1.0323011167977751
[14 INFO root] -0.04997129738330841 -0.23097774386405945 -1.012745086918189
[14 INFO root] -0.04984715208411217 -0.23117731511592865 -0.9932395987356656
[14 INFO root] -0.04969071224331856 -0.23141823709011078 -0.9739195487215488
[14 INFO root] -0.04950038716197014 -0.23169930279254913 -0.9549161073399832
[14 INFO root] -0.04927501827478409 -0.23201888799667358 -0.9363537961343605
[14 INFO root] -0.0490138940513134 -0.23237495124340057 -0.91834821053464
[14 INFO root] -0.0487167164683342 -0.23276521265506744 -0.901004408060584
[14 INFO root] -0.04836995527148247 -0.23320446908473969 -0.8853307304288639
[14 INFO root] -0.04796408861875534 -0.23370219767093658 -0.8721627671965125
[14 INFO root] -0.04750416427850723 -0.23425109684467316 -0.8614115234112887
[14 INFO root] -0.04699630290269852 -0.2348438799381256 -0.852894717046374
[14 INFO root] -0.04644589498639107 -0.2354751080274582 -0.8464484746458076
[14 INFO root] -0.04585770145058632 -0.23614071309566498 -0.8419250261653258
[14 INFO root] -0.04523595795035362 -0.23683765530586243 -0.839188833961079
[14 INFO root] -0.0445844940841198 -0.23756365478038788 -0.8381131993883782
[14 INFO root] -0.0439068004488945 -0.23831699788570404 -0.8385773805229799
[14 INFO root] -0.0432061143219471 -0.23909640312194824 -0.8404642002963232
[14 INFO root] -0.04248545691370964 -0.2399008423089981 -0.843658126916009
[14 INFO root] -0.04174770042300224 -0.2407294660806656 -0.8480438186531684
[14 INFO root] -0.04099559411406517 -0.2415815144777298 -0.8535051339950208
[14 INFO root] -0.04023179039359093 -0.24245619773864746 -0.8599246105917125
[14 INFO root] -0.039458878338336945 -0.24335269629955292 -0.8671834098555466
[14 INFO root] -0.03867937624454498 -0.24427007138729095 -0.8751617085124297
[14 INFO root] -0.03789573907852173 -0.24520722031593323 -0.8837395182461465
[14 INFO root] -0.037110354751348495 -0.24616289138793945 -0.8927978546683856
[14 INFO root] -0.036325521767139435 -0.24713560938835144 -0.9022201520209692
[14 INFO root] -0.03554343804717064 -0.24812376499176025 -0.9118938103916685
[14 INFO root] -0.03476617485284805 -0.24912554025650024 -0.9217117531546383
[14 INFO root] -0.03399565815925598 -0.2501389682292938 -0.9315738866565744
[14 INFO root] -0.0332336463034153 -0.25116199254989624 -0.9413883805100248
[14 INFO root] -0.032481711357831955 -0.2521924376487732 -0.9510727009759229
[14 INFO root] -0.03174123540520668 -0.2532281279563904 -0.9605543514288417
[14 INFO root] -0.031013382598757744 -0.2542668879032135 -0.9697713004027407
[14 INFO root] -0.030302081257104874 -0.2553022503852844 -0.9784088096692518
[14 INFO root] -0.02960830368101597 -0.2563311457633972 -0.9863791599108143
[14 INFO root] -0.028932029381394386 -0.25735169649124146 -0.9936663336740456
[14 INFO root] -0.028273023664951324 -0.2583622336387634 -1.0002649838687037
[14 INFO root] -0.027630925178527832 -0.2593613564968109 -1.0061751568120345
[14 INFO root] -0.027005257084965706 -0.260347843170166 -1.0114013445483059
[14 INFO root] -0.02639545500278473 -0.26132065057754517 -1.0159516956803178
[14 INFO root] -0.025800878182053566 -0.2622789740562439 -1.0198373547210116
[14 INFO root] -0.025220321491360664 -0.2632230222225189 -1.0231014194802273
[14 INFO root] -0.02465246617794037 -0.2641533315181732 -1.0257939844914805
[14 INFO root] -0.024096058681607246 -0.2650705575942993 -1.0279619916270621
[14 INFO root] -0.02354993112385273 -0.26597535610198975 -1.0296483964054999
[14 INFO root] -0.02303079329431057 -0.26683881878852844 -1.031328391293716
[14 INFO root] -0.022596992552280426 -0.2675630450248718 -1.0345260767398305
[14 INFO root] -0.022242432460188866 -0.26815906167030334 -1.0394109407844887
[14 INFO root] -0.02195357158780098 -0.2686498463153839 -1.0460021392326593
[14 INFO root] -0.02171844244003296 -0.26905524730682373 -1.0543250856326258
[14 INFO root] -0.021526802331209183 -0.2693919241428375 -1.064408834452085
[14 INFO root] -0.02137003466486931 -0.26967379450798035 -1.0762843262331918
[14 INFO root] -0.021240966394543648 -0.26991239190101624 -1.0899829198515958
[14 INFO root] -0.02113368920981884 -0.27011725306510925 -1.1055352979930877
[14 INFO root] -0.02104337140917778 -0.2702963650226593 -1.1229707192088396
[14 INFO root] -0.020966092124581337 -0.2704564332962036 -1.1423165331664809
[14 INFO root] -0.020898697897791862 -0.2706031799316406 -1.1635978619112817
[14 INFO root] -0.02083868719637394 -0.27074146270751953 -1.1868373573414883
[14 INFO root] -0.020784109830856323 -0.27087560296058655 -1.2120549571407302
[14 INFO root] -0.020733490586280823 -0.27100956439971924 -1.2392670922800708
[14 INFO root] -0.02068561129271984 -0.2711474597454071 -1.2684809448243894
[14 INFO root] -0.020639726892113686 -0.27129316329956055 -1.2997002561777247
[14 INFO root] -0.02059558592736721 -0.2714501619338989 -1.3329275515252386
[14 INFO root] -0.02055342122912407 -0.2716217637062073 -1.3681649129899403
[14 INFO root] -0.020513927564024925 -0.2718108892440796 -1.4054146597508
[14 INFO root] -0.02047824300825596 -0.27202028036117554 -1.4446800333091332
[14 INFO root] -0.020447954535484314 -0.27225247025489807 -1.4859658733976508
[14 INFO root] -0.02042509615421295 -0.27250975370407104 -1.5292792342908912
[14 INFO root] -0.020412147045135498 -0.27279430627822876 -1.574629839216459
[14 INFO root] -0.02041204459965229 -0.27310803532600403 -1.6220303400136353
[14 INFO root] -0.020428217947483063 -0.2734527289867401 -1.6714963477869207
[14 INFO root] -0.020464599132537842 -0.27382993698120117 -1.7230461752576351
[14 INFO root] -0.020525680854916573 -0.27424100041389465 -1.776700202570124
[14 INFO root] -0.020616551861166954 -0.2746870815753937 -1.8324798442208061
[14 INFO root] -0.020742952823638916 -0.27516892552375793 -1.890405914446152
[14 INFO root] -0.020911341533064842 -0.27568697929382324 -1.9504961619485874
[14 INFO root] -0.02112937904894352 -0.2762422561645508 -2.012759187043447
[14 INFO root] -0.021405644714832306 -0.2768348455429077 -2.077188282310089
[14 INFO root] -0.021749485284090042 -0.27746355533599854 -2.143757355772851
[14 INFO root] -0.02217087522149086 -0.2781255841255188 -2.2124152141420197
[14 INFO root] -0.022679951041936874 -0.2788161039352417 -2.283083825109153
[14 INFO root] -0.023287268355488777 -0.27952876687049866 -2.35564132477076
[14 INFO root] -0.02400357648730278 -0.2802555561065674 -2.42990707524129
[14 INFO root] -0.024839254096150398 -0.28098636865615845 -2.505629366009039
[14 INFO root] -0.025803469121456146 -0.2817087769508362 -2.5824759201754537
[14 INFO root] -0.026911895722150803 -0.2824133336544037 -2.6596617701675274
[14 INFO root] -0.028201468288898468 -0.28309938311576843 -2.7350532352905903
[14 INFO root] -0.029668349772691727 -0.2837430238723755 -2.8076182924858557
[14 INFO root] -0.03129538893699646 -0.2843199670314789 -2.8765216080588196
[14 INFO root] -0.03305735066533089 -0.2848106622695923 -2.941051368137017
[14 INFO root] -0.034923236817121506 -0.2852020561695099 -3.0006703383660653
[14 INFO root] -0.03685923293232918 -0.28548821806907654 -3.055043641542166
[14 INFO root] -0.0388316847383976 -0.28567007184028625 -3.1040401309182966
[14 INFO root] -0.040809597820043564 -0.28575411438941956 3.1354745111986566
[14 INFO root] -0.04276631399989128 -0.28575077652931213 3.0969330893014724
[14 INFO root] -0.04468031972646713 -0.28567278385162354 3.0632209500800593
[14 INFO root] -0.04653535410761833 -0.2855335474014282 3.033974887583053
[14 INFO root] -0.04832002893090248 -0.28534621000289917 3.008801636165324
[14 INFO root] -0.05002724006772041 -0.28512269258499146 2.9873020730567768
[14 INFO root] -0.051653508096933365 -0.28487351536750793 2.9690864431682704
[14 INFO root] -0.05319841206073761 -0.2846073508262634 2.953781734652213
[14 INFO root] -0.05466418340802193 -0.28433120250701904 2.941032781241995
[14 INFO root] -0.05605543032288551 -0.284050315618515 2.9304987885127756
[14 INFO root] -0.057378970086574554 -0.2837682068347931 2.921847146941469
[14 INFO root] -0.05864369869232178 -0.283486932516098 2.9147473752649367
[14 INFO root] -0.059860337525606155 -0.2832070589065552 2.908866519736869
[14 INFO root] -0.06104103848338127 -0.2829279601573944 2.9038686408379357
[14 INFO root] -0.062198758125305176 -0.2826480567455292 2.8994205602501837
[14 INFO root] -0.06334637105464935 -0.2823651134967804 2.8952044781458532
[14 INFO root] -0.06449723243713379 -0.2820761799812317 2.8908981441303254
[14 INFO root] -0.06566648930311203 -0.2817772924900055 2.8861411066582146
[14 INFO root] -0.06686773151159286 -0.281464159488678 2.880617868954094
[14 INFO root] -0.06811124086380005 -0.2811327874660492 2.874103652149218
[14 INFO root] -0.06940322369337082 -0.28077957034111023 2.8664867479539207
[14 INFO root] -0.07074569165706635 -0.28040170669555664 2.8577726385358884
[14 INFO root] -0.07213679701089859 -0.27999719977378845 2.8480702805801443
[14 INFO root] -0.0735715925693512 -0.2795650064945221 2.837565600355164
[14 INFO root] -0.07504293322563171 -0.2791050374507904 2.8264897305157195
[14 INFO root] -0.07654232531785965 -0.27861806750297546 2.815088978014262
[14 INFO root] -0.07806070894002914 -0.27810582518577576 2.8036014193666623
[14 INFO root] -0.07958903163671494 -0.27757060527801514 2.792240301565915
[14 INFO root] -0.08111874759197235 -0.2770152986049652 2.7811845391271715
[14 INFO root] -0.0826420858502388 -0.27644312381744385 2.7705752884299533
[14 INFO root] -0.08415224403142929 -0.27585747838020325 2.7605169050598506
[14 INFO root] -0.0856434553861618 -0.2752617597579956 2.751080614656237
[14 INFO root] -0.0871109589934349 -0.27465927600860596 2.742309535423991
[14 INFO root] -0.08855094015598297 -0.2740531861782074 2.7342240728574834
[14 INFO root] -0.08996044844388962 -0.27344635128974915 2.7268270624053534
[14 INFO root] -0.09133725613355637 -0.27284136414527893 2.720108318659875
[14 INFO root] -0.09267981350421906 -0.272240549325943 2.7140484505694458
[14 INFO root] -0.09398705512285233 -0.2716458737850189 2.7086219303945422
[14 INFO root] -0.09525840729475021 -0.2710590660572052 2.7037994769742806
[14 INFO root] -0.09641353040933609 -0.2705191373825073 2.6992034134278216
[14 INFO root] -0.09741289913654327 -0.2700463533401489 2.6944524866728394
[14 INFO root] -0.09827584028244019 -0.26963311433792114 2.6893664796247143
[14 INFO root] -0.09902408719062805 -0.2692701518535614 2.683824074780297
[14 INFO root] -0.09967520087957382 -0.26894986629486084 2.677734617834444
[14 INFO root] -0.10024575144052505 -0.2686649262905121 2.671001122709334
[14 INFO root] -0.10075080394744873 -0.26840847730636597 2.663532978306721
[14 INFO root] -0.10120287537574768 -0.2681747078895569 2.6552584541063946
[14 INFO root] -0.10161218047142029 -0.26795879006385803 2.646122278433384
[14 INFO root] -0.10198700428009033 -0.26775670051574707 2.636081134181122
[14 INFO root] -0.10233406722545624 -0.2675651013851166 2.6251001077621847
[14 INFO root] -0.10265889018774033 -0.26738113164901733 2.6131500913668573
[14 INFO root] -0.10296601802110672 -0.26720231771469116 2.600205989182515
[14 INFO root] -0.10325928032398224 -0.26702651381492615 2.5862456337265374
[14 INFO root] -0.10354196280241013 -0.26685166358947754 2.57124936252711
[14 INFO root] -0.10381699353456497 -0.2666758596897125 2.555200237725681
[14 INFO root] -0.10408703982830048 -0.26649707555770874 2.5380849132939103
[14 INFO root] -0.10435466468334198 -0.2663132846355438 2.5198951658057336
[14 INFO root] -0.10462234169244766 -0.2661222219467163 2.5006301025017583
[14 INFO root] -0.1048925518989563 -0.265921413898468 2.4802990406774605
[14 INFO root] -0.10516780614852905 -0.2657080888748169 2.458925010535198
[14 INFO root] -0.10545060783624649 -0.26547911763191223 2.4365487657477822
[14 INFO root] -0.10574343055486679 -0.26523101329803467 2.41323309148147
[14 INFO root] -0.10604865103960037 -0.2649599611759186 2.3890670841619985
[14 INFO root] -0.10636842995882034 -0.26466190814971924 2.3641699557482854
[14 INFO root] -0.10670464485883713 -0.2643325626850128 2.338693813392002
[14 INFO root] -0.10705870389938354 -0.2639676034450531 2.3128248175699904
[14 INFO root] -0.10743149369955063 -0.26356297731399536 2.286782164130319
[14 INFO root] -0.10782326012849808 -0.2631148397922516 2.260814493596161
[14 INFO root] -0.10823360085487366 -0.26262015104293823 2.2351936052684502
[14 INFO root] -0.1086614653468132 -0.2620764970779419 2.210205710675439
[14 INFO root] -0.10910588502883911 -0.26148179173469543 2.186151676251685
[14 INFO root] -0.10956557095050812 -0.26083463430404663 2.163330140281532
[14 INFO root] -0.11003872007131577 -0.26013511419296265 2.142017132305934
[14 INFO root] -0.11052317917346954 -0.2593846619129181 2.1224541874391543
[14 INFO root] -0.11101672798395157 -0.25858598947525024 2.10483918872618
[14 INFO root] -0.11151719838380814 -0.2577429413795471 2.0893197703473834
[14 INFO root] -0.11202271282672882 -0.2568601071834564 2.0759917767025224
[14 INFO root] -0.11253175139427185 -0.25594252347946167 2.0649011527585936
[14 INFO root] -0.11304322630167007 -0.2549954652786255 2.0560480072714227
[14 INFO root] -0.11355647444725037 -0.2540241777896881 2.0493921127391266
[14 INFO root] -0.11407119780778885 -0.25303369760513306 2.044859190498463
[14 INFO root] -0.11458747088909149 -0.25202858448028564 2.0423512183142467
[14 INFO root] -0.11510607600212097 -0.2510121762752533 2.0417669682517627
[14 INFO root] -0.11562798917293549 -0.24998733401298523 2.042989705772974
[14 INFO root] -0.11615152657032013 -0.24896195530891418 2.0454884856770987
[14 INFO root] -0.11666803807020187 -0.24795620143413544 2.0477348165992537
[14 INFO root] -0.11717738956212997 -0.24696992337703705 2.049614392118699
[14 INFO root] -0.11768034845590591 -0.24600057303905487 2.0511779762836944
[14 INFO root] -0.11817760020494461 -0.2450459748506546 2.0524691859241
[14 INFO root] -0.1186697706580162 -0.24410414695739746 2.0535252384351392
[14 INFO root] -0.11915741115808487 -0.24317345023155212 2.054377979192247
[14 INFO root] -0.1196410283446312 -0.242252379655838 2.0550547289572623
[14 INFO root] -0.1201210767030716 -0.24133965373039246 2.055578982968798
[14 INFO root] -0.12059609591960907 -0.24043767154216766 2.056171310233228
[14 INFO root] -0.12105742841959 -0.23956291377544403 2.057886253116898
[14 INFO root] -0.12150708585977554 -0.2387135773897171 2.0608123226843515
[14 INFO root] -0.1219482272863388 -0.2378859668970108 2.0649151230179306
[14 INFO root] -0.122383713722229 -0.23707672953605652 2.070153336368638
[14 INFO root] -0.12281616777181625 -0.23628292977809906 2.0764778960557946
[14 INFO root] -0.12324795871973038 -0.23550193011760712 2.0838313237215402
[14 INFO root] -0.12368128448724747 -0.23473140597343445 2.0921471947082173
[14 INFO root] -0.12411815673112869 -0.2339692860841751 2.1013497453565293
[14 INFO root] -0.12456044554710388 -0.23321378231048584 2.1113536498388106
[14 INFO root] -0.12500983476638794 -0.23246333003044128 2.122063997287885
[14 INFO root] -0.12539324164390564 -0.23183797299861908 2.133221979123872
[14 INFO root] -0.12571832537651062 -0.23132073879241943 2.1447898491645856
[14 INFO root] -0.1260008066892624 -0.23088261485099792 2.1567281994960052
[14 INFO root] -0.12625236809253693 -0.23050245642662048 2.1689776944870207
[14 INFO root] -0.12648150324821472 -0.2301652431488037 2.1814671736447604
[14 INFO root] -0.12669429183006287 -0.2298603355884552 2.1941190879785215
[14 INFO root] -0.12689514458179474 -0.22958016395568848 2.2068533245192508
[14 INFO root] -0.12708720564842224 -0.22931934893131256 2.2195899365146783
[14 INFO root] -0.12727265059947968 -0.22907410562038422 2.232251084030116
[14 INFO root] -0.1274530291557312 -0.22884175181388855 2.2447623845013323
[14 INFO root] -0.12762939929962158 -0.22862036526203156 2.257053812722699
[14 INFO root] -0.12780241668224335 -0.2284085899591446 2.269060252491321
[14 INFO root] -0.1279725283384323 -0.22820539772510529 2.280721425871095
[14 INFO root] -0.12814006209373474 -0.22800996899604797 2.2919816971816642
[14 INFO root] -0.1283043622970581 -0.2278226613998413 2.3027995684566105
[14 INFO root] -0.1284610778093338 -0.2276478409767151 2.3138976131213367
[14 INFO root] -0.12860804796218872 -0.2274874895811081 2.325836061303328
[14 INFO root] -0.1287459135055542 -0.22734062373638153 2.3387083199476884
[14 INFO root] -0.1288757026195526 -0.22720584273338318 2.352560172538891
[14 INFO root] -0.1289985477924347 -0.22708173096179962 2.367437827028474
[14 INFO root] -0.12911558151245117 -0.22696693241596222 2.383388214464375
[14 INFO root] -0.12922795116901398 -0.2268601655960083 2.400459409306063
[14 INFO root] -0.12933678925037384 -0.22676020860671997 2.4187010283446746
[14 INFO root] -0.12944325804710388 -0.2266659289598465 2.438164610101535
[14 INFO root] -0.1295485496520996 -0.22657625377178192 2.458903978271722
[14 INFO root] -0.1296539157629013 -0.22649019956588745 2.4809755944016616
[14 INFO root] -0.12976066768169403 -0.22640687227249146 2.5044389060762633
[14 INFO root] -0.12987017631530762 -0.22632542252540588 2.5293569057312237
[14 INFO root] -0.12998394668102264 -0.22624512016773224 2.5557967301761364
[14 INFO root] -0.13010355830192566 -0.226165309548378 2.583829985899259
[14 INFO root] -0.13023079931735992 -0.22608545422554016 2.6135330077481473
[14 INFO root] -0.13036762177944183 -0.22600512206554413 2.644987158138557
[14 INFO root] -0.13051623106002808 -0.2259240299463272 2.6782791809078503
[14 INFO root] -0.13067907094955444 -0.22584204375743866 2.71350160291976
[14 INFO root] -0.13085892796516418 -0.22575926780700684 2.750753166374072
[14 INFO root] -0.13105888664722443 -0.2256760597229004 2.7901392603517077
[14 INFO root] -0.13128246366977692 -0.22559316456317902 2.8317722978950446
[14 INFO root] -0.13153359293937683 -0.22551172971725464 2.8757719514868474
[14 INFO root] -0.13181672990322113 -0.22543342411518097 2.922265110630811
[14 INFO root] -0.13213689625263214 -0.22536063194274902 2.971385315550297
[14 INFO root] -0.13249970972537994 -0.22529663145542145 3.023271301297267
[14 INFO root] -0.13291150331497192 -0.22524572908878326 3.078064326908578
[14 INFO root] -0.13337935507297516 -0.2252136617898941 3.135903660183474
[14 INFO root] -0.13391102850437164 -0.22520789504051208 -3.0862659391418905
[14 INFO root] -0.1345149278640747 -0.22523805499076843 -3.0219639781891243
[14 INFO root] -0.13519994914531708 -0.22531643509864807 -2.954302153200989
[14 INFO root] -0.1359749734401703 -0.22545850276947021 -2.883265718877571
[14 INFO root] -0.13684824109077454 -0.22568339109420776 -2.808929133354715
[14 INFO root] -0.13782623410224915 -0.2260141223669052 -2.7314944979153535
[14 INFO root] -0.13891221582889557 -0.22647741436958313 -2.6513364911963238
[14 INFO root] -0.14010421931743622 -0.22710275650024414 -2.5690486622316766
[14 INFO root] -0.1413930356502533 -0.22792014479637146 -2.4854808216271933
[14 INFO root] -0.14276039600372314 -0.22895659506320953 -2.4017516520721873
[14 INFO root] -0.1441783905029297 -0.23023129999637604 -2.31921757514855
[14 INFO root] -0.1456107497215271 -0.23175036907196045 -2.2393831237910358
[14 INFO root] -0.14701643586158752 -0.23350271582603455 -2.1637534206645372
[14 INFO root] -0.14835508167743683 -0.23545867204666138 -2.0936536273146316
[14 INFO root] -0.14959272742271423 -0.2375725954771042 -2.0300617507058862
[14 INFO root] -0.15070614218711853 -0.23978883028030396 -1.9735041675187843
[14 INFO root] -0.15168443322181702 -0.24204950034618378 -1.9241775235963325
[14 INFO root] -0.1525280475616455 -0.24430148303508759 -1.8828846230541505
[14 INFO root] -0.15324698388576508 -0.24649758636951447 -1.8488985493173513
[14 INFO root] -0.1538562923669815 -0.24860326945781708 -1.8212473551100263
[14 INFO root] -0.15437237918376923 -0.25059637427330017 -1.7989851293015797
[14 INFO root] -0.15481095016002655 -0.25246474146842957 -1.7812557893496446
[14 INFO root] -0.15518587827682495 -0.2542036473751068 -1.767319860011016
[14 INFO root] -0.15550890564918518 -0.2558135688304901 -1.7565569871985198
[14 INFO root] -0.15578971803188324 -0.2572982907295227 -1.7484561906546714
[14 INFO root] -0.1560361236333847 -0.25866377353668213 -1.742600905115017
[14 INFO root] -0.15625441074371338 -0.25991708040237427 -1.7386526758908951
[14 INFO root] -0.1564495861530304 -0.26106590032577515 -1.7363357050874937
[14 INFO root] -0.1566256582736969 -0.2621181607246399 -1.7354232447314837
[14 INFO root] -0.1567905694246292 -0.26311028003692627 -1.7353458218232416
[14 INFO root] -0.15695439279079437 -0.26409676671028137 -1.7353458218232416
[14 INFO root] -0.15711820125579834 -0.2650832533836365 -1.7353458218232416
[14 INFO root] -0.1572820097208023 -0.2660697400569916 -1.7353458218232416
[14 INFO root] -0.15744581818580627 -0.2670562267303467 -1.7353458218232416
[14 INFO root] -0.15760962665081024 -0.26804274320602417 -1.7353458218232416
[14 INFO root] -0.1577734351158142 -0.2690292298793793 -1.7353458218232416
[14 INFO root] -0.15793724358081818 -0.2700157165527344 -1.7353458218232416
[14 INFO root] -0.15810105204582214 -0.2710022032260895 -1.7353458218232416
[14 INFO root] -0.15826484560966492 -0.2719886898994446 -1.7353458218232416
[14 INFO root] -0.15842865407466888 -0.2729751765727997 -1.7353458218232416
[14 INFO root] -0.15859246253967285 -0.2739616930484772 -1.7353458218232416
[14 INFO root] -0.15875627100467682 -0.2749481797218323 -1.7353458218232416
[14 INFO root] -0.1589200794696808 -0.2759346663951874 -1.7353458218232416
[14 INFO root] -0.15908388793468475 -0.2769211530685425 -1.7353458218232416
[14 INFO root] -0.15924769639968872 -0.2779076397418976 -1.7353458218232416
[14 INFO root] -0.1594115048646927 -0.2788941562175751 -1.7353458218232416
[14 INFO root] -0.15957531332969666 -0.2798806428909302 -1.7353458218232416
[14 INFO root] -0.15973912179470062 -0.2808671295642853 -1.7353458218232416
[14 INFO root] -0.1599029302597046 -0.2818536162376404 -1.7353458218232416
[14 INFO root] -0.16006673872470856 -0.2828401029109955 -1.7353458218232416
[14 INFO root] -0.16023054718971252 -0.283826619386673 -1.7353458218232416
[14 INFO root] -0.1603943556547165 -0.2848131060600281 -1.7353458218232416
[14 INFO root] -0.16055816411972046 -0.2857995927333832 -1.7353458218232416
[14 INFO root] -0.16072197258472443 -0.2867860794067383 -1.7353458218232416
[14 INFO root] -0.1608857810497284 -0.2877725660800934 -1.7353458218232416
[14 INFO root] -0.16104958951473236 -0.2887590527534485 -1.7353458218232416
[14 INFO root] -0.16121339797973633 -0.289745569229126 -1.7353458218232416
[14 INFO root] -0.1613772064447403 -0.2907320559024811 -1.7353458218232416
[14 INFO root] -0.16154101490974426 -0.2917185425758362 -1.7353458218232416
[14 INFO root] -0.16170482337474823 -0.2927050292491913 -1.7353458218232416
[14 INFO root] -0.1618686318397522 -0.2936915159225464 -1.7353458218232416
[14 INFO root] -0.16203244030475616 -0.2946780323982239 -1.7353458218232416
[14 INFO root] -0.16219624876976013 -0.295664519071579 -1.7353458218232416
[14 INFO root] -0.1623600572347641 -0.2966510057449341 -1.7353458218232416
[14 INFO root] -0.16252386569976807 -0.2976374924182892 -1.7353458218232416
[14 INFO root] -0.16268767416477203 -0.2986239790916443 -1.7353458218232416
[14 INFO root] -0.1628514677286148 -0.2996104657649994 -1.7353458218232416
[14 INFO root] -0.16301527619361877 -0.3005969822406769 -1.7353458218232416
[14 INFO root] -0.16317908465862274 -0.301583468914032 -1.7353458218232416
[14 INFO root] -0.1633428931236267 -0.3025699555873871 -1.7353458218232416
[14 INFO root] -0.16350670158863068 -0.3035564422607422 -1.7353458218232416
[14 INFO root] -0.16367051005363464 -0.3045429289340973 -1.7353458218232416
[14 INFO root] -0.1638343185186386 -0.3055294454097748 -1.7353458218232416
[14 INFO root] -0.16399812698364258 -0.3065159320831299 -1.7353458218232416
[14 INFO root] -0.16416193544864655 -0.307502418756485 -1.7353458218232416
[14 INFO root] -0.1643257439136505 -0.3084889054298401 -1.7353458218232416
[14 INFO root] -0.16448955237865448 -0.3094753921031952 -1.7353458218232416
[14 INFO root] -0.16465336084365845 -0.3104619085788727 -1.7353458218232416
[14 INFO root] -0.16481716930866241 -0.3114483952522278 -1.7353458218232416
[14 INFO root] -0.16498097777366638 -0.3124348819255829 -1.7353458218232416
[14 INFO root] -0.16514478623867035 -0.313421368598938 -1.7353458218232416
[14 INFO root] -0.16530859470367432 -0.3144078552722931 -1.7353458218232416
[14 INFO root] -0.16547240316867828 -0.3153943419456482 -1.7353458218232416
[14 INFO root] -0.16563621163368225 -0.3163808584213257 -1.7353458218232416
[14 INFO root] -0.16580002009868622 -0.3173673450946808 -1.7353458218232416
[14 INFO root] -0.16596382856369019 -0.3183538317680359 -1.7353458218232416
[14 INFO root] -0.16612763702869415 -0.319340318441391 -1.7353458218232416
[14 INFO root] -0.16629144549369812 -0.3203268051147461 -1.7353458218232416
[14 INFO root] -0.1664552539587021 -0.3213133215904236 -1.7353458218232416
[14 INFO root] -0.16661906242370605 -0.3222998082637787 -1.7353458218232416
[14 INFO root] -0.16678287088871002 -0.3232862949371338 -1.7353458218232416
[14 INFO root] -0.166946679353714 -0.3242727816104889 -1.7353458218232416
