[38 INFO root] Initialising Python Geth Console...
[38 INFO root] Initialising RandB board...
[38 INFO root] Initialising resource sensor...
[38 INFO root] Initialising random-walk...
[38 INFO root] Initialising navigation...
[38 INFO root] Initialising Odo...
[38 INFO root] Initialising odometry...
[38 INFO root] Initialising gps...
[38 INFO root] Initialising Ground sensor...
[38 INFO root] --//-- Starting Experiment --//--
[38 INFO root] x y direction
[38 INFO root] -0.26259198784828186 -0.11740099638700485 -1.5984597954390065
[38 INFO root] -0.26254111528396606 -0.11556234210729599 -1.5210062496751622
[38 INFO root] -0.2626604437828064 -0.11255443841218948 -1.418052821973536
[38 INFO root] -0.26294368505477905 -0.11037705093622208 -1.2920014178671773
[38 INFO root] -0.26322948932647705 -0.1092107817530632 -1.1475242873278375
[38 INFO root] -0.2632729709148407 -0.10905015468597412 -0.9926511649910525
[38 INFO root] -0.26281946897506714 -0.10974615067243576 -0.8365403554269382
[38 INFO root] -0.26169660687446594 -0.11102602630853653 -0.6876556822216487
[38 INFO root] -0.2598899304866791 -0.11255954205989838 -0.5520132082936822
[38 INFO root] -0.25751376152038574 -0.11407124251127243 -0.43240336851830574
[38 INFO root] -0.2547440528869629 -0.11538749188184738 -0.3289296634333111
[38 INFO root] -0.2517593502998352 -0.11643999069929123 -0.2401952949864461
[38 INFO root] -0.2486899048089981 -0.11722072958946228 -0.16433272974051
[38 INFO root] -0.2456279844045639 -0.11775282025337219 -0.09956537416243255
[38 INFO root] -0.24263599514961243 -0.11807188391685486 -0.044399542477741895
[38 INFO root] -0.23975548148155212 -0.11821641772985458 0.0023743087544088326
[38 INFO root] -0.2370138019323349 -0.11822333186864853 0.04174439473826476
[38 INFO root] -0.234428271651268 -0.11812608689069748 0.07454237408855927
[38 INFO root] -0.23200887441635132 -0.11795385926961899 0.10148982782455904
[38 INFO root] -0.2297597974538803 -0.11773134022951126 0.12322566567079464
[38 INFO root] -0.22768066823482513 -0.11747875064611435 0.14032012078366382
[38 INFO root] -0.22576752305030823 -0.11721210181713104 0.15328132525718546
[38 INFO root] -0.2240135818719864 -0.11694364249706268 0.16255874408381593
[38 INFO root] -0.22241003811359406 -0.11668230593204498 0.16854591340054703
[38 INFO root] -0.22094662487506866 -0.11643426865339279 0.17158360987244445
[38 INFO root] -0.21961219608783722 -0.11620348691940308 0.17196379957768257
[38 INFO root] -0.2183951884508133 -0.11599216610193253 0.16993431997050237
[38 INFO root] -0.21727882325649261 -0.11580035835504532 0.16793235083937672
[38 INFO root] -0.2162497192621231 -0.11562566459178925 0.16722406847067614
[38 INFO root] -0.21526022255420685 -0.11545856297016144 0.16716728608340595
[38 INFO root] -0.21427416801452637 -0.11529216915369034 0.16716728608340595
[38 INFO root] -0.2132880985736847 -0.11512578278779984 0.16716728608340595
[38 INFO root] -0.2123020440340042 -0.11495938897132874 0.16716728608340595
[38 INFO root] -0.21131597459316254 -0.11479300260543823 0.16716728608340595
[38 INFO root] -0.21032992005348206 -0.11462660878896713 0.16716728608340595
[38 INFO root] -0.20934386551380157 -0.11446022242307663 0.16716728608340595
[38 INFO root] -0.2083577960729599 -0.11429383605718613 0.16716728608340595
[38 INFO root] -0.20737174153327942 -0.11412744224071503 0.16716728608340595
[38 INFO root] -0.20638568699359894 -0.11396105587482452 0.16716728608340595
[38 INFO root] -0.20539961755275726 -0.11379466205835342 0.16716728608340595
[38 INFO root] -0.20441356301307678 -0.11362827569246292 0.16716728608340595
[38 INFO root] -0.2034274935722351 -0.11346188187599182 0.16716728608340595
[38 INFO root] -0.20244143903255463 -0.11329549551010132 0.16716728608340595
[38 INFO root] -0.20145538449287415 -0.11312910169363022 0.16716728608340595
[38 INFO root] -0.20046931505203247 -0.11296271532773972 0.16716728608340595
[38 INFO root] -0.199483260512352 -0.11279632151126862 0.16716728608340595
[38 INFO root] -0.1984972059726715 -0.11262993514537811 0.16716728608340595
[38 INFO root] -0.19751113653182983 -0.11246354132890701 0.16716728608340595
[38 INFO root] -0.19652508199214935 -0.11229715496301651 0.16716728608340595
[38 INFO root] -0.19553902745246887 -0.11213076859712601 0.16716728608340595
[38 INFO root] -0.1945529580116272 -0.11196437478065491 0.16716728608340595
[38 INFO root] -0.19356690347194672 -0.1117979884147644 0.16716728608340595
[38 INFO root] -0.19258083403110504 -0.1116315945982933 0.16716728608340595
[38 INFO root] -0.19159477949142456 -0.1114652082324028 0.16716728608340595
[38 INFO root] -0.19060872495174408 -0.1112988144159317 0.16716728608340595
[38 INFO root] -0.1896226555109024 -0.1111324280500412 0.16716728608340595
[38 INFO root] -0.18863660097122192 -0.1109660342335701 0.16716728608340595
[38 INFO root] -0.18765054643154144 -0.1107996478676796 0.16716728608340595
[38 INFO root] -0.18666447699069977 -0.1106332540512085 0.16716728608340595
[38 INFO root] -0.1856784224510193 -0.110466867685318 0.16716728608340595
[38 INFO root] -0.1846923530101776 -0.1103004738688469 0.16716728608340595
[38 INFO root] -0.18370629847049713 -0.11013408750295639 0.16716728608340595
[38 INFO root] -0.18272024393081665 -0.10996770113706589 0.16716728608340595
[38 INFO root] -0.18173417448997498 -0.10980130732059479 0.16716728608340595
[38 INFO root] -0.1807481199502945 -0.10963492095470428 0.16716728608340595
[38 INFO root] -0.179762065410614 -0.10946852713823318 0.16716728608340595
[38 INFO root] -0.17877599596977234 -0.10930214077234268 0.16716728608340595
[38 INFO root] -0.17778994143009186 -0.10913574695587158 0.16716728608340595
[38 INFO root] -0.17680388689041138 -0.10896936058998108 0.16716728608340595
[38 INFO root] -0.1758178174495697 -0.10880296677350998 0.16716728608340595
[38 INFO root] -0.17483176290988922 -0.10863658040761948 0.16716728608340595
[38 INFO root] -0.17384569346904755 -0.10847018659114838 0.16716728608340595
[38 INFO root] -0.17285963892936707 -0.10830380022525787 0.16716728608340595
[38 INFO root] -0.17187358438968658 -0.10813741385936737 0.16716728608340595
[38 INFO root] -0.1708875149488449 -0.10797102004289627 0.16716728608340595
[38 INFO root] -0.16990146040916443 -0.10780463367700577 0.16716728608340595
[38 INFO root] -0.16891540586948395 -0.10763823986053467 0.16716728608340595
[38 INFO root] -0.16792933642864227 -0.10747185349464417 0.16716728608340595
[38 INFO root] -0.1669432818889618 -0.10730545967817307 0.16716728608340595
[38 INFO root] -0.16595721244812012 -0.10713907331228256 0.16716728608340595
[38 INFO root] -0.16497115790843964 -0.10697267949581146 0.16716728608340595
[38 INFO root] -0.16398510336875916 -0.10680629312992096 0.16716728608340595
[38 INFO root] -0.16299903392791748 -0.10663989931344986 0.16716728608340595
[38 INFO root] -0.162012979388237 -0.10647351294755936 0.16716728608340595
[38 INFO root] -0.16102692484855652 -0.10630711913108826 0.16716728608340595
[38 INFO root] -0.16004085540771484 -0.10614073276519775 0.16716728608340595
[38 INFO root] -0.15905480086803436 -0.10597434639930725 0.16716728608340595
[38 INFO root] -0.15806874632835388 -0.10580795258283615 0.16716728608340595
[38 INFO root] -0.1570826768875122 -0.10564156621694565 0.16716728608340595
[38 INFO root] -0.15609662234783173 -0.10547517240047455 0.16716728608340595
[38 INFO root] -0.15511055290699005 -0.10530878603458405 0.16716728608340595
[38 INFO root] -0.15412449836730957 -0.10514239221811295 0.16716728608340595
[38 INFO root] -0.1531384438276291 -0.10497600585222244 0.16716728608340595
[38 INFO root] -0.15215237438678741 -0.10480961203575134 0.16716728608340595
[38 INFO root] -0.15116631984710693 -0.10464322566986084 0.16716728608340595
[38 INFO root] -0.15018026530742645 -0.10447683185338974 0.16716728608340595
[38 INFO root] -0.14919419586658478 -0.10431044548749924 0.16716728608340595
[38 INFO root] -0.1482081413269043 -0.10414405167102814 0.16716728608340595
[38 INFO root] -0.14722207188606262 -0.10397766530513763 0.16716728608340595
[38 INFO root] -0.14623601734638214 -0.10381127893924713 0.16716728608340595
[38 INFO root] -0.14524996280670166 -0.10364488512277603 0.16716728608340595
[38 INFO root] -0.14426389336585999 -0.10347849875688553 0.16716728608340595
[38 INFO root] -0.1432778388261795 -0.10331210494041443 0.16716728608340595
[38 INFO root] -0.14229178428649902 -0.10314571857452393 0.16716728608340595
[38 INFO root] -0.14130571484565735 -0.10297932475805283 0.16716728608340595
[38 INFO root] -0.14031966030597687 -0.10281293839216232 0.16716728608340595
[38 INFO root] -0.1393336057662964 -0.10264654457569122 0.16716728608340595
[38 INFO root] -0.1383475363254547 -0.10248015820980072 0.16716728608340595
[38 INFO root] -0.13736148178577423 -0.10231376439332962 0.16716728608340595
[38 INFO root] -0.13637541234493256 -0.10214737802743912 0.16716728608340595
[38 INFO root] -0.13545243442058563 -0.10199163109064102 0.16683870015493463
[38 INFO root] -0.13462457060813904 -0.101852186024189 0.16604271098759665
[38 INFO root] -0.13388663530349731 -0.10172845423221588 0.16483458567713732
[38 INFO root] -0.13323000073432922 -0.10161913186311722 0.16327957132870746
[38 INFO root] -0.1326465904712677 -0.10152291506528854 0.16143377385086152
[38 INFO root] -0.13212887942790985 -0.1014384999871254 0.15934600552970735
[38 INFO root] -0.13166987895965576 -0.1013646200299263 0.15705946717134026
[38 INFO root] -0.13126307725906372 -0.10130009055137634 0.15461313118945594
[38 INFO root] -0.13090233504772186 -0.1012437641620636 0.15204285746090654
[38 INFO root] -0.13058193027973175 -0.1011945828795433 0.1493822682727657
[38 INFO root] -0.13029640913009644 -0.10115151852369308 0.14666340250667276
[38 INFO root] -0.13004058599472046 -0.10111365467309952 0.14391716418702521
[38 INFO root] -0.12980946898460388 -0.10108008980751038 0.14117357749416534
[38 INFO root] -0.1295982003211975 -0.1010499969124794 0.13846185990346072
[38 INFO root] -0.12940208613872528 -0.10102260857820511 0.1358103275476814
[38 INFO root] -0.12921655178070068 -0.1009972020983696 0.13324615210497248
[38 INFO root] -0.12903709709644318 -0.10097310692071915 0.1307949958802402
[38 INFO root] -0.12885941565036774 -0.10094968229532242 0.12848056012674247
[38 INFO root] -0.1286792755126953 -0.10092636942863464 0.12632408944044735
[38 INFO root] -0.12849263846874237 -0.10090263187885284 0.12434388042155331
[38 INFO root] -0.12829573452472687 -0.10087797790765762 0.12255484405564118
[38 INFO root] -0.12808498740196228 -0.10085198283195496 0.120968167325861
[38 INFO root] -0.12785719335079193 -0.1008242592215538 0.11959111027572522
[38 INFO root] -0.12760944664478302 -0.10079445689916611 0.11842696103972768
[38 INFO root] -0.12733924388885498 -0.100762277841568 0.1174751551335545
[38 INFO root] -0.12704451382160187 -0.10072746872901917 0.11673154896545386
[38 INFO root] -0.12672358751296997 -0.10068981349468231 0.11618882348108518
[38 INFO root] -0.126375213265419 -0.10064913332462311 0.11583698390738119
[38 INFO root] -0.12599854171276093 -0.10060529410839081 0.11566391663398126
[38 INFO root] -0.12559311091899872 -0.10055818408727646 0.11565596430627574
[38 INFO root] -0.12515883147716522 -0.10050772875547409 0.11579848434598128
[38 INFO root] -0.12469590455293655 -0.10045389086008072 0.11607636303396104
[38 INFO root] -0.12420481443405151 -0.10039664059877396 0.11647446553696561
[38 INFO root] -0.12368625402450562 -0.1003359854221344 0.11697801055329253
[38 INFO root] -0.12314113229513168 -0.10027195513248444 0.11757286564683295
[38 INFO root] -0.1225704774260521 -0.10020457953214645 0.11824576527755343
[38 INFO root] -0.12197542190551758 -0.10013393312692642 0.11898445781318884
[38 INFO root] -0.12135718762874603 -0.10006006807088852 0.1197777904808975
[38 INFO root] -0.12071701139211655 -0.09998306632041931 0.12061574251386076
[38 INFO root] -0.12005615234375 -0.09990302473306656 0.12148941696860761
[38 INFO root] -0.11937588453292847 -0.09982002526521683 0.12239100114757297
[38 INFO root] -0.11867742240428925 -0.09973417222499847 0.12331370454048664
[38 INFO root] -0.11796197295188904 -0.09964556246995926 0.12425168192815679
[38 INFO root] -0.11723068356513977 -0.09955430030822754 0.12519994794587624
[38 INFO root] -0.1164846420288086 -0.09946047514677048 0.12615428809992038
[38 INFO root] -0.11572488397359848 -0.09936419129371643 0.12711117004302894
[38 INFO root] -0.11495238542556763 -0.09926553815603256 0.12806765788189917
[38 INFO root] -0.11416805535554886 -0.09916461259126663 0.12902133142492309
[38 INFO root] -0.11337273567914963 -0.0990615040063858 0.12997021157822605
[38 INFO root] -0.11256721615791321 -0.09895629435777664 0.13091269254895435
[38 INFO root] -0.1117522269487381 -0.09884906560182571 0.13184748109791974
[38 INFO root] -0.11092842370271683 -0.09873989224433899 0.13277354277852768
[38 INFO root] -0.11009643226861954 -0.09862884879112244 0.13369005488512928
[38 INFO root] -0.10925610363483429 -0.09851590543985367 0.13459235020452667
[38 INFO root] -0.10840651392936707 -0.09840094298124313 0.13547108831259436
[38 INFO root] -0.107546865940094 -0.09828384220600128 0.13631701603059643
[38 INFO root] -0.1066766306757927 -0.09816455096006393 0.1371220900092626
[38 INFO root] -0.1057954952120781 -0.0980430319905281 0.13787943067616504
[38 INFO root] -0.10490334033966064 -0.09791930764913559 0.13858320339128813
[38 INFO root] -0.10400020331144333 -0.09779340028762817 0.1392285279361781
[38 INFO root] -0.10308622568845749 -0.09766538441181183 0.13981141700545038
[38 INFO root] -0.10216165333986282 -0.09753531962633133 0.14032873968350376
[38 INFO root] -0.1012268215417862 -0.09740331768989563 0.14077820460894205
[38 INFO root] -0.10028214007616043 -0.09726948291063309 0.14115835675694224
[38 INFO root] -0.09933283179998398 -0.09713461995124817 0.14004666990839373
[38 INFO root] -0.09838178008794785 -0.09700044244527817 0.1362715538842169
[38 INFO root] -0.0974268764257431 -0.09686914086341858 0.12985731242620854
[38 INFO root] -0.09646549075841904 -0.09674296528100967 0.1209655307289685
[38 INFO root] -0.09549511224031448 -0.09662414342164993 0.10976473913542749
[38 INFO root] -0.09451982378959656 -0.09651555120944977 0.09648415681294935
[38 INFO root] -0.09353730082511902 -0.09641915559768677 0.08129932266221049
[38 INFO root] -0.09254452586174011 -0.09633675962686539 0.06438152933585825
[38 INFO root] -0.0915386900305748 -0.09627021849155426 0.04590570049019762
[38 INFO root] -0.09051728248596191 -0.0962214320898056 0.026051460719844002
[38 INFO root] -0.08947814255952835 -0.09619232267141342 0.005004048950362376
[38 INFO root] -0.08841954171657562 -0.09618483483791351 -0.017045038730449182
[38 INFO root] -0.08734026551246643 -0.09620089083909988 -0.039900514613243114
[38 INFO root] -0.08623941242694855 -0.09624236822128296 -0.06339524083617838
[38 INFO root] -0.08511660248041153 -0.0963110402226448 -0.08735675900002159
[38 INFO root] -0.0839720219373703 -0.09640857577323914 -0.11159904026623492
[38 INFO root] -0.0828193798661232 -0.09653493762016296 -0.13589687710819046
[38 INFO root] -0.08166266977787018 -0.09669025987386703 -0.1600685678298636
[38 INFO root] -0.08050484955310822 -0.09687432646751404 -0.18394021127460328
[38 INFO root] -0.07934917509555817 -0.09708648920059204 -0.20734176259841514
[38 INFO root] -0.07819915562868118 -0.09732560068368912 -0.23010976276456274
[38 INFO root] -0.07705845683813095 -0.09759007394313812 -0.2520901612114159
[38 INFO root] -0.07593079656362534 -0.0978778675198555 -0.27314088950820115
[38 INFO root] -0.07481981813907623 -0.09818655997514725 -0.29313403761789114
[38 INFO root] -0.07372899353504181 -0.0985133945941925 -0.3119575135175826
[38 INFO root] -0.07266154885292053 -0.0988553836941719 -0.3295161071400719
[38 INFO root] -0.07162034511566162 -0.09920938313007355 -0.34573192857880986
[38 INFO root] -0.07060782611370087 -0.09957219660282135 -0.3605442413932309
[38 INFO root] -0.06962668150663376 -0.09994041919708252 -0.3738859422524485
[38 INFO root] -0.06867917627096176 -0.10031066089868546 -0.38570707622382194
[38 INFO root] -0.06776637583971024 -0.10068000853061676 -0.39599561957017837
[38 INFO root] -0.06688756495714188 -0.10104632377624512 -0.4047624827409244
[38 INFO root] -0.06604065001010895 -0.10140825062990189 -0.41202928090616986
[38 INFO root] -0.06522315740585327 -0.10176480561494827 -0.4178246919825038
[38 INFO root] -0.06443245708942413 -0.10211528837680817 -0.4221815159419995
[38 INFO root] -0.06366592645645142 -0.10245919972658157 -0.4251351031391942
[38 INFO root] -0.062920942902565 -0.10279621183872223 -0.42672311331938445
[38 INFO root] -0.062177564948797226 -0.10313405841588974 -0.42889884847652543
[38 INFO root] -0.061450276523828506 -0.1034664437174797 -0.4345182859698387
[38 INFO root] -0.06073737144470215 -0.1037968099117279 -0.44362238926511227
[38 INFO root] -0.060034558176994324 -0.10412999987602234 -0.4559302555602468
[38 INFO root] -0.059337712824344635 -0.10447066277265549 -0.47118114951531753
[38 INFO root] -0.05864310264587402 -0.10482320934534073 -0.48913261041892087
[38 INFO root] -0.057948414236307144 -0.10519138723611832 -0.509565861556337
[38 INFO root] -0.05725366249680519 -0.10557776689529419 -0.5322942198486689
[38 INFO root] -0.05655914917588234 -0.10598473250865936 -0.5571419837207161
[38 INFO root] -0.0558650828897953 -0.10641476511955261 -0.5839382315664772
[38 INFO root] -0.055171649903059006 -0.1068703681230545 -0.612515623875927
[38 INFO root] -0.054479122161865234 -0.10735408216714859 -0.6427093604605282
[38 INFO root] -0.053787924349308014 -0.10786843299865723 -0.6743559281560587
[38 INFO root] -0.05309867486357689 -0.10841590166091919 -0.7072916984251466
[38 INFO root] -0.052412230521440506 -0.1089988723397255 -0.7413514277165787
[38 INFO root] -0.05172969400882721 -0.1096196174621582 -0.7763667038285814
[38 INFO root] -0.05105242505669594 -0.11028022319078445 -0.8121643800074868
[38 INFO root] -0.05038202553987503 -0.11098257452249527 -0.8485650437784777
[38 INFO root] -0.049720317125320435 -0.11172828078269958 -0.8853815780866624
[38 INFO root] -0.04906933009624481 -0.11251863092184067 -0.9224178865763867
[38 INFO root] -0.04843122884631157 -0.11335454136133194 -0.9594678706871537
[38 INFO root] -0.047808293253183365 -0.1142365038394928 -0.9963147610774408
[38 INFO root] -0.04720282927155495 -0.11516452580690384 -1.0327309165599214
[38 INFO root] -0.04661709815263748 -0.11613807827234268 -1.0684782067980467
[38 INFO root] -0.046053241938352585 -0.11715609580278397 -1.1033090878747402
[38 INFO root] -0.04551317170262337 -0.11821693181991577 -1.1369684672833729
[38 INFO root] -0.044998496770858765 -0.11931835860013962 -1.1691964125813121
[38 INFO root] -0.044510409235954285 -0.12045762687921524 -1.1997316646125846
[38 INFO root] -0.04404960572719574 -0.12163148075342178 -1.2283158542813521
[38 INFO root] -0.043616220355033875 -0.12283629924058914 -1.2546982720939217
[38 INFO root] -0.04320976510643959 -0.12406814098358154 -1.2786409935356429
[38 INFO root] -0.04282912239432335 -0.12532295286655426 -1.2999241255802578
[38 INFO root] -0.04247252270579338 -0.1265966296195984 -1.3183509153762778
[38 INFO root] -0.04213760420680046 -0.12788526713848114 -1.3337524554605547
[38 INFO root] -0.041824474930763245 -0.1291726678609848 -1.3471127752622853
[38 INFO root] -0.04153258353471756 -0.13044779002666473 -1.3592154718582008
[38 INFO root] -0.04126030579209328 -0.13170787692070007 -1.3701823733683622
[38 INFO root] -0.04100598394870758 -0.13295145332813263 -1.3800702820292172
[38 INFO root] -0.04076797887682915 -0.134177565574646 -1.3889418004791911
[38 INFO root] -0.040544699877500534 -0.1353856772184372 -1.3968638393688455
[38 INFO root] -0.040334563702344894 -0.13657599687576294 -1.4039166355478885
[38 INFO root] -0.04013608396053314 -0.13774918019771576 -1.4101843772361202
[38 INFO root] -0.03994790092110634 -0.1389060765504837 -1.4157462088515358
[38 INFO root] -0.03976880759000778 -0.14004766941070557 -1.4206754894320193
[38 INFO root] -0.03959771245718002 -0.14117500185966492 -1.4250407163408656
[38 INFO root] -0.03943364694714546 -0.14228922128677368 -1.4289062950520364
[38 INFO root] -0.03927573934197426 -0.14339156448841095 -1.432333067938322
[38 INFO root] -0.03912321478128433 -0.1444832980632782 -1.435378650602636
[38 INFO root] -0.03897538781166077 -0.14556577801704407 -1.4380976130236287
[38 INFO root] -0.038831621408462524 -0.14664055407047272 -1.4405488982079324
[38 INFO root] -0.038691338151693344 -0.14770947396755219 -1.4427946838270502
[38 INFO root] -0.03855404257774353 -0.14877432584762573 -1.444894304196613
[38 INFO root] -0.03841932490468025 -0.14983688294887543 -1.4469024472779626
[38 INFO root] -0.03828687220811844 -0.1508987545967102 -1.4488684424400275
[38 INFO root] -0.03815644606947899 -0.15196141600608826 -1.4508355594799458
[38 INFO root] -0.03802789747714996 -0.15302610397338867 -1.4528402605657547
[38 INFO root] -0.037901148200035095 -0.15409384667873383 -1.454911437153484
[38 INFO root] -0.03777619078755379 -0.15516537427902222 -1.4570696771753877
[38 INFO root] -0.037653084844350815 -0.15624111890792847 -1.4593266185755382
[38 INFO root] -0.03753194585442543 -0.15732114017009735 -1.4616844529589583
[38 INFO root] -0.037412937730550766 -0.15840516984462738 -1.4641356457313404
[38 INFO root] -0.037296246737241745 -0.15949253737926483 -1.4666629347722788
[38 INFO root] -0.03718208521604538 -0.16058221459388733 -1.469239657160946
[38 INFO root] -0.03707100823521614 -0.16166940331459045 -1.4717349523045995
[38 INFO root] -0.036963630467653275 -0.16274705529212952 -1.4739590968176548
[38 INFO root] -0.036860257387161255 -0.16380871832370758 -1.4757412932403753
[38 INFO root] -0.036760877817869186 -0.16484907269477844 -1.4769429218596792
[38 INFO root] -0.036665234714746475 -0.1658637970685959 -1.477454313191068
[38 INFO root] -0.03657182306051254 -0.16686108708381653 -1.4774984431344635
[38 INFO root] -0.03647865727543831 -0.16785673797130585 -1.4774984431344635
[38 INFO root] -0.03639381006360054 -0.16876348853111267 -1.4744613207104311
[38 INFO root] -0.03631630912423134 -0.16956834495067596 -1.467860085575407
[38 INFO root] -0.036242879927158356 -0.17028430104255676 -1.4579986379516152
[38 INFO root] -0.036171022802591324 -0.17092488706111908 -1.4451659620414923
[38 INFO root] -0.03609895706176758 -0.171502023935318 -1.4295795312894914
[38 INFO root] -0.03602533042430878 -0.17202629148960114 -1.4113999784890576
[38 INFO root] -0.03594900295138359 -0.17250709235668182 -1.3907432897734096
[38 INFO root] -0.03586887568235397 -0.17295286059379578 -1.3676902958250363
[38 INFO root] -0.035783760249614716 -0.1733713001012802 -1.3422941863026
[38 INFO root] -0.03569227084517479 -0.17376944422721863 -1.3145866211254404
[38 INFO root] -0.03559272363781929 -0.1741538792848587 -1.2845828870339178
[38 INFO root] -0.03548303246498108 -0.17453081905841827 -1.2522864596506176
[38 INFO root] -0.03536061942577362 -0.17490610480308533 -1.217693270352862
[38 INFO root] -0.03522679582238197 -0.17527316510677338 -1.1810643847628226
[38 INFO root] -0.03509972244501114 -0.1755862981081009 -1.1434253766434197
[38 INFO root] -0.034980759024620056 -0.1758505254983902 -1.104702421206448
[38 INFO root] -0.03486829996109009 -0.17607653141021729 -1.0646981583785116
[38 INFO root] -0.03476010635495186 -0.17627379298210144 -1.0232264767472994
[38 INFO root] -0.03465332090854645 -0.1764506846666336 -0.9801120063568421
[38 INFO root] -0.0345444530248642 -0.17661462724208832 -0.9351901251825026
[38 INFO root] -0.034429341554641724 -0.17677214741706848 -0.8883077627980143
[38 INFO root] -0.03430310636758804 -0.17692890763282776 -0.8393248095044745
[38 INFO root] -0.03416013717651367 -0.17708967626094818 -0.7881159628729798
[38 INFO root] -0.03399408981204033 -0.1772581934928894 -0.7345728579742917
[38 INFO root] -0.03379789739847183 -0.17743711173534393 -0.6786063319214615
[38 INFO root] -0.03356385976076126 -0.17762775719165802 -0.6201486655532518
[38 INFO root] -0.033309001475572586 -0.17781196534633636 -0.5606992235316753
[38 INFO root] -0.033045731484889984 -0.1779794842004776 -0.500899466240947
[38 INFO root] -0.03277274966239929 -0.17813105881214142 -0.44046050170867107
[38 INFO root] -0.03248607739806175 -0.17826826870441437 -0.3790312228491155
[38 INFO root] -0.032180801033973694 -0.1783919632434845 -0.31630667893407133
[38 INFO root] -0.03185154125094414 -0.1785019040107727 -0.25203353949431706
[38 INFO root] -0.03149290010333061 -0.17859657108783722 -0.18601043572752807
[38 INFO root] -0.03109988570213318 -0.17867304384708405 -0.1180842142549204
[38 INFO root] -0.03066832199692726 -0.17872700095176697 -0.04814252893327531
[38 INFO root] -0.030195113271474838 -0.1787528693675995 0.023896458892251157
[38 INFO root] -0.029678432270884514 -0.17874395847320557 0.09809614264248705
[38 INFO root] -0.02913929708302021 -0.17869478464126587 0.17303156336222436
[38 INFO root] -0.02862570621073246 -0.17860914766788483 0.24627517055422665
[38 INFO root] -0.02815086767077446 -0.1784936934709549 0.31799848767269684
[38 INFO root] -0.027719242498278618 -0.17835527658462524 0.38870103386595284
[38 INFO root] -0.027330705896019936 -0.17819958925247192 0.4588994540058367
[38 INFO root] -0.026980455964803696 -0.17802979052066803 0.5291331125916989
[38 INFO root] -0.026659425348043442 -0.17784520983695984 0.5999410922086923
[38 INFO root] -0.026353737339377403 -0.17763926088809967 0.6718877684602578
[38 INFO root] -0.026045771315693855 -0.1773977130651474 0.7455613749572668
[38 INFO root] -0.025719696655869484 -0.17710058391094208 0.8214196134562288
[38 INFO root] -0.025365063920617104 -0.1767244040966034 0.8997337908725461
[38 INFO root] -0.024980152025818825 -0.17624622583389282 0.9805223732676284
[38 INFO root] -0.02457265928387642 -0.17564703524112701 1.0635403757845727
[38 INFO root] -0.02415834553539753 -0.17491410672664642 1.1483137737472233
[38 INFO root] -0.02375860884785652 -0.17404255270957947 1.234187987394947
[38 INFO root] -0.023397646844387054 -0.17303621768951416 1.3203794642935487
[38 INFO root] -0.02309945411980152 -0.1719079613685608 1.4060304134181494
[38 INFO root] -0.022884927690029144 -0.17067915201187134 1.4902706935177454
[38 INFO root] -0.02277274616062641 -0.16942040622234344 1.5702629202497933
[38 INFO root] -0.022761976346373558 -0.16818037629127502 1.6450052695872845
[38 INFO root] -0.022840725257992744 -0.16699649393558502 1.7141310612317782
[38 INFO root] -0.02299114502966404 -0.16589714586734772 1.7775590798955276
[38 INFO root] -0.0231943242251873 -0.1648944914340973 1.8350451795562082
[38 INFO root] -0.023432398214936256 -0.16399230062961578 1.88633266526225
[38 INFO root] -0.023689432069659233 -0.16318964958190918 1.9312882737255286
[38 INFO root] -0.023952383548021317 -0.16248148679733276 1.969906413700672
[38 INFO root] -0.02421168051660061 -0.16185924410820007 2.0022761044572497
[38 INFO root] -0.02446126565337181 -0.16131199896335602 2.0285439284362727
[38 INFO root] -0.02469819411635399 -0.16082753241062164 2.048884356018208
[38 INFO root] -0.024921976029872894 -0.16039332747459412 2.063481443833259
[38 INFO root] -0.02513389103114605 -0.1599970906972885 2.072522106556479
[38 INFO root] -0.02533620223402977 -0.15962743759155273 2.076190426466967
[38 INFO root] -0.02553151361644268 -0.1592741459608078 2.0746728798952763
[38 INFO root] -0.025722527876496315 -0.1589278131723404 2.0681875789899644
[38 INFO root] -0.025911105796694756 -0.15858101844787598 2.0569997361454817
[38 INFO root] -0.026098530739545822 -0.15822733938694 2.041339065360478
[38 INFO root] -0.02628588303923607 -0.1578603833913803 2.021339113055785
[38 INFO root] -0.026473388075828552 -0.15747466683387756 1.9971077104381323
[38 INFO root] -0.02666029892861843 -0.15706562995910645 1.9687568307138354
[38 INFO root] -0.02684491127729416 -0.1566298007965088 1.936411376128829
[38 INFO root] -0.027024637907743454 -0.15616461634635925 1.9002117207131393
[38 INFO root] -0.027196159586310387 -0.15566852688789368 1.860312584176808
[38 INFO root] -0.02735515683889389 -0.155142143368721 1.816917709378608
[38 INFO root] -0.02749698981642723 -0.15458738803863525 1.7702483576634904
[38 INFO root] -0.02761724218726158 -0.15400603413581848 1.7205073201933028
[38 INFO root] -0.027712156996130943 -0.15339665114879608 1.6686580338785475
[38 INFO root] -0.02777758054435253 -0.15276308357715607 1.6151777899717334
[38 INFO root] -0.027809955179691315 -0.15211109817028046 1.5601804820985723
[38 INFO root] -0.027806488797068596 -0.15144577622413635 1.5037145283036024
[38 INFO root] -0.02776494435966015 -0.15077127516269684 1.445797265628268
[38 INFO root] -0.027683410793542862 -0.15009097754955292 1.3864201278834318
[38 INFO root] -0.027560105547308922 -0.14940758049488068 1.3255535862878283
[38 INFO root] -0.027393201366066933 -0.1487232893705368 1.2631518729315174
[38 INFO root] -0.0271803867071867 -0.14803896844387054 1.1991559702784491
[38 INFO root] -0.02691861242055893 -0.14735469222068787 1.1335064471449807
[38 INFO root] -0.026604311540722847 -0.14667096734046936 1.066153267591004
[38 INFO root] -0.026233507320284843 -0.14598913490772247 0.9970608527431104
[38 INFO root] -0.025760522112250328 -0.14524734020233154 0.9265840883270354
[38 INFO root] -0.025165606290102005 -0.14444485306739807 0.8552936061590045
[38 INFO root] -0.0244403425604105 -0.14359940588474274 0.7838746458659888
[38 INFO root] -0.023583298549056053 -0.142733633518219 0.7127325294922486
[38 INFO root] -0.022596320137381554 -0.14186905324459076 0.6422584137388871
[38 INFO root] -0.021484334021806717 -0.1410255879163742 0.5728638996640885
[38 INFO root] -0.020255371928215027 -0.14022131264209747 0.5049699393093667
[38 INFO root] -0.01892095059156418 -0.13947223126888275 0.43900625940346166
[38 INFO root] -0.017495816573500633 -0.13879184424877167 0.3759743531415707
[38 INFO root] -0.01600184105336666 -0.1381913721561432 0.3175033700808909
[38 INFO root] -0.01446797139942646 -0.1376773864030838 0.26434825275198864
[38 INFO root] -0.012924459762871265 -0.13725067675113678 0.21698257882603492
[38 INFO root] -0.011400433257222176 -0.1369069367647171 0.17570173780520495
[38 INFO root] -0.009964636527001858 -0.13664551079273224 0.1411697284097953
[38 INFO root] -0.008629282005131245 -0.13645067811012268 0.11315988778745652
[38 INFO root] -0.00739319296553731 -0.13630643486976624 0.0913254916178783
[38 INFO root] -0.006250605918467045 -0.13619908690452576 0.07534355227834083
[38 INFO root] -0.005192790646106005 -0.13611741364002228 0.06493479493129051
[38 INFO root] -0.004209225997328758 -0.13605235517024994 0.05987291231683465
[38 INFO root] -0.003288473002612591 -0.13599666953086853 0.05998715683328689
[38 INFO root] -0.002419143682345748 -0.13594447076320648 0.06511954767183231
[38 INFO root] -0.0015905168838799 -0.1358908712863922 0.07508770310848913
[38 INFO root] -0.0007923290831968188 -0.13583165407180786 0.08972279601089987
[38 INFO root] -1.5203921975626145e-05 -0.13576291501522064 0.10887876127325463
[38 INFO root] 0.0007493324810639024 -0.13568083941936493 0.1324272172478736
[38 INFO root] 0.0015090137021616101 -0.13558146357536316 0.1602508194565971
[38 INFO root] 0.0022709418553858995 -0.13546046614646912 0.19223518865816963
[38 INFO root] 0.003047799924388528 -0.1353117823600769 0.22809001533549883
[38 INFO root] 0.003880069823935628 -0.13512150943279266 0.2666058113228008
[38 INFO root] 0.004769791848957539 -0.13488194346427917 0.30738993614014243
[38 INFO root] 0.005703601986169815 -0.13458947837352753 0.34947607046714874
[38 INFO root] 0.00666802516207099 -0.13424241542816162 0.3919989872249132
[38 INFO root] 0.00765835540369153 -0.1338377594947815 0.4347021370994804
[38 INFO root] 0.008670531213283539 -0.13337284326553345 0.47738154919607395
[38 INFO root] 0.009700117632746696 -0.13284562528133392 0.5198220177285745
[38 INFO root] 0.01074233278632164 -0.13225480914115906 0.5617990780880394
[38 INFO root] 0.01179211400449276 -0.13159997761249542 0.6030814112053005
[38 INFO root] 0.012844218872487545 -0.1308816373348236 0.6434337043267411
[38 INFO root] 0.013893372379243374 -0.13010132312774658 0.6826187086416969
[38 INFO root] 0.014934239909052849 -0.12926171720027924 0.7203829724422883
[38 INFO root] 0.01596153900027275 -0.12836675345897675 0.7564637277489852
[38 INFO root] 0.016970297321677208 -0.1274215131998062 0.7906079905140361
[38 INFO root] 0.017956068739295006 -0.1264321357011795 0.8225809096369497
[38 INFO root] 0.018915073946118355 -0.12540559470653534 0.8521707422590943
[38 INFO root] 0.019844330847263336 -0.12434946000576019 0.8791927158354099
[38 INFO root] 0.020717110484838486 -0.12330138683319092 0.9024560290490408
[38 INFO root] 0.021528465673327446 -0.12227887660264969 0.9216350734017608
[38 INFO root] 0.022280363366007805 -0.12129220366477966 0.9366661242956026
[38 INFO root] 0.02297617867588997 -0.12034923583269119 0.9475308555818784
[38 INFO root] 0.023616796359419823 -0.11946023255586624 0.9550523640580929
[38 INFO root] 0.024205131456255913 -0.11863008886575699 0.9597728885446993
[38 INFO root] 0.024745605885982513 -0.11785929650068283 0.9618526683034697
[38 INFO root] 0.02524256706237793 -0.11714699864387512 0.9613926225771817
[38 INFO root] 0.025700034573674202 -0.11649155616760254 0.9584793012800562
[38 INFO root] 0.02612185850739479 -0.11589058488607407 0.9531853162849965
[38 INFO root] 0.026511697098612785 -0.11534108966588974 0.945565913433295
[38 INFO root] 0.026872972026467323 -0.11483972519636154 0.935656592477757
[38 INFO root] 0.027208872139453888 -0.11438294500112534 0.9234718973707892
[38 INFO root] 0.027522392570972443 -0.11396709829568863 0.9090049438707059
[38 INFO root] 0.027816371992230415 -0.11358848959207535 0.8922274589132203
[38 INFO root] 0.028093576431274414 -0.11324342340230942 0.8730902480556093
[38 INFO root] 0.02835679054260254 -0.11292815953493118 0.8515240664926679
[38 INFO root] 0.028594467788934708 -0.11265543103218079 0.827693026506952
[38 INFO root] 0.028753038495779037 -0.11248159408569336 0.8024587751107147
[38 INFO root] 0.02883879281580448 -0.11239205300807953 0.7758116607659249
[38 INFO root] 0.02886366657912731 -0.11236723512411118 0.7476431305513078
[38 INFO root] 0.02883688546717167 -0.11239196360111237 0.7178295100639533
[38 INFO root] 0.028765615075826645 -0.1124543696641922 0.6862305213041385
[38 INFO root] 0.02865566685795784 -0.11254482716321945 0.6526904823386457
[38 INFO root] 0.028517598286271095 -0.11265099793672562 0.6167923430366214
[38 INFO root] 0.028399746865034103 -0.11273534595966339 0.5765954027113888
[38 INFO root] 0.02830887772142887 -0.11279511451721191 0.5318884536559719
[38 INFO root] 0.028248270973563194 -0.11283132433891296 0.48266585535785406
[38 INFO root] 0.028225146234035492 -0.11284381151199341 0.42887800926726855
[38 INFO root] 0.028248963877558708 -0.11283305287361145 0.37049487316601254
[38 INFO root] 0.02833055891096592 -0.11280115693807602 0.3075345023883567
[38 INFO root] 0.02848166413605213 -0.11275254935026169 0.24007733553343075
[38 INFO root] 0.02871425449848175 -0.11269445717334747 0.16827958725678716
[38 INFO root] 0.029040073975920677 -0.11263730376958847 0.09238733767592508
[38 INFO root] 0.029469292610883713 -0.11259494721889496 0.012751302047845595
[38 INFO root] 0.030008580535650253 -0.11258455365896225 -0.07017014789835786
[38 INFO root] 0.030659731477499008 -0.11262574791908264 -0.15581628457821742
[38 INFO root] 0.03141864389181137 -0.11273922026157379 -0.2435356176829286
[38 INFO root] 0.0322747640311718 -0.11294490098953247 -0.3326053238148009
[38 INFO root] 0.03321114182472229 -0.11325997114181519 -0.42225860851371155
[38 INFO root] 0.034205254167318344 -0.11369679868221283 -0.5117184496713292
[38 INFO root] 0.03523055836558342 -0.11426140367984772 -0.6002348555709769
[38 INFO root] 0.03625863790512085 -0.11495247483253479 -0.687121946294332
[38 INFO root] 0.03726154938340187 -0.11576138436794281 -0.771791959637963
[38 INFO root] 0.03821411356329918 -0.11667310446500778 -0.8537811261608407
[38 INFO root] 0.03909563645720482 -0.1176677867770195 -0.9327656184755136
[38 INFO root] 0.03989094868302345 -0.11872275173664093 -1.0085647366990163
[38 INFO root] 0.040590714663267136 -0.11981461942195892 -1.081132167734883
[38 INFO root] 0.041191793978214264 -0.12092248350381851 -1.1505489248786855
[38 INFO root] 0.04169545695185661 -0.12202820926904678 -1.2169826660474685
[38 INFO root] 0.042105965316295624 -0.12311642616987228 -1.2806641927709916
[38 INFO root] 0.042429808527231216 -0.12417535483837128 -1.3418747186988809
[38 INFO root] 0.042674753814935684 -0.1251969039440155 -1.4009261226956702
[38 INFO root] 0.04284888133406639 -0.12617559731006622 -1.4581484148384758
[38 INFO root] 0.04296008497476578 -0.12710829079151154 -1.5138864282635651
[38 INFO root] 0.04301575943827629 -0.1279940903186798 -1.5684978783461436
[38 INFO root] 0.043022509664297104 -0.1288343071937561 -1.622349626748177
[38 INFO root] 0.042985815554857254 -0.12963271141052246 -1.675809664310881
[38 INFO root] 0.04290968179702759 -0.13039559125900269 -1.7292320248208524
[38 INFO root] 0.04279615357518196 -0.13113197684288025 -1.7829314920123764
[38 INFO root] 0.04264485090970993 -0.13185343146324158 -1.8371472706794147
[38 INFO root] 0.04245255887508392 -0.13257338106632233 -1.8919967070337298
[38 INFO root] 0.04221310466527939 -0.13330602645874023 -1.9474248187905783
[38 INFO root] 0.04191778972744942 -0.13406434655189514 -2.003161193862765
[38 INFO root] 0.041556619107723236 -0.13485786318778992 -2.058701202961851
[38 INFO root] 0.041121069341897964 -0.13568896055221558 -2.113356001464418
[38 INFO root] 0.04060545191168785 -0.13655416667461395 -2.1662998483286255
[38 INFO root] 0.04000826179981232 -0.1374451220035553 -2.2166270625324382
[38 INFO root] 0.03933318331837654 -0.13834990561008453 -2.2634200218273874
[38 INFO root] 0.03858920559287071 -0.13925482332706451 -2.30581608227219
[38 INFO root] 0.03778989985585213 -0.14014644920825958 -2.3430626953007256
[38 INFO root] 0.036949656903743744 -0.1410154551267624 -2.3743262270391012
[38 INFO root] 0.03607793524861336 -0.14186137914657593 -2.39820046782911
[38 INFO root] 0.0351950004696846 -0.14267703890800476 -2.4143930876218107
[38 INFO root] 0.03431934863328934 -0.14345885813236237 -2.4228955307114552
[38 INFO root] 0.03346501290798187 -0.14420753717422485 -2.4238359551397255
[38 INFO root] 0.032641295343637466 -0.14492686092853546 -2.417446686959432
[38 INFO root] 0.031853124499320984 -0.14562301337718964 -2.4040397008805594
[38 INFO root] 0.031101753935217857 -0.14630383253097534 -2.3839913794562633
[38 INFO root] 0.030385663732886314 -0.14697837829589844 -2.3577360323703678
[38 INFO root] 0.02970154769718647 -0.14765675365924835 -2.325766401577478
[38 INFO root] 0.029045257717370987 -0.14834977686405182 -2.288638366213368
[38 INFO root] 0.02841276489198208 -0.149068683385849 -2.246977127220652
[38 INFO root] 0.0278010293841362 -0.14982472360134125 -2.2014809420303196
[38 INFO root] 0.027208704501390457 -0.15062843263149261 -2.1529187236385883
[38 INFO root] 0.02663656324148178 -0.15148884057998657 -2.1021207547656213
[38 INFO root] 0.026087570935487747 -0.15241257846355438 -2.0499562008605965
[38 INFO root] 0.025566568598151207 -0.15340319275856018 -1.9973041417017863
[38 INFO root] 0.02507931739091873 -0.15446119010448456 -1.94503005194724
[38 INFO root] 0.02463144063949585 -0.15558485686779022 -1.893972576470397
[38 INFO root] 0.024229317903518677 -0.15676599740982056 -1.8450075804151567
[38 INFO root] 0.023878125473856926 -0.15799185633659363 -1.7989215716320968
[38 INFO root] 0.02357902191579342 -0.15925413370132446 -1.7561221334369435
[38 INFO root] 0.023331571370363235 -0.16054385900497437 -1.716901546684295
[38 INFO root] 0.023133983835577965 -0.161851167678833 -1.6812466630597074
[38 INFO root] 0.022983327507972717 -0.1631668508052826 -1.6487882045859847
[38 INFO root] 0.02287612296640873 -0.1644834578037262 -1.6191186196407739
[38 INFO root] 0.02280876412987709 -0.1657952070236206 -1.591876923659113
[38 INFO root] 0.022777726873755455 -0.16709767282009125 -1.5667552714306492
[38 INFO root] 0.022779341787099838 -0.1683063805103302 -1.5415805556303417
[38 INFO root] 0.02280825562775135 -0.16939905285835266 -1.5154501993398843
[38 INFO root] 0.02286042645573616 -0.17039181292057037 -1.488366520671055
[38 INFO root] 0.02293289452791214 -0.17130134999752045 -1.460390126648923
[38 INFO root] 0.0230234507471323 -0.1721411794424057 -1.4315484195645212
[38 INFO root] 0.023130472749471664 -0.17292219400405884 -1.4018416003817171
[38 INFO root] 0.023252815008163452 -0.1736532300710678 -1.3712485471993316
[38 INFO root] 0.023389708250761032 -0.17434148490428925 -1.3397312775228223
[38 INFO root] 0.023540768772363663 -0.17499317228794098 -1.3072504071778377
[38 INFO root] 0.023705992847681046 -0.17561380565166473 -1.2737750542233188
[38 INFO root] 0.023885661736130714 -0.17620813846588135 -1.239268871963838
[38 INFO root] 0.02408030442893505 -0.17678013443946838 -1.2036886851964648
[38 INFO root] 0.02429070696234703 -0.177333265542984 -1.1669870459332916
[38 INFO root] 0.02451791986823082 -0.17787052690982819 -1.1291152123130306
[38 INFO root] 0.024763379245996475 -0.17839480936527252 -1.0900369558336114
[38 INFO root] 0.02502898871898651 -0.17890894412994385 -1.0497391262780043
[38 INFO root] 0.025316931307315826 -0.17941530048847198 -1.0082184685805458
[38 INFO root] 0.025629611685872078 -0.17991572618484497 -0.9654817717304013
[38 INFO root] 0.025969628244638443 -0.18041153252124786 -0.9215502959911412
[38 INFO root] 0.026339717209339142 -0.18090350925922394 -0.8764649317782227
[38 INFO root] 0.02674267254769802 -0.18139179050922394 -0.8302917919906951
[38 INFO root] 0.027183422818779945 -0.18187835812568665 -0.7830215504448159
[38 INFO root] 0.02768116071820259 -0.1823781281709671 -0.7341199242155168
[38 INFO root] 0.028244756162166595 -0.1828913688659668 -0.6837298371005643
[38 INFO root] 0.028881624341011047 -0.18341530859470367 -0.6321470026012705
[38 INFO root] 0.029598377645015717 -0.18394558131694794 -0.5797594376343018
[38 INFO root] 0.030400050804018974 -0.18447616696357727 -0.5270522839307988
[38 INFO root] 0.031289249658584595 -0.18499954044818878 -0.47460459600860544
[38 INFO root] 0.03226529434323311 -0.185507133603096 -0.4230766126050956
[38 INFO root] 0.033323585987091064 -0.18598990142345428 -0.373186581583144
[38 INFO root] 0.034455277025699615 -0.18643926084041595 -0.3256765756614067
[38 INFO root] 0.03564748913049698 -0.1868479996919632 -0.2812722915444386
[38 INFO root] 0.036884061992168427 -0.18721112608909607 -0.24064222450451486
[38 INFO root] 0.038147006183862686 -0.18752646446228027 -0.20434529502484558
[38 INFO root] 0.03941783681511879 -0.18779465556144714 -0.17281882445422359
[38 INFO root] 0.040678877383470535 -0.18801893293857574 -0.1463756388480214
[38 INFO root] 0.041914500296115875 -0.18820451200008392 -0.12520738524585964
[38 INFO root] 0.04311197251081467 -0.1883579045534134 -0.10939631303374601
[38 INFO root] 0.04426197335124016 -0.18848612904548645 -0.09893320447346078
[38 INFO root] 0.045358672738075256 -0.1885961890220642 -0.09373818803799551
[38 INFO root] 0.04639960825443268 -0.18869462609291077 -0.09368136828883111
[38 INFO root] 0.04738527536392212 -0.18878723680973053 -0.09860110897615446
[38 INFO root] 0.048318710178136826 -0.1888790875673294 -0.10831875652007537
[38 INFO root] 0.049204982817173004 -0.1889745593070984 -0.12264934720986524
[38 INFO root] 0.05005074292421341 -0.18907752633094788 -0.14140834328243743
[38 INFO root] 0.05086382478475571 -0.18919166922569275 -0.16441346907742227
[38 INFO root] 0.051652878522872925 -0.18932068347930908 -0.1914843482969311
[38 INFO root] 0.05244976282119751 -0.189472958445549 -0.21998494427850596
[38 INFO root] 0.05326203256845474 -0.189652219414711 -0.249291335180559
[38 INFO root] 0.05409101024270058 -0.1898607462644577 -0.2792932245624397
[38 INFO root] 0.05493737757205963 -0.1901007890701294 -0.3099001219897939
[38 INFO root] 0.05580146238207817 -0.19037465751171112 -0.34101132650621335
[38 INFO root] 0.056683219969272614 -0.19068457186222076 -0.37251600269155033
[38 INFO root] 0.05758218839764595 -0.19103267788887024 -0.404293607401981
[38 INFO root] 0.05849748104810715 -0.19142095744609833 -0.43621471799627437
[38 INFO root] 0.05942777544260025 -0.19185110926628113 -0.468142288800987
[38 INFO root] 0.06037132441997528 -0.19232451915740967 -0.4999333385020495
[38 INFO root] 0.061325978487730026 -0.19284214079380035 -0.5314410415725974
[38 INFO root] 0.06228923797607422 -0.1934044063091278 -0.562517163698679
[38 INFO root] 0.06325829774141312 -0.19401127099990845 -0.5930147480743294
[38 INFO root] 0.06423015892505646 -0.19466201961040497 -0.6227909307999184
[38 INFO root] 0.06520165503025055 -0.1953553855419159 -0.6517097438853671
[38 INFO root] 0.0661696121096611 -0.1960894912481308 -0.6796447571640528
[38 INFO root] 0.06713088601827621 -0.1968618929386139 -0.7064814177319533
[38 INFO root] 0.06808248907327652 -0.19766966998577118 -0.73211896708511
[38 INFO root] 0.06902164220809937 -0.19850941002368927 -0.7564718493767064
[38 INFO root] 0.06994586437940598 -0.19937743246555328 -0.7794705647405362
[38 INFO root] 0.07085299491882324 -0.20026977360248566 -0.8010619640402782
[38 INFO root] 0.07174123078584671 -0.20118233561515808 -0.8212090203342204
[38 INFO root] 0.07260914891958237 -0.20211099088191986 -0.8398901436954256
[38 INFO root] 0.07345571368932724 -0.20305167138576508 -0.8570981272747734
[38 INFO root] 0.07428022474050522 -0.20400045812129974 -0.8728388228993178
[38 INFO root] 0.07508233189582825 -0.2049536406993866 -0.8871296449370146
[38 INFO root] 0.07586197555065155 -0.20590773224830627 -0.8999979936273744
[38 INFO root] 0.07661936432123184 -0.20685961842536926 -0.911479676103801
[38 INFO root] 0.07735494524240494 -0.20780646800994873 -0.921617387111324
[38 INFO root] 0.07806935161352158 -0.2087458223104477 -0.9304592943653721
[38 INFO root] 0.07876335829496384 -0.20967555046081543 -0.938057757941776
[38 INFO root] 0.07943788170814514 -0.21059387922286987 -0.9444681998497538
[38 INFO root] 0.08009392768144608 -0.2114993929862976 -0.9497481291813551
[38 INFO root] 0.0807325541973114 -0.2123909443616867 -0.953956320089743
[38 INFO root] 0.08135488629341125 -0.2132677286863327 -0.9571521339622369
[38 INFO root] 0.08196206390857697 -0.21412916481494904 -0.9593949730829895
[38 INFO root] 0.08255524188280106 -0.21497493982315063 -0.9607438489590334
[38 INFO root] 0.08313558995723724 -0.21580494940280914 -0.961257046368859
[38 INFO root] 0.0837087407708168 -0.21662572026252747 -0.9613000675340194
[38 INFO root] 0.08428119868040085 -0.21744565665721893 -0.9613000675340194
[38 INFO root] 0.0848536565899849 -0.2182655930519104 -0.9613000675340194
[38 INFO root] 0.08542610704898834 -0.21908552944660187 -0.9613000675340194
[38 INFO root] 0.08599856495857239 -0.21990546584129333 -0.9613000675340194
[38 INFO root] 0.08657101541757584 -0.2207254022359848 -0.9613000675340194
[38 INFO root] 0.08714347332715988 -0.22154533863067627 -0.9613000675340194
[38 INFO root] 0.08771592378616333 -0.22236527502536774 -0.9613000675340194
[38 INFO root] 0.08828838169574738 -0.2231852114200592 -0.9613000675340194
[38 INFO root] 0.08886083215475082 -0.22400514781475067 -0.9613000675340194
[38 INFO root] 0.08943329006433487 -0.22482508420944214 -0.9613000675340194
[38 INFO root] 0.09000574052333832 -0.2256450206041336 -0.9613000675340194
[38 INFO root] 0.09057819843292236 -0.22646495699882507 -0.9613000675340194
[38 INFO root] 0.09115065634250641 -0.22728489339351654 -0.9613000675340194
[38 INFO root] 0.09172310680150986 -0.228104829788208 -0.9613000675340194
[38 INFO root] 0.0922955647110939 -0.22892476618289948 -0.9613000675340194
[38 INFO root] 0.09286801517009735 -0.22974470257759094 -0.9613000675340194
[38 INFO root] 0.0934404730796814 -0.2305646389722824 -0.9613000675340194
[38 INFO root] 0.09395789355039597 -0.23130574822425842 -0.9630718960314355
[38 INFO root] 0.09441642463207245 -0.23196472227573395 -0.9667069178563158
[38 INFO root] 0.09482075273990631 -0.23255005478858948 -0.9720532781349009
[38 INFO root] 0.09517575800418854 -0.23306971788406372 -0.9789853101372622
[38 INFO root] 0.09548619389533997 -0.23353075981140137 -0.9874055432673192
[38 INFO root] 0.09575656801462173 -0.23393957316875458 -0.9972393946562259
[38 INFO root] 0.09599114209413528 -0.23430182039737701 -1.00843094771176
[38 INFO root] 0.09619390964508057 -0.23462264239788055 -1.0209396418859518
[38 INFO root] 0.09636855870485306 -0.23490670323371887 -1.0347376979087348
[38 INFO root] 0.09651852399110794 -0.23515823483467102 -1.049808215318763
[38 INFO root] 0.09664693474769592 -0.2353811413049698 -1.0661436971347573
[38 INFO root] 0.09675668925046921 -0.2355789691209793 -1.083744671949357
[38 INFO root] 0.09685041755437851 -0.23575511574745178 -1.1026185176666996
[38 INFO root] 0.09693053364753723 -0.2359127253293991 -1.1227784899438402
[38 INFO root] 0.09699921309947968 -0.23605480790138245 -1.1442428840858911
[38 INFO root] 0.09705843776464462 -0.23618431389331818 -1.1670342534202653
[38 INFO root] 0.09710995852947235 -0.23630408942699432 -1.1911786096963035
[38 INFO root] 0.09715534001588821 -0.2364169955253601 -1.2167045289598504
[38 INFO root] 0.09719591587781906 -0.23652587831020355 -1.2436420793942524
[38 INFO root] 0.09723283350467682 -0.23663368821144104 -1.2720214768221194
[38 INFO root] 0.09726697951555252 -0.23674346506595612 -1.3018713604014385
[38 INFO root] 0.0972990095615387 -0.23685838282108307 -1.3332165677973105
[38 INFO root] 0.09732916206121445 -0.23698130249977112 -1.3660839983025654
[38 INFO root] 0.09735743701457977 -0.23711542785167694 -1.4004877589099394
[38 INFO root] 0.0973835289478302 -0.23726436495780945 -1.4364218536319293
[38 INFO root] 0.097406767308712 -0.23743216693401337 -1.4738566386622978
[38 INFO root] 0.09742598980665207 -0.23762322962284088 -1.5127356988485279
[38 INFO root] 0.0974394753575325 -0.2378421127796173 -1.5529728767656614
[38 INFO root] 0.09744484722614288 -0.23809343576431274 -1.5944496719948704
[38 INFO root] 0.09743907302618027 -0.2383819967508316 -1.63701146593423
[38 INFO root] 0.09741755574941635 -0.23872525990009308 -1.6803795284968808
[38 INFO root] 0.09737524390220642 -0.23912374675273895 -1.7243208778615915
[38 INFO root] 0.09730716794729233 -0.2395753264427185 -1.7685942269583195
[38 INFO root] 0.09720861166715622 -0.24007751047611237 -1.8129392802477688
[38 INFO root] 0.09707518666982651 -0.24062727391719818 -1.8570790557503312
[38 INFO root] 0.09690304100513458 -0.24122099578380585 -1.9007235742816853
[38 INFO root] 0.09668896347284317 -0.24185451865196228 -1.9435742725306588
[38 INFO root] 0.09643057733774185 -0.2425231784582138 -1.9853289731882577
[38 INFO root] 0.09612642973661423 -0.24322186410427094 -2.0256872235390735
[38 INFO root] 0.09577608853578568 -0.2439451962709427 -2.0643557952291105
[38 INFO root] 0.09537700563669205 -0.24469362199306488 -2.1008642046243255
[38 INFO root] 0.09493010491132736 -0.24546240270137787 -2.1348903780195236
[38 INFO root] 0.09443826228380203 -0.24624548852443695 -2.166187583615692
[38 INFO root] 0.09390552341938019 -0.2470371276140213 -2.1945532328787034
[38 INFO root] 0.09333674609661102 -0.24783217906951904 -2.2198287974321116
[38 INFO root] 0.0927373543381691 -0.24862633645534515 -2.2419002226499694
[38 INFO root] 0.09211301803588867 -0.24941612780094147 -2.2606964553136986
[38 INFO root] 0.09146938472986221 -0.2501991093158722 -2.276186393651797
[38 INFO root] 0.09081185609102249 -0.2509737014770508 -2.2883746645717586
[38 INFO root] 0.09014537185430527 -0.2517392039299011 -2.2972966679948854
[38 INFO root] 0.08947432786226273 -0.2524957060813904 -2.3030133104049595
[38 INFO root] 0.08880248665809631 -0.25324395298957825 -2.305605792242319
[38 INFO root] 0.08813188970088959 -0.2539864778518677 -2.3058338819981277
[38 INFO root] 0.08746129274368286 -0.2547282874584198 -2.3058338819981277
[38 INFO root] 0.08679068088531494 -0.2554700970649719 -2.3058338819981277
[38 INFO root] 0.08612006157636642 -0.25621190667152405 -2.3058338819981277
[38 INFO root] 0.0854494497179985 -0.25695371627807617 -2.3058338819981277
[38 INFO root] 0.08477883785963058 -0.2576955258846283 -2.3058338819981277
[38 INFO root] 0.08410821855068207 -0.25843730568885803 -2.3058338819981277
[38 INFO root] 0.08343760669231415 -0.25917911529541016 -2.3058338819981277
[38 INFO root] 0.08276698738336563 -0.2599209249019623 -2.3058338819981277
[38 INFO root] 0.08209637552499771 -0.2606627345085144 -2.3058338819981277
[38 INFO root] 0.0814257562160492 -0.26140454411506653 -2.3058338819981277
[38 INFO root] 0.08075514435768127 -0.26214635372161865 -2.3058338819981277
[38 INFO root] 0.08008453249931335 -0.2628881633281708 -2.3058338819981277
[38 INFO root] 0.07941391319036484 -0.2636299431324005 -2.3058338819981277
[38 INFO root] 0.07874330133199692 -0.26437175273895264 -2.3058338819981277
[38 INFO root] 0.0780726820230484 -0.26511356234550476 -2.3058338819981277
[38 INFO root] 0.07740207016468048 -0.2658553719520569 -2.3058338819981277
[38 INFO root] 0.07673145830631256 -0.266597181558609 -2.3058338819981277
[38 INFO root] 0.07606083899736404 -0.26733899116516113 -2.3058338819981277
[38 INFO root] 0.07539022713899612 -0.26808080077171326 -2.3058338819981277
[38 INFO root] 0.07471960783004761 -0.2688226103782654 -2.3058338819981277
[38 INFO root] 0.07404899597167969 -0.2695643901824951 -2.3058338819981277
[38 INFO root] 0.07337796688079834 -0.27030667662620544 -2.3058057065564
[38 INFO root] 0.07270534336566925 -0.27105072140693665 -2.3056685763429146
[38 INFO root] 0.07203119248151779 -0.27179667353630066 -2.3054216536383363
[38 INFO root] 0.07135572284460068 -0.2725444436073303 -2.305074015038127
[38 INFO root] 0.07067914307117462 -0.27329394221305847 -2.304634534565201
[38 INFO root] 0.07000163942575455 -0.27404510974884033 -2.304111790401308
[38 INFO root] 0.06932339817285538 -0.27479785680770874 -2.3035140484037364
[38 INFO root] 0.06864458322525024 -0.2755521535873413 -2.3028492486503005
[38 INFO root] 0.06796535849571228 -0.2763079106807709 -2.302124994710105
[38 INFO root] 0.06728588044643402 -0.2770650386810303 -2.301348545505781
[38 INFO root] 0.06660628318786621 -0.27782347798347473 -2.300526809619983
[38 INFO root] 0.0659267008304596 -0.2785831391811371 -2.2996663418899264
[38 INFO root] 0.06524724513292313 -0.27934396266937256 -2.298773342127184
[38 INFO root] 0.06456803530454636 -0.2801058888435364 -2.2978536557957536
[38 INFO root] 0.06388916820287704 -0.2808688282966614 -2.296912776479382
[38 INFO root] 0.06321073323488235 -0.28163275122642517 -2.2959558499690997
[38 INFO root] 0.06253282725811005 -0.2823975086212158 -2.2949876798037194
[38 INFO root] 0.06185551732778549 -0.2831631004810333 -2.2940127340995313
[38 INFO root] 0.06117887422442436 -0.2839294672012329 -2.293035153510199
[38 INFO root] 0.06050295755267143 -0.284696489572525 -2.2920587601639446
[38 INFO root] 0.05982782319188118 -0.2854641377925873 -2.2910870674321453
[38 INFO root] 0.059153515845537186 -0.2862323522567749 -2.2901232903912563
[38 INFO root] 0.05848007649183273 -0.2870011031627655 -2.2891703568484343
[38 INFO root] 0.05780753865838051 -0.28777027130126953 -2.2882309188100525
[38 INFO root] 0.0571359284222126 -0.2885398268699646 -2.287307364281359
[38 INFO root] 0.0564652718603611 -0.2893097400665283 -2.2864018292947925
[38 INFO root] 0.055795587599277496 -0.2900799810886383 -2.28551621007356
[38 INFO root] 0.05512688308954239 -0.290850430727005 -2.2846521752461757
[38 INFO root] 0.05445916950702667 -0.2916210889816284 -2.283811178036393
[38 INFO root] 0.05379244685173035 -0.29239192605018616 -2.2829944683614376
[38 INFO root] 0.05312672257423401 -0.29316291213035583 -2.28220310477959
[38 INFO root] 0.05246198922395706 -0.2939339578151703 -2.2814379662357283
[38 INFO root] 0.05179823562502861 -0.2947050631046295 -2.2806997635607265
[38 INFO root] 0.051135458052158356 -0.29547619819641113 -2.279989050687207
[38 INFO root] 0.050473641604185104 -0.29624730348587036 -2.27930623555041
[38 INFO root] 0.049812767654657364 -0.2970184087753296 -2.278651590648583
[38 INFO root] 0.04915282502770424 -0.29778942465782166 -2.278025263242505
[38 INFO root] 0.04849378764629364 -0.29856038093566895 -2.2774272851783905
[38 INFO root] 0.047835640609264374 -0.2993312478065491 -2.276857582322733
[38 INFO root] 0.04717835783958435 -0.30010199546813965 -2.276315983601287
[38 INFO root] 0.04652191326022148 -0.3008725941181183 -2.275802229637815
[38 INFO root] 0.045866284519433975 -0.3016430139541626 -2.2753159809910897
[38 INFO root] 0.045211441814899445 -0.30241331458091736 -2.2748568259912463
[38 INFO root] 0.0445573627948761 -0.3031834363937378 -2.274424288178699
[38 INFO root] 0.04390600323677063 -0.3039510250091553 -2.27404284824976
[38 INFO root] 0.043309107422828674 -0.30465495586395264 -2.2743782801371677
[38 INFO root] 0.04276585206389427 -0.30529531836509705 -2.2753592941711576
[38 INFO root] 0.04226906970143318 -0.3058798015117645 -2.276827567933589
[38 INFO root] 0.04181249439716339 -0.30641546845436096 -2.278647463126393
[38 INFO root] 0.041390735656023026 -0.3069084882736206 -2.280704797912617
[38 INFO root] 0.040999170392751694 -0.3073643147945404 -2.282903453342916
[38 INFO root] 0.04063400998711586 -0.30778756737709045 -2.285167528592368
[38 INFO root] 0.04029201343655586 -0.30818212032318115 -2.2874351763950447
[38 INFO root] 0.03997034952044487 -0.308551549911499 -2.2896551010327295
[38 INFO root] 0.03966652601957321 -0.30889892578125 -2.291784831473874
[38 INFO root] 0.0393783301115036 -0.30922701954841614 -2.2937894105417396
[38 INFO root] 0.03910376504063606 -0.3095383048057556 -2.295640253437903
[38 INFO root] 0.03884103149175644 -0.3098350763320923 -2.297314130760423
[38 INFO root] 0.03858845680952072 -0.3101193904876709 -2.298792253168421
[38 INFO root] 0.038344480097293854 -0.31039321422576904 -2.3000594447419536
[38 INFO root] 0.03810760751366615 -0.31065833568573 -2.301103401198742
[38 INFO root] 0.03787640109658241 -0.31091660261154175 -2.301914038207718
[38 INFO root] 0.03764946386218071 -0.31116965413093567 -2.3024829439745704
[38 INFO root] 0.03742541745305061 -0.31141918897628784 -2.302802958117148
[38 INFO root] 0.03720293194055557 -0.3116668164730072 -2.302867903549971
[38 INFO root] 0.03698071837425232 -0.3119140863418579 -2.302672497526654
[38 INFO root] 0.036757562309503555 -0.31216248869895935 -2.302212459156376
[38 INFO root] 0.03653235733509064 -0.31241342425346375 -2.3014848117791713
[38 INFO root] 0.03630412742495537 -0.3126680552959442 -2.300488350508992
[38 INFO root] 0.03607207536697388 -0.3129274547100067 -2.2992242128150484
[38 INFO root] 0.03583560138940811 -0.3131924867630005 -2.2976964615856477
[38 INFO root] 0.03559432178735733 -0.3134636878967285 -2.295912575615427
[38 INFO root] 0.0353480689227581 -0.3137414753437042 -2.2938837945348354
[38 INFO root] 0.03509689122438431 -0.31402596831321716 -2.2916251517223944
[38 INFO root] 0.03484008088707924 -0.31431815028190613 -2.2891416584843527
[38 INFO root] 0.0345756970345974 -0.3146204650402069 -2.286420762121961
[38 INFO root] 0.034302402287721634 -0.314934641122818 -2.2834630942003695
[38 INFO root] 0.03401987999677658 -0.3152613937854767 -2.2802901309579853
[38 INFO root] 0.03372866287827492 -0.31560033559799194 -2.2769417059850325
[38 INFO root] 0.03342992439866066 -0.3159503936767578 -2.273471503422669
[38 INFO root] 0.03312521055340767 -0.31630995869636536 -2.2699423191056685
[38 INFO root] 0.03281627222895622 -0.31667712330818176 -2.26642180598501
[38 INFO root] 0.03250488266348839 -0.31704986095428467 -2.2629790504986773
[38 INFO root] 0.03219272941350937 -0.3174261152744293 -2.2596820645720506
[38 INFO root] 0.03188135102391243 -0.3178040087223053 -2.2565961186543397
[38 INFO root] 0.031572047621011734 -0.31818175315856934 -2.2537827685592986
[38 INFO root] 0.03126588836312294 -0.31855782866477966 -2.251299414665496
[38 INFO root] 0.030963676050305367 -0.3189309537410736 -2.249199250416508
[38 INFO root] 0.03066594898700714 -0.31930017471313477 -2.2475314891372937
[38 INFO root] 0.0303729847073555 -0.31966477632522583 -2.2463417915500536
[38 INFO root] 0.030084816738963127 -0.3200242817401886 -2.2456728050303134
[38 INFO root] 0.029801247641444206 -0.3203786015510559 -2.245564800893046
[38 INFO root] 0.02952188067138195 -0.32072779536247253 -2.246056430259399
[38 INFO root] 0.02924615517258644 -0.32107213139533997 -2.247185570733513
[38 INFO root] 0.02897338941693306 -0.32141199707984924 -2.2489902054515944
[38 INFO root] 0.02870282717049122 -0.32174795866012573 -2.2515092656525697
[38 INFO root] 0.028433682397007942 -0.32208046317100525 -2.254783367102562
[38 INFO root] 0.0281651820987463 -0.3224100172519684 -2.258855379297038
[38 INFO root] 0.027896590530872345 -0.3227370083332062 -2.263770784387943
[38 INFO root] 0.027627239003777504 -0.3230617344379425 -2.269577806976454
[38 INFO root] 0.027356524020433426 -0.3233843147754669 -2.2763273208558696
[38 INFO root] 0.027083905413746834 -0.3237048089504242 -2.284072559190914
[38 INFO root] 0.02680889703333378 -0.32402312755584717 -2.2928686671888125
[38 INFO root] 0.026531033217906952 -0.3243391811847687 -2.3027721404475434
[38 INFO root] 0.0262498427182436 -0.324652761220932 -2.3138401893631717
[38 INFO root] 0.02596481516957283 -0.3249637186527252 -2.3261300584395292
[38 INFO root] 0.02567535638809204 -0.325271874666214 -2.339698305694693
[38 INFO root] 0.025380758568644524 -0.3255771994590759 -2.3546000504260327
[38 INFO root] 0.02507435344159603 -0.32588547468185425 -2.370309096474881
[38 INFO root] 0.024751346558332443 -0.3262004256248474 -2.386395863376076
[38 INFO root] 0.024411726742982864 -0.3265211284160614 -2.402850003185525
[38 INFO root] 0.02405588887631893 -0.32684627175331116 -2.419704481990792
[38 INFO root] 0.023684058338403702 -0.32717472314834595 -2.436989772533839
[38 INFO root] 0.023296283558011055 -0.32750552892684937 -2.454732900517721
[38 INFO root] 0.0228924248367548 -0.32783791422843933 -2.4729565426621813
[38 INFO root] 0.022472165524959564 -0.32817113399505615 -2.4916781375546275
[38 INFO root] 0.022035012021660805 -0.32850468158721924 -2.5109089942580973
[38 INFO root] 0.021580293774604797 -0.3288379907608032 -2.5306533816197647
[38 INFO root] 0.02110716886818409 -0.32917070388793945 -2.5509065966253184
[38 INFO root] 0.020614618435502052 -0.3295024037361145 -2.5716535820287216
[38 INFO root] 0.020101485773921013 -0.32983270287513733 -2.592868073078975
[38 INFO root] 0.01956651359796524 -0.33016130328178406 -2.614511849283707
[38 INFO root] 0.01900837942957878 -0.3304876983165741 -2.63653400267064
[38 INFO root] 0.018425747752189636 -0.330811470746994 -2.658870266206064
[38 INFO root] 0.017817320302128792 -0.33113202452659607 -2.681442471180983
[38 INFO root] 0.017181886360049248 -0.3314487040042877 -2.704158211098118
[38 INFO root] 0.01651839353144169 -0.3317607641220093 -2.7269107938660375
[38 INFO root] 0.01582600176334381 -0.3320674002170563 -2.749579783004039
[38 INFO root] 0.015104181133210659 -0.3323676586151123 -2.7720338093011523
[38 INFO root] 0.014352751895785332 -0.33266061544418335 -2.7941323085815557
[38 INFO root] 0.013571923598647118 -0.332945317029953 -2.815726999233621
[38 INFO root] 0.012762319296598434 -0.33322077989578247 -2.8366637173402975
[38 INFO root] 0.011924983002245426 -0.3334861993789673 -2.856784673484108
[38 INFO root] 0.011061377823352814 -0.33374089002609253 -2.875931069788102
[38 INFO root] 0.010173365473747253 -0.3339843153953552 -2.893945978756437
[38 INFO root] 0.00926395133137703 -0.3342159390449524 -2.9108422586615395
[38 INFO root] 0.008336049504578114 -0.3344355821609497 -2.926662047431911
[38 INFO root] 0.007392172701656818 -0.3346431851387024 -2.9414165782713284
[38 INFO root] 0.006434551440179348 -0.3348389267921448 -2.955086146178631
[38 INFO root] 0.005465262103825808 -0.3350231945514679 -2.967628343565809
[38 INFO root] 0.00448630191385746 -0.33519649505615234 -2.978985692667511
[38 INFO root] 0.003499627113342285 -0.33535951375961304 -2.98909222949906
[38 INFO root] 0.0025071611162275076 -0.33551305532455444 -2.9978791519331556
[38 INFO root] 0.0015107770450413227 -0.33565813302993774 -3.005279626868802
[38 INFO root] 0.0005122700822539628 -0.3357958495616913 -3.0112327919745088
[38 INFO root] -0.00048668234376236796 -0.33592742681503296 -3.0156869467413925
[38 INFO root] -0.0014845599653199315 -0.3360541760921478 -3.0186019216775293
[38 INFO root] -0.0024800370447337627 -0.3361775279045105 -3.019950631174456
[38 INFO root] -0.003472908865660429 -0.3362990617752075 -3.0200698137072495
[38 INFO root] -0.00446553248912096 -0.33642029762268066 -3.0200698137072495
[38 INFO root] -0.005458157975226641 -0.3365415036678314 -3.0200698137072495
[38 INFO root] -0.006450782995671034 -0.33666273951530457 -3.0200698137072495
[38 INFO root] -0.007443408016115427 -0.3367839455604553 -3.0200698137072495
[38 INFO root] -0.008436033502221107 -0.33690518140792847 -3.0200698137072495
[38 INFO root] -0.0094286585226655 -0.3370264172554016 -3.0200698137072495
[38 INFO root] -0.010421283543109894 -0.33714762330055237 -3.0200698137072495
[38 INFO root] -0.011413908563554287 -0.3372688591480255 -3.0200698137072495
[38 INFO root] -0.01240653358399868 -0.33739006519317627 -3.0200698137072495
[38 INFO root] -0.013399159535765648 -0.3375113010406494 -3.0200698137072495
[38 INFO root] -0.014391784556210041 -0.33763253688812256 -3.0200698137072495
[38 INFO root] -0.015384409576654434 -0.3377537429332733 -3.0200698137072495
[38 INFO root] -0.016377035528421402 -0.33787497878074646 -3.0200698137072495
[38 INFO root] -0.01736965961754322 -0.3379961848258972 -3.0200698137072495
[38 INFO root] -0.01836228556931019 -0.33811742067337036 -3.0200698137072495
[38 INFO root] -0.019354909658432007 -0.3382386565208435 -3.0200698137072495
[38 INFO root] -0.020347535610198975 -0.33835986256599426 -3.0200698137072495
[38 INFO root] -0.021340159699320793 -0.3384810984134674 -3.0200698137072495
[38 INFO root] -0.02233278565108776 -0.33860230445861816 -3.0200698137072495
[38 INFO root] -0.02332541160285473 -0.3387235403060913 -3.0200698137072495
[38 INFO root] -0.024318035691976547 -0.33884477615356445 -3.0200698137072495
[38 INFO root] -0.025310661643743515 -0.3389659821987152 -3.0200698137072495
[38 INFO root] -0.026303285732865334 -0.33908721804618835 -3.0200698137072495
[38 INFO root] -0.0272959116846323 -0.3392084240913391 -3.0200698137072495
[38 INFO root] -0.02828853577375412 -0.33932965993881226 -3.0200698137072495
[38 INFO root] -0.029281161725521088 -0.3394508957862854 -3.0200698137072495
[38 INFO root] -0.030273787677288055 -0.33957210183143616 -3.0200698137072495
[38 INFO root] -0.03126641362905502 -0.3396933376789093 -3.0200698137072495
[38 INFO root] -0.03225903585553169 -0.33981454372406006 -3.0200698137072495
[38 INFO root] -0.03325166180729866 -0.3399357795715332 -3.0200698137072495
[38 INFO root] -0.03424428775906563 -0.34005701541900635 -3.0200698137072495
[38 INFO root] -0.035236913710832596 -0.3401782214641571 -3.0200698137072495
[38 INFO root] -0.036229539662599564 -0.34029945731163025 -3.0200698137072495
[38 INFO root] -0.03722216188907623 -0.340420663356781 -3.0200698137072495
[38 INFO root] -0.0382147878408432 -0.34054189920425415 -3.0200698137072495
[38 INFO root] -0.03920741379261017 -0.3406631350517273 -3.0200698137072495
[38 INFO root] -0.040200039744377136 -0.34078434109687805 -3.0200698137072495
[38 INFO root] -0.041190847754478455 -0.3409053385257721 -3.020189587704438
[38 INFO root] -0.0421655997633934 -0.3410242795944214 -3.0213904074035356
[38 INFO root] -0.04312445595860481 -0.3411402106285095 -3.023712289732225
[38 INFO root] -0.04406944662332535 -0.3412523567676544 -3.0270770633368906
[38 INFO root] -0.04500267282128334 -0.34136003255844116 -3.03140164026651
[38 INFO root] -0.04592626169323921 -0.3414626121520996 -3.036597585813223
[38 INFO root] -0.04684234783053398 -0.34155964851379395 -3.042570594629167
[38 INFO root] -0.04775303602218628 -0.34165066480636597 -3.0492201003403063
[38 INFO root] -0.04866037517786026 -0.3417353332042694 -3.05643905652229
[38 INFO root] -0.049566324800252914 -0.341813325881958 -3.064113921169341
[38 INFO root] -0.05047272518277168 -0.3418843746185303 -3.072124855301202
[38 INFO root] -0.05138126760721207 -0.34194833040237427 -3.080346138588359
[38 INFO root] -0.05229347571730614 -0.34200501441955566 -3.0886467964867146
[38 INFO root] -0.053210679441690445 -0.3420543968677521 -3.0968914232374236
[38 INFO root] -0.05413401871919632 -0.3420964479446411 -3.1049411763702732
[38 INFO root] -0.05506376177072525 -0.34213128685951233 -3.1125841428277106
[38 INFO root] -0.055975377559661865 -0.3421584367752075 -3.1170041414908303
