[4 INFO root] Initialising Python Geth Console...
[4 INFO root] Initialising RandB board...
[4 INFO root] Initialising resource sensor...
[4 INFO root] Initialising random-walk...
[4 INFO root] Initialising navigation...
[4 INFO root] Initialising Odo...
[4 INFO root] Initialising odometry...
[4 INFO root] Initialising gps...
[4 INFO root] Initialising Ground sensor...
[4 INFO root] --//-- Starting Experiment --//--
[4 INFO root] x y direction
[4 INFO root] 0.3623569905757904 0.7650219798088074 -1.4526898963124404
[4 INFO root] 0.3625718057155609 0.7632116079330444 -1.5261438820554176
[4 INFO root] 0.36274340748786926 0.7599107623100281 -1.5969605611270525
[4 INFO root] 0.3626828193664551 0.7567005753517151 -1.6547838658646479
[4 INFO root] 0.36244431138038635 0.7536469101905823 -1.701717507527228
[4 INFO root] 0.3620813488960266 0.7507807612419128 -1.7399390622602326
[4 INFO root] 0.36163702607154846 0.7481138110160828 -1.771235143415308
[4 INFO root] 0.36114421486854553 0.7456459403038025 -1.7970278338511585
[4 INFO root] 0.36062708497047424 0.7433704733848572 -1.8184335180686655
[4 INFO root] 0.36010298132896423 0.7412773370742798 -1.8363239269800935
[4 INFO root] 0.35958415269851685 0.7393549084663391 -1.8513796558429778
[4 INFO root] 0.35907891392707825 0.7375909686088562 -1.8641336939540316
[4 INFO root] 0.35859277844429016 0.7359735369682312 -1.8750054148827693
[4 INFO root] 0.35812923312187195 0.7344909906387329 -1.8843268054185778
[4 INFO root] 0.35769030451774597 0.7331326007843018 -1.8923623782221897
[4 INFO root] 0.35727691650390625 0.7318879961967468 -1.8993244104601246
[4 INFO root] 0.3568892478942871 0.7307479381561279 -1.9053843346967172
[4 INFO root] 0.3565269410610199 0.7297036051750183 -1.910681643591588
[4 INFO root] 0.3561892807483673 0.7287470102310181 -1.9153305330842596
[4 INFO root] 0.3558753728866577 0.7278708219528198 -1.9194251222231058
[4 INFO root] 0.355584055185318 0.7270682454109192 -1.9230434848325266
[4 INFO root] 0.35531413555145264 0.7263330817222595 -1.9262507402047158
[4 INFO root] 0.35506442189216614 0.7256596684455872 -1.9291015247594008
[4 INFO root] 0.3548336327075958 0.7250428199768066 -1.9316419422168485
[4 INFO root] 0.3546205759048462 0.7244777083396912 -1.9339110891149287
[4 INFO root] 0.35442405939102173 0.7239601016044617 -1.935942273792258
[4 INFO root] 0.35424289107322693 0.7234859466552734 -1.9377640433354357
[4 INFO root] 0.3540760278701782 0.7230514883995056 -1.939400933920824
[4 INFO root] 0.35392236709594727 0.7226535677909851 -1.9408741187488008
[4 INFO root] 0.3537810146808624 0.722288966178894 -1.9422019869024316
[4 INFO root] 0.35365739464759827 0.7219715118408203 -1.9440921906158335
[4 INFO root] 0.3535573482513428 0.7217158079147339 -1.9473328960579137
[4 INFO root] 0.3534775376319885 0.7215137481689453 -1.9518106643818194
[4 INFO root] 0.3534141182899475 0.7213551998138428 -1.9573237479573147
[4 INFO root] 0.35336384177207947 0.7212314009666443 -1.9636896972785651
[4 INFO root] 0.35332390666007996 0.7211347818374634 -1.9707459767663522
[4 INFO root] 0.35329192876815796 0.7210590243339539 -1.9783505198040086
[4 INFO root] 0.35326606035232544 0.7209989428520203 -1.9863811424690279
[4 INFO root] 0.35324469208717346 0.7209503650665283 -1.9947342763717695
[4 INFO root] 0.35322654247283936 0.7209100723266602 -2.0033236374525893
[4 INFO root] 0.3532106280326843 0.7208755016326904 -2.012079036421338
[4 INFO root] 0.3531961739063263 0.7208448052406311 -2.020945332517315
[4 INFO root] 0.3531826138496399 0.7208167314529419 -2.0298815317814705
[4 INFO root] 0.35316962003707886 0.7207903265953064 -2.0388599710255426
[4 INFO root] 0.3531568944454193 0.7207651138305664 -2.0478654972561214
[4 INFO root] 0.3531443774700165 0.7207408547401428 -2.0568944819461232
[4 INFO root] 0.35313212871551514 0.7207176089286804 -2.065953471492977
[4 INFO root] 0.35312020778656006 0.7206954956054688 -2.0750572649684096
[4 INFO root] 0.35310879349708557 0.7206747531890869 -2.084226354519019
[4 INFO root] 0.3530980050563812 0.720655620098114 -2.0934836822586544
[4 INFO root] 0.35308802127838135 0.7206382155418396 -2.102851592737529
[4 INFO root] 0.3530789017677307 0.720622718334198 -2.112348738231794
[4 INFO root] 0.3530707061290741 0.7206090092658997 -2.121987458220627
[4 INFO root] 0.35306331515312195 0.720596969127655 -2.1317725016690097
[4 INFO root] 0.35305657982826233 0.7205862402915955 -2.1417011539537043
[4 INFO root] 0.3530503511428833 0.7205765247344971 -2.1517644839037837
[4 INFO root] 0.35304439067840576 0.7205674052238464 -2.1619490799855092
[4 INFO root] 0.3530384302139282 0.7205584645271301 -2.172239050073671
[4 INFO root] 0.3530322313308716 0.720549464225769 -2.182618039249008
[4 INFO root] 0.3530256450176239 0.7205400466918945 -2.1930712658023275
[4 INFO root] 0.35301852226257324 0.720530092716217 -2.203591831030222
[4 INFO root] 0.3530108332633972 0.7205196022987366 -2.214175245829812
[4 INFO root] 0.35300251841545105 0.7205085158348083 -2.224817047410492
[4 INFO root] 0.35299351811408997 0.7204967141151428 -2.235512591758976
[4 INFO root] 0.3529837429523468 0.72048419713974 -2.246257150955468
[4 INFO root] 0.35297316312789917 0.7204709649085999 -2.2570459300186485
[4 INFO root] 0.3529617190361023 0.7204570174217224 -2.2678741039263763
[4 INFO root] 0.3529494106769562 0.7204422354698181 -2.27873687716882
[4 INFO root] 0.35293617844581604 0.7204267382621765 -2.2896295931027963
[4 INFO root] 0.3529219627380371 0.7204104661941528 -2.3005476432449434
[4 INFO root] 0.3529067635536194 0.7203934788703918 -2.311486608675095
[4 INFO root] 0.35289058089256287 0.7203757166862488 -2.3224421990682074
[4 INFO root] 0.3528733551502228 0.7203572392463684 -2.333410354233891
[4 INFO root] 0.3528550863265991 0.7203381061553955 -2.3443872063419544
[4 INFO root] 0.3528357744216919 0.7203182578086853 -2.3553690628935895
[4 INFO root] 0.3528154194355011 0.7202978730201721 -2.3663525160460863
[4 INFO root] 0.35279402136802673 0.7202768325805664 -2.3773342564588136
[4 INFO root] 0.3527715802192688 0.7202552556991577 -2.3883113180284936
[4 INFO root] 0.3527480959892273 0.7202332019805908 -2.399280896794223
[4 INFO root] 0.3527235686779022 0.7202106714248657 -2.410240378821885
[4 INFO root] 0.3526979982852936 0.7201876640319824 -2.4211874028060847
[4 INFO root] 0.35267147421836853 0.7201642990112305 -2.432119866881539
[4 INFO root] 0.3526439368724823 0.7201406359672546 -2.4430357563078777
[4 INFO root] 0.3526154160499573 0.7201166152954102 -2.453933251615337
[4 INFO root] 0.35258597135543823 0.7200923562049866 -2.464810822336521
[4 INFO root] 0.3525555729866028 0.7200679183006287 -2.4756670167416934
[4 INFO root] 0.3525242507457733 0.7200432419776917 -2.4865005407862015
[4 INFO root] 0.3524920642375946 0.7200184464454651 -2.4973103692095444
[4 INFO root] 0.35245901346206665 0.7199935913085938 -2.5080955210618776
[4 INFO root] 0.35242509841918945 0.7199686169624329 -2.518855125855165
[4 INFO root] 0.3523903787136078 0.719943642616272 -2.5295885747741567
[4 INFO root] 0.35235488414764404 0.7199186682701111 -2.540295267987844
[4 INFO root] 0.35231858491897583 0.7198936939239502 -2.550974742796139
[4 INFO root] 0.3522815406322479 0.7198688387870789 -2.561626723493012
[4 INFO root] 0.3522437810897827 0.7198439836502075 -2.57225089878051
[4 INFO root] 0.3522053062915802 0.7198193073272705 -2.582847230110947
[4 INFO root] 0.35216614603996277 0.7197948098182678 -2.5934155915054697
[4 INFO root] 0.3521263301372528 0.7197704315185547 -2.6039559413253963
[4 INFO root] 0.3520858585834503 0.7197462320327759 -2.6144684270565777
[4 INFO root] 0.3520447611808777 0.7197222709655762 -2.624953237392831
[4 INFO root] 0.3520030677318573 0.7196984887123108 -2.6354105529907406
[4 INFO root] 0.35196077823638916 0.7196750044822693 -2.645840714434413
[4 INFO root] 0.35191792249679565 0.7196517586708069 -2.6562439850618484
[4 INFO root] 0.3518745005130768 0.7196288108825684 -2.6666207669736344
[4 INFO root] 0.3518305718898773 0.7196061611175537 -2.676971460125727
[4 INFO root] 0.3517860770225525 0.7195838093757629 -2.687296483954881
[4 INFO root] 0.35174110531806946 0.7195618152618408 -2.6975963705971564
[4 INFO root] 0.35169559717178345 0.7195401191711426 -2.7078715531564805
[4 INFO root] 0.3516496419906616 0.7195187211036682 -2.718122651938962
[4 INFO root] 0.3516031801700592 0.7194977402687073 -2.728350286809989
[4 INFO root] 0.35155627131462097 0.719477117061615 -2.7385549647755316
[4 INFO root] 0.35150888562202454 0.7194568514823914 -2.7487372705790545
[4 INFO root] 0.3514610528945923 0.7194370031356812 -2.758897859602935
[4 INFO root] 0.3514127731323242 0.7194175124168396 -2.7690372938740926
[4 INFO root] 0.35136404633522034 0.7193983793258667 -2.779156257082473
[4 INFO root] 0.35131487250328064 0.719379723072052 -2.7892554730888315
[4 INFO root] 0.3512653112411499 0.719361424446106 -2.7993354707094418
[4 INFO root] 0.35121527314186096 0.7193435430526733 -2.809396937846577
[4 INFO root] 0.351164847612381 0.7193260788917542 -2.819440567491281
[4 INFO root] 0.3511140048503876 0.7193090319633484 -2.829466979559066
[4 INFO root] 0.35106271505355835 0.7192924618721008 -2.8394768206041405
[4 INFO root] 0.3510110080242157 0.7192762494087219 -2.849470658456827
[4 INFO root] 0.3509588837623596 0.719260573387146 -2.8594492572149464
[4 INFO root] 0.3509063422679901 0.7192452549934387 -2.8694130536990623
[4 INFO root] 0.3508533835411072 0.7192304134368896 -2.8793627945387623
[4 INFO root] 0.3508000075817108 0.7192160487174988 -2.889299024510818
[4 INFO root] 0.35074618458747864 0.7192021012306213 -2.899222252609594
[4 INFO root] 0.35069191455841064 0.7191886305809021 -2.9091331278107355
[4 INFO root] 0.3506372272968292 0.7191756367683411 -2.9190321829739445
[4 INFO root] 0.350582093000412 0.7191631197929382 -2.928919892439992
[4 INFO root] 0.3505265414714813 0.7191510200500488 -2.9387967401124806
[4 INFO root] 0.35047051310539246 0.7191394567489624 -2.9486632900902765
[4 INFO root] 0.35041379928588867 0.7191283106803894 -2.9585067694270695
[4 INFO root] 0.3503550589084625 0.7191174030303955 -2.968256195120201
[4 INFO root] 0.3502942621707916 0.7191066741943359 -2.9779033096433136
[4 INFO root] 0.350231409072876 0.7190962433815002 -2.987447533467299
[4 INFO root] 0.3501666486263275 0.7190861105918884 -2.9968883228679335
[4 INFO root] 0.35010001063346863 0.7190763354301453 -3.006225174468795
[4 INFO root] 0.3500315845012665 0.7190669775009155 -3.015457626720059
[4 INFO root] 0.34996140003204346 0.7190579771995544 -3.024585261216319
[4 INFO root] 0.3498896062374115 0.7190495133399963 -3.0336077038663367
[4 INFO root] 0.3498162031173706 0.7190414667129517 -3.0425246259126992
[4 INFO root] 0.34974128007888794 0.71903395652771 -3.0513357448003022
[4 INFO root] 0.34966495633125305 0.7190269827842712 -3.060040824893381
[4 INFO root] 0.34958726167678833 0.7190205454826355 -3.06863967804177
[4 INFO root] 0.34950825572013855 0.7190147042274475 -3.077132163997804
[4 INFO root] 0.34942805767059326 0.7190094590187073 -3.085518190686109
[4 INFO root] 0.34934669733047485 0.7190048694610596 -3.0937977143292645
[4 INFO root] 0.3492642939090729 0.7190008163452148 -3.1019707394329794
[4 INFO root] 0.34918084740638733 0.7189974784851074 -3.110037318635084
[4 INFO root] 0.34909647703170776 0.7189947366714478 -3.117997552423195
[4 INFO root] 0.34901124238967896 0.7189926505088806 -3.125851588726471
[4 INFO root] 0.34892523288726807 0.718991219997406 -3.1335996223872327
[4 INFO root] 0.3488384485244751 0.7189904451370239 -3.1412418945187692
[4 INFO root] 0.3487510085105896 0.7189903855323792 3.1344066154237566
[4 INFO root] 0.34866297245025635 0.7189909219741821 3.1269749617749025
[4 INFO root] 0.3485743999481201 0.7189921736717224 3.1196480766798045
[4 INFO root] 0.3484853208065033 0.7189940810203552 3.112425542405339
[4 INFO root] 0.34839585423469543 0.7189965844154358 3.1053068996281095
[4 INFO root] 0.34830600023269653 0.7189998030662537 3.098291648614358
[4 INFO root] 0.34821584820747375 0.7190036177635193 3.0913792504640702
[4 INFO root] 0.3481254577636719 0.7190081477165222 3.0845691284119576
[4 INFO root] 0.34803488850593567 0.7190132141113281 3.077860669178152
[4 INFO root] 0.3479441702365875 0.7190189361572266 3.0712532243615427
[4 INFO root] 0.3478533625602722 0.7190253138542175 3.064746111868864
[4 INFO root] 0.3477625250816345 0.7190322279930115 3.0583386173729004
[4 INFO root] 0.3476716876029968 0.7190397381782532 3.0520299957933257
[4 INFO root] 0.3475809097290039 0.7190478444099426 3.045819472794031
[4 INFO root] 0.34749025106430054 0.7190564870834351 3.0397062462910416
[4 INFO root] 0.3473997116088867 0.7190657258033752 3.0336894879654044
[4 INFO root] 0.3473093807697296 0.7190754413604736 3.0277683447758026
[4 INFO root] 0.3472192883491516 0.719085693359375 3.021941940465901
[4 INFO root] 0.3471294641494751 0.7190964221954346 3.01620937706179
[4 INFO root] 0.34703993797302246 0.7191076278686523 3.010569736355267
[4 INFO root] 0.3469507694244385 0.7191193699836731 3.0050220813689443
[4 INFO root] 0.34686198830604553 0.7191315293312073 2.9995654577995996
[4 INFO root] 0.34677359461784363 0.7191441059112549 2.9941988954364236
[4 INFO root] 0.34668564796447754 0.7191570997238159 2.9889214095512213
[4 INFO root] 0.34659820795059204 0.7191705107688904 2.983732002257908
[4 INFO root] 0.34651124477386475 0.7191842794418335 2.978629663838928
[4 INFO root] 0.34642481803894043 0.71919846534729 2.9736133740365616
[4 INFO root] 0.3463389277458191 0.7192130088806152 2.9686821033073487
[4 INFO root] 0.3462536334991455 0.7192278504371643 2.963834814038121
[4 INFO root] 0.34616896510124207 0.7192429900169373 2.9590704617224235
[4 INFO root] 0.3460848927497864 0.7192584872245789 2.954387996096321
[4 INFO root] 0.3460014760494232 0.7192742228507996 2.9497863622328366
[4 INFO root] 0.345918744802475 0.7192902565002441 2.9452645015944934
[4 INFO root] 0.34583666920661926 0.7193065881729126 2.940821353043571
[4 INFO root] 0.34575530886650085 0.7193230986595154 2.9364558538099748
[4 INFO root] 0.34567466378211975 0.7193398475646973 2.932166940416711
[4 INFO root] 0.34559476375579834 0.7193567752838135 2.927953549563137
[4 INFO root] 0.3455156087875366 0.719373881816864 2.9238146189663214
[4 INFO root] 0.3454371988773346 0.7193912267684937 2.91974908816095
[4 INFO root] 0.34535956382751465 0.7194086909294128 2.9157558992583543
[4 INFO root] 0.3452827036380768 0.7194263339042664 2.911833997665329
[4 INFO root] 0.3452066481113434 0.7194440960884094 2.9079823327635053
[4 INFO root] 0.34513139724731445 0.719461977481842 2.904199858550111
[4 INFO root] 0.34505695104599 0.7194799184799194 2.900485534241066
[4 INFO root] 0.34498330950737 0.7194980382919312 2.896838324837342
[4 INFO root] 0.34491050243377686 0.7195161581039429 2.8932572016556417
[4 INFO root] 0.3448385000228882 0.7195343971252441 2.8897411428244664
[4 INFO root] 0.34476736187934875 0.7195526957511902 2.8862891337466383
[4 INFO root] 0.3446970283985138 0.7195709943771362 2.882900167529442
[4 INFO root] 0.3446275293827057 0.719589352607727 2.879573245383492
[4 INFO root] 0.3445588946342468 0.7196077704429626 2.876307376991501
[4 INFO root] 0.3444910943508148 0.7196261882781982 2.873101580848105
[4 INFO root] 0.34442415833473206 0.7196445465087891 2.8699548845718783
[4 INFO root] 0.34435805678367615 0.7196629643440247 2.8668663251907374
[4 INFO root] 0.3442927896976471 0.7196813225746155 2.8638349494018294
[4 INFO root] 0.3442283570766449 0.7196996808052063 2.860859813807073
[4 INFO root] 0.34416478872299194 0.7197179794311523 2.8579399851254434
[4 INFO root] 0.34410205483436584 0.7197362184524536 2.855074540383104
[4 INFO root] 0.344040185213089 0.7197544574737549 2.852262567082478
[4 INFO root] 0.3439791202545166 0.7197726368904114 2.8495031633512515
[4 INFO root] 0.34391891956329346 0.7197906970977783 2.846795438072404
[4 INFO root] 0.3438595235347748 0.7198086977005005 2.844138510996205
[4 INFO root] 0.34380096197128296 0.7198266386985779 2.8415315128351573
[4 INFO root] 0.343743234872818 0.7198444604873657 2.8389735853428446
[4 INFO root] 0.3436863422393799 0.7198622226715088 2.8364638813775485
[4 INFO root] 0.34363025426864624 0.7198798656463623 2.8340015649515355
[4 INFO root] 0.34357497096061707 0.719897449016571 2.831585811266851
[4 INFO root] 0.34352049231529236 0.7199148535728455 2.8292158067384223
[4 INFO root] 0.3434668481349945 0.7199321985244751 2.826890749005259
[4 INFO root] 0.34341394901275635 0.7199493646621704 2.824609846930474
[4 INFO root] 0.34336188435554504 0.719966471195221 2.822372320590868
[4 INFO root] 0.3433105945587158 0.7199833989143372 2.8201774012567475
[4 INFO root] 0.3432600498199463 0.7200002074241638 2.8180243313626216
[4 INFO root] 0.3432103097438812 0.7200168967247009 2.815912364469423
[4 INFO root] 0.34316131472587585 0.7200334072113037 2.813840765218811
[4 INFO root] 0.34311309456825256 0.7200497984886169 2.811808809280159
[4 INFO root] 0.34306561946868896 0.7200660109519958 2.8098157832907464
[4 INFO root] 0.34301888942718506 0.7200821042060852 2.8078609847896723
[4 INFO root] 0.34297287464141846 0.720098078250885 2.8059437221459516
[4 INFO root] 0.34292760491371155 0.7201138734817505 2.8040633144812905
[4 INFO root] 0.34288308024406433 0.7201294898986816 2.8022190915879475
[4 INFO root] 0.34283924102783203 0.7201449275016785 2.800410393842118
[4 INFO root] 0.34279611706733704 0.7201602458953857 2.798636572113186
[4 INFO root] 0.34275367856025696 0.7201753854751587 2.7968969876692684
[4 INFO root] 0.3427119255065918 0.7201903462409973 2.7951910120793406
[4 INFO root] 0.34267088770866394 0.7202051877975464 2.7935180271123343
[4 INFO root] 0.3426305055618286 0.7202197909355164 2.7918774246334372
[4 INFO root] 0.3425907790660858 0.7202342748641968 2.7902686064979645
[4 INFO root] 0.34255170822143555 0.7202485799789429 2.7886909844430092
[4 INFO root] 0.3425133228302002 0.7202627658843994 2.7871439799771616
[4 INFO root] 0.342475563287735 0.7202767133712769 2.785627024268536
[4 INFO root] 0.3424384295940399 0.72029048204422 2.7841395580313164
[4 INFO root] 0.342401921749115 0.7203041315078735 2.7826810314110317
[4 INFO root] 0.3423660397529602 0.7203176021575928 2.78125090386878
[4 INFO root] 0.3423307538032532 0.7203308939933777 2.779848644064566
[4 INFO root] 0.3422960937023163 0.7203440070152283 2.7784737297399134
[4 INFO root] 0.34226199984550476 0.7203569412231445 2.7771256475999495
[4 INFO root] 0.3422285318374634 0.7203696966171265 2.7758038931950795
[4 INFO root] 0.342195600271225 0.7203823328018188 2.7745079708024103
[4 INFO root] 0.3421632647514343 0.7203947305679321 2.7732373933070287
[4 INFO root] 0.34213149547576904 0.7204070091247559 2.7719916820832924
[4 INFO root] 0.34210026264190674 0.7204191088676453 2.770770366876215
[4 INFO root] 0.3420695662498474 0.7204310297966003 2.7695729856830558
[4 INFO root] 0.34203943610191345 0.7204427719116211 2.7683990846352344
[4 INFO root] 0.3420098125934601 0.7204543948173523 2.7672482178806184
[4 INFO root] 0.3419807255268097 0.7204657793045044 2.766119947466293
[4 INFO root] 0.3419521450996399 0.7204770445823669 2.7650138432219102
[4 INFO root] 0.34192410111427307 0.7204881310462952 2.76392948264362
[4 INFO root] 0.34189653396606445 0.7204990983009338 2.762866450778734
[4 INFO root] 0.34186944365501404 0.7205098271369934 2.7618243401111116
[4 INFO root] 0.3418428599834442 0.7205204367637634 2.76080275044736
[4 INFO root] 0.3418167531490326 0.7205309271812439 2.759801288803882
[4 INFO root] 0.3417911231517792 0.7205411791801453 2.7588195692948343
[4 INFO root] 0.3417659401893616 0.7205513119697571 2.75785721302102
[4 INFO root] 0.3417412042617798 0.7205613255500793 2.7569138479597513
[4 INFO root] 0.3417169153690338 0.7205711603164673 2.7559891088557467
[4 INFO root] 0.34169310331344604 0.7205808162689209 2.7550826371130572
[4 INFO root] 0.3416697084903717 0.720590353012085 2.7541940806880563
[4 INFO root] 0.3416467308998108 0.7205997109413147 2.7533230939835502
[4 INFO root] 0.3416241705417633 0.7206089496612549 2.752469337743993
[4 INFO root] 0.34160202741622925 0.7206180095672607 2.751632478951826
[4 INFO root] 0.3415803015232086 0.720626950263977 2.7508121907250027
[4 INFO root] 0.34155896306037903 0.720635712146759 2.75000815221566
[4 INFO root] 0.3415380120277405 0.7206443548202515 2.749220048509985
[4 INFO root] 0.34151747822761536 0.7206528782844543 2.7484475705292546
[4 INFO root] 0.3414973020553589 0.7206612229347229 2.7476904149321113
[4 INFO root] 0.34147751331329346 0.7206694483757019 2.7469482840180244
[4 INFO root] 0.3414580821990967 0.7206775546073914 2.746220885631968
[4 INFO root] 0.34143900871276855 0.7206854820251465 2.7455079330703325
[4 INFO root] 0.3414202928543091 0.7206933498382568 2.744809144988044
[4 INFO root] 0.34140193462371826 0.7207010388374329 2.7441242453069243
[4 INFO root] 0.3413839340209961 0.7207086086273193 2.7434529631252627
[4 INFO root] 0.3413662314414978 0.7207159996032715 2.7427950326286186
[4 INFO root] 0.34134888648986816 0.7207233309745789 2.7421501930018453
[4 INFO root] 0.3413318693637848 0.7207304835319519 2.7415181883423294
[4 INFO root] 0.3413151800632477 0.7207375764846802 2.74089876757447
[4 INFO root] 0.34129878878593445 0.7207444906234741 2.7402916843653355
[4 INFO root] 0.3412826955318451 0.7207513451576233 2.7396966970415555
[4 INFO root] 0.341266930103302 0.7207580208778381 2.739113568507413
[4 INFO root] 0.3412514626979828 0.7207646369934082 2.738542066164108
[4 INFO root] 0.34123629331588745 0.720771074295044 2.7379819618302457
[4 INFO root] 0.3412213921546936 0.7207774519920349 2.7374330316634796
[4 INFO root] 0.34120678901672363 0.7207837104797363 2.7368950560833385
[4 INFO root] 0.34119245409965515 0.7207898497581482 2.736367819695212
[4 INFO root] 0.34117838740348816 0.7207958698272705 2.735851111215511
[4 INFO root] 0.34116461873054504 0.7208017706871033 2.7353447233979438
[4 INFO root] 0.34115108847618103 0.7208076119422913 2.734848452960964
[4 INFO root] 0.3411378264427185 0.7208133339881897 2.7343621005163152
[4 INFO root] 0.3411248028278351 0.7208189368247986 2.7338854704987163
