[20 INFO root] Initialising Python Geth Console...
[20 INFO root] Initialising RandB board...
[20 INFO root] Initialising resource sensor...
[20 INFO root] Initialising random-walk...
[20 INFO root] Initialising navigation...
[20 INFO root] Initialising Odo...
[20 INFO root] Initialising odometry...
[20 INFO root] Initialising gps...
[20 INFO root] Initialising Ground sensor...
[20 INFO root] --//-- Starting Experiment --//--
[20 INFO root] x y direction
[20 INFO root] -0.1998549997806549 0.29713401198387146 1.589336959438832
[20 INFO root] -0.19982023537158966 0.2952593266963959 1.4597438067304662
[20 INFO root] -0.20006011426448822 0.2923126518726349 1.2987344051849214
[20 INFO root] -0.2003682553768158 0.2907932996749878 1.1313559981987922
[20 INFO root] -0.20031525194644928 0.2907998561859131 0.9728165547728527
[20 INFO root] -0.19959485530853271 0.2918780446052551 0.8313141151773582
[20 INFO root] -0.1981663554906845 0.2934909164905548 0.7094776304294721
[20 INFO root] -0.19613774120807648 0.29527968168258667 0.6070280726987859
[20 INFO root] -0.19363699853420258 0.2970533072948456 0.5227677592903709
[20 INFO root] -0.19079698622226715 0.29871997237205505 0.4553442585324986
[20 INFO root] -0.18772806227207184 0.30024757981300354 0.40342368859263394
[20 INFO root] -0.18451957404613495 0.3016364872455597 0.36565203173333605
[20 INFO root] -0.18124262988567352 0.30290529131889343 0.34060903142443016
[20 INFO root] -0.1779518872499466 0.3040809631347656 0.32678857021776814
[20 INFO root] -0.17468835413455963 0.3051922023296356 0.3226119453977204
[20 INFO root] -0.17148271203041077 0.30626532435417175 0.3264735702106565
[20 INFO root] -0.16835829615592957 0.30732184648513794 0.3368108504567499
[20 INFO root] -0.16533318161964417 0.3083775043487549 0.3521807832016662
[20 INFO root] -0.1624215990304947 0.30944228172302246 0.3713194450191301
[20 INFO root] -0.1596345752477646 0.3105211555957794 0.39317361534277295
[20 INFO root] -0.15698027610778809 0.3116150200366974 0.41690702060381324
[20 INFO root] -0.15446406602859497 0.31272196769714355 0.4418856844150707
[20 INFO root] -0.15208867192268372 0.3138381540775299 0.4676495168495628
[20 INFO root] -0.149854376912117 0.31495895981788635 0.49387855636917255
[20 INFO root] -0.14775937795639038 0.3160794675350189 0.5203600398106262
[20 INFO root] -0.14579422771930695 0.31719836592674255 0.5441518840467717
[20 INFO root] -0.1439531296491623 0.3183061480522156 0.56438680706116
[20 INFO root] -0.14223086833953857 0.3193913400173187 0.5814778486666127
[20 INFO root] -0.14062106609344482 0.32044529914855957 0.5958839710271785
[20 INFO root] -0.13911662995815277 0.32146212458610535 0.6079902048993785
[20 INFO root] -0.13771040737628937 0.32243812084198 0.618115431955218
[20 INFO root] -0.13639496266841888 0.32337138056755066 0.6265310753924158
[20 INFO root] -0.13516157865524292 0.32426244020462036 0.633492749146084
[20 INFO root] -0.13400207459926605 0.3251127600669861 0.6392104593558415
[20 INFO root] -0.1329091638326645 0.3259241282939911 0.643850937020413
[20 INFO root] -0.13187642395496368 0.3266984820365906 0.6475471534707593
[20 INFO root] -0.13089804351329803 0.3274378478527069 0.6504060408532167
[20 INFO root] -0.12996885180473328 0.3281444013118744 0.6525143576425283
[20 INFO root] -0.12908419966697693 0.3288201093673706 0.6539431650939487
[20 INFO root] -0.12823982536792755 0.3294670879840851 0.6547512647751123
[20 INFO root] -0.12743186950683594 0.330087274312973 0.654987855561892
[20 INFO root] -0.12663768231868744 0.33069726824760437 0.6550058478160472
[20 INFO root] -0.12584464251995087 0.33130642771720886 0.6550058478160472
[20 INFO root] -0.1250515878200531 0.33191558718681335 0.6550058478160472
[20 INFO root] -0.12425854802131653 0.33252474665641785 0.6550058478160472
[20 INFO root] -0.12346550077199936 0.33313390612602234 0.6550058478160472
[20 INFO root] -0.12267246097326279 0.33374306559562683 0.6550058478160472
[20 INFO root] -0.12187941372394562 0.3343522250652313 0.6550058478160472
[20 INFO root] -0.12108636647462845 0.3349614143371582 0.6550058478160472
[20 INFO root] -0.12029332667589188 0.3355705738067627 0.6550058478160472
[20 INFO root] -0.11950027942657471 0.3361797332763672 0.6550058478160472
[20 INFO root] -0.11870723962783813 0.3367888927459717 0.6550058478160472
[20 INFO root] -0.11791419237852097 0.33739805221557617 0.6550058478160472
[20 INFO root] -0.1171211451292038 0.33800721168518066 0.6550058478160472
[20 INFO root] -0.11632810533046722 0.33861637115478516 0.6550058478160472
[20 INFO root] -0.11553505808115005 0.33922556042671204 0.6550058478160472
[20 INFO root] -0.11474201828241348 0.33983471989631653 0.6550058478160472
[20 INFO root] -0.11394897103309631 0.340443879365921 0.6550058478160472
[20 INFO root] -0.11315592378377914 0.3410530388355255 0.6550058478160472
[20 INFO root] -0.11236288398504257 0.34166219830513 0.6550058478160472
[20 INFO root] -0.1115698367357254 0.3422713577747345 0.6550058478160472
[20 INFO root] -0.11077679693698883 0.342880517244339 0.6550058478160472
[20 INFO root] -0.10998374968767166 0.34348970651626587 0.6550058478160472
[20 INFO root] -0.10919070243835449 0.34409886598587036 0.6550058478160472
[20 INFO root] -0.10839766263961792 0.34470802545547485 0.6550058478160472
[20 INFO root] -0.10760461539030075 0.34531718492507935 0.6550058478160472
[20 INFO root] -0.10681156814098358 0.34592634439468384 0.6550058478160472
[20 INFO root] -0.10601852834224701 0.34653550386428833 0.6550058478160472
[20 INFO root] -0.10522548109292984 0.3471446931362152 0.6550058478160472
[20 INFO root] -0.10443244129419327 0.3477538526058197 0.6550058478160472
[20 INFO root] -0.1036393940448761 0.3483630120754242 0.6550058478160472
[20 INFO root] -0.10284634679555893 0.3489721715450287 0.6550058478160472
[20 INFO root] -0.10205330699682236 0.3495813310146332 0.6550058478160472
[20 INFO root] -0.10126025974750519 0.35019049048423767 0.6550058478160472
[20 INFO root] -0.10046721994876862 0.35079964995384216 0.6550058478160472
[20 INFO root] -0.09967417269945145 0.35140883922576904 0.6550058478160472
[20 INFO root] -0.09888112545013428 0.35201799869537354 0.6550058478160472
[20 INFO root] -0.0980880856513977 0.352627158164978 0.6550058478160472
[20 INFO root] -0.09729503840208054 0.3532363176345825 0.6550058478160472
[20 INFO root] -0.09652581810951233 0.35382717847824097 0.6550711631193581
[20 INFO root] -0.09587842226028442 0.3543245196342468 0.6554630867853554
[20 INFO root] -0.09534584730863571 0.35473397374153137 0.6561556583520805
[20 INFO root] -0.09491009265184402 0.35506942868232727 0.6571003070128288
[20 INFO root] -0.09455644339323044 0.35534217953681946 0.6582621967997081
[20 INFO root] -0.0942729264497757 0.35556137561798096 0.6596165403425239
[20 INFO root] -0.09404975175857544 0.35573437809944153 0.6611455888579157
[20 INFO root] -0.09387878328561783 0.35586732625961304 0.6628366135874784
[20 INFO root] -0.09375320374965668 0.3559653162956238 0.6646805402830223
[20 INFO root] -0.09366724640130997 0.3560326397418976 0.6666710109421604
[20 INFO root] -0.09361597895622253 0.35607296228408813 0.6688037291779859
[20 INFO root] -0.09359513968229294 0.35608941316604614 0.6710759967670387
[20 INFO root] -0.09360102564096451 0.3560847342014313 0.6734863809980103
[20 INFO root] -0.09363040328025818 0.35606130957603455 0.6760344728417341
[20 INFO root] -0.09368038922548294 0.3560212254524231 0.6787207091165842
[20 INFO root] -0.09374844282865524 0.35596635937690735 0.6815462404222007
[20 INFO root] -0.09383229166269302 0.35589835047721863 0.6845128323097669
[20 INFO root] -0.09392989426851273 0.3558187484741211 0.68762279098015
[20 INFO root] -0.0940394178032875 0.3557288348674774 0.6908789074007665
[20 INFO root] -0.09415920823812485 0.3556298613548279 0.6942844155171685
[20 INFO root] -0.09428776055574417 0.35552290081977844 0.6978429614694172
[20 INFO root] -0.09442372620105743 0.3554089665412903 0.7015585815783728
[20 INFO root] -0.09456587582826614 0.35528892278671265 0.7054356874555967
[20 INFO root] -0.09471309930086136 0.3551636338233948 0.7094790569855286
[20 INFO root] -0.09486441314220428 0.355033814907074 0.7136938301761127
[20 INFO root] -0.0950189158320427 0.35490015149116516 0.718085527773138
[20 INFO root] -0.09517582505941391 0.3547631800174713 0.7226600719581519
[20 INFO root] -0.09533444792032242 0.3546234369277954 0.7274237970070607
[20 INFO root] -0.09549420326948166 0.3544813394546509 0.7323834503559555
[20 INFO root] -0.09565454721450806 0.35433730483055115 0.7375461869647727
[20 INFO root] -0.0958150252699852 0.3541916310787201 0.7429195590357925
[20 INFO root] -0.09597521275281906 0.35404467582702637 0.7485115021130223
[20 INFO root] -0.0961347371339798 0.3538966774940491 0.7543303178187002
[20 INFO root] -0.09629321843385696 0.3537479043006897 0.7603846530819194
[20 INFO root] -0.0964503288269043 0.3535986542701721 0.7666834754146538
[20 INFO root] -0.09660572558641434 0.35344916582107544 0.7732360438574448
[20 INFO root] -0.09675905853509903 0.35329970717430115 0.7800518790909842
[20 INFO root] -0.09690997749567032 0.3531506061553955 0.7871407362197868
[20 INFO root] -0.09705813974142075 0.35300213098526 0.7945125815241958
[20 INFO root] -0.09720315784215927 0.3528546690940857 0.8021775076751811
[20 INFO root] -0.09734462201595306 0.3527086079120636 0.8101456223463593
[20 INFO root] -0.09748207777738571 0.35256439447402954 0.8184269348551254
[20 INFO root] -0.09761503338813782 0.3524225950241089 0.8270312507469358
[20 INFO root] -0.0977429524064064 0.3522838056087494 0.835968081468652
[20 INFO root] -0.0978652685880661 0.3521486818790436 0.8452465751659589
[20 INFO root] -0.09798139333724976 0.3520180284976959 0.8548754728624381
[20 INFO root] -0.09809072315692902 0.3518925905227661 0.864863091999005
[20 INFO root] -0.09819268435239792 0.3517732322216034 0.8752173369899714
[20 INFO root] -0.09828672558069229 0.3516608476638794 0.8859457344949354
[20 INFO root] -0.09837234020233154 0.35155627131462097 0.8970554897603247
[20 INFO root] -0.09844905138015747 0.35146039724349976 0.9085532588041484
[20 INFO root] -0.09851638972759247 0.3513742685317993 0.9204446172713595
[20 INFO root] -0.09857390820980072 0.35129886865615845 0.9327341360346898
[20 INFO root] -0.09862120449542999 0.3512353003025055 0.9454254146484967
[20 INFO root] -0.09865758568048477 0.3511850833892822 0.9585159485013836
[20 INFO root] -0.0986824631690979 0.3511497974395752 0.9720017013853346
[20 INFO root] -0.09869545698165894 0.3511308431625366 0.9858788851802718
[20 INFO root] -0.09869640320539474 0.3511294722557068 1.0001446352639514
[20 INFO root] -0.0986853614449501 0.3511466681957245 1.0147976386117183
[20 INFO root] -0.0986625999212265 0.3511832356452942 1.029838793378854
[20 INFO root] -0.09862856566905975 0.35123977065086365 1.045271932935641
[20 INFO root] -0.0985838994383812 0.35131657123565674 1.061104622227864
[20 INFO root] -0.0985293909907341 0.3514137864112854 1.0773489471405424
[20 INFO root] -0.09846599400043488 0.3515312671661377 1.0940222680760285
[20 INFO root] -0.09839475154876709 0.35166871547698975 1.1111479373330257
[20 INFO root] -0.09831678867340088 0.3518255949020386 1.1287559758032013
[20 INFO root] -0.09823332726955414 0.35200121998786926 1.1468836945017693
[20 INFO root] -0.09814558178186417 0.35219478607177734 1.1655762393627924
[20 INFO root] -0.09805481880903244 0.3524053692817688 1.184887036376432
[20 INFO root] -0.09796225279569626 0.3526320159435272 1.2048781209324497
[20 INFO root] -0.09786910563707352 0.3528737425804138 1.2256203515308077
[20 INFO root] -0.09777653217315674 0.3531295955181122 1.247193584039483
[20 INFO root] -0.09768563508987427 0.35339874029159546 1.2696866222032686
[20 INFO root] -0.09759745746850967 0.3536805510520935 1.293197079069462
[20 INFO root] -0.09751296043395996 0.35397452116012573 1.3178311917546717
[20 INFO root] -0.09743308275938034 0.3542805016040802 1.343703441135261
[20 INFO root] -0.09735871106386185 0.3545987010002136 1.3709356651964881
[20 INFO root] -0.09729074686765671 0.35492974519729614 1.3996568454203633
[20 INFO root] -0.09723010659217834 0.35527485609054565 1.4300092524083554
[20 INFO root] -0.09717787802219391 0.35563576221466064 1.4621453812318619
[20 INFO root] -0.09713534265756607 0.3560148775577545 1.4962229881055245
[20 INFO root] -0.09710412472486496 0.3564152717590332 1.5323978644401528
[20 INFO root] -0.09708630293607712 0.35684099793434143 1.5708143750508246
[20 INFO root] -0.0970846638083458 0.35729700326919556 1.6115941695375522
[20 INFO root] -0.09710288792848587 0.35778918862342834 1.6548236167788273
[20 INFO root] -0.09714578837156296 0.35832417011260986 1.700540576544959
[20 INFO root] -0.09721960872411728 0.358909010887146 1.7487211177191442
[20 INFO root] -0.09733210504055023 0.3595508337020874 1.7992667844904977
[20 INFO root] -0.09749269485473633 0.3602561056613922 1.8519930818009267
[20 INFO root] -0.09771225601434708 0.36103010177612305 1.9066200333811256
[20 INFO root] -0.0980028286576271 0.3618760406970978 1.9627659415573175
[20 INFO root] -0.09837692975997925 0.36279433965682983 2.019945777987497
[20 INFO root] -0.09884662181138992 0.36378198862075806 2.0775757629132707
[20 INFO root] -0.09942232817411423 0.3648321330547333 2.134985582390124
[20 INFO root] -0.10011142492294312 0.3659340739250183 2.1914390061620113
[20 INFO root] -0.1008317619562149 0.36695441603660583 2.2453435536761983
[20 INFO root] -0.10155700147151947 0.367872029542923 2.2965558321068227
[20 INFO root] -0.10227417200803757 0.36868923902511597 2.3451953103795806
[20 INFO root] -0.10297181457281113 0.3694099187850952 2.3913809983588137
[20 INFO root] -0.10363928228616714 0.3700382709503174 2.4352142918475974
[20 INFO root] -0.10426671802997589 0.3705788552761078 2.476802526136999
[20 INFO root] -0.10484533756971359 0.37103670835494995 2.5162761266840943
[20 INFO root] -0.1053677573800087 0.37141743302345276 2.553794560760266
[20 INFO root] -0.10582827031612396 0.3717271685600281 2.589545808510774
[20 INFO root] -0.1062229573726654 0.37197256088256836 2.6237416950651253
[20 INFO root] -0.10654977709054947 0.37216055393218994 2.656610868907979
[20 INFO root] -0.10680840164422989 0.3722982108592987 2.6883910872647143
[20 INFO root] -0.10700003057718277 0.37239253520965576 2.719322059327355
[20 INFO root] -0.10712715983390808 0.3724503517150879 2.749639557785291
[20 INFO root] -0.10719327628612518 0.37247809767723083 2.779571030343894
[20 INFO root] -0.10720264911651611 0.3724818825721741 2.809332619127166
[20 INFO root] -0.1071600690484047 0.37246719002723694 2.8391273348170536
[20 INFO root] -0.10707070678472519 0.3724391460418701 2.869144095645712
[20 INFO root] -0.10693995654582977 0.3724023103713989 2.899557378785132
[20 INFO root] -0.10677334666252136 0.3723607361316681 2.9305273007802426
[20 INFO root] -0.10657645761966705 0.37231799960136414 2.9622000158599078
[20 INFO root] -0.10635486245155334 0.372277170419693 2.9947083804724914
[20 INFO root] -0.10614055395126343 0.3722447156906128 3.028483857684992
[20 INFO root] -0.1059478148818016 0.37222206592559814 3.0637092277614153
[20 INFO root] -0.10577991604804993 0.37220829725265503 3.1004427789113995
[20 INFO root] -0.10563947260379791 0.3722018897533417 3.1387302855167607
[20 INFO root] -0.10552939027547836 0.3722010552883148 -3.104572337512017
[20 INFO root] -0.10545280575752258 0.3722034692764282 -3.0630582568196747
[20 INFO root] -0.10541300475597382 0.37220630049705505 -3.0198820071300503
[20 INFO root] -0.10541334003210068 0.37220609188079834 -2.975019037010975
[20 INFO root] -0.10545716434717178 0.37219876050949097 -2.9284522490202387
[20 INFO root] -0.10554772615432739 0.37217938899993896 -2.880173833259827
[20 INFO root] -0.10568805038928986 0.37214231491088867 -2.8301878501512863
[20 INFO root] -0.10588085651397705 0.37208107113838196 -2.77851370379162
[20 INFO root] -0.10612836480140686 0.3719881772994995 -2.7251906185727712
[20 INFO root] -0.10643215477466583 0.37185540795326233 -2.670283171586882
[20 INFO root] -0.10679294168949127 0.3716736137866974 -2.613887829478594
[20 INFO root] -0.10721035301685333 0.3714330196380615 -2.5561402784269234
[20 INFO root] -0.10768263041973114 0.3711232841014862 -2.4972231117263277
[20 INFO root] -0.10820642858743668 0.37073394656181335 -2.4373731550319047
[20 INFO root] -0.1087765097618103 0.37025484442710876 -2.3768873918666276
[20 INFO root] -0.1093856692314148 0.36967670917510986 -2.316126162958092
[20 INFO root] -0.11002465337514877 0.3689919710159302 -2.255512153396658
[20 INFO root] -0.11068237572908401 0.36819547414779663 -2.195523780888014
[20 INFO root] -0.11134634912014008 0.3672853410243988 -2.1366820769549304
[20 INFO root] -0.11200327426195145 0.36626356840133667 -2.0795310581857787
[20 INFO root] -0.11263993382453918 0.3651363253593445 -2.024612819945851
[20 INFO root] -0.11324411630630493 0.36391398310661316 -1.9724398758632191
[20 INFO root] -0.11380546540021896 0.3626106083393097 -1.9234682117746076
[20 INFO root] -0.11431620270013809 0.3612431585788727 -1.8780747438212817
[20 INFO root] -0.11477149277925491 0.3598303496837616 -1.836546066411984
[20 INFO root] -0.11516942828893661 0.3583918809890747 -1.799088354310259
[20 INFO root] -0.11551093310117722 0.35694676637649536 -1.7658074183774828
[20 INFO root] -0.11579926311969757 0.35551249980926514 -1.7367134813304699
[20 INFO root] -0.11603939533233643 0.354104220867157 -1.7117372226895455
[20 INFO root] -0.1162373498082161 0.35273435711860657 -1.6907488453289512
[20 INFO root] -0.11639959365129471 0.35141250491142273 -1.6735770761805304
[20 INFO root] -0.11653256416320801 0.350145548582077 -1.6600262278266487
[20 INFO root] -0.11664232611656189 0.3489379584789276 -1.6498903134877685
[20 INFO root] -0.11673437058925629 0.3477921485900879 -1.6429639178486097
[20 INFO root] -0.11681348830461502 0.3467086851596832 -1.6390500074628733
[20 INFO root] -0.1168837696313858 0.34568682312965393 -1.6379647382025564
[20 INFO root] -0.1169511154294014 0.344687283039093 -1.637884315207658
[20 INFO root] -0.11701816320419312 0.34368953108787537 -1.637884315207658
[20 INFO root] -0.11708520352840424 0.3426917791366577 -1.637884315207658
[20 INFO root] -0.11715223640203476 0.34169402718544006 -1.637884315207658
[20 INFO root] -0.11721927672624588 0.3406962752342224 -1.637884315207658
[20 INFO root] -0.1172863095998764 0.33969852328300476 -1.637884315207658
[20 INFO root] -0.11735334992408752 0.3387007713317871 -1.637884315207658
[20 INFO root] -0.11742039024829865 0.33770301938056946 -1.637884315207658
[20 INFO root] -0.11748742312192917 0.3367052674293518 -1.637884315207658
[20 INFO root] -0.11755446344614029 0.33570754528045654 -1.637884315207658
[20 INFO root] -0.11762150377035141 0.3347097933292389 -1.637884315207658
[20 INFO root] -0.11768853664398193 0.33371204137802124 -1.637884315207658
[20 INFO root] -0.11775557696819305 0.3327142894268036 -1.637884315207658
[20 INFO root] -0.11782261729240417 0.33171653747558594 -1.637884315207658
[20 INFO root] -0.1178896501660347 0.3307187855243683 -1.637884315207658
[20 INFO root] -0.11795669049024582 0.32972103357315063 -1.637884315207658
[20 INFO root] -0.11802373081445694 0.328723281621933 -1.637884315207658
[20 INFO root] -0.11809076368808746 0.32772552967071533 -1.637884315207658
[20 INFO root] -0.11815780401229858 0.3267277777194977 -1.637884315207658
[20 INFO root] -0.11822483688592911 0.32573002576828003 -1.637884315207658
[20 INFO root] -0.11829187721014023 0.3247322738170624 -1.637884315207658
[20 INFO root] -0.11835891753435135 0.3237345218658447 -1.637884315207658
[20 INFO root] -0.11842595040798187 0.3227367699146271 -1.637884315207658
[20 INFO root] -0.118492990732193 0.3217390179634094 -1.637884315207658
[20 INFO root] -0.11856003105640411 0.3207412660121918 -1.637884315207658
[20 INFO root] -0.11862706393003464 0.3197435140609741 -1.637884315207658
[20 INFO root] -0.11869410425424576 0.31874576210975647 -1.637884315207658
[20 INFO root] -0.11876114457845688 0.3177480101585388 -1.637884315207658
[20 INFO root] -0.1188281774520874 0.31675025820732117 -1.637884315207658
[20 INFO root] -0.11889521777629852 0.3157525360584259 -1.637884315207658
[20 INFO root] -0.11896225810050964 0.31475478410720825 -1.637884315207658
[20 INFO root] -0.11902929097414017 0.3137570321559906 -1.637884315207658
[20 INFO root] -0.11909633129835129 0.31275928020477295 -1.637884315207658
[20 INFO root] -0.11916337162256241 0.3117615282535553 -1.637884315207658
[20 INFO root] -0.11923040449619293 0.31076377630233765 -1.637884315207658
[20 INFO root] -0.11929744482040405 0.30976602435112 -1.637884315207658
[20 INFO root] -0.11936447769403458 0.30876827239990234 -1.637884315207658
[20 INFO root] -0.1194315180182457 0.3077705204486847 -1.637884315207658
[20 INFO root] -0.11949855834245682 0.30677276849746704 -1.637884315207658
[20 INFO root] -0.11956559121608734 0.3057750165462494 -1.637884315207658
[20 INFO root] -0.11963263154029846 0.30477726459503174 -1.637884315207658
[20 INFO root] -0.11969967186450958 0.3037795126438141 -1.637884315207658
[20 INFO root] -0.1197667047381401 0.30278176069259644 -1.637884315207658
[20 INFO root] -0.11983374506235123 0.3017840087413788 -1.637884315207658
[20 INFO root] -0.11990078538656235 0.30078625679016113 -1.637884315207658
[20 INFO root] -0.11996781826019287 0.2997885048389435 -1.637884315207658
[20 INFO root] -0.12003485858440399 0.29879075288772583 -1.637884315207658
[20 INFO root] -0.12010189890861511 0.2977930009365082 -1.637884315207658
[20 INFO root] -0.12016893178224564 0.2967952787876129 -1.637884315207658
[20 INFO root] -0.12023597210645676 0.29579752683639526 -1.637884315207658
[20 INFO root] -0.12030300498008728 0.2947997748851776 -1.637884315207658
[20 INFO root] -0.1203700453042984 0.29380202293395996 -1.637884315207658
[20 INFO root] -0.12043708562850952 0.2928042709827423 -1.637884315207658
[20 INFO root] -0.12050411850214005 0.29180651903152466 -1.637884315207658
[20 INFO root] -0.12057115882635117 0.290808767080307 -1.637884315207658
[20 INFO root] -0.12063819915056229 0.28981101512908936 -1.637884315207658
[20 INFO root] -0.12070523202419281 0.2888132631778717 -1.637884315207658
[20 INFO root] -0.12077227234840393 0.28781551122665405 -1.637884315207658
[20 INFO root] -0.12083931267261505 0.2868177592754364 -1.637884315207658
[20 INFO root] -0.1209050640463829 0.2858390808105469 -1.6368674367757754
[20 INFO root] -0.12096752226352692 0.28489670157432556 -1.6339106361633535
[20 INFO root] -0.12102504819631577 0.28399085998535156 -1.6289794268131836
[20 INFO root] -0.12107624113559723 0.2831196188926697 -1.6221371352704488
[20 INFO root] -0.12111995369195938 0.2822805941104889 -1.613446503990985
[20 INFO root] -0.12115521728992462 0.281471312046051 -1.6029693020987115
[20 INFO root] -0.12118124216794968 0.28068897128105164 -1.590766464620294
[20 INFO root] -0.12119733542203903 0.2799306809902191 -1.5768985433901819
[20 INFO root] -0.12120288610458374 0.2791934907436371 -1.561426436787584
[20 INFO root] -0.12119728326797485 0.27847427129745483 -1.5444123621090395
[20 INFO root] -0.12117991596460342 0.27776992321014404 -1.5259210344442649
[20 INFO root] -0.12115012109279633 0.2770773470401764 -1.5060210138275976
[20 INFO root] -0.12110713124275208 0.2763933837413788 -1.4847861776604783
[20 INFO root] -0.12105010449886322 0.27571502327919006 -1.4622972678217698
[20 INFO root] -0.12097803503274918 0.2750392556190491 -1.4386434518113207
[20 INFO root] -0.12088979780673981 0.274363249540329 -1.4139238255114335
[20 INFO root] -0.12078411877155304 0.2736843526363373 -1.3882487730453603
[20 INFO root] -0.12065958976745605 0.2730000615119934 -1.361741088649835
[20 INFO root] -0.12051470577716827 0.27230823040008545 -1.334536758796499
[20 INFO root] -0.12034785002470016 0.271606981754303 -1.3067853025578353
[20 INFO root] -0.12015741318464279 0.2708947956562042 -1.2786495768341637
[20 INFO root] -0.11994177848100662 0.2701705992221832 -1.250304972317535
[20 INFO root] -0.11969945579767227 0.26943376660346985 -1.2219379565619175
[20 INFO root] -0.1194291040301323 0.2686840295791626 -1.193743961202386
[20 INFO root] -0.11912965774536133 0.2679217457771301 -1.1659246582734843
[20 INFO root] -0.11880035698413849 0.2671475410461426 -1.138684720997886
[20 INFO root] -0.11844084411859512 0.2663624882698059 -1.1122282113975503
[20 INFO root] -0.1180512085556984 0.2655680477619171 -1.0867547743481814
[20 INFO root] -0.11763198673725128 0.26476582884788513 -1.062455839788344
[20 INFO root] -0.11718419939279556 0.2639576494693756 -1.0395110381223742
[20 INFO root] -0.11670932173728943 0.2631453573703766 -1.0180850174812959
[20 INFO root] -0.11620922386646271 0.2623307704925537 -0.9983248173739396
[20 INFO root] -0.11568612605333328 0.2615155875682831 -0.9803579058594993
[20 INFO root] -0.11514250934123993 0.26070132851600647 -0.9642520821269661
[20 INFO root] -0.11458098888397217 0.2598891854286194 -0.9499978445376115
[20 INFO root] -0.11400413513183594 0.25908011198043823 -0.9375438735171405
[20 INFO root] -0.11341441422700882 0.25827470421791077 -0.9268130016027263
[20 INFO root] -0.11281409114599228 0.25747328996658325 -0.917711783142192
[20 INFO root] -0.11220522224903107 0.25667595863342285 -0.9101385123547818
[20 INFO root] -0.11158965528011322 0.2558826506137848 -0.9039896730064704
[20 INFO root] -0.11096900701522827 0.2550930976867676 -0.8991647613290843
[20 INFO root] -0.11034470796585083 0.25430694222450256 -0.8955695799272416
[20 INFO root] -0.10971800982952118 0.2535237967967987 -0.8931181710626447
[20 INFO root] -0.10909002274274826 0.252743124961853 -0.8917335709385255
[20 INFO root] -0.10846170783042908 0.25196442008018494 -0.891347543288542
[20 INFO root] -0.10783334821462631 0.25118646025657654 -0.8913188588811025
[20 INFO root] -0.10720495879650116 0.2504085600376129 -0.8913188588811025
[20 INFO root] -0.1065765768289566 0.2496306449174881 -0.8913188588811025
[20 INFO root] -0.10594818741083145 0.24885274469852448 -0.8913188588811025
[20 INFO root] -0.10532291233539581 0.24807868897914886 -0.8913164383830846
[20 INFO root] -0.10471042990684509 0.2473204880952835 -0.89130604830425
[20 INFO root] -0.1041112169623375 0.24657870829105377 -0.8912904711020302
[20 INFO root] -0.10352444648742676 0.24585236608982086 -0.8912731645301097
[20 INFO root] -0.10294930636882782 0.2451404482126236 -0.8912571496232699
[20 INFO root] -0.10238495469093323 0.2444419115781784 -0.8912450117829709
[20 INFO root] -0.10183055698871613 0.24375569820404053 -0.8912389152158088
[20 INFO root] -0.10128524154424667 0.2430807501077652 -0.8912406142725608
[20 INFO root] -0.10074814409017563 0.24241596460342407 -0.8912514622725765
[20 INFO root] -0.10021835565567017 0.24176020920276642 -0.8912724186320091
[20 INFO root] -0.09969495236873627 0.2411123365163803 -0.8913040551333744
[20 INFO root] -0.09917698055505753 0.24047113955020905 -0.8913465622621691
[20 INFO root] -0.09866347163915634 0.23983542621135712 -0.8913997566899889
[20 INFO root] -0.09815329313278198 0.23920375108718872 -0.8913296552576633
[20 INFO root] -0.09764362871646881 0.23857280611991882 -0.8893170136160375
[20 INFO root] -0.09713216125965118 0.23794196546077728 -0.8849299226180013
[20 INFO root] -0.09661617130041122 0.23731093108654022 -0.8779683440090972
[20 INFO root] -0.09609248489141464 0.23667916655540466 -0.8683032698730478
[20 INFO root] -0.09555747359991074 0.2360459566116333 -0.855878973003985
[20 INFO root] -0.09500708431005478 0.23541037738323212 -0.8407103103047436
[20 INFO root] -0.0944368988275528 0.23477144539356232 -0.8228767335451874
[20 INFO root] -0.0938422903418541 0.23412825167179108 -0.8025144253931401
[20 INFO root] -0.09321851283311844 0.23348017036914825 -0.7798076664956711
[20 INFO root] -0.09256091713905334 0.23282700777053833 -0.7549801389668869
[20 INFO root] -0.09186509996652603 0.23216912150382996 -0.7282865057620403
[20 INFO root] -0.09112713485956192 0.2315075397491455 -0.7000043465762914
[20 INFO root] -0.09034371376037598 0.23084399104118347 -0.6704263978087968
[20 INFO root] -0.08951237797737122 0.23018088936805725 -0.6398530222004146
[20 INFO root] -0.08863162249326706 0.2295212596654892 -0.6085848917507025
[20 INFO root] -0.08770101517438889 0.22886860370635986 -0.5769159677250351
[20 INFO root] -0.08672122657299042 0.2282266765832901 -0.5451269659074882
[20 INFO root] -0.08569402992725372 0.2275993973016739 -0.5134795703809892
[20 INFO root] -0.08462219685316086 0.22699056565761566 -0.4822116814998163
[20 INFO root] -0.08350937813520432 0.22640372812747955 -0.4515339441002022
[20 INFO root] -0.0823599174618721 0.22584199905395508 -0.4216277071661046
[20 INFO root] -0.08117862790822983 0.22530795633792877 -0.39264461236965276
[20 INFO root] -0.07997062802314758 0.2248035967350006 -0.36470757248824115
[20 INFO root] -0.07874111086130142 0.22433026134967804 -0.3379126349869346
[20 INFO root] -0.07749516516923904 0.22388871014118195 -0.3123315730197825
[20 INFO root] -0.07623765617609024 0.22347910702228546 -0.28801494894473945
[20 INFO root] -0.07497306913137436 0.22310110926628113 -0.26499535266830443
[20 INFO root] -0.07370546460151672 0.22275397181510925 -0.24329056219503745
[20 INFO root] -0.07243840396404266 0.22243653237819672 -0.22290644293854125
[20 INFO root] -0.07117492705583572 0.22214742004871368 -0.2038394741748484
[20 INFO root] -0.06991758197546005 0.22188498079776764 -0.18607885580972305
[20 INFO root] -0.06866790354251862 0.22164741158485413 -0.16962882828890025
[20 INFO root] -0.06742637604475021 0.2214326411485672 -0.15452035706809866
[20 INFO root] -0.06619321554899216 0.2212386429309845 -0.14078297722637803
[20 INFO root] -0.0649685263633728 0.22106334567070007 -0.128437182108373
[20 INFO root] -0.06375229358673096 0.22090473771095276 -0.11749344714674616
[20 INFO root] -0.0625443309545517 0.2207607924938202 -0.10795190993684071
[20 INFO root] -0.06134430691599846 0.22062957286834717 -0.0998022556515166
[20 INFO root] -0.060151685029268265 0.22050917148590088 -0.09302379956745034
[20 INFO root] -0.058972474187612534 0.22039833664894104 -0.08717812117702398
[20 INFO root] -0.057809337973594666 0.2202959954738617 -0.0819481334021728
[20 INFO root] -0.05666075646877289 0.2202010452747345 -0.07723016149945153
[20 INFO root] -0.05552469566464424 0.22011257708072662 -0.07294485640860796
[20 INFO root] -0.05439910292625427 0.22002984583377838 -0.06901669163620142
[20 INFO root] -0.053281936794519424 0.21995216608047485 -0.06537437562946583
[20 INFO root] -0.052171215415000916 0.21987904608249664 -0.06195123079078105
[20 INFO root] -0.051065050065517426 0.21981005370616913 -0.0586855877758661
[20 INFO root] -0.049961671233177185 0.21974486112594604 -0.05552116835148914
[20 INFO root] -0.04885946214199066 0.21968324482440948 -0.052407427465498445
[20 INFO root] -0.04775696620345116 0.2196250706911087 -0.04929982681370261
[20 INFO root] -0.046652901917696 0.21957026422023773 -0.04616001666132631
[20 INFO root] -0.04554617404937744 0.219518780708313 -0.04295590930242124
[20 INFO root] -0.04443586617708206 0.21947070956230164 -0.03966163587253237
[20 INFO root] -0.04332125931978226 0.21942611038684845 -0.03625738642194889
[20 INFO root] -0.04220181331038475 0.21938513219356537 -0.03272941006428922
[20 INFO root] -0.041077159345149994 0.21934790909290314 -0.029069774646179235
[20 INFO root] -0.03994711861014366 0.21931463479995728 -0.02527587102652909
[20 INFO root] -0.03881164640188217 0.2192855030298233 -0.02134980496644647
[20 INFO root] -0.03767084330320358 0.21926069259643555 -0.01729774287053878
[20 INFO root] -0.036524929106235504 0.21924041211605072 -0.013129243487816989
[20 INFO root] -0.035374220460653305 0.21922482550144196 -0.008856600230902312
[20 INFO root] -0.03422131389379501 0.21921411156654358 -0.004246796526383956
[20 INFO root] -0.033066343516111374 0.21920868754386902 0.0006750440288560752
[20 INFO root] -0.03190891072154045 0.21920889616012573 0.005806407182538753
[20 INFO root] -0.03074878267943859 0.2192150354385376 0.011034071515945354
[20 INFO root] -0.02958591841161251 0.21922726929187775 0.016239961449470576
[20 INFO root] -0.028420444577932358 0.21924558281898499 0.02130274449046585
[20 INFO root] -0.027252642437815666 0.21926987171173096 0.02609972024391258
[20 INFO root] -0.02608337253332138 0.21929983794689178 0.030580692030190735
[20 INFO root] -0.024915050715208054 0.21933504939079285 0.03496660380228153
[20 INFO root] -0.023748528212308884 0.219375342130661 0.0392689217118167
[20 INFO root] -0.022584406659007072 0.21942058205604553 0.04347411384734532
[20 INFO root] -0.021423252299427986 0.21947060525417328 0.04757021110949265
[20 INFO root] -0.02026558481156826 0.21952523291110992 0.05154682182925338
[20 INFO root] -0.019111867994070053 0.21958430111408234 0.055395134612224985
[20 INFO root] -0.01796252280473709 0.2196475863456726 0.059107886216576346
[20 INFO root] -0.016817910596728325 0.21971489489078522 0.0626793000808321
[20 INFO root] -0.015678342431783676 0.21978600323200226 0.06610500146683383
[20 INFO root] -0.014544080011546612 0.21986070275306702 0.06938191442052385
[20 INFO root] -0.013415331952273846 0.21993876993656158 0.07250814498036615
[20 INFO root] -0.012292261235415936 0.22001999616622925 0.07548285436332922
[20 INFO root] -0.011174988001585007 0.2201041579246521 0.0783061252868069
[20 INFO root] -0.010058270767331123 0.22019146382808685 0.07934707757177746
[20 INFO root] -0.008938856422901154 0.22028034925460815 0.07767655742706811
[20 INFO root] -0.007823236286640167 0.22036737203598022 0.07326603758691938
[20 INFO root] -0.006718170363456011 0.22044897079467773 0.06618077629314786
[20 INFO root] -0.005627674050629139 0.22052203118801117 0.0565252675986103
[20 INFO root] -0.004553250968456268 0.22058388590812683 0.04443897780761816
[20 INFO root] -0.0034813310485333204 0.22063285112380981 0.03041299266361872
[20 INFO root] -0.002395550487563014 0.22066739201545715 0.015029360047424698
[20 INFO root] -0.0012937209103256464 0.22068563103675842 -0.0014587760927453862
[20 INFO root] -0.0001755548728397116 0.22068582475185394 -0.01884201972545554
[20 INFO root] 0.0009588808170519769 0.22066639363765717 -0.03692020436841606
[20 INFO root] 0.0021091566886752844 0.22062595188617706 -0.055503541555087105
[20 INFO root] 0.003274488728493452 0.2205633521080017 -0.07441371334280625
[20 INFO root] 0.004418425261974335 0.2204802930355072 -0.09411728162888112
[20 INFO root] 0.005455234088003635 0.22038468718528748 -0.11614729306773632
[20 INFO root] 0.0063897185027599335 0.22027793526649475 -0.14063640535683256
[20 INFO root] 0.007237029727548361 0.22016029059886932 -0.1675665892900791
[20 INFO root] 0.00801088660955429 0.22003169357776642 -0.19693960684643777
[20 INFO root] 0.0087236063554883 0.21989181637763977 -0.22876900464312325
[20 INFO root] 0.009386287070810795 0.2197398692369461 -0.26307485341121356
[20 INFO root] 0.010008987039327621 0.21957457065582275 -0.2998791462466095
[20 INFO root] 0.010601362213492393 0.21939386427402496 -0.3391891503773439
[20 INFO root] 0.011172132566571236 0.21919505298137665 -0.3810049993325573
[20 INFO root] 0.011728978715837002 0.21897470951080322 -0.4253193222720546
[20 INFO root] 0.01227855496108532 0.2187286913394928 -0.47211367917873326
[20 INFO root] 0.012826481834053993 0.2184520661830902 -0.5213543701560657
[20 INFO root] 0.0133772948756814 0.218139186501503 -0.5729877287381877
[20 INFO root] 0.01393585279583931 0.21778272092342377 -0.626792684316799
[20 INFO root] 0.0145215829834342 0.21736294031143188 -0.6806626924157062
[20 INFO root] 0.01512873638421297 0.2168763279914856 -0.7341798102391197
[20 INFO root] 0.01574871316552162 0.21632246673107147 -0.7871327153812139
[20 INFO root] 0.016373544931411743 0.21570174396038055 -0.8392939485125174
[20 INFO root] 0.016995884478092194 0.21501533687114716 -0.8904266183714544
[20 INFO root] 0.017609136179089546 0.2142651230096817 -0.9402517705099646
[20 INFO root] 0.01820726878941059 0.21345391869544983 -0.9884978319692082
[20 INFO root] 0.01878489926457405 0.21258555352687836 -1.034919272174678
[20 INFO root] 0.01933743990957737 0.2116646021604538 -1.0792955841757002
[20 INFO root] 0.019861187785863876 0.21069633960723877 -1.121424283305202
[20 INFO root] 0.020353324711322784 0.20968660712242126 -1.1610967768284468
[20 INFO root] 0.020811788737773895 0.2086421102285385 -1.1981622706492145
[20 INFO root] 0.021235542371869087 0.2075696885585785 -1.2324647529570198
[20 INFO root] 0.02162451483309269 0.2064761370420456 -1.2638220621250729
[20 INFO root] 0.02197950892150402 0.205368310213089 -1.29202359652625
[20 INFO root] 0.0223021749407053 0.2042529284954071 -1.3168484419100326
[20 INFO root] 0.022594954818487167 0.2031363695859909 -1.3380860486958615
[20 INFO root] 0.022860998287796974 0.20202447474002838 -1.3555527658688535
[20 INFO root] 0.02310403436422348 0.2009221762418747 -1.3691029606079754
[20 INFO root] 0.023328248411417007 0.19983325898647308 -1.3786325076627481
[20 INFO root] 0.02353810891509056 0.19876018166542053 -1.3840872827637531
[20 INFO root] 0.023738207295536995 0.19770416617393494 -1.3854646992372406
[20 INFO root] 0.023933149874210358 0.1966651827096939 -1.3828107597706094
[20 INFO root] 0.024127472192049026 0.19564217329025269 -1.3762151180415982
[20 INFO root] 0.02432560920715332 0.19463324546813965 -1.3658061868269027
[20 INFO root] 0.02453189343214035 0.19363580644130707 -1.351747128487975
[20 INFO root] 0.024750567972660065 0.19264695048332214 -1.3342326850344988
[20 INFO root] 0.024987729266285896 0.19165563583374023 -1.3134318914346637
[20 INFO root] 0.02524852380156517 0.19065643846988678 -1.28959070903138
[20 INFO root] 0.025537841022014618 0.18964597582817078 -1.2630008468516432
[20 INFO root] 0.025860607624053955 0.1886214315891266 -1.233986932905528
[20 INFO root] 0.02622150257229805 0.18758128583431244 -1.204451366592876
[20 INFO root] 0.02662225440144539 0.18652765452861786 -1.1755826521626835
[20 INFO root] 0.027062471956014633 0.18546392023563385 -1.1476548973303775
[20 INFO root] 0.027540823444724083 0.18439388275146484 -1.120842291641122
[20 INFO root] 0.028055265545845032 0.18332155048847198 -1.0953045149295717
[20 INFO root] 0.028603099286556244 0.18225093185901642 -1.0711828200877147
[20 INFO root] 0.02918105199933052 0.18118596076965332 -1.0485968966357773
[20 INFO root] 0.0297853946685791 0.18013033270835876 -1.0276426117130903
[20 INFO root] 0.030412068590521812 0.17908738553524017 -1.0083906913403322
[20 INFO root] 0.0310568418353796 0.17806003987789154 -0.9908863201025303
[20 INFO root] 0.031715456396341324 0.17705070972442627 -0.9751495632302574
[20 INFO root] 0.032383762300014496 0.17606128752231598 -0.9611764652902626
[20 INFO root] 0.033057861030101776 0.17509309947490692 -0.9489406587944844
[20 INFO root] 0.033734191209077835 0.17414696514606476 -0.9383953223160647
[20 INFO root] 0.03440962731838226 0.17322318255901337 -0.9294753545630078
[20 INFO root] 0.035081516951322556 0.17232154309749603 -0.9220996688735836
[20 INFO root] 0.0357477180659771 0.171441450715065 -0.9161739876803037
[20 INFO root] 0.036406587809324265 0.17058195173740387 -0.911594166370777
[20 INFO root] 0.037056971341371536 0.16974174976348877 -0.9082474572596252
[20 INFO root] 0.037698209285736084 0.16891928017139435 -0.9060126677266523
[20 INFO root] 0.038330115377902985 0.16811268031597137 -0.9047600146496981
[20 INFO root] 0.038952965289354324 0.1673198789358139 -0.9043509827468814
[20 INFO root] 0.03957153484225273 0.16653330624103546 -0.9043183763784566
[20 INFO root] 0.04018975421786308 0.16574729979038239 -0.9043183763784566
[20 INFO root] 0.040807973593473434 0.1649612933397293 -0.9043183763784566
[20 INFO root] 0.041426196694374084 0.16417528688907623 -0.9043183763784566
[20 INFO root] 0.042044416069984436 0.16338929533958435 -0.9043183763784566
[20 INFO root] 0.042662639170885086 0.16260328888893127 -0.9043183763784566
[20 INFO root] 0.043280862271785736 0.1618172824382782 -0.9043183763784566
[20 INFO root] 0.04389908164739609 0.16103127598762512 -0.9043183763784566
[20 INFO root] 0.04451730474829674 0.16024526953697205 -0.9043183763784566
[20 INFO root] 0.04513552412390709 0.15945926308631897 -0.9043183763784566
[20 INFO root] 0.04575374722480774 0.1586732715368271 -0.9043183763784566
[20 INFO root] 0.04637196660041809 0.157887265086174 -0.9043183763784566
[20 INFO root] 0.046997033059597015 0.15709255635738373 -0.9038851349194046
[20 INFO root] 0.04763379320502281 0.15628363192081451 -0.9027481750959192
[20 INFO root] 0.04828491806983948 0.1554582715034485 -0.9008012571872792
[20 INFO root] 0.048952918499708176 0.15461477637290955 -0.8979644776509405
[20 INFO root] 0.04964035749435425 0.15375161170959473 -0.8941702973744408
[20 INFO root] 0.050349827855825424 0.15286752581596375 -0.8893650288344095
[20 INFO root] 0.05108393356204033 0.15196150541305542 -0.8835100032853422
[20 INFO root] 0.0518452413380146 0.15103289484977722 -0.8765824974639663
[20 INFO root] 0.05263626202940941 0.1500813513994217 -0.8685767055376703
[20 INFO root] 0.053459350019693375 0.14910699427127838 -0.8595049865197482
[20 INFO root] 0.054316628724336624 0.14811043441295624 -0.8493994950933434
[20 INFO root] 0.05520984157919884 0.14709287881851196 -0.8383141327920944
[20 INFO root] 0.056140173226594925 0.14605623483657837 -0.8263265622752665
[20 INFO root] 0.057108089327812195 0.14500318467617035 -0.8135398470074738
[20 INFO root] 0.058113109320402145 0.14393727481365204 -0.8000831578501819
[20 INFO root] 0.059153638780117035 0.14286290109157562 -0.7861109726739237
[20 INFO root] 0.06022684648633003 0.14178518950939178 -0.7718003163234972
[20 INFO root] 0.06132861599326134 0.14070993661880493 -0.7573458470880043
[20 INFO root] 0.06245359405875206 0.13964331150054932 -0.7429539172147666
[20 INFO root] 0.06359533965587616 0.13859155774116516 -0.7288344612406744
[20 INFO root] 0.06474662572145462 0.13756072521209717 -0.7151915630397554
[20 INFO root] 0.06589984148740768 0.1365562528371811 -0.70221282356113
[20 INFO root] 0.06704741716384888 0.13558271527290344 -0.6900600639820162
[20 INFO root] 0.06818223744630814 0.13464362919330597 -0.6788643718706668
[20 INFO root] 0.0692978948354721 0.13374142348766327 -0.668724680263644
[20 INFO root] 0.07038887590169907 0.13287749886512756 -0.6597089658851367
[20 INFO root] 0.071450375020504 0.13205257058143616 -0.6518687869833689
[20 INFO root] 0.07247787714004517 0.13126711547374725 -0.6452550737465786
[20 INFO root] 0.07346810400485992 0.13052065670490265 -0.6398874043585565
[20 INFO root] 0.07441914081573486 0.12981191277503967 -0.6357544184508657
[20 INFO root] 0.07532639801502228 0.12914177775382996 -0.633188167736231
[20 INFO root] 0.07617227733135223 0.12852053344249725 -0.6338159683048368
[20 INFO root] 0.07695725560188293 0.12794367969036102 -0.6376245160719727
[20 INFO root] 0.0776948481798172 0.12739768624305725 -0.6441433493861572
[20 INFO root] 0.07840768247842789 0.12686309218406677 -0.6526784815811307
[20 INFO root] 0.07909863442182541 0.12633585929870605 -0.6631173261106424
[20 INFO root] 0.07976853102445602 0.12581373751163483 -0.6754136568834962
[20 INFO root] 0.08041843771934509 0.12529443204402924 -0.6895165997143401
[20 INFO root] 0.08104958385229111 0.12477555125951767 -0.7053692778656269
[20 INFO root] 0.0816633328795433 0.12425463646650314 -0.7229076382822658
[20 INFO root] 0.0822611153125763 0.12372913956642151 -0.7420591662997709
[20 INFO root] 0.08284438401460648 0.12319642305374146 -0.7627415519136033
[20 INFO root] 0.08341453969478607 0.1226537898182869 -0.7848613769472065
[20 INFO root] 0.08397288620471954 0.12209850549697876 -0.8083128997145476
[20 INFO root] 0.08452057838439941 0.1215277910232544 -0.8329770198942915
[20 INFO root] 0.0850585475564003 0.12093893438577652 -0.8587205101538596
[20 INFO root] 0.08558748662471771 0.12032926827669144 -0.8853956012698804
[20 INFO root] 0.08610779792070389 0.11969631910324097 -0.9128400027118188
[20 INFO root] 0.08661956340074539 0.11903780698776245 -0.9408774296146077
[20 INFO root] 0.08712256699800491 0.11835178732872009 -0.9693186888158057
[20 INFO root] 0.08761627972126007 0.11763668805360794 -0.9979633508228078
[20 INFO root] 0.08809991180896759 0.11689144372940063 -1.026602001736068
[20 INFO root] 0.08857245743274689 0.1161154955625534 -1.0550190309235694
[20 INFO root] 0.08903274685144424 0.11530888825654984 -1.082995869465486
[20 INFO root] 0.08948963135480881 0.11445330828428268 -1.109044542335813
[20 INFO root] 0.08994203060865402 0.11354991793632507 -1.1327746366604299
[20 INFO root] 0.090387724339962 0.11260399967432022 -1.1540435860457274
[20 INFO root] 0.09082523733377457 0.1116211861371994 -1.1727536182546037
[20 INFO root] 0.0912538394331932 0.1106070876121521 -1.188841923343547
[20 INFO root] 0.0916735976934433 0.10956685245037079 -1.2022605473292622
[20 INFO root] 0.09208523482084274 0.10850510746240616 -1.2129757664768104
[20 INFO root] 0.09248997271060944 0.10742616653442383 -1.2209908349425658
[20 INFO root] 0.09288939088582993 0.10633400827646255 -1.2263467398268448
[20 INFO root] 0.09328532963991165 0.10523220151662827 -1.2291123061111913
[20 INFO root] 0.09367983043193817 0.10412386059761047 -1.2293788641653818
[20 INFO root] 0.09407506883144379 0.10301166027784348 -1.2272592437162342
[20 INFO root] 0.09447324275970459 0.10189782828092575 -1.2228834502440018
[20 INFO root] 0.09487678110599518 0.10078360885381699 -1.2163495482050053
[20 INFO root] 0.09528815746307373 0.09966976940631866 -1.2077560653789592
[20 INFO root] 0.09570984542369843 0.09855684638023376 -1.1972161932142467
[20 INFO root] 0.09614425897598267 0.09744517505168915 -1.1849429256902584
[20 INFO root] 0.09659412503242493 0.096333809196949 -1.1726228643334144
[20 INFO root] 0.0970594733953476 0.09522372484207153 -1.160496523783719
[20 INFO root] 0.09753972291946411 0.09411601722240448 -1.1486155827375104
[20 INFO root] 0.09803429991006851 0.09301147609949112 -1.1370091963347655
[20 INFO root] 0.09854259341955185 0.09191081672906876 -1.1256991647763677
[20 INFO root] 0.099063940346241 0.09081469476222992 -1.1147040700051352
[20 INFO root] 0.09959766268730164 0.08972375094890594 -1.1040395638152651
[20 INFO root] 0.10014303773641586 0.0886385589838028 -1.0937184077713449
[20 INFO root] 0.10069931298494339 0.08755964785814285 -1.0837505638433271
[20 INFO root] 0.10126575827598572 0.08648750185966492 -1.0741433308334751
[20 INFO root] 0.10184159874916077 0.08542253822088242 -1.0649015152372405
[20 INFO root] 0.10242611169815063 0.0843651294708252 -1.05602762608953
[20 INFO root] 0.10301853716373444 0.08331557363271713 -1.047522084563868
[20 INFO root] 0.10361817479133606 0.08227414637804031 -1.0393834404023485
[20 INFO root] 0.1042243242263794 0.08124103397130966 -1.0316085885876618
[20 INFO root] 0.10483630001544952 0.08021640032529831 -1.0241929809667012
[20 INFO root] 0.10545346885919571 0.07920035719871521 -1.0171308287518503
[20 INFO root] 0.106075219810009 0.07819295674562454 -1.010415292927996
[20 INFO root] 0.10670095682144165 0.07719423621892929 -1.0040386605605074
[20 INFO root] 0.10733014345169067 0.07620418071746826 -0.9979925058224596
[20 INFO root] 0.10796233266592026 0.07522262632846832 -0.992263088773097
[20 INFO root] 0.10859721153974533 0.074249267578125 -0.9868316411427199
[20 INFO root] 0.1092345118522644 0.07328376173973083 -0.9816792625198227
[20 INFO root] 0.10987399518489838 0.07232577353715897 -0.9767880534958427
[20 INFO root] 0.11051546037197113 0.07137497514486313 -0.9721411930116981
[20 INFO root] 0.11115873605012894 0.07043103873729706 -0.9677229267931324
[20 INFO root] 0.11180365830659866 0.06949365884065628 -0.9635185414965373
[20 INFO root] 0.11245009303092957 0.06856252998113632 -0.9595143289690296
[20 INFO root] 0.11309792101383209 0.0676373690366745 -0.9556975434355792
[20 INFO root] 0.11374703049659729 0.06671790033578873 -0.9520563539111644
[20 INFO root] 0.114397332072258 0.06580385565757751 -0.9485797937007743
[20 INFO root] 0.11504874378442764 0.06489500403404236 -0.9452577084760849
[20 INFO root] 0.11570117622613907 0.06399109214544296 -0.9420807041006773
[20 INFO root] 0.1163545772433281 0.06309191137552261 -0.9390400951090635
[20 INFO root] 0.11700887978076935 0.0621972493827343 -0.936127854522881
[20 INFO root] 0.11766403168439865 0.0613069087266922 -0.9333365655049771
[20 INFO root] 0.11831997334957123 0.06042070686817169 -0.9306593752028179
[20 INFO root] 0.1189766526222229 0.05953846499323845 -0.9280899510121963
[20 INFO root] 0.11963403970003128 0.058660026639699936 -0.9256224393961504
[20 INFO root] 0.12029208987951279 0.05778523534536362 -0.9232514273181583
[20 INFO root] 0.12095075100660324 0.05691394582390785 -0.9209719062899463
[20 INFO root] 0.12161000072956085 0.0560460202395916 -0.9187792389895376
[20 INFO root] 0.12226979434490204 0.05518133565783501 -0.9166691283720436
[20 INFO root] 0.12293010205030441 0.05431976541876793 -0.9146375891716698
[20 INFO root] 0.12359088659286499 0.05346120521426201 -0.9126809216774012
[20 INFO root] 0.12425212562084198 0.05260553956031799 -0.9107956876543224
[20 INFO root] 0.1249137818813324 0.05175267532467842 -0.9089786882772029
[20 INFO root] 0.12557582557201385 0.05090251564979553 -0.9072269439411011
[20 INFO root] 0.12623822689056396 0.050054967403411865 -0.9055376758147518
[20 INFO root] 0.12690097093582153 0.049209948629140854 -0.9039082890057062
[20 INFO root] 0.12756401300430298 0.04836738109588623 -0.9023363572108346
[20 INFO root] 0.1282273530960083 0.047527190297842026 -0.9008196087316735
[20 INFO root] 0.12889093160629272 0.04668929800391197 -0.8993559137404488
[20 INFO root] 0.12955474853515625 0.045853644609451294 -0.8979432726896442
[20 INFO root] 0.1302187591791153 0.04502015933394432 -0.8965798057650469
[20 INFO root] 0.13088296353816986 0.04418878257274628 -0.8952637432892525
[20 INFO root] 0.13154731690883636 0.043359458446502686 -0.8939934169896839
[20 INFO root] 0.1322118192911148 0.04253212735056877 -0.8927672520519547
[20 INFO root] 0.1328764259815216 0.041706737130880356 -0.8915837598858014
[20 INFO root] 0.13354112207889557 0.04088323935866356 -0.8904415315371149
[20 INFO root] 0.1342058926820755 0.0400615818798542 -0.8893392316852594
[20 INFO root] 0.134870707988739 0.039241723716259 -0.8882755931703612
[20 INFO root] 0.13553555309772491 0.03842361643910408 -0.8872494120002934
[20 INFO root] 0.13620039820671082 0.03760721907019615 -0.886259542791667
[20 INFO root] 0.13686524331569672 0.03679249435663223 -0.8853048946035484
[20 INFO root] 0.13753004372119904 0.03597939386963844 -0.8843844271264053
[20 INFO root] 0.13819481432437897 0.035167887806892395 -0.8834971471925326
[20 INFO root] 0.13885949552059174 0.034357938915491104 -0.8826421055774455
[20 INFO root] 0.13952410221099854 0.033549513667821884 -0.8818183940646033
[20 INFO root] 0.14018860459327698 0.03274257481098175 -0.8810251427487625
[20 INFO root] 0.14085297286510468 0.031937096267938614 -0.8802615175554681
[20 INFO root] 0.14151720702648163 0.03113303892314434 -0.8795267179566288
[20 INFO root] 0.14218129217624664 0.03033037856221199 -0.8788199748639526
[20 INFO root] 0.14284519851207733 0.029529087245464325 -0.8781405486839172
[20 INFO root] 0.1435089111328125 0.028729133307933807 -0.8774877275196176
[20 INFO root] 0.14417243003845215 0.027930492535233498 -0.8768608255061505
[20 INFO root] 0.1448357254266739 0.027133138850331306 -0.876259181267684
[20 INFO root] 0.14549878239631653 0.026337048038840294 -0.8756821564854145
[20 INFO root] 0.14616158604621887 0.02554219402372837 -0.8751291345667174
[20 INFO root] 0.14682412147521973 0.024748554453253746 -0.8745995194068119
[20 INFO root] 0.1474863886833191 0.02395610697567463 -0.8740927342350056
[20 INFO root] 0.14814899861812592 0.023164061829447746 -0.8735929220851173
[20 INFO root] 0.14881326258182526 0.022370845079421997 -0.873069199211834
[20 INFO root] 0.14948023855686188 0.02157524786889553 -0.8724983052479935
[20 INFO root] 0.15015055239200592 0.020776567980647087 -0.8718675069772372
[20 INFO root] 0.15082456171512604 0.019974516704678535 -0.8711721771961483
[20 INFO root] 0.1515023410320282 0.01916910707950592 -0.8704135187767083
[20 INFO root] 0.15218378603458405 0.018360560759902 -0.8695967946350234
[20 INFO root] 0.15286868810653687 0.01754925772547722 -0.8687299655247812
[20 INFO root] 0.1535567194223404 0.01673567108809948 -0.8678226484391607
[20 INFO root] 0.1542474925518036 0.01592034101486206 -0.8668853277976604
[20 INFO root] 0.15494057536125183 0.015103833749890327 -0.8659287661592254
[20 INFO root] 0.1556355059146881 0.014286727644503117 -0.8649635721789555
[20 INFO root] 0.15633182227611542 0.01346958801150322 -0.8639998919967751
[20 INFO root] 0.15702909231185913 0.012652941048145294 -0.863046836993503
[20 INFO root] 0.15772691369056702 0.011837206780910492 -0.8621114846352794
[20 INFO root] 0.15842501819133759 0.011022699065506458 -0.8611989560637376
[20 INFO root] 0.15912315249443054 0.010209649801254272 -0.8603128305613973
[20 INFO root] 0.15981344878673553 0.009407184086740017 -0.8576495529068586
[20 INFO root] 0.16049470007419586 0.008619189262390137 -0.8524836727867159
[20 INFO root] 0.16116981208324432 0.007846011780202389 -0.84478223649455
[20 INFO root] 0.16184216737747192 0.00708746537566185 -0.8345828584624251
[20 INFO root] 0.16251522302627563 0.006343175657093525 -0.8219336092120095
[20 INFO root] 0.1631925106048584 0.005612642038613558 -0.8068938495621131
[20 INFO root] 0.16387757658958435 0.004895308054983616 -0.7895347556440026
[20 INFO root] 0.1645740121603012 0.004190635867416859 -0.7699397652060453
[20 INFO root] 0.16528542339801788 0.003498182399198413 -0.7482050908945176
[20 INFO root] 0.1660153716802597 0.0028176719788461924 -0.7244403053931551
[20 INFO root] 0.16676731407642365 0.0021490645594894886 -0.6987689644771459
[20 INFO root] 0.16754460334777832 0.001492614159360528 -0.6713292134283347
[20 INFO root] 0.16835038363933563 0.000848917115945369 -0.6422743044891458
[20 INFO root] 0.1691875010728836 0.0002189438819186762 -0.6117729380813632
[20 INFO root] 0.17005838453769684 -0.00039594745612703264 -0.580009329974334
[20 INFO root] 0.1709650307893753 -0.0009940199088305235 -0.5471829025727334
[20 INFO root] 0.17190881073474884 -0.0015731905587017536 -0.5135075033590468
[20 INFO root] 0.17289043962955475 -0.002131089335307479 -0.47921006942044136
[20 INFO root] 0.17390982806682587 -0.002665144158527255 -0.4445286852702551
[20 INFO root] 0.17496608197689056 -0.0031726877205073833 -0.4097100217307735
[20 INFO root] 0.1760573834180832 -0.0036510832142084837 -0.37500619430843085
[20 INFO root] 0.1771848052740097 -0.004099323879927397 -0.3407080153514859
[20 INFO root] 0.17835164070129395 -0.0045174299739301205 -0.30715745332916655
[20 INFO root] 0.1795540153980255 -0.004903190303593874 -0.2746433678535321
[20 INFO root] 0.18078626692295074 -0.005254666320979595 -0.24343295994678663
[20 INFO root] 0.18204186856746674 -0.0055706314742565155 -0.21377114461415328
[20 INFO root] 0.18331372737884521 -0.0058506689965724945 -0.18587408219616666
[20 INFO root] 0.18459443747997284 -0.0060951984487473965 -0.159923807951355
[20 INFO root] 0.18587662279605865 -0.006305444985628128 -0.13606530596882505
[20 INFO root] 0.18715320527553558 -0.00648335088044405 -0.11440607177053
[20 INFO root] 0.18841761350631714 -0.006631448399275541 -0.09501792173680747
[20 INFO root] 0.18966397643089294 -0.006752708926796913 -0.0779403000381962
[20 INFO root] 0.1908872425556183 -0.00685038510710001 -0.06318450602767568
[20 INFO root] 0.19208325445652008 -0.006927866023033857 -0.05073839870068866
[20 INFO root] 0.19324874877929688 -0.00698854262009263 -0.04057119378423326
[20 INFO root] 0.19438137114048004 -0.007035703863948584 -0.032638048452200225
[20 INFO root] 0.19547954201698303 -0.00707245571538806 -0.026884218101443723
[20 INFO root] 0.19654245674610138 -0.007101668976247311 -0.023248652966017212
[20 INFO root] 0.19756998121738434 -0.007125947158783674 -0.021666971329377806
[20 INFO root] 0.19857217371463776 -0.007147826720029116 -0.021529277314893205
[20 INFO root] 0.19957193732261658 -0.007169368211179972 -0.021529277314893205
[20 INFO root] 0.2005717009305954 -0.0071908957324922085 -0.021529277314893205
[20 INFO root] 0.20157146453857422 -0.007212423253804445 -0.021529277314893205
[20 INFO root] 0.20257124304771423 -0.007233950775116682 -0.021529277314893205
[20 INFO root] 0.20357100665569305 -0.007255478762090206 -0.021529277314893205
[20 INFO root] 0.20457077026367188 -0.007277006283402443 -0.021529277314893205
[20 INFO root] 0.2055705487728119 -0.00729853380471468 -0.021529277314893205
[20 INFO root] 0.2065703123807907 -0.0073200613260269165 -0.021529277314893205
[20 INFO root] 0.20757007598876953 -0.007341588847339153 -0.021529277314893205
[20 INFO root] 0.20856985449790955 -0.007363116834312677 -0.021529277314893205
[20 INFO root] 0.20956961810588837 -0.007384644355624914 -0.021529277314893205
[20 INFO root] 0.21057277917861938 -0.007406244985759258 -0.021608278099455338
[20 INFO root] 0.21158462762832642 -0.007428104989230633 -0.02188826968575188
[20 INFO root] 0.2126045525074005 -0.0074504041112959385 -0.022352913343579386
[20 INFO root] 0.21363134682178497 -0.00747331278398633 -0.022972862533514406
[20 INFO root] 0.214664027094841 -0.007496976759284735 -0.023723439938891276
[20 INFO root] 0.21566368639469147 -0.007520618848502636 -0.025497620373849977
[20 INFO root] 0.21661688387393951 -0.0075447517447173595 -0.028683021170664593
[20 INFO root] 0.2175275981426239 -0.007570578716695309 -0.033299420680588804
[20 INFO root] 0.21840092539787292 -0.007599251810461283 -0.03933252791974542
[20 INFO root] 0.21924136579036713 -0.007631800137460232 -0.04676767062928213
[20 INFO root] 0.22005288302898407 -0.0076691568829119205 -0.05559065979964763
[20 INFO root] 0.22083903849124908 -0.007712189108133316 -0.06578854601040554
[20 INFO root] 0.22160294651985168 -0.007761716842651367 -0.07735018621998993
[20 INFO root] 0.2223474681377411 -0.007818534970283508 -0.09026664723976223
[20 INFO root] 0.22307512164115906 -0.00788343045860529 -0.10453147522259901
[20 INFO root] 0.22378820180892944 -0.007957197725772858 -0.12014085675102605
[20 INFO root] 0.22448880970478058 -0.008040651679039001 -0.13709369701757557
[20 INFO root] 0.22517883777618408 -0.008134642615914345 -0.15539163020243607
[20 INFO root] 0.22586005926132202 -0.008240070194005966 -0.1750389685681244
[20 INFO root] 0.22653411328792572 -0.008357900194823742 -0.19604259295546214
[20 INFO root] 0.22720250487327576 -0.008489173837006092 -0.2184117849127605
[20 INFO root] 0.22786667943000793 -0.008635030128061771 -0.24215799879485037
[20 INFO root] 0.2285280078649521 -0.008796718902885914 -0.26729457002105345
[20 INFO root] 0.22918778657913208 -0.008975625969469547 -0.29383635154678545
[20 INFO root] 0.2298472821712494 -0.009173287078738213 -0.3217992618520323
[20 INFO root] 0.23050765693187714 -0.009391414932906628 -0.35119971103738945
[20 INFO root] 0.23117002844810486 -0.009631924331188202 -0.38205384607301457
[20 INFO root] 0.2318354845046997 -0.009896953590214252 -0.4143765192371787
[20 INFO root] 0.2325049638748169 -0.010188891552388668 -0.4481798705673479
[20 INFO root] 0.23317937552928925 -0.010510408319532871 -0.48347131379373764
[20 INFO root] 0.23385943472385406 -0.01086447387933731 -0.5202505241036033
[20 INFO root] 0.23454591631889343 -0.011254502460360527 -0.5584709436344053
[20 INFO root] 0.23523931205272675 -0.011684177443385124 -0.5980618398242598
[20 INFO root] 0.23593959212303162 -0.012157361023128033 -0.6389325975554966
[20 INFO root] 0.23664627969264984 -0.012678027153015137 -0.6809680371519173
[20 INFO root] 0.23735827207565308 -0.01325016375631094 -0.7240227388165688
[20 INFO root] 0.23807385563850403 -0.013877622783184052 -0.7679165865774114
[20 INFO root] 0.2387906163930893 -0.014563929289579391 -0.8124307768688628
[20 INFO root] 0.23950543999671936 -0.015312033705413342 -0.8573039807945354
[20 INFO root] 0.2402144968509674 -0.01612403430044651 -0.9022300110050987
[20 INFO root] 0.24091331660747528 -0.01700085774064064 -0.9468580025082114
[20 INFO root] 0.24159696698188782 -0.01794196292757988 -0.9908009847234986
[20 INFO root] 0.24226032197475433 -0.01894509419798851 -1.0336489278626282
[20 INFO root] 0.24289825558662415 -0.02000616490840912 -1.0749811516343968
[20 INFO root] 0.24350614845752716 -0.0211192537099123 -1.1143793061574805
[20 INFO root] 0.24406377971172333 -0.022243617102503777 -1.1527427715245155
[20 INFO root] 0.2445496916770935 -0.023325569927692413 -1.1918254429984085
[20 INFO root] 0.24497045576572418 -0.02436976693570614 -1.231333707200494
[20 INFO root] 0.24533337354660034 -0.025384176522493362 -1.2708087031743018
[20 INFO root] 0.24564357101917267 -0.026372667402029037 -1.3099039279158327
[20 INFO root] 0.24590493738651276 -0.027336034923791885 -1.3483777392751375
[20 INFO root] 0.24612078070640564 -0.02827306278049946 -1.386079611480587
[20 INFO root] 0.24629417061805725 -0.02918139658868313 -1.4229346236327012
[20 INFO root] 0.2464282065629959 -0.03005826659500599 -1.458925697748772
[20 INFO root] 0.2465260922908783 -0.030901044607162476 -1.4940737746017334
[20 INFO root] 0.24659107625484467 -0.03170766681432724 -1.5284171424290387
[20 INFO root] 0.24662646651268005 -0.03247692063450813 -1.561991050399308
[20 INFO root] 0.24663567543029785 -0.03323136270046234 -1.5960970135165529
[20 INFO root] 0.24661874771118164 -0.03400188311934471 -1.6321637330078629
[20 INFO root] 0.24657274782657623 -0.034796006977558136 -1.6701427678126095
[20 INFO root] 0.24649380147457123 -0.03561856597661972 -1.7097572549537425
[20 INFO root] 0.24637748301029205 -0.03647392615675926 -1.7506608013010256
[20 INFO root] 0.2462189644575119 -0.03736558184027672 -1.792453285579959
[20 INFO root] 0.24601322412490845 -0.03829580545425415 -1.8346998767367542
[20 INFO root] 0.2457554191350937 -0.03926543891429901 -1.8769514004919439
[20 INFO root] 0.24544115364551544 -0.04027378559112549 -1.9187611143860483
[20 INFO root] 0.24506685137748718 -0.04131869971752167 -1.959696467188872
[20 INFO root] 0.24463003873825073 -0.04239674285054207 -1.999346797488926
[20 INFO root] 0.2441295087337494 -0.04350346699357033 -2.0373285062648097
[20 INFO root] 0.24356548488140106 -0.04463372752070427 -2.0732889913870243
[20 INFO root] 0.24296462535858154 -0.04573655128479004 -2.1066772667861895
[20 INFO root] 0.2423591911792755 -0.046764276921749115 -2.1371555355288634
[20 INFO root] 0.24176029860973358 -0.04771289601922035 -2.1646564258128134
[20 INFO root] 0.2411755472421646 -0.0485844649374485 -2.1891680789911985
[20 INFO root] 0.24061119556427002 -0.049382105469703674 -2.210703454096798
[20 INFO root] 0.2400721162557602 -0.05010978505015373 -2.229291344826072
[20 INFO root] 0.2395617663860321 -0.05077214539051056 -2.244967662574776
[20 INFO root] 0.2390822321176529 -0.051374346017837524 -2.257767617156662
[20 INFO root] 0.23863434791564941 -0.05192190781235695 -2.267719124711773
[20 INFO root] 0.2382178157567978 -0.05242061987519264 -2.2748376921674236
[20 INFO root] 0.23783132433891296 -0.05287645012140274 -2.2791229676176012
[20 INFO root] 0.23747268319129944 -0.05329550802707672 -2.2805570980601653
[20 INFO root] 0.23713888227939606 -0.05368417501449585 -2.2791229228303576
[20 INFO root] 0.23682613670825958 -0.05404914170503616 -2.2748110954157403
[20 INFO root] 0.23653022944927216 -0.05439728870987892 -2.267614280710355
[20 INFO root] 0.23624660074710846 -0.054735708981752396 -2.2575269314076003
[20 INFO root] 0.23597075045108795 -0.05507145822048187 -2.2445490045862693
[20 INFO root] 0.2356986552476883 -0.05541136488318443 -2.2286915802356
[20 INFO root] 0.23542656004428864 -0.055762358009815216 -2.2099825831390807
[20 INFO root] 0.23515121638774872 -0.05613141506910324 -2.1884734455000223
[20 INFO root] 0.23487024009227753 -0.056525204330682755 -2.16424643192232
[20 INFO root] 0.23458231985569 -0.056949928402900696 -2.1374209326517875
[20 INFO root] 0.23428720235824585 -0.05741120129823685 -2.108157334711495
[20 INFO root] 0.2339857965707779 -0.057913899421691895 -2.0766597168850445
[20 INFO root] 0.23368018865585327 -0.05846177414059639 -2.043177050678677
[20 INFO root] 0.23337361216545105 -0.05905710905790329 -2.008000723578571
[20 INFO root] 0.23307029902935028 -0.05970050022006035 -1.9714584281848124
[20 INFO root] 0.23277510702610016 -0.06039070710539818 -1.9339051527645854
[20 INFO root] 0.23249325156211853 -0.06112455204129219 -1.8957117937460428
[20 INFO root] 0.23222993314266205 -0.06189679354429245 -1.8572554022671073
[20 INFO root] 0.231990247964859 -0.06269935518503189 -1.8189209087848586
[20 INFO root] 0.23177829384803772 -0.06352284550666809 -1.781040560480003
[20 INFO root] 0.23159688711166382 -0.06435748189687729 -1.7438763068568879
[20 INFO root] 0.2314474731683731 -0.06519369035959244 -1.7076193274099183
[20 INFO root] 0.23133023083209991 -0.06602268666028976 -1.6723953465489612
[20 INFO root] 0.2312442660331726 -0.06683684140443802 -1.638274344415602
[20 INFO root] 0.2311878800392151 -0.06762994080781937 -1.6052823554649358
[20 INFO root] 0.2311587929725647 -0.0683971643447876 -1.5734131954828492
[20 INFO root] 0.2311544269323349 -0.06913509964942932 -1.5426389262567837
[20 INFO root] 0.23117205500602722 -0.06984152644872665 -1.5129185008804182
[20 INFO root] 0.23120900988578796 -0.07051531970500946 -1.4842045003675515
[20 INFO root] 0.2312626987695694 -0.07115621864795685 -1.456448228338447
[20 INFO root] 0.23133079707622528 -0.07176468521356583 -1.4296036524101228
[20 INFO root] 0.2314111739397049 -0.07234176248311996 -1.4036307645945414
[20 INFO root] 0.231501966714859 -0.07288890331983566 -1.3784988951390356
[20 INFO root] 0.23160161077976227 -0.07340789586305618 -1.3541903806854985
[20 INFO root] 0.23170875012874603 -0.0739007368683815 -1.3307047865845851
[20 INFO root] 0.23182229697704315 -0.07436951249837875 -1.30806364162942
[20 INFO root] 0.2319413423538208 -0.07481633871793747 -1.2863153861869483
[20 INFO root] 0.2320651412010193 -0.07524324208498001 -1.265539993128519
[20 INFO root] 0.2321930080652237 -0.0756521075963974 -1.2458525256623347
[20 INFO root] 0.23232436180114746 -0.07604463398456573 -1.2274048687506698
[20 INFO root] 0.23245859146118164 -0.07642233371734619 -1.2103850718657034
[20 INFO root] 0.23259514570236206 -0.0767866000533104 -1.1950139898610868
[20 INFO root] 0.23274093866348267 -0.07715773582458496 -1.179209904380578
[20 INFO root] 0.2328973114490509 -0.07753811031579971 -1.1630289811227812
[20 INFO root] 0.23306423425674438 -0.07792620360851288 -1.1469429666016187
[20 INFO root] 0.23324140906333923 -0.07832052558660507 -1.1314208434564386
[20 INFO root] 0.23342840373516083 -0.07871995121240616 -1.1169006819003706
[20 INFO root] 0.233624666929245 -0.07912370562553406 -1.1037824447042166
[20 INFO root] 0.2338295727968216 -0.07953140884637833 -1.0924233999186426
[20 INFO root] 0.23404242098331451 -0.07994300872087479 -1.083135891134596
[20 INFO root] 0.23426242172718048 -0.08035872876644135 -1.0761871685115507
[20 INFO root] 0.23448874056339264 -0.08077903836965561 -1.0718009484618263
[20 INFO root] 0.23472045361995697 -0.08120463043451309 -1.070160380164886
[20 INFO root] 0.23495660722255707 -0.08163642883300781 -1.071412092525651
[20 INFO root] 0.2351962774991989 -0.08207565546035767 -1.0756709091680803
[20 INFO root] 0.2354385405778885 -0.08252386003732681 -1.0830247634665453
[20 INFO root] 0.23568256199359894 -0.08298301696777344 -1.0935393461849696
[20 INFO root] 0.2359275370836258 -0.08345554023981094 -1.1072620778051097
[20 INFO root] 0.23617270588874817 -0.0839443951845169 -1.1242227452482516
[20 INFO root] 0.23641707003116608 -0.0844525545835495 -1.1444582956929399
[20 INFO root] 0.23665955662727356 -0.08498366922140121 -1.1679910997960825
[20 INFO root] 0.23689904808998108 -0.0855422168970108 -1.1948210566391675
[20 INFO root] 0.23713418841362 -0.08613340556621552 -1.2249254242204366
[20 INFO root] 0.2373630851507187 -0.086762934923172 -1.258258244011005
