[48 INFO root] Initialising Python Geth Console...
[48 INFO root] Initialising RandB board...
[48 INFO root] Initialising resource sensor...
[48 INFO root] Initialising random-walk...
[48 INFO root] Initialising navigation...
[48 INFO root] Initialising Odo...
[48 INFO root] Initialising odometry...
[48 INFO root] Initialising gps...
[48 INFO root] Initialising Ground sensor...
[48 INFO root] --//-- Starting Experiment --//--
[48 INFO root] x y direction
[48 INFO root] 0.2530820071697235 -0.7804639935493469 -1.426125985097087
[48 INFO root] 0.25299736857414246 -0.779883086681366 -1.4363527124630004
[48 INFO root] 0.25291138887405396 -0.7792526483535767 -1.4480291109841081
[48 INFO root] 0.25283941626548767 -0.7786752581596375 -1.4600734164337552
[48 INFO root] 0.2527800500392914 -0.7781475782394409 -1.472495773242581
[48 INFO root] 0.25273188948631287 -0.7776658535003662 -1.4853071507228344
[48 INFO root] 0.2526935935020447 -0.777226448059082 -1.498520396762434
[48 INFO root] 0.25266405940055847 -0.7768262028694153 -1.5121500038984692
[48 INFO root] 0.25264212489128113 -0.7764620780944824 -1.5262121804043165
[48 INFO root] 0.25262686610221863 -0.7761314511299133 -1.5407246672378707
[48 INFO root] 0.25261738896369934 -0.775831937789917 -1.5557068232822822
[48 INFO root] 0.2526128590106964 -0.7755613327026367 -1.5711795995457198
[48 INFO root] 0.25261253118515015 -0.7753176093101501 -1.5871654764986312
[48 INFO root] 0.25261572003364563 -0.7750990390777588 -1.6036884205326145
[48 INFO root] 0.2526217997074127 -0.7749040126800537 -1.6207739611645904
[48 INFO root] 0.2526301145553589 -0.7747310996055603 -1.6384491526896858
[48 INFO root] 0.25264009833335876 -0.7745791077613831 -1.6567425542792806
[48 INFO root] 0.2526512145996094 -0.7744469046592712 -1.6756843422528462
[48 INFO root] 0.25266289710998535 -0.7743335962295532 -1.6953062535527017
[48 INFO root] 0.2526746094226837 -0.7742382287979126 -1.715641686599894
[48 INFO root] 0.2526857852935791 -0.7741603255271912 -1.7367255176388379
[48 INFO root] 0.25269585847854614 -0.7740991711616516 -1.7585945036683757
[48 INFO root] 0.2527042329311371 -0.7740544080734253 -1.7812869191345637
[48 INFO root] 0.2527102530002594 -0.7740257382392883 -1.8048428154063987
[48 INFO root] 0.25271323323249817 -0.7740129232406616 -1.8293039857312667
[48 INFO root] 0.2527124285697937 -0.7740159630775452 -1.8547138833505319
[48 INFO root] 0.25270694494247437 -0.7740347385406494 -1.8811177810283468
[48 INFO root] 0.25269585847854614 -0.7740694284439087 -1.908562350779507
[48 INFO root] 0.25267812609672546 -0.7741202712059021 -1.9370958488632632
[48 INFO root] 0.25265249609947205 -0.7741875052452087 -1.9667679452979836
[48 INFO root] 0.25261759757995605 -0.774271547794342 -1.9976292850693604
[48 INFO root] 0.25257185101509094 -0.7743728756904602 -2.029731324812089
[48 INFO root] 0.25251340866088867 -0.7744919061660767 -2.0631258786637567
[48 INFO root] 0.25244027376174927 -0.7746292948722839 -2.0978642502651725
[48 INFO root] 0.25235000252723694 -0.7747854590415955 -2.133996873978162
[48 INFO root] 0.2522399425506592 -0.774960994720459 -2.1715717261016136
[48 INFO root] 0.2521069645881653 -0.7751564383506775 -2.2106334372054413
[48 INFO root] 0.25194764137268066 -0.7753720879554749 -2.2512216596218675
[48 INFO root] 0.25175800919532776 -0.7756081223487854 -2.2933688619043915
[48 INFO root] 0.2515336871147156 -0.7758644819259644 -2.3370979290612475
[48 INFO root] 0.2512698173522949 -0.7761408090591431 -2.3824193655958448
[48 INFO root] 0.250961035490036 -0.7764362096786499 -2.4293280926365726
[48 INFO root] 0.2506016194820404 -0.7767492532730103 -2.477799454009192
[48 INFO root] 0.25018543004989624 -0.7770777344703674 -2.5277852061812798
[48 INFO root] 0.24970616400241852 -0.7774187326431274 -2.5792089387504538
[48 INFO root] 0.24915742874145508 -0.7777681946754456 -2.631962086586286
[48 INFO root] 0.24853305518627167 -0.7781211137771606 -2.6858994840363355
[48 INFO root] 0.24782736599445343 -0.7784712910652161 -2.7408364126349443
[48 INFO root] 0.24703557789325714 -0.778811514377594 -2.796546514976868
[48 INFO root] 0.24615415930747986 -0.7791334390640259 -2.852762018766843
[48 INFO root] 0.24518129229545593 -0.7794280648231506 -2.909175755775669
[48 INFO root] 0.24411717057228088 -0.779685914516449 -2.965446700387564
[48 INFO root] 0.24296435713768005 -0.7798973917961121 -3.021208047350676
[48 INFO root] 0.24172785878181458 -0.7800535559654236 -3.076077801596416
[48 INFO root] 0.24038547277450562 -0.7801485657691956 -3.1288619684067527
[48 INFO root] 0.23895086348056793 -0.7801739573478699 3.104086309373164
[48 INFO root] 0.2374439835548401 -0.7801246643066406 3.056676826500962
[48 INFO root] 0.23588381707668304 -0.7799990773200989 3.0123329420720144
[48 INFO root] 0.23428790271282196 -0.779798686504364 2.971253429531929
[48 INFO root] 0.23267202079296112 -0.7795274257659912 2.933593776136505
[48 INFO root] 0.23105010390281677 -0.7791914343833923 2.899464352202002
[48 INFO root] 0.2294340878725052 -0.7787981629371643 2.8689299706567635
[48 INFO root] 0.2278338521718979 -0.7783559560775757 2.8420123247307494
[48 INFO root] 0.22625726461410522 -0.777873694896698 2.8186939398011757
[48 INFO root] 0.22471028566360474 -0.7773600816726685 2.7989229823128357
[48 INFO root] 0.22319716215133667 -0.7768236994743347 2.782619407974617
[48 INFO root] 0.22172057628631592 -0.7762724161148071 2.7696804064226956
[48 INFO root] 0.2202819138765335 -0.7757134437561035 2.75998635781228
[48 INFO root] 0.21888145804405212 -0.7751531004905701 2.7534058153213947
[48 INFO root] 0.217518612742424 -0.7745968699455261 2.7498000951264574
[48 INFO root] 0.2161920964717865 -0.7740493416786194 2.7490269334343456
[48 INFO root] 0.21492734551429749 -0.7735258340835571 2.750382107458035
[48 INFO root] 0.2137492597103119 -0.773039698600769 2.7531204540079064
[48 INFO root] 0.21264997124671936 -0.772589385509491 2.757155522112602
[48 INFO root] 0.2116190642118454 -0.7721717953681946 2.7624746916787233
[48 INFO root] 0.21064747869968414 -0.7717841267585754 2.7690604814604938
[48 INFO root] 0.20972739160060883 -0.7714238166809082 2.7768910960914432
[48 INFO root] 0.20882821083068848 -0.7710797190666199 2.7845610370212217
[48 INFO root] 0.20794543623924255 -0.7707496285438538 2.791851629837862
[48 INFO root] 0.2070786952972412 -0.7704327702522278 2.7987221077785174
[48 INFO root] 0.20622766017913818 -0.7701283097267151 2.8051418500905636
[48 INFO root] 0.20539188385009766 -0.7698354125022888 2.8110869667723963
[48 INFO root] 0.20457080006599426 -0.7695531249046326 2.816538968626855
[48 INFO root] 0.20376381278038025 -0.7692806720733643 2.8214836469301563
[48 INFO root] 0.20297011733055115 -0.7690171003341675 2.8259129334461472
[48 INFO root] 0.20218883454799652 -0.7687615752220154 2.8298259594746287
[48 INFO root] 0.20141887664794922 -0.7685130834579468 2.833227484010063
[48 INFO root] 0.20065908133983612 -0.7682707905769348 2.8361259556939125
[48 INFO root] 0.19990979135036469 -0.7680342197418213 2.8385059523916443
[48 INFO root] 0.1991720199584961 -0.7678033113479614 2.8403420001883006
[48 INFO root] 0.1984466314315796 -0.7675778269767761 2.8416149083608073
[48 INFO root] 0.19773410260677338 -0.7673572897911072 2.842313205591252
[48 INFO root] 0.19703462719917297 -0.7671414613723755 2.842431326839961
[48 INFO root] 0.19634822010993958 -0.7669297456741333 2.841967949464852
[48 INFO root] 0.19567465782165527 -0.7667216658592224 2.840924678453275
[48 INFO root] 0.19501358270645142 -0.7665168046951294 2.8393050219953277
[48 INFO root] 0.19436457753181458 -0.7663145065307617 2.8371136020687966
[48 INFO root] 0.19372707605361938 -0.766114354133606 2.8343555529416644
[48 INFO root] 0.1931004822254181 -0.7659156918525696 2.831036073214193
[48 INFO root] 0.19248417019844055 -0.7657181620597839 2.827160094316894
[48 INFO root] 0.19187743961811066 -0.7655211091041565 2.822732046090443
[48 INFO root] 0.1912796050310135 -0.7653239965438843 2.81775569520939
[48 INFO root] 0.19068996608257294 -0.7651264071464539 2.8122340525213865
[48 INFO root] 0.1901077777147293 -0.7649278044700623 2.8061693261078156
[48 INFO root] 0.1895323395729065 -0.7647275924682617 2.799562920792896
[48 INFO root] 0.188962921500206 -0.764525294303894 2.7924154693524046
[48 INFO root] 0.1883987933397293 -0.7643203735351562 2.7847268986824028
[48 INFO root] 0.18783925473690033 -0.7641122341156006 2.776496495935216
[48 INFO root] 0.18728359043598175 -0.7639003992080688 2.7677228868469075
[48 INFO root] 0.18673110008239746 -0.7636841535568237 2.758404064074911
[48 INFO root] 0.18618106842041016 -0.7634630799293518 2.748537509021547
[48 INFO root] 0.1856328248977661 -0.7632363438606262 2.738120404438916
[48 INFO root] 0.1850856989622116 -0.7630034685134888 2.727149914661155
[48 INFO root] 0.18453900516033173 -0.7627636790275574 2.7156234801627037
[48 INFO root] 0.18399205803871155 -0.7625162601470947 2.703539108859302
[48 INFO root] 0.18344418704509735 -0.7622604370117188 2.69089566749731
[48 INFO root] 0.1828947514295578 -0.7619954347610474 2.6776931609424093
[48 INFO root] 0.18234308063983917 -0.7617202997207642 2.6639329758342676
[48 INFO root] 0.18178853392601013 -0.7614341974258423 2.649618130679439
[48 INFO root] 0.18123048543930054 -0.7611361145973206 2.6347535684008805
[48 INFO root] 0.18066832423210144 -0.7608250975608826 2.619346472153415
[48 INFO root] 0.18010148406028748 -0.7605000138282776 2.6034066191156007
[48 INFO root] 0.17952941358089447 -0.7601597309112549 2.5869467630435192
[48 INFO root] 0.17895160615444183 -0.759803056716919 2.5699830690706746
[48 INFO root] 0.17836757004261017 -0.7594287395477295 2.5525355900590103
[48 INFO root] 0.17777691781520844 -0.7590355277061462 2.5346287886129777
[48 INFO root] 0.1771792620420456 -0.7586220502853394 2.5162921122018864
[48 INFO root] 0.17657431960105896 -0.7581869959831238 2.497560603401842
[48 INFO root] 0.17596182227134705 -0.7577288150787354 2.4784752932761305
[48 INFO root] 0.1753416508436203 -0.7572462558746338 2.4590836637009965
[48 INFO root] 0.17471370100975037 -0.7567378282546997 2.4394401853544547
[48 INFO root] 0.17407800257205963 -0.7562021613121033 2.419606867453152
[48 INFO root] 0.17343468964099884 -0.7556378245353699 2.3996536917033047
[48 INFO root] 0.17278394103050232 -0.7550436854362488 2.3796589054893422
[48 INFO root] 0.17212609946727753 -0.7544184327125549 2.35970912319275
[48 INFO root] 0.1714615523815155 -0.7537611126899719 2.339899183544265
[48 INFO root] 0.17079082131385803 -0.7530708312988281 2.3203317089382014
[48 INFO root] 0.17011447250843048 -0.7523468732833862 2.3011163656520295
[48 INFO root] 0.16943317651748657 -0.7515889406204224 2.282368787289225
[48 INFO root] 0.16874760389328003 -0.7507967948913574 2.264209150758558
[48 INFO root] 0.16805849969387054 -0.7499706149101257 2.2467604756849284
[48 INFO root] 0.16736654937267303 -0.7491108775138855 2.2301466515241555
[48 INFO root] 0.16667242348194122 -0.748218297958374 2.2144903159147717
[48 INFO root] 0.16597671806812286 -0.747294008731842 2.1999106654799636
[48 INFO root] 0.16527992486953735 -0.7463394403457642 2.1865213280691007
[48 INFO root] 0.16458235681056976 -0.7453562021255493 2.1744283972899736
[48 INFO root] 0.1638842076063156 -0.7443462014198303 2.163728738739548
[48 INFO root] 0.1631854623556137 -0.7433115243911743 2.1545086713048
[48 INFO root] 0.16248592734336853 -0.7422544956207275 2.146843067963091
[48 INFO root] 0.16178518533706665 -0.7411774396896362 2.1407948616175414
[48 INFO root] 0.1610826551914215 -0.740082859992981 2.136414941215056
[48 INFO root] 0.16037753224372864 -0.7389731407165527 2.1337423452011275
[48 INFO root] 0.15966884791851044 -0.7378507852554321 2.132804598492145
[48 INFO root] 0.15895549952983856 -0.7367182970046997 2.1336180559539293
[48 INFO root] 0.15823625028133392 -0.7355780005455017 2.136188044732369
[48 INFO root] 0.1575097143650055 -0.7344322800636292 2.1405085990371098
[48 INFO root] 0.15677447617053986 -0.7332834005355835 2.1465616170394344
[48 INFO root] 0.15602901577949524 -0.7321335077285767 2.1543152688634883
[48 INFO root] 0.15527181327342987 -0.7309846878051758 2.1637215640998724
[48 INFO root] 0.15450133383274078 -0.7298388481140137 2.17471307594915
[48 INFO root] 0.1537160724401474 -0.7286979556083679 2.1871989492508472
[48 INFO root] 0.1529146432876587 -0.7275637984275818 2.2010604869741623
[48 INFO root] 0.15209579467773438 -0.726438045501709 2.216146790083885
[48 INFO root] 0.15125849843025208 -0.7253224849700928 2.232271097921119
[48 INFO root] 0.15040211379528046 -0.7242187261581421 2.2492086036385452
[48 INFO root] 0.1495264172554016 -0.7231285572052002 2.2666965223009585
[48 INFO root] 0.14863181114196777 -0.7220537662506104 2.2844345054205473
[48 INFO root] 0.14771944284439087 -0.7209962606430054 2.302090336548064
[48 INFO root] 0.1467912495136261 -0.7199580669403076 2.319310574040849
[48 INFO root] 0.14584995806217194 -0.7189411520957947 2.3357340561536657
[48 INFO root] 0.1448991596698761 -0.7179473042488098 2.351006441134044
[48 INFO root] 0.14394298195838928 -0.7169781923294067 2.364794089687434
[48 INFO root] 0.1429852843284607 -0.7160341739654541 2.376847087210528
[48 INFO root] 0.14202965795993805 -0.7151150107383728 2.386968984218097
[48 INFO root] 0.1410796046257019 -0.714219868183136 2.395000974890837
[48 INFO root] 0.14013832807540894 -0.7133474946022034 2.4008216356492107
[48 INFO root] 0.13920864462852478 -0.712496280670166 2.404347077524824
[48 INFO root] 0.1382928490638733 -0.711664080619812 2.40552921592828
[48 INFO root] 0.13739264011383057 -0.7108483910560608 2.404352666411599
[48 INFO root] 0.13650920987129211 -0.7100464105606079 2.4008309024329972
[48 INFO root] 0.1356431245803833 -0.7092549800872803 2.3950022063612586
[48 INFO root] 0.13479453325271606 -0.7084707617759705 2.386925789300041
[48 INFO root] 0.1339631825685501 -0.7076902389526367 2.376678331422
[48 INFO root] 0.13314850628376007 -0.7069098949432373 2.364351061369878
[48 INFO root] 0.13234978914260864 -0.7061260342597961 2.350047409575845
[48 INFO root] 0.13156619668006897 -0.7053350210189819 2.3338812074039414
[48 INFO root] 0.13079693913459778 -0.7045332789421082 2.3159753629857867
[48 INFO root] 0.13004128634929657 -0.7037171721458435 2.2964609271961227
[48 INFO root] 0.12929873168468475 -0.7028834223747253 2.275476455397231
[48 INFO root] 0.12856896221637726 -0.7020288109779358 2.253167553282919
[48 INFO root] 0.1278519183397293 -0.7011503577232361 2.2296864968793595
[48 INFO root] 0.12714783847332 -0.7002454996109009 2.205191828444328
[48 INFO root] 0.1264573037624359 -0.6993117928504944 2.179847829209569
[48 INFO root] 0.12578114867210388 -0.6983475685119629 2.153823819458423
[48 INFO root] 0.12512047588825226 -0.6973513960838318 2.127293203237611
[48 INFO root] 0.12447664886713028 -0.6963224411010742 2.1004322617466302
[48 INFO root] 0.12385117262601852 -0.6952604651451111 2.0734186759978717
[48 INFO root] 0.12324567884206772 -0.6941659450531006 2.0464298195003017
[48 INFO root] 0.12266184389591217 -0.6930398344993591 2.019640897756598
[48 INFO root] 0.12210128456354141 -0.6918838024139404 1.9932229814623652
[48 INFO root] 0.12156551331281662 -0.690700113773346 1.9673410488335332
[48 INFO root] 0.12105584889650345 -0.6894916296005249 1.942152152484039
[48 INFO root] 0.12057331204414368 -0.6882616281509399 1.9177918799795404
[48 INFO root] 0.12011856585741043 -0.6870136260986328 1.8943569968884542
[48 INFO root] 0.11969196051359177 -0.6857512593269348 1.8719327075330459
[48 INFO root] 0.11929352581501007 -0.6844785213470459 1.8505988392582184
[48 INFO root] 0.11892300844192505 -0.6831993460655212 1.8304294950856
[48 INFO root] 0.11857983469963074 -0.6819178462028503 1.8114922630129382
[48 INFO root] 0.1182631403207779 -0.6806381344795227 1.7938474062268919
[48 INFO root] 0.11797178536653519 -0.6793642044067383 1.777547068467163
[48 INFO root] 0.11770441383123398 -0.6780998110771179 1.7626361895293068
[48 INFO root] 0.11745943129062653 -0.6768485903739929 1.7491486371295057
[48 INFO root] 0.11723510175943375 -0.6756138801574707 1.7371065339339682
[48 INFO root] 0.11702956259250641 -0.6743984818458557 1.7265234674934142
[48 INFO root] 0.11684088408946991 -0.6732050776481628 1.7174034926173625
[48 INFO root] 0.11666709929704666 -0.6720357537269592 1.70974104295284
[48 INFO root] 0.11650627106428146 -0.6708922386169434 1.7035206596802506
[48 INFO root] 0.11635648459196091 -0.6697757840156555 1.6987178266805354
[48 INFO root] 0.11621592938899994 -0.6686872243881226 1.6953001774065772
[48 INFO root] 0.11608287692070007 -0.6676270961761475 1.69322865683745
[48 INFO root] 0.11595572531223297 -0.6665955185890198 1.6924585519860644
[48 INFO root] 0.11583295464515686 -0.6655920743942261 1.6929281466118662
[48 INFO root] 0.11571040004491806 -0.6645932197570801 1.693383453837183
[48 INFO root] 0.11558770388364792 -0.6635969877243042 1.6936451994283237
[48 INFO root] 0.11546514928340912 -0.6626041531562805 1.6936693932062075
[48 INFO root] 0.11534258723258972 -0.6616117358207703 1.6936693932062075
[48 INFO root] 0.11522002518177032 -0.6606192588806152 1.6936693932062075
[48 INFO root] 0.11509745568037033 -0.6596267819404602 1.6936693932062075
[48 INFO root] 0.11497489362955093 -0.6586343050003052 1.6936693932062075
[48 INFO root] 0.11485233157873154 -0.6576418876647949 1.6936693932062075
[48 INFO root] 0.11472976207733154 -0.6566494107246399 1.6936693932062075
[48 INFO root] 0.11460720002651215 -0.6556569337844849 1.6936693932062075
[48 INFO root] 0.11448463797569275 -0.6546644568443298 1.6936693932062075
[48 INFO root] 0.11436207592487335 -0.6536720395088196 1.6936693932062075
[48 INFO root] 0.11423950642347336 -0.6526795625686646 1.6936693932062075
[48 INFO root] 0.11411694437265396 -0.6516870856285095 1.6936693932062075
[48 INFO root] 0.11399438232183456 -0.6506946682929993 1.6936693932062075
[48 INFO root] 0.11387182027101517 -0.6497021913528442 1.6936693932062075
[48 INFO root] 0.11374925076961517 -0.6487097144126892 1.6936693932062075
[48 INFO root] 0.11362668871879578 -0.6477172374725342 1.6936693932062075
[48 INFO root] 0.11350412666797638 -0.6467248201370239 1.6936693932062075
[48 INFO root] 0.11338155716657639 -0.6457323431968689 1.6936693932062075
[48 INFO root] 0.11325899511575699 -0.6447398662567139 1.6936693932062075
[48 INFO root] 0.11313643306493759 -0.6437473893165588 1.6936693932062075
[48 INFO root] 0.1130138710141182 -0.6427549719810486 1.6936693932062075
[48 INFO root] 0.1128913015127182 -0.6417624950408936 1.6936693932062075
[48 INFO root] 0.1127687394618988 -0.6407700181007385 1.6936693932062075
[48 INFO root] 0.1126461774110794 -0.6397776007652283 1.6936693932062075
[48 INFO root] 0.11252360790967941 -0.6387851238250732 1.6936693932062075
[48 INFO root] 0.11240104585886002 -0.6377926468849182 1.6936693932062075
[48 INFO root] 0.11227848380804062 -0.6368001699447632 1.6936693932062075
[48 INFO root] 0.11215592175722122 -0.6358077526092529 1.6936693932062075
[48 INFO root] 0.11203335225582123 -0.6348152756690979 1.6936693932062075
[48 INFO root] 0.11191079020500183 -0.6338227987289429 1.6936693932062075
[48 INFO root] 0.11178822815418243 -0.6328303217887878 1.6936693932062075
[48 INFO root] 0.11166566610336304 -0.6318379044532776 1.6936693932062075
[48 INFO root] 0.11154309660196304 -0.6308454275131226 1.6936693932062075
[48 INFO root] 0.11142053455114365 -0.6298529505729675 1.6936693932062075
[48 INFO root] 0.11129797250032425 -0.6288605332374573 1.6936693932062075
[48 INFO root] 0.11117540299892426 -0.6278680562973022 1.6936693932062075
[48 INFO root] 0.11105284094810486 -0.6268755793571472 1.6936693932062075
[48 INFO root] 0.11093027889728546 -0.6258831024169922 1.6936693932062075
[48 INFO root] 0.11080771684646606 -0.6248906850814819 1.6936693932062075
[48 INFO root] 0.11068514734506607 -0.6238982081413269 1.6936693932062075
[48 INFO root] 0.11056258529424667 -0.6229057312011719 1.6936693932062075
[48 INFO root] 0.11044002324342728 -0.6219132542610168 1.6936693932062075
[48 INFO root] 0.11031745374202728 -0.6209208369255066 1.6936693932062075
[48 INFO root] 0.11019489169120789 -0.6199283599853516 1.6936693932062075
[48 INFO root] 0.11007232964038849 -0.6189358830451965 1.6936693932062075
[48 INFO root] 0.10994976758956909 -0.6179434657096863 1.6936693932062075
[48 INFO root] 0.1098271980881691 -0.6169509887695312 1.6936693932062075
[48 INFO root] 0.1097046360373497 -0.6159585118293762 1.6936693932062075
[48 INFO root] 0.1095820739865303 -0.6149660348892212 1.6936693932062075
[48 INFO root] 0.10945951193571091 -0.6139736175537109 1.6936693932062075
[48 INFO root] 0.10933694243431091 -0.6129811406135559 1.6936693932062075
[48 INFO root] 0.10921438038349152 -0.6119886636734009 1.6936693932062075
[48 INFO root] 0.10909181833267212 -0.6109962463378906 1.6936693932062075
[48 INFO root] 0.10896924883127213 -0.6100037693977356 1.6936693932062075
[48 INFO root] 0.10884668678045273 -0.6090112924575806 1.6936693932062075
[48 INFO root] 0.10872412472963333 -0.6080188155174255 1.6936693932062075
[48 INFO root] 0.10861299932003021 -0.6071189641952515 1.6924720420081611
[48 INFO root] 0.10852184146642685 -0.6063744425773621 1.6892825186747482
[48 INFO root] 0.10844983905553818 -0.605771541595459 1.6842661225930524
[48 INFO root] 0.10839474201202393 -0.6052906513214111 1.677636873551768
[48 INFO root] 0.10835415869951248 -0.604915201663971 1.6695546104262973
[48 INFO root] 0.10832570493221283 -0.6046310663223267 1.6601378307215449
[48 INFO root] 0.10830709338188171 -0.6044262051582336 1.6494745773487012
[48 INFO root] 0.10829617083072662 -0.6042903661727905 1.6376307592527726
[48 INFO root] 0.10829095542430878 -0.6042147278785706 1.6246566747457944
[48 INFO root] 0.10828960686922073 -0.6041913032531738 1.610592267949873
[48 INFO root] 0.10829044133424759 -0.6042130589485168 1.5954714663578227
[48 INFO root] 0.10829196870326996 -0.60427325963974 1.5793258208514191
[48 INFO root] 0.10829286277294159 -0.6043657660484314 1.56218758119468
[48 INFO root] 0.10829199850559235 -0.6044844388961792 1.544092278791304
[48 INFO root] 0.10828851163387299 -0.6046233773231506 1.5250808472058826
[48 INFO root] 0.10828176140785217 -0.6047767400741577 1.5052012849801344
[48 INFO root] 0.10827144235372543 -0.6049385070800781 1.4845098515897608
[48 INFO root] 0.10825756192207336 -0.6051028966903687 1.4630717839051324
[48 INFO root] 0.10824049264192581 -0.6052640676498413 1.4409615256694928
[48 INFO root] 0.10822096467018127 -0.6054163575172424 1.4182624748455208
[48 INFO root] 0.10820011794567108 -0.6055542826652527 1.3950662715451128
[48 INFO root] 0.10817942023277283 -0.6056726574897766 1.3714716705325167
[48 INFO root] 0.10816069692373276 -0.605766773223877 1.3475830643358802
[48 INFO root] 0.1081460565328598 -0.6058322787284851 1.323508742815106
[48 INFO root] 0.1081378161907196 -0.6058655381202698 1.2993589896437057
[48 INFO root] 0.10813847184181213 -0.6058634519577026 1.2752441231561564
[48 INFO root] 0.10815057158470154 -0.6058236360549927 1.2512725870426797
[48 INFO root] 0.10817666351795197 -0.605744481086731 1.2275491854754625
[48 INFO root] 0.1082189753651619 -0.6056254506111145 1.204147078037184
[48 INFO root] 0.1082795187830925 -0.6054669618606567 1.1811299818372547
[48 INFO root] 0.10835988819599152 -0.6052702069282532 1.1585389921543376
[48 INFO root] 0.10846120864152908 -0.605037271976471 1.1363893330857189
[48 INFO root] 0.10858413577079773 -0.6047709584236145 1.114672544654811
[48 INFO root] 0.10872890055179596 -0.6044744253158569 1.0933599803768035
[48 INFO root] 0.10889539867639542 -0.6041510701179504 1.0724067520751337
[48 INFO root] 0.10908323526382446 -0.6038042902946472 1.051755679484507
[48 INFO root] 0.10929184406995773 -0.6034374833106995 1.0313409451056617
[48 INFO root] 0.10952053219079971 -0.6030538082122803 1.011091280999474
[48 INFO root] 0.1097685694694519 -0.6026562452316284 0.9909326131714774
[48 INFO root] 0.11003521829843521 -0.6022473573684692 0.970790157575067
[48 INFO root] 0.11031980812549591 -0.6018296480178833 0.950590003115644
[48 INFO root] 0.11062172055244446 -0.601405143737793 0.9302602330262842
[48 INFO root] 0.11094047874212265 -0.600975751876831 0.9097316400544913
[48 INFO root] 0.11127568781375885 -0.6005430221557617 0.8889381110233103
[48 INFO root] 0.11162710189819336 -0.60010826587677 0.8678167575423876
[48 INFO root] 0.11199461668729782 -0.5996727347373962 0.8463078655078589
[48 INFO root] 0.11237824708223343 -0.5992374420166016 0.824354735706578
[48 INFO root] 0.11277817189693451 -0.5988031625747681 0.8019034937548232
[48 INFO root] 0.11319474875926971 -0.5983707308769226 0.7789078903454991
[48 INFO root] 0.1136288046836853 -0.5979403257369995 0.7553559533181747
[48 INFO root] 0.1140812560915947 -0.5975123047828674 0.7312421269403881
[48 INFO root] 0.1145530641078949 -0.5970869660377502 0.70656053343238
[48 INFO root] 0.1150452271103859 -0.5966647863388062 0.6813060325781833
[48 INFO root] 0.11555878072977066 -0.5962463021278381 0.6554760513960878
[48 INFO root] 0.11609482765197754 -0.5958319902420044 0.6290724717897612
[48 INFO root] 0.11665453016757965 -0.5954224467277527 0.6021033353507942
[48 INFO root] 0.11723905801773071 -0.5950185060501099 0.5745840218639416
[48 INFO root] 0.11784960329532623 -0.5946208834648132 0.546537468020442
[48 INFO root] 0.11848729848861694 -0.5942305326461792 0.517992972384459
[48 INFO root] 0.11915319412946701 -0.5938485860824585 0.4889832245926986
[48 INFO root] 0.11984814703464508 -0.5934762358665466 0.4595394310787093
[48 INFO root] 0.12057285010814667 -0.5931150317192078 0.42968476261091854
[48 INFO root] 0.12132775783538818 -0.5927664041519165 0.3994267172335857
[48 INFO root] 0.12211313843727112 -0.5924321413040161 0.368749317353766
[48 INFO root] 0.12292913347482681 -0.5921140313148499 0.33760619633107875
[48 INFO root] 0.12377586215734482 -0.5918139219284058 0.30591571295135567
[48 INFO root] 0.12465357780456543 -0.5915337204933167 0.2735592301956012
[48 INFO root] 0.125562846660614 -0.5912754535675049 0.24038356293531152
[48 INFO root] 0.12650471925735474 -0.5910413265228271 0.20620832769461142
[48 INFO root] 0.1274809092283249 -0.5908337235450745 0.1708385157681749
[48 INFO root] 0.12849366664886475 -0.5906554460525513 0.13403826877034347
[48 INFO root] 0.1295461803674698 -0.5905096530914307 0.09557092904754529
[48 INFO root] 0.1306425929069519 -0.5904004573822021 0.05523827229784064
[48 INFO root] 0.13178786635398865 -0.5903326869010925 0.012918340762177814
[48 INFO root] 0.13298730552196503 -0.5903123021125793 -0.031400964037842746
[48 INFO root] 0.13424594700336456 -0.5903464555740356 -0.07759962379184834
[48 INFO root] 0.13556772470474243 -0.5904433727264404 -0.12541794946141205
[48 INFO root] 0.13695453107357025 -0.5906118154525757 -0.17446452546842714
[48 INFO root] 0.1384054720401764 -0.5908605456352234 -0.2242383086299646
[48 INFO root] 0.139916330575943 -0.5911976099014282 -0.27416191126289013
[48 INFO root] 0.14147937297821045 -0.591629147529602 -0.32362194802079064
[48 INFO root] 0.14308373630046844 -0.5921587944030762 -0.37201159949025864
[48 INFO root] 0.1447160691022873 -0.5927868485450745 -0.41877033954823933
[48 INFO root] 0.1463615596294403 -0.5935102701187134 -0.4634162820144813
[48 INFO root] 0.14800511300563812 -0.5943226218223572 -0.5055679072820306
[48 INFO root] 0.1496322900056839 -0.5952144861221313 -0.5449536802581603
[48 INFO root] 0.15123027563095093 -0.5961745977401733 -0.5814106018018401
[48 INFO root] 0.15278834104537964 -0.5971903800964355 -0.6148739665113322
[48 INFO root] 0.1542980968952179 -0.5982489585876465 -0.645361352737394
[48 INFO root] 0.1557535082101822 -0.5993377566337585 -0.6729540333389774
[48 INFO root] 0.15715067088603973 -0.6004449725151062 -0.6977784783918881
[48 INFO root] 0.15848754346370697 -0.6015601754188538 -0.7199897693867415
[48 INFO root] 0.15976352989673615 -0.6026741862297058 -0.7397578800129343
[48 INFO root] 0.16094942390918732 -0.6037519574165344 -0.7550914835451167
[48 INFO root] 0.16204287111759186 -0.6047776937484741 -0.7657200164312579
[48 INFO root] 0.16305306553840637 -0.6057466864585876 -0.7720534281059537
[48 INFO root] 0.16399027407169342 -0.6066579818725586 -0.7745096284253712
[48 INFO root] 0.1648644357919693 -0.607512891292572 -0.7734569591291104
[48 INFO root] 0.1656849980354309 -0.6083142161369324 -0.7692190709506279
[48 INFO root] 0.16646072268486023 -0.6090659499168396 -0.7620819516630469
[48 INFO root] 0.16719970107078552 -0.609772264957428 -0.7523011766148916
[48 INFO root] 0.1679101288318634 -0.6104385256767273 -0.7401391838462749
[48 INFO root] 0.1685996800661087 -0.611069917678833 -0.7258458405386221
[48 INFO root] 0.16927535831928253 -0.6116713881492615 -0.7096584196321244
[48 INFO root] 0.16994354128837585 -0.6122472286224365 -0.6918077906966793
[48 INFO root] 0.17061001062393188 -0.6128013134002686 -0.6725238742094006
[48 INFO root] 0.1712799221277237 -0.613336980342865 -0.6520397735104415
[48 INFO root] 0.1719578355550766 -0.6138567328453064 -0.6305945492319835
[48 INFO root] 0.1726476401090622 -0.6143625378608704 -0.6084346136168282
[48 INFO root] 0.17335247993469238 -0.6148558259010315 -0.5858137495525282
[48 INFO root] 0.17407473921775818 -0.6153374314308167 -0.5629918107531383
[48 INFO root] 0.17481598258018494 -0.6158075928688049 -0.5402322299378929
[48 INFO root] 0.17557692527770996 -0.6162662506103516 -0.5177985409859429
[48 INFO root] 0.176361083984375 -0.6167152523994446 -0.4961385787440509
[48 INFO root] 0.1771754026412964 -0.6171582937240601 -0.47594078705342263
[48 INFO root] 0.1780177801847458 -0.6175945997238159 -0.4574835158039823
[48 INFO root] 0.17888453602790833 -0.6180232763290405 -0.4409737158476605
[48 INFO root] 0.17977158725261688 -0.6184437274932861 -0.42658915853835444
[48 INFO root] 0.18067464232444763 -0.6188557147979736 -0.4144756308847517
[48 INFO root] 0.18158939480781555 -0.6192594766616821 -0.40474570963343903
[48 INFO root] 0.18251171708106995 -0.6196556687355042 -0.3974790536032608
[48 INFO root] 0.1834377944469452 -0.6200452446937561 -0.3927239934878919
[48 INFO root] 0.18436428904533386 -0.6204295754432678 -0.3905001127648286
[48 INFO root] 0.1852891743183136 -0.6208105087280273 -0.39030305322196995
[48 INFO root] 0.18621397018432617 -0.6211910247802734 -0.39030305322196995
[48 INFO root] 0.18713876605033875 -0.6215714812278748 -0.39030305322196995
[48 INFO root] 0.18806356191635132 -0.6219519376754761 -0.39030305322196995
[48 INFO root] 0.1889883428812027 -0.6223323941230774 -0.39030305322196995
[48 INFO root] 0.18991313874721527 -0.6227128505706787 -0.39030305322196995
[48 INFO root] 0.19083793461322784 -0.6230933666229248 -0.39030305322196995
[48 INFO root] 0.19176273047924042 -0.6234738230705261 -0.39030305322196995
[48 INFO root] 0.192687526345253 -0.6238542795181274 -0.39030305322196995
[48 INFO root] 0.19361232221126556 -0.6242347359657288 -0.39030305322196995
[48 INFO root] 0.19453711807727814 -0.6246151924133301 -0.39030305322196995
[48 INFO root] 0.19546189904212952 -0.6249957084655762 -0.39030305322196995
[48 INFO root] 0.1963866949081421 -0.6253761649131775 -0.39030305322196995
[48 INFO root] 0.19731149077415466 -0.6257566213607788 -0.39030305322196995
[48 INFO root] 0.19823628664016724 -0.6261370778083801 -0.39030305322196995
[48 INFO root] 0.1991610825061798 -0.6265175938606262 -0.39030305322196995
[48 INFO root] 0.20008587837219238 -0.6268980503082275 -0.39030305322196995
[48 INFO root] 0.20101067423820496 -0.6272785067558289 -0.39030305322196995
[48 INFO root] 0.20193545520305634 -0.6276589632034302 -0.39030305322196995
[48 INFO root] 0.2028602510690689 -0.6280394196510315 -0.39030305322196995
[48 INFO root] 0.20378504693508148 -0.6284199357032776 -0.39030305322196995
[48 INFO root] 0.20470984280109406 -0.6288003921508789 -0.39030305322196995
[48 INFO root] 0.20563463866710663 -0.6291808485984802 -0.39030305322196995
[48 INFO root] 0.2065594345331192 -0.6295613050460815 -0.39030305322196995
[48 INFO root] 0.20748423039913177 -0.6299417614936829 -0.39030305322196995
[48 INFO root] 0.20840901136398315 -0.630322277545929 -0.39030305322196995
[48 INFO root] 0.20933380722999573 -0.6307027339935303 -0.39030305322196995
[48 INFO root] 0.2102586030960083 -0.6310831904411316 -0.39030305322196995
[48 INFO root] 0.21118339896202087 -0.6314636468887329 -0.39030305322196995
[48 INFO root] 0.21210819482803345 -0.6318441033363342 -0.39030305322196995
[48 INFO root] 0.21303299069404602 -0.6322246193885803 -0.39030305322196995
[48 INFO root] 0.2139577865600586 -0.6326050758361816 -0.39030305322196995
[48 INFO root] 0.21488256752490997 -0.632985532283783 -0.39030305322196995
[48 INFO root] 0.21580736339092255 -0.6333659887313843 -0.39030305322196995
[48 INFO root] 0.21673215925693512 -0.6337464451789856 -0.39030305322196995
[48 INFO root] 0.2176569551229477 -0.6341269612312317 -0.39030305322196995
[48 INFO root] 0.21858175098896027 -0.634507417678833 -0.39030305322196995
[48 INFO root] 0.21950654685497284 -0.6348878741264343 -0.39030305322196995
[48 INFO root] 0.2204313427209854 -0.6352683305740356 -0.39030305322196995
[48 INFO root] 0.22135613858699799 -0.635648787021637 -0.39030305322196995
[48 INFO root] 0.22228091955184937 -0.6360293030738831 -0.39030305322196995
[48 INFO root] 0.22320571541786194 -0.6364097595214844 -0.39030305322196995
[48 INFO root] 0.2241305112838745 -0.6367902159690857 -0.39030305322196995
[48 INFO root] 0.22505530714988708 -0.637170672416687 -0.39030305322196995
[48 INFO root] 0.22598010301589966 -0.6375511288642883 -0.39030305322196995
[48 INFO root] 0.22690489888191223 -0.6379316449165344 -0.39030305322196995
[48 INFO root] 0.2278296947479248 -0.6383121013641357 -0.39030305322196995
[48 INFO root] 0.22875447571277618 -0.6386925578117371 -0.39030305322196995
[48 INFO root] 0.22967927157878876 -0.6390730142593384 -0.39030305322196995
[48 INFO root] 0.23060406744480133 -0.6394534707069397 -0.39030305322196995
[48 INFO root] 0.2315288633108139 -0.6398339867591858 -0.39030305322196995
[48 INFO root] 0.23245365917682648 -0.6402144432067871 -0.39030305322196995
[48 INFO root] 0.23337845504283905 -0.6405948996543884 -0.39030305322196995
[48 INFO root] 0.23430325090885162 -0.6409753561019897 -0.39030305322196995
[48 INFO root] 0.235228031873703 -0.6413558721542358 -0.39030305322196995
[48 INFO root] 0.23615282773971558 -0.6417363286018372 -0.39030305322196995
[48 INFO root] 0.23707762360572815 -0.6421167850494385 -0.39030305322196995
[48 INFO root] 0.23800241947174072 -0.6424972414970398 -0.39030305322196995
[48 INFO root] 0.2389272153377533 -0.6428776979446411 -0.39030305322196995
[48 INFO root] 0.23985201120376587 -0.6432582139968872 -0.39030305322196995
[48 INFO root] 0.24077680706977844 -0.6436386704444885 -0.39030305322196995
[48 INFO root] 0.24170158803462982 -0.6440191268920898 -0.39030305322196995
[48 INFO root] 0.2426263839006424 -0.6443995833396912 -0.39030305322196995
[48 INFO root] 0.24355117976665497 -0.6447800397872925 -0.39030305322196995
[48 INFO root] 0.24447597563266754 -0.6451605558395386 -0.39030305322196995
[48 INFO root] 0.24540077149868011 -0.6455410122871399 -0.39030305322196995
[48 INFO root] 0.2463255673646927 -0.6459214687347412 -0.39030305322196995
[48 INFO root] 0.24725036323070526 -0.6463019251823425 -0.39030305322196995
[48 INFO root] 0.24817514419555664 -0.6466823816299438 -0.39030305322196995
[48 INFO root] 0.2490999400615692 -0.6470628976821899 -0.39030305322196995
[48 INFO root] 0.2500247359275818 -0.6474433541297913 -0.39030305322196995
[48 INFO root] 0.25094953179359436 -0.6478238105773926 -0.39030305322196995
[48 INFO root] 0.25187432765960693 -0.6482042670249939 -0.39030305322196995
[48 INFO root] 0.2527991235256195 -0.6485847234725952 -0.39030305322196995
[48 INFO root] 0.2537239193916321 -0.6489652395248413 -0.39030305322196995
[48 INFO root] 0.25464871525764465 -0.6493456959724426 -0.39030305322196995
[48 INFO root] 0.2555735111236572 -0.649726152420044 -0.39030305322196995
[48 INFO root] 0.2564983069896698 -0.6501066088676453 -0.39030305322196995
[48 INFO root] 0.2574231028556824 -0.6504870653152466 -0.39030305322196995
[48 INFO root] 0.25834786891937256 -0.6508675813674927 -0.39030305322196995
[48 INFO root] 0.25927266478538513 -0.651248037815094 -0.39030305322196995
[48 INFO root] 0.2601974606513977 -0.6516284942626953 -0.39030305322196995
[48 INFO root] 0.2611222565174103 -0.6520089507102966 -0.39030305322196995
[48 INFO root] 0.26204705238342285 -0.652389407157898 -0.39030305322196995
[48 INFO root] 0.2629718482494354 -0.652769923210144 -0.39030305322196995
[48 INFO root] 0.263896644115448 -0.6531503796577454 -0.39030305322196995
[48 INFO root] 0.26482143998146057 -0.6535308361053467 -0.39030305322196995
[48 INFO root] 0.26574623584747314 -0.653911292552948 -0.39030305322196995
[48 INFO root] 0.2666710317134857 -0.6542918086051941 -0.39030305322196995
[48 INFO root] 0.2675958275794983 -0.6546722650527954 -0.39030305322196995
[48 INFO root] 0.26852062344551086 -0.6550527215003967 -0.39030305322196995
[48 INFO root] 0.26944541931152344 -0.655433177947998 -0.39030305322196995
[48 INFO root] 0.270370215177536 -0.6558136343955994 -0.39030305322196995
[48 INFO root] 0.2712949812412262 -0.6561941504478455 -0.39030305322196995
[48 INFO root] 0.27221977710723877 -0.6565746068954468 -0.39030305322196995
[48 INFO root] 0.27314457297325134 -0.6569550633430481 -0.39030305322196995
[48 INFO root] 0.2740693688392639 -0.6573355197906494 -0.39030305322196995
[48 INFO root] 0.2749941647052765 -0.6577159762382507 -0.39030305322196995
[48 INFO root] 0.27591896057128906 -0.6580964922904968 -0.39030305322196995
[48 INFO root] 0.27684375643730164 -0.6584769487380981 -0.39030305322196995
[48 INFO root] 0.2777685523033142 -0.6588574051856995 -0.39030305322196995
[48 INFO root] 0.2786933481693268 -0.6592378616333008 -0.39030305322196995
[48 INFO root] 0.27961814403533936 -0.6596183180809021 -0.39030305322196995
[48 INFO root] 0.28054293990135193 -0.6599988341331482 -0.39030305322196995
[48 INFO root] 0.2814677357673645 -0.6603792905807495 -0.39030305322196995
[48 INFO root] 0.2823925316333771 -0.6607597470283508 -0.39030305322196995
[48 INFO root] 0.28331732749938965 -0.6611402034759521 -0.39030305322196995
[48 INFO root] 0.28424209356307983 -0.6615206599235535 -0.39030305322196995
[48 INFO root] 0.2851668894290924 -0.6619011759757996 -0.39030305322196995
[48 INFO root] 0.286091685295105 -0.6622816324234009 -0.39030305322196995
[48 INFO root] 0.28701648116111755 -0.6626620888710022 -0.39030305322196995
[48 INFO root] 0.2879412770271301 -0.6630425453186035 -0.39030305322196995
[48 INFO root] 0.2888660728931427 -0.6634230017662048 -0.39030305322196995
[48 INFO root] 0.2897908687591553 -0.6638035178184509 -0.39030305322196995
[48 INFO root] 0.29071566462516785 -0.6641839742660522 -0.39030305322196995
[48 INFO root] 0.2916404604911804 -0.6645644307136536 -0.39030305322196995
[48 INFO root] 0.292565256357193 -0.6649448871612549 -0.39030305322196995
[48 INFO root] 0.29349005222320557 -0.6653253436088562 -0.39030305322196995
[48 INFO root] 0.29441484808921814 -0.6657058596611023 -0.39030305322196995
[48 INFO root] 0.2953396439552307 -0.6660863161087036 -0.39030305322196995
[48 INFO root] 0.2962644398212433 -0.6664667725563049 -0.39030305322196995
[48 INFO root] 0.29718923568725586 -0.6668472290039062 -0.39030305322196995
[48 INFO root] 0.29811400175094604 -0.6672276854515076 -0.39030305322196995
[48 INFO root] 0.2990387976169586 -0.6676082015037537 -0.39030305322196995
[48 INFO root] 0.2999635934829712 -0.667988657951355 -0.39030305322196995
[48 INFO root] 0.30088838934898376 -0.6683691143989563 -0.39030305322196995
[48 INFO root] 0.30181318521499634 -0.6687495708465576 -0.39030305322196995
[48 INFO root] 0.3027379810810089 -0.6691300868988037 -0.39030305322196995
[48 INFO root] 0.3036627769470215 -0.669510543346405 -0.39030305322196995
[48 INFO root] 0.30458757281303406 -0.6698909997940063 -0.39030305322196995
[48 INFO root] 0.30551236867904663 -0.6702714562416077 -0.39030305322196995
[48 INFO root] 0.3064371645450592 -0.670651912689209 -0.39030305322196995
[48 INFO root] 0.3073619604110718 -0.6710324287414551 -0.39030305322196995
[48 INFO root] 0.30828675627708435 -0.6714128851890564 -0.39030305322196995
[48 INFO root] 0.3092115521430969 -0.6717933416366577 -0.39030305322196995
[48 INFO root] 0.3101363480091095 -0.672173798084259 -0.39030305322196995
[48 INFO root] 0.3110611140727997 -0.6725542545318604 -0.39030305322196995
[48 INFO root] 0.31198590993881226 -0.6729347705841064 -0.39030305322196995
[48 INFO root] 0.31291070580482483 -0.6733152270317078 -0.39030305322196995
[48 INFO root] 0.3138355016708374 -0.6736956834793091 -0.39030305322196995
[48 INFO root] 0.31476029753685 -0.6740761399269104 -0.39030305322196995
[48 INFO root] 0.31568509340286255 -0.6744565963745117 -0.39030305322196995
[48 INFO root] 0.3166098892688751 -0.6748371124267578 -0.39030305322196995
[48 INFO root] 0.3175346851348877 -0.6752175688743591 -0.39030305322196995
[48 INFO root] 0.31845948100090027 -0.6755980253219604 -0.39030305322196995
[48 INFO root] 0.31938427686691284 -0.6759784817695618 -0.39030305322196995
[48 INFO root] 0.3203090727329254 -0.6763589382171631 -0.39030305322196995
[48 INFO root] 0.321233868598938 -0.6767394542694092 -0.39030305322196995
[48 INFO root] 0.32215866446495056 -0.6771199107170105 -0.39030305322196995
[48 INFO root] 0.32308346033096313 -0.6775003671646118 -0.39030305322196995
[48 INFO root] 0.3240082263946533 -0.6778808236122131 -0.39030305322196995
[48 INFO root] 0.3249330222606659 -0.6782612800598145 -0.39030305322196995
[48 INFO root] 0.32585781812667847 -0.6786417961120605 -0.39030305322196995
[48 INFO root] 0.32678261399269104 -0.6790222525596619 -0.39030305322196995
[48 INFO root] 0.3277074098587036 -0.6794027090072632 -0.39030305322196995
[48 INFO root] 0.3285958468914032 -0.6797682046890259 -0.39250507575937793
[48 INFO root] 0.3294204771518707 -0.6801093816757202 -0.39856557551967836
[48 INFO root] 0.3301842212677002 -0.6804304122924805 -0.4083564767503007
[48 INFO root] 0.33089372515678406 -0.6807365417480469 -0.42160967377156466
[48 INFO root] 0.33155569434165955 -0.6810322999954224 -0.4381173168401654
[48 INFO root] 0.33217665553092957 -0.681321918964386 -0.45772209929053237
[48 INFO root] 0.33276301622390747 -0.6816092729568481 -0.4803065276154041
[48 INFO root] 0.3333209455013275 -0.681898295879364 -0.5057836703440548
[48 INFO root] 0.33385634422302246 -0.6821929812431335 -0.5340891743178646
[48 INFO root] 0.33437490463256836 -0.6824976801872253 -0.565174203186447
[48 INFO root] 0.33488208055496216 -0.6828171014785767 -0.5989989636934687
[48 INFO root] 0.33538293838500977 -0.6831565499305725 -0.6355265038244712
[48 INFO root] 0.33588215708732605 -0.6835220456123352 -0.6747164884668215
[48 INFO root] 0.3363838493824005 -0.6839202642440796 -0.7165186909187742
[48 INFO root] 0.33689141273498535 -0.6843587756156921 -0.7608659939888465
[48 INFO root] 0.33740732073783875 -0.6848458051681519 -0.8076687951787285
[48 INFO root] 0.3379329442977905 -0.6853905916213989 -0.8568074024786936
[48 INFO root] 0.3384682536125183 -0.6860026121139526 -0.9081221647638277
[48 INFO root] 0.3390115201473236 -0.68669193983078 -0.9614035181804953
[48 INFO root] 0.33955925703048706 -0.6874684691429138 -1.0163833360374708
[48 INFO root] 0.34010589122772217 -0.6883412599563599 -1.0727287736177507
[48 INFO root] 0.34064385294914246 -0.6893182992935181 -1.130039985874476
[48 INFO root] 0.34116366505622864 -0.6904051899909973 -1.1878531573375246
[48 INFO root] 0.34165436029434204 -0.6916045546531677 -1.2456500207176366
[48 INFO root] 0.3421042263507843 -0.6929153800010681 -1.3028743532404945
[48 INFO root] 0.34250152111053467 -0.694332480430603 -1.3589548414316261
[48 INFO root] 0.34283560514450073 -0.695846438407898 -1.4133323819862686
[48 INFO root] 0.34309783577919006 -0.6974439024925232 -1.4654886952882034
[48 INFO root] 0.3432822823524475 -0.6991083025932312 -1.5149724923727887
[48 INFO root] 0.34338632225990295 -0.7008211016654968 -1.5614196591014584
[48 INFO root] 0.3434106409549713 -0.7025628089904785 -1.6045650140839685
[48 INFO root] 0.34335899353027344 -0.7043143510818481 -1.644244945862831
[48 INFO root] 0.34323766827583313 -0.7060579061508179 -1.6803916409335125
[48 INFO root] 0.34305477142333984 -0.7077778577804565 -1.713021060031545
[48 INFO root] 0.3428194224834442 -0.7094611525535583 -1.7422173147580222
[48 INFO root] 0.3425411880016327 -0.7110974788665771 -1.7681159144133074
[48 INFO root] 0.34222933650016785 -0.7126792073249817 -1.79088782706955
[48 INFO root] 0.3418925702571869 -0.7142012715339661 -1.8107256141991195
[48 INFO root] 0.3415387272834778 -0.7156606316566467 -1.8278322452664335
[48 INFO root] 0.34117451310157776 -0.7170562744140625 -1.8424126932581257
[48 INFO root] 0.34080561995506287 -0.7183886766433716 -1.8546680846956034
[48 INFO root] 0.3404366075992584 -0.7196595072746277 -1.864792005613367
[48 INFO root] 0.34007108211517334 -0.7208713889122009 -1.8729685048790008
[48 INFO root] 0.3397116959095001 -0.7220278382301331 -1.8793713451011056
[48 INFO root] 0.3393603265285492 -0.7231326699256897 -1.8841640982713925
[48 INFO root] 0.33901819586753845 -0.7241902947425842 -1.8875043354782404
[48 INFO root] 0.3386858403682709 -0.7252055406570435 -1.8895448454327624
[48 INFO root] 0.33837011456489563 -0.7261629700660706 -1.8912365118480865
[48 INFO root] 0.33807462453842163 -0.7270538806915283 -1.89370518881908
[48 INFO root] 0.33779099583625793 -0.7279022336006165 -1.8976625484134624
[48 INFO root] 0.3375166654586792 -0.7287124395370483 -1.90312029188302
[48 INFO root] 0.3372500538825989 -0.7294864058494568 -1.910029125832908
[48 INFO root] 0.3369896113872528 -0.7302261590957642 -1.9183477142122205
[48 INFO root] 0.33673399686813354 -0.7309337258338928 -1.928041552855939
[48 INFO root] 0.33648186922073364 -0.7316111922264099 -1.9390823437570839
[48 INFO root] 0.33623206615448 -0.7322607636451721 -1.9514473839871174
[48 INFO root] 0.33598336577415466 -0.7328845262527466 -1.9651193110537795
[48 INFO root] 0.33573463559150696 -0.73348468542099 -1.9800852860226832
[48 INFO root] 0.33548471331596375 -0.7340632677078247 -1.9963367616445173
[48 INFO root] 0.3352324068546295 -0.7346224188804626 -2.0138686763091993
[48 INFO root] 0.33497652411460876 -0.7351641654968262 -2.032679197926116
[48 INFO root] 0.3347157835960388 -0.7356904745101929 -2.052769115932223
[48 INFO root] 0.33444884419441223 -0.7362032532691956 -2.0741412268994157
[48 INFO root] 0.334174245595932 -0.7367044687271118 -2.09679975034358
[48 INFO root] 0.333890438079834 -0.7371959090232849 -2.120749939240221
[48 INFO root] 0.33359575271606445 -0.7376792430877686 -2.1459972148829323
[48 INFO root] 0.3332882821559906 -0.7381560802459717 -2.1725463017515274
[48 INFO root] 0.33296605944633484 -0.7386280298233032 -2.200400334639402
[48 INFO root] 0.3326268196105957 -0.7390963435173035 -2.2295602505024728
[48 INFO root] 0.33226823806762695 -0.7395623326301575 -2.2600230860654444
[48 INFO root] 0.3318876326084137 -0.7400270104408264 -2.29178131568713
[48 INFO root] 0.33148226141929626 -0.7404912114143372 -2.324821118555652
[48 INFO root] 0.3310490846633911 -0.7409554123878479 -2.3591210753967515
[48 INFO root] 0.33058491349220276 -0.7414199709892273 -2.394650202690403
[48 INFO root] 0.330086350440979 -0.7418847680091858 -2.431366670478363
[48 INFO root] 0.32954999804496765 -0.7423493266105652 -2.469215688895218
[48 INFO root] 0.32897230982780457 -0.7428126931190491 -2.50812791570695
[48 INFO root] 0.3283497989177704 -0.7432734370231628 -2.5480176032173407
[48 INFO root] 0.3276790976524353 -0.7437297701835632 -2.5887811651490327
[48 INFO root] 0.3269570767879486 -0.7441791296005249 -2.630296480588232
[48 INFO root] 0.3261810541152954 -0.7446185946464539 -2.6724216648574255
[48 INFO root] 0.325348824262619 -0.7450447082519531 -2.7149955566795985
[48 INFO root] 0.32445889711380005 -0.7454535365104675 -2.7578384271289997
[48 INFO root] 0.3235105872154236 -0.7458410263061523 -2.8007536009235987
[48 INFO root] 0.32250210642814636 -0.7462033629417419 -2.843516899792474
[48 INFO root] 0.321422278881073 -0.7465399503707886 -2.8857963794381027
[48 INFO root] 0.3202737271785736 -0.7468453049659729 -2.9273146614131345
[48 INFO root] 0.3190619945526123 -0.7471140623092651 -2.967809300578503
[48 INFO root] 0.31779372692108154 -0.7473418116569519 -3.0070302542660623
[48 INFO root] 0.3164764940738678 -0.7475252747535706 -3.044745671368943
[48 INFO root] 0.3151184618473053 -0.7476622462272644 -3.0807473349622625
[48 INFO root] 0.3137282729148865 -0.7477518916130066 -3.1148545752468872
[48 INFO root] 0.3123146593570709 -0.7477944493293762 3.1362676154075673
[48 INFO root] 0.3108862638473511 -0.7477914094924927 3.106366061921117
[48 INFO root] 0.3094514310359955 -0.7477450966835022 3.078710682859928
[48 INFO root] 0.3080177903175354 -0.7476588487625122 3.053355850701355
[48 INFO root] 0.30659088492393494 -0.7475362420082092 3.03036531965266
[48 INFO root] 0.3051861524581909 -0.747382640838623 3.0128264747443088
[48 INFO root] 0.30380988121032715 -0.7472069263458252 3.0009457989798407
[48 INFO root] 0.30246448516845703 -0.7470181584358215 2.9944570796866903
[48 INFO root] 0.3011500835418701 -0.7468242049217224 2.993054558540712
[48 INFO root] 0.2998650372028351 -0.7466320991516113 2.9964120106091294
[48 INFO root] 0.29860639572143555 -0.7464476227760315 3.004189906118754
[48 INFO root] 0.2973704934120178 -0.746275782585144 3.0160416484178616
[48 INFO root] 0.2961563766002655 -0.7461210489273071 3.0313724400015354
[48 INFO root] 0.2949657440185547 -0.7459873557090759 3.0494077051296355
[48 INFO root] 0.29380032420158386 -0.7458775043487549 3.0694546110326777
[48 INFO root] 0.29266148805618286 -0.745792806148529 3.090942280962875
[48 INFO root] 0.2915504574775696 -0.7457340359687805 3.113405297726056
[48 INFO root] 0.2904682755470276 -0.7457010746002197 3.136464286019717
[48 INFO root] 0.2894056439399719 -0.7456930875778198 -3.123166771676025
[48 INFO root] 0.28833726048469543 -0.7457103133201599 -3.09926990657655
[48 INFO root] 0.2872544527053833 -0.7457535862922668 -3.075977846141391
[48 INFO root] 0.286158949136734 -0.7458230257034302 -3.0535408191965536
[48 INFO root] 0.2850536108016968 -0.7459181547164917 -3.032099000519359
[48 INFO root] 0.2839414179325104 -0.746038019657135 -3.0117689170483515
[48 INFO root] 0.28282541036605835 -0.7461814284324646 -2.992645694767521
[48 INFO root] 0.2817084789276123 -0.7463468909263611 -2.9748051207845285
[48 INFO root] 0.28059351444244385 -0.7465325593948364 -2.9583055176117035
[48 INFO root] 0.2794831097126007 -0.746736466884613 -2.943195602731901
[48 INFO root] 0.2783798277378082 -0.7469565272331238 -2.9295165084266337
[48 INFO root] 0.2772859036922455 -0.7471904754638672 -2.9172965251927514
[48 INFO root] 0.27620330452919006 -0.7474360466003418 -2.906549275094738
[48 INFO root] 0.27513357996940613 -0.7476910352706909 -2.8972722050668422
[48 INFO root] 0.27407798171043396 -0.7479531168937683 -2.8894469385421675
[48 INFO root] 0.27303728461265564 -0.7482203841209412 -2.88303976072363
[48 INFO root] 0.2720118761062622 -0.7484908103942871 -2.8780013645415337
[48 INFO root] 0.27100175619125366 -0.7487629055976868 -2.874266073320116
[48 INFO root] 0.2700065076351166 -0.7490350604057312 -2.871750641828937
[48 INFO root] 0.2690252363681793 -0.7493062019348145 -2.8703526693982844
[48 INFO root] 0.26805663108825684 -0.7495754361152649 -2.8699487021682337
[48 INFO root] 0.26709291338920593 -0.7498437762260437 -2.869918119918775
[48 INFO root] 0.26612958312034607 -0.7501121163368225 -2.869918119918775
[48 INFO root] 0.2651662528514862 -0.7503805160522461 -2.869918119918775
[48 INFO root] 0.26420295238494873 -0.7506488561630249 -2.869918119918775
[48 INFO root] 0.26323962211608887 -0.7509171962738037 -2.869918119918775
[48 INFO root] 0.262276291847229 -0.7511855363845825 -2.869918119918775
[48 INFO root] 0.26131296157836914 -0.7514538764953613 -2.869918119918775
[48 INFO root] 0.26034966111183167 -0.7517222166061401 -2.869918119918775
[48 INFO root] 0.2593836486339569 -0.7519912719726562 -2.8697333121613577
[48 INFO root] 0.2583969533443451 -0.7522663474082947 -2.8681324975962634
[48 INFO root] 0.25738391280174255 -0.7525503039360046 -2.8647509334205234
[48 INFO root] 0.25634104013442993 -0.7528462409973145 -2.8593887823786015
[48 INFO root] 0.2552655339241028 -0.7531574964523315 -2.8519117916943415
[48 INFO root] 0.2541555166244507 -0.7534874677658081 -2.842262911677938
[48 INFO root] 0.253010094165802 -0.7538397908210754 -2.830470238522547
[48 INFO root] 0.25182971358299255 -0.7542178630828857 -2.816648373093775
[48 INFO root] 0.25061607360839844 -0.7546249032020569 -2.800992120522929
[48 INFO root] 0.24937212467193604 -0.7550636529922485 -2.783763872250215
[48 INFO root] 0.2481021285057068 -0.7555360794067383 -2.7652761701790527
[48 INFO root] 0.2468114048242569 -0.7560434341430664 -2.7458769380356904
[48 INFO root] 0.2455061972141266 -0.7565857172012329 -2.7259293405668146
[48 INFO root] 0.24419331550598145 -0.7571621537208557 -2.705791447381703
[48 INFO root] 0.24287977814674377 -0.7577705979347229 -2.685799358270429
[48 INFO root] 0.2415725290775299 -0.75840824842453 -2.6662548919972835
[48 INFO root] 0.24027810990810394 -0.7590712904930115 -2.6474179225357335
[48 INFO root] 0.2390025109052658 -0.7597553730010986 -2.62950289841889
[48 INFO root] 0.23775088787078857 -0.7604559659957886 -2.6126787651319403
[48 INFO root] 0.23652754724025726 -0.7611681818962097 -2.5970713925276776
[48 INFO root] 0.23533590137958527 -0.76188725233078 -2.582767631927197
[48 INFO root] 0.23417842388153076 -0.7626087069511414 -2.5698202481496217
[48 INFO root] 0.23305673897266388 -0.7633283734321594 -2.5582531340049406
[48 INFO root] 0.23197171092033386 -0.7640426158905029 -2.548066953413034
[48 INFO root] 0.23092299699783325 -0.7647485136985779 -2.5392209761703177
[48 INFO root] 0.22990918159484863 -0.765444278717041 -2.5316384139217365
[48 INFO root] 0.22892849147319794 -0.7661285400390625 -2.5252400236626453
[48 INFO root] 0.22797903418540955 -0.7668002247810364 -2.5199511884099883
[48 INFO root] 0.2270587831735611 -0.7674587368965149 -2.5157017812249065
[48 INFO root] 0.22617259621620178 -0.7680987119674683 -2.5133865958168093
[48 INFO root] 0.22531887888908386 -0.7687184810638428 -2.5130886671499884
[48 INFO root] 0.2244943529367447 -0.7693177461624146 -2.514711867045994
[48 INFO root] 0.22369559109210968 -0.7698965072631836 -2.518154498965481
[48 INFO root] 0.22291913628578186 -0.7704553008079529 -2.5233182573782797
[48 INFO root] 0.2221498191356659 -0.7710031270980835 -2.5296194786450843
[48 INFO root] 0.22138361632823944 -0.7715415954589844 -2.536917753939963
[48 INFO root] 0.220619335770607 -0.772070586681366 -2.5451899673590908
[48 INFO root] 0.21985600888729095 -0.7725896835327148 -2.554419048841614
[48 INFO root] 0.21909256279468536 -0.7730987668037415 -2.564586220191881
[48 INFO root] 0.21832793951034546 -0.7735975980758667 -2.5756714790372666
[48 INFO root] 0.21756106615066528 -0.7740859389305115 -2.5876531899423614
[48 INFO root] 0.2167908102273941 -0.7745636105537415 -2.6005078558197265
[48 INFO root] 0.21601608395576477 -0.7750305533409119 -2.614210052238077
[48 INFO root] 0.21523573994636536 -0.7754864692687988 -2.6287326295684923
[48 INFO root] 0.21444867551326752 -0.775931179523468 -2.644045883619331
[48 INFO root] 0.2136537730693817 -0.7763644456863403 -2.660117683634524
[48 INFO root] 0.2128499448299408 -0.7767860889434814 -2.676913194864697
[48 INFO root] 0.2120361030101776 -0.7771957516670227 -2.6943949275253707
[48 INFO root] 0.21121124923229218 -0.7775931358337402 -2.712522159041157
[48 INFO root] 0.2103744000196457 -0.7779778242111206 -2.731251041127981
[48 INFO root] 0.20952464640140533 -0.7783493995666504 -2.7505342589441635
[48 INFO root] 0.20866113901138306 -0.7787073254585266 -2.7703210427197753
[48 INFO root] 0.20778314769268036 -0.7790511250495911 -2.7905569086880067
[48 INFO root] 0.2068900316953659 -0.7793802618980408 -2.811183953890207
[48 INFO root] 0.2059812992811203 -0.7796940207481384 -2.832140892008597
[48 INFO root] 0.2050565630197525 -0.7799918055534363 -2.8533627914731308
[48 INFO root] 0.2041155993938446 -0.780272901058197 -2.874781637728393
[48 INFO root] 0.20315836369991302 -0.7805367112159729 -2.896326385495134
[48 INFO root] 0.20218494534492493 -0.7807825803756714 -2.9179236664864217
[48 INFO root] 0.20119565725326538 -0.7810098528862 -2.939498051266406
[48 INFO root] 0.2001909762620926 -0.7812179327011108 -2.9609725033898946
[48 INFO root] 0.1991715431213379 -0.7814063429832458 -2.9822689918861136
[48 INFO root] 0.19813820719718933 -0.7815746068954468 -3.0033092830124146
[48 INFO root] 0.1970919668674469 -0.7817224860191345 -3.0240154225644704
[48 INFO root] 0.19603396952152252 -0.7818496227264404 -3.044310792887518
[48 INFO root] 0.19496554136276245 -0.7819560766220093 -3.064120174339061
[48 INFO root] 0.19388806819915771 -0.7820418477058411 -3.0833711966542494
[48 INFO root] 0.19280266761779785 -0.7821072340011597 -3.1019393350248
[48 INFO root] 0.1916923075914383 -0.782153308391571 -3.117195762881799
[48 INFO root] 0.19055870175361633 -0.7821826338768005 -3.128731661274832
[48 INFO root] 0.18940520286560059 -0.7821987867355347 -3.1364934772631208
[48 INFO root] 0.18823419511318207 -0.7822056412696838 -3.140495273749227
[48 INFO root] 0.18704693019390106 -0.7822074294090271 -3.1408157570514486
[48 INFO root] 0.18584367632865906 -0.7822083830833435 -3.137595991158633
[48 INFO root] 0.18462806940078735 -0.7822128534317017 -3.1310635093896653
[48 INFO root] 0.1834690123796463 -0.7822242975234985 -3.1207495472227733
[48 INFO root] 0.1823684573173523 -0.7822460532188416 -3.1069871926312795
[48 INFO root] 0.18131954967975616 -0.7822808623313904 -3.090207564471768
[48 INFO root] 0.1803157478570938 -0.7823306918144226 -3.0708293080483737
[48 INFO root] 0.1793510913848877 -0.7823971509933472 -3.0492515976183916
[48 INFO root] 0.1784203052520752 -0.7824812531471252 -3.025851364732025
[48 INFO root] 0.177518829703331 -0.7825838923454285 -3.000981774919189
[48 INFO root] 0.17664283514022827 -0.7827056050300598 -2.9749730543345936
[48 INFO root] 0.17578913271427155 -0.7828468084335327 -2.948133289776121
[48 INFO root] 0.1749550998210907 -0.7830078601837158 -2.9207498639045695
[48 INFO root] 0.17413854598999023 -0.7831888198852539 -2.8930908701824634
[48 INFO root] 0.1733376383781433 -0.783389687538147 -2.865405335007914
[48 INFO root] 0.17255066335201263 -0.7836103439331055 -2.8379234244721903
[48 INFO root] 0.17177598178386688 -0.7838507294654846 -2.8108557682374484
[48 INFO root] 0.1710118055343628 -0.7841107845306396 -2.784392641899325
[48 INFO root] 0.1702561378479004 -0.7843905687332153 -2.7587024552027475
[48 INFO root] 0.16950660943984985 -0.7846902012825012 -2.7339303909280726
[48 INFO root] 0.1687604933977127 -0.7850102186203003 -2.7101971630504487
[48 INFO root] 0.16801464557647705 -0.7853514552116394 -2.6875997356358674
[48 INFO root] 0.1672656089067459 -0.785714864730835 -2.6662133598936424
[48 INFO root] 0.16650982201099396 -0.7861019372940063 -2.646095188104896
[48 INFO root] 0.16574376821517944 -0.7865139842033386 -2.6272913103878786
[48 INFO root] 0.16496439278125763 -0.7869524955749512 -2.6098437859496464
[48 INFO root] 0.1641693115234375 -0.7874184250831604 -2.5937995165961207
[48 INFO root] 0.1633571982383728 -0.787912130355835 -2.5792168707951837
[48 INFO root] 0.1625278890132904 -0.7884331345558167 -2.566170102773332
[48 INFO root] 0.16168245673179626 -0.7889800071716309 -2.5547498571755263
[48 INFO root] 0.1608230024576187 -0.7895501255989075 -2.5450607638092726
[48 INFO root] 0.15995252132415771 -0.7901400327682495 -2.537215782171699
[48 INFO root] 0.15907448530197144 -0.7907453775405884 -2.53132970151629
[48 INFO root] 0.1581924557685852 -0.7913614511489868 -2.5275118345176413
[48 INFO root] 0.15730983018875122 -0.7919831871986389 -2.525860318330069
[48 INFO root] 0.15642955899238586 -0.7926057577133179 -2.5264573792001275
[48 INFO root] 0.1555538922548294 -0.793224573135376 -2.529367133889833
[48 INFO root] 0.15468434989452362 -0.7938355803489685 -2.5346344069360263
[48 INFO root] 0.153821662068367 -0.7944353222846985 -2.542285039701951
[48 INFO root] 0.15296581387519836 -0.7950209379196167 -2.5523268493537468
[48 INFO root] 0.15211601555347443 -0.7955902814865112 -2.5647508059049993
[48 INFO root] 0.15127088129520416 -0.7961416840553284 -2.5795325195988124
[48 INFO root] 0.1504284292459488 -0.7966740131378174 -2.5966332779443895
[48 INFO root] 0.14958620071411133 -0.797186553478241 -2.616000970115037
[48 INFO root] 0.14874136447906494 -0.7976788282394409 -2.6375705598840398
[48 INFO root] 0.14789074659347534 -0.798150360584259 -2.6612639317067988
[48 INFO root] 0.1470309942960739 -0.7986009120941162 -2.6869889323719587
[48 INFO root] 0.1461586207151413 -0.799030065536499 -2.7146390595324696
[48 INFO root] 0.14527006447315216 -0.7994372248649597 -2.744092161328597
[48 INFO root] 0.14436189830303192 -0.799821674823761 -2.775209187620133
[48 INFO root] 0.14343082904815674 -0.8001822233200073 -2.8078334801464564
[48 INFO root] 0.14247389137744904 -0.8005174398422241 -2.8417894268147292
[48 INFO root] 0.14149008691310883 -0.8008251786231995 -2.8765369301091854
[48 INFO root] 0.1404956430196762 -0.8010988235473633 -2.9086953479008684
[48 INFO root] 0.13949798047542572 -0.8013389110565186 -2.937853698872972
[48 INFO root] 0.13850264251232147 -0.8015475869178772 -2.963965877780342
[48 INFO root] 0.13751424849033356 -0.8017277121543884 -2.986985596735735
[48 INFO root] 0.13653697073459625 -0.8018823862075806 -3.006870859420878
[48 INFO root] 0.13557544350624084 -0.8020147085189819 -3.0235869953910863
[48 INFO root] 0.13463194668293 -0.8021281957626343 -3.0371336429037377
[48 INFO root] 0.13370749354362488 -0.8022263646125793 -3.0475281807648265
[48 INFO root] 0.13280202448368073 -0.8023127913475037 -3.054820701842059
[48 INFO root] 0.13191457092761993 -0.8023906350135803 -3.059101909699938
[48 INFO root] 0.1310432106256485 -0.8024630546569824 -3.060504442533428
[48 INFO root] 0.13018514215946198 -0.8025329113006592 -3.059201368571315
[48 INFO root] 0.12933681905269623 -0.8026028275489807 -3.0554032637026842
[48 INFO root] 0.12849408388137817 -0.8026753664016724 -3.04935522428755
[48 INFO root] 0.12765242159366608 -0.802752673625946 -3.0413325256077566
[48 INFO root] 0.12680719792842865 -0.8028370141983032 -3.0316347174804554
[48 INFO root] 0.12595385313034058 -0.8029304146766663 -3.020580689009845
[48 INFO root] 0.125088170170784 -0.8030347228050232 -3.0085021938557097
[48 INFO root] 0.12420643866062164 -0.8031517267227173 -2.9957368171126286
[48 INFO root] 0.12330561131238937 -0.8032829165458679 -2.9826209083721564
[48 INFO root] 0.12238340824842453 -0.8034295439720154 -2.9694818217241035
[48 INFO root] 0.12143832445144653 -0.8035925626754761 -2.956630638620442
[48 INFO root] 0.12046966701745987 -0.8037725687026978 -2.9443555355382673
[48 INFO root] 0.11947744339704514 -0.8039696216583252 -2.932916173728301
[48 INFO root] 0.11847369372844696 -0.8041809797286987 -2.9224574530921834
[48 INFO root] 0.11747082322835922 -0.8044031858444214 -2.913065560117905
[48 INFO root] 0.1164708361029625 -0.8046348094940186 -2.904942793470697
[48 INFO root] 0.11547497659921646 -0.8048741221427917 -2.8983747993936837
[48 INFO root] 0.11448407173156738 -0.8051192760467529 -2.893608979385634
[48 INFO root] 0.11349806189537048 -0.8053684830665588 -2.8908214142029305
[48 INFO root] 0.11251619458198547 -0.8056196570396423 -2.8901263650790727
[48 INFO root] 0.11153709888458252 -0.8058711290359497 -2.891582891935689
[48 INFO root] 0.11055883020162582 -0.8061211109161377 -2.8952021915888206
[48 INFO root] 0.1095789223909378 -0.8063679337501526 -2.900953467546527
[48 INFO root] 0.10859440267086029 -0.806610107421875 -2.908769954105416
[48 INFO root] 0.10760188102722168 -0.8068462610244751 -2.9185545757179283
[48 INFO root] 0.1065976694226265 -0.8070750832557678 -2.93018473505651
[48 INFO root] 0.10557784140110016 -0.8072951436042786 -2.943516182001788
[48 INFO root] 0.10453842580318451 -0.807505190372467 -2.9583856292430624
[48 INFO root] 0.10347552597522736 -0.8077037334442139 -2.974613606919831
[48 INFO root] 0.10238554328680038 -0.8078892230987549 -2.992005687995087
[48 INFO root] 0.1012653112411499 -0.8080600500106812 -3.0103537822318436
[48 INFO root] 0.10011235624551773 -0.8082143068313599 -3.0294372817591095
[48 INFO root] 0.09892503917217255 -0.8083502650260925 -3.049022684771923
[48 INFO root] 0.09770277142524719 -0.8084661364555359 -3.068864785422812
[48 INFO root] 0.09644616395235062 -0.8085601329803467 -3.088708951954542
[48 INFO root] 0.09515716880559921 -0.8086308836936951 -3.1082945110802096
[48 INFO root] 0.09383910894393921 -0.8086773157119751 -3.1273601328582337
[48 INFO root] 0.09249665588140488 -0.8086989521980286 3.13753570420675
[48 INFO root] 0.09113560616970062 -0.8086958527565002 3.1202664932252593
[48 INFO root] 0.08976226300001144 -0.8086689114570618 3.104266924904096
[48 INFO root] 0.08838331699371338 -0.8086196184158325 3.0897718512366983
[48 INFO root] 0.08700581640005112 -0.8085501790046692 3.0769763023687156
[48 INFO root] 0.0856366828083992 -0.8084633350372314 3.0660286035303828
[48 INFO root] 0.084282286465168 -0.8083623051643372 3.0570300180852326
[48 INFO root] 0.08294804394245148 -0.8082504868507385 3.0500364789527947
[48 INFO root] 0.08163819462060928 -0.8081311583518982 3.045062193140732
[48 INFO root] 0.0803556963801384 -0.8080075979232788 3.0420844927600084
[48 INFO root] 0.07910215109586716 -0.8078828454017639 3.0410481095218302
[48 INFO root] 0.077877938747406 -0.8077594637870789 3.041869354762835
[48 INFO root] 0.07668228447437286 -0.8076397180557251 3.044440029931977
[48 INFO root] 0.07551342248916626 -0.8075255155563354 3.048629803931292
[48 INFO root] 0.07436878979206085 -0.8074182868003845 3.0542876694511407
[48 INFO root] 0.07324519008398056 -0.8073192834854126 3.0612429220919446
[48 INFO root] 0.07214304059743881 -0.80722975730896 3.069297474268215
[48 INFO root] 0.07106985151767731 -0.8071511387825012 3.078225990406987
[48 INFO root] 0.07003157585859299 -0.807084321975708 3.0877934685148642
[48 INFO root] 0.06903105974197388 -0.8070294260978699 3.097757437674089
[48 INFO root] 0.06806876510381699 -0.8069862127304077 3.1078678963369257
[48 INFO root] 0.06714346259832382 -0.806954026222229 3.1178670491898246
[48 INFO root] 0.06625281274318695 -0.8069319725036621 3.1274903166391685
[48 INFO root] 0.06539377570152283 -0.8069190382957458 3.136468099457741
[48 INFO root] 0.06456293910741806 -0.8069139719009399 -3.1386569282649446
[48 INFO root] 0.06375672668218613 -0.8069157004356384 -3.13178454639217
[48 INFO root] 0.06297159194946289 -0.8069228529930115 -3.12636504133669
[48 INFO root] 0.06220409274101257 -0.806934118270874 -3.1226522878242657
[48 INFO root] 0.0614512637257576 -0.8069480657577515 -3.1208831629476452
