[3 INFO root] Initialising Python Geth Console...
[3 INFO root] Initialising RandB board...
[3 INFO root] Initialising resource sensor...
[3 INFO root] Initialising random-walk...
[3 INFO root] Initialising navigation...
[3 INFO root] Initialising Odo...
[3 INFO root] Initialising odometry...
[3 INFO root] Initialising gps...
[3 INFO root] Initialising Ground sensor...
[3 INFO root] --//-- Starting Experiment --//--
[3 INFO root] x y direction
[3 INFO root] 0.23501600325107574 -0.2049349993467331 0.5950054312851428
[3 INFO root] 0.233488067984581 -0.20596913993358612 0.443873450370029
[3 INFO root] 0.23093578219413757 -0.2072688788175583 0.26270462664902855
[3 INFO root] 0.22895577549934387 -0.20788630843162537 0.06960806851756099
[3 INFO root] 0.22778134047985077 -0.20803120732307434 -0.1357807989371536
[3 INFO root] 0.2276211977005005 -0.20804831385612488 -0.3515916486866565
[3 INFO root] 0.2285996526479721 -0.20840559899806976 -0.5705021358935844
[3 INFO root] 0.23060178756713867 -0.20961588621139526 -0.7780974784584499
[3 INFO root] 0.2332061231136322 -0.21202045679092407 -0.9562717530851006
[3 INFO root] 0.2357870191335678 -0.2154785543680191 -1.092834651846873
[3 INFO root] 0.23791007697582245 -0.21940432488918304 -1.188401264690117
[3 INFO root] 0.23951396346092224 -0.22325238585472107 -1.252304575157101
[3 INFO root] 0.2407018095254898 -0.22674985229969025 -1.294669738297424
[3 INFO root] 0.24158695340156555 -0.22980469465255737 -1.322955788231296
[3 INFO root] 0.24225817620754242 -0.23241651058197021 -1.341972285373581
[3 INFO root] 0.24277743697166443 -0.23462362587451935 -1.3547170446426633
[3 INFO root] 0.24318824708461761 -0.23648196458816528 -1.3630729813937807
[3 INFO root] 0.24351853132247925 -0.2380414605140686 -1.3682438300684188
[3 INFO root] 0.24378754198551178 -0.23934735357761383 -1.3710237048686134
[3 INFO root] 0.24400903284549713 -0.24043941497802734 -1.3719521356648146
[3 INFO root] 0.24420849978923798 -0.24142879247665405 -1.372026979816171
[3 INFO root] 0.24440596997737885 -0.2424091100692749 -1.372026979816171
[3 INFO root] 0.24460342526435852 -0.24338941276073456 -1.372026979816171
[3 INFO root] 0.2448008954524994 -0.2443697303533554 -1.372026979816171
[3 INFO root] 0.24499836564064026 -0.24535003304481506 -1.372026979816171
[3 INFO root] 0.24519582092761993 -0.2463303506374359 -1.372026979816171
[3 INFO root] 0.2453932911157608 -0.24731065332889557 -1.372026979816171
[3 INFO root] 0.24559074640274048 -0.24829097092151642 -1.372026979816171
[3 INFO root] 0.24578821659088135 -0.24927127361297607 -1.372026979816171
[3 INFO root] 0.24598567187786102 -0.2502515912055969 -1.372026979816171
[3 INFO root] 0.2461831420660019 -0.2512319087982178 -1.372026979816171
[3 INFO root] 0.24638059735298157 -0.25221219658851624 -1.372026979816171
[3 INFO root] 0.24657806754112244 -0.2531925141811371 -1.372026979816171
[3 INFO root] 0.2467755228281021 -0.25417283177375793 -1.372026979816171
[3 INFO root] 0.24697299301624298 -0.2551531493663788 -1.372026979816171
[3 INFO root] 0.24717044830322266 -0.25613343715667725 -1.372026979816171
[3 INFO root] 0.24736791849136353 -0.2571137547492981 -1.372026979816171
[3 INFO root] 0.2475653737783432 -0.25809407234191895 -1.372026979816171
[3 INFO root] 0.24776284396648407 -0.2590743899345398 -1.372026979816171
[3 INFO root] 0.24796029925346375 -0.26005467772483826 -1.372026979816171
[3 INFO root] 0.24815776944160461 -0.2610349953174591 -1.372026979816171
[3 INFO root] 0.2483552247285843 -0.26201531291007996 -1.372026979816171
[3 INFO root] 0.24855269491672516 -0.2629956305027008 -1.372026979816171
[3 INFO root] 0.24875015020370483 -0.26397591829299927 -1.372026979816171
[3 INFO root] 0.2489476203918457 -0.2649562358856201 -1.372026979816171
[3 INFO root] 0.24914507567882538 -0.26593655347824097 -1.372026979816171
[3 INFO root] 0.24934254586696625 -0.2669168710708618 -1.372026979816171
[3 INFO root] 0.24954001605510712 -0.2678971588611603 -1.372026979816171
[3 INFO root] 0.2497374713420868 -0.26887747645378113 -1.372026979816171
[3 INFO root] 0.24993494153022766 -0.269857794046402 -1.372026979816171
[3 INFO root] 0.25013241171836853 -0.2708381116390228 -1.372026979816171
[3 INFO root] 0.250329852104187 -0.2718183994293213 -1.372026979816171
[3 INFO root] 0.2505273222923279 -0.27279871702194214 -1.372026979816171
[3 INFO root] 0.25072479248046875 -0.273779034614563 -1.372026979816171
[3 INFO root] 0.2509222626686096 -0.27475935220718384 -1.372026979816171
[3 INFO root] 0.2510888874530792 -0.2755866050720215 -1.3773568020424203
[3 INFO root] 0.251222163438797 -0.2762647271156311 -1.3882281366923348
[3 INFO root] 0.2513251006603241 -0.2768181562423706 -1.4042366862880464
[3 INFO root] 0.2514018416404724 -0.2772693634033203 -1.4250920783544208
[3 INFO root] 0.25145700573921204 -0.27763882279396057 -1.4506048062353099
[3 INFO root] 0.25149497389793396 -0.2779454290866852 -1.4806636832716922
[3 INFO root] 0.2515195310115814 -0.2782071828842163 -1.5152171938873227
[3 INFO root] 0.25153347849845886 -0.27844148874282837 -1.5542573509095465
[3 INFO root] 0.25153809785842896 -0.2786657214164734 -1.5978045851306042
[3 INFO root] 0.25153279304504395 -0.27889737486839294 -1.6458922517233536
[3 INFO root] 0.25151458382606506 -0.27915436029434204 -1.698549344195915
[3 INFO root] 0.25147736072540283 -0.27945491671562195 -1.755779995861911
[3 INFO root] 0.2514112889766693 -0.2798175513744354 -1.8175384094538245
[3 INFO root] 0.25130218267440796 -0.28026020526885986 -1.88369814118493
[3 INFO root] 0.25113093852996826 -0.28079953789711 -1.9540154138844754
[3 INFO root] 0.2508733570575714 -0.2814493179321289 -2.0280876605175644
[3 INFO root] 0.25050073862075806 -0.28221848607063293 -2.1053111143169505
[3 INFO root] 0.2499813437461853 -0.28310900926589966 -2.184845031887843
[3 INFO root] 0.24928326904773712 -0.28411370515823364 -2.26559444202804
[3 INFO root] 0.24837858974933624 -0.2852148413658142 -2.3462263229320204
[3 INFO root] 0.24724845588207245 -0.28638437390327454 -2.4252326796640236
[3 INFO root] 0.24588792026042938 -0.28758615255355835 -2.5010449022946055
[3 INFO root] 0.24430908262729645 -0.2887803614139557 -2.57218677534763
[3 INFO root] 0.24254110455513 -0.28992894291877747 -2.6374344586995493
[3 INFO root] 0.24062684178352356 -0.2910008728504181 -2.695940611601016
[3 INFO root] 0.23861674964427948 -0.29197537899017334 -2.74727825695378
[3 INFO root] 0.23656293749809265 -0.29284241795539856 -2.791417450586694
[3 INFO root] 0.2345138043165207 -0.29360127449035645 -2.8286550443495266
[3 INFO root] 0.23251031339168549 -0.29425808787345886 -2.859516141054087
[3 INFO root] 0.2305842787027359 -0.2948229908943176 -2.88465328573059
[3 INFO root] 0.22875835001468658 -0.2953079342842102 -2.9047622725148825
[3 INFO root] 0.22704686224460602 -0.29572492837905884 -2.920522395282705
[3 INFO root] 0.2254573553800583 -0.2960849702358246 -2.932560511256775
[3 INFO root] 0.22399210929870605 -0.29639777541160583 -2.9414339708605812
[3 INFO root] 0.2226494401693344 -0.2966715097427368 -2.947626447340244
[3 INFO root] 0.2214248925447464 -0.29691290855407715 -2.951551469440576
[3 INFO root] 0.22031214833259583 -0.29712745547294617 -2.9535598302911117
[3 INFO root] 0.2193036675453186 -0.29731959104537964 -2.953948365197252
[3 INFO root] 0.21831965446472168 -0.2975064814090729 -2.9539713119568543
[3 INFO root] 0.2173372060060501 -0.2976929843425751 -2.9539713119568543
[3 INFO root] 0.21635475754737854 -0.29787951707839966 -2.9539713119568543
[3 INFO root] 0.21537230908870697 -0.29806604981422424 -2.9539713119568543
[3 INFO root] 0.2143898606300354 -0.29825255274772644 -2.9539713119568543
[3 INFO root] 0.21340739727020264 -0.298439085483551 -2.9539713119568543
[3 INFO root] 0.21242494881153107 -0.2986256182193756 -2.9539713119568543
[3 INFO root] 0.2114425003528595 -0.2988121211528778 -2.9539713119568543
[3 INFO root] 0.21046005189418793 -0.2989986538887024 -2.9539713119568543
[3 INFO root] 0.20947760343551636 -0.299185186624527 -2.9539713119568543
[3 INFO root] 0.2084951549768448 -0.2993716895580292 -2.9539713119568543
[3 INFO root] 0.20751270651817322 -0.29955822229385376 -2.9539713119568543
[3 INFO root] 0.20653024315834045 -0.29974475502967834 -2.9539713119568543
[3 INFO root] 0.20554779469966888 -0.29993125796318054 -2.9539713119568543
[3 INFO root] 0.20456534624099731 -0.3001177906990051 -2.9539713119568543
[3 INFO root] 0.20358289778232574 -0.3003043234348297 -2.9539713119568543
[3 INFO root] 0.20260044932365417 -0.3004908263683319 -2.9539713119568543
[3 INFO root] 0.2016180008649826 -0.3006773591041565 -2.9539713119568543
[3 INFO root] 0.20063555240631104 -0.3008638918399811 -2.9539713119568543
[3 INFO root] 0.19965308904647827 -0.3010503947734833 -2.9539713119568543
[3 INFO root] 0.1986706405878067 -0.30123692750930786 -2.9539713119568543
[3 INFO root] 0.19768819212913513 -0.30142346024513245 -2.9539713119568543
[3 INFO root] 0.19670574367046356 -0.30160996317863464 -2.9539713119568543
[3 INFO root] 0.195723295211792 -0.30179649591445923 -2.9539713119568543
[3 INFO root] 0.19474084675312042 -0.3019830286502838 -2.9539713119568543
[3 INFO root] 0.19375838339328766 -0.302169531583786 -2.9539713119568543
[3 INFO root] 0.1927759349346161 -0.3023560643196106 -2.9539713119568543
[3 INFO root] 0.19179348647594452 -0.3025425970554352 -2.9539713119568543
[3 INFO root] 0.19081103801727295 -0.3027290999889374 -2.9539713119568543
[3 INFO root] 0.18982858955860138 -0.30291563272476196 -2.9539713119568543
[3 INFO root] 0.1888461410999298 -0.30310213565826416 -2.9539713119568543
[3 INFO root] 0.18786369264125824 -0.30328866839408875 -2.9539713119568543
[3 INFO root] 0.18688122928142548 -0.30347520112991333 -2.9539713119568543
[3 INFO root] 0.1858987808227539 -0.3036617040634155 -2.9539713119568543
[3 INFO root] 0.18491633236408234 -0.3038482367992401 -2.9539713119568543
[3 INFO root] 0.18393388390541077 -0.3040347695350647 -2.9539713119568543
[3 INFO root] 0.1829514354467392 -0.3042212724685669 -2.9539713119568543
[3 INFO root] 0.18196898698806763 -0.3044078052043915 -2.9539713119568543
[3 INFO root] 0.18098653852939606 -0.30459433794021606 -2.9539713119568543
[3 INFO root] 0.1800040751695633 -0.30478084087371826 -2.9539713119568543
[3 INFO root] 0.17902162671089172 -0.30496737360954285 -2.9539713119568543
[3 INFO root] 0.17803917825222015 -0.30515390634536743 -2.9539713119568543
[3 INFO root] 0.17705672979354858 -0.30534040927886963 -2.9539713119568543
[3 INFO root] 0.17607428133487701 -0.3055269420146942 -2.9539713119568543
[3 INFO root] 0.17509183287620544 -0.3057134747505188 -2.9539713119568543
[3 INFO root] 0.17410938441753387 -0.305899977684021 -2.9539713119568543
[3 INFO root] 0.1731269210577011 -0.3060865104198456 -2.9539713119568543
[3 INFO root] 0.17214447259902954 -0.30627304315567017 -2.9539713119568543
[3 INFO root] 0.17116202414035797 -0.30645954608917236 -2.9539713119568543
[3 INFO root] 0.1701795756816864 -0.30664607882499695 -2.9539713119568543
[3 INFO root] 0.16919712722301483 -0.30683261156082153 -2.9539713119568543
[3 INFO root] 0.16821467876434326 -0.30701911449432373 -2.9539713119568543
[3 INFO root] 0.1672322154045105 -0.3072056472301483 -2.9539713119568543
[3 INFO root] 0.16624976694583893 -0.3073921799659729 -2.9539713119568543
[3 INFO root] 0.16526731848716736 -0.3075786828994751 -2.9539713119568543
[3 INFO root] 0.1642848700284958 -0.3077652156352997 -2.9539713119568543
[3 INFO root] 0.16330242156982422 -0.30795174837112427 -2.9539713119568543
[3 INFO root] 0.16231997311115265 -0.30813825130462646 -2.9539713119568543
[3 INFO root] 0.16133752465248108 -0.30832478404045105 -2.9539713119568543
[3 INFO root] 0.16035506129264832 -0.30851131677627563 -2.9539713119568543
[3 INFO root] 0.15937261283397675 -0.30869781970977783 -2.9539713119568543
[3 INFO root] 0.15839016437530518 -0.3088843524456024 -2.9539713119568543
[3 INFO root] 0.1574077159166336 -0.3090708553791046 -2.9539713119568543
[3 INFO root] 0.15642526745796204 -0.3092573881149292 -2.9539713119568543
[3 INFO root] 0.15544281899929047 -0.3094439208507538 -2.9539713119568543
[3 INFO root] 0.1544603705406189 -0.309630423784256 -2.9539713119568543
[3 INFO root] 0.15347790718078613 -0.30981695652008057 -2.9539713119568543
[3 INFO root] 0.15249545872211456 -0.31000348925590515 -2.9539713119568543
[3 INFO root] 0.151513010263443 -0.31018999218940735 -2.9539713119568543
[3 INFO root] 0.15053056180477142 -0.31037652492523193 -2.9539713119568543
[3 INFO root] 0.14954811334609985 -0.3105630576610565 -2.9539713119568543
[3 INFO root] 0.14856566488742828 -0.3107495605945587 -2.9539713119568543
[3 INFO root] 0.1475832164287567 -0.3109360933303833 -2.9539713119568543
[3 INFO root] 0.14660075306892395 -0.3111226260662079 -2.9539713119568543
[3 INFO root] 0.14561830461025238 -0.3113091289997101 -2.9539713119568543
[3 INFO root] 0.1446358561515808 -0.31149566173553467 -2.9539713119568543
[3 INFO root] 0.14365340769290924 -0.31168219447135925 -2.9539713119568543
[3 INFO root] 0.14267095923423767 -0.31186869740486145 -2.9539713119568543
[3 INFO root] 0.1416885107755661 -0.31205523014068604 -2.9539713119568543
[3 INFO root] 0.14070604741573334 -0.3122417628765106 -2.9539713119568543
[3 INFO root] 0.13972359895706177 -0.3124282658100128 -2.9539713119568543
[3 INFO root] 0.1387411504983902 -0.3126147985458374 -2.9539713119568543
[3 INFO root] 0.13775870203971863 -0.312801331281662 -2.9539713119568543
[3 INFO root] 0.13677625358104706 -0.3129878342151642 -2.9539713119568543
[3 INFO root] 0.1357938051223755 -0.31317436695098877 -2.9539713119568543
[3 INFO root] 0.13481135666370392 -0.31336089968681335 -2.9539713119568543
[3 INFO root] 0.13382889330387115 -0.31354740262031555 -2.9539713119568543
[3 INFO root] 0.13284644484519958 -0.31373393535614014 -2.9539713119568543
[3 INFO root] 0.13186399638652802 -0.3139204680919647 -2.9539713119568543
[3 INFO root] 0.13088154792785645 -0.3141069710254669 -2.9539713119568543
[3 INFO root] 0.12989909946918488 -0.3142935037612915 -2.9539713119568543
[3 INFO root] 0.1289166510105133 -0.3144800364971161 -2.9539713119568543
[3 INFO root] 0.12793420255184174 -0.3146665394306183 -2.9539713119568543
[3 INFO root] 0.12695173919200897 -0.31485307216644287 -2.9539713119568543
[3 INFO root] 0.1259692907333374 -0.31503960490226746 -2.9539713119568543
[3 INFO root] 0.12498684227466583 -0.31522610783576965 -2.9539713119568543
[3 INFO root] 0.12400439381599426 -0.31541264057159424 -2.9539713119568543
[3 INFO root] 0.12302194535732269 -0.31559914350509644 -2.9539713119568543
[3 INFO root] 0.12203948944807053 -0.315785676240921 -2.9539713119568543
[3 INFO root] 0.12105704098939896 -0.3159722089767456 -2.9539713119568543
[3 INFO root] 0.12007459253072739 -0.3161587119102478 -2.9539713119568543
[3 INFO root] 0.11909213662147522 -0.3163452446460724 -2.9539713119568543
[3 INFO root] 0.11810968816280365 -0.316531777381897 -2.9539713119568543
[3 INFO root] 0.11713694036006927 -0.3167164623737335 -2.95423352452574
[3 INFO root] 0.11622624844312668 -0.3168891370296478 -2.9561799273272533
[3 INFO root] 0.11538110673427582 -0.3170478343963623 -2.95993524499971
[3 INFO root] 0.11459901183843613 -0.31719180941581726 -2.9654786957151114
[3 INFO root] 0.11387784034013748 -0.3173205852508545 -2.972814205613313
[3 INFO root] 0.11321582645177841 -0.3174339532852173 -2.981971103457775
[3 INFO root] 0.11261150240898132 -0.31753185391426086 -2.993001987853255
[3 INFO root] 0.11206340789794922 -0.3176145851612091 -3.0059785673728943
[3 INFO root] 0.11156981438398361 -0.3176826536655426 -3.0209855338833043
[3 INFO root] 0.11112839728593826 -0.3177368938922882 -3.0381130245167776
[3 INFO root] 0.1107359528541565 -0.31777840852737427 -3.05744864728796
[3 INFO root] 0.11038815230131149 -0.31780847907066345 -3.0790702116117594
[3 INFO root] 0.11007954180240631 -0.31782856583595276 -3.103040139532841
[3 INFO root] 0.10980354249477386 -0.31783992052078247 -3.129402102606524
[3 INFO root] 0.10955269634723663 -0.3178437054157257 3.125005403446324
[3 INFO root] 0.10931886732578278 -0.3178405463695526 3.093807125249449
[3 INFO root] 0.10909359902143478 -0.31783050298690796 3.0602010403683972
[3 INFO root] 0.108868308365345 -0.31781288981437683 3.024214848507718
[3 INFO root] 0.1086345911026001 -0.3177861273288727 2.9858892035837097
[3 INFO root] 0.10838440805673599 -0.3177477717399597 2.945276310562939
[3 INFO root] 0.10811519622802734 -0.317695289850235 2.9033142320016796
[3 INFO root] 0.10783356428146362 -0.31762808561325073 2.8618256198853755
[3 INFO root] 0.10754026472568512 -0.317545086145401 2.821009642453399
[3 INFO root] 0.10723572969436646 -0.3174452781677246 2.7808924084323836
[3 INFO root] 0.10692078620195389 -0.3173278570175171 2.7415181821176238
[3 INFO root] 0.10659665614366531 -0.3171922266483307 2.7029455742808994
[3 INFO root] 0.10626495629549026 -0.3170381188392639 2.665243646169277
[3 INFO root] 0.10592763125896454 -0.31686562299728394 2.6284882677343386
[3 INFO root] 0.10558687895536423 -0.31667524576187134 2.5927586787112777
[3 INFO root] 0.10524509102106094 -0.31646788120269775 2.5581342314878435
[3 INFO root] 0.10490474104881287 -0.31624487042427063 2.5246913282316568
[3 INFO root] 0.10456831008195877 -0.31600794196128845 2.492500588189398
[3 INFO root] 0.10423818975687027 -0.3157590925693512 2.461624292504187
[3 INFO root] 0.10391657799482346 -0.3155006766319275 2.432114153439539
[3 INFO root] 0.10360544174909592 -0.3152351379394531 2.4040094443173627
[3 INFO root] 0.10330642014741898 -0.31496497988700867 2.3773355088534123
[3 INFO root] 0.10302078723907471 -0.3146926760673523 2.3521026478108853
[3 INFO root] 0.10274939984083176 -0.3144204616546631 2.3282980119614525
[3 INFO root] 0.10249244421720505 -0.3141500651836395 2.3058030870914346
[3 INFO root] 0.1022491380572319 -0.31388217210769653 2.2843596495139566
[3 INFO root] 0.10201817750930786 -0.3136165738105774 2.263723435261637
[3 INFO root] 0.10179789364337921 -0.31335240602493286 2.2436904951245245
[3 INFO root] 0.10158636420965195 -0.3130880892276764 2.2240881821473164
[3 INFO root] 0.10138148814439774 -0.31282150745391846 2.204766695803952
[3 INFO root] 0.1011810153722763 -0.3125499188899994 2.1855934911625305
[3 INFO root] 0.10098262131214142 -0.31227007508277893 2.166450123789594
[3 INFO root] 0.10078397393226624 -0.31197816133499146 2.147231193384033
[3 INFO root] 0.1005828008055687 -0.3116699457168579 2.1278451340648368
[3 INFO root] 0.10037698596715927 -0.311340868473053 2.1082166151402046
[3 INFO root] 0.10016504675149918 -0.31098672747612 2.0882943017674847
[3 INFO root] 0.09994680434465408 -0.310604989528656 2.0680789319928805
[3 INFO root] 0.0997227355837822 -0.31019407510757446 2.047623992601408
[3 INFO root] 0.09949382394552231 -0.30975303053855896 2.027029334909822
[3 INFO root] 0.09926143288612366 -0.3092818558216095 2.006432897443822
[3 INFO root] 0.09902723133563995 -0.308781236410141 1.9860041526563619
[3 INFO root] 0.09879307448863983 -0.30825290083885193 1.9659375755333566
[3 INFO root] 0.09856092929840088 -0.3076993227005005 1.9464448849560878
[3 INFO root] 0.0983327180147171 -0.3071238696575165 1.9277466275984392
[3 INFO root] 0.09811023622751236 -0.30653059482574463 1.9100636026246962
[3 INFO root] 0.09789500385522842 -0.30592411756515503 1.8936085033540675
[3 INFO root] 0.09768825024366379 -0.30530938506126404 1.8785781800802026
[3 INFO root] 0.0974908322095871 -0.3046915531158447 1.8651469518822081
[3 INFO root] 0.09730321168899536 -0.304075688123703 1.8534613649962746
[3 INFO root] 0.09712549299001694 -0.30346646904945374 1.843636698898264
[3 INFO root] 0.09695743024349213 -0.30286818742752075 1.8357553659472692
[3 INFO root] 0.09679849445819855 -0.30228427052497864 1.829867161927621
[3 INFO root] 0.09664791822433472 -0.30171751976013184 1.8259911404007925
[3 INFO root] 0.09650478512048721 -0.3011697828769684 1.8241187404592003
[3 INFO root] 0.09636805206537247 -0.3006420433521271 1.8242177201931924
[3 INFO root] 0.09623662382364273 -0.300134539604187 1.8262364432626994
[3 INFO root] 0.09610936045646667 -0.29964679479599 1.8301081270147794
[3 INFO root] 0.09598512202501297 -0.29917770624160767 1.8357547590268306
[3 INFO root] 0.09586277604103088 -0.29872578382492065 1.8430904704088376
[3 INFO root] 0.09574119746685028 -0.29828909039497375 1.852024266543808
[3 INFO root] 0.09561926126480103 -0.2978655695915222 1.862462104829093
[3 INFO root] 0.09549586474895477 -0.2974529266357422 1.8743083636532767
[3 INFO root] 0.09536987543106079 -0.297048956155777 1.887466775182258
[3 INFO root] 0.09524017572402954 -0.2966513931751251 1.901840903246294
[3 INFO root] 0.09510672837495804 -0.2962612509727478 1.917433362645432
[3 INFO root] 0.09497028589248657 -0.2958816587924957 1.9343256137022833
[3 INFO root] 0.09483158588409424 -0.29551514983177185 1.9526056216620582
[3 INFO root] 0.09469109773635864 -0.2951633334159851 1.9723517274365723
[3 INFO root] 0.0945490300655365 -0.294826865196228 1.993632457888513
[3 INFO root] 0.09440527856349945 -0.2945055067539215 2.016508112253824
[3 INFO root] 0.09425031393766403 -0.2941793203353882 2.0401900651053766
[3 INFO root] 0.09407807886600494 -0.2938378155231476 2.064218872757027
[3 INFO root] 0.09388822317123413 -0.29348284006118774 2.0886421372949937
[3 INFO root] 0.0936807170510292 -0.29311662912368774 2.1135393705094665
[3 INFO root] 0.09345515817403793 -0.2927406132221222 2.138966592519296
[3 INFO root] 0.09321080148220062 -0.2923557758331299 2.164955617811734
[3 INFO root] 0.09294656664133072 -0.29196253418922424 2.1915138033804498
[3 INFO root] 0.09266110509634018 -0.2915611267089844 2.218624326111236
[3 INFO root] 0.09235283732414246 -0.2911515533924103 2.246247330107564
[3 INFO root] 0.09202005714178085 -0.2907339036464691 2.2743223046402847
[3 INFO root] 0.09166102111339569 -0.2903083562850952 2.302772003689721
[3 INFO root] 0.09127408266067505 -0.289875328540802 2.331508086336605
[3 INFO root] 0.09085778892040253 -0.2894355356693268 2.3604388877869424
[3 INFO root] 0.09041101485490799 -0.2889900505542755 2.3894812291660483
[3 INFO root] 0.08994372189044952 -0.28855034708976746 2.418560388677464
[3 INFO root] 0.0895017758011818 -0.2881578803062439 2.4476774372283665
[3 INFO root] 0.08908720314502716 -0.287810742855072 2.476894146370654
[3 INFO root] 0.08869659900665283 -0.287502646446228 2.5062990305127797
[3 INFO root] 0.08832716941833496 -0.2872284948825836 2.536014665604196
[3 INFO root] 0.08797667175531387 -0.2869841754436493 2.566196716781543
[3 INFO root] 0.08764321357011795 -0.28676638007164 2.5970294378618384
[3 INFO root] 0.0873250961303711 -0.28657227754592896 2.6287199425261956
[3 INFO root] 0.08702071011066437 -0.2863995134830475 2.661492356933857
[3 INFO root] 0.08672838658094406 -0.28624600172042847 2.6955828489526565
[3 INFO root] 0.08644630759954453 -0.28610989451408386 2.731236017420234
[3 INFO root] 0.0861724391579628 -0.28598952293395996 2.768702964475983
[3 INFO root] 0.08590437471866608 -0.28588348627090454 2.8082413314579204
[3 INFO root] 0.08562838286161423 -0.2857867181301117 2.848132448551403
[3 INFO root] 0.08534005284309387 -0.2856983542442322 2.887665249910471
[3 INFO root] 0.08503942936658859 -0.2856191098690033 2.926767174522379
[3 INFO root] 0.08472727239131927 -0.28554973006248474 2.9654331577855064
[3 INFO root] 0.08440480381250381 -0.28549107909202576 3.00368598115581
[3 INFO root] 0.0840735211968422 -0.28544384241104126 3.0415804525363774
[3 INFO root] 0.08373500406742096 -0.2854085862636566 3.079204258914942
[3 INFO root] 0.08339070528745651 -0.28538578748703003 3.1166771045495754
[3 INFO root] 0.08304166048765182 -0.28537580370903015 -3.129037036394921
[3 INFO root] 0.08268824964761734 -0.28537893295288086 -3.0913927650522894
[3 INFO root] 0.08232998847961426 -0.2853955924510956 -3.0533809562814205
[3 INFO root] 0.08196531981229782 -0.28542646765708923 -3.014795381486042
[3 INFO root] 0.08159096539020538 -0.2854727804660797 -2.9754639163141197
[3 INFO root] 0.08120162785053253 -0.2855365574359894 -2.9352970697805634
[3 INFO root] 0.0807914063334465 -0.285620778799057 -2.8942305802040984
[3 INFO root] 0.08035432547330856 -0.2857293486595154 -2.852213207157998
[3 INFO root] 0.07988458126783371 -0.28586724400520325 -2.8092167077511196
[3 INFO root] 0.07937692850828171 -0.28604021668434143 -2.7652546372659246
[3 INFO root] 0.07882717996835709 -0.2862549126148224 -2.720409914125033
[3 INFO root] 0.07823280990123749 -0.28651824593544006 -2.6748629899411007
[3 INFO root] 0.07759340107440948 -0.28683707118034363 -2.628910143160578
[3 INFO root] 0.076911062002182 -0.2872173488140106 -2.5829880273112438
[3 INFO root] 0.07619088888168335 -0.28766322135925293 -2.5377095472111284
[3 INFO root] 0.07544046640396118 -0.28817620873451233 -2.4938150761645415
[3 INFO root] 0.0746695026755333 -0.28875455260276794 -2.4521437411624745
[3 INFO root] 0.07388930022716522 -0.28939253091812134 -2.413603899057796
[3 INFO root] 0.07311218231916428 -0.2900799512863159 -2.3791336508854175
[3 INFO root] 0.07235067337751389 -0.29080232977867126 -2.349652812192322
[3 INFO root] 0.07161659747362137 -0.2915416657924652 -2.3260109126993815
[3 INFO root] 0.0709201991558075 -0.29227784276008606 -2.3089383300770665
[3 INFO root] 0.07026916742324829 -0.29299095273017883 -2.2989154332762016
[3 INFO root] 0.06966786831617355 -0.29366394877433777 -2.296184057601521
[3 INFO root] 0.06911708414554596 -0.29428479075431824 -2.300780937050879
[3 INFO root] 0.06861266493797302 -0.2948490083217621 -2.312578253996521
[3 INFO root] 0.06814777851104736 -0.2953576445579529 -2.3313725777669663
[3 INFO root] 0.06771370768547058 -0.29581567645072937 -2.356921093178572
[3 INFO root] 0.06729960441589355 -0.2962314188480377 -2.38894996456423
[3 INFO root] 0.06689219921827316 -0.2966155409812927 -2.4271559892012786
[3 INFO root] 0.0664757564663887 -0.29697951674461365 -2.4712026018918816
[3 INFO root] 0.06603217869997025 -0.29733434319496155 -2.520708362238511
[3 INFO root] 0.06554145365953445 -0.2976887822151184 -2.575228157066065
[3 INFO root] 0.06498244404792786 -0.2980481684207916 -2.6342297487828445
[3 INFO root] 0.06433407962322235 -0.29841312766075134 -2.6970701721087913
[3 INFO root] 0.06357622146606445 -0.29877933859825134 -2.762938590799185
[3 INFO root] 0.06275877356529236 -0.2991105914115906 -2.8296414859382306
[3 INFO root] 0.06192554160952568 -0.29938551783561707 -2.8956234859273473
[3 INFO root] 0.06108642742037773 -0.29960212111473083 -2.960198995508264
[3 INFO root] 0.0602496974170208 -0.29976126551628113 -3.0228878523786578
[3 INFO root] 0.05942479148507118 -0.2998650074005127 -3.083365898998601
[3 INFO root] 0.058622393757104874 -0.2999168038368225 -3.141463680213977
[3 INFO root] 0.057852912694215775 -0.29992157220840454 3.086020067217826
[3 INFO root] 0.057124942541122437 -0.2998853325843811 3.032594396427693
[3 INFO root] 0.05644441023468971 -0.29981476068496704 2.981218173650975
[3 INFO root] 0.05581434443593025 -0.29971638321876526 2.9315936806487928
[3 INFO root] 0.05523516610264778 -0.2995961308479309 2.883388235189052
[3 INFO root] 0.05470527708530426 -0.2994591295719147 2.836262053809242
[3 INFO root] 0.05421872064471245 -0.2993084490299225 2.7903842018523117
[3 INFO root] 0.053772494196891785 -0.29914742708206177 2.7456226068401373
[3 INFO root] 0.05336460843682289 -0.2989791929721832 2.7016519316976884
[3 INFO root] 0.05299252271652222 -0.29880619049072266 2.658164512759969
[3 INFO root] 0.05265326797962189 -0.29863008856773376 2.6148887537752303
[3 INFO root] 0.0523436963558197 -0.2984519600868225 2.571585458085589
[3 INFO root] 0.05206063389778137 -0.29827234148979187 2.5280438992184786
[3 INFO root] 0.05180097743868828 -0.29809126257896423 2.484078399608035
[3 INFO root] 0.05156175047159195 -0.29790830612182617 2.439525926178382
[3 INFO root] 0.05134010687470436 -0.29772257804870605 2.3942442420320487
[3 INFO root] 0.05113336443901062 -0.2975327670574188 2.3481122212665237
[3 INFO root] 0.050939109176397324 -0.29733720421791077 2.301032629865226
[3 INFO root] 0.05075523629784584 -0.29713377356529236 2.252935511896051
[3 INFO root] 0.050580523908138275 -0.2969207465648651 2.203847095904771
[3 INFO root] 0.05041581392288208 -0.29669857025146484 2.1539003844659814
[3 INFO root] 0.05025734379887581 -0.2964608371257782 2.1032628175894206
[3 INFO root] 0.050102364271879196 -0.296200692653656 2.052205158077586
[3 INFO root] 0.04992150515317917 -0.29585781693458557 2.0010898606643863
[3 INFO root] 0.04971799999475479 -0.295419305562973 1.950552882970655
[3 INFO root] 0.04950091242790222 -0.2948821187019348 1.9013040939068262
[3 INFO root] 0.049284886568784714 -0.2942614257335663 1.8540165628499934
[3 INFO root] 0.0490872897207737 -0.29359373450279236 1.8091810889016922
[3 INFO root] 0.04891578480601311 -0.29290124773979187 1.7671929220742746
[3 INFO root] 0.04877406358718872 -0.2922043204307556 1.7282860519862606
[3 INFO root] 0.04866287484765053 -0.2915217876434326 1.6925174083275503
[3 INFO root] 0.0485805906355381 -0.29086944460868835 1.6597815918221823
[3 INFO root] 0.04852393642067909 -0.290258526802063 1.629845548601905
[3 INFO root] 0.048488862812519073 -0.2896961271762848 1.6023875928418714
[3 INFO root] 0.04847119376063347 -0.28918561339378357 1.577037780787634
[3 INFO root] 0.04846705123782158 -0.28872743248939514 1.5534139555612418
[3 INFO root] 0.048473063856363297 -0.28832000494003296 1.5311501384113904
[3 INFO root] 0.048486437648534775 -0.2879602611064911 1.5099163017000976
[3 INFO root] 0.04850493744015694 -0.2876443862915039 1.489430141127203
[3 INFO root] 0.048526812344789505 -0.2873682677745819 1.469462361096783
[3 INFO root] 0.04855072870850563 -0.28712767362594604 1.4498297950212289
[3 INFO root] 0.048575688153505325 -0.2869184613227844 1.43038691966407
[3 INFO root] 0.04860096797347069 -0.28673672676086426 1.4110204698331634
[3 INFO root] 0.04862608015537262 -0.2865786850452423 1.3916456456694386
[3 INFO root] 0.04865073785185814 -0.28644081950187683 1.37220330120221
[3 INFO root] 0.048674702644348145 -0.28632038831710815 1.3527324308186455
[3 INFO root] 0.048698488622903824 -0.28621193766593933 1.3329681289946775
[3 INFO root] 0.04872339963912964 -0.28610825538635254 1.312477650349898
[3 INFO root] 0.04875028878450394 -0.2860056161880493 1.2912613084245008
[3 INFO root] 0.04878021404147148 -0.2859005630016327 1.2693790073081648
[3 INFO root] 0.04881450906395912 -0.28578945994377136 1.246901184681865
[3 INFO root] 0.0488547682762146 -0.2856687009334564 1.2239092281264548
[3 INFO root] 0.04890282452106476 -0.28553488850593567 1.200495455394843
[3 INFO root] 0.04896073043346405 -0.28538480401039124 1.1767627354825152
[3 INFO root] 0.04903072491288185 -0.28521546721458435 1.1528237076756804
[3 INFO root] 0.04911518841981888 -0.2850241959095001 1.1287995452851096
[3 INFO root] 0.04921291023492813 -0.2848165035247803 1.104963549833869
[3 INFO root] 0.049322471022605896 -0.28459733724594116 1.081583132567146
[3 INFO root] 0.049444571137428284 -0.28436675667762756 1.0588430117073904
[3 INFO root] 0.04957994446158409 -0.2841246426105499 1.0369191314224244
[3 INFO root] 0.049729038029909134 -0.28387123346328735 1.015983550012223
[3 INFO root] 0.04989198222756386 -0.2836071252822876 0.9962007035575955
[3 INFO root] 0.05006857216358185 -0.2833332419395447 0.9777240513599914
[3 INFO root] 0.05025826767086983 -0.2830507159233093 0.9606932278233542
[3 INFO root] 0.050459519028663635 -0.282761812210083 0.9451765934071361
[3 INFO root] 0.050670232623815536 -0.2824692130088806 0.9311977594676545
[3 INFO root] 0.050888076424598694 -0.28217554092407227 0.9187516911743192
[3 INFO root] 0.05111062899231911 -0.28188326954841614 0.9078105909130223
[3 INFO root] 0.05133533477783203 -0.2815948724746704 0.8983220890514005
[3 INFO root] 0.051559723913669586 -0.2813125252723694 0.8902191466908314
[3 INFO root] 0.051781605929136276 -0.28103798627853394 0.8834292699806758
[3 INFO root] 0.05199914053082466 -0.2807726263999939 0.8778784475670041
[3 INFO root] 0.052210841327905655 -0.2805173397064209 0.8734932123492192
[3 INFO root] 0.05241556093096733 -0.2802727520465851 0.870202529207391
[3 INFO root] 0.05261249095201492 -0.2800390422344208 0.8679391794167277
[3 INFO root] 0.05280112475156784 -0.27981629967689514 0.8666405720512407
[3 INFO root] 0.052981238812208176 -0.2796041965484619 0.866249118343829
[3 INFO root] 0.05315285176038742 -0.2794022858142853 0.8667123082371274
[3 INFO root] 0.05331619828939438 -0.2792099714279175 0.8679826009838546
[3 INFO root] 0.053471699357032776 -0.27902644872665405 0.8700172127294261
[3 INFO root] 0.053619932383298874 -0.27885082364082336 0.8727778540560113
[3 INFO root] 0.05376117676496506 -0.27868255972862244 0.8761984656196289
[3 INFO root] 0.053894221782684326 -0.27852296829223633 0.8800981322514504
[3 INFO root] 0.05401831120252609 -0.27837297320365906 0.8843076828870793
[3 INFO root] 0.05413345620036125 -0.2782325744628906 0.888693165845828
[3 INFO root] 0.05424024909734726 -0.27810120582580566 0.8931473984974202
[3 INFO root] 0.0543396882712841 -0.27797776460647583 0.8975818683996659
[3 INFO root] 0.054433077573776245 -0.2778607904911041 0.9019209476235156
[3 INFO root] 0.05452202633023262 -0.27774834632873535 0.9061052026414979
[3 INFO root] 0.054609090089797974 -0.2776373326778412 0.9101336514254916
[3 INFO root] 0.05469701811671257 -0.27752429246902466 0.9140041735008019
[3 INFO root] 0.05478836968541145 -0.27740588784217834 0.9176997266032977
[3 INFO root] 0.05488547682762146 -0.2772790789604187 0.9211893178239204
[3 INFO root] 0.05499038100242615 -0.2771410644054413 0.9244270077404749
[3 INFO root] 0.055104754865169525 -0.27698954939842224 0.927349334942446
[3 INFO root] 0.05522971600294113 -0.2768230140209198 0.929874570315309
[3 INFO root] 0.055365703999996185 -0.27664080262184143 0.931900137547726
[3 INFO root] 0.05551255866885185 -0.2764431834220886 0.9332960055910847
[3 INFO root] 0.05566951632499695 -0.2762313485145569 0.9338987574519113
[3 INFO root] 0.05583517998456955 -0.27600741386413574 0.9335066965622636
[3 INFO root] 0.056007567793130875 -0.2757745385169983 0.931876892643039
[3 INFO root] 0.05618419498205185 -0.2755367159843445 0.9287249748924025
[3 INFO root] 0.05636221542954445 -0.27529847621917725 0.9237281251276822
[3 INFO root] 0.05653863027691841 -0.27506476640701294 0.9165312833087101
[3 INFO root] 0.056710533797740936 -0.27484026551246643 0.906756477624523
[3 INFO root] 0.05687504634261131 -0.2746295928955078 0.8940255534390336
[3 INFO root] 0.05702993646264076 -0.27443626523017883 0.8779634358623405
[3 INFO root] 0.057174019515514374 -0.27426207065582275 0.8582060679096383
[3 INFO root] 0.05730757862329483 -0.27410683035850525 0.8344080774332767
[3 INFO root] 0.057432666420936584 -0.2739681005477905 0.806249984521487
[3 INFO root] 0.05755343288183212 -0.2738414406776428 0.7734457502477883
[3 INFO root] 0.05767632648348808 -0.2737206518650055 0.7357501393611134
[3 INFO root] 0.05781024321913719 -0.2735985517501831 0.6929624548042883
[3 INFO root] 0.057954445481300354 -0.27347779273986816 0.6451477179848795
[3 INFO root] 0.05810854583978653 -0.2733606994152069 0.5923869502238184
[3 INFO root] 0.05828780680894852 -0.27323880791664124 0.5345743505233387
[3 INFO root] 0.05851240083575249 -0.27310436964035034 0.4716345246285869
[3 INFO root] 0.058806125074625015 -0.272952675819397 0.4035662548779586
[3 INFO root] 0.05919618904590607 -0.2727836072444916 0.33047314314937126
[3 INFO root] 0.05971251800656319 -0.2726031243801117 0.2526024589264478
[3 INFO root] 0.06038624420762062 -0.27242472767829895 0.17038980224881797
[3 INFO root] 0.061247263103723526 -0.27227064967155457 0.08450445460624526
[3 INFO root] 0.06232069805264473 -0.2721720337867737 -0.0041141892889419995
[3 INFO root] 0.0636226162314415 -0.2721676826477051 -0.09424349655870377
[3 INFO root] 0.06515572220087051 -0.2723006010055542 -0.1844044817421062
[3 INFO root] 0.06690618395805359 -0.2726128101348877 -0.2729417939907479
[3 INFO root] 0.06883840262889862 -0.2731371223926544 -0.35828667420715793
[3 INFO root] 0.0708586573600769 -0.2738751769065857 -0.44059250832740265
[3 INFO root] 0.07292173057794571 -0.2748282551765442 -0.5190825684603382
[3 INFO root] 0.07498841732740402 -0.2759883999824524 -0.592984550657232
[3 INFO root] 0.07702161371707916 -0.27733734250068665 -0.6617091668255763
[3 INFO root] 0.07898902148008347 -0.2788483500480652 -0.7248655258044765
[3 INFO root] 0.08086502552032471 -0.2804889976978302 -0.782256585805684
[3 INFO root] 0.08263138681650162 -0.2822241485118866 -0.8338594878474016
[3 INFO root] 0.08427708595991135 -0.2840186059474945 -0.8797957129414563
[3 INFO root] 0.08579756319522858 -0.28583958745002747 -0.9202967679325071
[3 INFO root] 0.08719367533922195 -0.28765836358070374 -0.9556688674344807
[3 INFO root] 0.08847004920244217 -0.2894507646560669 -0.9862586616333215
[3 INFO root] 0.08963388204574585 -0.2911975681781769 -1.012427515878105
[3 INFO root] 0.09069395810365677 -0.2928842306137085 -1.034531422689866
[3 INFO root] 0.09165986627340317 -0.29450076818466187 -1.052906625489159
[3 INFO root] 0.09254138171672821 -0.29604098200798035 -1.0678607740059156
[3 INFO root] 0.09334811568260193 -0.29750198125839233 -1.0796686761889782
[3 INFO root] 0.09408924728631973 -0.2988835573196411 -1.0885707543212717
[3 INFO root] 0.09477341920137405 -0.3001876175403595 -1.0947797357104434
[3 INFO root] 0.09540873020887375 -0.30141791701316833 -1.0984827911941704
[3 INFO root] 0.0960027351975441 -0.30257952213287354 -1.0998419743059242
[3 INFO root] 0.09656224399805069 -0.3036779761314392 -1.100365619485754
[3 INFO root] 0.09709270298480988 -0.30472102761268616 -1.1006744341659747
[3 INFO root] 0.0975988507270813 -0.3057170510292053 -1.1008602231970135
[3 INFO root] 0.0980851873755455 -0.3066745698451996 -1.1009608602821153
[3 INFO root] 0.09855598211288452 -0.3076017498970032 -1.1010064778151276
[3 INFO root] 0.0990152433514595 -0.3085063397884369 -1.101020158391673
[3 INFO root] 0.09947536885738373 -0.3094126582145691 -1.0997241842319843
[3 INFO root] 0.09994430094957352 -0.31033363938331604 -1.09692630400709
[3 INFO root] 0.10042355209589005 -0.31126880645751953 -1.0927840730642833
[3 INFO root] 0.10091396421194077 -0.31221631169319153 -1.0874738926926824
[3 INFO root] 0.10141627490520477 -0.31317460536956787 -1.0811628725211297
[3 INFO root] 0.10193109512329102 -0.314142107963562 -1.0740081517902709
[3 INFO root] 0.10245891660451889 -0.31511732935905457 -1.0661566776449107
[3 INFO root] 0.10300005227327347 -0.3160988688468933 -1.057745024646087
[3 INFO root] 0.10355468839406967 -0.31708526611328125 -1.0488992696239234
[3 INFO root] 0.10412284731864929 -0.3180752396583557 -1.039734937816324
[3 INFO root] 0.10470304638147354 -0.3190651535987854 -1.030519626369102
[3 INFO root] 0.1052928939461708 -0.32005059719085693 -1.0215588109558957
[3 INFO root] 0.10588973760604858 -0.3210277259349823 -1.0131009084823557
[3 INFO root] 0.10649095475673676 -0.3219934403896332 -1.0053296077658602
[3 INFO root] 0.10709398984909058 -0.32294535636901855 -0.9983737412250926
[3 INFO root] 0.10769651085138321 -0.3238818347454071 -0.9923169573144814
[3 INFO root] 0.10829642415046692 -0.3248017728328705 -0.9872059451436143
[3 INFO root] 0.10889193415641785 -0.3257046341896057 -0.9830572871677423
[3 INFO root] 0.109481580555439 -0.3265904188156128 -0.9798630762009546
[3 INFO root] 0.11006424576044083 -0.32745951414108276 -0.977595467922957
[3 INFO root] 0.11063912510871887 -0.32831260561943054 -0.9762103241376597
[3 INFO root] 0.11120576411485672 -0.32915082573890686 -0.9756500537417129
[3 INFO root] 0.11176691204309464 -0.3299797475337982 -0.9756022165272352
[3 INFO root] 0.11232758313417435 -0.33080780506134033 -0.9756022165272352
[3 INFO root] 0.11288825422525406 -0.33163583278656006 -0.9756022165272352
[3 INFO root] 0.11344891786575317 -0.3324638903141022 -0.9756022165272352
[3 INFO root] 0.11400958895683289 -0.3332919180393219 -0.9756022165272352
[3 INFO root] 0.1145702600479126 -0.3341199457645416 -0.9756022165272352
[3 INFO root] 0.11513093113899231 -0.33494800329208374 -0.9756022165272352
[3 INFO root] 0.11569159477949142 -0.33577603101730347 -0.9756022165272352
[3 INFO root] 0.11625226587057114 -0.3366040885448456 -0.9756022165272352
[3 INFO root] 0.11681293696165085 -0.3374321162700653 -0.9756022165272352
[3 INFO root] 0.11737360805273056 -0.33826014399528503 -0.9756022165272352
[3 INFO root] 0.11793427914381027 -0.33908820152282715 -0.9756022165272352
[3 INFO root] 0.11849494278430939 -0.3399162292480469 -0.9756022165272352
[3 INFO root] 0.1190556138753891 -0.340744286775589 -0.9756022165272352
[3 INFO root] 0.11961628496646881 -0.3415723145008087 -0.9756022165272352
[3 INFO root] 0.12017695605754852 -0.34240034222602844 -0.9756022165272352
[3 INFO root] 0.12073761969804764 -0.34322839975357056 -0.9756022165272352
[3 INFO root] 0.12129829078912735 -0.3440564274787903 -0.9756022165272352
[3 INFO root] 0.12185896188020706 -0.3448844850063324 -0.9756022165272352
[3 INFO root] 0.12242957949638367 -0.34572720527648926 -0.9748582517934171
[3 INFO root] 0.12301234900951385 -0.3465866446495056 -0.9732471835574594
[3 INFO root] 0.1236066073179245 -0.34746015071868896 -0.9708767858666075
[3 INFO root] 0.12420989573001862 -0.34834256768226624 -0.9685911308807645
[3 INFO root] 0.12481802701950073 -0.3492276966571808 -0.9676944522241803
[3 INFO root] 0.1254274547100067 -0.35011276602745056 -0.9685189976034979
[3 INFO root] 0.12603463232517242 -0.350995808839798 -0.9712743399631723
[3 INFO root] 0.12663614749908447 -0.3518754243850708 -0.9761571369249847
[3 INFO root] 0.12722887098789215 -0.3527509272098541 -0.9833490289970263
[3 INFO root] 0.1278100162744522 -0.35362231731414795 -0.9930153427105758
[3 INFO root] 0.128377303481102 -0.3544905185699463 -1.0053043221645541
[3 INFO root] 0.12891016900539398 -0.3553278148174286 -1.019279570846839
[3 INFO root] 0.12940607964992523 -0.35613128542900085 -1.0348681694306208
[3 INFO root] 0.12986676394939423 -0.3569040894508362 -1.0521884496158325
[3 INFO root] 0.13029438257217407 -0.3576502501964569 -1.0713689687518844
[3 INFO root] 0.130691260099411 -0.3583742678165436 -1.092538217970645
[3 INFO root] 0.13106012344360352 -0.35908204317092896 -1.1157794545105124
[3 INFO root] 0.13140378892421722 -0.3597802221775055 -1.1411607660933505
[3 INFO root] 0.1317247897386551 -0.3604761064052582 -1.1687442752159825
[3 INFO root] 0.13202540576457977 -0.3611777126789093 -1.1985811185098105
[3 INFO root] 0.13230742514133453 -0.36189380288124084 -1.2307031049246182
[3 INFO root] 0.1325720250606537 -0.36263418197631836 -1.2651124748566944
[3 INFO root] 0.1328195035457611 -0.3634093999862671 -1.301769768583108
[3 INFO root] 0.13304902613162994 -0.36423060297966003 -1.3405800618912653
[3 INFO root] 0.1332584023475647 -0.3651093542575836 -1.3813784258042232
[3 INFO root] 0.13344383239746094 -0.3660568594932556 -1.4239161780954512
[3 INFO root] 0.13359986245632172 -0.3670833110809326 -1.4678493411831235
[3 INFO root] 0.1337195187807083 -0.36819684505462646 -1.5127307049035126
[3 INFO root] 0.13379468023777008 -0.36940255761146545 -1.5580146140274438
[3 INFO root] 0.13381679356098175 -0.3707016408443451 -1.60307530368697
[3 INFO root] 0.13377784192562103 -0.3720906972885132 -1.6472377163792522
[3 INFO root] 0.1336713582277298 -0.37356188893318176 -1.6898178575552198
[3 INFO root] 0.13349339365959167 -0.3751031458377838 -1.7301673073118964
[3 INFO root] 0.13324318826198578 -0.37669941782951355 -1.7677150290195163
[3 INFO root] 0.13292331993579865 -0.3783339262008667 -1.801999945974753
[3 INFO root] 0.13253943622112274 -0.3799895942211151 -1.832689903214083
[3 INFO root] 0.1320996731519699 -0.3816503882408142 -1.8595858135870813
[3 INFO root] 0.13161374628543854 -0.3833021819591522 -1.882612848426749
[3 INFO root] 0.1310921013355255 -0.3849334418773651 -1.9018025348576406
[3 INFO root] 0.13054512441158295 -0.38653525710105896 -1.9172702265579225
[3 INFO root] 0.12998250126838684 -0.3881012797355652 -1.92919187047004
[3 INFO root] 0.1294129341840744 -0.38962751626968384 -1.9377828370954757
[3 INFO root] 0.12884387373924255 -0.3911117911338806 -1.9432803337303335
[3 INFO root] 0.12828150391578674 -0.3925534784793854 -1.9459299013604061
[3 INFO root] 0.12773080170154572 -0.3939530849456787 -1.9459758207960378
[3 INFO root] 0.12719564139842987 -0.39531198143959045 -1.9436548961134574
[3 INFO root] 0.12667891383171082 -0.3966320753097534 -1.9391929575877158
[3 INFO root] 0.12618274986743927 -0.39791566133499146 -1.9328034402224272
[3 INFO root] 0.12570856511592865 -0.3991653323173523 -1.9246874113891008
[3 INFO root] 0.12525582313537598 -0.4003876745700836 -1.9149934400825506
[3 INFO root] 0.1248236745595932 -0.4015894830226898 -1.9038556381583083
[3 INFO root] 0.12441150099039078 -0.4027765691280365 -1.8914089301635533
[3 INFO root] 0.12401895970106125 -0.4039537310600281 -1.8777938095475155
[3 INFO root] 0.12364588677883148 -0.4051249623298645 -1.8631592726780395
[3 INFO root] 0.12329231202602386 -0.40629345178604126 -1.8476648086271774
[3 INFO root] 0.12295834720134735 -0.4074617624282837 -1.8314815255382386
[3 INFO root] 0.12264416366815567 -0.40863192081451416 -1.8147943847834893
[3 INFO root] 0.12234991788864136 -0.4098054766654968 -1.7978032193929603
[3 INFO root] 0.12207569926977158 -0.41098350286483765 -1.7807213520824854
[3 INFO root] 0.12182149291038513 -0.4121667146682739 -1.7637729434660387
[3 INFO root] 0.12158714234828949 -0.41335529088974 -1.7471895563995916
[3 INFO root] 0.1213722974061966 -0.41454917192459106 -1.7312083320734852
[3 INFO root] 0.1211763545870781 -0.4157480299472809 -1.7160674479907
[3 INFO root] 0.12099846452474594 -0.4169512391090393 -1.7019998848126459
[3 INFO root] 0.1208374947309494 -0.4181579649448395 -1.6892270250395665
[3 INFO root] 0.12069204449653625 -0.4193671643733978 -1.6779526626938164
[3 INFO root] 0.12056044489145279 -0.4205777645111084 -1.668357713585025
[3 INFO root] 0.1204407662153244 -0.4217885434627533 -1.6605958527738867
[3 INFO root] 0.12033088505268097 -0.42299842834472656 -1.6547902483256987
[3 INFO root] 0.12022847682237625 -0.42420631647109985 -1.651031488021119
[3 INFO root] 0.12013113498687744 -0.42541125416755676 -1.6493767184855688
[3 INFO root] 0.12003634870052338 -0.4266124367713928 -1.649849944798638
[3 INFO root] 0.11994187533855438 -0.42780572175979614 -1.6523248109481157
[3 INFO root] 0.11984562873840332 -0.4289872944355011 -1.6566517928926758
[3 INFO root] 0.11974568665027618 -0.4301545321941376 -1.6626957649733975
[3 INFO root] 0.1196402981877327 -0.43130579590797424 -1.6703354009643323
[3 INFO root] 0.1195278912782669 -0.4324401617050171 -1.6794595882743593
[3 INFO root] 0.11940707266330719 -0.4335572123527527 -1.6899647767976373
[3 INFO root] 0.11927632242441177 -0.43465912342071533 -1.7009894335652438
[3 INFO root] 0.11913491040468216 -0.43574854731559753 -1.711252995829392
[3 INFO root] 0.11898398399353027 -0.43682408332824707 -1.7206205307828701
[3 INFO root] 0.11882494390010834 -0.4378844201564789 -1.7291004820991505
[3 INFO root] 0.1186591237783432 -0.43892890214920044 -1.7367121869619486
[3 INFO root] 0.11848773062229156 -0.43995729088783264 -1.7434830753655777
[3 INFO root] 0.11831184476613998 -0.4409697651863098 -1.7494465670652362
[3 INFO root] 0.11813242733478546 -0.44196683168411255 -1.754640644795893
[3 INFO root] 0.11795027554035187 -0.4429492950439453 -1.759106949788549
[3 INFO root] 0.11776608973741531 -0.4439181685447693 -1.7628902738284926
[3 INFO root] 0.11758043617010117 -0.44487467408180237 -1.7660383497167391
[3 INFO root] 0.11739374697208405 -0.44582027196884155 -1.768601861501574
[3 INFO root] 0.11720634996891022 -0.446756511926651 -1.7706346080180084
[3 INFO root] 0.1170184537768364 -0.447685182094574 -1.772193758968079
[3 INFO root] 0.11683016270399094 -0.4486081898212433 -1.773340142709237
[3 INFO root] 0.1166410818696022 -0.4495294392108917 -1.7741800144556235
[3 INFO root] 0.11645068973302841 -0.4504530131816864 -1.7748267709007253
[3 INFO root] 0.11625843495130539 -0.45138248801231384 -1.775385493042149
[3 INFO root] 0.11606378108263016 -0.4523208737373352 -1.7759513839329697
[3 INFO root] 0.11586620658636093 -0.45327064394950867 -1.776609712769488
[3 INFO root] 0.11566519737243652 -0.4542337954044342 -1.7774354874325622
[3 INFO root] 0.11546026170253754 -0.4552117884159088 -1.778492886510932
[3 INFO root] 0.11525093764066696 -0.4562056064605713 -1.7798345788530765
[3 INFO root] 0.11503679305315018 -0.45721572637557983 -1.7815010537570914
[3 INFO root] 0.11481744050979614 -0.45824211835861206 -1.7835200768628279
[3 INFO root] 0.11459255963563919 -0.4592842757701874 -1.7859064617580047
[3 INFO root] 0.11436189711093903 -0.4603411853313446 -1.7886621278789823
[3 INFO root] 0.11412528902292252 -0.46141135692596436 -1.7917764062528982
[3 INFO root] 0.11388266831636429 -0.4624929130077362 -1.7952266337463099
[3 INFO root] 0.11363408714532852 -0.4635835886001587 -1.798979064791707
[3 INFO root] 0.11337970197200775 -0.46468085050582886 -1.8029900916658614
[3 INFO root] 0.11311981081962585 -0.46578192710876465 -1.8072077292015023
[3 INFO root] 0.11285481601953506 -0.46688389778137207 -1.8115732938879832
[3 INFO root] 0.11258523911237717 -0.4679838716983795 -1.8160231927683248
[3 INFO root] 0.1123117133975029 -0.469078928232193 -1.8204907342533507
[3 INFO root] 0.11203493177890778 -0.47016629576683044 -1.824907910205624
[3 INFO root] 0.11175567656755447 -0.4712434411048889 -1.8292070165185874
[3 INFO root] 0.11147476732730865 -0.47230806946754456 -1.8333220775345482
[3 INFO root] 0.11119304597377777 -0.4733581840991974 -1.8371900582000114
[3 INFO root] 0.11091134697198868 -0.4743921160697937 -1.8407518496410498
[3 INFO root] 0.11063048988580704 -0.47540849447250366 -1.8439530236459
[3 INFO root] 0.11035127192735672 -0.47640639543533325 -1.846744362907257
[3 INFO root] 0.11007442325353622 -0.47738510370254517 -1.8490821840779856
[3 INFO root] 0.10980062931776047 -0.4783443212509155 -1.8509284790561649
[3 INFO root] 0.1095305010676384 -0.4792838990688324 -1.8522509060558343
[3 INFO root] 0.10926458984613419 -0.4802040755748749 -1.8530226657497388
[3 INFO root] 0.1090032309293747 -0.4811056852340698 -1.8532312594536255
[3 INFO root] 0.10874126851558685 -0.4820084571838379 -1.8532655234408641
[3 INFO root] 0.1084769144654274 -0.4829193353652954 -1.8532822393765878
[3 INFO root] 0.10821041464805603 -0.4838375151157379 -1.8532949303831177
[3 INFO root] 0.1079421117901802 -0.4847618639469147 -1.8533044618894523
[3 INFO root] 0.1076723113656044 -0.4856913387775421 -1.8533115198213321
[3 INFO root] 0.10740125924348831 -0.4866251051425934 -1.8533166428894798
[3 INFO root] 0.10712917149066925 -0.4875624477863312 -1.8533202531443442
[3 INFO root] 0.10685620456933975 -0.48850274085998535 -1.8533226803474852
[3 INFO root] 0.10658251494169235 -0.4894455671310425 -1.853324181369844
[3 INFO root] 0.1063082218170166 -0.49039044976234436 -1.8533249556223657
[3 INFO root] 0.10603341460227966 -0.4913370907306671 -1.8533251573206841
[3 INFO root] 0.1057581827044487 -0.49228519201278687 -1.8533249052236405
[3 INFO root] 0.10548260062932968 -0.4932345449924469 -1.853324290356198
[3 INFO root] 0.10520671308040619 -0.4941849112510681 -1.8533233821248751
[3 INFO root] 0.1049305722117424 -0.49513617157936096 -1.8533222331517718
[3 INFO root] 0.1046542152762413 -0.4960881471633911 -1.8533208830879564
[3 INFO root] 0.10437768697738647 -0.4970407485961914 -1.8533193616146677
[3 INFO root] 0.10410100221633911 -0.4979938864707947 -1.8533176907988904
[3 INFO root] 0.1038241907954216 -0.49894747138023376 -1.8533158869366078
[3 INFO root] 0.10354726761579514 -0.4999014437198639 -1.8533139619899277
[3 INFO root] 0.10327024757862091 -0.5008557438850403 -1.8533119247030159
[3 INFO root] 0.10299315303564072 -0.5018103122711182 -1.853309781464567
[3 INFO root] 0.10271598398685455 -0.5027651786804199 -1.8533075369705734
[3 INFO root] 0.10243875533342361 -0.503720223903656 -1.8533051947304509
[3 INFO root] 0.1021614819765091 -0.5046754479408264 -1.8533027574504322
[3 INFO root] 0.1018841490149498 -0.5056308507919312 -1.8533002273212824
[3 INFO root] 0.10160678625106812 -0.5065864324569702 -1.8532976062317983
[3 INFO root] 0.10132937878370285 -0.5075421333312988 -1.8532948959247848
[3 INFO root] 0.1010519415140152 -0.508497953414917 -1.8532920981089605
[3 INFO root] 0.10077447444200516 -0.5094538927078247 -1.8532892145372022
[3 INFO root] 0.10049697756767273 -0.5104098916053772 -1.8532862470592393
[3 INFO root] 0.10021945834159851 -0.5113660097122192 -1.8532831976552282
[3 INFO root] 0.0999419167637825 -0.5123222470283508 -1.8532800684551203
[3 INFO root] 0.0996643528342247 -0.5132785439491272 -1.8532768617477193
[3 INFO root] 0.09938676655292511 -0.5142349600791931 -1.8532735799822873
[3 INFO root] 0.09910916537046432 -0.5151914358139038 -1.853270225764957
[3 INFO root] 0.09883154183626175 -0.5161479711532593 -1.8532668018517346
[3 INFO root] 0.09855390340089798 -0.5171045660972595 -1.8532633111392174
[3 INFO root] 0.09827588498592377 -0.5180625319480896 -1.852940454173673
[3 INFO root] 0.09799358993768692 -0.5190362334251404 -1.848786150368049
[3 INFO root] 0.09771036356687546 -0.5200271606445312 -1.8408158176311777
[3 INFO root] 0.0974302813410759 -0.5210359692573547 -1.8294917400840178
[3 INFO root] 0.09715704619884491 -0.5220639109611511 -1.815254912909596
[3 INFO root] 0.09689398854970932 -0.5231122374534607 -1.7985191526998034
[3 INFO root] 0.09664418548345566 -0.524182140827179 -1.7796709285041172
[3 INFO root] 0.09641052782535553 -0.5252744555473328 -1.7590698462157037
[3 INFO root] 0.09619571268558502 -0.5263895988464355 -1.7370492860543807
[3 INFO root] 0.0960022360086441 -0.5275274515151978 -1.7139169971969304
[3 INFO root] 0.09583239257335663 -0.5286873579025269 -1.689955610038307
[3 INFO root] 0.09568818658590317 -0.5298681259155273 -1.6654231103138861
[3 INFO root] 0.09557133913040161 -0.5310682654380798 -1.6405533539283368
[3 INFO root] 0.09548325836658478 -0.5322858095169067 -1.615556703328371
[3 INFO root] 0.09542498737573624 -0.5335186123847961 -1.5906208480721318
[3 INFO root] 0.0953972116112709 -0.5347641706466675 -1.5659118436894992
[3 INFO root] 0.09540025889873505 -0.5360201001167297 -1.5415753717409282
[3 INFO root] 0.09543413668870926 -0.537283718585968 -1.5177381959534475
[3 INFO root] 0.09549850225448608 -0.5385525822639465 -1.4945097681990134
[3 INFO root] 0.09559274464845657 -0.5398242473602295 -1.4719839256352623
[3 INFO root] 0.0957159698009491 -0.5410963892936707 -1.450240616580374
[3 INFO root] 0.09586707502603531 -0.5423668622970581 -1.4293475962315207
[3 INFO root] 0.09604476392269135 -0.5436335802078247 -1.4093620420846509
[3 INFO root] 0.09624755382537842 -0.5448947548866272 -1.3903320506385473
[3 INFO root] 0.09646574407815933 -0.5461041927337646 -1.3752104832638252
[3 INFO root] 0.09668704867362976 -0.5472307205200195 -1.3659756583513916
[3 INFO root] 0.0969042032957077 -0.5482813119888306 -1.3623851476669973
[3 INFO root] 0.09711240231990814 -0.549267590045929 -1.3640264828034192
[3 INFO root] 0.0973081886768341 -0.5502001643180847 -1.3705962907947107
[3 INFO root] 0.0974891409277916 -0.5510887503623962 -1.3818516990621732
[3 INFO root] 0.09765353798866272 -0.5519430637359619 -1.3975884661271862
[3 INFO root] 0.09780000150203705 -0.5527722835540771 -1.4176308176494412
[3 INFO root] 0.09792443364858627 -0.5535672903060913 -1.4413876533000012
[3 INFO root] 0.09802643954753876 -0.5543363690376282 -1.468618925371193
[3 INFO root] 0.09810585528612137 -0.5550902485847473 -1.499152789654629
[3 INFO root] 0.09816192090511322 -0.5558393001556396 -1.5328422090916527
[3 INFO root] 0.09819308668375015 -0.5565933585166931 -1.5695548364213605
[3 INFO root] 0.09819681197404861 -0.5573621392250061 -1.6091613787170738
[3 INFO root] 0.09816943854093552 -0.5581548810005188 -1.6515235559112953
[3 INFO root] 0.0981060266494751 -0.558980405330658 -1.6964814427859511
[3 INFO root] 0.09800031036138535 -0.5598469376564026 -1.7438401255518217
[3 INFO root] 0.09784463793039322 -0.5607616901397705 -1.7933558926991604
[3 INFO root] 0.0976300835609436 -0.561730682849884 -1.8447220999252951
[3 INFO root] 0.09734667837619781 -0.562758207321167 -1.8975537299688126
[3 INFO root] 0.096983902156353 -0.5638463497161865 -1.9513786243158966
[3 INFO root] 0.09653134644031525 -0.564994215965271 -2.005634789056579
[3 INFO root] 0.09597963839769363 -0.5661979913711548 -2.0596745386143205
[3 INFO root] 0.09532155841588974 -0.5674504041671753 -2.1127759906205905
[3 INFO root] 0.09455312043428421 -0.5687413215637207 -2.1641648102156466
[3 INFO root] 0.09367452561855316 -0.5700578689575195 -2.2130460149549296
[3 INFO root] 0.09269078820943832 -0.57138592004776 -2.258641682296021
[3 INFO root] 0.09161180257797241 -0.5727109313011169 -2.300228794244832
[3 INFO root] 0.09047532826662064 -0.5739929676055908 -2.3376318401091822
[3 INFO root] 0.08930540084838867 -0.5752164125442505 -2.3706023000205025
[3 INFO root] 0.0881163477897644 -0.5763794183731079 -2.3988246957284516
[3 INFO root] 0.08692098408937454 -0.5774833559989929 -2.4220524302094133
[3 INFO root] 0.08573097735643387 -0.5785311460494995 -2.440016102862955
[3 INFO root] 0.08455631881952286 -0.5795274376869202 -2.4523783573849864
[3 INFO root] 0.08340480178594589 -0.5804787278175354 -2.4589175325152595
[3 INFO root] 0.0822811871767044 -0.5813935995101929 -2.459541676655208
[3 INFO root] 0.08118758350610733 -0.582281768321991 -2.454277103378345
[3 INFO root] 0.08012378215789795 -0.583154022693634 -2.4432472074390503
[3 INFO root] 0.0790877491235733 -0.5840217471122742 -2.4266534059692173
[3 INFO root] 0.0780763104557991 -0.5848969221115112 -2.404762064051422
[3 INFO root] 0.07708577811717987 -0.5857916474342346 -2.3778969654093483
[3 INFO root] 0.07611273229122162 -0.5867183804512024 -2.3464358247336943
[3 INFO root] 0.07515464723110199 -0.5876893401145935 -2.3108089557498395
[3 INFO root] 0.07421046495437622 -0.5887161493301392 -2.2714980959879423
[3 INFO root] 0.07328101992607117 -0.5898095369338989 -2.2290334846097895
[3 INFO root] 0.07236926257610321 -0.5909786224365234 -2.1839876212904907
[3 INFO root] 0.07148025184869766 -0.5922303199768066 -2.136964760113606
[3 INFO root] 0.07062087953090668 -0.5935689210891724 -2.0885861278735702
[3 INFO root] 0.06979937106370926 -0.5949954986572266 -2.039471831828203
[3 INFO root] 0.06902457773685455 -0.5965078473091125 -1.9902217765604566
[3 INFO root] 0.06830520182847977 -0.5981006622314453 -1.9413987645128665
[3 INFO root] 0.06764902919530869 -0.5997657775878906 -1.8935167485014615
[3 INFO root] 0.06706234812736511 -0.6014930605888367 -1.8470361699910638
[3 INFO root] 0.06654950231313705 -0.6032710075378418 -1.8023666250378694
[3 INFO root] 0.0661126971244812 -0.6050873398780823 -1.7598751765836125
[3 INFO root] 0.06575199961662292 -0.6069299578666687 -1.7198971016714848
[3 INFO root] 0.06546546518802643 -0.608786940574646 -1.682745281107789
[3 INFO root] 0.06524930149316788 -0.6106472611427307 -1.6487150567489024
[3 INFO root] 0.06509818881750107 -0.6125008463859558 -1.6180830136864193
[3 INFO root] 0.06500550359487534 -0.6143389940261841 -1.591100330204745
[3 INFO root] 0.0649636834859848 -0.6161543726921082 -1.5679833018048244
[3 INFO root] 0.06496451795101166 -0.6179412007331848 -1.5489034691913923
[3 INFO root] 0.0649995282292366 -0.6196955442428589 -1.5339800776729287
[3 INFO root] 0.06506025046110153 -0.6214151382446289 -1.5232764286509022
[3 INFO root] 0.06513850390911102 -0.6230993866920471 -1.5168002308629631
[3 INFO root] 0.06522657722234726 -0.6247491240501404 -1.5145071287079448
[3 INFO root] 0.06531733274459839 -0.6263664960861206 -1.5163062259848281
[3 INFO root] 0.06540423631668091 -0.6279544234275818 -1.522066485271149
[3 INFO root] 0.06548133492469788 -0.6295165419578552 -1.531623033299973
[3 INFO root] 0.06554320454597473 -0.6310568451881409 -1.544783096878423
[3 INFO root] 0.06558484584093094 -0.6325794458389282 -1.5613313988670592
[3 INFO root] 0.0656016394495964 -0.6340880990028381 -1.5810348764553408
[3 INFO root] 0.06558927148580551 -0.6355864405632019 -1.6036467743198661
[3 INFO root] 0.06554365903139114 -0.6370773911476135 -1.6289099617685376
[3 INFO root] 0.06546098738908768 -0.638563334941864 -1.6565600045963318
[3 INFO root] 0.0653376504778862 -0.6400458812713623 -1.686328113258712
[3 INFO root] 0.06517034769058228 -0.64152592420578 -1.717942754194645
[3 INFO root] 0.06495606899261475 -0.6430037617683411 -1.7511319835070027
[3 INFO root] 0.0646921917796135 -0.6444787979125977 -1.7856264963988389
[3 INFO root] 0.06437651813030243 -0.6459497809410095 -1.8211628237922033
[3 INFO root] 0.06400739401578903 -0.6474147439002991 -1.8574864489883711
[3 INFO root] 0.06358372420072556 -0.6488712430000305 -1.8943547177294684
[3 INFO root] 0.0631050392985344 -0.6503162980079651 -1.9315394071922891
[3 INFO root] 0.06257360428571701 -0.6517410278320312 -1.9690920771327336
[3 INFO root] 0.06200985983014107 -0.6530954837799072 -2.009347108412809
[3 INFO root] 0.061410825699567795 -0.654386579990387 -2.0524366727698253
[3 INFO root] 0.060769785195589066 -0.6556261777877808 -2.09819433917789
[3 INFO root] 0.06008007377386093 -0.6568230390548706 -2.1464308042369225
[3 INFO root] 0.05933527275919914 -0.6579829454421997 -2.1969310744954313
[3 INFO root] 0.05852935090661049 -0.6591091752052307 -2.2494516677526284
[3 INFO root] 0.05765683948993683 -0.6602027416229248 -2.3037177629991077
[3 INFO root] 0.056713007390499115 -0.661262571811676 -2.3594317266819327
[3 INFO root] 0.055694274604320526 -0.6622858643531799 -2.4162653195985992
[3 INFO root] 0.05460048466920853 -0.6632665395736694 -2.4740136441531884
[3 INFO root] 0.05343259871006012 -0.6641980409622192 -2.5324537870468826
[3 INFO root] 0.05219211429357529 -0.6650741100311279 -2.5912904512375206
[3 INFO root] 0.050884880125522614 -0.6658865809440613 -2.650232143287718
[3 INFO root] 0.049518316984176636 -0.6666281819343567 -2.708969407220683
[3 INFO root] 0.04810076951980591 -0.6672928929328918 -2.7671732719395687
[3 INFO root] 0.04664154723286629 -0.6678760647773743 -2.8245055264882644
[3 INFO root] 0.04515092074871063 -0.6683747172355652 -2.880629715489554
[3 INFO root] 0.04363997280597687 -0.6687873601913452 -2.9352214450394025
[3 INFO root] 0.04212029650807381 -0.6691142320632935 -2.9879776142471477
[3 INFO root] 0.040603626519441605 -0.6693573594093323 -3.038624171263361
[3 INFO root] 0.03910141810774803 -0.669520378112793 -3.0869220822953056
[3 INFO root] 0.03762442246079445 -0.6696085333824158 -3.132671290987925
[3 INFO root] 0.03618231788277626 -0.6696281433105469 3.107472742038079
[3 INFO root] 0.03478342294692993 -0.6695865988731384 3.067270594689241
[3 INFO root] 0.03343455493450165 -0.6694917678833008 3.0300419799842016
[3 INFO root] 0.032110970467329025 -0.6693485379219055 2.9960848937476077
[3 INFO root] 0.030784983187913895 -0.6691588163375854 2.965836658482536
[3 INFO root] 0.029463794082403183 -0.668928325176239 2.9395699698450835
[3 INFO root] 0.028157010674476624 -0.6686642169952393 2.917478129961417
[3 INFO root] 0.026872199028730392 -0.6683744192123413 2.899686922615125
[3 INFO root] 0.02561471052467823 -0.6680665612220764 2.886258614078852
[3 INFO root] 0.0243876613676548 -0.6677480340003967 2.877199124413622
[3 INFO root] 0.023192046210169792 -0.6674255132675171 2.872466182009909
[3 INFO root] 0.02202693372964859 -0.6671047806739807 2.8719770463151737
[3 INFO root] 0.020889706909656525 -0.6667905449867249 2.875614724734993
[3 INFO root] 0.019776325672864914 -0.6664867997169495 2.8832320047150284
[3 INFO root] 0.018681608140468597 -0.6661965847015381 2.8946529083571666
[3 INFO root] 0.01759951002895832 -0.6659225225448608 2.9096715044663513
[3 INFO root] 0.01652340590953827 -0.6656666398048401 2.92804826766459
[3 INFO root] 0.015446397475898266 -0.665431022644043 2.9495101505823436
[3 INFO root] 0.014361641369760036 -0.6652176380157471 2.9737434795026787
[3 INFO root] 0.013262705877423286 -0.6650286912918091 3.0003843954512086
[3 INFO root] 0.012143990024924278 -0.6648666858673096 3.029010702356374
[3 INFO root] 0.01100118551403284 -0.6647341847419739 3.0591370064043955
[3 INFO root] 0.00983173307031393 -0.6646340489387512 3.09021471614965
[3 INFO root] 0.008635232225060463 -0.6645689010620117 3.121638322604975
[3 INFO root] 0.007413715124130249 -0.664540708065033 -3.1304264518922866
[3 INFO root] 0.006171729881316423 -0.66455078125 -3.1002830450551673
[3 INFO root] 0.004916151519864798 -0.6645989418029785 -3.071789610830695
[3 INFO root] 0.003655696287751198 -0.66468346118927 -3.04558747267729
[3 INFO root] 0.0024001733399927616 -0.6648010611534119 -3.022256239968344
[3 INFO root] 0.0011595947435125709 -0.6649468541145325 -3.002290058072711
[3 INFO root] -5.6718941777944565e-05 -0.6651148796081543 -2.986081701361282
[3 INFO root] -0.0012409086339175701 -0.6652985215187073 -2.97391520187371
[3 INFO root] -0.002387137385085225 -0.6654910445213318 -2.9659670874237065
[3 INFO root] -0.003491900395601988 -0.6656861901283264 -2.9623146196794745
[3 INFO root] -0.004554089158773422 -0.6658782362937927 -2.962948519672453
[3 INFO root] -0.005574856419116259 -0.6660626530647278 -2.967787525087862
[3 INFO root] -0.006557339336723089 -0.666235625743866 -2.97669253315815
[3 INFO root] -0.007506311871111393 -0.6663944721221924 -2.989478375493696
[3 INFO root] -0.008427819237112999 -0.6665369868278503 -3.0059217182703626
[3 INFO root] -0.009328794665634632 -0.6666615009307861 -3.0257671406786844
[3 INFO root] -0.010216683149337769 -0.6667665839195251 -3.0487308899689896
[3 INFO root] -0.011099091731011868 -0.6668508648872375 -3.0745020397680416
[3 INFO root] -0.011983823031187057 -0.6669125556945801 -3.1027489764333107
[3 INFO root] -0.01287852693349123 -0.6669498682022095 -3.133137998151358
[3 INFO root] -0.01378943957388401 -0.6669602990150452 3.117864401574425
[3 INFO root] -0.01472114585340023 -0.6669411063194275 3.084256984970438
[3 INFO root] -0.015676608309149742 -0.6668894290924072 3.049615319713887
[3 INFO root] -0.016657207161188126 -0.6668022871017456 3.014347790190689
[3 INFO root] -0.017662782222032547 -0.6666771769523621 2.9788764697627106
[3 INFO root] -0.01869172789156437 -0.6665118932723999 2.9436312267471476
[3 INFO root] -0.01974112167954445 -0.6663051247596741 2.909042644778737
[3 INFO root] -0.020806940272450447 -0.6660565137863159 2.8755341127883445
[3 INFO root] -0.02188432775437832 -0.665766716003418 2.8435135486445096
[3 INFO root] -0.022967908531427383 -0.6654375791549683 2.8133652957283624
[3 INFO root] -0.02405213937163353 -0.665071964263916 2.785438939956624
