[9 INFO root] Initialising Python Geth Console...
[9 INFO root] Initialising RandB board...
[9 INFO root] Initialising resource sensor...
[9 INFO root] Initialising random-walk...
[9 INFO root] Initialising navigation...
[9 INFO root] Initialising Odo...
[9 INFO root] Initialising odometry...
[9 INFO root] Initialising gps...
[9 INFO root] Initialising Ground sensor...
[9 INFO root] --//-- Starting Experiment --//--
[9 INFO root] x y direction
[9 INFO root] -0.3547919988632202 0.221327006816864 -3.0627037713996494
[9 INFO root] -0.35664603114128113 0.22118043899536133 -3.06161766545813
[9 INFO root] -0.36003169417381287 0.2209094762802124 -3.066181259133445
[9 INFO root] -0.3629988729953766 0.22068364918231964 -3.0819426375047136
[9 INFO root] -0.36566635966300964 0.22051972150802612 -3.1074192999059442
[9 INFO root] -0.3681603670120239 0.2204277217388153 -3.1402424489745915
[9 INFO root] -0.37052351236343384 0.22041639685630798 3.104984653879452
[9 INFO root] -0.3727593421936035 0.22048935294151306 3.063787277109532
[9 INFO root] -0.3748615086078644 0.2206440567970276 3.020886567308181
[9 INFO root] -0.3767129182815552 0.2208595722913742 2.980794000536942
[9 INFO root] -0.37829217314720154 0.22110825777053833 2.944702111239948
[9 INFO root] -0.3796336054801941 0.22137005627155304 2.9121786400012013
[9 INFO root] -0.3807748854160309 0.22163207828998566 2.8827394911347914
[9 INFO root] -0.3817504346370697 0.22188688814640045 2.856041419268658
[9 INFO root] -0.38259071111679077 0.22213082015514374 2.831898960388599
[9 INFO root] -0.383322149515152 0.22236268222332 2.8102669573150494
[9 INFO root] -0.38396671414375305 0.22258268296718597 2.7911162922541797
[9 INFO root] -0.3845367431640625 0.2227897047996521 2.774678408437802
[9 INFO root] -0.3850385546684265 0.2229815125465393 2.7612473172166587
[9 INFO root] -0.3854740262031555 0.22315485775470734 2.751119358788431
[9 INFO root] -0.38584136962890625 0.22330555319786072 2.74458516191046
[9 INFO root] -0.38613563776016235 0.2234286516904831 2.7419283109529866
[9 INFO root] -0.3863495886325836 0.22351893782615662 2.7434286377586368
[9 INFO root] -0.38647523522377014 0.22357182204723358 2.7493710033849466
[9 INFO root] -0.3865088224411011 0.22358578443527222 2.760073181482149
[9 INFO root] -0.3864540755748749 0.22356384992599487 2.7759410201021093
[9 INFO root] -0.3863186240196228 0.22351187467575073 2.7975288505662634
[9 INFO root] -0.38611501455307007 0.2234385758638382 2.8253962383715603
[9 INFO root] -0.3858613073825836 0.22335490584373474 2.8600460143711905
[9 INFO root] -0.38557976484298706 0.22327250242233276 2.901847066177821
[9 INFO root] -0.38529542088508606 0.223201721906662 2.950980978372663
[9 INFO root] -0.3850364089012146 0.22315028309822083 3.007529015271581
[9 INFO root] -0.38483306765556335 0.22312135994434357 3.071469547804089
[9 INFO root] -0.3847156763076782 0.2231118381023407 -3.1405199871389056
[9 INFO root] -0.38473376631736755 0.22311104834079742 -3.062864329155
[9 INFO root] -0.38494059443473816 0.22309498488903046 -2.9800247404951214
[9 INFO root] -0.3853355646133423 0.22303250432014465 -2.8929661927786885
[9 INFO root] -0.38590365648269653 0.22289204597473145 -2.802656008178949
[9 INFO root] -0.38662204146385193 0.22264456748962402 -2.7100743846859796
[9 INFO root] -0.38746151328086853 0.22226592898368835 -2.616178971261528
[9 INFO root] -0.3883848488330841 0.2217407524585724 -2.522195724942878
[9 INFO root] -0.38934457302093506 0.22106888890266418 -2.4297861411769994
[9 INFO root] -0.390298068523407 0.22026073932647705 -2.3400521676232335
[9 INFO root] -0.39120832085609436 0.21933680772781372 -2.253883597073067
[9 INFO root] -0.3920460343360901 0.2183251678943634 -2.17200677179055
[9 INFO root] -0.3927907347679138 0.21725846827030182 -2.0949867443810923
[9 INFO root] -0.39343106746673584 0.21617086231708527 -2.0232317313201884
[9 INFO root] -0.39396393299102783 0.21509522199630737 -1.9569997012985723
[9 INFO root] -0.39439308643341064 0.21406082808971405 -1.8964093880670492
[9 INFO root] -0.3947414457798004 0.2130500227212906 -1.8420012259962646
[9 INFO root] -0.3950352072715759 0.21201521158218384 -1.7949654499307537
[9 INFO root] -0.3952735960483551 0.2109924852848053 -1.7555305927534053
[9 INFO root] -0.395459920167923 0.21001780033111572 -1.7235156679380177
[9 INFO root] -0.39560213685035706 0.20911462604999542 -1.6985625030308393
[9 INFO root] -0.3957095742225647 0.20829589664936066 -1.6802559318001549
[9 INFO root] -0.39579126238822937 0.2075663059949875 -1.6681823736921628
[9 INFO root] -0.3958490788936615 0.2069835513830185 -1.6595108816542448
[9 INFO root] -0.3958887755870819 0.20654302835464478 -1.6532946968325786
[9 INFO root] -0.3959152102470398 0.20622634887695312 -1.6490880583196152
[9 INFO root] -0.3959318697452545 0.20601561665534973 -1.646555805890747
[9 INFO root] -0.3959411084651947 0.20589478313922882 -1.6454374437311672
[9 INFO root] -0.3959444761276245 0.20584973692893982 -1.6455312919384313
[9 INFO root] -0.3959430754184723 0.20586830377578735 -1.6466819824372614
[9 INFO root] -0.39593765139579773 0.20594005286693573 -1.6487708401666494
[9 INFO root] -0.39592859148979187 0.20605619251728058 -1.651708694405631
[9 INFO root] -0.3959161937236786 0.20620937645435333 -1.655430357992827
[9 INFO root] -0.3959006369113922 0.20639340579509735 -1.6598901052109574
[9 INFO root] -0.3958819806575775 0.20660313963890076 -1.6650580630844012
[9 INFO root] -0.3958602547645569 0.20683421194553375 -1.6709173567396698
[9 INFO root] -0.39583539962768555 0.20708295702934265 -1.67746182384593
[9 INFO root] -0.3958073854446411 0.20734626054763794 -1.6846941561936226
[9 INFO root] -0.39577609300613403 0.20762144029140472 -1.6926243701933743
[9 INFO root] -0.3957419991493225 0.2079017460346222 -1.7011814701861934
[9 INFO root] -0.3957073390483856 0.20816797018051147 -1.7100312854538928
[9 INFO root] -0.39567238092422485 0.20841895043849945 -1.7191506804856076
[9 INFO root] -0.3956372141838074 0.20865580439567566 -1.7285537512087266
[9 INFO root] -0.3956018388271332 0.20887959003448486 -1.7382545119867656
[9 INFO root] -0.3955662250518799 0.20909170806407928 -1.748267109982993
[9 INFO root] -0.39553001523017883 0.209294855594635 -1.7586063838109678
[9 INFO root] -0.3954928517341614 0.2094915211200714 -1.7692856211097696
[9 INFO root] -0.39545443654060364 0.2096835970878601 -1.780314900968622
[9 INFO root] -0.3954146206378937 0.20987185835838318 -1.7917000212685767
[9 INFO root] -0.3953733742237091 0.21005655825138092 -1.8034420882261875
[9 INFO root] -0.3953306972980499 0.2102375477552414 -1.815536418571819
[9 INFO root] -0.39528679847717285 0.21041430532932281 -1.8279709606350294
[9 INFO root] -0.395241916179657 0.2105857878923416 -1.8407246245680822
[9 INFO root] -0.3951966464519501 0.2107502669095993 -1.8537671274862189
[9 INFO root] -0.3951517641544342 0.21090543270111084 -1.867060089217813
[9 INFO root] -0.39510828256607056 0.21104857325553894 -1.8805570350453522
[9 INFO root] -0.3950675129890442 0.21117666363716125 -1.8942037835539058
[9 INFO root] -0.3950308859348297 0.2112864851951599 -1.9079437170980809
[9 INFO root] -0.39500004053115845 0.2113749384880066 -1.9217209304914378
[9 INFO root] -0.39497673511505127 0.21143902838230133 -1.9354787872113826
[9 INFO root] -0.39496269822120667 0.21147602796554565 -1.9491603827665096
[9 INFO root] -0.39495977759361267 0.21148350834846497 -1.962709612759451
[9 INFO root] -0.39496976137161255 0.21145938336849213 -1.9760722247084082
[9 INFO root] -0.3949943482875824 0.21140196919441223 -1.98919676481316
[9 INFO root] -0.39503517746925354 0.21130993962287903 -2.002035384275932
[9 INFO root] -0.3950933516025543 0.21118316054344177 -2.01456145524684
[9 INFO root] -0.3951696753501892 0.21102219820022583 -2.0267596776586227
[9 INFO root] -0.3952646255493164 0.21082806587219238 -2.038622158787831
[9 INFO root] -0.3953785002231598 0.21060213446617126 -2.0501471956118023
[9 INFO root] -0.395511269569397 0.210346058011055 -2.061338263802179
[9 INFO root] -0.395662784576416 0.21006163954734802 -2.072203045538748
[9 INFO root] -0.39583277702331543 0.20975080132484436 -2.0827525366017725
[9 INFO root] -0.3960207402706146 0.2094154953956604 -2.093000258856479
[9 INFO root] -0.3962262272834778 0.20905767381191254 -2.1029615884346278
[9 INFO root] -0.3964485824108124 0.20867924392223358 -2.1126531983179824
[9 INFO root] -0.39668717980384827 0.20828203856945038 -2.1220926063502636
[9 INFO root] -0.3969413638114929 0.2078678160905838 -2.13129781529058
[9 INFO root] -0.3972104489803314 0.20743824541568756 -2.1402870296806635
[9 INFO root] -0.39749374985694885 0.206994891166687 -2.1490784344219755
[9 INFO root] -0.3977906405925751 0.20653922855854034 -2.1576900215532517
[9 INFO root] -0.3981004059314728 0.206072598695755 -2.166139454378311
[9 INFO root] -0.3984224200248718 0.20559631288051605 -2.174443961432871
[9 INFO root] -0.39875611662864685 0.2051115185022354 -2.1826202563646526
[9 INFO root] -0.3991008698940277 0.20461931824684143 -2.1906844831086882
[9 INFO root] -0.3994561433792114 0.2041207104921341 -2.198652610602559
[9 INFO root] -0.3998209834098816 0.20361723005771637 -2.206555304546321
[9 INFO root] -0.40019452571868896 0.2031102478504181 -2.214423136102275
[9 INFO root] -0.4005759656429291 0.20260095596313477 -2.2222827918134938
[9 INFO root] -0.4009646773338318 0.20209036767482758 -2.23015839018125
[9 INFO root] -0.40136009454727173 0.20157940685749054 -2.2380727613804865
[9 INFO root] -0.40176165103912354 0.20106887817382812 -2.2460477941838173
[9 INFO root] -0.4021688997745514 0.20055952668190002 -2.2541044350346953
[9 INFO root] -0.4025813937187195 0.20005200803279877 -2.262262589577879
[9 INFO root] -0.40299883484840393 0.1995469182729721 -2.2705409682345827
[9 INFO root] -0.40342089533805847 0.19904471933841705 -2.2789568678808654
[9 INFO root] -0.4038473665714264 0.19854585826396942 -2.2875259104307375
[9 INFO root] -0.40427809953689575 0.19805064797401428 -2.2962617847106945
[9 INFO root] -0.4047130346298218 0.19755932688713074 -2.305176006927215
[9 INFO root] -0.4051521420478821 0.19707205891609192 -2.3142776948351407
[9 INFO root] -0.4055955708026886 0.19658894836902618 -2.3235733436946795
[9 INFO root] -0.4060434401035309 0.19610996544361115 -2.333066588062187
[9 INFO root] -0.40649598836898804 0.19563506543636322 -2.342757929883775
[9 INFO root] -0.4069535732269287 0.19516409933567047 -2.3526444078787976
[9 INFO root] -0.40740254521369934 0.19471101462841034 -2.361484167839969
[9 INFO root] -0.4078177511692047 0.19429939985275269 -2.367068644253568
[9 INFO root] -0.4081999957561493 0.1939249187707901 -2.3693582019414903
[9 INFO root] -0.40855374932289124 0.19358021020889282 -2.3685446641279007
[9 INFO root] -0.40888354182243347 0.19325850903987885 -2.3647873410168607
[9 INFO root] -0.4091939926147461 0.19295357167720795 -2.358216086164073
[9 INFO root] -0.40948963165283203 0.19265954196453094 -2.3489356352475066
[9 INFO root] -0.4097747802734375 0.19237078726291656 -2.337029765253269
[9 INFO root] -0.4100535809993744 0.1920817792415619 -2.3225655526841433
[9 INFO root] -0.4103299379348755 0.1917870193719864 -2.3055979584675503
[9 INFO root] -0.4106074273586273 0.19148093461990356 -2.286174883350909
[9 INFO root] -0.41088929772377014 0.19115780293941498 -2.2643427256953674
[9 INFO root] -0.4111781716346741 0.19081176817417145 -2.240152340425197
[9 INFO root] -0.411476194858551 0.19043686985969543 -2.213665160693925
[9 INFO root] -0.41178473830223083 0.19002707302570343 -2.1849591267906
[9 INFO root] -0.4121043384075165 0.18957637250423431 -2.1541339938807598
[9 INFO root] -0.4124346673488617 0.18907897174358368 -2.121315576942784
[9 INFO root] -0.41277429461479187 0.18852944672107697 -2.0866585398378295
[9 INFO root] -0.413120836019516 0.18792292475700378 -2.0503474349161044
[9 INFO root] -0.41347089409828186 0.18725530803203583 -2.0125958313365224
[9 INFO root] -0.41382017731666565 0.18652352690696716 -1.9736435152304237
[9 INFO root] -0.4141627252101898 0.18572784960269928 -1.933776556947182
[9 INFO root] -0.4144899249076843 0.18487612903118134 -1.8933451508118968
[9 INFO root] -0.41479751467704773 0.1839675009250641 -1.8525828435433973
[9 INFO root] -0.4150814116001129 0.18300092220306396 -1.8117205798062992
[9 INFO root] -0.41533738374710083 0.18197648227214813 -1.770997541832526
[9 INFO root] -0.41556113958358765 0.18089547753334045 -1.7306564328167566
[9 INFO root] -0.41574835777282715 0.17976248264312744 -1.6909391606996298
[9 INFO root] -0.41589412093162537 0.17859314382076263 -1.6520579648901779
[9 INFO root] -0.41599634289741516 0.17739473283290863 -1.6141708731553344
[9 INFO root] -0.4160539209842682 0.17617321014404297 -1.5774054775532176
[9 INFO root] -0.41606661677360535 0.17493434250354767 -1.5418635914164383
[9 INFO root] -0.4160348176956177 0.17368346452713013 -1.5076232235439424
[9 INFO root] -0.41595953702926636 0.1724255084991455 -1.4747410489830313
[9 INFO root] -0.4158422350883484 0.1711648404598236 -1.4432552344092673
[9 INFO root] -0.4156847298145294 0.16990526020526886 -1.4131883963316039
[9 INFO root] -0.4154891073703766 0.16865003108978271 -1.3845504970993445
[9 INFO root] -0.41525763273239136 0.16740183532238007 -1.3573415275245109
[9 INFO root] -0.4149926006793976 0.16616284847259521 -1.331553874775667
[9 INFO root] -0.41469672322273254 0.16493608057498932 -1.3071510930881982
[9 INFO root] -0.4143730401992798 0.16372504830360413 -1.284066760609567
[9 INFO root] -0.41402468085289 0.16253338754177094 -1.262206418467157
[9 INFO root] -0.4136546552181244 0.16136367619037628 -1.2414727818409956
[9 INFO root] -0.413265585899353 0.16021740436553955 -1.2217738804563019
[9 INFO root] -0.412859708070755 0.15909521281719208 -1.2030262676824452
[9 INFO root] -0.4124390184879303 0.15799711644649506 -1.185155891622927
[9 INFO root] -0.41200512647628784 0.15692272782325745 -1.1680979393230977
[9 INFO root] -0.41158294677734375 0.1559266299009323 -1.1529007923401546
[9 INFO root] -0.41117942333221436 0.15501391887664795 -1.1396588005530788
[9 INFO root] -0.41079404950141907 0.15417300164699554 -1.1281843837370304
[9 INFO root] -0.4104253351688385 0.15339262783527374 -1.1183044569201575
[9 INFO root] -0.4100717008113861 0.1526632308959961 -1.1098758732634315
[9 INFO root] -0.4097314476966858 0.1519765406847 -1.1027796492567759
[9 INFO root] -0.4094029664993286 0.15132547914981842 -1.0969160723576716
[9 INFO root] -0.40908464789390564 0.15070384740829468 -1.09220055351932
[9 INFO root] -0.4087749421596527 0.15010622143745422 -1.0885606347881014
[9 INFO root] -0.4084724187850952 0.14952772855758667 -1.0859336496843977
[9 INFO root] -0.40817561745643616 0.14896398782730103 -1.0842647382762873
[9 INFO root] -0.4078831970691681 0.14841094613075256 -1.083505110667158
[9 INFO root] -0.40759390592575073 0.14786489307880402 -1.0836105007650159
[9 INFO root] -0.407308429479599 0.1473260372877121 -1.0843781952825056
[9 INFO root] -0.40703085064888 0.14680126309394836 -1.08529614402087
[9 INFO root] -0.4067595303058624 0.14628714323043823 -1.086244703496604
[9 INFO root] -0.40649229288101196 0.1457795798778534 -1.087162730056459
[9 INFO root] -0.4062272906303406 0.14527514576911926 -1.0880045951563755
[9 INFO root] -0.4059630334377289 0.14477112889289856 -1.0887394964612018
[9 INFO root] -0.4056984484195709 0.14426551759243011 -1.0893501076526966
[9 INFO root] -0.40543270111083984 0.1437569558620453 -1.0898309814004765
[9 INFO root] -0.4051653742790222 0.1432446986436844 -1.0901867153075313
[9 INFO root] -0.40489622950553894 0.1427285224199295 -1.0904299709225167
[9 INFO root] -0.4046253263950348 0.14220869541168213 -1.0905796564992414
[9 INFO root] -0.4043530225753784 0.14168596267700195 -1.0906602144174307
[9 INFO root] -0.40408003330230713 0.1411617547273636 -1.090704717951938
[9 INFO root] -0.4038071036338806 0.14063765108585358 -1.0907457259924633
[9 INFO root] -0.40353503823280334 0.14011512696743011 -1.0908124880090313
[9 INFO root] -0.4032645523548126 0.13959553837776184 -1.0909305429889917
[9 INFO root] -0.4029962718486786 0.13908007740974426 -1.0911217101844946
[9 INFO root] -0.402730792760849 0.13856974244117737 -1.0914042391881609
[9 INFO root] -0.40246856212615967 0.13806535303592682 -1.091793066068507
[9 INFO root] -0.4022100269794464 0.13756757974624634 -1.0923001348520591
[9 INFO root] -0.4019554555416107 0.13707686960697174 -1.0929347501836666
[9 INFO root] -0.4017050862312317 0.1365935206413269 -1.0937039354922147
[9 INFO root] -0.40145909786224365 0.13611772656440735 -1.0946127787633664
[9 INFO root] -0.4012175500392914 0.13564950227737427 -1.095664754289352
[9 INFO root] -0.4009804427623749 0.1351887434720993 -1.096862013734816
[9 INFO root] -0.40074777603149414 0.13473525643348694 -1.098205643681151
[9 INFO root] -0.4005194306373596 0.1342887580394745 -1.0996958896130147
[9 INFO root] -0.40029531717300415 0.1338488906621933 -1.1013323482300494
[9 INFO root] -0.400075227022171 0.13341522216796875 -1.103114131156931
[9 INFO root] -0.3998589813709259 0.13298727571964264 -1.1050400037371022
[9 INFO root] -0.3996464014053345 0.13256452977657318 -1.1071085027677325
[9 INFO root] -0.399436891078949 0.13214577734470367 -1.1093069728737457
[9 INFO root] -0.3992299735546112 0.13172990083694458 -1.1116247596911946
[9 INFO root] -0.39902523159980774 0.13131606578826904 -1.1140563224859241
[9 INFO root] -0.39882248640060425 0.1309037208557129 -1.1166003726568599
[9 INFO root] -0.3986215591430664 0.1304924488067627 -1.1192587775667187
[9 INFO root] -0.39842236042022705 0.13008199632167816 -1.122035629910003
[9 INFO root] -0.39822492003440857 0.12967221438884735 -1.1249364774114565
[9 INFO root] -0.3980291783809662 0.1292629987001419 -1.1279676933386953
[9 INFO root] -0.3978351950645447 0.12885428965091705 -1.131135970229305
[9 INFO root] -0.39764299988746643 0.12844602763652802 -1.1344479182688714
[9 INFO root] -0.3974526524543762 0.12803815305233002 -1.1379097669007807
[9 INFO root] -0.39726415276527405 0.12763063609600067 -1.1415271595208867
[9 INFO root] -0.3970775604248047 0.12722337245941162 -1.145305025361805
[9 INFO root] -0.3968929052352905 0.12681633234024048 -1.1492482428404225
[9 INFO root] -0.39671024680137634 0.12640947103500366 -1.1533613473948898
[9 INFO root] -0.3965246081352234 0.1259913295507431 -1.157471655823735
[9 INFO root] -0.3963318169116974 0.125552237033844 -1.1614291615799361
[9 INFO root] -0.39613187313079834 0.12509185075759888 -1.1652218695254077
[9 INFO root] -0.3959251642227173 0.12461096048355103 -1.168853432112608
[9 INFO root] -0.3957122266292572 0.12411053478717804 -1.1723299574341037
[9 INFO root] -0.39549365639686584 0.12359178066253662 -1.1756599977084083
[9 INFO root] -0.3952699899673462 0.12305604666471481 -1.1788538422418948
[9 INFO root] -0.39504194259643555 0.12250478565692902 -1.1819228255777712
[9 INFO root] -0.39481011033058167 0.12193946540355682 -1.1848787573236366
[9 INFO root] -0.3945751190185547 0.12136153131723404 -1.18773346833387
[9 INFO root] -0.39433753490448 0.12077239900827408 -1.1904984595722374
[9 INFO root] -0.39409786462783813 0.1201733946800232 -1.1931846394407346
[9 INFO root] -0.3938566744327545 0.11956575512886047 -1.1958021357500552
[9 INFO root] -0.39361435174942017 0.11895058304071426 -1.1983601694497703
[9 INFO root] -0.3933712840080261 0.11832889169454575 -1.2008669785326516
[9 INFO root] -0.39312782883644104 0.11770156025886536 -1.2033297819986708
[9 INFO root] -0.3928842842578888 0.11706934124231339 -1.205754775266514
[9 INFO root] -0.3926408886909485 0.11643288284540176 -1.2081471498508896
[9 INFO root] -0.39239779114723206 0.11579269915819168 -1.2105111314172357
[9 INFO root] -0.3921552002429962 0.11514921486377716 -1.212850031448103
[9 INFO root] -0.39191320538520813 0.11450274288654327 -1.2151663086976199
[9 INFO root] -0.39167189598083496 0.11385349929332733 -1.2174616373792615
[9 INFO root] -0.3914313018321991 0.11320164054632187 -1.2197369796453825
[9 INFO root] -0.3911914825439453 0.11254721879959106 -1.2219926603977342
[9 INFO root] -0.39095237851142883 0.11189024895429611 -1.2242284428418242
[9 INFO root] -0.39071401953697205 0.11123065650463104 -1.2264436034884192
[9 INFO root] -0.3904763162136078 0.11056835949420929 -1.228637005534454
[9 INFO root] -0.39023923873901367 0.10990320146083832 -1.2308071697408445
[9 INFO root] -0.3900027275085449 0.1092350110411644 -1.232952342080312
[9 INFO root] -0.3897666931152344 0.10856359452009201 -1.2350705575641785
[9 INFO root] -0.38953104615211487 0.10788872838020325 -1.2371597020991134
[9 INFO root] -0.38929569721221924 0.1072101816534996 -1.2392175752385857
[9 INFO root] -0.3890605866909027 0.10652773082256317 -1.2412419473878697
[9 INFO root] -0.38882559537887573 0.10584113746881485 -1.2432306085835134
[9 INFO root] -0.38859066367149353 0.10515017062425613 -1.2451814090508497
[9 INFO root] -0.38835567235946655 0.10445460677146912 -1.2470922923719912
[9 INFO root] -0.38812053203582764 0.10375425219535828 -1.2489613220948101
[9 INFO root] -0.3878852128982544 0.1030488908290863 -1.2507867025479296
[9 INFO root] -0.3876495957374573 0.10233835875988007 -1.2525667945637362
[9 INFO root] -0.3874136209487915 0.10162247717380524 -1.2543001267530949
[9 INFO root] -0.3871772289276123 0.10090111941099167 -1.2559855560148094
[9 INFO root] -0.3869403898715973 0.10017421096563339 -1.2576224431134313
[9 INFO root] -0.3867030739784241 0.09944175183773041 -1.259210749662899
[9 INFO root] -0.38646528124809265 0.09870380908250809 -1.2607510559814061
[9 INFO root] -0.386227011680603 0.09796053916215897 -1.2622445234242892
[9 INFO root] -0.38598835468292236 0.09721215069293976 -1.263692822443805
[9 INFO root] -0.38574934005737305 0.09645890444517136 -1.265098042166162
[9 INFO root] -0.38551008701324463 0.09570111334323883 -1.2664625927194084
[9 INFO root] -0.3852706253528595 0.09493912756443024 -1.2677891080382444
[9 INFO root] -0.3850311040878296 0.09417330473661423 -1.2690803542175675
[9 INFO root] -0.3847915828227997 0.09340403228998184 -1.2703391465080476
[9 INFO root] -0.3845521807670593 0.09263168275356293 -1.2715682765999254
[9 INFO root] -0.3843129873275757 0.09185663610696793 -1.2727704508096418
[9 INFO root] -0.3840740919113159 0.09107924997806549 -1.2739482390739816
[9 INFO root] -0.3838355839252472 0.09029985964298248 -1.2751040341925193
[9 INFO root] -0.38359755277633667 0.08951878547668457 -1.2762400204796802
[9 INFO root] -0.3833600580692291 0.08873632550239563 -1.2773581508431604
[9 INFO root] -0.3831231892108917 0.08795272558927536 -1.278460131255634
[9 INFO root] -0.38288700580596924 0.08716822415590286 -1.2795474115995877
[9 INFO root] -0.38265150785446167 0.08638300001621246 -1.2806211819154656
[9 INFO root] -0.3824167847633362 0.0855972096323967 -1.2816823731516631
