[12 INFO root] Initialising Python Geth Console...
[12 INFO root] Initialising RandB board...
[12 INFO root] Initialising resource sensor...
[12 INFO root] Initialising random-walk...
[12 INFO root] Initialising navigation...
[12 INFO root] Initialising Odo...
[12 INFO root] Initialising odometry...
[12 INFO root] Initialising gps...
[12 INFO root] Initialising Ground sensor...
[12 INFO root] --//-- Starting Experiment --//--
[12 INFO root] x y direction
[12 INFO root] 0.7982069849967957 -0.40236198902130127 0.28113763591124624
[12 INFO root] 0.8000084161758423 -0.40184178948402405 0.4698411033700965
[12 INFO root] 0.8052994012832642 -0.39950498938560486 0.6481935764426084
[12 INFO root] 0.8102974891662598 -0.3960874378681183 0.8031774297105824
[12 INFO root] 0.8136679530143738 -0.39294224977493286 0.960148016302845
[12 INFO root] 0.8158621191978455 -0.3899797201156616 1.135177222317651
[12 INFO root] 0.8176314234733582 -0.38639989495277405 1.3229875161098725
[12 INFO root] 0.8188960552215576 -0.3819670081138611 1.512520798663949
[12 INFO root] 0.8193719387054443 -0.3767436444759369 1.6922751337738002
[12 INFO root] 0.8188565969467163 -0.37104934453964233 1.853935135888739
[12 INFO root] 0.8173490166664124 -0.3652951419353485 1.990912391208252
[12 INFO root] 0.8150477409362793 -0.3598446547985077 2.0933911729038623
[12 INFO root] 0.8123070001602173 -0.3549197018146515 2.167042671910356
[12 INFO root] 0.8094080686569214 -0.3505551815032959 2.2187311699963748
[12 INFO root] 0.8065181374549866 -0.3466869294643402 2.2537013089802773
[12 INFO root] 0.8037190437316895 -0.343219518661499 2.275655337977999
[12 INFO root] 0.8010405898094177 -0.3400557041168213 2.2871801878713245
[12 INFO root] 0.7984898090362549 -0.337118923664093 2.2901767296516535
[12 INFO root] 0.796064555644989 -0.33434852957725525 2.2861632618147754
[12 INFO root] 0.793760359287262 -0.3316989541053772 2.276439205792268
[12 INFO root] 0.7915734648704529 -0.32913729548454285 2.2621546364572165
[12 INFO root] 0.7895013689994812 -0.32664114236831665 2.2443396364132915
[12 INFO root] 0.7875429391860962 -0.32419633865356445 2.2239217229062533
[12 INFO root] 0.7856977581977844 -0.321795254945755 2.201745140954222
[12 INFO root] 0.7839651703834534 -0.31943508982658386 2.1785832766741735
[12 INFO root] 0.7823441028594971 -0.31711649894714355 2.1551378552640954
[12 INFO root] 0.7808319926261902 -0.3148422837257385 2.1320314046203315
[12 INFO root] 0.7794252634048462 -0.3126164376735687 2.1097986252458076
[12 INFO root] 0.7781187295913696 -0.31044328212738037 2.088883208691334
[12 INFO root] 0.7769063711166382 -0.3083270788192749 2.069639944333633
[12 INFO root] 0.7757812738418579 -0.30627164244651794 2.0523425505673645
[12 INFO root] 0.7747359871864319 -0.304280161857605 2.0371936591517885
[12 INFO root] 0.7737630605697632 -0.3023551106452942 2.024335559032416
[12 INFO root] 0.7728549242019653 -0.30049827694892883 2.0138623062744774
[12 INFO root] 0.7720041871070862 -0.29871055483818054 2.005831667102366
[12 INFO root] 0.771203875541687 -0.2969922423362732 2.000273614615316
[12 INFO root] 0.7704473733901978 -0.29534295201301575 1.9971953782691103
[12 INFO root] 0.7697321772575378 -0.2937699556350708 1.9963593589341146
[12 INFO root] 0.7690561413764954 -0.2922787368297577 1.9975167975468275
[12 INFO root] 0.7684160470962524 -0.2908704876899719 2.0004859772042556
[12 INFO root] 0.7678083777427673 -0.2895432412624359 2.005143419446349
[12 INFO root] 0.7672290205955505 -0.28829270601272583 2.011406696881093
[12 INFO root] 0.7666738629341125 -0.2871134281158447 2.0192186763166307
[12 INFO root] 0.7661389708518982 -0.28599920868873596 2.028535894215142
[12 INFO root] 0.765620231628418 -0.2849436402320862 2.0393198105110297
[12 INFO root] 0.765113890171051 -0.2839404344558716 2.0515295271454743
[12 INFO root] 0.7646164298057556 -0.282983660697937 2.0651171107139037
[12 INFO root] 0.7641095519065857 -0.2820400595664978 2.0786022985256016
[12 INFO root] 0.7635881900787354 -0.28110024333000183 2.091344849301151
[12 INFO root] 0.763054609298706 -0.28016674518585205 2.1032227435263477
[12 INFO root] 0.7625115513801575 -0.27924248576164246 2.114180547095721
[12 INFO root] 0.7619615197181702 -0.27832967042922974 2.124184646131489
[12 INFO root] 0.7614068984985352 -0.27742981910705566 2.1332181032845168
[12 INFO root] 0.76084965467453 -0.2765440344810486 2.141276387991982
[12 INFO root] 0.7602918744087219 -0.27567312121391296 2.1483637074748803
[12 INFO root] 0.759735107421875 -0.27481743693351746 2.154491038230155
[12 INFO root] 0.7591809034347534 -0.27397724986076355 2.1596736017845033
[12 INFO root] 0.7586306929588318 -0.27315253019332886 2.16392978759703
[12 INFO root] 0.7580856084823608 -0.2723431885242462 2.1672801825358947
[12 INFO root] 0.7575467228889465 -0.27154889702796936 2.1697466428009675
[12 INFO root] 0.7570148706436157 -0.2707693576812744 2.1713518267677676
[12 INFO root] 0.7564908862113953 -0.2700040638446808 2.1721187444632917
[12 INFO root] 0.7559753060340881 -0.2692524790763855 2.172070638740571
[12 INFO root] 0.7554687261581421 -0.2685140073299408 2.171230559161246
[12 INFO root] 0.754971444606781 -0.26778799295425415 2.169621503239319
[12 INFO root] 0.7544838190078735 -0.26707369089126587 2.16726602437906
[12 INFO root] 0.754006028175354 -0.26637035608291626 2.1641863287000365
[12 INFO root] 0.7535272240638733 -0.26566094160079956 2.160981151288312
[12 INFO root] 0.7530351877212524 -0.2649267911911011 2.1583343624762508
[12 INFO root] 0.7525298595428467 -0.26416853070259094 2.1562751416942545
[12 INFO root] 0.7520126104354858 -0.2633887231349945 2.1547609038198323
[12 INFO root] 0.7514843940734863 -0.2625896632671356 2.153753002989884
[12 INFO root] 0.7509459853172302 -0.26177334785461426 2.1532159272222913
[12 INFO root] 0.7503981590270996 -0.26094165444374084 2.153115928559238
[12 INFO root] 0.7498483061790466 -0.2601066529750824 2.153110265878548
[12 INFO root] 0.7492983341217041 -0.2592714726924896 2.153110265878548
[12 INFO root] 0.7487484216690063 -0.25843626260757446 2.153110265878548
[12 INFO root] 0.7481984496116638 -0.2576010823249817 2.153110265878548
[12 INFO root] 0.7476484775543213 -0.2567659020423889 2.153110265878548
[12 INFO root] 0.7470985054969788 -0.25593069195747375 2.153110265878548
[12 INFO root] 0.7465485334396362 -0.255095511674881 2.153110265878548
[12 INFO root] 0.7459986209869385 -0.2542603015899658 2.153110265878548
[12 INFO root] 0.745448648929596 -0.25342512130737305 2.153110265878548
[12 INFO root] 0.7448986768722534 -0.2525899410247803 2.153110265878548
[12 INFO root] 0.7443487048149109 -0.2517547309398651 2.153110265878548
[12 INFO root] 0.7437987923622131 -0.25091955065727234 2.153110265878548
[12 INFO root] 0.7432488203048706 -0.2500843405723572 2.153110265878548
[12 INFO root] 0.7426988482475281 -0.2492491602897644 2.153110265878548
[12 INFO root] 0.7421488761901855 -0.24841396510601044 2.153110265878548
[12 INFO root] 0.7415989637374878 -0.24757876992225647 2.153110265878548
[12 INFO root] 0.7410489916801453 -0.2467435896396637 2.153110265878548
[12 INFO root] 0.7404990196228027 -0.24590839445590973 2.153110265878548
[12 INFO root] 0.7399490475654602 -0.24507319927215576 2.153110265878548
[12 INFO root] 0.7393991351127625 -0.2442380040884018 2.153110265878548
[12 INFO root] 0.7388491630554199 -0.24340280890464783 2.153110265878548
[12 INFO root] 0.7382991909980774 -0.24256762862205505 2.153110265878548
[12 INFO root] 0.7377492189407349 -0.2417324334383011 2.153110265878548
[12 INFO root] 0.7371992468833923 -0.24089723825454712 2.153110265878548
[12 INFO root] 0.7366493344306946 -0.24006204307079315 2.153110265878548
[12 INFO root] 0.736099362373352 -0.23922684788703918 2.153110265878548
[12 INFO root] 0.7355493903160095 -0.2383916676044464 2.153110265878548
[12 INFO root] 0.734999418258667 -0.23755647242069244 2.153110265878548
[12 INFO root] 0.7344495058059692 -0.23672127723693848 2.153110265878548
[12 INFO root] 0.7338995337486267 -0.2358860820531845 2.153110265878548
[12 INFO root] 0.7333495616912842 -0.23505088686943054 2.153110265878548
[12 INFO root] 0.7327995896339417 -0.23421569168567657 2.153110265878548
[12 INFO root] 0.7322496771812439 -0.2333805114030838 2.153110265878548
[12 INFO root] 0.7316997051239014 -0.23254531621932983 2.153110265878548
[12 INFO root] 0.7311497330665588 -0.23171012103557587 2.153110265878548
[12 INFO root] 0.7305997610092163 -0.2308749258518219 2.153110265878548
[12 INFO root] 0.7300498485565186 -0.23003973066806793 2.153110265878548
[12 INFO root] 0.729499876499176 -0.22920455038547516 2.153110265878548
[12 INFO root] 0.7289499044418335 -0.2283693552017212 2.153110265878548
[12 INFO root] 0.728399932384491 -0.22753416001796722 2.153110265878548
[12 INFO root] 0.7278500199317932 -0.22669896483421326 2.153110265878548
[12 INFO root] 0.7273000478744507 -0.2258637696504593 2.153110265878548
[12 INFO root] 0.7267500758171082 -0.22502858936786652 2.153110265878548
[12 INFO root] 0.7262001037597656 -0.22419339418411255 2.153110265878548
[12 INFO root] 0.7256501317024231 -0.22335819900035858 2.153110265878548
[12 INFO root] 0.7251002192497253 -0.22252300381660461 2.153110265878548
[12 INFO root] 0.7245502471923828 -0.22168780863285065 2.153110265878548
[12 INFO root] 0.7240002751350403 -0.22085262835025787 2.153110265878548
[12 INFO root] 0.7234503030776978 -0.2200174331665039 2.153110265878548
[12 INFO root] 0.722900390625 -0.21918223798274994 2.153110265878548
[12 INFO root] 0.7223504185676575 -0.21834704279899597 2.153110265878548
[12 INFO root] 0.7218004465103149 -0.217511847615242 2.153110265878548
[12 INFO root] 0.7212504744529724 -0.21667666733264923 2.153110265878548
[12 INFO root] 0.7207005620002747 -0.21584147214889526 2.153110265878548
[12 INFO root] 0.7201505899429321 -0.2150062769651413 2.153110265878548
[12 INFO root] 0.7196006178855896 -0.21417108178138733 2.153110265878548
[12 INFO root] 0.7190506458282471 -0.21333588659763336 2.153110265878548
[12 INFO root] 0.7185007333755493 -0.2125007063150406 2.153110265878548
[12 INFO root] 0.7179507613182068 -0.21166551113128662 2.153110265878548
[12 INFO root] 0.7174007892608643 -0.21083031594753265 2.153110265878548
[12 INFO root] 0.7168508172035217 -0.2099951207637787 2.153110265878548
[12 INFO root] 0.7163008451461792 -0.20915992558002472 2.153110265878548
[12 INFO root] 0.7157509326934814 -0.20832473039627075 2.153110265878548
[12 INFO root] 0.7152009606361389 -0.20748955011367798 2.153110265878548
[12 INFO root] 0.7146509885787964 -0.206654354929924 2.153110265878548
[12 INFO root] 0.7141305208206177 -0.20586396753787994 2.1544446017440073
[12 INFO root] 0.7136549353599548 -0.2051435261964798 2.157908651035814
[12 INFO root] 0.7132228016853333 -0.20449352264404297 2.1635967026736136
[12 INFO root] 0.7128310203552246 -0.2039111852645874 2.171534759216252
[12 INFO root] 0.7124763131141663 -0.20339250564575195 2.181728045826961
[12 INFO root] 0.7121413350105286 -0.20291312038898468 2.193089836905045
[12 INFO root] 0.7118225693702698 -0.2024676352739334 2.2055158798180208
[12 INFO root] 0.7115181684494019 -0.20205307006835938 2.2190293906744043
[12 INFO root] 0.7112260460853577 -0.20166626572608948 2.2336430023484306
[12 INFO root] 0.7109440565109253 -0.20130394399166107 2.249358150513794
[12 INFO root] 0.7106699347496033 -0.20096278190612793 2.2661671071711402
[12 INFO root] 0.710401177406311 -0.20063959062099457 2.284055315632701
[12 INFO root] 0.7101354598999023 -0.20033130049705505 2.303003722110034
[12 INFO root] 0.7098702192306519 -0.20003508031368256 2.3229908915569872
[12 INFO root] 0.7096030712127686 -0.19974839687347412 2.3439947667837386
[12 INFO root] 0.7093315720558167 -0.19946900010108948 2.365993996597431
[12 INFO root] 0.7090532779693604 -0.19919495284557343 2.3889688124211115
[12 INFO root] 0.7087659239768982 -0.19892458617687225 2.4129014702862817
[12 INFO root] 0.7084670662879944 -0.1986566036939621 2.4377762967138357
[12 INFO root] 0.7081544995307922 -0.1983899474143982 2.463579386875014
[12 INFO root] 0.7078257203102112 -0.19812381267547607 2.490298003036614
[12 INFO root] 0.7074784636497498 -0.19785769283771515 2.517919717318752
[12 INFO root] 0.7071103453636169 -0.19759131968021393 2.5464313344768135
[12 INFO root] 0.7067188024520874 -0.19732467830181122 2.575817622485846
[12 INFO root] 0.7063014507293701 -0.19705797731876373 2.6060598722344337
[12 INFO root] 0.7058609127998352 -0.19679483771324158 2.6370772936363682
[12 INFO root] 0.7054305672645569 -0.19655537605285645 2.6685257142643772
[12 INFO root] 0.705012321472168 -0.19633957743644714 2.7003783241309782
[12 INFO root] 0.704603910446167 -0.19614505767822266 2.732648269756607
[12 INFO root] 0.7042030692100525 -0.19596976041793823 2.7653575124830407
[12 INFO root] 0.7038075923919678 -0.19581198692321777 2.7985365561565665
[12 INFO root] 0.7034152746200562 -0.19567036628723145 2.8322221044682907
[12 INFO root] 0.7030237913131714 -0.19554376602172852 2.8664543404832936
[12 INFO root] 0.7026307582855225 -0.19543135166168213 2.901274117055676
[12 INFO root] 0.7022335529327393 -0.19533254206180573 2.936719857198238
[12 INFO root] 0.7018294334411621 -0.195247083902359 2.9728240242819637
[12 INFO root] 0.7014154195785522 -0.19517503678798676 3.0096090403159725
[12 INFO root] 0.7009885907173157 -0.1951168030500412 3.047082547108304
[12 INFO root] 0.7005458474159241 -0.1950732171535492 3.085231943470505
[12 INFO root] 0.7000840902328491 -0.19504545629024506 3.124018202563576
[12 INFO root] 0.6996004581451416 -0.1950351595878601 -3.1198162182297695
[12 INFO root] 0.6990923285484314 -0.19504430890083313 -3.0800132432472456
[12 INFO root] 0.6985576152801514 -0.19507524371147156 -3.039917916045187
[12 INFO root] 0.697995126247406 -0.19513046741485596 -2.9997430933760154
[12 INFO root] 0.6974045634269714 -0.1952124983072281 -2.959758681979796
[12 INFO root] 0.6967869400978088 -0.1953236162662506 -2.920292394307817
[12 INFO root] 0.6961447596549988 -0.195465549826622 -2.881726187397126
[12 INFO root] 0.695482075214386 -0.19563910365104675 -2.844487579382672
[12 INFO root] 0.6948062181472778 -0.19584335386753082 -2.808979979479813
[12 INFO root] 0.694127082824707 -0.19607529044151306 -2.7755423370965233
[12 INFO root] 0.6934552788734436 -0.1963302344083786 -2.74445695191739
[12 INFO root] 0.6928008794784546 -0.19660228490829468 -2.715943508383586
[12 INFO root] 0.6921728849411011 -0.19688479602336884 -2.6901511402868867
[12 INFO root] 0.6915788054466248 -0.19717085361480713 -2.6671544139361307
[12 INFO root] 0.6910244226455688 -0.19745385646820068 -2.64695347495388
[12 INFO root] 0.6905136108398438 -0.19772794842720032 -2.6294774053772603
[12 INFO root] 0.690048336982727 -0.1979883462190628 -2.6145893505015967
[12 INFO root] 0.6896287798881531 -0.19823157787322998 -2.602091983832617
[12 INFO root] 0.6892535090446472 -0.1984555870294571 -2.591732332035693
[12 INFO root] 0.6889195442199707 -0.1986597329378128 -2.5832057124822727
[12 INFO root] 0.6886227130889893 -0.198844775557518 -2.576159337171029
[12 INFO root] 0.6883575916290283 -0.19901271164417267 -2.570196806099189
[12 INFO root] 0.6881178021430969 -0.1991666704416275 -2.564885064513515
[12 INFO root] 0.6878960728645325 -0.19931074976921082 -2.55976527784337
[12 INFO root] 0.6876844763755798 -0.19944976270198822 -2.554368414397051
[12 INFO root] 0.6874749064445496 -0.1995890885591507 -2.54823520968735
[12 INFO root] 0.6872591972351074 -0.19973434507846832 -2.5409389129881625
[12 INFO root] 0.6870298385620117 -0.19989125430583954 -2.5321082203170167
[12 INFO root] 0.6867800951004028 -0.20006531476974487 -2.521447461990066
[12 INFO root] 0.6865044832229614 -0.20026172697544098 -2.5087515623467236
[12 INFO root] 0.6861991286277771 -0.2004851996898651 -2.493914318089271
[12 INFO root] 0.6858615875244141 -0.2007398158311844 -2.4769297338292335
[12 INFO root] 0.6854914426803589 -0.201028972864151 -2.4578871155802124
[12 INFO root] 0.6850895285606384 -0.20135527849197388 -2.436961153535006
[12 INFO root] 0.6846582889556885 -0.2017204761505127 -2.414398343739642
[12 INFO root] 0.6842013597488403 -0.2021254003047943 -2.390500961954148
[12 INFO root] 0.6837230324745178 -0.20256993174552917 -2.3656095977870732
[12 INFO root] 0.6832283139228821 -0.20305316150188446 -2.3400851243385197
[12 INFO root] 0.6827220320701599 -0.20357346534729004 -2.3142909884269667
[12 INFO root] 0.682208776473999 -0.20412887632846832 -2.288576863812244
[12 INFO root] 0.6816922426223755 -0.2047174870967865 -2.2632649631260153
[12 INFO root] 0.6811749339103699 -0.2053379863500595 -2.2386405444928394
[12 INFO root] 0.6806579828262329 -0.20599019527435303 -2.214948190579265
[12 INFO root] 0.6801408529281616 -0.2066754847764969 -2.1923950110897024
[12 INFO root] 0.679621696472168 -0.20739690959453583 -2.171160746047071
[12 INFO root] 0.6790976524353027 -0.2081589251756668 -2.1514100655936716
[12 INFO root] 0.678565502166748 -0.2089667171239853 -2.1332934384401203
[12 INFO root] 0.6780222654342651 -0.2098250836133957 -2.1169551823255826
[12 INFO root] 0.6774658560752869 -0.21073730289936066 -2.1025390806583277
[12 INFO root] 0.676895260810852 -0.21170419454574585 -2.0901854383929113
[12 INFO root] 0.6763107776641846 -0.21272367238998413 -2.0800208364484103
[12 INFO root] 0.6757135391235352 -0.21379084885120392 -2.072144869287555
[12 INFO root] 0.6751053333282471 -0.21489866077899933 -2.0666172187423153
[12 INFO root] 0.6744878888130188 -0.21603865921497345 -2.063452604746229
[12 INFO root] 0.673862874507904 -0.2172020971775055 -2.0625752678288443
[12 INFO root] 0.673231303691864 -0.21838094294071198 -2.0637646524362956
[12 INFO root] 0.6725896596908569 -0.21957559883594513 -2.0653085629463375
[12 INFO root] 0.6719408631324768 -0.22077934443950653 -2.067015997175035
[12 INFO root] 0.6712881922721863 -0.22198539972305298 -2.068879063481924
[12 INFO root] 0.670634388923645 -0.223188117146492 -2.0708843578647103
[12 INFO root] 0.6699818968772888 -0.2243828922510147 -2.0730147079075465
[12 INFO root] 0.6693323850631714 -0.22556611895561218 -2.075250866876872
[12 INFO root] 0.6686874032020569 -0.22673504054546356 -2.0775727999326
[12 INFO root] 0.6680479049682617 -0.22788763046264648 -2.079960609530987
[12 INFO root] 0.667414665222168 -0.2290225327014923 -2.0823951656159445
[12 INFO root] 0.6667882800102234 -0.2301388382911682 -2.0848585066742817
[12 INFO root] 0.6661690473556519 -0.231236070394516 -2.0873340708412136
[12 INFO root] 0.6655570864677429 -0.2323140949010849 -2.0898068065042303
[12 INFO root] 0.6649525165557861 -0.2333730310201645 -2.0922632017259812
[12 INFO root] 0.6643552780151367 -0.23441320657730103 -2.0946912624173546
[12 INFO root] 0.6637651920318604 -0.23543515801429749 -2.0970805018801633
[12 INFO root] 0.6631819605827332 -0.23643967509269714 -2.099422045958792
[12 INFO root] 0.6626051664352417 -0.2374277263879776 -2.10170864906952
[12 INFO root] 0.662034273147583 -0.23840056359767914 -2.1039346676301367
[12 INFO root] 0.6614686250686646 -0.2393595427274704 -2.1060960191934655
[12 INFO root] 0.660907506942749 -0.24030616879463196 -2.1081901272019548
[12 INFO root] 0.6603500843048096 -0.24124203622341156 -2.1102158453656292
[12 INFO root] 0.6597955822944641 -0.24216876924037933 -2.1121733540691094
[12 INFO root] 0.659243106842041 -0.24308793246746063 -2.1140640214208064
[12 INFO root] 0.658691942691803 -0.24400104582309723 -2.115890223633858
[12 INFO root] 0.6581413745880127 -0.244909405708313 -2.1176551220296944
[12 INFO root] 0.6575908064842224 -0.24581411480903625 -2.1193623984209844
[12 INFO root] 0.6570398211479187 -0.24671603739261627 -2.12101596310916
[12 INFO root] 0.6564881801605225 -0.2476157397031784 -2.122619653205511
[12 INFO root] 0.6559357047080994 -0.24851348996162415 -2.124176941712809
[12 INFO root] 0.6553824543952942 -0.24940936267375946 -2.1256906777565416
[12 INFO root] 0.6548286080360413 -0.25030314922332764 -2.127162874720813
[12 INFO root] 0.6542744636535645 -0.25119447708129883 -2.128594556925677
[12 INFO root] 0.6537203788757324 -0.2520829141139984 -2.129985668450978
[12 INFO root] 0.6531667709350586 -0.25296780467033386 -2.131335041240979
[12 INFO root] 0.6526141166687012 -0.25384852290153503 -2.132640414727687
[12 INFO root] 0.6520628333091736 -0.2547244429588318 -2.1338984963118555
[12 INFO root] 0.6515134572982788 -0.255594938993454 -2.1351050510528475
[12 INFO root] 0.650966465473175 -0.2564593255519867 -2.1362550094405495
[12 INFO root] 0.6504222750663757 -0.25731712579727173 -2.137342583630476
[12 INFO root] 0.6498813033103943 -0.2581678032875061 -2.1383613845207594
[12 INFO root] 0.6493439078330994 -0.259010910987854 -2.139304534143219
[12 INFO root] 0.6488104462623596 -0.2598460614681244 -2.140164769766865
[12 INFO root] 0.6482812762260437 -0.26067301630973816 -2.1409348919095437
[12 INFO root] 0.6477563977241516 -0.26149171590805054 -2.1416081321782205
[12 INFO root] 0.6472359895706177 -0.26230230927467346 -2.1421782518832875
[12 INFO root] 0.6467200517654419 -0.2631049156188965 -2.142639544315741
[12 INFO root] 0.6462072730064392 -0.26390179991722107 -2.142995679708285
[12 INFO root] 0.6456906199455261 -0.26470398902893066 -2.143294662057483
[12 INFO root] 0.6451699733734131 -0.2655118703842163 -2.1435484847918365
[12 INFO root] 0.6446459889411926 -0.2663244605064392 -2.1437643457928095
[12 INFO root] 0.6441192030906677 -0.26714104413986206 -2.143948393196571
[12 INFO root] 0.6435900330543518 -0.26796093583106995 -2.1441057869349116
[12 INFO root] 0.6430588960647583 -0.2687836289405823 -2.144240853659214
[12 INFO root] 0.6425260901451111 -0.26960864663124084 -2.1443572196712593
[12 INFO root] 0.6419918537139893 -0.270435631275177 -2.1444579231535923
[12 INFO root] 0.6414564847946167 -0.2712642252445221 -2.1445455087504692
[12 INFO root] 0.640920102596283 -0.272094190120697 -2.1446221071747518
[12 INFO root] 0.6403829455375671 -0.2729252874851227 -2.14468950214117
[12 INFO root] 0.6398450136184692 -0.27375733852386475 -2.144749186594376
[12 INFO root] 0.6393065452575684 -0.2745901942253113 -2.1448024099091505
[12 INFO root] 0.6387675404548645 -0.27542370557785034 -2.144850217487862
[12 INFO root] 0.638228178024292 -0.27625778317451477 -2.1448934839624303
[12 INFO root] 0.637688398361206 -0.2770923376083374 -2.1449329410216826
[12 INFO root] 0.637148380279541 -0.2779272794723511 -2.144969200725446
[12 INFO root] 0.6366080641746521 -0.278762549161911 -2.1450027750313168
[12 INFO root] 0.6360675692558289 -0.27959808707237244 -2.1450340921450173
[12 INFO root] 0.6355268359184265 -0.2804338335990906 -2.1450635102080238
[12 INFO root] 0.6349859833717346 -0.28126978874206543 -2.14509132875383
[12 INFO root] 0.6344450116157532 -0.2821058928966522 -2.1451177982951313
[12 INFO root] 0.6339038610458374 -0.28294211626052856 -2.1451431283457283
[12 INFO root] 0.6333626508712769 -0.28377848863601685 -2.145167494131854
[12 INFO root] 0.6328213810920715 -0.2846149206161499 -2.145191042206524
[12 INFO root] 0.6322799921035767 -0.2854514420032501 -2.1452138951457678
[12 INFO root] 0.631738543510437 -0.28628799319267273 -2.1452361554765385
[12 INFO root] 0.6311970353126526 -0.2871246337890625 -2.1452579089618546
[12 INFO root] 0.6306554675102234 -0.28796130418777466 -2.145279227348098
[12 INFO root] 0.6301138401031494 -0.2887980043888092 -2.1453001706624804
[12 INFO root] 0.6295722126960754 -0.28963473439216614 -2.1453207891341783
[12 INFO root] 0.6290305256843567 -0.29047149419784546 -2.1453411248007366
[12 INFO root] 0.6284887790679932 -0.2913082540035248 -2.1453612128512773
[12 INFO root] 0.6279470324516296 -0.2921450436115265 -2.1453810827495245
[12 INFO root] 0.6274052858352661 -0.2929818630218506 -2.145400759172772
[12 INFO root] 0.626863420009613 -0.2938186824321747 -2.1454202627969097
[12 INFO root] 0.6263216137886047 -0.2946554720401764 -2.145439610952735
[12 INFO root] 0.6257797479629517 -0.2954923212528229 -2.145458818174617
[12 INFO root] 0.6252378225326538 -0.296329140663147 -2.1454778966591728
[12 INFO root] 0.624695897102356 -0.29716596007347107 -2.1454968566487493
[12 INFO root] 0.6241539716720581 -0.29800280928611755 -2.1455157067519246
[12 INFO root] 0.6236119866371155 -0.29883962869644165 -2.145534454211471
[12 INFO root] 0.6230700016021729 -0.29967644810676575 -2.1455531051283594
[12 INFO root] 0.6225279569625854 -0.30051329731941223 -2.1455716646489464
[12 INFO root] 0.6219859719276428 -0.30135011672973633 -2.1455901371215034
[12 INFO root] 0.6214438676834106 -0.3021869361400604 -2.1456085262270026
[12 INFO root] 0.6209018230438232 -0.3030237555503845 -2.145626835088477
[12 INFO root] 0.6203597187995911 -0.303860604763031 -2.145645066362381
[12 INFO root] 0.6198176145553589 -0.3046974241733551 -2.1456632223150036
[12 INFO root] 0.6192754507064819 -0.3055342435836792 -2.145681304886287
[12 INFO root] 0.618733286857605 -0.3063710331916809 -2.1456993157432023
[12 INFO root] 0.618191123008728 -0.307207852602005 -2.145717256324326
[12 INFO root] 0.6176489591598511 -0.3080446720123291 -2.1457351278771273
[12 INFO root] 0.6171067357063293 -0.3088814616203308 -2.1457529314891146
[12 INFO root] 0.6165645122528076 -0.3097182810306549 -2.145770668113881
[12 INFO root] 0.6160222291946411 -0.3105550706386566 -2.1457883385928413
[12 INFO root] 0.6154800057411194 -0.3113918602466583 -2.1458059436734347
[12 INFO root] 0.6149376630783081 -0.31222864985466003 -2.145823484024311
[12 INFO root] 0.6143953800201416 -0.31306543946266174 -2.145840960248044
[12 INFO root] 0.6138530373573303 -0.31390222907066345 -2.1458583728917415
[12 INFO root] 0.613310694694519 -0.31473901867866516 -2.145875722455917
[12 INFO root] 0.6127683520317078 -0.3155757784843445 -2.145893009401907
[12 INFO root] 0.6122259497642517 -0.3164125680923462 -2.1459102341580674
[12 INFO root] 0.6116835474967957 -0.3172493278980255 -2.1459273971249506
[12 INFO root] 0.6111411452293396 -0.31808608770370483 -2.1459444986796377
[12 INFO root] 0.6105987429618835 -0.31892284750938416 -2.1459615391793663
[12 INFO root] 0.6100562810897827 -0.3197596073150635 -2.145978518964549
[12 INFO root] 0.6095138192176819 -0.3205963671207428 -2.145995438361301
[12 INFO root] 0.6089712977409363 -0.3214331269264221 -2.1460122976835643
[12 INFO root] 0.6084288358688354 -0.32226985692977905 -2.1460290972348663
[12 INFO root] 0.6078863143920898 -0.3231066167354584 -2.146045837309815
[12 INFO root] 0.6073437333106995 -0.3239433467388153 -2.1460625181953126
[12 INFO root] 0.6068012118339539 -0.32478007674217224 -2.1460791401716044
[12 INFO root] 0.6062586307525635 -0.32561683654785156 -2.1460957035131574
[12 INFO root] 0.6057168245315552 -0.3264522850513458 -2.1461212650387167
[12 INFO root] 0.6051769852638245 -0.32728472352027893 -2.1461684759048167
[12 INFO root] 0.604640007019043 -0.3281126916408539 -2.1462475787313164
[12 INFO root] 0.6041064858436584 -0.3289351761341095 -2.146365626232408
[12 INFO root] 0.6035767793655396 -0.329751580953598 -2.146526868422984
[12 INFO root] 0.603050947189331 -0.33056169748306274 -2.1467331707180595
[12 INFO root] 0.602528989315033 -0.33136552572250366 -2.146984379162466
[12 INFO root] 0.6020106077194214 -0.33216336369514465 -2.1472786359797995
[12 INFO root] 0.6014955043792725 -0.3329557478427887 -2.1476126517803884
[12 INFO root] 0.6009831428527832 -0.3337433338165283 -2.147981958742741
[12 INFO root] 0.6004729270935059 -0.334526926279068 -2.1483812060008476
[12 INFO root] 0.5999643206596375 -0.33530741930007935 -2.1488043418271685
[12 INFO root] 0.5994566082954407 -0.33608579635620117 -2.149244736774665
[12 INFO root] 0.5989490747451782 -0.33686310052871704 -2.1496952856276255
[12 INFO root] 0.5984411239624023 -0.33764034509658813 -2.1501484973684164
[12 INFO root] 0.597931981086731 -0.3384186327457428 -2.1505965770107918
[12 INFO root] 0.5974209904670715 -0.3391990065574646 -2.151031502554553
[12 INFO root] 0.5969074368476868 -0.3399825692176819 -2.1514451001720754
[12 INFO root] 0.5963906049728394 -0.34077030420303345 -2.1518291206969216
[12 INFO root] 0.5958700180053711 -0.3415631949901581 -2.1521753204964953
[12 INFO root] 0.5953450202941895 -0.3423621654510498 -2.15247554980437
[12 INFO root] 0.5948151350021362 -0.3431680500507355 -2.1527218514671107
[12 INFO root] 0.594279944896698 -0.3439815938472748 -2.152906572709318
[12 INFO root] 0.5937390327453613 -0.3448033928871155 -2.1530224918229
[12 INFO root] 0.5931922197341919 -0.34563401341438293 -2.1530629605496743
[12 INFO root] 0.5926425457000732 -0.34646886587142944 -2.1530662463290096
[12 INFO root] 0.5920926332473755 -0.3473040759563446 -2.1530662463290096
[12 INFO root] 0.5915427207946777 -0.34813928604125977 -2.1530662463290096
[12 INFO root] 0.59099280834198 -0.3489744961261749 -2.1530662463290096
[12 INFO root] 0.5904428362846375 -0.3498097360134125 -2.1530662463290096
[12 INFO root] 0.5898929238319397 -0.35064494609832764 -2.1530662463290096
[12 INFO root] 0.5893430113792419 -0.3514801561832428 -2.1530662463290096
[12 INFO root] 0.5887930989265442 -0.35231536626815796 -2.1530662463290096
[12 INFO root] 0.5882431864738464 -0.3531506061553955 -2.1530662463290096
[12 INFO root] 0.5876932740211487 -0.35398581624031067 -2.1530662463290096
[12 INFO root] 0.5871433615684509 -0.35482102632522583 -2.1530662463290096
[12 INFO root] 0.5865933895111084 -0.355656236410141 -2.1530662463290096
[12 INFO root] 0.5860434770584106 -0.35649144649505615 -2.1530662463290096
[12 INFO root] 0.5854935646057129 -0.3573266863822937 -2.1530662463290096
[12 INFO root] 0.5849436521530151 -0.35816189646720886 -2.1530662463290096
[12 INFO root] 0.5843937397003174 -0.358997106552124 -2.1530662463290096
[12 INFO root] 0.5838438272476196 -0.3598323166370392 -2.1530662463290096
[12 INFO root] 0.5832938551902771 -0.36066752672195435 -2.1530662463290096
[12 INFO root] 0.5827439427375793 -0.3615027666091919 -2.1530662463290096
[12 INFO root] 0.5821940302848816 -0.36233797669410706 -2.1530662463290096
[12 INFO root] 0.5816441178321838 -0.3631731867790222 -2.1530662463290096
[12 INFO root] 0.5810942053794861 -0.3640083968639374 -2.1530662463290096
[12 INFO root] 0.5805442929267883 -0.3648436367511749 -2.1530662463290096
[12 INFO root] 0.5799943804740906 -0.3656788468360901 -2.1530662463290096
[12 INFO root] 0.579444408416748 -0.36651405692100525 -2.1530662463290096
[12 INFO root] 0.5788944959640503 -0.3673492670059204 -2.1530662463290096
[12 INFO root] 0.5783445835113525 -0.36818447709083557 -2.1530662463290096
[12 INFO root] 0.5777946710586548 -0.3690197169780731 -2.1530662463290096
[12 INFO root] 0.577244758605957 -0.3698549270629883 -2.1530662463290096
[12 INFO root] 0.5766948461532593 -0.37069013714790344 -2.1530662463290096
[12 INFO root] 0.5761449337005615 -0.3715253472328186 -2.1530662463290096
[12 INFO root] 0.575594961643219 -0.37236055731773376 -2.1530662463290096
[12 INFO root] 0.5750450491905212 -0.3731957972049713 -2.1530662463290096
[12 INFO root] 0.5744951367378235 -0.3740310072898865 -2.1530662463290096
[12 INFO root] 0.5739452242851257 -0.37486621737480164 -2.1530662463290096
[12 INFO root] 0.573395311832428 -0.3757014274597168 -2.1530662463290096
[12 INFO root] 0.5728453993797302 -0.37653666734695435 -2.1530662463290096
[12 INFO root] 0.5722954869270325 -0.3773718774318695 -2.1530662463290096
[12 INFO root] 0.5717455148696899 -0.37820708751678467 -2.1530662463290096
[12 INFO root] 0.5711956024169922 -0.37904229760169983 -2.1530662463290096
[12 INFO root] 0.5706456899642944 -0.379877507686615 -2.1530662463290096
[12 INFO root] 0.5700957775115967 -0.38071274757385254 -2.1530662463290096
[12 INFO root] 0.5695458650588989 -0.3815479576587677 -2.1530662463290096
[12 INFO root] 0.5689959526062012 -0.38238316774368286 -2.1530662463290096
[12 INFO root] 0.5684460401535034 -0.383218377828598 -2.1530662463290096
[12 INFO root] 0.5678960680961609 -0.38405361771583557 -2.1530662463290096
[12 INFO root] 0.5673461556434631 -0.38488882780075073 -2.1530662463290096
[12 INFO root] 0.5667962431907654 -0.3857240378856659 -2.1530662463290096
[12 INFO root] 0.5662463307380676 -0.38655924797058105 -2.1530662463290096
[12 INFO root] 0.5656964182853699 -0.3873944580554962 -2.1530662463290096
[12 INFO root] 0.5651465058326721 -0.38822969794273376 -2.1530662463290096
[12 INFO root] 0.5645965337753296 -0.3890649080276489 -2.1530662463290096
[12 INFO root] 0.5640466213226318 -0.3899001181125641 -2.1530662463290096
[12 INFO root] 0.5634967088699341 -0.39073532819747925 -2.1530662463290096
[12 INFO root] 0.5629467964172363 -0.3915705382823944 -2.1530662463290096
[12 INFO root] 0.5623968839645386 -0.39240577816963196 -2.1530662463290096
[12 INFO root] 0.5618469715118408 -0.3932409882545471 -2.1530662463290096
[12 INFO root] 0.5612970590591431 -0.3940761983394623 -2.1530662463290096
[12 INFO root] 0.5607470870018005 -0.39491140842437744 -2.1530662463290096
[12 INFO root] 0.5601971745491028 -0.395746648311615 -2.1530662463290096
[12 INFO root] 0.559647262096405 -0.39658185839653015 -2.1530662463290096
[12 INFO root] 0.5590973496437073 -0.3974170684814453 -2.1530662463290096
[12 INFO root] 0.5585474371910095 -0.3982522785663605 -2.1530662463290096
[12 INFO root] 0.5579975247383118 -0.39908748865127563 -2.1530662463290096
[12 INFO root] 0.5574886798858643 -0.39986032247543335 -2.151818351403129
[12 INFO root] 0.5570338368415833 -0.40055280923843384 -2.148961490038873
[12 INFO root] 0.5566298365592957 -0.4011715054512024 -2.144606336353614
[12 INFO root] 0.5562719702720642 -0.40172451734542847 -2.1388800184381633
[12 INFO root] 0.5559558272361755 -0.40221917629241943 -2.1318848966223922
[12 INFO root] 0.555677056312561 -0.4026620090007782 -2.1237026483898203
[12 INFO root] 0.555431604385376 -0.40305888652801514 -2.114398022826665
[12 INFO root] 0.5552158355712891 -0.40341514348983765 -2.1040219586790845
[12 INFO root] 0.5550262331962585 -0.4037354588508606 -2.0926141861699343
[12 INFO root] 0.5548597574234009 -0.4040241837501526 -2.080205425212035
[12 INFO root] 0.5547134876251221 -0.40428516268730164 -2.0668192785783908
[12 INFO root] 0.5545848608016968 -0.4045220613479614 -2.052473905479046
[12 INFO root] 0.554471492767334 -0.4047381281852722 -2.037183548491652
[12 INFO root] 0.554371178150177 -0.4049365818500519 -2.0209599773739306
[12 INFO root] 0.5542819499969482 -0.405120313167572 -2.0038139042126186
[12 INFO root] 0.5542020797729492 -0.4052923023700714 -1.985756416984015
[12 INFO root] 0.5541298985481262 -0.4054553806781769 -1.9668004710779885
[12 INFO root] 0.5540639162063599 -0.40561234951019287 -1.94696246974012
[12 INFO root] 0.5540027618408203 -0.40576615929603577 -1.9262639542362339
[12 INFO root] 0.5539453625679016 -0.40591979026794434 -1.9047334110883825
[12 INFO root] 0.5538907051086426 -0.4060762822628021 -1.88240818634372
[12 INFO root] 0.5538379549980164 -0.4062388837337494 -1.8593364745403147
[12 INFO root] 0.5537864565849304 -0.40641093254089355 -1.8355793230253206
[12 INFO root] 0.5537358522415161 -0.40659594535827637 -1.8112125600805922
[12 INFO root] 0.5536859631538391 -0.40679752826690674 -1.7863285224623466
[12 INFO root] 0.5536368489265442 -0.40701940655708313 -1.7610374253975813
[12 INFO root] 0.5535888671875 -0.4072653651237488 -1.7354681940923433
[12 INFO root] 0.5535427331924438 -0.40753912925720215 -1.7097685656074177
[12 INFO root] 0.5534993410110474 -0.40784427523612976 -1.6841042818820455
[12 INFO root] 0.5534598231315613 -0.4081842303276062 -1.6586572348079802
[12 INFO root] 0.553425669670105 -0.4085620939731598 -1.633622493942519
[12 INFO root] 0.5533983707427979 -0.40898042917251587 -1.6092042429333164
[12 INFO root] 0.5533796548843384 -0.40944141149520874 -1.585610763353997
[12 INFO root] 0.5533710718154907 -0.4099465310573578 -1.5630487175297436
[12 INFO root] 0.553374171257019 -0.41049668192863464 -1.5417170771553421
[12 INFO root] 0.5533903241157532 -0.41109219193458557 -1.5218011011765173
[12 INFO root] 0.5534205436706543 -0.41173264384269714 -1.503466777068563
[12 INFO root] 0.5534641146659851 -0.41239669919013977 -1.4869179323515227
[12 INFO root] 0.5535191893577576 -0.4130650758743286 -1.4723214244799385
[12 INFO root] 0.5535843968391418 -0.41373470425605774 -1.459785899918223
[12 INFO root] 0.553658127784729 -0.4144040048122406 -1.4493902793957703
[12 INFO root] 0.5537387728691101 -0.41507095098495483 -1.4411840822066735
[12 INFO root] 0.5538246035575867 -0.4157333970069885 -1.4351884634111607
[12 INFO root] 0.5539136528968811 -0.416389137506485 -1.4313990724901482
[12 INFO root] 0.5540041923522949 -0.4170360863208771 -1.4297898726625535
[12 INFO root] 0.5540932416915894 -0.417664110660553 -1.4298010171782745
[12 INFO root] 0.5541764497756958 -0.41825053095817566 -1.4299982418189956
[12 INFO root] 0.5542536377906799 -0.41879507899284363 -1.4302322435031096
[12 INFO root] 0.5543251037597656 -0.41930022835731506 -1.4305039983246275
[12 INFO root] 0.5543912053108215 -0.4197681248188019 -1.430813708800421
[12 INFO root] 0.5544521808624268 -0.42020076513290405 -1.4311610675498925
[12 INFO root] 0.5545083284378052 -0.420600026845932 -1.4315453090775867
[12 INFO root] 0.5545598864555359 -0.4209675192832947 -1.431965267651677
[12 INFO root] 0.5546070337295532 -0.42130494117736816 -1.4324194390187481
[12 INFO root] 0.554650068283081 -0.42161375284194946 -1.4329060430279479
[12 INFO root] 0.5546891689300537 -0.42189541459083557 -1.4334230867360236
[12 INFO root] 0.5547245144844055 -0.4221512973308563 -1.4339684256755316
[12 INFO root] 0.5547564029693604 -0.42238277196884155 -1.4345398231374322
[12 INFO root] 0.5547850131988525 -0.42259112000465393 -1.4351350075082643
[12 INFO root] 0.5548104643821716 -0.42277756333351135 -1.4357517247701126
[12 INFO root] 0.5548329949378967 -0.4229433536529541 -1.4363877890853494
[12 INFO root] 0.5548527836799622 -0.4230895936489105 -1.4370411286171187
[12 INFO root] 0.554870069026947 -0.42321813106536865 -1.4377118404901303
[12 INFO root] 0.5548852682113647 -0.4233313202857971 -1.438401955248856
[12 INFO root] 0.5548985600471497 -0.4234311878681183 -1.439113900401819
[12 INFO root] 0.5549103021621704 -0.42351967096328735 -1.4398501353962347
[12 INFO root] 0.5549206733703613 -0.42359837889671326 -1.440613108496578
[12 INFO root] 0.5549298524856567 -0.4236687123775482 -1.4414052422930645
[12 INFO root] 0.5549408793449402 -0.42375314235687256 -1.4441333944523091
[12 INFO root] 0.5549544095993042 -0.4238593578338623 -1.4495774173182732
[12 INFO root] 0.5549697875976562 -0.4239852726459503 -1.4576747326141917
[12 INFO root] 0.5549861788749695 -0.42412862181663513 -1.4682915970185202
[12 INFO root] 0.555002748966217 -0.4242880344390869 -1.481304710865459
[12 INFO root] 0.5550186634063721 -0.42446276545524597 -1.4966006673968144
[12 INFO root] 0.5550330281257629 -0.4246525168418884 -1.5140747965652017
[12 INFO root] 0.5550450086593628 -0.42485734820365906 -1.5336300502467488
[12 INFO root] 0.5550535917282104 -0.4250776767730713 -1.5551759684994624
[12 INFO root] 0.5550577640533447 -0.4253139793872833 -1.5786277421047132
[12 INFO root] 0.5550563335418701 -0.4255669414997101 -1.6039053755784443
[12 INFO root] 0.5550480484962463 -0.4258371889591217 -1.6309329439882527
[12 INFO root] 0.555031418800354 -0.42612552642822266 -1.659637933697056
[12 INFO root] 0.555004894733429 -0.4264325797557831 -1.68995065351655
[12 INFO root] 0.5549667477607727 -0.4267589747905731 -1.7218036938730068
[12 INFO root] 0.5549151301383972 -0.42710524797439575 -1.755131423451804
[12 INFO root] 0.5548479557037354 -0.427471786737442 -1.7898695002595981
[12 INFO root] 0.55476313829422 -0.4278588891029358 -1.825954374581235
[12 INFO root] 0.5546582341194153 -0.42826661467552185 -1.8633227727790562
[12 INFO root] 0.554530918598175 -0.4286949038505554 -1.9019111442304146
[12 INFO root] 0.5543785691261292 -0.42914342880249023 -1.9416550554123593
[12 INFO root] 0.5541985034942627 -0.4296117126941681 -1.9824885334392282
[12 INFO root] 0.5539880394935608 -0.43009889125823975 -2.0243433377535975
[12 INFO root] 0.5537443161010742 -0.4306040108203888 -2.0671481840357866
[12 INFO root] 0.5534645318984985 -0.4311257004737854 -2.1108278844855
[12 INFO root] 0.5531458854675293 -0.43166229128837585 -2.155302452688873
[12 INFO root] 0.5527855753898621 -0.43221190571784973 -2.20048615579859
[12 INFO root] 0.5523809790611267 -0.4327722489833832 -2.2462865496009314
[12 INFO root] 0.5519296526908875 -0.4333406686782837 -2.292603509671405
[12 INFO root] 0.5514292120933533 -0.4339142441749573 -2.3393282866833927
[12 INFO root] 0.5508777499198914 -0.43448975682258606 -2.386342642849725
[12 INFO root] 0.5502737164497375 -0.43506360054016113 -2.433518101135991
[12 INFO root] 0.5496159791946411 -0.4356319308280945 -2.480715376574493
[12 INFO root] 0.5489039421081543 -0.43619078397750854 -2.5277840121314297
[12 INFO root] 0.548165500164032 -0.43671634793281555 -2.5728651347169436
[12 INFO root] 0.5474411845207214 -0.4371841251850128 -2.6139291687195247
[12 INFO root] 0.5467395782470703 -0.4375970959663391 -2.6510047737889333
[12 INFO root] 0.5460631847381592 -0.43796178698539734 -2.6843246316163443
[12 INFO root] 0.5454133152961731 -0.43828439712524414 -2.7140798392848495
[12 INFO root] 0.5447900891304016 -0.43857070803642273 -2.7404211460710943
[12 INFO root] 0.5441930890083313 -0.4388258755207062 -2.763462476490775
[12 INFO root] 0.543621301651001 -0.43905460834503174 -2.783285023796986
[12 INFO root] 0.5430734157562256 -0.4392610788345337 -2.7999421369678084
[12 INFO root] 0.5425479412078857 -0.4394489824771881 -2.8134653014360507
[12 INFO root] 0.542043149471283 -0.43962162733078003 -2.8238714926151927
[12 INFO root] 0.5415571331977844 -0.4397820234298706 -2.831172197636909
[12 INFO root] 0.5410879850387573 -0.4399329125881195 -2.8353842662202062
[12 INFO root] 0.5406334400177002 -0.4400768280029297 -2.836542507381384
[12 INFO root] 0.5401912331581116 -0.44021615386009216 -2.8347135058397477
[12 INFO root] 0.5397589206695557 -0.44035303592681885 -2.8300095240528784
[12 INFO root] 0.5393341183662415 -0.44048964977264404 -2.8226006672490795
[12 INFO root] 0.5389146208763123 -0.4406278431415558 -2.812722946578906
[12 INFO root] 0.5384986400604248 -0.44076934456825256 -2.8006798054342728
[12 INFO root] 0.5380871295928955 -0.4409147799015045 -2.7867570165502498
[12 INFO root] 0.5376819372177124 -0.4410642683506012 -2.771270996489287
[12 INFO root] 0.537284791469574 -0.44121772050857544 -2.7545678358709296
[12 INFO root] 0.5368975400924683 -0.441374808549881 -2.7369971671126003
[12 INFO root] 0.5365221500396729 -0.44153472781181335 -2.718885062986766
[12 INFO root] 0.5361607670783997 -0.44169649481773376 -2.7005121039988755
[12 INFO root] 0.5358151197433472 -0.44185885787010193 -2.68209887003661
[12 INFO root] 0.5354869961738586 -0.442020446062088 -2.6637991994559655
[12 INFO root] 0.53517746925354 -0.44217997789382935 -2.6457001084953866
[12 INFO root] 0.5348872542381287 -0.4423362910747528 -2.6278264891216274
[12 INFO root] 0.5346173048019409 -0.4424879252910614 -2.610106094373779
[12 INFO root] 0.5343689322471619 -0.4426333010196686 -2.5923613836190014
[12 INFO root] 0.5341424942016602 -0.4427712857723236 -2.574380208292916
[12 INFO root] 0.5339372754096985 -0.44290146231651306 -2.5559384490754944
[12 INFO root] 0.5337506532669067 -0.44302475452423096 -2.53676094721172
[12 INFO root] 0.533579409122467 -0.4431425929069519 -2.51658856878485
[12 INFO root] 0.5334203839302063 -0.44325682520866394 -2.495195317143769
[12 INFO root] 0.5332704186439514 -0.44336944818496704 -2.472386353851816
[12 INFO root] 0.5331264734268188 -0.44348275661468506 -2.447993848287413
[12 INFO root] 0.5329857468605042 -0.4435991942882538 -2.4218729855898053
[12 INFO root] 0.5328453779220581 -0.44372159242630005 -2.3938984392830043
[12 INFO root] 0.5327029824256897 -0.4438529312610626 -2.3639613562562625
[12 INFO root] 0.5325561761856079 -0.4439966380596161 -2.331966845838883
[12 INFO root] 0.5324031114578247 -0.44415637850761414 -2.2978319578482047
[12 INFO root] 0.5322420597076416 -0.4443362355232239 -2.2614841646150463
[12 INFO root] 0.5320718884468079 -0.44454073905944824 -2.222860400834987
[12 INFO root] 0.5318918228149414 -0.44477489590644836 -2.181906775444336
[12 INFO root] 0.5317016839981079 -0.4450441598892212 -2.1385791388675615
[12 INFO root] 0.5315019488334656 -0.4453546404838562 -2.0928447619527764
[12 INFO root] 0.5312938094139099 -0.44571295380592346 -2.044685449893787
[12 INFO root] 0.5310795307159424 -0.44612640142440796 -1.99410249634657
[12 INFO root] 0.5308622717857361 -0.44660279154777527 -1.941123437290169
[12 INFO root] 0.5306466817855835 -0.4471503794193268 -1.8858114424393524
[12 INFO root] 0.5304396748542786 -0.44777509570121765 -1.8283282032547385
[12 INFO root] 0.5302503705024719 -0.44847872853279114 -1.7689334472182803
[12 INFO root] 0.5300888419151306 -0.44926103949546814 -1.7079212481190753
[12 INFO root] 0.529965341091156 -0.45012015104293823 -1.645607794285609
[12 INFO root] 0.5298900008201599 -0.4510524570941925 -1.5823318812356963
[12 INFO root] 0.5298725366592407 -0.4520522356033325 -1.5184550154141292
[12 INFO root] 0.5299215912818909 -0.45311158895492554 -1.454355794825773
[12 INFO root] 0.530044436454773 -0.4542205333709717 -1.3904203735949
[12 INFO root] 0.5302461981773376 -0.4553671181201935 -1.3270308856644013
[12 INFO root] 0.530529797077179 -0.4565379321575165 -1.2645529488433322
[12 INFO root] 0.5308952331542969 -0.45771872997283936 -1.2033234380451312
[12 INFO root] 0.5313400030136108 -0.458895206451416 -1.1436417186759418
[12 INFO root] 0.5318589806556702 -0.46005359292030334 -1.0857656912677636
[12 INFO root] 0.532444953918457 -0.461181104183197 -1.0299070426772423
[12 INFO root] 0.5330885648727417 -0.4622664749622345 -0.9762384857581811
[12 INFO root] 0.5337793231010437 -0.46330010890960693 -0.9248808435730977
[12 INFO root] 0.5345058441162109 -0.464274525642395 -0.8759001010367764
[12 INFO root] 0.535256564617157 -0.46518439054489136 -0.8293113763025712
[12 INFO root] 0.5360205769538879 -0.46602675318717957 -0.7850850347792868
[12 INFO root] 0.536787748336792 -0.4668005108833313 -0.7431534796988786
[12 INFO root] 0.5375492572784424 -0.46750643849372864 -0.7034174551977074
[12 INFO root] 0.5382981300354004 -0.468146950006485 -0.6657835618303685
[12 INFO root] 0.5390288233757019 -0.4687255620956421 -0.6301608437192912
[12 INFO root] 0.539737343788147 -0.46924638748168945 -0.5964511037606822
[12 INFO root] 0.5404207706451416 -0.4697139859199524 -0.5645436784720074
[12 INFO root] 0.5410774946212769 -0.470132976770401 -0.5343112018055332
[12 INFO root] 0.5417067408561707 -0.47050803899765015 -0.5056134026191883
[12 INFO root] 0.5423080325126648 -0.4708433151245117 -0.4783417719480314
[12 INFO root] 0.5428815484046936 -0.47114279866218567 -0.4523874880034733
[12 INFO root] 0.5434280633926392 -0.47141024470329285 -0.42763084801458384
[12 INFO root] 0.5439488291740417 -0.4716492295265198 -0.40394132691424667
[12 INFO root] 0.5444459319114685 -0.47186318039894104 -0.3811817219623246
[12 INFO root] 0.5449218153953552 -0.47205522656440735 -0.35921479611940144
[12 INFO root] 0.545379638671875 -0.47222834825515747 -0.337911024329798
[12 INFO root] 0.5458229184150696 -0.4723851978778839 -0.3171562404601816
[12 INFO root] 0.5462556481361389 -0.47252824902534485 -0.29685852485557906
[12 INFO root] 0.5466819405555725 -0.4726596474647522 -0.27695379531672626
[12 INFO root] 0.5471063852310181 -0.4727812111377716 -0.2574133626238935
[12 INFO root] 0.5475335717201233 -0.472894549369812 -0.23824557657531487
[12 INFO root] 0.547967791557312 -0.4730008840560913 -0.21949325325641067
[12 INFO root] 0.5484128594398499 -0.47310101985931396 -0.20122963674538877
[12 INFO root] 0.5488718748092651 -0.47319552302360535 -0.18355238049023304
[12 INFO root] 0.5493469834327698 -0.4732845723628998 -0.16657582928419884
[12 INFO root] 0.5498395562171936 -0.47336822748184204 -0.15042242476118542
[12 INFO root] 0.5503498315811157 -0.4734463691711426 -0.13521422047573517
[12 INFO root] 0.5508770942687988 -0.47351890802383423 -0.1210655014093194
[12 INFO root] 0.5514200925827026 -0.47358572483062744 -0.10807731805927935
[12 INFO root] 0.5519877672195435 -0.4736480414867401 -0.09617111869351837
[12 INFO root] 0.5525935888290405 -0.4737071692943573 -0.08518608291692178
[12 INFO root] 0.5532301664352417 -0.473762184381485 -0.07523823454801472
[12 INFO root] 0.5538885593414307 -0.473812460899353 -0.06644864370868334
[12 INFO root] 0.5545616149902344 -0.4738578498363495 -0.05891642810670585
[12 INFO root] 0.555243730545044 -0.47389858961105347 -0.05270747705910075
[12 INFO root] 0.5559306144714355 -0.47393524646759033 -0.047857214759877274
[12 INFO root] 0.5566191673278809 -0.4739685654640198 -0.04437716181078624
[12 INFO root] 0.5573073029518127 -0.47399935126304626 -0.042261005192772566
[12 INFO root] 0.5579937100410461 -0.4740285277366638 -0.04149112194376617
[12 INFO root] 0.5586779117584229 -0.47405698895454407 -0.04204357174581943
[12 INFO root] 0.5593598484992981 -0.47408562898635864 -0.043891484084518845
[12 INFO root] 0.5600398778915405 -0.47411537170410156 -0.047007491131807265
[12 INFO root] 0.560718834400177 -0.47414711117744446 -0.05136546735794336
[12 INFO root] 0.5613976120948792 -0.4741817116737366 -0.05694171245677483
[12 INFO root] 0.5620774030685425 -0.47422006726264954 -0.0637163665234948
[12 INFO root] 0.5627591013908386 -0.47426310181617737 -0.07167964312471245
[12 INFO root] 0.5634433031082153 -0.4743116796016693 -0.08083385622832596
[12 INFO root] 0.564130425453186 -0.4743667244911194 -0.0911931426925359
[12 INFO root] 0.5648207068443298 -0.4744291305541992 -0.1027828818840233
[12 INFO root] 0.5655142068862915 -0.4744998514652252 -0.11563923192367144
[12 INFO root] 0.5662110447883606 -0.47457990050315857 -0.1298087478481327
[12 INFO root] 0.5669111609458923 -0.47467029094696045 -0.14534809917429684
[12 INFO root] 0.5676146149635315 -0.4747721552848816 -0.16232379620560367
[12 INFO root] 0.5683214068412781 -0.4748866856098175 -0.18081180811783276
[12 INFO root] 0.5690316557884216 -0.47501516342163086 -0.20089698000289793
[12 INFO root] 0.5697454810142517 -0.47515904903411865 -0.22267200889833139
[12 INFO root] 0.5704631805419922 -0.47531992197036743 -0.24623579347803862
[12 INFO root] 0.5711849927902222 -0.47549957036972046 -0.2716908477394029
[12 INFO root] 0.5719112753868103 -0.47569993138313293 -0.2991395036490332
[12 INFO root] 0.5726429224014282 -0.4759233891963959 -0.32703960959745726
[12 INFO root] 0.573377788066864 -0.4761703908443451 -0.3545764157925737
[12 INFO root] 0.5741128325462341 -0.4764402508735657 -0.3816381233168154
[12 INFO root] 0.5748454332351685 -0.4767319858074188 -0.40818152181000245
[12 INFO root] 0.5755733251571655 -0.4770444929599762 -0.4341658056391291
[12 INFO root] 0.5762946009635925 -0.47737666964530945 -0.4595524258389585
[12 INFO root] 0.5770077109336853 -0.47772732377052307 -0.48430463737522117
[12 INFO root] 0.5777113437652588 -0.47809526324272156 -0.5083867718485726
[12 INFO root] 0.5784044861793518 -0.4784793257713318 -0.5317632455417683
[12 INFO root] 0.5790863037109375 -0.47887828946113586 -0.5543973500482492
[12 INFO root] 0.5797563195228577 -0.47929105162620544 -0.5762499090207787
[12 INFO root] 0.5804256200790405 -0.4797239303588867 -0.5975174913765209
[12 INFO root] 0.5811057090759277 -0.4801846742630005 -0.61842784208924
[12 INFO root] 0.5817957520484924 -0.48067355155944824 -0.6389953816523823
[12 INFO root] 0.5824939608573914 -0.48119011521339417 -0.6591995607430026
[12 INFO root] 0.583198606967926 -0.48173391819000244 -0.679003116716116
[12 INFO root] 0.5839083790779114 -0.4823044240474701 -0.6983533239456092
[12 INFO root] 0.5846219062805176 -0.48290109634399414 -0.717184425220981
[12 INFO root] 0.5853378772735596 -0.4835231602191925 -0.7354205369187421
[12 INFO root] 0.5860552787780762 -0.4841699004173279 -0.7529691928360596
[12 INFO root] 0.5867735147476196 -0.48484063148498535 -0.7697166132393074
[12 INFO root] 0.5874917507171631 -0.4855343997478485 -0.7855518956937166
[12 INFO root] 0.5882091522216797 -0.48624977469444275 -0.8003755112883085
[12 INFO root] 0.5889246463775635 -0.48698490858078003 -0.814116488028872
[12 INFO root] 0.5896371603012085 -0.4877375066280365 -0.826737228276744
[12 INFO root] 0.5903455018997192 -0.4885050654411316 -0.8382305305255786
[12 INFO root] 0.5910485982894897 -0.48928481340408325 -0.8486146240374615
[12 INFO root] 0.5917452573776245 -0.4900740087032318 -0.8579279179358947
[12 INFO root] 0.5924345254898071 -0.49086982011795044 -0.8662239910627394
[12 INFO root] 0.593115508556366 -0.4916694760322571 -0.8735666915663638
[12 INFO root] 0.5937873125076294 -0.4924703538417816 -0.8800253354495047
[12 INFO root] 0.5944491624832153 -0.49326997995376587 -0.8856717038445778
[12 INFO root] 0.5951004028320312 -0.4940659701824188 -0.8905823098532998
[12 INFO root] 0.5957397818565369 -0.49485552310943604 -0.894870492243956
[12 INFO root] 0.5963696241378784 -0.49564018845558167 -0.8984327894775695
[12 INFO root] 0.5969955921173096 -0.4964258670806885 -0.9009603308957701
[12 INFO root] 0.597618579864502 -0.49721211194992065 -0.9024632328134639
[12 INFO root] 0.5982391238212585 -0.49799785017967224 -0.9029874248485098
[12 INFO root] 0.5988585352897644 -0.49878308176994324 -0.9030301026758416
[12 INFO root] 0.5994777679443359 -0.49956828355789185 -0.9030301026758416
[12 INFO root] 0.6000970005989075 -0.5003534555435181 -0.9030301026758416
[12 INFO root] 0.600716233253479 -0.5011386871337891 -0.9030301026758416
[12 INFO root] 0.6013354659080505 -0.5019239187240601 -0.9030301026758416
[12 INFO root] 0.6019546985626221 -0.5027090907096863 -0.9030301026758416
[12 INFO root] 0.6025739312171936 -0.5034943222999573 -0.9030301026758416
[12 INFO root] 0.6031931638717651 -0.5042794942855835 -0.9030301026758416
[12 INFO root] 0.6038123965263367 -0.5050647258758545 -0.9030301026758416
[12 INFO root] 0.6044316291809082 -0.5058499574661255 -0.9030301026758416
[12 INFO root] 0.6050508618354797 -0.5066351294517517 -0.9030301026758416
[12 INFO root] 0.6056700944900513 -0.5074203610420227 -0.9030301026758416
[12 INFO root] 0.6062893271446228 -0.5082055330276489 -0.9030301026758416
[12 INFO root] 0.6069085597991943 -0.5089907646179199 -0.9030301026758416
[12 INFO root] 0.6075277924537659 -0.5097759366035461 -0.9030301026758416
[12 INFO root] 0.6081470251083374 -0.5105611681938171 -0.9030301026758416
[12 INFO root] 0.6087662577629089 -0.5113463997840881 -0.9030301026758416
[12 INFO root] 0.6093854904174805 -0.5121315717697144 -0.9030301026758416
[12 INFO root] 0.610004723072052 -0.5129168033599854 -0.9030301026758416
[12 INFO root] 0.6106239557266235 -0.5137019753456116 -0.9030301026758416
[12 INFO root] 0.6112431883811951 -0.5144872069358826 -0.9030301026758416
[12 INFO root] 0.6118624210357666 -0.5152724385261536 -0.9030301026758416
[12 INFO root] 0.6124816536903381 -0.5160576105117798 -0.9030301026758416
[12 INFO root] 0.6130596995353699 -0.5167906284332275 -0.9035721092255635
[12 INFO root] 0.6135912537574768 -0.5174652934074402 -0.9047234404944124
[12 INFO root] 0.6140793561935425 -0.5180861949920654 -0.906447477248767
[12 INFO root] 0.6145271062850952 -0.5186578035354614 -0.9087094818293695
[12 INFO root] 0.6149377822875977 -0.5191843509674072 -0.9114813159309513
[12 INFO root] 0.6153141856193542 -0.519669771194458 -0.9147406015678848
[12 INFO root] 0.6156590580940247 -0.520117461681366 -0.9184697556034023
[12 INFO root] 0.6159749627113342 -0.520530641078949 -0.9226552465980994
[12 INFO root] 0.6162642240524292 -0.5209122896194458 -0.9272870641049302
[12 INFO root] 0.616529107093811 -0.5212650299072266 -0.9323582371941079
[12 INFO root] 0.6167715191841125 -0.5215913653373718 -0.9378644613449973
[12 INFO root] 0.6169934868812561 -0.5218935608863831 -0.9438037248674099
[12 INFO root] 0.6171967387199402 -0.5221736431121826 -0.9501761761623151
[12 INFO root] 0.617382824420929 -0.5224336385726929 -0.9569838243848718
[12 INFO root] 0.6175532937049866 -0.5226751565933228 -0.9642304034371592
[12 INFO root] 0.6177095174789429 -0.5228999853134155 -0.9719211902623074
[12 INFO root] 0.6178527474403381 -0.523109495639801 -0.980062996712473
[12 INFO root] 0.6179841756820679 -0.5233051180839539 -0.9886639482790562
[12 INFO root] 0.6181049346923828 -0.5234881639480591 -0.9977335018479289
[12 INFO root] 0.6182159781455994 -0.5236598253250122 -1.007282419804911
[12 INFO root] 0.6183182001113892 -0.5238212943077087 -1.0173226571266227
[12 INFO root] 0.6184124946594238 -0.5239735245704651 -1.0278673799629268
[12 INFO root] 0.6184996366500854 -0.5241175889968872 -1.0389309149471508
[12 INFO root] 0.6185802817344666 -0.524254322052002 -1.0505288040338345
[12 INFO root] 0.6186552047729492 -0.5243847370147705 -1.0626776605084605
[12 INFO root] 0.6187250018119812 -0.524509608745575 -1.075395434732368
[12 INFO root] 0.6187900900840759 -0.5246297717094421 -1.0887012486897876
[12 INFO root] 0.6188511252403259 -0.5247460007667542 -1.1026153374796606
[12 INFO root] 0.6189085245132446 -0.5248591303825378 -1.1171592874953453
[12 INFO root] 0.6189627051353455 -0.5249698162078857 -1.1323559887104502
[12 INFO root] 0.6190295815467834 -0.525111973285675 -1.150104561126364
[12 INFO root] 0.6191146969795227 -0.5253015160560608 -1.1712521875454167
[12 INFO root] 0.619217038154602 -0.5255427956581116 -1.1959757148849282
[12 INFO root] 0.6193344593048096 -0.5258393883705139 -1.2243437848795848
[12 INFO root] 0.6194637417793274 -0.5261948704719543 -1.2563717066590545
[12 INFO root] 0.6196010112762451 -0.5266129374504089 -1.2920222987785066
[12 INFO root] 0.6197412610054016 -0.5270970463752747 -1.3312097892970967
[12 INFO root] 0.6198784708976746 -0.5276503562927246 -1.3738049892255566
[12 INFO root] 0.62000572681427 -0.5282753705978394 -1.4196415159509137
[12 INFO root] 0.6201151013374329 -0.5289738178253174 -1.4685221659343004
[12 INFO root] 0.6201978325843811 -0.5297461748123169 -1.5202248900768256
[12 INFO root] 0.6202446818351746 -0.530591607093811 -1.5745094463424245
[12 INFO root] 0.6202459335327148 -0.5315079092979431 -1.6311246635607397
[12 INFO root] 0.6201918125152588 -0.5324910283088684 -1.6898126572985313
[12 INFO root] 0.6200727820396423 -0.5335351824760437 -1.7503122403368752
[12 INFO root] 0.6198801398277283 -0.534632682800293 -1.8123633088629012
[12 INFO root] 0.619606077671051 -0.5357741117477417 -1.8757126171277243
[12 INFO root] 0.6192437410354614 -0.5369501709938049 -1.9401361884402892
[12 INFO root] 0.6187878847122192 -0.5381497740745544 -2.0054105344933837
[12 INFO root] 0.6182361841201782 -0.5393581986427307 -2.071298469167813
[12 INFO root] 0.6175890564918518 -0.5405596494674683 -2.1375856247101854
[12 INFO root] 0.6168488264083862 -0.5417396426200867 -2.2040958949669536
[12 INFO root] 0.6160191297531128 -0.542885422706604 -2.2706874811134585
[12 INFO root] 0.6151045560836792 -0.5439860820770264 -2.3372443318562546
[12 INFO root] 0.61411052942276 -0.545032262802124 -2.4036677029960196
[12 INFO root] 0.6130425930023193 -0.546016275882721 -2.4698689794480795
[12 INFO root] 0.611906886100769 -0.5469315052032471 -2.5357637155391504
[12 INFO root] 0.6107097864151001 -0.5477724671363831 -2.601268045575093
[12 INFO root] 0.6094311475753784 -0.5485506653785706 -2.6656805449886924
[12 INFO root] 0.6080315113067627 -0.549282968044281 -2.7275464445662183
[12 INFO root] 0.6065207123756409 -0.5499576330184937 -2.7862939306442986
[12 INFO root] 0.6049177050590515 -0.5505627989768982 -2.8415366803188373
[12 INFO root] 0.603243887424469 -0.5510905981063843 -2.89299001715714
[12 INFO root] 0.6015214323997498 -0.5515372157096863 -2.94047515927663
[12 INFO root] 0.599772036075592 -0.5519024729728699 -2.983913955284892
[12 INFO root] 0.5980159640312195 -0.5521895289421082 -3.0233168606770167
[12 INFO root] 0.5962711572647095 -0.5524039268493652 -3.058767509530297
[12 INFO root] 0.5945528745651245 -0.5525528192520142 -3.0904051770783454
[12 INFO root] 0.5928735136985779 -0.5526443123817444 -3.1184077847537366
[12 INFO root] 0.5912427306175232 -0.552686870098114 3.140208498063187
[12 INFO root] 0.589667797088623 -0.5526886582374573 3.118860472232443
[12 INFO root] 0.5881535410881042 -0.5526576042175293 3.1005195067061706
[12 INFO root] 0.5867030620574951 -0.5526007413864136 3.0849774560274734
[12 INFO root] 0.585317850112915 -0.5525245070457458 3.0720369281448283
[12 INFO root] 0.5839981436729431 -0.5524343252182007 3.0615141780051536
[12 INFO root] 0.582743227481842 -0.5523350238800049 3.0532410064806825
[12 INFO root] 0.5815515518188477 -0.5522304773330688 3.047065112161276
[12 INFO root] 0.5804210901260376 -0.5521240234375 3.042850341653608
[12 INFO root] 0.5793494582176208 -0.5520183444023132 3.040475867134748
[12 INFO root] 0.5783337950706482 -0.5519155859947205 3.039835303548513
[12 INFO root] 0.5773374438285828 -0.5518139004707336 3.0397884813496745
[12 INFO root] 0.5763426423072815 -0.5517122745513916 3.0397884813496745
[12 INFO root] 0.5753478407859802 -0.5516106486320496 3.0397884813496745
[12 INFO root] 0.5743529796600342 -0.5515090227127075 3.0397884813496745
[12 INFO root] 0.5733581781387329 -0.5514073967933655 3.0397884813496745
[12 INFO root] 0.5723633766174316 -0.5513057708740234 3.0397884813496745
[12 INFO root] 0.5713685154914856 -0.5512041449546814 3.0397884813496745
[12 INFO root] 0.5703737139701843 -0.5511025190353394 3.0397884813496745
[12 INFO root] 0.5693789124488831 -0.5510008931159973 3.0397884813496745
[12 INFO root] 0.568384051322937 -0.5508992671966553 3.0397884813496745
[12 INFO root] 0.5673892498016357 -0.5507976412773132 3.0397884813496745
[12 INFO root] 0.5663944482803345 -0.5506960153579712 3.0397884813496745
[12 INFO root] 0.5653995871543884 -0.5505943894386292 3.0397884813496745
[12 INFO root] 0.5644047856330872 -0.5504927635192871 3.0397884813496745
[12 INFO root] 0.5634099245071411 -0.5503911375999451 3.0397884813496745
[12 INFO root] 0.5624151229858398 -0.5502894520759583 3.0397884813496745
[12 INFO root] 0.5614203214645386 -0.5501878261566162 3.0397884813496745
[12 INFO root] 0.5604254603385925 -0.5500862002372742 3.0397884813496745
[12 INFO root] 0.5594306588172913 -0.5499845743179321 3.0397884813496745
[12 INFO root] 0.55843585729599 -0.5498829483985901 3.0397884813496745
[12 INFO root] 0.557440996170044 -0.549781322479248 3.0397884813496745
[12 INFO root] 0.5564461946487427 -0.549679696559906 3.0397884813496745
[12 INFO root] 0.5554513931274414 -0.549578070640564 3.0397884813496745
[12 INFO root] 0.5544565320014954 -0.5494764447212219 3.0397884813496745
[12 INFO root] 0.5534617304801941 -0.5493748188018799 3.0397884813496745
[12 INFO root] 0.5524669289588928 -0.5492731928825378 3.0397884813496745
[12 INFO root] 0.5514720678329468 -0.5491715669631958 3.0397884813496745
[12 INFO root] 0.5504772663116455 -0.5490699410438538 3.0397884813496745
[12 INFO root] 0.5495017170906067 -0.5489702820777893 3.0405335984156343
[12 INFO root] 0.5485705733299255 -0.5488758087158203 3.0430138269784064
[12 INFO root] 0.5476812124252319 -0.5487875938415527 3.047179565498563
[12 INFO root] 0.54682856798172 -0.5487064719200134 3.052887320463798
[12 INFO root] 0.5460078716278076 -0.5486329793930054 3.060023937028129
[12 INFO root] 0.5452150702476501 -0.5485675930976868 3.0685024243415593
[12 INFO root] 0.5444467067718506 -0.5485106706619263 3.0782575793810647
[12 INFO root] 0.5436994433403015 -0.5484625101089478 3.0892424125208877
[12 INFO root] 0.5429705381393433 -0.5484235286712646 3.101425221755613
[12 INFO root] 0.5422300100326538 -0.5483928918838501 3.115729416169978
[12 INFO root] 0.5414630174636841 -0.5483719706535339 3.1325744194660934
[12 INFO root] 0.5406674146652222 -0.5483635067939758 -3.131236346941512
[12 INFO root] 0.539841890335083 -0.5483704805374146 -3.1093815597753474
[12 INFO root] 0.5389845967292786 -0.5483962893486023 -3.08509773648865
[12 INFO root] 0.5380933284759521 -0.5484446287155151 -3.058446143869894
[12 INFO root] 0.5371658205986023 -0.548519492149353 -3.0295065596099437
[12 INFO root] 0.536200225353241 -0.5486254692077637 -2.9983850990524004
[12 INFO root] 0.5351950526237488 -0.5487673282623291 -2.965220604089644
[12 INFO root] 0.5341498851776123 -0.5489501953125 -2.9301887022875275
[12 INFO root] 0.5330654978752136 -0.5491790771484375 -2.893502754326274
[12 INFO root] 0.5319440364837646 -0.549458920955658 -2.8554112286591695
[12 INFO root] 0.5307893753051758 -0.5497941374778748 -2.8161915459339744
[12 INFO root] 0.5296067595481873 -0.5501881241798401 -2.7761410025905056
[12 INFO root] 0.5284028649330139 -0.5506434440612793 -2.735565843556303
[12 INFO root] 0.5271856188774109 -0.5511610507965088 -2.694769782400327
[12 INFO root] 0.5259636044502258 -0.5517405271530151 -2.6540432191495347
[12 INFO root] 0.5247457027435303 -0.5523800849914551 -2.6136507226113768
[12 INFO root] 0.5235403180122375 -0.5530765652656555 -2.573821562204002
[12 INFO root] 0.5223556160926819 -0.5538256168365479 -2.534756999511736
[12 INFO root] 0.5211988091468811 -0.5546220541000366 -2.496632104631337
[12 INFO root] 0.520076334476471 -0.5554597973823547 -2.4595968074725842
[12 INFO root] 0.5189934372901917 -0.5563323497772217 -2.423777585154493
[12 INFO root] 0.5179544687271118 -0.5572329759597778 -2.3892796252292543
[12 INFO root] 0.516962468624115 -0.5581549406051636 -2.356189310445171
[12 INFO root] 0.5160194635391235 -0.5590916872024536 -2.324576951454476
[12 INFO root] 0.515118420124054 -0.5600453615188599 -2.2946140264254815
[12 INFO root] 0.5142404437065125 -0.5610328316688538 -2.26671956978648
[12 INFO root] 0.5133870840072632 -0.5620486736297607 -2.241063458646537
[12 INFO root] 0.512561559677124 -0.563084602355957 -2.2177519601456677
[12 INFO root] 0.5117663741111755 -0.5641321539878845 -2.196851607412634
[12 INFO root] 0.5110030174255371 -0.565183162689209 -2.1783912406392627
[12 INFO root] 0.5102722644805908 -0.5662298798561096 -2.162366071482889
[12 INFO root] 0.5095741748809814 -0.5672652721405029 -2.1487427756732163
[12 INFO root] 0.5089081525802612 -0.5682833194732666 -2.1374650323176922
[12 INFO root] 0.508273184299469 -0.5692787170410156 -2.12845900842814
[12 INFO root] 0.5076677799224854 -0.5702472925186157 -2.1216384066927314
[12 INFO root] 0.5070903897285461 -0.571185827255249 -2.1169088252424317
[12 INFO root] 0.5065390467643738 -0.5720919966697693 -2.1141712982271317
[12 INFO root] 0.5060119032859802 -0.5729641914367676 -2.1133248346403986
[12 INFO root] 0.5054947137832642 -0.5738218426704407 -2.1132589977468563
[12 INFO root] 0.5049784779548645 -0.5746783018112183 -2.1132589977468563
[12 INFO root] 0.5044622421264648 -0.5755347013473511 -2.1132589977468563
[12 INFO root] 0.5039460062980652 -0.5763911604881287 -2.1132589977468563
[12 INFO root] 0.5034297704696655 -0.5772476196289062 -2.1132589977468563
