[1 INFO root] Initialising Python Geth Console...
[1 INFO root] Initialising RandB board...
[1 INFO root] Initialising resource sensor...
[1 INFO root] Initialising random-walk...
[1 INFO root] Initialising navigation...
[1 INFO root] Initialising Odo...
[1 INFO root] Initialising odometry...
[1 INFO root] Initialising gps...
[1 INFO root] Initialising Ground sensor...
[1 INFO root] --//-- Starting Experiment --//--
[1 INFO root] x y direction
[1 INFO root] 0.6675660014152527 0.14110100269317627 -2.6338414675996025
[1 INFO root] 0.6679633259773254 0.1413220912218094 -2.6908068326652557
[1 INFO root] 0.6682818531990051 0.1414795219898224 -2.7541758063042647
[1 INFO root] 0.6684104204177856 0.14153429865837097 -2.8159945000497033
[1 INFO root] 0.6683506965637207 0.14151489734649658 -2.875355245831023
[1 INFO root] 0.6681153774261475 0.1414502114057541 -2.9315802201673953
[1 INFO root] 0.6677216291427612 0.14136478304862976 -2.984130123811119
[1 INFO root] 0.6671894192695618 0.14127804338932037 -3.0325944403637775
[1 INFO root] 0.6665396094322205 0.14120423793792725 -3.07667876490111
[1 INFO root] 0.6657124161720276 0.14114753901958466 -3.1129528388614762
[1 INFO root] 0.6647046804428101 0.14111559092998505 -3.1398505782892117
[1 INFO root] 0.6635597944259644 0.1411108374595642 3.1251435080679033
[1 INFO root] 0.6623141765594482 0.14112921059131622 3.114729117056832
[1 INFO root] 0.6609941124916077 0.14116337895393372 3.111176661490384
[1 INFO root] 0.6596181392669678 0.14120477437973022 3.1136051812748518
[1 INFO root] 0.6581994891166687 0.1412448287010193 3.121176735333568
[1 INFO root] 0.6567479372024536 0.1412755399942398 3.133102721750539
[1 INFO root] 0.6552709341049194 0.1412898153066635 -3.1345366362702545
[1 INFO root] 0.6537747979164124 0.14128156006336212 -3.116047189974427
[1 INFO root] 0.6522669792175293 0.1412457972764969 -3.095987746863453
[1 INFO root] 0.6507581472396851 0.14117997884750366 -3.0766545734951634
[1 INFO root] 0.6492555737495422 0.1410851925611496 -3.0584210368453957
[1 INFO root] 0.6477653980255127 0.14096371829509735 -3.0413843265105873
[1 INFO root] 0.6462927460670471 0.14081820845603943 -3.0255969974703616
[1 INFO root] 0.6448420882225037 0.14065152406692505 -3.011077153810599
[1 INFO root] 0.6434168815612793 0.1404665857553482 -2.9978170105010964
[1 INFO root] 0.6420198082923889 0.14026625454425812 -2.9857891956507236
[1 INFO root] 0.6406527161598206 0.14005322754383087 -2.974947080363054
[1 INFO root] 0.6393164396286011 0.13982997834682465 -2.9652306480570454
[1 INFO root] 0.6380106806755066 0.13959860801696777 -2.9565565715917286
[1 INFO root] 0.6367335915565491 0.1393607258796692 -2.9488119561230386
[1 INFO root] 0.6354785561561584 0.13911676406860352 -2.941777549283177
[1 INFO root] 0.6342371702194214 0.13886627554893494 -2.9352049750490057
[1 INFO root] 0.6330000162124634 0.13860811293125153 -2.928844844762977
[1 INFO root] 0.6317574381828308 0.1383405178785324 -2.9224601520860927
[1 INFO root] 0.6305000185966492 0.1380612999200821 -2.915841649061791
[1 INFO root] 0.6292193531990051 0.13776805996894836 -2.908824262462955
[1 INFO root] 0.6279087066650391 0.13745829463005066 -2.901301402246897
[1 INFO root] 0.626563310623169 0.13712969422340393 -2.8932338102788098
[1 INFO root] 0.6251809597015381 0.1367802768945694 -2.884649360988633
[1 INFO root] 0.6237615942955017 0.13640861213207245 -2.8756369436775047
[1 INFO root] 0.6223076581954956 0.136013925075531 -2.86633480011271
[1 INFO root] 0.6208236217498779 0.13559626042842865 -2.8569147226930176
[1 INFO root] 0.6193156838417053 0.13515649735927582 -2.8475645515470647
[1 INFO root] 0.6177913546562195 0.13469646871089935 -2.838471409489855
[1 INFO root] 0.6162590980529785 0.1342187523841858 -2.8298075278588586
[1 INFO root] 0.6147278547286987 0.13372670114040375 -2.8217197145737796
[1 INFO root] 0.613206684589386 0.13322418928146362 -2.814322762148799
[1 INFO root] 0.611704409122467 0.13271544873714447 -2.807696530824828
[1 INFO root] 0.6102293133735657 0.13220487534999847 -2.8018861034749727
[1 INFO root] 0.6087890267372131 0.13169683516025543 -2.7969042620860627
[1 INFO root] 0.6073903441429138 0.13119548559188843 -2.7927355218091217
[1 INFO root] 0.6060389876365662 0.1307046115398407 -2.7893410291771907
[1 INFO root] 0.6047397255897522 0.13022755086421967 -2.7866637488236203
[1 INFO root] 0.6034963130950928 0.12976709008216858 -2.7846334980978416
[1 INFO root] 0.6023113131523132 0.12932546436786652 -2.78317152328268
[1 INFO root] 0.6011865735054016 0.1289043128490448 -2.782194433720253
[1 INFO root] 0.6001228094100952 0.12850476801395416 -2.781617413816251
[1 INFO root] 0.5991199612617493 0.12812739610671997 -2.781356713341735
[1 INFO root] 0.5981773138046265 0.12777236104011536 -2.7813314725680947
[1 INFO root] 0.5972414612770081 0.12741981446743011 -2.781331222534653
[1 INFO root] 0.5963056683540344 0.12706729769706726 -2.781331222534653
[1 INFO root] 0.5953698754310608 0.1267147809267044 -2.781331222534653
[1 INFO root] 0.5944340229034424 0.12636226415634155 -2.781331222534653
[1 INFO root] 0.5934982299804688 0.1260097473859787 -2.781331222534653
[1 INFO root] 0.5925624370574951 0.12565723061561584 -2.781331222534653
[1 INFO root] 0.5916266441345215 0.1253046989440918 -2.781331222534653
[1 INFO root] 0.5906908512115479 0.12495218962430954 -2.781331222534653
[1 INFO root] 0.5897549986839294 0.12459966540336609 -2.781331222534653
[1 INFO root] 0.5888192057609558 0.12424714863300323 -2.781331222534653
[1 INFO root] 0.5878834128379822 0.12389463186264038 -2.781331222534653
[1 INFO root] 0.5869476199150085 0.12354210764169693 -2.781331222534653
[1 INFO root] 0.5860118269920349 0.12318959087133408 -2.781331222534653
[1 INFO root] 0.5850759744644165 0.12283707410097122 -2.781331222534653
[1 INFO root] 0.5841401815414429 0.12248455733060837 -2.781331222534653
[1 INFO root] 0.5832043886184692 0.12213203310966492 -2.781331222534653
[1 INFO root] 0.5822685956954956 0.12177951633930206 -2.781331222534653
[1 INFO root] 0.581332802772522 0.12142699956893921 -2.781331222534653
[1 INFO root] 0.5803969502449036 0.12107447534799576 -2.781331222534653
[1 INFO root] 0.5794611573219299 0.1207219585776329 -2.781331222534653
[1 INFO root] 0.5785253643989563 0.12036944180727005 -2.781331222534653
[1 INFO root] 0.5775895714759827 0.1200169250369072 -2.781331222534653
[1 INFO root] 0.576653778553009 0.11966440081596375 -2.781331222534653
[1 INFO root] 0.5757179260253906 0.11931188404560089 -2.781331222534653
[1 INFO root] 0.574782133102417 0.11895936727523804 -2.781331222534653
[1 INFO root] 0.5738463401794434 0.11860684305429459 -2.781331222534653
[1 INFO root] 0.5729105472564697 0.11825432628393173 -2.781331222534653
[1 INFO root] 0.5719747543334961 0.11790180951356888 -2.781331222534653
[1 INFO root] 0.5710389018058777 0.11754929274320602 -2.781331222534653
[1 INFO root] 0.570103108882904 0.11719676852226257 -2.781331222534653
[1 INFO root] 0.5691673159599304 0.11684425175189972 -2.781331222534653
[1 INFO root] 0.5682315230369568 0.11649173498153687 -2.781331222534653
[1 INFO root] 0.5672957301139832 0.11613921076059341 -2.781331222534653
[1 INFO root] 0.5663598775863647 0.11578669399023056 -2.781331222534653
[1 INFO root] 0.5654298067092896 0.11543633043766022 -2.778862677245021
[1 INFO root] 0.5645061135292053 0.11508601903915405 -2.77374319745496
[1 INFO root] 0.5635883808135986 0.11473287642002106 -2.766101848990422
[1 INFO root] 0.5626758337020874 0.11437395960092545 -2.756074726707838
[1 INFO root] 0.5617672801017761 0.11400631070137024 -2.743801711206992
[1 INFO root] 0.5608614087104797 0.11362697929143906 -2.7294260715828833
[1 INFO root] 0.5599567890167236 0.11323301494121552 -2.713094424464638
[1 INFO root] 0.5590519905090332 0.11282146722078323 -2.6949569415950836
[1 INFO root] 0.5581457018852234 0.11238943040370941 -2.6751676944046245
[1 INFO root] 0.5572367310523987 0.11193401366472244 -2.653885027339789
[1 INFO root] 0.5563241839408875 0.11145241558551788 -2.631271856784125
[1 INFO root] 0.5554075241088867 0.11094196140766144 -2.6074957997894193
[1 INFO root] 0.5544865131378174 0.11040013283491135 -2.582729047623222
[1 INFO root] 0.553561270236969 0.10982464998960495 -2.5571479145463543
[1 INFO root] 0.5526323914527893 0.10921353101730347 -2.530932013199802
[1 INFO root] 0.5517009496688843 0.10856516659259796 -2.504263034768025
[1 INFO root] 0.5507683157920837 0.10787839442491531 -2.4773231439311587
[1 INFO root] 0.5498361587524414 0.107152558863163 -2.450293033515806
[1 INFO root] 0.548906683921814 0.10638753324747086 -2.423349718481504
[1 INFO root] 0.5479820966720581 0.1055838093161583 -2.3966641793423604
[1 INFO root] 0.5470649600028992 0.10474245995283127 -2.370398987003784
[1 INFO root] 0.5461576581001282 0.10386516153812408 -2.3447060506169732
[1 INFO root] 0.5452627539634705 0.10295413434505463 -2.319724625256453
[1 INFO root] 0.5443827509880066 0.10201212018728256 -2.295579696989154
[1 INFO root] 0.5435197353363037 0.10104227811098099 -2.272380831530554
[1 INFO root] 0.5426756739616394 0.10004810988903046 -2.250221533432732
[1 INFO root] 0.5418523550033569 0.09903338551521301 -2.229179121001945
[1 INFO root] 0.5410510897636414 0.09800200164318085 -2.2093150833309076
[1 INFO root] 0.5402728915214539 0.09695791453123093 -2.1906758544189717
[1 INFO root] 0.5395184755325317 0.09590504318475723 -2.1732939181407964
[1 INFO root] 0.5387881398200989 0.0948471948504448 -2.1571891476939684
[1 INFO root] 0.5380819439888 0.09378797560930252 -2.1423702832650866
[1 INFO root] 0.5373997092247009 0.09273077547550201 -2.128836459929176
[1 INFO root] 0.5367409586906433 0.0916786640882492 -2.1165787115559382
[1 INFO root] 0.5361050367355347 0.09063444286584854 -2.105581393020016
[1 INFO root] 0.5354910492897034 0.08960055559873581 -2.095823479966166
[1 INFO root] 0.5348979830741882 0.08857912570238113 -2.087279721039978
[1 INFO root] 0.5343248844146729 0.08757191896438599 -2.0799216307984545
[1 INFO root] 0.5337703824043274 0.08658041059970856 -2.0737183219916817
[1 INFO root] 0.5332334637641907 0.08560573309659958 -2.0686371835388915
[1 INFO root] 0.5327126383781433 0.0846487358212471 -2.064644415590344
[1 INFO root] 0.5322068333625793 0.08370999246835709 -2.0617054360094813
[1 INFO root] 0.5317145586013794 0.0827898159623146 -2.0597851739179056
[1 INFO root] 0.531234622001648 0.08188829571008682 -2.058848266086099
[1 INFO root] 0.5307647585868835 0.08100340515375137 -2.05876437345492
[1 INFO root] 0.5302959084510803 0.08012012392282486 -2.05876437345492
[1 INFO root] 0.5298271179199219 0.07923683524131775 -2.05876437345492
[1 INFO root] 0.5293582677841187 0.07835354655981064 -2.05876437345492
[1 INFO root] 0.5288894176483154 0.07747025787830353 -2.05876437345492
[1 INFO root] 0.5284205675125122 0.07658696919679642 -2.05876437345492
[1 INFO root] 0.5279517769813538 0.0757036879658699 -2.05876437345492
[1 INFO root] 0.5274829268455505 0.07482039928436279 -2.05876437345492
[1 INFO root] 0.5270140767097473 0.07393711060285568 -2.05876437345492
[1 INFO root] 0.5265452861785889 0.07305382192134857 -2.05876437345492
[1 INFO root] 0.5260764360427856 0.07217053323984146 -2.05876437345492
[1 INFO root] 0.5256075859069824 0.07128725200891495 -2.05876437345492
[1 INFO root] 0.525138795375824 0.07040396332740784 -2.05876437345492
[1 INFO root] 0.5246699452400208 0.06952067464590073 -2.05876437345492
[1 INFO root] 0.5242010951042175 0.06863738596439362 -2.05876437345492
[1 INFO root] 0.5237322449684143 0.0677540972828865 -2.05876437345492
[1 INFO root] 0.5232634544372559 0.06687081605195999 -2.05876437345492
[1 INFO root] 0.5227946043014526 0.06598752737045288 -2.05876437345492
[1 INFO root] 0.5223257541656494 0.06510423868894577 -2.05876437345492
[1 INFO root] 0.521856963634491 0.06422095000743866 -2.05876437345492
[1 INFO root] 0.5213881134986877 0.06333766132593155 -2.05876437345492
[1 INFO root] 0.5209192633628845 0.06245437636971474 -2.05876437345492
[1 INFO root] 0.5204504728317261 0.061571087688207626 -2.05876437345492
[1 INFO root] 0.5199816226959229 0.060687802731990814 -2.05876437345492
[1 INFO root] 0.5195127725601196 0.059804514050483704 -2.05876437345492
[1 INFO root] 0.5190439820289612 0.05892122536897659 -2.05876437345492
[1 INFO root] 0.518575131893158 0.05803794041275978 -2.05876437345492
[1 INFO root] 0.5181062817573547 0.05715465173125267 -2.05876437345492
[1 INFO root] 0.5176374316215515 0.05627136304974556 -2.05876437345492
[1 INFO root] 0.5171686410903931 0.05538807809352875 -2.05876437345492
[1 INFO root] 0.5166997909545898 0.05450478941202164 -2.05876437345492
[1 INFO root] 0.5162309408187866 0.053621504455804825 -2.05876437345492
[1 INFO root] 0.5157621502876282 0.052738215774297714 -2.05876437345492
[1 INFO root] 0.515293300151825 0.051854927092790604 -2.05876437345492
[1 INFO root] 0.5148244500160217 0.05097164213657379 -2.05876437345492
[1 INFO root] 0.5143556594848633 0.05008835345506668 -2.05876437345492
[1 INFO root] 0.5138868093490601 0.04920506477355957 -2.05876437345492
[1 INFO root] 0.5134179592132568 0.04832177981734276 -2.05876437345492
[1 INFO root] 0.5129491090774536 0.04743849113583565 -2.05876437345492
[1 INFO root] 0.5124803185462952 0.046555206179618835 -2.05876437345492
[1 INFO root] 0.5120114684104919 0.045671917498111725 -2.05876437345492
[1 INFO root] 0.5115426182746887 0.044788628816604614 -2.05876437345492
[1 INFO root] 0.5110738277435303 0.0439053438603878 -2.05876437345492
[1 INFO root] 0.510604977607727 0.04302205517888069 -2.05876437345492
[1 INFO root] 0.5101361274719238 0.04213876649737358 -2.05876437345492
[1 INFO root] 0.5096673369407654 0.04125548154115677 -2.05876437345492
[1 INFO root] 0.5091984868049622 0.04037219285964966 -2.05876437345492
[1 INFO root] 0.5087296366691589 0.03948890417814255 -2.05876437345492
[1 INFO root] 0.5082908868789673 0.038662269711494446 -2.061099136310401
[1 INFO root] 0.5078998804092407 0.037929240614175797 -2.0673590464804987
[1 INFO root] 0.5075505375862122 0.03728348761796951 -2.0774185081823227
[1 INFO root] 0.5072352290153503 0.03671376779675484 -2.0910084516405973
[1 INFO root] 0.5069471597671509 0.0362091101706028 -2.1079104500684496
[1 INFO root] 0.5066802501678467 0.03575907275080681 -2.1279502422035463
[1 INFO root] 0.5064290165901184 0.03535384684801102 -2.15098970930558
[1 INFO root] 0.506188154220581 0.03498431667685509 -2.176919694884632
[1 INFO root] 0.5059522390365601 0.034642063081264496 -2.2056535457100934
[1 INFO root] 0.50571608543396 0.034319374710321426 -2.237121204971895
[1 INFO root] 0.505473792552948 0.034009259194135666 -2.2712636757669147
[1 INFO root] 0.5052194595336914 0.03370548039674759 -2.3080276668923814
[1 INFO root] 0.5049464106559753 0.03340258449316025 -2.347360234733072
[1 INFO root] 0.504647433757782 0.03309599682688713 -2.389203248741068
[1 INFO root] 0.5043147206306458 0.032782118767499924 -2.4334875387854313
[1 INFO root] 0.5039398670196533 0.032458461821079254 -2.480126636634638
[1 INFO root] 0.503513753414154 0.03212381526827812 -2.52901010793854
[1 INFO root] 0.5030269622802734 0.03177841007709503 -2.5799965921468155
[1 INFO root] 0.5024695992469788 0.03142411634325981 -2.632906830472973
[1 INFO root] 0.5018320679664612 0.031064575538039207 -2.6875171646616725
[1 INFO root] 0.5011051893234253 0.030705304816365242 -2.7435542178600607
[1 INFO root] 0.5002808570861816 0.03035370633006096 -2.8006916892083042
[1 INFO root] 0.4993525743484497 0.03001890890300274 -2.858550345571814
[1 INFO root] 0.4983161389827728 0.029711466282606125 -2.916702291895473
[1 INFO root] 0.4971703290939331 0.029442844912409782 -2.974680352194135
[1 INFO root] 0.4959171414375305 0.029224736616015434 -3.031992830954437
[1 INFO root] 0.49456220865249634 0.029068252071738243 -3.0881430652748323
[1 INFO root] 0.4931145906448364 0.028983086347579956 3.1405331450171117
[1 INFO root] 0.4915863573551178 0.02897675707936287 3.0881028985505448
[1 INFO root] 0.4899919331073761 0.0290540624409914 3.0381269454963857
[1 INFO root] 0.48834705352783203 0.02921680547297001 2.990902501923438
[1 INFO root] 0.4866679608821869 0.029463844373822212 2.946639684574095
[1 INFO root] 0.4849702715873718 0.029791397973895073 2.9054603640928423
[1 INFO root] 0.4832683801651001 0.030193572863936424 2.8674040225681896
[1 INFO root] 0.4815749228000641 0.03066297248005867 2.8324388656687396
[1 INFO root] 0.4799005389213562 0.031191308051347733 2.8004759645982618
[1 INFO root] 0.4782710671424866 0.03176381066441536 2.772299481212804
[1 INFO root] 0.4767782688140869 0.032336391508579254 2.7520512300296254
[1 INFO root] 0.4754229485988617 0.03288930654525757 2.7391244755914004
[1 INFO root] 0.47419002652168274 0.033412132412195206 2.732441518022701
[1 INFO root] 0.4730631113052368 0.03389982506632805 2.7311213906608875
[1 INFO root] 0.4720263183116913 0.034350842237472534 2.734467462499742
[1 INFO root] 0.4710676670074463 0.03476464003324509 2.741403123916014
[1 INFO root] 0.4701884686946869 0.035137344151735306 2.7484959181757516
[1 INFO root] 0.46937981247901917 0.03547339513897896 2.755266284452025
[1 INFO root] 0.46863359212875366 0.03577757254242897 2.7616402688458517
[1 INFO root] 0.4679434299468994 0.036053743213415146 2.7675724965239223
[1 INFO root] 0.4673052132129669 0.03630470857024193 2.773076394609177
[1 INFO root] 0.46671584248542786 0.0365326963365078 2.77817772163607
[1 INFO root] 0.4661725163459778 0.03673967346549034 2.7828884782768033
[1 INFO root] 0.46567055583000183 0.03692815452814102 2.7871386584422333
[1 INFO root] 0.4652061462402344 0.03710027039051056 2.790883210364134
[1 INFO root] 0.46477600932121277 0.03725782409310341 2.7940880063628333
[1 INFO root] 0.46437734365463257 0.037402376532554626 2.7967221643731124
[1 INFO root] 0.464007705450058 0.03753528371453285 2.798757761778036
[1 INFO root] 0.4636649489402771 0.03765770420432091 2.8001691022082937
[1 INFO root] 0.4633472263813019 0.03777065500617027 2.8009328261449387
[1 INFO root] 0.4630529284477234 0.03787500783801079 2.801028315838626
[1 INFO root] 0.462780624628067 0.037971507757902145 2.8004380269980222
[1 INFO root] 0.4625290334224701 0.038060810416936874 2.7991477046137048
[1 INFO root] 0.46229708194732666 0.03814346715807915 2.7971464963230703
[1 INFO root] 0.46208372712135315 0.03821995481848717 2.7944269802451203
[1 INFO root] 0.46188798546791077 0.03829071670770645 2.790996267242586
[1 INFO root] 0.46170878410339355 0.038356173783540726 2.7868837686204797
[1 INFO root] 0.46154505014419556 0.03841673210263252 2.7821305232422775
[1 INFO root] 0.4613957703113556 0.0384727381169796 2.7767854283402365
[1 INFO root] 0.4612599313259125 0.03852452337741852 2.7709038508463806
[1 INFO root] 0.4611366093158722 0.038572367280721664 2.7645443193470154
[1 INFO root] 0.46102485060691833 0.03861652687191963 2.7577662671472143
[1 INFO root] 0.46092385053634644 0.038657236844301224 2.7506293899144483
[1 INFO root] 0.46083271503448486 0.03869471698999405 2.743193275344632
[1 INFO root] 0.46075060963630676 0.03872920200228691 2.7355168790723385
[1 INFO root] 0.4606766104698181 0.038760945200920105 2.7276578182930957
[1 INFO root] 0.4606097638607025 0.03879023715853691 2.7196714940683226
[1 INFO root] 0.4605490565299988 0.038817428052425385 2.711610059215921
[1 INFO root] 0.4604932963848114 0.03884293884038925 2.7035212593972378
[1 INFO root] 0.4604412317276001 0.0388672761619091 2.6954471860121623
[1 INFO root] 0.46039140224456787 0.038891054689884186 2.687422989947539
[1 INFO root] 0.4603422284126282 0.038915004581213 2.6794756710551737
[1 INFO root] 0.4602919816970825 0.03893999382853508 2.671625093812373
[1 INFO root] 0.4602386951446533 0.038967013359069824 2.663883346092085
[1 INFO root] 0.46018028259277344 0.03899719938635826 2.6562536314551815
[1 INFO root] 0.46011456847190857 0.039031799882650375 2.6487294501203094
[1 INFO root] 0.46003928780555725 0.03907215967774391 2.641294225887937
[1 INFO root] 0.459952175617218 0.03911971300840378 2.6339212548429076
[1 INFO root] 0.4598509669303894 0.039175938814878464 2.6265740385875156
[1 INFO root] 0.45973339676856995 0.03924236819148064 2.6192068651137697
[1 INFO root] 0.4595974385738373 0.03932053595781326 2.6117654634692173
[1 INFO root] 0.45944106578826904 0.03941197320818901 2.6041860357099713
[1 INFO root] 0.45926254987716675 0.03951820731163025 2.5963941156478976
[1 INFO root] 0.4590601921081543 0.03964074328541756 2.588305803381759
[1 INFO root] 0.4588325619697571 0.03978109732270241 2.579829664942527
[1 INFO root] 0.4585784077644348 0.03994079679250717 2.5708685151400292
[1 INFO root] 0.4582965672016144 0.0401214100420475 2.561321026231976
[1 INFO root] 0.45798611640930176 0.040324557572603226 2.5510831491606276
[1 INFO root] 0.4576461911201477 0.04055193439126015 2.540049515058994
[1 INFO root] 0.45727622509002686 0.04080533608794212 2.5281151069612084
[1 INFO root] 0.45687687397003174 0.0410858653485775 2.515215690547552
[1 INFO root] 0.45645296573638916 0.04139181599020958 2.5014462626707723
[1 INFO root] 0.4560096263885498 0.041721079498529434 2.4869484424274737
[1 INFO root] 0.4555513560771942 0.04207181558012962 2.471866791609761
[1 INFO root] 0.45508188009262085 0.0424424409866333 2.4563380972349953
[1 INFO root] 0.4546043276786804 0.04283159598708153 2.440487244999054
[1 INFO root] 0.45412126183509827 0.04323809593915939 2.4244258656289803
[1 INFO root] 0.4536348879337311 0.04366089031100273 2.4082526094974934
[1 INFO root] 0.4531469941139221 0.04409905523061752 2.392054325786121
[1 INFO root] 0.45265907049179077 0.044551726430654526 2.3759076573395674
[1 INFO root] 0.4521723687648773 0.045018114149570465 2.359880714077084
[1 INFO root] 0.4516879618167877 0.04549746587872505 2.3440353949361
[1 INFO root] 0.45120668411254883 0.045989029109478 2.328428868174227
[1 INFO root] 0.4507293403148651 0.0464920699596405 2.313114044280755
[1 INFO root] 0.4502566158771515 0.04700581729412079 2.298139326759676
[1 INFO root] 0.4497890770435333 0.047529496252536774 2.283547758229381
[1 INFO root] 0.4493272006511688 0.04806230589747429 2.2693756594144596
[1 INFO root] 0.4488714337348938 0.04860343411564827 2.255650903426419
[1 INFO root] 0.44842207431793213 0.04915206879377365 2.2423909547893235
[1 INFO root] 0.4479794502258301 0.04970742389559746 2.2296008980843096
[1 INFO root] 0.44754382967948914 0.05026862025260925 2.21730008354739
[1 INFO root] 0.44711562991142273 0.050834570080041885 2.2055372957910073
[1 INFO root] 0.44669514894485474 0.05140414088964462 2.194361674199068
[1 INFO root] 0.44628268480300903 0.05197620764374733 2.1838158290690775
[1 INFO root] 0.44587838649749756 0.05254967883229256 2.1739353980562197
[1 INFO root] 0.4454822540283203 0.053123582154512405 2.164746844136745
[1 INFO root] 0.44509419798851013 0.05369711294770241 2.156265379554009
[1 INFO root] 0.44471389055252075 0.054269637912511826 2.148495924116184
[1 INFO root] 0.4443410038948059 0.05484067648649216 2.1414342724620767
[1 INFO root] 0.4439750611782074 0.055409908294677734 2.135066830678072
[1 INFO root] 0.44361549615859985 0.055977195501327515 2.1293690381292074
[1 INFO root] 0.4432617127895355 0.05654259771108627 2.1243038944436905
[1 INFO root] 0.4429129362106323 0.05710636451840401 2.119821365924372
[1 INFO root] 0.4425683617591858 0.0576690174639225 2.1158533485255204
[1 INFO root] 0.4422397017478943 0.058210574090480804 2.111026342667814
[1 INFO root] 0.44195055961608887 0.05869211256504059 2.102444343242411
[1 INFO root] 0.44169285893440247 0.05912930890917778 2.0899201702103753
[1 INFO root] 0.44145652651786804 0.05954165384173393 2.073571410070396
[1 INFO root] 0.44123443961143494 0.05994393303990364 2.0534158302784
[1 INFO root] 0.44102156162261963 0.06034824997186661 2.029438913717405
[1 INFO root] 0.4408144950866699 0.060765139758586884 2.0016303540145066
[1 INFO root] 0.4406113624572754 0.0612039752304554 1.970000803157974
[1 INFO root] 0.44041121006011963 0.061674490571022034 1.9347848555883893
[1 INFO root] 0.4402148723602295 0.06218472868204117 1.896274890660812
[1 INFO root] 0.44002512097358704 0.06274034827947617 1.8547781695679737
[1 INFO root] 0.4398462474346161 0.06334449350833893 1.8106240851409032
[1 INFO root] 0.4396836459636688 0.06399768590927124 1.7641699546201555
[1 INFO root] 0.43954333662986755 0.06469769030809402 1.7157998063061541
[1 INFO root] 0.4394315183162689 0.06543952971696854 1.6659167772691712
[1 INFO root] 0.43935370445251465 0.06621560454368591 1.6149304702312304
[1 INFO root] 0.4393143355846405 0.0670161172747612 1.5632410707183901
[1 INFO root] 0.4393163323402405 0.0678296908736229 1.5112223712768238
[1 INFO root] 0.43936067819595337 0.0686442106962204 1.4592060017635957
[1 INFO root] 0.43944644927978516 0.06944774836301804 1.407469019550015
[1 INFO root] 0.4395710229873657 0.0702294334769249 1.3562265014304222
[1 INFO root] 0.43973052501678467 0.07098023593425751 1.3056298321897615
[1 INFO root] 0.43992018699645996 0.07169342786073685 1.2557705753622852
[1 INFO root] 0.44013509154319763 0.07236475497484207 1.2066889101372846
[1 INFO root] 0.4403705894947052 0.07299231737852097 1.158384794407411
[1 INFO root] 0.4406225383281708 0.07357627153396606 1.1108302466523219
[1 INFO root] 0.4408877491950989 0.07411837577819824 1.0639819715978576
[1 INFO root] 0.4411638081073761 0.07462140172719955 1.017791866725037
[1 INFO root] 0.4414490759372711 0.07508859783411026 0.9722144952937939
[1 INFO root] 0.44174256920814514 0.07552330195903778 0.927211729761199
[1 INFO root] 0.4421041011810303 0.07600917667150497 0.8830799189426035
[1 INFO root] 0.4425402283668518 0.07654435187578201 0.84011390221602
[1 INFO root] 0.44304749369621277 0.07711489498615265 0.7985758860359387
[1 INFO root] 0.4436212182044983 0.07770852744579315 0.75870952136438
[1 INFO root] 0.4442560374736786 0.07831490784883499 0.7207420094700513
[1 INFO root] 0.4449461102485657 0.07892550528049469 0.6848845365601977
[1 INFO root] 0.4456814229488373 0.07953037321567535 0.6511560959037326
[1 INFO root] 0.44645220041275024 0.08012178540229797 0.6195172380413443
[1 INFO root] 0.44725027680397034 0.08069473505020142 0.5899251494992764
[1 INFO root] 0.44806912541389465 0.08124642074108124 0.5623014974367334
[1 INFO root] 0.4489038586616516 0.08177565038204193 0.5365666324433713
[1 INFO root] 0.4497508108615875 0.08228236436843872 0.512672085549989
[1 INFO root] 0.45060768723487854 0.08276737481355667 0.49062012101808716
[1 INFO root] 0.451472669839859 0.08323189616203308 0.47043413532884615
[1 INFO root] 0.45234429836273193 0.08367735147476196 0.4521483664507502
[1 INFO root] 0.45322132110595703 0.08410532772541046 0.43580510331407507
[1 INFO root] 0.45410284399986267 0.08451756834983826 0.42145279204142594
[1 INFO root] 0.4549880623817444 0.08491595834493637 0.40914441078926633
[1 INFO root] 0.45587649941444397 0.08530250191688538 0.39893609015277876
[1 INFO root] 0.4567679166793823 0.08567934483289719 0.39088595810540855
[1 INFO root] 0.4576622247695923 0.08604872226715088 0.38504313154286174
[1 INFO root] 0.45855921506881714 0.08641285449266434 0.3814157090689758
[1 INFO root] 0.4594590365886688 0.08677411079406738 0.3800074976378085
[1 INFO root] 0.46036219596862793 0.08713500201702118 0.3808278969201349
[1 INFO root] 0.4612695276737213 0.08749818801879883 0.38389242232404475
[1 INFO root] 0.4621821939945221 0.08786651492118835 0.3892221882012532
[1 INFO root] 0.46310144662857056 0.08824297785758972 0.39684280934052063
[1 INFO root] 0.46402883529663086 0.0886308029294014 0.4067825134567385
[1 INFO root] 0.46496590971946716 0.08903342485427856 0.41906921779615414
[1 INFO root] 0.46591436862945557 0.0894545391201973 0.43372630283027763
[1 INFO root] 0.46687576174736023 0.08989811688661575 0.4507668257405009
[1 INFO root] 0.46785154938697815 0.09036839753389359 0.4701859836098585
[1 INFO root] 0.4688429534435272 0.09086986631155014 0.49195179760193253
[1 INFO root] 0.4698501527309418 0.09140687435865402 0.516003649878398
[1 INFO root] 0.4708726406097412 0.09198372811079025 0.5422351551419616
[1 INFO root] 0.4719092547893524 0.09260464459657669 0.5704789464432677
[1 INFO root] 0.47295790910720825 0.09327345341444016 0.6004973770979742
[1 INFO root] 0.4740155041217804 0.09399322420358658 0.6319784795023928
[1 INFO root] 0.4750775396823883 0.0947657898068428 0.6645387891471713
[1 INFO root] 0.47613826394081116 0.09559130668640137 0.6977346060540576
[1 INFO root] 0.47719067335128784 0.09646784514188766 0.7310818753016826
[1 INFO root] 0.4782257676124573 0.09739004820585251 0.7639923479782278
[1 INFO root] 0.4792337119579315 0.0983494222164154 0.795858746894748
[1 INFO root] 0.48020562529563904 0.09933554381132126 0.8261575764622048
[1 INFO root] 0.48113447427749634 0.10033717006444931 0.8544768026203989
[1 INFO root] 0.4820152819156647 0.1013430505990982 0.880515894723348
[1 INFO root] 0.4828452467918396 0.1023426279425621 0.9040762072790616
[1 INFO root] 0.4836234748363495 0.10332661867141724 0.92504645589876
[1 INFO root] 0.48435065150260925 0.10428731143474579 0.9433861113601518
[1 INFO root] 0.48502877354621887 0.10521872341632843 0.9591087987574033
[1 INFO root] 0.4856607913970947 0.10611661523580551 0.9722671128368845
[1 INFO root] 0.4862501919269562 0.10697832703590393 0.9829396429277736
[1 INFO root] 0.486800879240036 0.10780258476734161 0.9912206503886616
[1 INFO root] 0.4873167872428894 0.10858926922082901 0.997212193897978
[1 INFO root] 0.4878018796443939 0.109339140355587 1.0010182709297208
[1 INFO root] 0.48826003074645996 0.11005361378192902 1.0027407740414829
[1 INFO root] 0.48869481682777405 0.11073457449674606 1.0024769369995934
[1 INFO root] 0.489109605550766 0.11138416826725006 1.0003179155550186
[1 INFO root] 0.4895075857639313 0.11200471222400665 0.9963477305015289
[1 INFO root] 0.48989158868789673 0.11259854584932327 0.9906429040654727
[1 INFO root] 0.49026432633399963 0.11316799372434616 0.9832727873919345
[1 INFO root] 0.4906282126903534 0.11371530592441559 0.9743002868861235
[1 INFO root] 0.49098557233810425 0.11424265056848526 0.9637827617115333
[1 INFO root] 0.4913385212421417 0.11475200206041336 0.951763936142582
[1 INFO root] 0.4916890561580658 0.11524530500173569 0.9382863471268109
[1 INFO root] 0.49203920364379883 0.11572442203760147 0.9233957872862527
[1 INFO root] 0.49239102005958557 0.11619117110967636 0.9071431115488063
[1 INFO root] 0.492746502161026 0.11664731055498123 0.8895859376206599
[1 INFO root] 0.49310773611068726 0.11709451675415039 0.87079039184908
[1 INFO root] 0.4934768080711365 0.11753436177968979 0.8508328523247439
[1 INFO root] 0.4938558340072632 0.11796829104423523 0.8298016214825508
[1 INFO root] 0.4942469894886017 0.11839761584997177 0.8077984362350501
[1 INFO root] 0.4946523904800415 0.11882345378398895 0.7849396943405129
[1 INFO root] 0.49507415294647217 0.1192467138171196 0.7613572443797143
[1 INFO root] 0.49551424384117126 0.11966809630393982 0.7371983595255459
[1 INFO root] 0.4959745705127716 0.12008804827928543 0.7126248824347885
[1 INFO root] 0.4964567720890045 0.12050675600767136 0.6878124975271904
[1 INFO root] 0.4969622790813446 0.12092414498329163 0.6629475981297238
[1 INFO root] 0.4974919557571411 0.1213398203253746 0.638222057837812
[1 INFO root] 0.49804624915122986 0.12175307422876358 0.6138262116619039
[1 INFO root] 0.4986250400543213 0.12216296046972275 0.5899408866955115
[1 INFO root] 0.49922746419906616 0.12256831675767899 0.5667295213794967
[1 INFO root] 0.49985215067863464 0.12296785414218903 0.5443313948923739
[1 INFO root] 0.5004971623420715 0.12336025387048721 0.5228568619403736
[1 INFO root] 0.5011601448059082 0.12374424189329147 0.5023851978075584
[1 INFO root] 0.5018384456634521 0.12411868572235107 0.48296523361763316
[1 INFO root] 0.5025293231010437 0.1244826689362526 0.4646247733690985
[1 INFO root] 0.503230094909668 0.1248355284333229 0.44737958992450116
[1 INFO root] 0.5039383769035339 0.12517687678337097 0.4312387403921927
[1 INFO root] 0.5046518445014954 0.12550655007362366 0.4162085162755809
[1 INFO root] 0.5053873062133789 0.1258329451084137 0.4023704930814927
[1 INFO root] 0.5061490535736084 0.12615834176540375 0.3897819471032202
[1 INFO root] 0.5069356560707092 0.12648262083530426 0.3784838744090336
[1 INFO root] 0.5077455043792725 0.12680570781230927 0.36851734719690415
[1 INFO root] 0.5085769295692444 0.12712769210338593 0.35992204140533723
[1 INFO root] 0.5094282627105713 0.1274488866329193 0.35273197572336223
[1 INFO root] 0.5102980136871338 0.12776976823806763 0.34697102123847334
[1 INFO root] 0.5111846923828125 0.12809094786643982 0.3426486823834261
[1 INFO root] 0.5120868682861328 0.12841321527957916 0.33975656449353697
[1 INFO root] 0.5130032896995544 0.1287374347448349 0.3382658491399486
[1 INFO root] 0.5139327645301819 0.12906455993652344 0.33812597025986707
[1 INFO root] 0.5148715376853943 0.12939468026161194 0.3387769523193492
[1 INFO root] 0.5158131122589111 0.129726380109787 0.33909326337554124
[1 INFO root] 0.5167560577392578 0.13005892932415009 0.3391203656615922
[1 INFO root] 0.517699122428894 0.13039158284664154 0.3391203656615922
[1 INFO root] 0.5186421275138855 0.130724236369133 0.3391203656615922
[1 INFO root] 0.5195851922035217 0.13105690479278564 0.3391203656615922
[1 INFO root] 0.520528256893158 0.1313895583152771 0.3391203656615922
[1 INFO root] 0.5214712619781494 0.13172221183776855 0.3391203656615922
[1 INFO root] 0.5224143266677856 0.13205486536026 0.3391203656615922
[1 INFO root] 0.5233573913574219 0.13238753378391266 0.3391203656615922
[1 INFO root] 0.5243004560470581 0.1327201873064041 0.3391203656615922
[1 INFO root] 0.5252434611320496 0.13305284082889557 0.3391203656615922
[1 INFO root] 0.5261865258216858 0.13338550925254822 0.3391203656615922
[1 INFO root] 0.527129590511322 0.13371816277503967 0.3391203656615922
[1 INFO root] 0.5280725955963135 0.13405081629753113 0.3391203656615922
[1 INFO root] 0.5290156602859497 0.13438346982002258 0.3391203656615922
[1 INFO root] 0.5299587249755859 0.13471613824367523 0.3391203656615922
[1 INFO root] 0.5309017896652222 0.1350487917661667 0.3391203656615922
[1 INFO root] 0.5318447947502136 0.13538144528865814 0.3391203656615922
[1 INFO root] 0.5327878594398499 0.1357140988111496 0.3391203656615922
[1 INFO root] 0.5337309241294861 0.13604676723480225 0.3391203656615922
[1 INFO root] 0.5346739292144775 0.1363794207572937 0.3391203656615922
[1 INFO root] 0.5356169939041138 0.13671207427978516 0.3391203656615922
[1 INFO root] 0.53656005859375 0.1370447427034378 0.3391203656615922
[1 INFO root] 0.5375031232833862 0.13737739622592926 0.3391203656615922
[1 INFO root] 0.5384461283683777 0.13771004974842072 0.3391203656615922
[1 INFO root] 0.5393891930580139 0.13804270327091217 0.3391203656615922
[1 INFO root] 0.5403322577476501 0.13837537169456482 0.3391203656615922
[1 INFO root] 0.5412752628326416 0.13870802521705627 0.3391203656615922
[1 INFO root] 0.5422183275222778 0.13904067873954773 0.3391203656615922
[1 INFO root] 0.5431613922119141 0.13937334716320038 0.3391203656615922
[1 INFO root] 0.5441044569015503 0.13970600068569183 0.3391203656615922
[1 INFO root] 0.5450474619865417 0.1400386542081833 0.3391203656615922
[1 INFO root] 0.545990526676178 0.14037130773067474 0.3391203656615922
[1 INFO root] 0.5469335913658142 0.1407039761543274 0.3391203656615922
[1 INFO root] 0.5478765964508057 0.14103662967681885 0.3391203656615922
[1 INFO root] 0.5488196611404419 0.1413692831993103 0.3391203656615922
[1 INFO root] 0.5497627258300781 0.14170195162296295 0.3391203656615922
[1 INFO root] 0.5507057905197144 0.1420346051454544 0.3391203656615922
[1 INFO root] 0.5516487956047058 0.14236725866794586 0.3391203656615922
[1 INFO root] 0.552591860294342 0.14269991219043732 0.3391203656615922
[1 INFO root] 0.5535349249839783 0.14303258061408997 0.3391203656615922
[1 INFO root] 0.5544779300689697 0.14336523413658142 0.3391203656615922
[1 INFO root] 0.555420994758606 0.14369788765907288 0.3391203656615922
[1 INFO root] 0.5563640594482422 0.14403054118156433 0.3391203656615922
[1 INFO root] 0.5573071241378784 0.14436320960521698 0.3391203656615922
[1 INFO root] 0.5582501292228699 0.14469586312770844 0.3391203656615922
[1 INFO root] 0.5591931939125061 0.1450285166501999 0.3391203656615922
[1 INFO root] 0.5601362586021423 0.14536118507385254 0.3391203656615922
[1 INFO root] 0.5610792636871338 0.145693838596344 0.3391203656615922
[1 INFO root] 0.56202232837677 0.14602649211883545 0.3391203656615922
[1 INFO root] 0.5629653930664062 0.1463591456413269 0.3391203656615922
[1 INFO root] 0.5639084577560425 0.14669181406497955 0.3391203656615922
[1 INFO root] 0.5648514628410339 0.147024467587471 0.3391203656615922
[1 INFO root] 0.5657930970191956 0.14735661447048187 0.3388558804491251
[1 INFO root] 0.5667323470115662 0.14768768846988678 0.3381478450827313
[1 INFO root] 0.5676693320274353 0.1480172574520111 0.3369821876883281
[1 INFO root] 0.5686042904853821 0.14834493398666382 0.3353630227442957
[1 INFO root] 0.569537341594696 0.14867031574249268 0.33329575679302464
[1 INFO root] 0.5704689025878906 0.14899303019046783 0.33078706826813703
[1 INFO root] 0.5713990330696106 0.14931270480155945 0.327844888743056
[1 INFO root] 0.5723281502723694 0.14962902665138245 0.3244783768915982
[1 INFO root] 0.5732564926147461 0.14994163811206818 0.3206978922158028
[1 INFO root] 0.5741843581199646 0.15025022625923157 0.3165149724561067
[1 INFO root] 0.5751120448112488 0.15055450797080994 0.31194231590389276
[1 INFO root] 0.5760399103164673 0.1508541852235794 0.3069937682966775
[1 INFO root] 0.576968252658844 0.1511489897966385 0.3016843136462948
[1 INFO root] 0.5778974294662476 0.1514386683702469 0.2960300675141785
[1 INFO root] 0.5788276791572571 0.1517229676246643 0.29004827157088126
[1 INFO root] 0.5797593593597412 0.15200164914131165 0.2837572877769408
[1 INFO root] 0.5806928277015686 0.1522745043039322 0.2771765909299646
[1 INFO root] 0.5816283226013184 0.15254132449626923 0.27032675834884695
[1 INFO root] 0.5825661420822144 0.15280188620090485 0.26322945512943474
[1 INFO root] 0.5835065245628357 0.15305602550506592 0.2559074140522706
[1 INFO root] 0.5844497084617615 0.15330354869365692 0.24838440885831428
[1 INFO root] 0.5853960514068604 0.15354430675506592 0.2406852197839034
[1 INFO root] 0.5863456130027771 0.15377813577651978 0.23283559035698542
[1 INFO root] 0.587298572063446 0.15400491654872894 0.22486217468870542
[1 INFO root] 0.5882551670074463 0.15422451496124268 0.21679247468332655
[1 INFO root] 0.5892153978347778 0.15443682670593262 0.20865476653185436
[1 INFO root] 0.590179443359375 0.1546417623758316 0.20047801613187602
[1 INFO root] 0.591147243976593 0.15483926236629486 0.19229178355527596
[1 INFO root] 0.5921189188957214 0.1550292670726776 0.1841261164884876
[1 INFO root] 0.5930944085121155 0.15521174669265747 0.17601143317945692
[1 INFO root] 0.5940735340118408 0.15538671612739563 0.16797839568051234
[1 INFO root] 0.5950563549995422 0.15555419027805328 0.16005777429891158
[1 INFO root] 0.5960426330566406 0.155714213848114 0.15228030435083298
[1 INFO root] 0.5970322489738464 0.15586687624454498 0.14467653685443005
[1 INFO root] 0.5980249643325806 0.15601228177547455 0.13727668460251177
[1 INFO root] 0.5990206003189087 0.15615056455135345 0.1301104654585006
[1 INFO root] 0.6000187993049622 0.15628190338611603 0.12320694457342654
[1 INFO root] 0.6009684205055237 0.15640020370483398 0.11636718212562626
[1 INFO root] 0.6017893552780151 0.1564968228340149 0.10922715165448894
[1 INFO root] 0.60248863697052 0.156574085354805 0.10177566170827504
[1 INFO root] 0.6030823588371277 0.15663525462150574 0.0940328179411403
[1 INFO root] 0.603584885597229 0.156683087348938 0.08600790834465524
[1 INFO root] 0.6040083169937134 0.15671999752521515 0.07770209172440469
[1 INFO root] 0.604363203048706 0.1567479819059372 0.06911057833507009
[1 INFO root] 0.6046585440635681 0.15676872432231903 0.06022412630485554
[1 INFO root] 0.6049020886421204 0.15678367018699646 0.051030064730645884
[1 INFO root] 0.6051003932952881 0.156794011592865 0.041512994891255844
[1 INFO root] 0.6052590608596802 0.1568007916212082 0.0316552770946237
[1 INFO root] 0.6053829193115234 0.1568048745393753 0.021437380043948264
[1 INFO root] 0.6054760217666626 0.15680699050426483 0.01083814921421158
[1 INFO root] 0.6055419445037842 0.1568077951669693 -0.00016496307209898885
[1 INFO root] 0.6055837869644165 0.15680785477161407 -0.011595671765362003
[1 INFO root] 0.6056041717529297 0.15680767595767975 -0.023478608579751568
[1 INFO root] 0.6056055426597595 0.15680766105651855 -0.03583902097065003
[1 INFO root] 0.6055900454521179 0.15680821239948273 -0.04870239611958269
[1 INFO root] 0.6055597066879272 0.15680967271327972 -0.06209398629751803
[1 INFO root] 0.6055164933204651 0.15681231021881104 -0.07603821276201092
[1 INFO root] 0.6054623126983643 0.15681637823581696 -0.09055792705067198
[1 INFO root] 0.6053992509841919 0.15682202577590942 -0.10567351195104702
[1 INFO root] 0.6053292751312256 0.1568293422460556 -0.12140181051077256
[1 INFO root] 0.6052547693252563 0.1568383276462555 -0.1377548810221609
[1 INFO root] 0.6051780581474304 0.15684884786605835 -0.1547385897457622
[1 INFO root] 0.6051018238067627 0.1568606048822403 -0.1723510714422829
[1 INFO root] 0.6050289869308472 0.15687313675880432 -0.19058111010791445
[1 INFO root] 0.6049627065658569 0.1568857878446579 -0.20940651714867606
[1 INFO root] 0.6049063801765442 0.156897634267807 -0.22879260888369998
[1 INFO root] 0.6048634648323059 0.15690751373767853 -0.2486909059121378
[1 INFO root] 0.6048375964164734 0.15691399574279785 -0.2690381890542939
[1 INFO root] 0.6048324108123779 0.15691538155078888 -0.28975604606927224
[1 INFO root] 0.6048513054847717 0.1569097340106964 -0.31075102735724847
[1 INFO root] 0.6048975586891174 0.15689492225646973 -0.33191549708300067
[1 INFO root] 0.6049739122390747 0.15686871111392975 -0.35312922143298375
[1 INFO root] 0.6050811409950256 0.15682940185070038 -0.3743147577191859
[1 INFO root] 0.6052189469337463 0.15677551925182343 -0.3954021300578716
[1 INFO root] 0.6053868532180786 0.15670578181743622 -0.41631560810010965
[1 INFO root] 0.6055841445922852 0.15661898255348206 -0.43697234926954276
[1 INFO root] 0.6058100461959839 0.15651394426822662 -0.4572826472859208
[1 INFO root] 0.6060638427734375 0.15638963878154755 -0.4771506786348698
[1 INFO root] 0.6063448786735535 0.15624499320983887 -0.4964758116106187
[1 INFO root] 0.6066526174545288 0.1560789942741394 -0.5151545888080127
[1 INFO root] 0.6069867610931396 0.155890554189682 -0.5330834838680942
[1 INFO root] 0.6073474287986755 0.15567855536937714 -0.5501625036376081
[1 INFO root] 0.6077349185943604 0.15544173121452332 -0.5662996505832872
[1 INFO root] 0.608150064945221 0.15517869591712952 -0.5814161689836899
[1 INFO root] 0.6085939407348633 0.1548878699541092 -0.5954523646267348
[1 INFO root] 0.6090682148933411 0.1545674353837967 -0.6083736088217645
[1 INFO root] 0.6095750331878662 0.15421538054943085 -0.6201759222302107
[1 INFO root] 0.6101166605949402 0.15382947027683258 -0.6308903115440871
[1 INFO root] 0.6106957793235779 0.15340730547904968 -0.6405848616700485
[1 INFO root] 0.611315131187439 0.15294647216796875 -0.6493635590552741
[1 INFO root] 0.6119772791862488 0.15244464576244354 -0.6573610454628126
[1 INFO root] 0.6126841902732849 0.1518997997045517 -0.6647330543173983
[1 INFO root] 0.613437294960022 0.15131042897701263 -0.6716431438160251
[1 INFO root] 0.6142367720603943 0.15067575871944427 -0.6782473338758244
[1 INFO root] 0.6150816082954407 0.1499958634376526 -0.6846790480215599
[1 INFO root] 0.6159694790840149 0.1492718905210495 -0.6910369957417382
[1 INFO root] 0.6168838143348694 0.14851664006710052 -0.6979921658499533
[1 INFO root] 0.617815375328064 0.14773628115653992 -0.7058317346451257
[1 INFO root] 0.6187611818313599 0.14693139493465424 -0.7144691794961078
[1 INFO root] 0.619718074798584 0.1461028903722763 -0.7237423849290081
[1 INFO root] 0.6206820607185364 0.14525257050991058 -0.7334596273572572
[1 INFO root] 0.6216488480567932 0.1443830132484436 -0.7434167433822532
[1 INFO root] 0.6226140260696411 0.14349739253520966 -0.7534122308241294
[1 INFO root] 0.623573362827301 0.14259934425354004 -0.7632588779232996
[1 INFO root] 0.6245124340057373 0.1417027860879898 -0.7734700121906799
[1 INFO root] 0.6254240274429321 0.14081449806690216 -0.784225704183482
[1 INFO root] 0.6263055801391602 0.13993693888187408 -0.7954964987730173
[1 INFO root] 0.6271553635597229 0.13907182216644287 -0.8072385422384529
[1 INFO root] 0.6279723048210144 0.13822047412395477 -0.819414651823698
[1 INFO root] 0.628756046295166 0.1373836100101471 -0.8319703228399484
[1 INFO root] 0.6295093894004822 0.13655872642993927 -0.8448942354842168
[1 INFO root] 0.6302356123924255 0.1357426643371582 -0.8581936662650926
[1 INFO root] 0.6309375166893005 0.13493257761001587 -0.8718759848325549
[1 INFO root] 0.6316173076629639 0.13412602245807648 -0.8859455887901653
[1 INFO root] 0.632276713848114 0.13332095742225647 -0.9004019140209631
[1 INFO root] 0.6329171657562256 0.13251565396785736 -0.9152393734102816
[1 INFO root] 0.6335397362709045 0.13170859217643738 -0.9304501364250741
[1 INFO root] 0.6341453194618225 0.1308984011411667 -0.946024997966944
[1 INFO root] 0.6347346901893616 0.13008375465869904 -0.9619535555650908
[1 INFO root] 0.6353086233139038 0.12926343083381653 -0.9782241611127229
[1 INFO root] 0.6358675360679626 0.12843620777130127 -0.994823737953429
[1 INFO root] 0.6364119648933411 0.12760089337825775 -1.0117374630970521
[1 INFO root] 0.6369423270225525 0.12675634026527405 -1.0289483734905296
[1 INFO root] 0.6374589800834656 0.12590138614177704 -1.046436929450963
[1 INFO root] 0.6379621028900146 0.12503494322299957 -1.0641805471967387
[1 INFO root] 0.6384519338607788 0.12415596842765808 -1.082153171489632
[1 INFO root] 0.6389284729957581 0.12326350063085556 -1.1003249092376055
[1 INFO root] 0.6393916606903076 0.12235667556524277 -1.1186617404353931
[1 INFO root] 0.6398414969444275 0.121434785425663 -1.1371253836293895
[1 INFO root] 0.6402777433395386 0.12049727886915207 -1.1556732510388155
[1 INFO root] 0.6407000422477722 0.11954379826784134 -1.1742586055804443
[1 INFO root] 0.6411081552505493 0.11857423186302185 -1.1928308647984538
[1 INFO root] 0.6415015459060669 0.11758872121572495 -1.2113361113252228
[1 INFO root] 0.6418798565864563 0.11658768355846405 -1.229717711664861
[1 INFO root] 0.6422424912452698 0.11557182669639587 -1.2479171291871045
[1 INFO root] 0.6425890922546387 0.114542156457901 -1.2658748242330375
[1 INFO root] 0.64291912317276 0.11349998414516449 -1.2835312279344364
[1 INFO root] 0.6432322859764099 0.11244689673185349 -1.3008277169223736
[1 INFO root] 0.643528163433075 0.11138474196195602 -1.3177076200500648
[1 INFO root] 0.6438066363334656 0.11031558364629745 -1.3341171054767658
[1 INFO root] 0.6440675258636475 0.10924168676137924 -1.3500059838190848
[1 INFO root] 0.6443108916282654 0.108165442943573 -1.3653283303553205
[1 INFO root] 0.6445368528366089 0.10708934813737869 -1.380042969927137
[1 INFO root] 0.6447457671165466 0.1060158982872963 -1.3941137249331654
[1 INFO root] 0.6449381113052368 0.10494760423898697 -1.407509498744126
[1 INFO root] 0.6451143026351929 0.10388688743114471 -1.4202041571465258
[1 INFO root] 0.6452755928039551 0.10283320397138596 -1.4321758164727105
[1 INFO root] 0.6454241871833801 0.10177741199731827 -1.4433990713373377
[1 INFO root] 0.6455608606338501 0.10071972757577896 -1.453842502099535
[1 INFO root] 0.6456863284111023 0.09966148436069489 -1.4634758629134017
[1 INFO root] 0.645801305770874 0.0986039862036705 -1.4722715676571974
[1 INFO root] 0.6459065675735474 0.09754849970340729 -1.4802045350240014
[1 INFO root] 0.646003007888794 0.09649623930454254 -1.4872518755788418
[1 INFO root] 0.6460914611816406 0.09544835239648819 -1.4933925114577755
[1 INFO root] 0.6461730003356934 0.09440593421459198 -1.4986067104319634
[1 INFO root] 0.646248459815979 0.09337001293897629 -1.502875604119869
[1 INFO root] 0.6463188529014587 0.09234153479337692 -1.5061806170094536
[1 INFO root] 0.6463851928710938 0.09132139384746552 -1.5085028981986957
[1 INFO root] 0.6464484930038452 0.09031040221452713 -1.5098226837989133
[1 INFO root] 0.6465097069740295 0.08930931985378265 -1.5101186482219728
[1 INFO root] 0.6465704441070557 0.08831097185611725 -1.5101379849642587
[1 INFO root] 0.6466310620307922 0.08731281012296677 -1.5101379849642587
[1 INFO root] 0.6466916799545288 0.08631464838981628 -1.5101379849642587
[1 INFO root] 0.6467522978782654 0.0853164866566658 -1.5101379849642587
[1 INFO root] 0.646812915802002 0.08431832492351532 -1.5101379849642587
[1 INFO root] 0.6468735337257385 0.08332016319036484 -1.5101379849642587
[1 INFO root] 0.6469341516494751 0.08232200890779495 -1.5101379849642587
[1 INFO root] 0.6469947695732117 0.08132384717464447 -1.5101379849642587
[1 INFO root] 0.6470553874969482 0.08032568544149399 -1.5101379849642587
[1 INFO root] 0.6471160054206848 0.0793275237083435 -1.5101379849642587
[1 INFO root] 0.6471766233444214 0.07832936197519302 -1.5101379849642587
[1 INFO root] 0.647237241268158 0.07733120024204254 -1.5101379849642587
[1 INFO root] 0.6472978591918945 0.07633303850889206 -1.5101379849642587
[1 INFO root] 0.6473584771156311 0.07533487677574158 -1.5101379849642587
[1 INFO root] 0.6474190950393677 0.07433672249317169 -1.5101379849642587
[1 INFO root] 0.6474797129631042 0.07333856076002121 -1.5101379849642587
[1 INFO root] 0.6475403308868408 0.07234039902687073 -1.5101379849642587
[1 INFO root] 0.6476009488105774 0.07134223729372025 -1.5101379849642587
[1 INFO root] 0.6476616263389587 0.07034407556056976 -1.5101379849642587
[1 INFO root] 0.6477222442626953 0.06934591382741928 -1.5101379849642587
[1 INFO root] 0.6477828621864319 0.0683477520942688 -1.5101379849642587
[1 INFO root] 0.6478434801101685 0.06734959036111832 -1.5101379849642587
[1 INFO root] 0.647904098033905 0.06635143607854843 -1.5101379849642587
[1 INFO root] 0.6479647159576416 0.06535327434539795 -1.5101379849642587
[1 INFO root] 0.6480253338813782 0.06435511261224747 -1.5101379849642587
[1 INFO root] 0.6480859518051147 0.06335695087909698 -1.5101379849642587
[1 INFO root] 0.6481465697288513 0.0623587891459465 -1.5101379849642587
[1 INFO root] 0.6482071876525879 0.06136062741279602 -1.5101379849642587
[1 INFO root] 0.6482678055763245 0.06036246940493584 -1.5101379849642587
[1 INFO root] 0.648328423500061 0.059364307671785355 -1.5101379849642587
[1 INFO root] 0.6483890414237976 0.05836614593863487 -1.5101379849642587
[1 INFO root] 0.6484496593475342 0.05736798420548439 -1.5101379849642587
[1 INFO root] 0.6485102772712708 0.05636982247233391 -1.5101379849642587
[1 INFO root] 0.6485708951950073 0.055371664464473724 -1.5101379849642587
[1 INFO root] 0.6486315131187439 0.05437350273132324 -1.5101379849642587
[1 INFO root] 0.6486921310424805 0.05337534099817276 -1.5101379849642587
[1 INFO root] 0.648752748966217 0.05237717926502228 -1.5101379849642587
[1 INFO root] 0.6488134264945984 0.051379021257162094 -1.5101379849642587
[1 INFO root] 0.648874044418335 0.05038085952401161 -1.5101379849642587
[1 INFO root] 0.6489346623420715 0.04938269779086113 -1.5101379849642587
[1 INFO root] 0.6489952802658081 0.04838453605771065 -1.5101379849642587
[1 INFO root] 0.6490558981895447 0.047386378049850464 -1.5101379849642587
[1 INFO root] 0.6491165161132812 0.04638821631669998 -1.5101379849642587
[1 INFO root] 0.6491771340370178 0.0453900545835495 -1.5101379849642587
[1 INFO root] 0.6492377519607544 0.04439189285039902 -1.5101379849642587
[1 INFO root] 0.649298369884491 0.043393734842538834 -1.5101379849642587
[1 INFO root] 0.6493589878082275 0.04239557310938835 -1.5101379849642587
[1 INFO root] 0.6494196057319641 0.04139741137623787 -1.5101379849642587
[1 INFO root] 0.6494802236557007 0.04039924964308739 -1.5101379849642587
[1 INFO root] 0.6495408415794373 0.0394010916352272 -1.5101379849642587
[1 INFO root] 0.6496014595031738 0.03840292990207672 -1.5101379849642587
[1 INFO root] 0.6496620774269104 0.03740476816892624 -1.5101379849642587
[1 INFO root] 0.649722695350647 0.03640660643577576 -1.5101379849642587
[1 INFO root] 0.6497822999954224 0.03542524203658104 -1.5097472660191646
[1 INFO root] 0.6498385071754456 0.034505486488342285 -1.5079170960036634
[1 INFO root] 0.6498922109603882 0.03364976495504379 -1.504573559011147
[1 INFO root] 0.6499446034431458 0.03285520151257515 -1.499753781510642
[1 INFO root] 0.6499966382980347 0.032118964940309525 -1.493483157512167
[1 INFO root] 0.6500489115715027 0.03143829107284546 -1.4857749079712528
[1 INFO root] 0.650101900100708 0.030810536816716194 -1.4766301389002263
[1 INFO root] 0.6501558423042297 0.030233239755034447 -1.4660364480650026
[1 INFO root] 0.6502108573913574 0.0297041404992342 -1.4539671710705588
[1 INFO root] 0.6502668857574463 0.029221171513199806 -1.4403808527751856
[1 INFO root] 0.650323748588562 0.028782442212104797 -1.4252204906102208
[1 INFO root] 0.6503812074661255 0.028386205434799194 -1.4084124652998715
[1 INFO root] 0.6504387259483337 0.028030816465616226 -1.3898651721361321
[1 INFO root] 0.6504958868026733 0.0277146864682436 -1.3694673915309525
[1 INFO root] 0.6505520939826965 0.027436213567852974 -1.3470864633220312
[1 INFO root] 0.650606632232666 0.027193676680326462 -1.3225663650763415
[1 INFO root] 0.6506588459014893 0.026985133066773415 -1.295725842107183
[1 INFO root] 0.6507081985473633 0.026808254420757294 -1.2663567965459404
[1 INFO root] 0.6507541537284851 0.026660146191716194 -1.2342232142793355
[1 INFO root] 0.65079665184021 0.02653714083135128 -1.199060991108526
[1 INFO root] 0.650836169719696 0.026434563100337982 -1.160579112899281
[1 INFO root] 0.6508740186691284 0.02634650096297264 -1.1184627508381382
[1 INFO root] 0.650912880897522 0.026265602558851242 -1.0723789581795085
[1 INFO root] 0.6509574055671692 0.026182962581515312 -1.0219858094616503
[1 INFO root] 0.6510148048400879 0.02608814463019371 -0.9669460176435026
[1 INFO root] 0.651095986366272 0.02596944384276867 -0.9069462975034434
[1 INFO root] 0.6512160897254944 0.025814468041062355 -0.841723975988552
[1 INFO root] 0.651395857334137 0.02561120130121708 -0.7711024646036957
[1 INFO root] 0.6516622304916382 0.025349600240588188 -0.6950369482984945
[1 INFO root] 0.6520484089851379 0.025023818016052246 -0.6136705529855531
[1 INFO root] 0.6525931358337402 0.024634936824440956 -0.5273986730258169
[1 INFO root] 0.6533386707305908 0.024193882942199707 -0.4369343947283182
[1 INFO root] 0.6543262004852295 0.023723814636468887 -0.3433609180425036
[1 INFO root] 0.6555900573730469 0.023260872811079025 -0.24814908100217956
[1 INFO root] 0.657150149345398 0.02285214141011238 -0.1531119236305789
[1 INFO root] 0.6590054631233215 0.022550083696842194 -0.060278122738167225
[1 INFO root] 0.6611306071281433 0.02240411564707756 0.02830844803923263
[1 INFO root] 0.6634775996208191 0.02245149202644825 0.11082731788498215
[1 INFO root] 0.6659823060035706 0.02271057292819023 0.1858959190222296
[1 INFO root] 0.6685746908187866 0.023178765550255775 0.25269780229670613
[1 INFO root] 0.6711881756782532 0.023835374042391777 0.3109950551444191
[1 INFO root] 0.6737666726112366 0.024647632613778114 0.3610405502769132
[1 INFO root] 0.6762674450874329 0.025577453896403313 0.40343532584025016
[1 INFO root] 0.6786613464355469 0.026587001979351044 0.4389785051902851
[1 INFO root] 0.6809305548667908 0.02764231711626053 0.4685422658977363
[1 INFO root] 0.6828815937042236 0.028621520847082138 0.48858368530148266
[1 INFO root] 0.6845293641090393 0.029492566362023354 0.5006822121117404
[1 INFO root] 0.6859204173088074 0.030251212418079376 0.5066344236649496
[1 INFO root] 0.68709796667099 0.030903633683919907 0.5077502117900513
[1 INFO root] 0.6880996823310852 0.03146081045269966 0.5049729119274595
[1 INFO root] 0.6889574527740479 0.03193531930446625 0.4989854355262787
[1 INFO root] 0.6896979808807373 0.03233958035707474 0.49028541030106726
[1 INFO root] 0.6903422474861145 0.03268427401781082 0.47921499570997134
[1 INFO root] 0.6909067034721375 0.032978467643260956 0.46601260551321316
[1 INFO root] 0.6914049386978149 0.033229995518922806 0.45085111852830134
[1 INFO root] 0.6918483376502991 0.0334455631673336 0.4338572057908981
[1 INFO root] 0.6922463178634644 0.0336308553814888 0.4151241237286956
[1 INFO root] 0.6926068663597107 0.03379065915942192 0.39472191270744106
[1 INFO root] 0.692936897277832 0.033928997814655304 0.3727061875643536
[1 INFO root] 0.6932423114776611 0.034049250185489655 0.34912625814878706
[1 INFO root] 0.6935285925865173 0.03415427356958389 0.3240330771894471
[1 INFO root] 0.6938005089759827 0.034246403723955154 0.297518533603401
[1 INFO root] 0.6940609216690063 0.034327052533626556 0.2700915390234606
[1 INFO root] 0.6943159103393555 0.03439841791987419 0.24195317674568287
[1 INFO root] 0.6945717930793762 0.0344623327255249 0.21330539760071535
[1 INFO root] 0.6948347687721252 0.034520070999860764 0.1843949356900494
[1 INFO root] 0.6951109170913696 0.03457237035036087 0.15551415595330934
[1 INFO root] 0.6954060196876526 0.03461946174502373 0.1269977233220454
[1 INFO root] 0.6957255005836487 0.03466111421585083 0.09921281257563956
[1 INFO root] 0.6960728168487549 0.03469659015536308 0.07244874184988362
[1 INFO root] 0.6964497566223145 0.0347248911857605 0.04693042476908917
[1 INFO root] 0.6968562602996826 0.034744955599308014 0.022818479364640678
[1 INFO root] 0.6972909569740295 0.03475586697459221 0.00020711064440550805
[1 INFO root] 0.697750985622406 0.03475695103406906 -0.02087916032346169
[1 INFO root] 0.6982326507568359 0.03474786877632141 -0.040476538969110826
[1 INFO root] 0.6987319588661194 0.03472859412431717 -0.05866668402127371
[1 INFO root] 0.6992449760437012 0.03469937667250633 -0.07556606457893243
[1 INFO root] 0.6997678279876709 0.034660667181015015 -0.09131728387240542
[1 INFO root] 0.700295627117157 0.03461316600441933 -0.10611957761199585
[1 INFO root] 0.7008234858512878 0.03455772623419762 -0.12019428450100884
[1 INFO root] 0.701347827911377 0.03449515253305435 -0.13374553187437296
[1 INFO root] 0.7018662691116333 0.034426115453243256 -0.14695533778589787
[1 INFO root] 0.7023775577545166 0.034351132810115814 -0.15998580474280086
[1 INFO root] 0.7028810381889343 0.03427056595683098 -0.1729804259435894
[1 INFO root] 0.7033767700195312 0.03418462723493576 -0.18606524397519372
[1 INFO root] 0.7038650512695312 0.034093379974365234 -0.1993498384097465
[1 INFO root] 0.7043465971946716 0.033996760845184326 -0.2129281329741459
[1 INFO root] 0.704822301864624 0.03389458730816841 -0.2268791272620374
[1 INFO root] 0.7052931785583496 0.0337865836918354 -0.24126771908531605
[1 INFO root] 0.7057602405548096 0.03367237746715546 -0.2561457926252932
[1 INFO root] 0.7062244415283203 0.03355153650045395 -0.2715537506864185
[1 INFO root] 0.706686794757843 0.033423569053411484 -0.28752266322700737
[1 INFO root] 0.707148015499115 0.033287979662418365 -0.30407714947929754
[1 INFO root] 0.7076086401939392 0.0331442654132843 -0.32123915673066666
[1 INFO root] 0.7080748081207275 0.03299000859260559 -0.3390241450869069
[1 INFO root] 0.7085974812507629 0.0328066311776638 -0.35735264889993407
[1 INFO root] 0.709170937538147 0.032593611627817154 -0.3762492816009961
[1 INFO root] 0.7097834348678589 0.03235287219285965 -0.395769065515714
[1 INFO root] 0.7104254961013794 0.03208602964878082 -0.4159780090770384
[1 INFO root] 0.7110890746116638 0.031794432550668716 -0.43695326365517123
[1 INFO root] 0.7117805480957031 0.03147315979003906 -0.4577565756565584
[1 INFO root] 0.7125058174133301 0.03111760877072811 -0.4772504032883603
[1 INFO root] 0.7132578492164612 0.030730506405234337 -0.4951455786223284
[1 INFO root] 0.714028537273407 0.030316045507788658 -0.5112649994765143
[1 INFO root] 0.7148104906082153 0.029878981411457062 -0.5254533847343239
[1 INFO root] 0.7155967354774475 0.02942456118762493 -0.5375779129850712
[1 INFO root] 0.7163808345794678 0.028958424925804138 -0.5475273329914081
[1 INFO root] 0.717156708240509 0.02848641760647297 -0.555209832284772
[1 INFO root] 0.7179199457168579 0.028013821691274643 -0.5605450769574937
[1 INFO root] 0.7186667323112488 0.0275456253439188 -0.5634664890891671
[1 INFO root] 0.7193938493728638 0.027086537331342697 -0.5639226683725613
[1 INFO root] 0.7200989127159119 0.02664068154990673 -0.5618783515764726
[1 INFO root] 0.720780611038208 0.02621130831539631 -0.5573184844392773
[1 INFO root] 0.7214387655258179 0.025800682604312897 -0.5502556976192448
[1 INFO root] 0.7220744490623474 0.02541009522974491 -0.540739912800214
[1 INFO root] 0.7226894497871399 0.025040000677108765 -0.5288680098052401
[1 INFO root] 0.723286509513855 0.02469007484614849 -0.5163350162036717
[1 INFO root] 0.7238680720329285 0.024358928203582764 -0.5043210384786512
[1 INFO root] 0.7244344353675842 0.024045418947935104 -0.4929207214538171
[1 INFO root] 0.7249998450279236 0.023740895092487335 -0.4820411899966481
[1 INFO root] 0.7255842089653015 0.023434342816472054 -0.4715753839468364
[1 INFO root] 0.7261863350868225 0.02312653325498104 -0.46142089812325415
[1 INFO root] 0.7268023490905762 0.022819453850388527 -0.45146913913501385
[1 INFO root] 0.7274288535118103 0.022514935582876205 -0.44160878884197863
[1 INFO root] 0.7280623912811279 0.02221466414630413 -0.4317269241430404
[1 INFO root] 0.7286999225616455 0.021920187398791313 -0.4217101852625713
[1 INFO root] 0.729338526725769 0.021632906049489975 -0.4114463495650662
[1 INFO root] 0.7299757599830627 0.0213540680706501 -0.40082604997466714
[1 INFO root] 0.7306094169616699 0.021084757521748543 -0.38974438623766505
[1 INFO root] 0.7312376499176025 0.020825881510972977 -0.3781022426781095
[1 INFO root] 0.7318590879440308 0.02057817578315735 -0.36580724083875515
[1 INFO root] 0.732472836971283 0.020342200994491577 -0.35277482919964487
[1 INFO root] 0.7330784201622009 0.020118342712521553 -0.3389292934187391
[1 INFO root] 0.7336756587028503 0.019906848669052124 -0.3242033926212213
[1 INFO root] 0.7342649102210999 0.01970784366130829 -0.30853747897484024
[1 INFO root] 0.7348467707633972 0.019521363079547882 -0.29187859607165983
[1 INFO root] 0.7354222536087036 0.01934739202260971 -0.2741796820116213
[1 INFO root] 0.7359925508499146 0.01918588951230049 -0.25539893442991407
[1 INFO root] 0.7365590929985046 0.01903681829571724 -0.23549938003314416
[1 INFO root] 0.7371235489845276 0.018900178372859955 -0.21444868100278366
[1 INFO root] 0.7376877665519714 0.01877603866159916 -0.19221919920675187
[1 INFO root] 0.7382538318634033 0.018664564937353134 -0.1687883409458839
[1 INFO root] 0.7388238906860352 0.01856604963541031 -0.1441392131338499
[1 INFO root] 0.739400327205658 0.018480943515896797 -0.11826159617070318
[1 INFO root] 0.7399855256080627 0.018409889191389084 -0.09115326086789974
[1 INFO root] 0.7405822277069092 0.018353739753365517 -0.06283072651523612
[1 INFO root] 0.7411931157112122 0.018313603475689888 -0.033322258753158286
[1 INFO root] 0.7418208122253418 0.018290868028998375 -0.0026658303080428804
[1 INFO root] 0.7424679398536682 0.018287213519215584 0.029089549193514832
[1 INFO root] 0.7431369423866272 0.01830461621284485 0.06188197882259619
[1 INFO root] 0.7438300251960754 0.018345355987548828 0.09563478899779045
[1 INFO root] 0.7445492148399353 0.01841198094189167 0.13025476230818114
[1 INFO root] 0.7452961206436157 0.01850729249417782 0.16563056755503805
[1 INFO root] 0.7460719347000122 0.018634270876646042 0.20163155545591874
[1 INFO root] 0.7468773722648621 0.018796006217598915 0.23810704393412974
[1 INFO root] 0.7477124333381653 0.01899559237062931 0.2748863217215905
[1 INFO root] 0.7485765218734741 0.019235989078879356 0.31177947368544096
[1 INFO root] 0.749468207359314 0.019519886001944542 0.3485792192412894
[1 INFO root] 0.7503854036331177 0.01984952576458454 0.38506379909733135
[1 INFO root] 0.7513251304626465 0.020226549357175827 0.4210009015383956
[1 INFO root] 0.7522838711738586 0.020651835948228836 0.45615253018524027
[1 INFO root] 0.7532573342323303 0.021125374361872673 0.49028058779295886
[1 INFO root] 0.7542409300804138 0.021646177396178246 0.5231528075461551
[1 INFO root] 0.7552297711372375 0.02221224270761013 0.554548632473723
[1 INFO root] 0.7562187314033508 0.022820575162768364 0.5842645792456092
[1 INFO root] 0.7572029232978821 0.023467255756258965 0.6121186688212454
[1 INFO root] 0.758177638053894 0.024147585034370422 0.6379535453875981
[1 INFO root] 0.7591387033462524 0.024856237694621086 0.6616381007005139
[1 INFO root] 0.7600823044776917 0.02558746188879013 0.6830675040260508
[1 INFO root] 0.7610053420066833 0.026335274800658226 0.7021617226342366
[1 INFO root] 0.7619052529335022 0.02709365263581276 0.7188627270266876
[1 INFO root] 0.7627802491188049 0.02785669080913067 0.7331306783150329
[1 INFO root] 0.7636289000511169 0.028618743643164635 0.7449393994316529
[1 INFO root] 0.7644504308700562 0.02937452495098114 0.754271468519913
[1 INFO root] 0.7652444243431091 0.030119171366095543 0.7611132079105335
[1 INFO root] 0.7660079002380371 0.030845362693071365 0.7652310616732916
[1 INFO root] 0.7667292952537537 0.031537655740976334 0.7657541702750347
[1 INFO root] 0.7674199342727661 0.03220159560441971 0.7635957731198018
[1 INFO root] 0.7680991888046265 0.032852161675691605 0.760425329099956
[1 INFO root] 0.7687719464302063 0.0334925577044487 0.7565551669040737
[1 INFO root] 0.7694413661956787 0.03412488102912903 0.7521558584651927
[1 INFO root] 0.7701104283332825 0.03475145250558853 0.7474193774296352
[1 INFO root] 0.7707823514938354 0.03537477180361748 0.7425597070427357
[1 INFO root] 0.7714601755142212 0.035997457802295685 0.7378117417128237
