[18 INFO root] Initialising Python Geth Console...
[18 INFO root] Initialising RandB board...
[18 INFO root] Initialising resource sensor...
[18 INFO root] Initialising random-walk...
[18 INFO root] Initialising navigation...
[18 INFO root] Initialising Odo...
[18 INFO root] Initialising odometry...
[18 INFO root] Initialising gps...
[18 INFO root] Initialising Ground sensor...
[18 INFO root] --//-- Starting Experiment --//--
[18 INFO root] x y direction
[18 INFO root] 0.3944230079650879 0.28700900077819824 2.774078672997348
[18 INFO root] 0.39544928073883057 0.2866138815879822 2.894532615648519
[18 INFO root] 0.39650627970695496 0.2863297462463379 3.0380787378073784
[18 INFO root] 0.3971695601940155 0.28624439239501953 -3.0915532873557785
[18 INFO root] 0.3973435163497925 0.2862418293952942 -2.9306235003388528
[18 INFO root] 0.3969913125038147 0.2861641049385071 -2.7657587681254845
[18 INFO root] 0.3961564004421234 0.28584393858909607 -2.6004847099030326
[18 INFO root] 0.39495158195495605 0.28514236211776733 -2.4378114440109147
[18 INFO root] 0.39352601766586304 0.283969521522522 -2.279952418004903
[18 INFO root] 0.39203235507011414 0.2822837829589844 -2.1285457667280467
[18 INFO root] 0.39061057567596436 0.2800835072994232 -1.9851394159056552
[18 INFO root] 0.38938307762145996 0.27740538120269775 -1.8515348179274256
[18 INFO root] 0.3884482681751251 0.27432888746261597 -1.7297427192498402
[18 INFO root] 0.3878686726093292 0.27097657322883606 -1.6215501622225628
[18 INFO root] 0.3876551687717438 0.2675021290779114 -1.528025093836063
[18 INFO root] 0.3877699077129364 0.2640590965747833 -1.449052563063722
[18 INFO root] 0.38814449310302734 0.2607739567756653 -1.3833270508447824
[18 INFO root] 0.388699471950531 0.25773221254348755 -1.3288034910261548
[18 INFO root] 0.38936227560043335 0.25497716665267944 -1.2832746965423703
[18 INFO root] 0.39007657766342163 0.25251659750938416 -1.2448471310986442
[18 INFO root] 0.39080479741096497 0.25033169984817505 -1.212221844282315
[18 INFO root] 0.3915261924266815 0.24838568270206451 -1.1847768136131018
[18 INFO root] 0.3922327160835266 0.24663227796554565 -1.1624556875898364
[18 INFO root] 0.39292383193969727 0.24502435326576233 -1.1455193778122468
[18 INFO root] 0.3936014175415039 0.24352116882801056 -1.1342667052431157
[18 INFO root] 0.3942655026912689 0.24209342896938324 -1.128807807795534
[18 INFO root] 0.3949126601219177 0.24072381854057312 -1.128990497447684
[18 INFO root] 0.395536869764328 0.23940420150756836 -1.1344622201839754
[18 INFO root] 0.3961358070373535 0.23812168836593628 -1.1444971802963215
[18 INFO root] 0.39674896001815796 0.2367749661207199 -1.156174921311438
[18 INFO root] 0.3973734378814697 0.23536044359207153 -1.168785235331795
[18 INFO root] 0.3980010747909546 0.23388925194740295 -1.1818907888835517
[18 INFO root] 0.39862239360809326 0.23237855732440948 -1.1950006997216065
[18 INFO root] 0.39922845363616943 0.2308482676744461 -1.207665981794426
[18 INFO root] 0.3998132050037384 0.22931523621082306 -1.2195900526145762
[18 INFO root] 0.4003734290599823 0.2277919054031372 -1.2306197735447573
[18 INFO root] 0.4009105861186981 0.22627967596054077 -1.2408255160211967
[18 INFO root] 0.40142759680747986 0.22477515041828156 -1.2503488828951792
[18 INFO root] 0.40192711353302 0.2232748121023178 -1.2593124210547482
[18 INFO root] 0.4024111032485962 0.22177621722221375 -1.2678048337647756
[18 INFO root] 0.40288087725639343 0.2202780395746231 -1.2758863565436898
[18 INFO root] 0.403337299823761 0.2187798023223877 -1.2835972929981696
[18 INFO root] 0.40378108620643616 0.21728162467479706 -1.290965676786912
[18 INFO root] 0.40421268343925476 0.21578386425971985 -1.2980133552825353
[18 INFO root] 0.4046325981616974 0.21428696811199188 -1.3047596898767342
[18 INFO root] 0.4050412178039551 0.21279136836528778 -1.3112224048729932
[18 INFO root] 0.40543898940086365 0.21129749715328217 -1.3174178021206482
[18 INFO root] 0.40582624077796936 0.20980581641197205 -1.3233609333461696
[18 INFO root] 0.40620332956314087 0.20831675827503204 -1.329065622827865
[18 INFO root] 0.40657058358192444 0.20683082938194275 -1.3345442579033409
[18 INFO root] 0.40692830085754395 0.20534856617450714 -1.3398074211762767
[18 INFO root] 0.4072767198085785 0.20387065410614014 -1.3448635145964147
[18 INFO root] 0.4076160192489624 0.20239797234535217 -1.3497184870494083
[18 INFO root] 0.4079463481903076 0.200931578874588 -1.3543757296486894
[18 INFO root] 0.4082677960395813 0.19947274029254913 -1.3588361695115696
[18 INFO root] 0.4085804522037506 0.1980229765176773 -1.3630985565368319
[18 INFO root] 0.40888434648513794 0.19658394157886505 -1.367159913402174
[18 INFO root] 0.4091787040233612 0.19516152143478394 -1.3711232223785468
[18 INFO root] 0.4094375669956207 0.1938852071762085 -1.378387698441886
[18 INFO root] 0.4096612334251404 0.1927419751882553 -1.3890148298546638
[18 INFO root] 0.40985339879989624 0.19170331954956055 -1.402681388319346
[18 INFO root] 0.41001784801483154 0.19074296951293945 -1.4191443933438779
[18 INFO root] 0.41015756130218506 0.189839169383049 -1.4382095283927445
[18 INFO root] 0.4102746546268463 0.18897438049316406 -1.4597135837415085
[18 INFO root] 0.41037023067474365 0.18813450634479523 -1.4835159819545913
[18 INFO root] 0.4104445278644562 0.1873081922531128 -1.5094932667587202
[18 INFO root] 0.41049715876579285 0.18648618459701538 -1.5375352352488874
[18 INFO root] 0.41052690148353577 0.18566100299358368 -1.5675420896335217
[18 INFO root] 0.4105321168899536 0.18482652306556702 -1.5994222144811279
[18 INFO root] 0.41051048040390015 0.1839778572320938 -1.633090328543003
[18 INFO root] 0.4104592800140381 0.1831110417842865 -1.6684658472860046
[18 INFO root] 0.41037535667419434 0.18222303688526154 -1.7054713340338659
[18 INFO root] 0.41025519371032715 0.18131151795387268 -1.744030936532596
[18 INFO root] 0.4100949168205261 0.1803749054670334 -1.7840687132151143
[18 INFO root] 0.4098903238773346 0.17941221594810486 -1.8255067595852517
[18 INFO root] 0.4096370041370392 0.17842309176921844 -1.8682630578978874
[18 INFO root] 0.4093303382396698 0.17740772664546967 -1.9122489985554856
[18 INFO root] 0.40896540880203247 0.1763669103384018 -1.957366548494152
[18 INFO root] 0.40853771567344666 0.1753029227256775 -2.0035964587011197
[18 INFO root] 0.40804266929626465 0.17421875894069672 -2.0509790814458038
[18 INFO root] 0.40747544169425964 0.17311741411685944 -2.099547659003854
[18 INFO root] 0.40683063864707947 0.17200180888175964 -2.1493073281896877
[18 INFO root] 0.4061024785041809 0.17087502777576447 -2.2002240900256544
[18 INFO root] 0.4052847623825073 0.1697404980659485 -2.2522122673436495
[18 INFO root] 0.40437111258506775 0.1686023473739624 -2.3051207140700085
[18 INFO root] 0.40335536003112793 0.16746558248996735 -2.35871878950486
[18 INFO root] 0.4022320508956909 0.16633634269237518 -2.412685051701612
[18 INFO root] 0.4009971618652344 0.16522207856178284 -2.4666027818012415
[18 INFO root] 0.3996490240097046 0.16413149237632751 -2.519964058012031
[18 INFO root] 0.39818906784057617 0.16307421028614044 -2.572183542834409
[18 INFO root] 0.3966226279735565 0.16206024587154388 -2.6226220272629095
[18 INFO root] 0.39495909214019775 0.16109918057918549 -2.670618009669532
[18 INFO root] 0.39321205019950867 0.16019922494888306 -2.715523851971484
[18 INFO root] 0.39139842987060547 0.15936636924743652 -2.7567419363651307
[18 INFO root] 0.3895376920700073 0.15860378742218018 -2.793756005940538
[18 INFO root] 0.38765037059783936 0.15791156888008118 -2.8261543547856456
[18 INFO root] 0.38575679063796997 0.15728676319122314 -2.8536438328064593
[18 INFO root] 0.3838757574558258 0.15672393143177032 -2.8760536064211863
[18 INFO root] 0.38202372193336487 0.15621569752693176 -2.893329595720989
[18 INFO root] 0.380214124917984 0.15575356781482697 -2.9055216878470613
[18 INFO root] 0.3784572184085846 0.15532860159873962 -2.9127653345624434
[18 INFO root] 0.3767601251602173 0.15493199229240417 -2.9152612100534125
[18 INFO root] 0.3751271367073059 0.1545555144548416 -2.913255232339592
[18 INFO root] 0.3735601007938385 0.15419168770313263 -2.9070201163096803
[18 INFO root] 0.37205880880355835 0.15383394062519073 -2.896839162387574
[18 INFO root] 0.3706214725971222 0.1534765660762787 -2.8829928388909742
[18 INFO root] 0.36924511194229126 0.15311460196971893 -2.8657485037575543
[18 INFO root] 0.3679257929325104 0.15274369716644287 -2.8453534380757772
[18 INFO root] 0.36661428213119507 0.15234631299972534 -2.824385552971939
[18 INFO root] 0.3652983009815216 0.15191730856895447 -2.8038010664385364
[18 INFO root] 0.3639805316925049 0.15145745873451233 -2.783814018827187
[18 INFO root] 0.3626643121242523 0.15096834301948547 -2.7645382543496098
[18 INFO root] 0.3613525331020355 0.15045179426670074 -2.746048895720869
[18 INFO root] 0.3600476086139679 0.14990974962711334 -2.7283923105034282
[18 INFO root] 0.3587515950202942 0.14934425055980682 -2.711595970108746
[18 INFO root] 0.3574663996696472 0.1487574428319931 -2.695677044132911
[18 INFO root] 0.35619375109672546 0.14815157651901245 -2.6806490586603133
[18 INFO root] 0.3549354672431946 0.14752905070781708 -2.666526259894588
[18 INFO root] 0.35369351506233215 0.1468924731016159 -2.653325662234304
[18 INFO root] 0.35246989130973816 0.146244615316391 -2.6410670722539633
[18 INFO root] 0.3512668013572693 0.1455884724855423 -2.629771612784236
[18 INFO root] 0.35014960169792175 0.14496265351772308 -2.6209413976472593
[18 INFO root] 0.3491710126399994 0.14440280199050903 -2.615740785421514
[18 INFO root] 0.3483162820339203 0.14390742778778076 -2.613765619663955
[18 INFO root] 0.3475654125213623 0.1434698849916458 -2.6145379244248153
[18 INFO root] 0.346901535987854 0.14308345317840576 -2.6176899476576345
[18 INFO root] 0.346310555934906 0.14274173974990845 -2.622940896093951
[18 INFO root] 0.3457808196544647 0.14243896305561066 -2.6300767709382766
[18 INFO root] 0.3453024923801422 0.14216996729373932 -2.638935719706804
[18 INFO root] 0.3448669910430908 0.1419299989938736 -2.6493836511359277
[18 INFO root] 0.3444662392139435 0.14171451330184937 -2.6612991471950935
[18 INFO root] 0.3440934419631958 0.141519695520401 -2.6745936127721333
[18 INFO root] 0.34374311566352844 0.141342431306839 -2.689211401488934
[18 INFO root] 0.34341076016426086 0.14118027687072754 -2.7051249321932507
[18 INFO root] 0.343092679977417 0.14103125035762787 -2.7223305524899093
[18 INFO root] 0.3427857756614685 0.140893816947937 -2.7408453030562154
[18 INFO root] 0.3424874544143677 0.14076675474643707 -2.7607043214312177
[18 INFO root] 0.3421952724456787 0.14064905047416687 -2.781958655720444
[18 INFO root] 0.34190699458122253 0.1405399590730667 -2.8046732733121544
[18 INFO root] 0.3416203558444977 0.14043880999088287 -2.8289250444092384
[18 INFO root] 0.34133291244506836 0.14034512639045715 -2.8548004555594906
[18 INFO root] 0.3410419225692749 0.14025847613811493 -2.8823927653023516
[18 INFO root] 0.34074416756629944 0.14017866551876068 -2.9117982567943272
[18 INFO root] 0.34043586254119873 0.14010560512542725 -2.9431111799521203
[18 INFO root] 0.34011244773864746 0.14003954827785492 -2.9764169250912977
[18 INFO root] 0.33976855874061584 0.13998110592365265 -3.0117829596431642
[18 INFO root] 0.3393978476524353 0.13993145525455475 -3.049247132689086
[18 INFO root] 0.338993102312088 0.1398925632238388 -3.088803167112022
[18 INFO root] 0.33854642510414124 0.13986733555793762 -3.1303835809646285
[18 INFO root] 0.33804938197135925 0.1398598849773407 3.109344351117646
[18 INFO root] 0.3374936580657959 0.1398756355047226 3.0642559162103002
[18 INFO root] 0.3368717432022095 0.13992127776145935 3.0178962977213803
[18 INFO root] 0.33617788553237915 0.14000460505485535 2.9707480519527323
[18 INFO root] 0.33540892601013184 0.14013388752937317 2.9234143528601
[18 INFO root] 0.33456528186798096 0.14031711220741272 2.876602994264773
[18 INFO root] 0.3336513340473175 0.14056091010570526 2.8310954011724694
[18 INFO root] 0.3326754868030548 0.14086946845054626 2.7877027526591145
[18 INFO root] 0.3316495716571808 0.14124372601509094 2.7472146810147673
[18 INFO root] 0.330587774515152 0.14168080687522888 2.7103483762268556
[18 INFO root] 0.32950520515441895 0.14217424392700195 2.677706268733893
[18 INFO root] 0.32841649651527405 0.14271457493305206 2.649748512750826
[18 INFO root] 0.3273344933986664 0.14329040050506592 2.6267829299884498
[18 INFO root] 0.3262694776058197 0.1438896209001541 2.6089712159845075
[18 INFO root] 0.32522886991500854 0.1445004791021347 2.596347321629252
[18 INFO root] 0.3242169916629791 0.14511248469352722 2.588842653157693
[18 INFO root] 0.32323548197746277 0.14571693539619446 2.5863130048983995
[18 INFO root] 0.32228362560272217 0.14630712568759918 2.588563382487729
[18 INFO root] 0.3213587999343872 0.14687830209732056 2.5953684237896995
[18 INFO root] 0.3204525113105774 0.14743010699748993 2.6059301787919433
[18 INFO root] 0.31953731179237366 0.1479746401309967 2.617063713705324
[18 INFO root] 0.3187040388584137 0.14845813810825348 2.631442016354469
[18 INFO root] 0.3179546296596527 0.1488790214061737 2.6494445395005157
[18 INFO root] 0.31727296113967896 0.1492462307214737 2.6709485509329376
[18 INFO root] 0.31664344668388367 0.1495683640241623 2.6958563141270737
[18 INFO root] 0.316051721572876 0.14985303580760956 2.7241057431110534
[18 INFO root] 0.31548434495925903 0.15010671317577362 2.755654763816966
[18 INFO root] 0.31492850184440613 0.1503346711397171 2.7904671841432163
[18 INFO root] 0.31437182426452637 0.1505407989025116 2.828499944957208
[18 INFO root] 0.31380242109298706 0.1507275104522705 2.8696915196598862
[18 INFO root] 0.3132086992263794 0.1508956104516983 2.913951471821964
[18 INFO root] 0.3125797510147095 0.1510441154241562 2.9611513888356966
[18 INFO root] 0.31190547347068787 0.15117023885250092 3.0111175812979103
[18 INFO root] 0.31117698550224304 0.15126930177211761 3.0636260638960713
[18 INFO root] 0.31038698554039 0.15133492648601532 3.118400392765788
[18 INFO root] 0.30953025817871094 0.1513591706752777 -3.108072406903351
[18 INFO root] 0.3086042106151581 0.1513330191373825 -3.0497955378993913
[18 INFO root] 0.3076089322566986 0.15124686062335968 -2.9903653797395315
[18 INFO root] 0.30654773116111755 0.15109118819236755 -2.93021785704847
[18 INFO root] 0.30542680621147156 0.15085729956626892 -2.8697985862722915
[18 INFO root] 0.3042551279067993 0.15053798258304596 -2.809546154374
[18 INFO root] 0.30304384231567383 0.1501280963420868 -2.7498753447416284
[18 INFO root] 0.30180567502975464 0.14962495863437653 -2.691161918782981
[18 INFO root] 0.30055415630340576 0.149028480052948 -2.6337304114265185
[18 INFO root] 0.2993026673793793 0.1483410894870758 -2.577846013147482
[18 INFO root] 0.29806387424468994 0.14756742119789124 -2.5237110612051517
[18 INFO root] 0.29684919118881226 0.14671385288238525 -2.471466057367117
[18 INFO root] 0.29566827416419983 0.14578792452812195 -2.421194587451629
[18 INFO root] 0.2944965958595276 0.14476948976516724 -2.3730951768751725
[18 INFO root] 0.29333654046058655 0.14365842938423157 -2.327436742378017
[18 INFO root] 0.2921983003616333 0.14246349036693573 -2.2844316704378977
[18 INFO root] 0.29109102487564087 0.14119555056095123 -2.2442178913875575
[18 INFO root] 0.2900219261646271 0.139866441488266 -2.2068601237604084
[18 INFO root] 0.28899630904197693 0.1384882926940918 -2.1723573080626766
[18 INFO root] 0.2880175709724426 0.13707292079925537 -2.1406535472998622
[18 INFO root] 0.28708747029304504 0.1356315016746521 -2.1116531593966017
[18 INFO root] 0.2862064838409424 0.13417427241802216 -2.085233182501026
[18 INFO root] 0.2853739261627197 0.13271038234233856 -2.0612524190013324
[18 INFO root] 0.28458839654922485 0.1312478482723236 -2.039560078550332
[18 INFO root] 0.2838500142097473 0.12979774177074432 -2.0188823066753243
[18 INFO root] 0.2831600606441498 0.12837021052837372 -1.9969085003119702
[18 INFO root] 0.28251731395721436 0.12696263194084167 -1.9736079030128197
[18 INFO root] 0.2819207012653351 0.12557163834571838 -1.9492274842446664
[18 INFO root] 0.2813693881034851 0.12419496476650238 -1.9240076977213099
[18 INFO root] 0.2808626890182495 0.12283135950565338 -1.8981746194058204
[18 INFO root] 0.28039997816085815 0.12148049473762512 -1.8719349047825127
[18 INFO root] 0.2799805700778961 0.12014279514551163 -1.845472146045075
[18 INFO root] 0.2796037793159485 0.11881925910711288 -1.818944609353379
[18 INFO root] 0.27926862239837646 0.11751130223274231 -1.792484256382654
[18 INFO root] 0.2789734899997711 0.11621813476085663 -1.7661600538561093
[18 INFO root] 0.2787165641784668 0.11493778973817825 -1.7400105388578793
[18 INFO root] 0.2785000205039978 0.1136905699968338 -1.7167179099582424
[18 INFO root] 0.2783203721046448 0.11248838156461716 -1.6974705216085557
[18 INFO root] 0.2781706154346466 0.1113310307264328 -1.682030654624991
[18 INFO root] 0.2780442237854004 0.11021562665700912 -1.6700359292892213
[18 INFO root] 0.27793562412261963 0.10913823544979095 -1.6611521335969333
[18 INFO root] 0.2778400778770447 0.10809432715177536 -1.6550693358838056
[18 INFO root] 0.27775368094444275 0.10707917809486389 -1.651507924196242
[18 INFO root] 0.2776731550693512 0.10608818382024765 -1.6502192661001296
[18 INFO root] 0.2775953412055969 0.10511209070682526 -1.6509482348894038
[18 INFO root] 0.27751779556274414 0.10414585471153259 -1.6535048835587374
[18 INFO root] 0.27743858098983765 0.10318724811077118 -1.6577428342943465
[18 INFO root] 0.27735593914985657 0.10223431140184402 -1.6635329146509028
[18 INFO root] 0.2772682011127472 0.10128515958786011 -1.6707598786819287
[18 INFO root] 0.2771739065647125 0.10033795982599258 -1.679321903969779
[18 INFO root] 0.2770715653896332 0.09939101338386536 -1.689129918246276
[18 INFO root] 0.27695974707603455 0.09844280779361725 -1.7001237780648772
[18 INFO root] 0.2768371105194092 0.0974915623664856 -1.712187058872771
[18 INFO root] 0.2767021656036377 0.09653542190790176 -1.7251564126697607
[18 INFO root] 0.2765536606311798 0.0955728068947792 -1.7388790619737258
[18 INFO root] 0.2763903737068176 0.09460245072841644 -1.7532208194715964
[18 INFO root] 0.2762111723423004 0.0936233401298523 -1.768061352965836
[18 INFO root] 0.2760150730609894 0.0926346406340599 -1.7832697701944131
[18 INFO root] 0.2758011519908905 0.09163572639226913 -1.7987159607704808
[18 INFO root] 0.2755686044692993 0.09062617272138596 -1.8142741691388686
[18 INFO root] 0.2753168046474457 0.08960577100515366 -1.8298220254229742
[18 INFO root] 0.2750452160835266 0.08857446908950806 -1.8452395275753164
[18 INFO root] 0.27475354075431824 0.0875324010848999 -1.8604085364369065
[18 INFO root] 0.27444159984588623 0.08647982031106949 -1.8752127556557643
[18 INFO root] 0.2741240859031677 0.08546380698680878 -1.8901019002539965
[18 INFO root] 0.2738100588321686 0.0845089703798294 -1.9053050772358289
[18 INFO root] 0.2735007107257843 0.0836143046617508 -1.9207583395269092
[18 INFO root] 0.27319639921188354 0.08277624845504761 -1.9363843782701795
[18 INFO root] 0.2728974223136902 0.08199138939380646 -1.9521219926118552
[18 INFO root] 0.27260419726371765 0.08125648647546768 -1.9679216648111075
[18 INFO root] 0.27231699228286743 0.08056849241256714 -1.9837442533796408
[18 INFO root] 0.2720361053943634 0.07992450892925262 -1.9995607044719954
[18 INFO root] 0.27176180481910706 0.07932180911302567 -2.015352063096179
[18 INFO root] 0.2714942991733551 0.07875782251358032 -2.031109712848401
[18 INFO root] 0.2712337374687195 0.0782301053404808 -2.0468358196043033
[18 INFO root] 0.27098017930984497 0.07773634046316147 -2.062543951982841
[18 INFO root] 0.27073368430137634 0.07727430760860443 -2.078263862304483
[18 INFO root] 0.27049413323402405 0.0768418237566948 -2.094042528863676
[18 INFO root] 0.27026137709617615 0.07643676549196243 -2.109942496588898
[18 INFO root] 0.270035058259964 0.0760570541024208 -2.12604211838376
[18 INFO root] 0.26981475949287415 0.07570060342550278 -2.1424362309699796
[18 INFO root] 0.26959988474845886 0.07536530494689941 -2.159236723741457
[18 INFO root] 0.26938965916633606 0.07504904270172119 -2.1765728880730655
[18 INFO root] 0.26918306946754456 0.07474962621927261 -2.1945914452755275
[18 INFO root] 0.26897886395454407 0.07446476817131042 -2.2134561258794627
[18 INFO root] 0.2687755227088928 0.07419208437204361 -2.233346637129514
[18 INFO root] 0.2685711979866028 0.07392909377813339 -2.254454943083367
[18 INFO root] 0.2683635652065277 0.07367312908172607 -2.2769839769919296
[18 INFO root] 0.26814982295036316 0.07342138141393661 -2.3011455184893106
[18 INFO root] 0.26792651414871216 0.07317084819078445 -2.3271551483761543
[18 INFO root] 0.2676895260810852 0.07291839271783829 -2.355223676547312
[18 INFO root] 0.2674338221549988 0.07266080379486084 -2.3855420871676665
[18 INFO root] 0.26715347170829773 0.0723949447274208 -2.4182626742783317
[18 INFO root] 0.2668417692184448 0.07211802154779434 -2.453478683675985
[18 INFO root] 0.2664911150932312 0.07182780653238297 -2.4911856512220516
[18 INFO root] 0.2660936117172241 0.07152319699525833 -2.5312653562213034
[18 INFO root] 0.26563760638237 0.07120177149772644 -2.573204216668134
[18 INFO root] 0.2650996446609497 0.07085537910461426 -2.615350102480136
[18 INFO root] 0.26448139548301697 0.07049309462308884 -2.657110463219307
[18 INFO root] 0.2637905180454254 0.07012605667114258 -2.6979560597611227
[18 INFO root] 0.2630379796028137 0.06976485997438431 -2.737295294329557
[18 INFO root] 0.2622380256652832 0.0694189965724945 -2.7745033291583043
[18 INFO root] 0.261407732963562 0.06909623742103577 -2.8089563224957295
[18 INFO root] 0.2605660557746887 0.06880221515893936 -2.840065651461516
[18 INFO root] 0.2597326338291168 0.06854010373353958 -2.8673079035368536
[18 INFO root] 0.25892603397369385 0.0683106854557991 -2.8902474054448133
[18 INFO root] 0.2581622898578644 0.06811258941888809 -2.9085171364563465
[18 INFO root] 0.2574535608291626 0.06794287264347076 -2.92184429968783
[18 INFO root] 0.2568073868751526 0.06779755651950836 -2.9300251837265674
[18 INFO root] 0.2562265992164612 0.06767226755619049 -2.9329135153354353
[18 INFO root] 0.2557089030742645 0.06756246834993362 -2.930341001554747
[18 INFO root] 0.25524741411209106 0.06746363639831543 -2.9222263231112273
[18 INFO root] 0.25482940673828125 0.06737083196640015 -2.908609797165714
[18 INFO root] 0.25443968176841736 0.06727894395589828 -2.889630972391589
[18 INFO root] 0.254062294960022 0.06718257069587708 -2.8654968110810812
[18 INFO root] 0.2536829113960266 0.06707605719566345 -2.8364418617035043
[18 INFO root] 0.2532884180545807 0.06695300340652466 -2.802739220486568
[18 INFO root] 0.2528668940067291 0.06680591404438019 -2.7647194830664352
[18 INFO root] 0.2524081766605377 0.06662619858980179 -2.7227862912376657
[18 INFO root] 0.25190460681915283 0.0664043202996254 -2.6774285742583914
[18 INFO root] 0.2513514757156372 0.06613021343946457 -2.6292285419981085
[18 INFO root] 0.250747412443161 0.06579390168190002 -2.578863206441572
[18 INFO root] 0.25009480118751526 0.06538642197847366 -2.5271003661390243
[18 INFO root] 0.24939954280853271 0.06490075588226318 -2.4747863192831585
[18 INFO root] 0.2486708164215088 0.06433288753032684 -2.4228231487095053
[18 INFO root] 0.24792024493217468 0.06368264555931091 -2.3721326907259943
[18 INFO root] 0.24716080725193024 0.06295409798622131 -2.3236130863979993
[18 INFO root] 0.24640558660030365 0.06215549260377884 -2.2780939462469556
[18 INFO root] 0.24566645920276642 0.06129858270287514 -2.2362944125509556
[18 INFO root] 0.24495305120944977 0.060397423803806305 -2.1987893652228094
[18 INFO root] 0.24427209794521332 0.05946686863899231 -2.165987955834428
[18 INFO root] 0.24362713098526 0.058521077036857605 -2.1381259472509804
[18 INFO root] 0.2430187314748764 0.05757221207022667 -2.1152704703024408
[18 INFO root] 0.2424449771642685 0.056629639118909836 -2.097333879018374
[18 INFO root] 0.24190206825733185 0.055699583142995834 -2.084092878693576
[18 INFO root] 0.2413850724697113 0.05478531867265701 -2.0752098511726436
[18 INFO root] 0.24088846147060394 0.05388767644762993 -2.0702579102977046
[18 INFO root] 0.24040672183036804 0.053005773574113846 -2.0687484218811734
[18 INFO root] 0.23993481695652008 0.052138056606054306 -2.0701103309207607
[18 INFO root] 0.2394685000181198 0.05128280073404312 -2.0737357328629207
[18 INFO root] 0.2390044927597046 0.05043860524892807 -2.0791028725491576
[18 INFO root] 0.238540381193161 0.04960452765226364 -2.0858441947246407
[18 INFO root] 0.2380741983652115 0.048779577016830444 -2.0936505526562317
[18 INFO root] 0.23760439455509186 0.047962967306375504 -2.1003922153093777
[18 INFO root] 0.23713146150112152 0.047153811901807785 -2.105581360455481
[18 INFO root] 0.23665493726730347 0.046348389238119125 -2.109496850882032
[18 INFO root] 0.2361726313829422 0.0455407053232193 -2.11283230907333
[18 INFO root] 0.23568488657474518 0.044730156660079956 -2.1156594181182764
[18 INFO root] 0.23519229888916016 0.04391687363386154 -2.11798176767127
[18 INFO root] 0.23469121754169464 0.043093983083963394 -2.1196367868667143
[18 INFO root] 0.2341800183057785 0.042257703840732574 -2.120540368039538
[18 INFO root] 0.23365916311740875 0.0414075069129467 -2.1206751080077786
[18 INFO root] 0.23313665390014648 0.040555018931627274 -2.120680882403556
[18 INFO root] 0.23261407017707825 0.039702434092760086 -2.120680882403556
[18 INFO root] 0.23209147155284882 0.0388498492538929 -2.120680882403556
[18 INFO root] 0.23156888782978058 0.03799726441502571 -2.120680882403556
[18 INFO root] 0.23104630410671234 0.037144679576158524 -2.120680882403556
[18 INFO root] 0.2305237054824829 0.036292094737291336 -2.120680882403556
[18 INFO root] 0.23000016808509827 0.03543794900178909 -2.120895041098885
[18 INFO root] 0.2294715791940689 0.03457595780491829 -2.1221939372513186
[18 INFO root] 0.22893664240837097 0.0337059386074543 -2.124650023917663
[18 INFO root] 0.22839438915252686 0.03282862529158592 -2.1282081348943844
[18 INFO root] 0.22784391045570374 0.03194482624530792 -2.132788438640621
[18 INFO root] 0.22728386521339417 0.03105458989739418 -2.138400644265251
[18 INFO root] 0.22671231627464294 0.03015706315636635 -2.1451600724097477
[18 INFO root] 0.22612713277339935 0.02925148606300354 -2.1531593846059476
[18 INFO root] 0.22552621364593506 0.028337419033050537 -2.162440751539837
[18 INFO root] 0.22490744292736053 0.027414727956056595 -2.17299952599595
[18 INFO root] 0.2242688089609146 0.02648356929421425 -2.184789639070136
[18 INFO root] 0.22360844910144806 0.025544410571455956 -2.1977283986930085
[18 INFO root] 0.22292469441890717 0.024598022922873497 -2.2117016683850497
[18 INFO root] 0.2222161889076233 0.023645495995879173 -2.226569663358163
[18 INFO root] 0.22148194909095764 0.022688228636980057 -2.2421732398521113
[18 INFO root] 0.22072137892246246 0.021727904677391052 -2.2583404817638395
[18 INFO root] 0.2199343889951706 0.020766448229551315 -2.274893352759485
[18 INFO root] 0.21912133693695068 0.019805973395705223 -2.2916541665682826
[18 INFO root] 0.21828310191631317 0.01884870044887066 -2.308451665692107
[18 INFO root] 0.21742098033428192 0.017896872013807297 -2.3251268453606317
[18 INFO root] 0.21653661131858826 0.016952654346823692 -2.34153811920442
[18 INFO root] 0.21563197672367096 0.01601804606616497 -2.3575649359834157
[18 INFO root] 0.21470914781093597 0.015094802714884281 -2.3731102696536035
[18 INFO root] 0.2137703001499176 0.014184366911649704 -2.388102168352951
[18 INFO root] 0.2128175050020218 0.013287822715938091 -2.402494392224307
[18 INFO root] 0.21185262501239777 0.012405856512486935 -2.416266089191832
[18 INFO root] 0.2108764499425888 0.011538028717041016 -2.429467899218182
[18 INFO root] 0.20988908410072327 0.010683429427444935 -2.4421759194621453
[18 INFO root] 0.20889046788215637 0.00984113197773695 -2.4544629583323188
[18 INFO root] 0.2078804224729538 0.00901029072701931 -2.4663933755570313
[18 INFO root] 0.20685872435569763 0.008190171793103218 -2.4780223488597635
[18 INFO root] 0.20582517981529236 0.007380171213299036 -2.4893955438645725
[18 INFO root] 0.20477989315986633 0.006580023095011711 -2.5005375419129026
[18 INFO root] 0.20372320711612701 0.005789713002741337 -2.5114577370867943
[18 INFO root] 0.20274227857589722 0.005072514060884714 -2.5187977646629145
[18 INFO root] 0.2018851637840271 0.004455899819731712 -2.524161179148567
[18 INFO root] 0.20114265382289886 0.003928008954972029 -2.5284669072868646
[18 INFO root] 0.2004942148923874 0.003471307223662734 -2.5321182664137414
[18 INFO root] 0.19992265105247498 0.003071925137192011 -2.5353699098078084
[18 INFO root] 0.1994144767522812 0.0027193287387490273 -2.5383833223488157
[18 INFO root] 0.1989590972661972 0.0024054190143942833 -2.5412502969764366
[18 INFO root] 0.19854813814163208 0.002123864833265543 -2.5440099849847906
[18 INFO root] 0.19817441701889038 0.001869352301582694 -2.546677845456288
[18 INFO root] 0.1978316754102707 0.0016372752143070102 -2.549254118865739
[18 INFO root] 0.19751471281051636 0.001423845998942852 -2.5517106053723473
[18 INFO root] 0.19721920788288116 0.0012259253999218345 -2.5539937191707507
[18 INFO root] 0.19694140553474426 0.0010407909285277128 -2.556032130667604
[18 INFO root] 0.19667749106884003 0.0008656963473185897 -2.5577301034773057
[18 INFO root] 0.19642384350299835 0.0006980499601922929 -2.558980685751899
[18 INFO root] 0.1961771845817566 0.000535472936462611 -2.559672285201772
[18 INFO root] 0.1959344893693924 0.0003757800441235304 -2.5596920093961333
[18 INFO root] 0.19569304585456848 0.00021693771122954786 -2.5589286387098618
[18 INFO root] 0.1954503208398819 5.700892143067904e-05 -2.557275663433295
[18 INFO root] 0.19520369172096252 -0.00010603684495436028 -2.5546494416417476
[18 INFO root] 0.19495053589344025 -0.000274330290267244 -2.550997423420307
[18 INFO root] 0.19468848407268524 -0.000449877989012748 -2.5462791264738613
[18 INFO root] 0.19441565871238708 -0.0006344798603095114 -2.5404670707216157
[18 INFO root] 0.194130539894104 -0.0008297808817587793 -2.5335488503092822
[18 INFO root] 0.1938318908214569 -0.0010373513214290142 -2.52552768543152
[18 INFO root] 0.19351904094219208 -0.0012584836222231388 -2.5163993055257747
[18 INFO root] 0.19319137930870056 -0.0014945432776585221 -2.506171019902673
[18 INFO root] 0.19284820556640625 -0.0017471116734668612 -2.494871111942036
[18 INFO root] 0.1924886256456375 -0.002018003026023507 -2.482551163255838
[18 INFO root] 0.19211165606975555 -0.0023092867340892553 -2.469285948134379
[18 INFO root] 0.19171586632728577 -0.002623526845127344 -2.4551875707747732
[18 INFO root] 0.19129961729049683 -0.0029636374674737453 -2.440412915325368
[18 INFO root] 0.19086167216300964 -0.0033323478419333696 -2.425149191474784
[18 INFO root] 0.19040144979953766 -0.0037319438997656107 -2.4096031022365887
[18 INFO root] 0.1899167150259018 -0.004166197497397661 -2.393882669406916
[18 INFO root] 0.1893930584192276 -0.00465039350092411 -2.377487644783848
[18 INFO root] 0.18883492052555084 -0.005183629225939512 -2.3606940826774436
[18 INFO root] 0.18824885785579681 -0.005762600805610418 -2.3438633479014883
[18 INFO root] 0.18764089047908783 -0.006383753381669521 -2.3273383591662853
[18 INFO root] 0.18701638281345367 -0.0070432755164802074 -2.31143942880392
[18 INFO root] 0.186380073428154 -0.007737110368907452 -2.296461852476146
[18 INFO root] 0.18573595583438873 -0.008461021818220615 -2.2826745614392654
[18 INFO root] 0.1850873827934265 -0.00921069085597992 -2.270319872055348
[18 INFO root] 0.1844368875026703 -0.009981818497180939 -2.259614154042779
[18 INFO root] 0.18378634750843048 -0.010770239867269993 -2.250749134175761
[18 INFO root] 0.18313667178153992 -0.011572268791496754 -2.243931338637124
[18 INFO root] 0.18248821794986725 -0.01238437369465828 -2.2393385842393774
[18 INFO root] 0.18184085190296173 -0.013203179463744164 -2.237103777123657
[18 INFO root] 0.18119390308856964 -0.014025622978806496 -2.237315892935069
[18 INFO root] 0.18054567277431488 -0.014849742874503136 -2.239997337724268
[18 INFO root] 0.17989374697208405 -0.015674419701099396 -2.245117162657498
[18 INFO root] 0.17923547327518463 -0.016498832032084465 -2.2525950364354306
[18 INFO root] 0.17856913805007935 -0.01732105202972889 -2.2620828567147178
[18 INFO root] 0.17789307236671448 -0.018139634281396866 -2.273227046837888
[18 INFO root] 0.177205428481102 -0.018953846767544746 -2.2857310848593566
[18 INFO root] 0.17650432884693146 -0.019763467833399773 -2.2993504618648677
[18 INFO root] 0.1757878065109253 -0.020568639039993286 -2.313884186751182
[18 INFO root] 0.17505387961864471 -0.021369770169258118 -2.3291672765125546
[18 INFO root] 0.17430047690868378 -0.022167455404996872 -2.3450635664660213
[18 INFO root] 0.17352548241615295 -0.022962402552366257 -2.3614558965982915
[18 INFO root] 0.17273224890232086 -0.02374989539384842 -2.377473716452669
[18 INFO root] 0.17193473875522614 -0.024516645818948746 -2.3929130782808965
[18 INFO root] 0.1711914837360382 -0.025209562852978706 -2.407180526045644
[18 INFO root] 0.17049036920070648 -0.025844527408480644 -2.420360296797777
[18 INFO root] 0.16981372237205505 -0.02644111029803753 -2.432596875563443
[18 INFO root] 0.16914863884449005 -0.02701306715607643 -2.444011397654662
[18 INFO root] 0.1684861183166504 -0.027569659054279327 -2.454692321083305
[18 INFO root] 0.16782036423683167 -0.02811686508357525 -2.46468667722558
[18 INFO root] 0.16714802384376526 -0.028658241033554077 -2.47399459030693
[18 INFO root] 0.16647152602672577 -0.029192572459578514 -2.4828688124153655
[18 INFO root] 0.1658032387495041 -0.029710838571190834 -2.4920648421082734
[18 INFO root] 0.16514647006988525 -0.03021060861647129 -2.5015947511602548
[18 INFO root] 0.1645037978887558 -0.030690081417560577 -2.511359371316725
[18 INFO root] 0.16387858986854553 -0.03114711120724678 -2.5212403923273703
[18 INFO root] 0.16327492892742157 -0.031579334288835526 -2.531110298521834
[18 INFO root] 0.16269731521606445 -0.031984344124794006 -2.54084269642793
[18 INFO root] 0.16215547919273376 -0.03235645592212677 -2.5499406054300686
[18 INFO root] 0.1616571843624115 -0.03269200772047043 -2.558028749818958
[18 INFO root] 0.16120395064353943 -0.03299183398485184 -2.5650996696330237
[18 INFO root] 0.16079652309417725 -0.03325718268752098 -2.5712020035337164
[18 INFO root] 0.16043534874916077 -0.03348923474550247 -2.576399499403836
[18 INFO root] 0.16012020409107208 -0.03368936479091644 -2.5807752100709442
[18 INFO root] 0.15984973311424255 -0.033859435468912125 -2.5844344669436308
[18 INFO root] 0.15962116420269012 -0.03400196507573128 -2.5875050064247156
[18 INFO root] 0.15943019092082977 -0.03412022814154625 -2.5901340286347474
[18 INFO root] 0.15927092730998993 -0.03421826288104057 -2.592482688099234
[18 INFO root] 0.15913614630699158 -0.034300778061151505 -2.594718723331138
[18 INFO root] 0.1590176671743393 -0.034372955560684204 -2.5970079768946572
[18 INFO root] 0.15890614688396454 -0.0344405323266983 -2.5995256150359842
[18 INFO root] 0.158792182803154 -0.03450920805335045 -2.6024370759016873
[18 INFO root] 0.15866722166538239 -0.03458401933312416 -2.6058780150962306
[18 INFO root] 0.1585240215063095 -0.03466907888650894 -2.6099518589234445
[18 INFO root] 0.1583564579486847 -0.03476770594716072 -2.6147599415528693
[18 INFO root] 0.15815971791744232 -0.034882254898548126 -2.6203956684727143
[18 INFO root] 0.1579304039478302 -0.0350140705704689 -2.6269389635048155
[18 INFO root] 0.15766644477844238 -0.035163529217243195 -2.634458054631234
[18 INFO root] 0.15736693143844604 -0.035330209881067276 -2.643011945655483
[18 INFO root] 0.1570318192243576 -0.035513002425432205 -2.6526515911728885
[18 INFO root] 0.15666182339191437 -0.03571027144789696 -2.663419584571682
[18 INFO root] 0.1562582403421402 -0.03591995686292648 -2.675348975079296
[18 INFO root] 0.15582281351089478 -0.036139700561761856 -2.688461635276346
[18 INFO root] 0.15535755455493927 -0.03636695444583893 -2.702766390667642
[18 INFO root] 0.15486469864845276 -0.03659910336136818 -2.7182569447983767
[18 INFO root] 0.15434639155864716 -0.036833565682172775 -2.734910609505944
[18 INFO root] 0.15380464494228363 -0.03706793114542961 -2.7526857434798515
[18 INFO root] 0.15324105322360992 -0.03730001673102379 -2.771517821852568
[18 INFO root] 0.15265671908855438 -0.03752794489264488 -2.791314334923621
[18 INFO root] 0.15205219388008118 -0.03775012865662575 -2.811949042949391
[18 INFO root] 0.15142755210399628 -0.03796524554491043 -2.83325683251839
[18 INFO root] 0.15078262984752655 -0.03817212954163551 -2.8550312946878686
[18 INFO root] 0.15011757612228394 -0.038369644433259964 -2.8770291022097134
[18 INFO root] 0.14943329989910126 -0.03855660930275917 -2.898979085088423
[18 INFO root] 0.14873181283473969 -0.03873182460665703 -2.920595658621002
[18 INFO root] 0.14801636338233948 -0.0388941690325737 -2.941595380081035
[18 INFO root] 0.14729146659374237 -0.03904268518090248 -2.9617140996999503
[18 INFO root] 0.1465626358985901 -0.039176732301712036 -2.9807218213997624
[18 INFO root] 0.14583592116832733 -0.03929608687758446 -2.998426592399304
[18 INFO root] 0.14511717855930328 -0.03940100967884064 -3.0146667618332073
[18 INFO root] 0.14441268146038055 -0.03949210047721863 -3.029329230484006
[18 INFO root] 0.14372847974300385 -0.03957027941942215 -3.042344509851517
[18 INFO root] 0.14306986331939697 -0.0396367609500885 -3.0536757951740494
[18 INFO root] 0.14244095981121063 -0.039692942053079605 -3.0633077123992423
[18 INFO root] 0.14184454083442688 -0.03974033519625664 -3.071236063338442
[18 INFO root] 0.14128194749355316 -0.03978045657277107 -3.077459309978854
[18 INFO root] 0.14075197279453278 -0.039814844727516174 -3.081961589711229
[18 INFO root] 0.14025190472602844 -0.03984493762254715 -3.0847300188565225
[18 INFO root] 0.13977834582328796 -0.03987203165888786 -3.085756305675121
[18 INFO root] 0.13932745158672333 -0.03989728167653084 -3.0850336523762008
[18 INFO root] 0.13889504969120026 -0.039921730756759644 -3.082555404290815
[18 INFO root] 0.1384768933057785 -0.03994634002447128 -3.0783160281619413
[18 INFO root] 0.13806883990764618 -0.03997201845049858 -3.0723141104928624
[18 INFO root] 0.13765303790569305 -0.04000062495470047 -3.0647134087821346
[18 INFO root] 0.1371949464082718 -0.04003559425473213 -3.0559427381283224
[18 INFO root] 0.136694997549057 -0.04007811099290848 -3.04616431385617
[18 INFO root] 0.13615785539150238 -0.040129028260707855 -3.0355220741958093
[18 INFO root] 0.1355883628129959 -0.04018907994031906 -3.0241762091572166
[18 INFO root] 0.1349916309118271 -0.04025881364941597 -3.012303569045396
[18 INFO root] 0.1343727558851242 -0.04033855348825455 -3.0000826231903197
[18 INFO root] 0.13373678922653198 -0.04042838141322136 -2.9876875953427104
[18 INFO root] 0.13308870792388916 -0.04052811115980148 -2.9752849313938365
[18 INFO root] 0.13243338465690613 -0.04063728451728821 -2.9630289096181444
[18 INFO root] 0.13177545368671417 -0.04075520485639572 -2.951057093717157
[18 INFO root] 0.1311192810535431 -0.040880948305130005 -2.939487105809906
[18 INFO root] 0.13046886026859283 -0.041013434529304504 -2.928414922322216
[18 INFO root] 0.12983141839504242 -0.041150666773319244 -2.9180236807355033
[18 INFO root] 0.12921467423439026 -0.041290201246738434 -2.9085104097558685
[18 INFO root] 0.12862469255924225 -0.04142964631319046 -2.9000278456147823
[18 INFO root] 0.1280657798051834 -0.041566818952560425 -2.892682890647668
[18 INFO root] 0.12754084169864655 -0.041699815541505814 -2.8865459518558216
[18 INFO root] 0.12705162167549133 -0.04182702675461769 -2.8816598015646777
[18 INFO root] 0.12659260630607605 -0.04194885119795799 -2.8772855549936653
[18 INFO root] 0.12615527212619781 -0.042066991329193115 -2.8723115679442786
[18 INFO root] 0.12574021518230438 -0.042181313037872314 -2.8666398634309185
[18 INFO root] 0.1253485083580017 -0.042291559278964996 -2.860281313432106
[18 INFO root] 0.12498071789741516 -0.04239756986498833 -2.853242631397103
[18 INFO root] 0.12463688850402832 -0.042499277740716934 -2.845528427288563
[18 INFO root] 0.12431661784648895 -0.04259668290615082 -2.8371427571095036
[18 INFO root] 0.12401913106441498 -0.042689867317676544 -2.8280904379736174
[18 INFO root] 0.12374332547187805 -0.04277898743748665 -2.818378002350727
[18 INFO root] 0.12348786741495132 -0.04286426305770874 -2.80801449983743
[18 INFO root] 0.12325118482112885 -0.0429459847509861 -2.7970126083911295
[18 INFO root] 0.1230316162109375 -0.043024495244026184 -2.7853897831045695
[18 INFO root] 0.1228274554014206 -0.04310017451643944 -2.7731693567076166
[18 INFO root] 0.12263698130846024 -0.043173421174287796 -2.760381603721575
[18 INFO root] 0.1224585771560669 -0.04324464872479439 -2.7470647819158986
[18 INFO root] 0.12229068577289581 -0.04331427812576294 -2.733265045377789
[18 INFO root] 0.12213168293237686 -0.04338279739022255 -2.7190327069077402
[18 INFO root] 0.1219802051782608 -0.04345063865184784 -2.704431195607174
[18 INFO root] 0.12183532118797302 -0.043518081307411194 -2.6895407029215104
[18 INFO root] 0.12169649451971054 -0.04358522966504097 -2.674459930057915
[18 INFO root] 0.1215636134147644 -0.043651990592479706 -2.6593072484856957
[18 INFO root] 0.12143691629171371 -0.043718066066503525 -2.644221082278298
[18 INFO root] 0.12131741642951965 -0.04378269985318184 -2.6293271224467683
[18 INFO root] 0.12120664864778519 -0.04384475573897362 -2.6147490831295523
[18 INFO root] 0.12110631167888641 -0.04390290752053261 -2.600612215250741
[18 INFO root] 0.12101802229881287 -0.04395575821399689 -2.5870404488797405
[18 INFO root] 0.12094304710626602 -0.04400203377008438 -2.5741551360727044
[18 INFO root] 0.12088219821453094 -0.04404068738222122 -2.562067685363744
[18 INFO root] 0.1208358034491539 -0.04407094791531563 -2.550872982846263
[18 INFO root] 0.12080367654561996 -0.04409242048859596 -2.5406467166471054
[18 INFO root] 0.12078513205051422 -0.04410508647561073 -2.5314447159728535
[18 INFO root] 0.12077903002500534 -0.04410933330655098 -2.5233036321077273
[18 INFO root] 0.12078388780355453 -0.04410587251186371 -2.5162426857638267
[18 INFO root] 0.1207980141043663 -0.04409567639231682 -2.5102661573791574
[18 INFO root] 0.12081962078809738 -0.044079892337322235 -2.5053662750839893
[18 INFO root] 0.12084691226482391 -0.04405974596738815 -2.5015261878859625
[18 INFO root] 0.1208781972527504 -0.04403647035360336 -2.4987227739950004
[18 INFO root] 0.12091189622879028 -0.04401124268770218 -2.496929102834192
[18 INFO root] 0.12094660848379135 -0.04398515820503235 -2.49611642864725
[18 INFO root] 0.12098108232021332 -0.04395919665694237 -2.4962556395555673
[18 INFO root] 0.12101421505212784 -0.04393424838781357 -2.497318093681764
[18 INFO root] 0.12104526907205582 -0.0439109206199646 -2.499287058794854
[18 INFO root] 0.12107351422309875 -0.04388977959752083 -2.5021474523850067
[18 INFO root] 0.12109813839197159 -0.043871454894542694 -2.505881594001542
[18 INFO root] 0.1211182177066803 -0.04385662078857422 -2.510468088857403
[18 INFO root] 0.12113270908594131 -0.043846018612384796 -2.515880968752254
[18 INFO root] 0.12114044278860092 -0.04384041577577591 -2.52208878992669
[18 INFO root] 0.12114015966653824 -0.04384060949087143 -2.5290537239421247
[18 INFO root] 0.12113048136234283 -0.04384741187095642 -2.5367306942180896
[18 INFO root] 0.12110994756221771 -0.043861620128154755 -2.545066617947255
[18 INFO root] 0.1210770308971405 -0.043884001672267914 -2.553999817738864
[18 INFO root] 0.12103017419576645 -0.04391525685787201 -2.563459667638558
[18 INFO root] 0.1209678053855896 -0.04395601525902748 -2.5733665327574786
[18 INFO root] 0.12088840454816818 -0.04400680214166641 -2.5836320498054017
[18 INFO root] 0.120790496468544 -0.044068023562431335 -2.594159777437494
[18 INFO root] 0.12067271769046783 -0.04413996636867523 -2.60484622164227
[18 INFO root] 0.12053384631872177 -0.044222768396139145 -2.615582214622089
[18 INFO root] 0.12037282437086105 -0.044316455721855164 -2.6262545987322348
[18 INFO root] 0.12018878757953644 -0.04442092403769493 -2.6367481433348208
[18 INFO root] 0.1199810653924942 -0.04453596845269203 -2.646947604785759
[18 INFO root] 0.11974919587373734 -0.04466130957007408 -2.656739829330409
[18 INFO root] 0.11949291825294495 -0.04479660838842392 -2.666015799001967
[18 INFO root] 0.11921215802431107 -0.044941507279872894 -2.6746725299751524
[18 INFO root] 0.11890700459480286 -0.045095644891262054 -2.682614749047765
[18 INFO root] 0.11857768148183823 -0.045258693397045135 -2.68975629461853
[18 INFO root] 0.11822453886270523 -0.04543037340044975 -2.696021210969317
[18 INFO root] 0.11784800887107849 -0.04561048001050949 -2.7013445262640383
[18 INFO root] 0.1174485832452774 -0.0457988940179348 -2.7056727184145855
[18 INFO root] 0.11702679097652435 -0.04599557816982269 -2.7089638849224853
[18 INFO root] 0.11658318340778351 -0.04620060697197914 -2.711187649536849
[18 INFO root] 0.11611834168434143 -0.04641414433717728 -2.712324848707252
[18 INFO root] 0.1156328096985817 -0.04663645103573799 -2.712367043681454
[18 INFO root] 0.11512717604637146 -0.04686787351965904 -2.711315904949385
[18 INFO root] 0.1146019920706749 -0.04710884392261505 -2.7091825113419072
[18 INFO root] 0.11405784636735916 -0.047359857708215714 -2.7059865979450226
[18 INFO root] 0.11349529772996902 -0.0476214662194252 -2.7017557520027737
[18 INFO root] 0.11291494965553284 -0.04789428040385246 -2.696524555323928
[18 INFO root] 0.11231740564107895 -0.04817892238497734 -2.6903337241525334
[18 INFO root] 0.11170913279056549 -0.04847324267029762 -2.6835843420038823
[18 INFO root] 0.11109746247529984 -0.048774268478155136 -2.67677479779104
[18 INFO root] 0.11048213392496109 -0.04908231273293495 -2.6699824149945104
[18 INFO root] 0.10986219346523285 -0.04939795285463333 -2.663235446041491
[18 INFO root] 0.10923688858747482 -0.04972165822982788 -2.6565587736083036
[18 INFO root] 0.10860565304756165 -0.050053805112838745 -2.649974113089735
[18 INFO root] 0.1079680547118187 -0.0503946878015995 -2.643500417368688
[18 INFO root] 0.1073237881064415 -0.050744522362947464 -2.637154241122886
[18 INFO root] 0.10667265951633453 -0.051103465259075165 -2.630950067529263
[18 INFO root] 0.10601452738046646 -0.05147162452340126 -2.624900602068062
[18 INFO root] 0.1053493395447731 -0.05184904485940933 -2.6190170370293604
[18 INFO root] 0.10467706620693207 -0.05223574489355087 -2.6133092886485523
[18 INFO root] 0.10399772971868515 -0.05263169854879379 -2.6077862087480073
[18 INFO root] 0.10331138223409653 -0.05303685739636421 -2.6024557728742344
[18 INFO root] 0.10261806845664978 -0.053451139479875565 -2.5973252466442056
[18 INFO root] 0.10191785544157028 -0.05387445166707039 -2.592401331632865
[18 INFO root] 0.1012108325958252 -0.054306674748659134 -2.5876902917982494
[18 INFO root] 0.1004970520734787 -0.054747678339481354 -2.5831980611763488
[18 INFO root] 0.09977658838033676 -0.05519731715321541 -2.57893033337018
[18 INFO root] 0.09905105829238892 -0.05565445497632027 -2.574839380522341
[18 INFO root] 0.09832293540239334 -0.05611741542816162 -2.5708455090010265
[18 INFO root] 0.09759435057640076 -0.05658477544784546 -2.5668770970127723
[18 INFO root] 0.09686697274446487 -0.05705544725060463 -2.562876446228261
[18 INFO root] 0.09614208340644836 -0.057528626173734665 -2.5587973680080855
[18 INFO root] 0.09542068094015121 -0.058003731071949005 -2.554602574011785
[18 INFO root] 0.09470353275537491 -0.05848034843802452 -2.5502620287434907
[18 INFO root] 0.09399119764566422 -0.05895822122693062 -2.545751937416099
[18 INFO root] 0.09328408539295197 -0.059437207877635956 -2.541053992348909
[18 INFO root] 0.09258245676755905 -0.05991728603839874 -2.5361547532280064
[18 INFO root] 0.09188646078109741 -0.060398515313863754 -2.531045128732793
[18 INFO root] 0.09119613468647003 -0.060881033539772034 -2.5257199447975047
[18 INFO root] 0.09051142632961273 -0.061365045607089996 -2.520177589747163
[18 INFO root] 0.08983222395181656 -0.06185081973671913 -2.5144197295967876
[18 INFO root] 0.08915833383798599 -0.062338657677173615 -2.5084510359500958
[18 INFO root] 0.08848952502012253 -0.0628289058804512 -2.502278866067272
[18 INFO root] 0.08782637119293213 -0.0633213073015213 -2.4958743298483377
[18 INFO root] 0.08716955035924911 -0.06381553411483765 -2.4892012255094604
[18 INFO root] 0.08651954680681229 -0.0643114373087883 -2.482231719701744
[18 INFO root] 0.08587660640478134 -0.06480905413627625 -2.4749477127891018
[18 INFO root] 0.08524077385663986 -0.065308578312397 -2.467339984424935
[18 INFO root] 0.08461195230484009 -0.06581034511327744 -2.45940745413954
[18 INFO root] 0.08398988097906113 -0.06631481647491455 -2.451156643372929
[18 INFO root] 0.08337422460317612 -0.06682254374027252 -2.442601011432467
[18 INFO root] 0.08276452869176865 -0.0673341378569603 -2.4337602247556105
[18 INFO root] 0.08216030150651932 -0.06785028427839279 -2.424659454323228
[18 INFO root] 0.08156102895736694 -0.06837168335914612 -2.415328643892918
[18 INFO root] 0.08096615970134735 -0.06889906525611877 -2.4058018244497217
[18 INFO root] 0.0803753212094307 -0.06943299621343613 -2.3961286108035464
[18 INFO root] 0.07979398965835571 -0.06996860355138779 -2.3867820041836287
[18 INFO root] 0.07922027260065079 -0.0705072432756424 -2.3777412783506024
[18 INFO root] 0.07865151017904282 -0.07105101644992828 -2.368928601764224
[18 INFO root] 0.07808537781238556 -0.07160194963216782 -2.3602745823317
[18 INFO root] 0.07751984894275665 -0.07216191291809082 -2.3517200669291225
[18 INFO root] 0.0769532322883606 -0.07273265719413757 -2.3432176122245525
[18 INFO root] 0.07638413459062576 -0.07331574708223343 -2.3347329470003975
[18 INFO root] 0.075811468064785 -0.07391253113746643 -2.3262462427418016
[18 INFO root] 0.07523445039987564 -0.0745241567492485 -2.3177530107089312
[18 INFO root] 0.07465260475873947 -0.07515150308609009 -2.3092644678670946
[18 INFO root] 0.0740693211555481 -0.07579118758440018 -2.301056280927438
[18 INFO root] 0.07348522543907166 -0.07644246518611908 -2.293228530386832
[18 INFO root] 0.07290010899305344 -0.07710529118776321 -2.2858272656862493
[18 INFO root] 0.07231371849775314 -0.0777796134352684 -2.278891793809962
[18 INFO root] 0.07172581553459167 -0.0784652903676033 -2.2724570703379805
[18 INFO root] 0.07113615423440933 -0.07916209101676941 -2.2665531028621007
[18 INFO root] 0.07054453343153 -0.07986973226070404 -2.2612044605900814
[18 INFO root] 0.06995072960853577 -0.08058783411979675 -2.256429902942782
[18 INFO root] 0.06935451179742813 -0.08131597936153412 -2.252244445771408
[18 INFO root] 0.0687556192278862 -0.0820537582039833 -2.2486608252173483
[18 INFO root] 0.06815377622842789 -0.0828007236123085 -2.245689695111253
[18 INFO root] 0.06754866242408752 -0.08355642110109329 -2.243339490426116
[18 INFO root] 0.06693993508815765 -0.08432040363550186 -2.2416162873924814
[18 INFO root] 0.06632723659276962 -0.08509219437837601 -2.240523704901115
[18 INFO root] 0.0657101720571518 -0.08587132394313812 -2.2400628523941193
[18 INFO root] 0.06509005278348923 -0.0866551622748375 -2.2400230853012864
[18 INFO root] 0.06446966528892517 -0.08743946254253387 -2.2400230853012864
[18 INFO root] 0.06384929269552231 -0.08822376281023026 -2.2400230853012864
[18 INFO root] 0.06322891265153885 -0.08900806307792664 -2.2400230853012864
[18 INFO root] 0.06260853260755539 -0.08979236334562302 -2.2400230853012864
[18 INFO root] 0.06198814883828163 -0.0905766710639 -2.2400230853012864
[18 INFO root] 0.06136776879429817 -0.09136097133159637 -2.2400230853012864
[18 INFO root] 0.06074739247560501 -0.09214527159929276 -2.2400230853012864
[18 INFO root] 0.06012701243162155 -0.09292957186698914 -2.2400230853012864
[18 INFO root] 0.05950663238763809 -0.09371387213468552 -2.2400230853012864
[18 INFO root] 0.05888625234365463 -0.0944981724023819 -2.2400230853012864
[18 INFO root] 0.05826587229967117 -0.09528248012065887 -2.2400230853012864
[18 INFO root] 0.057645492255687714 -0.09606678038835526 -2.2400230853012864
[18 INFO root] 0.057025112211704254 -0.09685108065605164 -2.2400230853012864
[18 INFO root] 0.056404732167720795 -0.09763538092374802 -2.2400230853012864
[18 INFO root] 0.055784352123737335 -0.0984196811914444 -2.2400230853012864
[18 INFO root] 0.055163972079753876 -0.09920398890972137 -2.2400230853012864
[18 INFO root] 0.054543592035770416 -0.09998828917741776 -2.2400230853012864
[18 INFO root] 0.053923215717077255 -0.10077258944511414 -2.2400230853012864
[18 INFO root] 0.05330324545502663 -0.10155636817216873 -2.2400495841550536
[18 INFO root] 0.052684858441352844 -0.10233811289072037 -2.2401785566365793
[18 INFO root] 0.052067991346120834 -0.10311774909496307 -2.2404108366180826
[18 INFO root] 0.051452428102493286 -0.10389537364244461 -2.240737988004203
[18 INFO root] 0.05083797127008438 -0.10467109829187393 -2.2411518055603863
[18 INFO root] 0.0502244308590889 -0.1054450273513794 -2.2416443885779342
[18 INFO root] 0.04961162433028221 -0.10621725767850876 -2.242208144389472
[18 INFO root] 0.04899938404560089 -0.10698789358139038 -2.242835790913552
[18 INFO root] 0.0483875498175621 -0.10775703191757202 -2.243520358374075
[18 INFO root] 0.04777597263455391 -0.10852478444576263 -2.2442551901797287
[18 INFO root] 0.04716451093554497 -0.10929123312234879 -2.245033942958537
[18 INFO root] 0.04655304178595543 -0.11005648225545883 -2.245850585751144
[18 INFO root] 0.04594144597649574 -0.11082061380147934 -2.2466993983741546
[18 INFO root] 0.045329608023166656 -0.11158372461795807 -2.247574968972224
[18 INFO root] 0.04471743106842041 -0.11234589666128159 -2.2484721907841707
[18 INFO root] 0.04410482197999954 -0.11310720443725586 -2.2493862581544604
[18 INFO root] 0.04349169507622719 -0.11386773735284805 -2.2503126618265967
[18 INFO root] 0.04287797585129738 -0.11462756991386414 -2.251247183559642
[18 INFO root] 0.04226359724998474 -0.11538676172494888 -2.2521858901127967
[18 INFO root] 0.0416484996676445 -0.11614538729190826 -2.2531251266461467
[18 INFO root] 0.04103262722492218 -0.11690350621938705 -2.2540615095880616
[18 INFO root] 0.0404159314930439 -0.11766119301319122 -2.2549919190214496
[18 INFO root] 0.03979837894439697 -0.11841849237680435 -2.255913490642139
[18 INFO root] 0.039179932326078415 -0.11917545646429062 -2.256823607343025
[18 INFO root] 0.03856055811047554 -0.1199321448802948 -2.2577198904776257
[18 INFO root] 0.03794024512171745 -0.12068860232830048 -2.2586001908559754
[18 INFO root] 0.037318963557481766 -0.12144487351179123 -2.259462579524661
[18 INFO root] 0.03669670969247818 -0.12220100313425064 -2.260305338381427
[18 INFO root] 0.0360734686255455 -0.1229570209980011 -2.261126950672777
[18 INFO root] 0.03544924035668373 -0.12371297180652618 -2.2619260914208996
[18 INFO root] 0.03482402488589287 -0.12446888536214828 -2.262701617823916
[18 INFO root] 0.03419782221317291 -0.1252247840166092 -2.263452559670743
[18 INFO root] 0.03357064351439476 -0.1259807050228119 -2.2641781098092
[18 INFO root] 0.03294249624013901 -0.12673668563365936 -2.264877614703095
[18 INFO root] 0.03231338784098625 -0.1274927258491516 -2.2655505651111643
[18 INFO root] 0.03168334439396858 -0.12824887037277222 -2.266196586917812
[18 INFO root] 0.031052371487021446 -0.12900510430335999 -2.2668154321425966
[18 INFO root] 0.030420495197176933 -0.1297614872455597 -2.2674069701526824
[18 INFO root] 0.029787734150886536 -0.13051800429821014 -2.2679711790994768
[18 INFO root] 0.029154112562537193 -0.13127468526363373 -2.268508137598046
[18 INFO root] 0.028519650921225548 -0.13203153014183044 -2.269018016665274
[18 INFO root] 0.027884379029273987 -0.1327885538339615 -2.2695010719301543
[18 INFO root] 0.0272483192384243 -0.13354577124118805 -2.269957636127233
[18 INFO root] 0.02661149948835373 -0.13430319726467133 -2.270388111881956
[18 INFO root] 0.02597394771873951 -0.13506081700325012 -2.2707929647946314
[18 INFO root] 0.02533576264977455 -0.13581857085227966 -2.2711772525510043
[18 INFO root] 0.02469889260828495 -0.1365741640329361 -2.271665156252532
[18 INFO root] 0.024065334349870682 -0.13732509315013885 -2.2723899888605863
[18 INFO root] 0.023436659947037697 -0.13806918263435364 -2.273465350944266
[18 INFO root] 0.022814029827713966 -0.1388045698404312 -2.274985561825727
[18 INFO root] 0.02219824306666851 -0.13952969014644623 -2.2770282366279084
[18 INFO root] 0.021589791402220726 -0.1402433067560196 -2.279656736268562
[18 INFO root] 0.020988907665014267 -0.14094437658786774 -2.2829227981498375
[18 INFO root] 0.020395608618855476 -0.14163213968276978 -2.2868685220947524
[18 INFO root] 0.019809721037745476 -0.14230601489543915 -2.291527907422127
[18 INFO root] 0.019230917096138 -0.14296559989452362 -2.296928129615347
[18 INFO root] 0.018658731132745743 -0.14361068606376648 -2.303090599796377
[18 INFO root] 0.018092580139636993 -0.14424118399620056 -2.310031820883166
[18 INFO root] 0.017531782388687134 -0.14485718309879303 -2.317764054153309
[18 INFO root] 0.016975563019514084 -0.14545883238315582 -2.3262958115824244
[18 INFO root] 0.016423070803284645 -0.14604640007019043 -2.335632190612017
[18 INFO root] 0.0158733818680048 -0.1466202586889267 -2.345775069342226
[18 INFO root] 0.015325500629842281 -0.14718084037303925 -2.3567231819016663
[18 INFO root] 0.014778375625610352 -0.1477285921573639 -2.3684720960638788
[18 INFO root] 0.014230893924832344 -0.1482640653848648 -2.381014117921281
[18 INFO root] 0.013681890442967415 -0.14878779649734497 -2.394338151167335
[18 INFO root] 0.013130150735378265 -0.14930035173892975 -2.408429540512041
[18 INFO root] 0.012574414722621441 -0.1498022824525833 -2.4232699289383013
[18 INFO root] 0.01201339066028595 -0.15029415488243103 -2.4388371558471804
[18 INFO root] 0.011445756070315838 -0.1507764607667923 -2.455105216931194
[18 INFO root] 0.010870176367461681 -0.1512496918439865 -2.4720442968600547
[18 INFO root] 0.01028530951589346 -0.1517142355442047 -2.4896208735433953
[18 INFO root] 0.009689826518297195 -0.15217043459415436 -2.507797879792958
[18 INFO root] 0.00908241979777813 -0.15261852741241455 -2.52653490632563
[18 INFO root] 0.00846181996166706 -0.1530587077140808 -2.545788404492964
[18 INFO root] 0.0078267902135849 -0.15349102020263672 -2.5655094014872324
[18 INFO root] 0.0071761091239750385 -0.15391549468040466 -2.585639525448914
[18 INFO root] 0.006508612539619207 -0.15433207154273987 -2.6061117307971204
[18 INFO root] 0.005823235027492046 -0.1547405868768692 -2.6268528154989337
[18 INFO root] 0.0051190550439059734 -0.15514077246189117 -2.6477858862259263
[18 INFO root] 0.00439531821757555 -0.15553228557109833 -2.668832372591825
[18 INFO root] 0.003651461098343134 -0.15591467916965485 -2.6899135414044753
[18 INFO root] 0.002887116512283683 -0.15628744661808014 -2.710951554876008
[18 INFO root] 0.002102118218317628 -0.15665003657341003 -2.7318701524664006
[18 INFO root] 0.0012964990455657244 -0.15700189769268036 -2.7525950427185353
[18 INFO root] 0.00047048344276845455 -0.15734243392944336 -2.7730540828923416
[18 INFO root] -0.0003755203215405345 -0.15767110884189606 -2.793177310042094
[18 INFO root] -0.0012409309856593609 -0.15798740088939667 -2.812896873151418
[18 INFO root] -0.002125006401911378 -0.15829086303710938 -2.8321469049335226
[18 INFO root] -0.0030268561094999313 -0.15858107805252075 -2.850863364931343
[18 INFO root] -0.0039454554207623005 -0.1588577926158905 -2.8689838823736737
[18 INFO root] -0.004879659041762352 -0.15912076830863953 -2.886447621001094
[18 INFO root] -0.005828216206282377 -0.15936993062496185 -2.9031951904364734
[18 INFO root] -0.006789785344153643 -0.15960530936717987 -2.9191686352144894
[18 INFO root] -0.00776295131072402 -0.15982702374458313 -2.934311530360971
[18 INFO root] -0.008746241219341755 -0.16003535687923431 -2.948569202078743
[18 INFO root] -0.009738144464790821 -0.16023069620132446 -2.961889076921666
[18 INFO root] -0.010737130418419838 -0.16041354835033417 -2.974221145427463
[18 INFO root] -0.011741673573851585 -0.16058453917503357 -2.985518509506165
[18 INFO root] -0.012750270776450634 -0.16074441373348236 -2.995737970084235
[18 INFO root] -0.013761468231678009 -0.1608940064907074 -3.004840604993478
[18 INFO root] -0.014773880131542683 -0.1610342562198639 -3.012792287849652
[18 INFO root] -0.01578621380031109 -0.16116619110107422 -3.019564106098343
[18 INFO root] -0.01679728366434574 -0.16129088401794434 -3.0251326487396457
[18 INFO root] -0.017806032672524452 -0.16140946745872498 -3.029480149171437
[18 INFO root] -0.018811538815498352 -0.16152311861515045 -3.032594483891337
[18 INFO root] -0.01981302909553051 -0.16163302958011627 -3.0344690413610023
[18 INFO root] -0.020809881389141083 -0.16174042224884033 -3.03510248538441
[18 INFO root] -0.02180442214012146 -0.1618468016386032 -3.0351534178411574
[18 INFO root] -0.02279876172542572 -0.16195303201675415 -3.0351534178411574
[18 INFO root] -0.02379310317337513 -0.16205927729606628 -3.0351534178411574
[18 INFO root] -0.02478744275867939 -0.16216552257537842 -3.0351534178411574
[18 INFO root] -0.0257817842066288 -0.16227175295352936 -3.0351534178411574
[18 INFO root] -0.02677612379193306 -0.1623779982328415 -3.0351534178411574
[18 INFO root] -0.02777046523988247 -0.16248422861099243 -3.0351534178411574
[18 INFO root] -0.02876480668783188 -0.16259047389030457 -3.0351534178411574
[18 INFO root] -0.02975914627313614 -0.1626967042684555 -3.0351534178411574
[18 INFO root] -0.03075348772108555 -0.16280294954776764 -3.0351534178411574
[18 INFO root] -0.03174782916903496 -0.16290917992591858 -3.0351534178411574
[18 INFO root] -0.03274216875433922 -0.1630154252052307 -3.0351534178411574
[18 INFO root] -0.03373650833964348 -0.16312165558338165 -3.0351534178411574
[18 INFO root] -0.03473085165023804 -0.1632279008626938 -3.0351534178411574
[18 INFO root] -0.0357251912355423 -0.16333413124084473 -3.0351534178411574
[18 INFO root] -0.03671953082084656 -0.16344037652015686 -3.0351534178411574
[18 INFO root] -0.03771387040615082 -0.163546621799469 -3.0351534178411574
[18 INFO root] -0.03870821371674538 -0.16365285217761993 -3.0351534178411574
[18 INFO root] -0.03970255330204964 -0.16375909745693207 -3.0351534178411574
[18 INFO root] -0.0406968928873539 -0.163865327835083 -3.0351534178411574
[18 INFO root] -0.041691236197948456 -0.16397157311439514 -3.0351534178411574
[18 INFO root] -0.042685575783252716 -0.16407780349254608 -3.0351534178411574
[18 INFO root] -0.043679915368556976 -0.16418404877185822 -3.0351534178411574
[18 INFO root] -0.04467425495386124 -0.16429027915000916 -3.0351534178411574
[18 INFO root] -0.045668598264455795 -0.1643965244293213 -3.0351534178411574
[18 INFO root] -0.046662937849760056 -0.16450275480747223 -3.0351534178411574
[18 INFO root] -0.047657277435064316 -0.16460900008678436 -3.0351534178411574
[18 INFO root] -0.048651620745658875 -0.1647152304649353 -3.0351534178411574
[18 INFO root] -0.049645960330963135 -0.16482147574424744 -3.0351534178411574
[18 INFO root] -0.050640299916267395 -0.16492770612239838 -3.0351534178411574
[18 INFO root] -0.051634643226861954 -0.1650339514017105 -3.0351534178411574
[18 INFO root] -0.052628982812166214 -0.16514019668102264 -3.0351534178411574
[18 INFO root] -0.053623322397470474 -0.16524642705917358 -3.0351534178411574
[18 INFO root] -0.054617661982774734 -0.16535267233848572 -3.0351534178411574
[18 INFO root] -0.05561200529336929 -0.16545890271663666 -3.0351534178411574
[18 INFO root] -0.05660634487867355 -0.1655651479959488 -3.0351534178411574
[18 INFO root] -0.057600684463977814 -0.16567137837409973 -3.0351534178411574
[18 INFO root] -0.05859502777457237 -0.16577762365341187 -3.0351534178411574
[18 INFO root] -0.05958936735987663 -0.1658838540315628 -3.0351534178411574
[18 INFO root] -0.06058370694518089 -0.16599009931087494 -3.0351534178411574
[18 INFO root] -0.06157804653048515 -0.16609632968902588 -3.0351534178411574
[18 INFO root] -0.06259829550981522 -0.16620534658432007 -3.0342236567793646
[18 INFO root] -0.06364805996417999 -0.1663183867931366 -3.0322538660478853
[18 INFO root] -0.06472356617450714 -0.16643625497817993 -3.0294021377523648
[18 INFO root] -0.06582095474004745 -0.16655957698822021 -3.0258289658799313
[18 INFO root] -0.06693706661462784 -0.1666889637708664 -3.021666728808183
[18 INFO root] -0.06806917488574982 -0.16682490706443787 -3.0170302076158486
[18 INFO root] -0.06921479851007462 -0.16696782410144806 -3.0120209741909507
[18 INFO root] -0.07037171721458435 -0.16711798310279846 -3.0067278335397116
[18 INFO root] -0.07153796404600143 -0.16727560758590698 -3.001227160419244
[18 INFO root] -0.07271181792020798 -0.16744081676006317 -2.995583586819928
[18 INFO root] -0.07389179617166519 -0.1676136553287506 -2.989850943573261
[18 INFO root] -0.0750766396522522 -0.1677941530942917 -2.9840733597944347
[18 INFO root] -0.07626527547836304 -0.16798225045204163 -2.9782864432143237
[18 INFO root] -0.07745683938264847 -0.16817787289619446 -2.9725184813601166
[18 INFO root] -0.0786505937576294 -0.1683809459209442 -2.966791618239827
[18 INFO root] -0.07984597235918045 -0.16859135031700134 -2.9611229734453817
[18 INFO root] -0.08104249835014343 -0.1688089668750763 -2.9555256804545964
[18 INFO root] -0.0822397917509079 -0.16903366148471832 -2.9500098286134695
[18 INFO root] -0.08343753963708878 -0.1692652851343155 -2.9445832991463496
[18 INFO root] -0.08463547378778458 -0.16950371861457825 -2.9392524899396917
[18 INFO root] -0.08583333343267441 -0.16974879801273346 -2.9340229271379163
[18 INFO root] -0.08703088760375977 -0.1700003445148468 -2.928899764106433
[18 INFO root] -0.08822787553071976 -0.17025820910930634 -2.9238881703350237
[18 INFO root] -0.0894240140914917 -0.17052218317985535 -2.918993614590486
[18 INFO root] -0.09061898291110992 -0.17079204320907593 -2.914222048229388
[18 INFO root] -0.09181240200996399 -0.17106756567955017 -2.909579996132176
[18 INFO root] -0.09300380200147629 -0.1713484674692154 -2.905075433945039
[18 INFO root] -0.09419189393520355 -0.1716342717409134 -2.900665827865899
[18 INFO root] -0.0953553318977356 -0.1719195693731308 -2.8946840212459044
[18 INFO root] -0.09649220108985901 -0.17220538854599 -2.8867930602805605
[18 INFO root] -0.09760329872369766 -0.1724938303232193 -2.8768338863148863
[18 INFO root] -0.09868965297937393 -0.17278717458248138 -2.864660265779667
[18 INFO root] -0.09975261241197586 -0.17308789491653442 -2.8501417205071293
[18 INFO root] -0.10079388320446014 -0.17339859902858734 -2.8331688684758727
[18 INFO root] -0.1018156111240387 -0.17372217774391174 -2.8136611681329025
[18 INFO root] -0.10282034426927567 -0.17406179010868073 -2.7915762201306475
[18 INFO root] -0.10381095856428146 -0.17442092299461365 -2.766918829033981
[18 INFO root] -0.10479049384593964 -0.17480333149433136 -2.7397482525115384
[18 INFO root] -0.10576196759939194 -0.17521308362483978 -2.710183393649055
[18 INFO root] -0.10672807693481445 -0.17565438151359558 -2.6784043040897707
[18 INFO root] -0.10769093781709671 -0.176131471991539 -2.6446492924840292
[18 INFO root] -0.10865192115306854 -0.17664852738380432 -2.609207585941327
[18 INFO root] -0.10961240530014038 -0.17720986902713776 -2.5724066859636765
[18 INFO root] -0.11057250946760178 -0.17781929671764374 -2.5346070740002022
[18 INFO root] -0.1115308403968811 -0.17847956717014313 -2.49618921740401
[18 INFO root] -0.11248470097780228 -0.1791921854019165 -2.4575391529172705
[18 INFO root] -0.11343037337064743 -0.1799573302268982 -2.419029926671435
[18 INFO root] -0.11436351388692856 -0.18077373504638672 -2.381009118953225
[18 INFO root] -0.11527953296899796 -0.18163886666297913 -2.3437919804155674
[18 INFO root] -0.11618303507566452 -0.1825583428144455 -2.3077708213882526
[18 INFO root] -0.11707291752099991 -0.18353193998336792 -2.273293125649834
[18 INFO root] -0.11794399470090866 -0.1845538467168808 -2.240622281140243
[18 INFO root] -0.11879077553749084 -0.18561597168445587 -2.21002841290415
[18 INFO root] -0.11958754062652588 -0.1866808533668518 -2.1840370056965495
