[21 INFO root] Initialising Python Geth Console...
[21 INFO root] Initialising RandB board...
[21 INFO root] Initialising resource sensor...
[21 INFO root] Initialising random-walk...
[21 INFO root] Initialising navigation...
[21 INFO root] Initialising Odo...
[21 INFO root] Initialising odometry...
[21 INFO root] Initialising gps...
[21 INFO root] Initialising Ground sensor...
[21 INFO root] --//-- Starting Experiment --//--
[21 INFO root] x y direction
[21 INFO root] 0.2901819944381714 0.15043899416923523 -0.20867156536844236
[21 INFO root] 0.29201632738113403 0.1500505805015564 -0.4913340869180538
[21 INFO root] 0.2975258529186249 0.1479785293340683 -0.7429141879355333
[21 INFO root] 0.30489426851272583 0.14260484278202057 -0.9040380755925901
[21 INFO root] 0.3111364245414734 0.13535159826278687 -1.0105237171546857
[21 INFO root] 0.31582018733024597 0.12834078073501587 -1.0920070027615092
[21 INFO root] 0.31922438740730286 0.12211224436759949 -1.1667713220018079
[21 INFO root] 0.3215796947479248 0.1168992891907692 -1.2567290648867189
[21 INFO root] 0.32311534881591797 0.11243093013763428 -1.3660218196827785
[21 INFO root] 0.32403960824012756 0.10831356793642044 -1.4890243080114787
[21 INFO root] 0.3244287371635437 0.10432617366313934 -1.620322871711438
[21 INFO root] 0.32429319620132446 0.10031799972057343 -1.7521108854959226
[21 INFO root] 0.3236145079135895 0.09625153243541718 -1.875683923789643
[21 INFO root] 0.32241249084472656 0.09222806990146637 -1.9888840697872638
[21 INFO root] 0.3207527697086334 0.0883604884147644 -2.090895570444271
[21 INFO root] 0.3187297284603119 0.08473871648311615 -2.1815104584211005
[21 INFO root] 0.31645214557647705 0.08141957968473434 -2.261037420518599
[21 INFO root] 0.3140241801738739 0.07842914760112762 -2.3301602710221996
[21 INFO root] 0.3115357458591461 0.07576918601989746 -2.3897571906081816
[21 INFO root] 0.30905836820602417 0.07342322170734406 -2.4407320002002884
[21 INFO root] 0.3066138029098511 0.0713379979133606 -2.4819711571231795
[21 INFO root] 0.3042249381542206 0.06946875900030136 -2.5126652563879897
[21 INFO root] 0.3019886016845703 0.06783044338226318 -2.525643742306865
[21 INFO root] 0.2999545633792877 0.06638636440038681 -2.521141098542235
[21 INFO root] 0.2981313467025757 0.06508488953113556 -2.5005449132493482
[21 INFO root] 0.2964407205581665 0.06382906436920166 -2.4696578602675596
[21 INFO root] 0.2948603630065918 0.06258030235767365 -2.4295490957371384
[21 INFO root] 0.29337063431739807 0.06130516156554222 -2.3808778853772585
[21 INFO root] 0.29195091128349304 0.05996700003743172 -2.324546304718552
[21 INFO root] 0.2905842661857605 0.05852703005075455 -2.261716566960509
[21 INFO root] 0.2892614006996155 0.05694679170846939 -2.1938074601192734
[21 INFO root] 0.2879832088947296 0.05519181489944458 -2.1224642052911205
[21 INFO root] 0.28676140308380127 0.053236111998558044 -2.049494718549999
[21 INFO root] 0.2856164276599884 0.05106654390692711 -1.97676994127014
[21 INFO root] 0.2845735251903534 0.04868578910827637 -1.906094656732888
[21 INFO root] 0.283657431602478 0.046112895011901855 -1.839067442634217
[21 INFO root] 0.28288733959198 0.04338085651397705 -1.7769578535513835
[21 INFO root] 0.28227344155311584 0.04053181782364845 -1.7206289591589758
[21 INFO root] 0.28181588649749756 0.037611231207847595 -1.6705211284617685
[21 INFO root] 0.2815059423446655 0.03466244414448738 -1.6266936880243192
[21 INFO root] 0.2813284397125244 0.03172285482287407 -1.5889050238383577
[21 INFO root] 0.2812647819519043 0.028821894899010658 -1.5567060223613787
[21 INFO root] 0.281295508146286 0.025980576872825623 -1.52952614178829
[21 INFO root] 0.28140103816986084 0.023238137364387512 -1.5035953408342315
[21 INFO root] 0.28156864643096924 0.02064223773777485 -1.471582612334041
[21 INFO root] 0.28180602192878723 0.018173852935433388 -1.4324015371348269
[21 INFO root] 0.2821267545223236 0.01580100692808628 -1.3862915849467725
[21 INFO root] 0.2825469374656677 0.01348963100463152 -1.334013639749113
[21 INFO root] 0.28307265043258667 0.011258808895945549 -1.2787519914452699
[21 INFO root] 0.28370511531829834 0.009111189283430576 -1.2224952140726275
[21 INFO root] 0.28444603085517883 0.00703389523550868 -1.1662793642525657
[21 INFO root] 0.28529563546180725 0.005017975345253944 -1.1109955088224674
[21 INFO root] 0.2862513065338135 0.0030609085224568844 -1.0574327048692063
[21 INFO root] 0.2873060703277588 0.0011663261102512479 -1.0062387017296395
[21 INFO root] 0.2884478271007538 -0.0006572572747245431 -0.9578857318560287
[21 INFO root] 0.2896597385406494 -0.0023985859006643295 -0.9126492362469046
[21 INFO root] 0.2909214496612549 -0.0040461961179971695 -0.8706095664248167
[21 INFO root] 0.29221147298812866 -0.005590683780610561 -0.831679943453795
[21 INFO root] 0.29350778460502625 -0.007024495862424374 -0.7956334088198043
[21 INFO root] 0.29478830099105835 -0.008341399021446705 -0.7621402259875243
[21 INFO root] 0.2960364520549774 -0.009541274979710579 -0.730886668318883
[21 INFO root] 0.2972419857978821 -0.010629265569150448 -0.7016397760961638
[21 INFO root] 0.2983994483947754 -0.011613600887358189 -0.6742747563673164
[21 INFO root] 0.29950669407844543 -0.012503836303949356 -0.6487803023676777
[21 INFO root] 0.3005634546279907 -0.013309676200151443 -0.6252486791539964
[21 INFO root] 0.30157023668289185 -0.01404027733951807 -0.6038564901092278
[21 INFO root] 0.30252769589424133 -0.014703942462801933 -0.584841304596019
[21 INFO root] 0.30342963337898254 -0.015303771011531353 -0.5684465859692012
[21 INFO root] 0.3042658269405365 -0.015839997678995132 -0.5548614559995424
[21 INFO root] 0.30502766370773315 -0.016313768923282623 -0.5442741115032331
[21 INFO root] 0.3057108223438263 -0.016728350892663002 -0.536852338571196
[21 INFO root] 0.306315153837204 -0.017088716849684715 -0.5327335857355268
[21 INFO root] 0.30684390664100647 -0.017400793731212616 -0.5320316635881065
[21 INFO root] 0.30730265378952026 -0.01767089031636715 -0.5348440383382695
[21 INFO root] 0.30769869685173035 -0.0179053395986557 -0.5412568676431153
[21 INFO root] 0.30804023146629333 -0.01811031624674797 -0.5513483531522295
[21 INFO root] 0.30833637714385986 -0.01829196698963642 -0.5651868088561661
[21 INFO root] 0.30859655141830444 -0.018456408753991127 -0.5828315832576304
[21 INFO root] 0.3088300824165344 -0.01860971935093403 -0.6043350024709382
[21 INFO root] 0.3090791702270508 -0.018780995160341263 -0.6274374510700735
[21 INFO root] 0.3093494474887848 -0.01897612400352955 -0.6515287768017601
[21 INFO root] 0.30963626503944397 -0.01919383369386196 -0.6765479333616874
[21 INFO root] 0.30993545055389404 -0.01943291909992695 -0.7024860470999829
[21 INFO root] 0.31024402379989624 -0.019692828878760338 -0.729347904129125
[21 INFO root] 0.31055983901023865 -0.019973618909716606 -0.7571483085747184
[21 INFO root] 0.31088143587112427 -0.020275931805372238 -0.7859089103246457
[21 INFO root] 0.31120797991752625 -0.020600993186235428 -0.8156553426226253
[21 INFO root] 0.311538964509964 -0.020950622856616974 -0.8464143750982995
[21 INFO root] 0.3118742108345032 -0.021327247843146324 -0.8782108622247878
[21 INFO root] 0.3122136890888214 -0.021733907982707024 -0.9110643828197781
[21 INFO root] 0.3125574290752411 -0.022174198180437088 -0.9449856329151824
[21 INFO root] 0.3129051923751831 -0.02265215292572975 -0.9799728913223646
[21 INFO root] 0.3132564127445221 -0.023172015324234962 -1.0160091868019634
[21 INFO root] 0.313609778881073 -0.023737912997603416 -1.0530609214196374
[21 INFO root] 0.31396323442459106 -0.024353476241230965 -1.0910786099894876
[21 INFO root] 0.3143137991428375 -0.02502145618200302 -1.1299999643831116
[21 INFO root] 0.31465768814086914 -0.02574344165623188 -1.1697543978320524
[21 INFO root] 0.3149903118610382 -0.026519741863012314 -1.210268376618493
[21 INFO root] 0.3153113126754761 -0.02736142836511135 -1.2510735900727628
[21 INFO root] 0.31561991572380066 -0.028281720355153084 -1.2914711481006005
[21 INFO root] 0.31590887904167175 -0.02927485667169094 -1.331284335721222
[21 INFO root] 0.3161713778972626 -0.030332431197166443 -1.3704263120923816
[21 INFO root] 0.3164019286632538 -0.03144609555602074 -1.408834618130438
[21 INFO root] 0.31659621000289917 -0.03260792791843414 -1.4464623694985572
[21 INFO root] 0.31675103306770325 -0.03381067514419556 -1.4832696106833023
[21 INFO root] 0.3168640732765198 -0.03504782170057297 -1.5192156695577383
[21 INFO root] 0.31693390011787415 -0.036313608288764954 -1.554253081589452
[21 INFO root] 0.3169596791267395 -0.037602946162223816 -1.5883232685884316
[21 INFO root] 0.31694114208221436 -0.038911327719688416 -1.6213539203545122
[21 INFO root] 0.3168785274028778 -0.04023468866944313 -1.6532579190908758
[21 INFO root] 0.3167724609375 -0.04156932607293129 -1.683933637643088
[21 INFO root] 0.31662407517433167 -0.04291176423430443 -1.7132663882464645
[21 INFO root] 0.3164348602294922 -0.04425869509577751 -1.7411307885874647
[21 INFO root] 0.31620681285858154 -0.04560694098472595 -1.767393804895359
[21 INFO root] 0.31594228744506836 -0.04695342108607292 -1.7919182162519018
[21 INFO root] 0.3156440854072571 -0.04829539731144905 -1.8145465924377515
[21 INFO root] 0.31531524658203125 -0.04963045194745064 -1.8351016468916777
[21 INFO root] 0.31495940685272217 -0.050956159830093384 -1.8534204342029315
[21 INFO root] 0.31458044052124023 -0.05227014794945717 -1.8693651452085212
[21 INFO root] 0.3141826093196869 -0.0535702221095562 -1.8828258018997757
[21 INFO root] 0.31377026438713074 -0.054854486137628555 -1.893721086009938
[21 INFO root] 0.3133499026298523 -0.05611530691385269 -1.9029101052391377
[21 INFO root] 0.31292614340782166 -0.057347722351551056 -1.911103740633701
[21 INFO root] 0.31250104308128357 -0.05855141207575798 -1.918411238842258
[21 INFO root] 0.31207624077796936 -0.05972663313150406 -1.9248751890426747
[21 INFO root] 0.3116530478000641 -0.06087374687194824 -1.930535287260933
[21 INFO root] 0.3112327754497528 -0.06199318915605545 -1.9354283941380268
[21 INFO root] 0.3108164668083191 -0.06308546662330627 -1.9395885887823912
[21 INFO root] 0.3104051351547241 -0.06415114551782608 -1.9430472478077088
[21 INFO root] 0.30999961495399475 -0.06519081443548203 -1.94583314168022
[21 INFO root] 0.3096006512641907 -0.06620510667562485 -1.9479725424479737
[21 INFO root] 0.30920886993408203 -0.06719467788934708 -1.9494893381611087
[21 INFO root] 0.3088248670101166 -0.06816020607948303 -1.9504051503286248
[21 INFO root] 0.3084490895271301 -0.06910236924886703 -1.9507394516153256
[21 INFO root] 0.3080778121948242 -0.07003217190504074 -1.9507670858941448
[21 INFO root] 0.30770614743232727 -0.0709628313779831 -1.950373774217973
[21 INFO root] 0.3073321580886841 -0.07190020382404327 -1.9486868591146784
[21 INFO root] 0.3069567084312439 -0.07284548133611679 -1.9456074233811878
[21 INFO root] 0.3065810203552246 -0.07379958033561707 -1.9411261273835612
[21 INFO root] 0.30620625615119934 -0.07476362586021423 -1.9352285859965483
[21 INFO root] 0.3058335781097412 -0.07573887705802917 -1.9279003449918155
[21 INFO root] 0.3054641783237457 -0.07672672718763351 -1.9191324014306959
[21 INFO root] 0.30509936809539795 -0.07772863656282425 -1.9089264014361897
[21 INFO root] 0.30474042892456055 -0.07874610275030136 -1.897299139547873
[21 INFO root] 0.30438879132270813 -0.07978060096502304 -1.8842860836447286
[21 INFO root] 0.30404597520828247 -0.08083353191614151 -1.8699427722290916
[21 INFO root] 0.30371350049972534 -0.08190615475177765 -1.854346414619032
[21 INFO root] 0.30339309573173523 -0.08299949020147324 -1.8375968669602272
[21 INFO root] 0.30308640003204346 -0.08411426842212677 -1.819816240762831
[21 INFO root] 0.30279526114463806 -0.08525083214044571 -1.8011471855901213
[21 INFO root] 0.30252137780189514 -0.0864090770483017 -1.7817501129810036
[21 INFO root] 0.3022664785385132 -0.08758839964866638 -1.7617996444004307
[21 INFO root] 0.30203214287757874 -0.08878766745328903 -1.7414805501158932
[21 INFO root] 0.301819771528244 -0.09000519663095474 -1.7209834281887153
[21 INFO root] 0.30163052678108215 -0.09123877435922623 -1.7005003551572568
[21 INFO root] 0.30146530270576477 -0.0924856960773468 -1.6802207196687509
[21 INFO root] 0.30132463574409485 -0.09374275803565979 -1.6603334543111608
[21 INFO root] 0.30120864510536194 -0.0950063169002533 -1.641026165298894
[21 INFO root] 0.3011171221733093 -0.09627241641283035 -1.6224780197299726
[21 INFO root] 0.3010493814945221 -0.09753692895174026 -1.6048530154814424
[21 INFO root] 0.3010042607784271 -0.09879572689533234 -1.5882956891393385
[21 INFO root] 0.3009802997112274 -0.10004478693008423 -1.5729289951778163
[21 INFO root] 0.3009757399559021 -0.1012803465127945 -1.558853888815873
[21 INFO root] 0.3009885549545288 -0.10249896347522736 -1.5461501729376363
[21 INFO root] 0.30101656913757324 -0.10369759052991867 -1.5348780785674474
[21 INFO root] 0.30105748772621155 -0.10487363487482071 -1.5250802648470814
[21 INFO root] 0.3011089861392975 -0.10602497309446335 -1.516784027005183
[21 INFO root] 0.30116885900497437 -0.10714996606111526 -1.5100035538703103
[21 INFO root] 0.3012349009513855 -0.10824742168188095 -1.504742117837496
[21 INFO root] 0.30130505561828613 -0.1093166172504425 -1.500994125544672
[21 INFO root] 0.30137741565704346 -0.11035723239183426 -1.4987469915506382
[21 INFO root] 0.3014502227306366 -0.11136932671070099 -1.4979827165674975
[21 INFO root] 0.30152297019958496 -0.11236786097288132 -1.4979210991340939
[21 INFO root] 0.3015957772731781 -0.11336521059274673 -1.4979210991340939
[21 INFO root] 0.30166858434677124 -0.11436255276203156 -1.4979210991340939
[21 INFO root] 0.3017413914203644 -0.11535990238189697 -1.4979210991340939
[21 INFO root] 0.3018141984939575 -0.1163572445511818 -1.4979210991340939
[21 INFO root] 0.30188703536987305 -0.11735459417104721 -1.4979210991340939
[21 INFO root] 0.3019598424434662 -0.11835193634033203 -1.4979210991340939
[21 INFO root] 0.3020326495170593 -0.11934928596019745 -1.4979210991340939
[21 INFO root] 0.30210545659065247 -0.12034662812948227 -1.4979210991340939
[21 INFO root] 0.3021782636642456 -0.12134397774934769 -1.4979210991340939
[21 INFO root] 0.30225107073783875 -0.12234131991863251 -1.4979210991340939
[21 INFO root] 0.3023238778114319 -0.12333866953849792 -1.4979210991340939
[21 INFO root] 0.302396684885025 -0.12433601170778275 -1.4979210991340939
[21 INFO root] 0.30246952176094055 -0.12533335387706757 -1.4979210991340939
[21 INFO root] 0.3025423288345337 -0.12633070349693298 -1.4979210991340939
[21 INFO root] 0.30261513590812683 -0.1273280531167984 -1.4979210991340939
[21 INFO root] 0.30268794298171997 -0.12832540273666382 -1.4979210991340939
[21 INFO root] 0.3027607500553131 -0.12932273745536804 -1.4979210991340939
[21 INFO root] 0.30283355712890625 -0.13032008707523346 -1.4979210991340939
[21 INFO root] 0.3029063642024994 -0.13131743669509888 -1.4979210991340939
[21 INFO root] 0.30297917127609253 -0.1323147714138031 -1.4979210991340939
[21 INFO root] 0.30305200815200806 -0.13331212103366852 -1.4979210991340939
[21 INFO root] 0.3031248152256012 -0.13430947065353394 -1.4979210991340939
[21 INFO root] 0.30319762229919434 -0.13530682027339935 -1.4979210991340939
[21 INFO root] 0.3032704293727875 -0.13630415499210358 -1.4979210991340939
[21 INFO root] 0.3033432364463806 -0.137301504611969 -1.4979210991340939
[21 INFO root] 0.30341604351997375 -0.1382988542318344 -1.4979210991340939
[21 INFO root] 0.3034888505935669 -0.13929620385169983 -1.4979210991340939
[21 INFO root] 0.30356165766716003 -0.14029353857040405 -1.4979210991340939
[21 INFO root] 0.30363449454307556 -0.14129088819026947 -1.4979210991340939
[21 INFO root] 0.3037073016166687 -0.1422882378101349 -1.4979210991340939
[21 INFO root] 0.30378010869026184 -0.1432855874300003 -1.4979210991340939
[21 INFO root] 0.303852915763855 -0.14428292214870453 -1.4979210991340939
[21 INFO root] 0.3039257228374481 -0.14528027176856995 -1.4979210991340939
[21 INFO root] 0.30399852991104126 -0.14627762138843536 -1.4979210991340939
[21 INFO root] 0.3040713369846344 -0.14727497100830078 -1.4979210991340939
[21 INFO root] 0.30414414405822754 -0.148272305727005 -1.4979210991340939
[21 INFO root] 0.30421698093414307 -0.14926965534687042 -1.4979210991340939
[21 INFO root] 0.3042897880077362 -0.15026700496673584 -1.4979210991340939
[21 INFO root] 0.30436259508132935 -0.15126435458660126 -1.4979210991340939
[21 INFO root] 0.3044354021549225 -0.15226168930530548 -1.4979210991340939
[21 INFO root] 0.3045082092285156 -0.1532590389251709 -1.4979210991340939
[21 INFO root] 0.30458101630210876 -0.15425638854503632 -1.4979210991340939
[21 INFO root] 0.3046538233757019 -0.15525373816490173 -1.4979210991340939
[21 INFO root] 0.30472663044929504 -0.15625107288360596 -1.4979210991340939
[21 INFO root] 0.3047994375228882 -0.15724842250347137 -1.4979210991340939
[21 INFO root] 0.3048722743988037 -0.1582457721233368 -1.4979210991340939
[21 INFO root] 0.30494508147239685 -0.15924310684204102 -1.4979210991340939
[21 INFO root] 0.30501788854599 -0.16024045646190643 -1.4979210991340939
[21 INFO root] 0.30509069561958313 -0.16123780608177185 -1.4979210991340939
[21 INFO root] 0.30516350269317627 -0.16223515570163727 -1.4979210991340939
[21 INFO root] 0.3052363097667694 -0.1632324904203415 -1.4979210991340939
[21 INFO root] 0.30530911684036255 -0.1642298400402069 -1.4979210991340939
[21 INFO root] 0.3053819239139557 -0.16522718966007233 -1.4979210991340939
[21 INFO root] 0.3054547607898712 -0.16622453927993774 -1.4979210991340939
[21 INFO root] 0.30552756786346436 -0.16722187399864197 -1.4979210991340939
[21 INFO root] 0.3056003749370575 -0.16821922361850739 -1.4979210991340939
[21 INFO root] 0.30567318201065063 -0.1692165732383728 -1.4979210991340939
[21 INFO root] 0.3057459890842438 -0.17021392285823822 -1.4979210991340939
[21 INFO root] 0.3058187961578369 -0.17121125757694244 -1.4979210991340939
[21 INFO root] 0.30589160323143005 -0.17220860719680786 -1.4979210991340939
[21 INFO root] 0.3059644103050232 -0.17320595681667328 -1.4979210991340939
[21 INFO root] 0.3060372471809387 -0.1742033064365387 -1.4979210991340939
[21 INFO root] 0.30611005425453186 -0.17520064115524292 -1.4979210991340939
[21 INFO root] 0.306182861328125 -0.17619799077510834 -1.4979210991340939
[21 INFO root] 0.30625566840171814 -0.17719534039497375 -1.4979210991340939
[21 INFO root] 0.3063284754753113 -0.17819269001483917 -1.4979210991340939
[21 INFO root] 0.3064012825489044 -0.1791900247335434 -1.4979210991340939
[21 INFO root] 0.30647408962249756 -0.1801873743534088 -1.4979210991340939
[21 INFO root] 0.3065468966960907 -0.18118472397327423 -1.4979210991340939
[21 INFO root] 0.3066197335720062 -0.18218207359313965 -1.4979210991340939
[21 INFO root] 0.30669254064559937 -0.18317940831184387 -1.4979210991340939
[21 INFO root] 0.3067653477191925 -0.1841767579317093 -1.4979210991340939
[21 INFO root] 0.30683815479278564 -0.1851741075515747 -1.4979210991340939
[21 INFO root] 0.3069109618663788 -0.18617144227027893 -1.4979210991340939
[21 INFO root] 0.3069837689399719 -0.18716879189014435 -1.4979210991340939
[21 INFO root] 0.30705657601356506 -0.18816614151000977 -1.4979210991340939
[21 INFO root] 0.3071293830871582 -0.18916349112987518 -1.4979210991340939
[21 INFO root] 0.30720221996307373 -0.1901608258485794 -1.4979210991340939
[21 INFO root] 0.30727502703666687 -0.19115817546844482 -1.4979210991340939
[21 INFO root] 0.30734783411026 -0.19215552508831024 -1.4979210991340939
[21 INFO root] 0.30742064118385315 -0.19315287470817566 -1.4979210991340939
[21 INFO root] 0.3074934482574463 -0.19415020942687988 -1.4979210991340939
[21 INFO root] 0.30756625533103943 -0.1951475590467453 -1.4979210991340939
[21 INFO root] 0.30763906240463257 -0.19614490866661072 -1.4979210991340939
[21 INFO root] 0.3077118694782257 -0.19714225828647614 -1.4979210991340939
[21 INFO root] 0.30778470635414124 -0.19813959300518036 -1.4979210991340939
[21 INFO root] 0.3078575134277344 -0.19913694262504578 -1.4979210991340939
[21 INFO root] 0.3079303205013275 -0.2001342922449112 -1.4979210991340939
[21 INFO root] 0.30800312757492065 -0.2011316418647766 -1.4979210991340939
[21 INFO root] 0.3080759346485138 -0.20212897658348083 -1.4979210991340939
[21 INFO root] 0.30814874172210693 -0.20312632620334625 -1.4979210991340939
[21 INFO root] 0.3082215487957001 -0.20412367582321167 -1.4979210991340939
[21 INFO root] 0.3082943558692932 -0.2051210254430771 -1.4979210991340939
[21 INFO root] 0.30836719274520874 -0.2061183601617813 -1.4979210991340939
[21 INFO root] 0.3084399998188019 -0.20711570978164673 -1.4979210991340939
[21 INFO root] 0.308512806892395 -0.20811305940151215 -1.4979210991340939
[21 INFO root] 0.30858561396598816 -0.20911040902137756 -1.4979210991340939
[21 INFO root] 0.3086584210395813 -0.2101077437400818 -1.4979210991340939
[21 INFO root] 0.30873122811317444 -0.2111050933599472 -1.4979210991340939
[21 INFO root] 0.3088040351867676 -0.21210244297981262 -1.4979210991340939
[21 INFO root] 0.3088768422603607 -0.21309977769851685 -1.4979210991340939
[21 INFO root] 0.30894967913627625 -0.21409712731838226 -1.4979210991340939
[21 INFO root] 0.3090224862098694 -0.21509447693824768 -1.4979210991340939
[21 INFO root] 0.3090952932834625 -0.2160918265581131 -1.4979210991340939
[21 INFO root] 0.30916810035705566 -0.21708916127681732 -1.4979210991340939
[21 INFO root] 0.3092409074306488 -0.21808651089668274 -1.4979210991340939
[21 INFO root] 0.30931371450424194 -0.21908386051654816 -1.4979210991340939
[21 INFO root] 0.3093865215778351 -0.22008121013641357 -1.4979210991340939
[21 INFO root] 0.3094593286514282 -0.2210785448551178 -1.4979210991340939
[21 INFO root] 0.30953213572502136 -0.22207589447498322 -1.4979210991340939
[21 INFO root] 0.3096049726009369 -0.22307324409484863 -1.4979210991340939
[21 INFO root] 0.30967777967453003 -0.22407059371471405 -1.4979210991340939
[21 INFO root] 0.30975058674812317 -0.22506792843341827 -1.4979210991340939
[21 INFO root] 0.3098233938217163 -0.2260652780532837 -1.4979210991340939
[21 INFO root] 0.30989620089530945 -0.2270626276731491 -1.4979210991340939
[21 INFO root] 0.3099690079689026 -0.22805997729301453 -1.4979210991340939
[21 INFO root] 0.3100418150424957 -0.22905731201171875 -1.4979210991340939
[21 INFO root] 0.31011462211608887 -0.23005466163158417 -1.4979210991340939
[21 INFO root] 0.3101874589920044 -0.23105201125144958 -1.4979210991340939
[21 INFO root] 0.3102596700191498 -0.23204122483730316 -1.5006015415272935
[21 INFO root] 0.31032881140708923 -0.2330208271741867 -1.5069510227516185
[21 INFO root] 0.3103916645050049 -0.23399411141872406 -1.516731438153454
[21 INFO root] 0.3104451596736908 -0.2349652498960495 -1.5295986560385713
[21 INFO root] 0.3104865252971649 -0.23593851923942566 -1.5452226859429
[21 INFO root] 0.31051310896873474 -0.2369181215763092 -1.5632872667457838
[21 INFO root] 0.31052231788635254 -0.2379080057144165 -1.583488245356703
[21 INFO root] 0.31051182746887207 -0.23889268934726715 -1.6049749164745115
[21 INFO root] 0.3104820251464844 -0.23982568085193634 -1.626118113706405
[21 INFO root] 0.3104352355003357 -0.2407061755657196 -1.6467491796510305
[21 INFO root] 0.3103737533092499 -0.24153819680213928 -1.6668780540185872
