[16 INFO root] Initialising Python Geth Console...
[16 INFO root] Initialising RandB board...
[16 INFO root] Initialising resource sensor...
[16 INFO root] Initialising random-walk...
[16 INFO root] Initialising navigation...
[16 INFO root] Initialising Odo...
[16 INFO root] Initialising odometry...
[16 INFO root] Initialising gps...
[16 INFO root] Initialising Ground sensor...
[16 INFO root] --//-- Starting Experiment --//--
[16 INFO root] x y direction
[16 INFO root] -0.4873430132865906 0.2761070132255554 2.1941057625596305
[16 INFO root] -0.48782455921173096 0.27677685022354126 2.1941057625596305
[16 INFO root] -0.48840829730033875 0.277588814496994 2.1941057625596305
[16 INFO root] -0.48899203538894653 0.2784007489681244 2.1941057625596305
[16 INFO root] -0.48957574367523193 0.27921271324157715 2.1941057625596305
[16 INFO root] -0.4901241362094879 0.2799755334854126 2.1935431682774937
[16 INFO root] -0.49043333530426025 0.28040599822998047 2.189504919050892
[16 INFO root] -0.4905206859111786 0.28052836656570435 2.182710055719268
[16 INFO root] -0.49042898416519165 0.28039756417274475 2.1738989390492924
[16 INFO root] -0.4901895225048065 0.2800501585006714 2.163517630047657
[16 INFO root] -0.4898195266723633 0.27950161695480347 2.1518046326171096
[16 INFO root] -0.4893350899219513 0.2787652909755707 2.138960562177134
[16 INFO root] -0.48875412344932556 0.2778574228286743 2.125185341741016
[16 INFO root] -0.48809510469436646 0.2767959237098694 2.110676780311887
[16 INFO root] -0.4873759150505066 0.2755993604660034 2.0956294869292185
[16 INFO root] -0.48661309480667114 0.27428609132766724 2.0802361114523604
[16 INFO root] -0.48582151532173157 0.2728739380836487 2.0646895284551583
[16 INFO root] -0.48501425981521606 0.27137988805770874 2.0491849964753843
[16 INFO root] -0.48420247435569763 0.2698202133178711 2.0339216418624653
[16 INFO root] -0.48339545726776123 0.2682100832462311 2.0191053583431655
[16 INFO root] -0.4826005697250366 0.2665635943412781 2.0049517207663117
[16 INFO root] -0.481823593378067 0.2648939788341522 1.9916845185198127
[16 INFO root] -0.4810692071914673 0.26321470737457275 1.979524284973986
[16 INFO root] -0.4803408086299896 0.2615385949611664 1.9686640709737313
[16 INFO root] -0.4796399474143982 0.2598761320114136 1.9592612704458394
[16 INFO root] -0.47896644473075867 0.2582349479198456 1.9514437321568723
[16 INFO root] -0.47831881046295166 0.25662022829055786 1.9453185663844597
[16 INFO root] -0.4776945412158966 0.2550349533557892 1.9409789433053573
[16 INFO root] -0.4770905375480652 0.25348061323165894 1.9385112966648108
[16 INFO root] -0.47650331258773804 0.2519574463367462 1.9380016056068066
[16 INFO root] -0.4759291708469391 0.2504650354385376 1.939540213021913
[16 INFO root] -0.4753642976284027 0.2490025758743286 1.9432253613887185
[16 INFO root] -0.47480499744415283 0.24756929278373718 1.9491657177717707
[16 INFO root] -0.47424763441085815 0.2461647093296051 1.9574821291777482
[16 INFO root] -0.4736887514591217 0.24478881061077118 1.9683088175593584
[16 INFO root] -0.4731251001358032 0.24344225227832794 1.9817941990816506
[16 INFO root] -0.4725537896156311 0.24212640523910522 1.998101488660827
[16 INFO root] -0.47197216749191284 0.2408435195684433 2.01740922118323
[16 INFO root] -0.4713780879974365 0.23959670960903168 2.039911780865684
[16 INFO root] -0.4707699418067932 0.2383899688720703 2.0658199787196017
[16 INFO root] -0.4701467454433441 0.23722824454307556 2.0953616554857115
[16 INFO root] -0.46950843930244446 0.2361173927783966 2.1287822142742128
[16 INFO root] -0.46885615587234497 0.23506422340869904 2.1663431161138833
[16 INFO root] -0.468192458152771 0.23407652974128723 2.208320383989688
[16 INFO root] -0.46752190589904785 0.23316289484500885 2.2550034417089013
[16 INFO root] -0.46685150265693665 0.23233261704444885 2.3066928462716447
[16 INFO root] -0.46619129180908203 0.23159541189670563 2.363695674155411
[16 INFO root] -0.46555519104003906 0.2309609353542328 2.426317187341498
[16 INFO root] -0.46498903632164 0.2304617315530777 2.4943206654605996
[16 INFO root] -0.46459972858428955 0.2301611304283142 2.565936727340058
[16 INFO root] -0.46439772844314575 0.23002606630325317 2.6411272140606883
[16 INFO root] -0.4643864631652832 0.2300180345773697 2.720112767886506
[16 INFO root] -0.4645769000053406 0.2301035076379776 2.803028317994149
[16 INFO root] -0.4649868905544281 0.23024989664554596 2.8898250301275388
[16 INFO root] -0.46563905477523804 0.2304217517375946 2.98017339777794
[16 INFO root] -0.4665585458278656 0.23057787120342255 3.073271404495525
[16 INFO root] -0.46776536107063293 0.23066937923431396 -3.11538481466671
[16 INFO root] -0.46926572918891907 0.23064173758029938 -3.0212612473971068
[16 INFO root] -0.4710448086261749 0.2304411083459854 -2.92983464621809
[16 INFO root] -0.47306227684020996 0.23002439737319946 -2.8436556278552407
[16 INFO root] -0.47525423765182495 0.2293700873851776 -2.765205042768289
[16 INFO root] -0.4775424003601074 0.22848521173000336 -2.6965128980124646
[16 INFO root] -0.47984760999679565 0.2274044007062912 -2.6388604988777895
[16 INFO root] -0.4821026027202606 0.2261812835931778 -2.5926765974682184
[16 INFO root] -0.48425939679145813 0.2248760461807251 -2.557641524720203
[16 INFO root] -0.48629021644592285 0.22354458272457123 -2.5329193210515677
[16 INFO root] -0.4881840646266937 0.22223195433616638 -2.5174107339905887
[16 INFO root] -0.4899417459964752 0.22097037732601166 -2.5099550027499866
[16 INFO root] -0.4915710687637329 0.2197803258895874 -2.509456547980508
[16 INFO root] -0.4930833578109741 0.21867285668849945 -2.5149455780807797
[16 INFO root] -0.4944913983345032 0.21765218675136566 -2.52559461821097
[16 INFO root] -0.495807945728302 0.21671797335147858 -2.540711809945599
[16 INFO root] -0.4970453381538391 0.21586687862873077 -2.5597206906148493
[16 INFO root] -0.49821531772613525 0.21509382128715515 -2.582135594588796
[16 INFO root] -0.49932900071144104 0.214392751455307 -2.607537946848982
[16 INFO root] -0.5003970265388489 0.21375729143619537 -2.6355558032438693
[16 INFO root] -0.5014296174049377 0.21318110823631287 -2.6658477090209574
[16 INFO root] -0.5024778246879578 0.2126370668411255 -2.696832347965334
[16 INFO root] -0.5035662055015564 0.21211425960063934 -2.7275940458697416
[16 INFO root] -0.5046953558921814 0.21161407232284546 -2.7578780122658118
[16 INFO root] -0.5058625340461731 0.2111387997865677 -2.787505326853535
[16 INFO root] -0.5070644617080688 0.21069049835205078 -2.8163153434274193
[16 INFO root] -0.508297324180603 0.21027079224586487 -2.844168433612765
[16 INFO root] -0.5095568895339966 0.20988091826438904 -2.8709477263318903
[16 INFO root] -0.5108386278152466 0.20952162146568298 -2.8965599678093823
[16 INFO root] -0.5121380090713501 0.20919319987297058 -2.920935488289175
[16 INFO root] -0.5134504437446594 0.20889544486999512 -2.9440273372958
[16 INFO root] -0.5147716403007507 0.20862780511379242 -2.9658097137063515
[16 INFO root] -0.5160974264144897 0.20838934183120728 -2.9862758588766822
[16 INFO root] -0.5174241065979004 0.2081788182258606 -3.005435598542272
[16 INFO root] -0.51874840259552 0.20799478888511658 -3.023312714529934
[16 INFO root] -0.5200673341751099 0.20783564448356628 -3.039942305781436
[16 INFO root] -0.5213785171508789 0.20769968628883362 -3.055368266375844
[16 INFO root] -0.5226798057556152 0.2075851708650589 -3.069640972468441
[16 INFO root] -0.5239696502685547 0.20749033987522125 -3.082815235412233
[16 INFO root] -0.5252467393875122 0.2074134796857834 -3.0949485481792793
[16 INFO root] -0.5265101194381714 0.20735295116901398 -3.1060996282853806
[16 INFO root] -0.5277591347694397 0.20730718970298767 -3.1163272431383544
[16 INFO root] -0.5289934873580933 0.20727472007274628 -3.1256892925628708
[16 INFO root] -0.530212938785553 0.20725417137145996 -3.1342421171884554
[16 INFO root] -0.5314174890518188 0.20724427700042725 3.141145307950382
[16 INFO root] -0.53260737657547 0.207243874669075 3.1340504843983408
[16 INFO root] -0.5337828397750854 0.2072518914937973 3.1276094440548454
[16 INFO root] -0.5349442362785339 0.2072673887014389 3.121775629321959
[16 INFO root] -0.5360921025276184 0.207289457321167 3.1165052307460246
[16 INFO root] -0.5372269749641418 0.2073173224925995 3.111757158744251
[16 INFO root] -0.5383493304252625 0.20735028386116028 3.1074929727364258
[16 INFO root] -0.539459764957428 0.20738768577575684 3.1036767806589043
[16 INFO root] -0.5405589938163757 0.2074289619922638 3.1002751190958717
[16 INFO root] -0.5416474938392639 0.20747359097003937 3.0972568219481698
[16 INFO root] -0.5427259206771851 0.20752109587192535 3.094592883647798
[16 INFO root] -0.5437949299812317 0.2075710892677307 3.092256321375548
[16 INFO root] -0.5448545813560486 0.2076231688261032 3.090437911933643
[16 INFO root] -0.5459010004997253 0.20767654478549957 3.0913497462898927
[16 INFO root] -0.5469362139701843 0.20772869884967804 3.0950685071941364
[16 INFO root] -0.5479632019996643 0.20777690410614014 3.1014072582610672
[16 INFO root] -0.5489853620529175 0.2078186422586441 3.110186146351095
[16 INFO root] -0.5500060319900513 0.2078516185283661 3.1212316053380538
[16 INFO root] -0.5510285496711731 0.20787356793880463 3.134373979518829
[16 INFO root] -0.5520563721656799 0.2078823298215866 -3.1337403710766347
[16 INFO root] -0.5530924201011658 0.20787574350833893 -3.1169104669224548
[16 INFO root] -0.5541395545005798 0.20785163342952728 -3.0984950797325905
[16 INFO root] -0.5552003979682922 0.20780782401561737 -3.07867381619515
[16 INFO root] -0.5562770366668701 0.2077421098947525 -3.0576344090393865
[16 INFO root] -0.5573710799217224 0.20765231549739838 -3.0355742572121196
[16 INFO root] -0.5584836602210999 0.20753635466098785 -3.0127014047416174
[16 INFO root] -0.5596153140068054 0.20739226043224335 -2.989234843254217
[16 INFO root] -0.5607658624649048 0.20721831917762756 -2.9654040361212983
[16 INFO root] -0.5619345307350159 0.2070130705833435 -2.941447590169718
[16 INFO root] -0.5631197094917297 0.20677554607391357 -2.9176180149895328
[16 INFO root] -0.5643190741539001 0.20650529861450195 -2.8941735453904998
[16 INFO root] -0.5655297040939331 0.20620247721672058 -2.87136863462371
[16 INFO root] -0.5667481422424316 0.2058679312467575 -2.849449276281667
[16 INFO root] -0.5679705739021301 0.2055031806230545 -2.8286492582092007
[16 INFO root] -0.5691928267478943 0.20511047542095184 -2.8091865388373853
[16 INFO root] -0.5704107880592346 0.20469267666339874 -2.791259952565435
[16 INFO root] -0.5716201066970825 0.20425324141979218 -2.7750464916503423
[16 INFO root] -0.5728168487548828 0.20379604399204254 -2.7606993588938487
[16 INFO root] -0.5739972591400146 0.2033253312110901 -2.748346910248757
[16 INFO root] -0.5751454830169678 0.20285066962242126 -2.7375795575675728
[16 INFO root] -0.5762158632278442 0.2023945301771164 -2.72660314429653
[16 INFO root] -0.5772092342376709 0.20195823907852173 -2.7153984038891243
[16 INFO root] -0.5781320929527283 0.20154055953025818 -2.7041480202335273
[16 INFO root] -0.5789902210235596 0.20114050805568695 -2.6930123618857404
[16 INFO root] -0.5797887444496155 0.20075735449790955 -2.682129747191955
[16 INFO root] -0.5805321931838989 0.20039056241512299 -2.6716179532697146
[16 INFO root] -0.5812246799468994 0.20003977417945862 -2.6615758871341004
[16 INFO root] -0.581869900226593 0.19970473647117615 -2.6520854068329847
[16 INFO root] -0.5824897289276123 0.19937528669834137 -2.642454571368543
[16 INFO root] -0.5830942988395691 0.19904646277427673 -2.632411052921784
[16 INFO root] -0.5836856961250305 0.19871710240840912 -2.6219545862541094
[16 INFO root] -0.5842650532722473 0.19838644564151764 -2.6111019237455384
[16 INFO root] -0.584833562374115 0.19805382192134857 -2.599864914998965
[16 INFO root] -0.5853921175003052 0.197718545794487 -2.5882512523779795
[16 INFO root] -0.5859416127204895 0.19738003611564636 -2.5762650965720137
[16 INFO root] -0.5864827036857605 0.1970376819372177 -2.5639078799007193
[16 INFO root] -0.5870160460472107 0.19669096171855927 -2.5511793005338297
[16 INFO root] -0.5875422358512878 0.19633930921554565 -2.538078537334953
[16 INFO root] -0.5880617499351501 0.1959821879863739 -2.5246057245046702
[16 INFO root] -0.5885751247406006 0.19561907649040222 -2.5107637264439644
[16 INFO root] -0.589082658290863 0.19524942338466644 -2.496560270639904
[16 INFO root] -0.5895849466323853 0.1948726624250412 -2.4820104852211364
[16 INFO root] -0.5900822281837463 0.19448818266391754 -2.4671398918063354
[16 INFO root] -0.5905750393867493 0.19409535825252533 -2.4519878947420723
[16 INFO root] -0.5910637974739075 0.19369353353977203 -2.436611769924404
[16 INFO root] -0.5915490388870239 0.19328196346759796 -2.421091090866366
[16 INFO root] -0.5920312404632568 0.1928599327802658 -2.4055324343306888
[16 INFO root] -0.592510998249054 0.1924266517162323 -2.3900740811656216
[16 INFO root] -0.5929890275001526 0.19198133051395416 -2.3748902751594128
[16 INFO root] -0.59346604347229 0.1915232092142105 -2.360194440619353
[16 INFO root] -0.5939428806304932 0.19105152785778046 -2.346240620093206
[16 INFO root] -0.5944205522537231 0.19056561589241028 -2.333322324344906
[16 INFO root] -0.5949000716209412 0.19006489217281342 -2.32176804208808
[16 INFO root] -0.595382809638977 0.18954889476299286 -2.311932882357003
[16 INFO root] -0.595870316028595 0.18901723623275757 -2.304186229472572
[16 INFO root] -0.596364438533783 0.18846969306468964 -2.298895835469138
[16 INFO root] -0.5968674421310425 0.18790610134601593 -2.2964093527635145
[16 INFO root] -0.5973450541496277 0.18736793100833893 -2.2982137735443846
[16 INFO root] -0.5977606773376465 0.18690086901187897 -2.3059598742405107
[16 INFO root] -0.5981230139732361 0.1864994913339615 -2.3199533354548416
[16 INFO root] -0.5984458327293396 0.18615128099918365 -2.3403215816134195
[16 INFO root] -0.5987430810928345 0.1858430653810501 -2.3671508684122893
[16 INFO root] -0.5990333557128906 0.18555748462677002 -2.4002800116576126
[16 INFO root] -0.5993362665176392 0.18527834117412567 -2.439443299164972
[16 INFO root] -0.5996713638305664 0.18499276041984558 -2.4842973073926915
[16 INFO root] -0.6000579595565796 0.1846918761730194 -2.5343980875493326
[16 INFO root] -0.6005147695541382 0.1843714714050293 -2.589179659482511
[16 INFO root] -0.6010589003562927 0.18403242528438568 -2.6479418563031683
[16 INFO root] -0.6016889810562134 0.18368905782699585 -2.7089332974329596
[16 INFO root] -0.6023974418640137 0.18335700035095215 -2.7706121884515116
[16 INFO root] -0.6031847596168518 0.18304552137851715 -2.8323191147299505
[16 INFO root] -0.6040473580360413 0.18276436626911163 -2.8935544540994136
[16 INFO root] -0.6049765944480896 0.18252328038215637 -2.9539438528769315
[16 INFO root] -0.6059609651565552 0.1823304295539856 -3.013141889037263
[16 INFO root] -0.6069871187210083 0.1821918785572052 -3.070824798667079
[16 INFO root] -0.6080403923988342 0.1821112185716629 -3.1267109401737136
[16 INFO root] -0.6091052293777466 0.1820894479751587 3.102605427875393
[16 INFO root] -0.6101663708686829 0.18212510645389557 3.050899278424919
[16 INFO root] -0.6112095713615417 0.18221446871757507 3.001419472255123
[16 INFO root] -0.6122223734855652 0.18235214054584503 2.954146946326551
[16 INFO root] -0.6132652759552002 0.18254505097866058 2.907388418481298
[16 INFO root] -0.6143583059310913 0.18280071020126343 2.8607587225961444
[16 INFO root] -0.6154993176460266 0.1831243634223938 2.81445245226902
[16 INFO root] -0.6166834831237793 0.1835203766822815 2.768717656359024
[16 INFO root] -0.6179048418998718 0.18399196863174438 2.7238002617836368
[16 INFO root] -0.6191107034683228 0.18452079594135284 2.680063133142183
[16 INFO root] -0.6202899217605591 0.18510086834430695 2.637509659305537
[16 INFO root] -0.6214399933815002 0.18572890758514404 2.5960622768481665
[16 INFO root] -0.622559130191803 0.186401829123497 2.555620697051502
[16 INFO root] -0.6236456632614136 0.18711666762828827 2.516065407713714
[16 INFO root] -0.6246985197067261 0.18787077069282532 2.4772604766606876
[16 INFO root] -0.6257168054580688 0.18866178393363953 2.4390583977249936
[16 INFO root] -0.6267000436782837 0.1894877701997757 2.4013065177248505
[16 INFO root] -0.6276478171348572 0.19034713506698608 2.363854319195152
[16 INFO root] -0.6285598874092102 0.1912386119365692 2.326560673703595
[16 INFO root] -0.6294357776641846 0.19216105341911316 2.2893001171608924
[16 INFO root] -0.6302747130393982 0.1931132674217224 2.251967280060864
[16 INFO root] -0.6310756802558899 0.19409391283988953 2.214478809485155
[16 INFO root] -0.6318374872207642 0.1951013207435608 2.176772537824313
[16 INFO root] -0.6325584650039673 0.19613340497016907 2.138804166941409
[16 INFO root] -0.6332369446754456 0.19718773663043976 2.1005421659605914
[16 INFO root] -0.63387131690979 0.1982615888118744 2.0619618765105967
[16 INFO root] -0.6344600915908813 0.19935214519500732 2.023039857614157
[16 INFO root] -0.635002076625824 0.20045669376850128 1.9837492720974736
[16 INFO root] -0.6354964375495911 0.20157292485237122 1.9440559121714345
[16 INFO root] -0.6359426975250244 0.20269915461540222 1.9039172620612657
[16 INFO root] -0.6363406777381897 0.20383445918560028 1.8632842411715993
[16 INFO root] -0.6366903185844421 0.20497865974903107 1.8221043830749521
[16 INFO root] -0.636991560459137 0.20613235235214233 1.7803255483342637
[16 INFO root] -0.6372442841529846 0.2072967290878296 1.7378997874129913
[16 INFO root] -0.6374478936195374 0.20847353339195251 1.6947899584502217
[16 INFO root] -0.6376015543937683 0.20966479182243347 1.6509669108403946
[16 INFO root] -0.637701153755188 0.21083912253379822 1.6095843571999977
[16 INFO root] -0.637750506401062 0.21198470890522003 1.5713915074094817
[16 INFO root] -0.6377555131912231 0.21309882402420044 1.5363196248831041
[16 INFO root] -0.6377221345901489 0.21418043971061707 1.504255086589331
[16 INFO root] -0.6376557350158691 0.21522922813892365 1.475096806665416
[16 INFO root] -0.6375611424446106 0.21624642610549927 1.4487605047889454
[16 INFO root] -0.6374426484107971 0.21723467111587524 1.4251827554742864
[16 INFO root] -0.6373040080070496 0.2181960493326187 1.4043083462979205
[16 INFO root] -0.6371488571166992 0.2191316932439804 1.3860823751661524
[16 INFO root] -0.6369804739952087 0.22004204988479614 1.3704470085630884
[16 INFO root] -0.6368021965026855 0.22092725336551666 1.3573399834888324
[16 INFO root] -0.6366170048713684 0.22178727388381958 1.3466941622200925
[16 INFO root] -0.636427640914917 0.22262220084667206 1.338437619174155
[16 INFO root] -0.6362366676330566 0.2234322875738144 1.3324937057429094
[16 INFO root] -0.636046290397644 0.2242182046175003 1.328780586313853
[16 INFO root] -0.6358582973480225 0.22498100996017456 1.3272098064486857
[16 INFO root] -0.6356741786003113 0.2257222682237625 1.3276835560791733
[16 INFO root] -0.635495126247406 0.22644415497779846 1.3300865428862843
[16 INFO root] -0.6353214979171753 0.22715060412883759 1.3342356651927363
[16 INFO root] -0.635153591632843 0.22784580290317535 1.339914672887145
[16 INFO root] -0.634991466999054 0.2285337746143341 1.3468771309320653
[16 INFO root] -0.6348351836204529 0.2292177975177765 1.3548282692508165
[16 INFO root] -0.6346848607063293 0.22990046441555023 1.3634192478829013
[16 INFO root] -0.6345404386520386 0.23058392107486725 1.3722486407963175
[16 INFO root] -0.634401798248291 0.23126977682113647 1.3808631933169817
[16 INFO root] -0.6342687010765076 0.23195891082286835 1.3887625933226566
[16 INFO root] -0.63414067029953 0.23265133798122406 1.3954100434034231
[16 INFO root] -0.6340170502662659 0.23334620893001556 1.4002484197418315
[16 INFO root] -0.6338969469070435 0.23404183983802795 1.402721414510656
[16 INFO root] -0.633778989315033 0.23473596572875977 1.4022960738556738
[16 INFO root] -0.6336584091186523 0.23544472455978394 1.397555820670165
[16 INFO root] -0.6335307955741882 0.23617593944072723 1.3875032850419415
[16 INFO root] -0.6333926320075989 0.23692545294761658 1.3718883704106968
[16 INFO root] -0.6332396864891052 0.23769019544124603 1.350609899571989
[16 INFO root] -0.6330669522285461 0.23846958577632904 1.3236467597272887
[16 INFO root] -0.6328684091567993 0.2392653524875641 1.2910630485417351
[16 INFO root] -0.6326369643211365 0.240080788731575 1.2530128454754845
[16 INFO root] -0.6323642730712891 0.24092009663581848 1.2097447620758555
[16 INFO root] -0.6320409178733826 0.2417874038219452 1.1616061113211955
[16 INFO root] -0.6316562294960022 0.2426857203245163 1.109045897280159
[16 INFO root] -0.631199061870575 0.24361594021320343 1.052615221224643
[16 INFO root] -0.6306584477424622 0.24457600712776184 0.9929633055072031
[16 INFO root] -0.6300245523452759 0.24556022882461548 0.9308245350297791
[16 INFO root] -0.6292900443077087 0.24655908346176147 0.8670055585825713
[16 INFO root] -0.62845379114151 0.24755659699440002 0.8025642006519459
[16 INFO root] -0.6275154948234558 0.24853980541229248 0.7389394159234355
[16 INFO root] -0.6264706254005432 0.24950353801250458 0.678449580301658
[16 INFO root] -0.6253427863121033 0.250423789024353 0.621994502251996
[16 INFO root] -0.624161422252655 0.25128087401390076 0.5700221223252294
[16 INFO root] -0.6229494214057922 0.25206679105758667 0.5226845441496353
[16 INFO root] -0.6217018365859985 0.25279340147972107 0.4799768726807737
[16 INFO root] -0.6204396486282349 0.2534574568271637 0.44192758449154945
[16 INFO root] -0.6191839575767517 0.25405755639076233 0.4084304236285725
[16 INFO root] -0.6179515719413757 0.25459596514701843 0.3792550908016551
[16 INFO root] -0.6167547702789307 0.25507715344429016 0.35409274966518595
[16 INFO root] -0.6156015396118164 0.2555069029331207 0.33259513070851476
[16 INFO root] -0.6144960522651672 0.2558915615081787 0.31440376277910226
[16 INFO root] -0.6134396195411682 0.25623732805252075 0.2991697808232381
[16 INFO root] -0.6124312877655029 0.2565501034259796 0.2865662960733361
[16 INFO root] -0.6114634871482849 0.2568366527557373 0.2775940571180982
[16 INFO root] -0.6105282306671143 0.2571040987968445 0.27359583660067166
[16 INFO root] -0.609622597694397 0.2573586404323578 0.274625625841479
[16 INFO root] -0.6087427735328674 0.2576064467430115 0.28052159593455495
[16 INFO root] -0.6078834533691406 0.2578534483909607 0.29105347407963433
[16 INFO root] -0.607038676738739 0.2581055462360382 0.3059328353646816
[16 INFO root] -0.6062020659446716 0.25836843252182007 0.3248250526644319
[16 INFO root] -0.6053676605224609 0.2586476504802704 0.34736240760003395
[16 INFO root] -0.6045302152633667 0.25894874334335327 0.37315776624758135
[16 INFO root] -0.6036857962608337 0.2592768669128418 0.40181204445870117
[16 INFO root] -0.6028319001197815 0.25963687896728516 0.43289767300988613
[16 INFO root] -0.6019676327705383 0.26003310084342957 0.4660064015001231
[16 INFO root] -0.6010936498641968 0.26046913862228394 0.500763848553671
[16 INFO root] -0.6002119183540344 0.2609478235244751 0.5368325836215113
[16 INFO root] -0.5993245840072632 0.261471688747406 0.5738540138297881
[16 INFO root] -0.5984136462211609 0.26205599308013916 0.609978440425984
[16 INFO root] -0.5974855422973633 0.26269984245300293 0.6447326643252848
[16 INFO root] -0.5965493321418762 0.2633988559246063 0.6778623863621723
[16 INFO root] -0.5956130027770996 0.26414772868156433 0.7091637470076687
[16 INFO root] -0.5946826934814453 0.26494109630584717 0.7385348768113639
[16 INFO root] -0.5937629342079163 0.26577356457710266 0.7659126300204919
[16 INFO root] -0.592857301235199 0.2666398584842682 0.791251775462558
[16 INFO root] -0.5919682383537292 0.26753488183021545 0.8145191140194903
[16 INFO root] -0.5910971760749817 0.2684538960456848 0.8356897076799916
[16 INFO root] -0.5902448892593384 0.2693925201892853 0.8547445507806986
[16 INFO root] -0.5894113779067993 0.27034685015678406 0.8716697150090325
[16 INFO root] -0.5885959267616272 0.271313339471817 0.8864568027982554
[16 INFO root] -0.5877975225448608 0.2722889482975006 0.899104394828071
[16 INFO root] -0.5870148539543152 0.2732709050178528 0.9096200896485181
[16 INFO root] -0.5862460732460022 0.2742568552494049 0.918022708610342
[16 INFO root] -0.5854955911636353 0.27523675560951233 0.9253167296906176
[16 INFO root] -0.5847631692886353 0.27620771527290344 0.9318799583733383
[16 INFO root] -0.5840473771095276 0.27716997265815735 0.9378125638613823
[16 INFO root] -0.5833465456962585 0.27812397480010986 0.9431854091540289
[16 INFO root] -0.5826593041419983 0.2790702283382416 0.9480614023103608
[16 INFO root] -0.581984281539917 0.28000932931900024 0.9524962875692635
[16 INFO root] -0.581368088722229 0.28087469935417175 0.9571936027553668
[16 INFO root] -0.5808264017105103 0.28164297342300415 0.9622004746329095
[16 INFO root] -0.5803586840629578 0.2823133170604706 0.9668758802191812
[16 INFO root] -0.5799508094787598 0.28290385007858276 0.9714476482879185
[16 INFO root] -0.5795897841453552 0.2834317684173584 0.97620092047655
[16 INFO root] -0.5792652368545532 0.28391119837760925 0.9813768888145057
[16 INFO root] -0.57896888256073 0.2843537926673889 0.9871849096548174
[16 INFO root] -0.578694224357605 0.284769207239151 0.9938121797235742
[16 INFO root] -0.5784358382225037 0.28516557812690735 1.0014305849663578
[16 INFO root] -0.5781893730163574 0.28554990887641907 1.0102034640078745
[16 INFO root] -0.5779492259025574 0.28593167662620544 1.0193158412204975
[16 INFO root] -0.5777087211608887 0.2863219082355499 1.0267151467865105
[16 INFO root] -0.5774664282798767 0.286721795797348 1.0323856064771446
[16 INFO root] -0.5772212743759155 0.2871316969394684 1.0365760602295604
[16 INFO root] -0.576972246170044 0.28755220770835876 1.039543394222125
[16 INFO root] -0.576718270778656 0.28798413276672363 1.0415430122023854
[16 INFO root] -0.5764654278755188 0.28841620683670044 1.042378743212703
[16 INFO root] -0.5762196779251099 0.28883710503578186 1.0418042421438989
[16 INFO root] -0.5759801864624023 0.2892468571662903 1.0399289764058866
[16 INFO root] -0.5757455825805664 0.2896466851234436 1.036891967392377
[16 INFO root] -0.5755146145820618 0.2900376617908478 1.0328217533655664
[16 INFO root] -0.5752863883972168 0.2904205322265625 1.0278368169380558
[16 INFO root] -0.5750601887702942 0.2907957434654236 1.0220497241064135
[16 INFO root] -0.5748356580734253 0.29116350412368774 1.0155644103752182
[16 INFO root] -0.5746126174926758 0.29152360558509827 1.0084741368768018
[16 INFO root] -0.5743911266326904 0.29187560081481934 1.000859884514553
[16 INFO root] -0.5741716027259827 0.29221877455711365 0.9927886678987772
[16 INFO root] -0.5739547610282898 0.29255175590515137 0.9843896605756197
[16 INFO root] -0.5737417340278625 0.29287293553352356 0.9758167974979576
[16 INFO root] -0.5735339522361755 0.2931806147098541 0.9671970723061997
[16 INFO root] -0.5733327269554138 0.2934730350971222 0.9586228379235968
[16 INFO root] -0.5731396675109863 0.2937484681606293 0.9501539863838765
[16 INFO root] -0.5729564428329468 0.29400527477264404 0.9418204333318964
[16 INFO root] -0.5727846622467041 0.29424184560775757 0.9336242362030533
[16 INFO root] -0.5726259350776672 0.29445669054985046 0.9255414487738941
[16 INFO root] -0.5724818706512451 0.2946484386920929 0.9175237143900697
[16 INFO root] -0.5723538994789124 0.29481592774391174 0.9094996450472213
[16 INFO root] -0.572243332862854 0.29495832324028015 0.9013760314660201
[16 INFO root] -0.5721511840820312 0.295074999332428 0.8930389192022424
[16 INFO root] -0.572078287601471 0.2951657772064209 0.884354544961933
[16 INFO root] -0.5720250010490417 0.295230895280838 0.8751701901400877
[16 INFO root] -0.5719915628433228 0.2952711284160614 0.8653149793418916
[16 INFO root] -0.571977436542511 0.29528772830963135 0.8546006034642473
[16 INFO root] -0.5719819664955139 0.2952825427055359 0.8428219817640283
[16 INFO root] -0.5720038414001465 0.2952579855918884 0.829757945017266
[16 INFO root] -0.5720412731170654 0.29521700739860535 0.8151719976646754
[16 INFO root] -0.5720919370651245 0.2951631546020508 0.7988133008818759
[16 INFO root] -0.5721527338027954 0.29510053992271423 0.7804182315850609
[16 INFO root] -0.5722199082374573 0.2950337827205658 0.7597129132154
[16 INFO root] -0.5722888708114624 0.29496800899505615 0.7363978985664706
[16 INFO root] -0.5723538994789124 0.2949087619781494 0.7101594749067304
[16 INFO root] -0.5724078416824341 0.2948620617389679 0.6806888988442985
[16 INFO root] -0.5724419951438904 0.2948341369628906 0.6476991064515435
[16 INFO root] -0.5724455118179321 0.2948313057422638 0.610944911226225
[16 INFO root] -0.5724052786827087 0.29485946893692017 0.570248266277252
[16 INFO root] -0.5723061561584473 0.2949233055114746 0.5255278913266686
[16 INFO root] -0.5721309781074524 0.2950255572795868 0.4768312835178352
[16 INFO root] -0.5718589425086975 0.2951672375202179 0.42438955465376726
[16 INFO root] -0.5714375376701355 0.2953594923019409 0.36902260172686924
[16 INFO root] -0.5708600878715515 0.29558566212654114 0.3113846741626434
[16 INFO root] -0.5701295733451843 0.2958246171474457 0.25218197272183285
[16 INFO root] -0.5692602396011353 0.296053409576416 0.1920043512535391
[16 INFO root] -0.5682699084281921 0.296251505613327 0.13138287899431184
[16 INFO root] -0.5671780109405518 0.2964020371437073 0.07083945783517134
[16 INFO root] -0.566006064414978 0.29649192094802856 0.011137254801163503
[16 INFO root] -0.5647799372673035 0.2965126633644104 -0.04629824171756413
[16 INFO root] -0.5635219216346741 0.29646143317222595 -0.1012049268752009
[16 INFO root] -0.5622509717941284 0.29633933305740356 -0.15348500358495712
[16 INFO root] -0.5609831213951111 0.29614996910095215 -0.20306335340880852
[16 INFO root] -0.5597320199012756 0.2958988547325134 -0.24988331313526085
[16 INFO root] -0.5585086345672607 0.2955927848815918 -0.29390451539989004
[16 INFO root] -0.5573219060897827 0.2952393889427185 -0.3351011791654777
[16 INFO root] -0.5561788082122803 0.29484671354293823 -0.3734599144432484
[16 INFO root] -0.5550844669342041 0.29442286491394043 -0.40897663833877507
[16 INFO root] -0.5540424585342407 0.2939757704734802 -0.44165259205154034
[16 INFO root] -0.5530349612236023 0.2935034930706024 -0.4714557128297618
[16 INFO root] -0.5520076751708984 0.2929835021495819 -0.4981944840750271
[16 INFO root] -0.5509606003761292 0.2924174666404724 -0.5217714412860028
[16 INFO root] -0.5498994588851929 0.29181063175201416 -0.5420959203589917
[16 INFO root] -0.5488287806510925 0.2911686897277832 -0.5590656198809187
[16 INFO root] -0.547752320766449 0.29049772024154663 -0.5725620940913096
[16 INFO root] -0.5466869473457336 0.28981301188468933 -0.5817835627371816
[16 INFO root] -0.5456357002258301 0.289122998714447 -0.5865525575301128
[16 INFO root] -0.5445985794067383 0.2884344458580017 -0.5868041149469169
[16 INFO root] -0.5435737371444702 0.28775304555892944 -0.582511793501386
[16 INFO root] -0.5425580143928528 0.28708329796791077 -0.5736899032421389
[16 INFO root] -0.5415468215942383 0.2864286005496979 -0.5603960382487628
[16 INFO root] -0.5405343174934387 0.2857913374900818 -0.5427332007613335
[16 INFO root] -0.5395135283470154 0.2851732075214386 -0.5208527969294691
[16 INFO root] -0.5384767651557922 0.2845754027366638 -0.49495788247076733
[16 INFO root] -0.5374157428741455 0.28399917483329773 -0.46530598118403843
[16 INFO root] -0.5363219380378723 0.2834460139274597 -0.43221113055739324
[16 INFO root] -0.5351858139038086 0.28291743993759155 -0.39683508346328783
[16 INFO root] -0.5340002775192261 0.28241580724716187 -0.3612542565704273
[16 INFO root] -0.5327658653259277 0.28194448351860046 -0.3259475036652024
[16 INFO root] -0.5314849615097046 0.28150656819343567 -0.2911993961337191
[16 INFO root] -0.5301610827445984 0.2811048924922943 -0.257282728063691
[16 INFO root] -0.5287986993789673 0.28074154257774353 -0.2244537718969282
[16 INFO root] -0.5274028778076172 0.28041812777519226 -0.19294809750711905
[16 INFO root] -0.5259791612625122 0.2801353633403778 -0.1629771271069714
[16 INFO root] -0.5245335102081299 0.2798932194709778 -0.13472560959353339
[16 INFO root] -0.5230718851089478 0.2796909213066101 -0.10835011701568918
[16 INFO root] -0.521600067615509 0.2795269191265106 -0.08397857040601936
[16 INFO root] -0.5201236605644226 0.27939900755882263 -0.06171071868852092
[16 INFO root] -0.5186478495597839 0.27930450439453125 -0.04161943177710731
[16 INFO root] -0.5171771049499512 0.27924031019210815 -0.02375263124321484
[16 INFO root] -0.5157155394554138 0.279202938079834 -0.008135668324619951
[16 INFO root] -0.5142665505409241 0.279188871383667 0.005226034535685575
[16 INFO root] -0.5128328800201416 0.2791944444179535 0.016344241842434933
[16 INFO root] -0.511420488357544 0.279215931892395 0.026363263350245768
[16 INFO root] -0.5100307464599609 0.2792511582374573 0.035571728828033326
[16 INFO root] -0.5086639523506165 0.2792985141277313 0.04403108484969816
[16 INFO root] -0.5073202252388 0.27935656905174255 0.05178389500418718
[16 INFO root] -0.5059998035430908 0.27942395210266113 0.0588670623285019
[16 INFO root] -0.5047028064727783 0.27949947118759155 0.06531257859674652
[16 INFO root] -0.5034294128417969 0.2795819044113159 0.07114821838911951
[16 INFO root] -0.5021799206733704 0.27967020869255066 0.07639816972563603
[16 INFO root] -0.5009543299674988 0.2797633707523346 0.08108359715350603
[16 INFO root] -0.499752938747406 0.2798604369163513 0.08522313653583014
[16 INFO root] -0.49857577681541443 0.2799604833126068 0.0888331679998619
[16 INFO root] -0.49742254614830017 0.28006279468536377 0.09193677168554971
[16 INFO root] -0.49629083275794983 0.28016677498817444 0.09459456491958797
[16 INFO root] -0.49517810344696045 0.2802720367908478 0.09686747126143444
[16 INFO root] -0.4940820336341858 0.2803782820701599 0.09880809711646844
[16 INFO root] -0.4930005371570587 0.28048527240753174 0.10046146043824526
[16 INFO root] -0.49193182587623596 0.28059282898902893 0.10186617015445712
[16 INFO root] -0.490874320268631 0.28070077300071716 0.10305541173185893
[16 INFO root] -0.48982661962509155 0.2808090150356293 0.1040577667849586
[16 INFO root] -0.4887874722480774 0.2809174060821533 0.10489789715829226
[16 INFO root] -0.48775580525398254 0.2810259461402893 0.10559711804198448
[16 INFO root] -0.4867306649684906 0.28113454580307007 0.10617387988879416
[16 INFO root] -0.4857112169265747 0.28124311566352844 0.10664417508275066
[16 INFO root] -0.48469674587249756 0.28135165572166443 0.1070218822686024
[16 INFO root] -0.4836865961551666 0.281460165977478 0.10731905882712761
[16 INFO root] -0.48268020153045654 0.2815685570240021 0.10754619004524132
[16 INFO root] -0.4816771149635315 0.2816768288612366 0.10771240197957643
[16 INFO root] -0.4806768596172333 0.28178495168685913 0.10782564376716348
[16 INFO root] -0.47967907786369324 0.28189295530319214 0.10789284413334636
[16 INFO root] -0.4786834418773651 0.2820007801055908 0.10792004603524362
[16 INFO root] -0.47768914699554443 0.28210851550102234 0.10792237219649571
[16 INFO root] -0.4766949415206909 0.28221622109413147 0.10792237219649571
[16 INFO root] -0.4757007658481598 0.2823239266872406 0.10792237219649571
[16 INFO root] -0.47470659017562866 0.2824316620826721 0.10792237219649571
[16 INFO root] -0.47371241450309753 0.28253936767578125 0.10792237219649571
[16 INFO root] -0.472718209028244 0.2826470732688904 0.10792237219649571
[16 INFO root] -0.4717240333557129 0.2827547788619995 0.10792237219649571
[16 INFO root] -0.47072985768318176 0.28286251425743103 0.10792237219649571
[16 INFO root] -0.46973568201065063 0.28297021985054016 0.10792237219649571
[16 INFO root] -0.4687415063381195 0.2830779254436493 0.10792237219649571
[16 INFO root] -0.467747300863266 0.2831856310367584 0.10792237219649571
[16 INFO root] -0.46675312519073486 0.28329336643218994 0.10792237219649571
[16 INFO root] -0.46575894951820374 0.2834010720252991 0.10792237219649571
[16 INFO root] -0.4647647738456726 0.2835087776184082 0.10792237219649571
[16 INFO root] -0.4637705981731415 0.28361648321151733 0.10792237219649571
[16 INFO root] -0.46277639269828796 0.28372421860694885 0.10792237219649571
[16 INFO root] -0.46178221702575684 0.283831924200058 0.10792237219649571
[16 INFO root] -0.4607880413532257 0.2839396297931671 0.10792237219649571
[16 INFO root] -0.4597938656806946 0.28404733538627625 0.10792237219649571
[16 INFO root] -0.45879966020584106 0.28415507078170776 0.10792237219649571
[16 INFO root] -0.45780548453330994 0.2842627763748169 0.10792237219649571
[16 INFO root] -0.4568113088607788 0.284370481967926 0.10792237219649571
[16 INFO root] -0.4558171331882477 0.28447818756103516 0.10792237219649571
[16 INFO root] -0.45482295751571655 0.2845859229564667 0.10792237219649571
[16 INFO root] -0.45382875204086304 0.2846936285495758 0.10792237219649571
[16 INFO root] -0.4528345763683319 0.28480133414268494 0.10792237219649571
[16 INFO root] -0.4518404006958008 0.28490903973579407 0.10792237219649571
[16 INFO root] -0.45084622502326965 0.2850167453289032 0.10792237219649571
[16 INFO root] -0.4498520493507385 0.2851244807243347 0.10792237219649571
[16 INFO root] -0.448857843875885 0.28523218631744385 0.10792237219649571
[16 INFO root] -0.4478756785392761 0.2853386104106903 0.1056806290616196
[16 INFO root] -0.4469253718852997 0.2854396402835846 0.0973634891059917
[16 INFO root] -0.4460044205188751 0.28553035855293274 0.08276604299884859
[16 INFO root] -0.44510433077812195 0.28560638427734375 0.062240093892732745
[16 INFO root] -0.44421395659446716 0.2856637239456177 0.03623126011606713
[16 INFO root] -0.443320631980896 0.28569844365119934 0.005245696619907675
[16 INFO root] -0.44241130352020264 0.2857059836387634 -0.03016936089191767
[16 INFO root] -0.44147351384162903 0.285680890083313 -0.06943595688332597
[16 INFO root] -0.4404960572719574 0.2856166362762451 -0.1119501799261006
[16 INFO root] -0.43946999311447144 0.285505473613739 -0.1570847602335523
[16 INFO root] -0.43838873505592346 0.28533896803855896 -0.20418056832529885
[16 INFO root] -0.43724697828292847 0.28510782122612 -0.2524881991767537
[16 INFO root] -0.4360463321208954 0.28480392694473267 -0.30136799008423265
[16 INFO root] -0.4347917437553406 0.28442031145095825 -0.35019883595865037
[16 INFO root] -0.4334907531738281 0.283951997756958 -0.3983751838293717
[16 INFO root] -0.43215295672416687 0.2833962142467499 -0.4453329687211339
[16 INFO root] -0.4307888448238373 0.28275266289711 -0.4906054173603346
[16 INFO root] -0.42944297194480896 0.2820415198802948 -0.5341642092549114
[16 INFO root] -0.42819979786872864 0.28131383657455444 -0.5768493490575504
[16 INFO root] -0.4270530343055725 0.2805749773979187 -0.6186886239768654
[16 INFO root] -0.42598819732666016 0.27982383966445923 -0.659590380606054
[16 INFO root] -0.4249943792819977 0.27905988693237305 -0.699471795421108
[16 INFO root] -0.4240635335445404 0.2782832086086273 -0.7382652641642453
[16 INFO root] -0.42318955063819885 0.27749428153038025 -0.7759194568122382
[16 INFO root] -0.42236754298210144 0.2766939401626587 -0.8123987382251763
[16 INFO root] -0.4215936064720154 0.2758830785751343 -0.8476813963505064
[16 INFO root] -0.4208642244338989 0.2750626504421234 -0.8817569984079437
[16 INFO root] -0.42017629742622375 0.2742333710193634 -0.9146231629862623
[16 INFO root] -0.4195269048213959 0.2733958065509796 -0.9462814597465867
[16 INFO root] -0.4189132750034332 0.272550106048584 -0.9767326123787705
[16 INFO root] -0.4183327257633209 0.2716962993144989 -1.0059756970457148
[16 INFO root] -0.4177820384502411 0.27083295583724976 -1.0340394849502141
[16 INFO root] -0.41725823283195496 0.2699582278728485 -1.0609534983532176
[16 INFO root] -0.4167587161064148 0.2690705358982086 -1.0867295549096074
[16 INFO root] -0.4162815809249878 0.26816868782043457 -1.1113592374007497
[16 INFO root] -0.4158252477645874 0.26725202798843384 -1.1348142031179214
[16 INFO root] -0.4153885543346405 0.2663203477859497 -1.1570467642893651
[16 INFO root] -0.4149704575538635 0.2653738856315613 -1.1779906949753292
[16 INFO root] -0.414570152759552 0.26441338658332825 -1.1975623289893564
[16 INFO root] -0.4141868054866791 0.26344001293182373 -1.2156639610839892
[16 INFO root] -0.41381964087486267 0.26245540380477905 -1.232187550018655
[16 INFO root] -0.41346773505210876 0.26146143674850464 -1.2470179958306329
[16 INFO root] -0.41313010454177856 0.26046022772789 -1.2600360927152834
[16 INFO root] -0.4128054976463318 0.25945407152175903 -1.2711209555848955
[16 INFO root] -0.4124926030635834 0.25844529271125793 -1.280152113817931
[16 INFO root] -0.4121897518634796 0.2574361562728882 -1.287011342071772
[16 INFO root] -0.41189518570899963 0.2564287781715393 -1.2915842696441757
[16 INFO root] -0.41160693764686584 0.2554250955581665 -1.293761858526605
[16 INFO root] -0.41132283210754395 0.2544267773628235 -1.2934418866271593
[16 INFO root] -0.4110405445098877 0.2534351348876953 -1.290530595826875
[16 INFO root] -0.4107576012611389 0.2524510324001312 -1.2849446564817193
[16 INFO root] -0.4104713499546051 0.2514750361442566 -1.2766135575073942
[16 INFO root] -0.4101790189743042 0.2505072355270386 -1.265482457294392
[16 INFO root] -0.4098776578903198 0.2495473027229309 -1.2515154356840492
[16 INFO root] -0.40956419706344604 0.24859467148780823 -1.2346989880156516
[16 INFO root] -0.4092348515987396 0.24764683842658997 -1.2150683906615585
[16 INFO root] -0.40888550877571106 0.24670089781284332 -1.192699273017279
[16 INFO root] -0.4085119366645813 0.24575425684452057 -1.167703452812346
[16 INFO root] -0.4081098437309265 0.24480488896369934 -1.1402299157288458
[16 INFO root] -0.40767502784729004 0.2438514530658722 -1.1104651091418174
[16 INFO root] -0.40720343589782715 0.24289336800575256 -1.0786313791597382
[16 INFO root] -0.4066912829875946 0.24193094670772552 -1.0449838081661145
[16 INFO root] -0.406135231256485 0.24096539616584778 -1.0098057442856305
[16 INFO root] -0.40551894903182983 0.23997721076011658 -0.9740266774242975
[16 INFO root] -0.4048396944999695 0.23896995186805725 -0.938155858686242
[16 INFO root] -0.40409812331199646 0.2379511147737503 -0.9026449576901411
[16 INFO root] -0.4032970070838928 0.23692883551120758 -0.8679212324252894
[16 INFO root] -0.40244102478027344 0.23591145873069763 -0.8343694084818657
[16 INFO root] -0.40153640508651733 0.23490695655345917 -0.8023183376593485
[16 INFO root] -0.40059077739715576 0.23392252624034882 -0.7720329256284774
[16 INFO root] -0.3996124565601349 0.23296426236629486 -0.7437103847045282
[16 INFO root] -0.39861005544662476 0.23203685879707336 -0.7174790517103284
[16 INFO root] -0.39759188890457153 0.23114363849163055 -0.693405701091278
[16 INFO root] -0.3965657651424408 0.2302866131067276 -0.6715068558620461
[16 INFO root] -0.3955386281013489 0.22946661710739136 -0.6517596250508871
[16 INFO root] -0.39451655745506287 0.22868353128433228 -0.6341116021829549
[16 INFO root] -0.3935045897960663 0.22793646156787872 -0.6184895925889571
[16 INFO root] -0.3925067186355591 0.2272239476442337 -0.6048069239655594
[16 INFO root] -0.3915260434150696 0.22654405236244202 -0.5929692722032258
[16 INFO root] -0.3905647397041321 0.22589457035064697 -0.5828790885802342
[16 INFO root] -0.38962429761886597 0.22527313232421875 -0.5744388066011566
[16 INFO root] -0.38870540261268616 0.22467726469039917 -0.5675530465614532
[16 INFO root] -0.38780832290649414 0.22410444915294647 -0.5621300382497761
[16 INFO root] -0.38693273067474365 0.22355222702026367 -0.5580824622526753
[16 INFO root] -0.38607802987098694 0.22301816940307617 -0.5553278788015575
[16 INFO root] -0.38524332642555237 0.22249993681907654 -0.5537888774637187
[16 INFO root] -0.3844274878501892 0.2219953089952469 -0.553393046766662
[16 INFO root] -0.38362929224967957 0.2215021401643753 -0.5540728330194669
[16 INFO root] -0.382847398519516 0.221018448472023 -0.5557653332357054
[16 INFO root] -0.3820805251598358 0.22054234147071838 -0.5584120482065554
[16 INFO root] -0.3813130259513855 0.22006314992904663 -0.5612503406001469
[16 INFO root] -0.3805309236049652 0.21957173943519592 -0.5635703054686028
[16 INFO root] -0.37973326444625854 0.21906793117523193 -0.5653111357346265
[16 INFO root] -0.3789207339286804 0.21855267882347107 -0.5664888395230041
[16 INFO root] -0.378093957901001 0.21802696585655212 -0.5671246650368573
[16 INFO root] -0.3772536814212799 0.21749183535575867 -0.567244474864396
[16 INFO root] -0.3764069676399231 0.21695242822170258 -0.5674950143654495
[16 INFO root] -0.3755345642566681 0.21639634668827057 -0.5695240291297616
[16 INFO root] -0.37463605403900146 0.2158212959766388 -0.573411020606678
[16 INFO root] -0.3737139105796814 0.21522627770900726 -0.5790128963989608
[16 INFO root] -0.3727859854698181 0.21462036669254303 -0.5854829092517028
[16 INFO root] -0.37186557054519653 0.21401095390319824 -0.592185393759155
[16 INFO root] -0.37095513939857483 0.21339939534664154 -0.5989713173107547
[16 INFO root] -0.3700558841228485 0.21278642117977142 -0.6057537982133041
[16 INFO root] -0.3691686987876892 0.21217283606529236 -0.6124562075435364
[16 INFO root] -0.3682943284511566 0.21155941486358643 -0.6190132764797655
[16 INFO root] -0.3674333989620209 0.2109469175338745 -0.6253720990321454
[16 INFO root] -0.36658617854118347 0.21033601462841034 -0.6314924959097499
[16 INFO root] -0.36575278639793396 0.20972725749015808 -0.6373468403485812
[16 INFO root] -0.3649331033229828 0.20912109315395355 -0.6429194560694916
[16 INFO root] -0.3641268014907837 0.20851781964302063 -0.6482045851106613
[16 INFO root] -0.36333346366882324 0.20791761577129364 -0.6532037661971197
[16 INFO root] -0.3625524342060089 0.20732054114341736 -0.6579248458675301
[16 INFO root] -0.361782968044281 0.20672652125358582 -0.6623814156822909
[16 INFO root] -0.36102429032325745 0.2061353325843811 -0.6665920929632964
[16 INFO root] -0.36027535796165466 0.20554664731025696 -0.6705802325328898
[16 INFO root] -0.35953423380851746 0.20495927333831787 -0.6744207605413972
[16 INFO root] -0.35879963636398315 0.20437246561050415 -0.678158454436391
[16 INFO root] -0.35807132720947266 0.20378616452217102 -0.6817926617562238
[16 INFO root] -0.35734933614730835 0.20320062339305878 -0.6853088852503416
[16 INFO root] -0.35663384199142456 0.2026161402463913 -0.6886882792455441
[16 INFO root] -0.3559250235557556 0.20203308761119843 -0.6919113062029268
[16 INFO root] -0.35522302985191345 0.20145182311534882 -0.6949606207187576
[16 INFO root] -0.35452792048454285 0.20087267458438873 -0.6978231536464826
[16 INFO root] -0.353839635848999 0.2002958357334137 -0.7004915028979701
[16 INFO root] -0.35315799713134766 0.19972142577171326 -0.7029648145261218
[16 INFO root] -0.3524825870990753 0.19914939999580383 -0.7052493001859046
[16 INFO root] -0.3518128991127014 0.1985795646905899 -0.7073584936551444
[16 INFO root] -0.35114821791648865 0.19801153242588043 -0.7093133108724481
[16 INFO root] -0.350487619638443 0.19744475185871124 -0.711141944878141
[16 INFO root] -0.3498300611972809 0.19687844812870026 -0.7128795991769531
[16 INFO root] -0.34917429089546204 0.19631171226501465 -0.7145680410942361
[16 INFO root] -0.3485189378261566 0.1957433819770813 -0.7162549419824713
[16 INFO root] -0.34786248207092285 0.19517214596271515 -0.7179929653229038
[16 INFO root] -0.3472033143043518 0.1945965439081192 -0.7198385856973808
[16 INFO root] -0.3465397357940674 0.19401496648788452 -0.7218508555404151
[16 INFO root] -0.3458700478076935 0.19342565536499023 -0.7240898514139098
[16 INFO root] -0.34517496824264526 0.19281123578548431 -0.7252543077878303
[16 INFO root] -0.3444475829601288 0.19216662645339966 -0.7248599629980472
[16 INFO root] -0.3436882495880127 0.19149401783943176 -0.7229691745411749
[16 INFO root] -0.34289735555648804 0.1907959282398224 -0.7197148386373492
[16 INFO root] -0.34207484126091003 0.19007448852062225 -0.7152487178029937
[16 INFO root] -0.3412204682826996 0.18933163583278656 -0.7097384584006975
[16 INFO root] -0.3403340280056 0.1885693073272705 -0.7033653673084551
[16 INFO root] -0.3394157290458679 0.18778955936431885 -0.6963223019009529
[16 INFO root] -0.33846616744995117 0.18699459731578827 -0.6888113497056364
[16 INFO root] -0.33748659491539 0.18618685007095337 -0.6810410838496381
[16 INFO root] -0.3364788293838501 0.18536891043186188 -0.6732233026311454
[16 INFO root] -0.33544549345970154 0.18454350531101227 -0.6655542235831527
[16 INFO root] -0.3343897759914398 0.18371343612670898 -0.6582139679318683
[16 INFO root] -0.3333156108856201 0.18288157880306244 -0.6513770117707376
[16 INFO root] -0.3322274088859558 0.18205079436302185 -0.6452117023450301
[16 INFO root] -0.33112990856170654 0.18122369050979614 -0.6398765673416168
[16 INFO root] -0.33002805709838867 0.18040259182453156 -0.6355168501741062
[16 INFO root] -0.32892659306526184 0.1795894205570221 -0.6322618213832175
[16 INFO root] -0.32783013582229614 0.17878560721874237 -0.6302230850945352
[16 INFO root] -0.32674285769462585 0.17799215018749237 -0.6294938850909747
[16 INFO root] -0.32566845417022705 0.17720948159694672 -0.6301510674403952
[16 INFO root] -0.3246099054813385 0.17643754184246063 -0.6322586453560342
[16 INFO root] -0.3235686421394348 0.17567509412765503 -0.6358317288264635
[16 INFO root] -0.32254472374916077 0.17491991817951202 -0.6408361805798578
[16 INFO root] -0.3215380609035492 0.17416991293430328 -0.6472269286759664
[16 INFO root] -0.32054874300956726 0.17342312633991241 -0.6549561716073939
[16 INFO root] -0.31955352425575256 0.1726599782705307 -0.6631085543420487
[16 INFO root] -0.318550705909729 0.17187798023223877 -0.6714483685204478
[16 INFO root] -0.3175426423549652 0.17107830941677094 -0.6798756918855209
[16 INFO root] -0.31653156876564026 0.17026227712631226 -0.6883096714046143
[16 INFO root] -0.31551939249038696 0.1694311946630478 -0.6966836687362897
[16 INFO root] -0.31450778245925903 0.16858628392219543 -0.7049434004661326
[16 INFO root] -0.3134981393814087 0.1677287369966507 -0.713045177680551
[16 INFO root] -0.31249165534973145 0.1668597012758255 -0.7209543632838024
[16 INFO root] -0.3114892840385437 0.165980264544487 -0.7286440198167317
[16 INFO root] -0.3104918599128723 0.16509145498275757 -0.7360937244894437
[16 INFO root] -0.3095000088214874 0.1641942411661148 -0.7432885333232488
[16 INFO root] -0.3085143268108368 0.16328956186771393 -0.7502180794776162
[16 INFO root] -0.30753517150878906 0.16237826645374298 -0.7568757927181925
[16 INFO root] -0.3065629005432129 0.16146114468574524 -0.7632582281252396
[16 INFO root] -0.305597722530365 0.1605389565229416 -0.7693644929117256
[16 INFO root] -0.3046397864818573 0.15961240231990814 -0.7751957608334232
[16 INFO root] -0.30368921160697937 0.15868213772773743 -0.7807548642452766
[16 INFO root] -0.30274608731269836 0.157748743891716 -0.7860459544399572
[16 INFO root] -0.3018103539943695 0.15681280195713043 -0.7910742215090715
[16 INFO root] -0.3008820414543152 0.1558748334646225 -0.7958456655890933
[16 INFO root] -0.29996106028556824 0.1549353152513504 -0.8003669119806152
[16 INFO root] -0.2990473806858063 0.15399470925331116 -0.8046450632494949
[16 INFO root] -0.29814088344573975 0.153053417801857 -0.8086875820250392
[16 INFO root] -0.2972414493560791 0.15211185812950134 -0.8125021988017109
[16 INFO root] -0.2963489890098572 0.15117037296295166 -0.816096839629584
[16 INFO root] -0.29546335339546204 0.1502293199300766 -0.8194795691499752
[16 INFO root] -0.2945847511291504 0.1492893248796463 -0.8226507078630719
[16 INFO root] -0.29371336102485657 0.1483510583639145 -0.8256098873460083
[16 INFO root] -0.29284921288490295 0.14741504192352295 -0.8283627164584646
[16 INFO root] -0.2919921576976776 0.1464814841747284 -0.8309210282172076
[16 INFO root] -0.2911417782306671 0.1455504149198532 -0.8333015437011975
[16 INFO root] -0.29029765725135803 0.14462172985076904 -0.8355238999677433
[16 INFO root] -0.2894592583179474 0.1436951756477356 -0.8376089309264401
[16 INFO root] -0.2886260449886322 0.14277048408985138 -0.8395774221861225
[16 INFO root] -0.28779760003089905 0.1418473720550537 -0.8414492532988841
[16 INFO root] -0.2869734466075897 0.1409255862236023 -0.843242822783049
[16 INFO root] -0.28615325689315796 0.14000490307807922 -0.8449746778860038
[16 INFO root] -0.2853367328643799 0.13908512890338898 -0.8466592937760233
[16 INFO root] -0.28452372550964355 0.13816618919372559 -0.8483089632504178
[16 INFO root] -0.2837141454219818 0.13724803924560547 -0.8499337695130477
[16 INFO root] -0.2829079329967499 0.1363307386636734 -0.8515416224300821
[16 INFO root] -0.2821052074432373 0.13541440665721893 -0.8531383439660147
[16 INFO root] -0.28130605816841125 0.13449923694133759 -0.854727792027587
[16 INFO root] -0.2805107533931732 0.13358552753925323 -0.8563120142852435
[16 INFO root] -0.2797195315361023 0.13267360627651215 -0.8578914251133478
[16 INFO root] -0.27893272042274475 0.13176386058330536 -0.8594649998715616
[16 INFO root] -0.27815067768096924 0.13085675239562988 -0.8610303684208508
[16 INFO root] -0.27737343311309814 0.1299523413181305 -0.8625932970540069
[16 INFO root] -0.276600182056427 0.12904971837997437 -0.8641792563340753
[16 INFO root] -0.27583029866218567 0.1281481385231018 -0.8658091293437791
[16 INFO root] -0.2750634551048279 0.1272471696138382 -0.8674948287505634
[16 INFO root] -0.2742995619773865 0.126346617937088 -0.869241079462939
[16 INFO root] -0.2735387980937958 0.12544655799865723 -0.8710473489970029
[16 INFO root] -0.2727813124656677 0.12454713135957718 -0.8729094643875577
[16 INFO root] -0.27202746272087097 0.12364860624074936 -0.8748209516448501
[16 INFO root] -0.271277517080307 0.12275129556655884 -0.876774133040313
[16 INFO root] -0.2705318033695221 0.1218554824590683 -0.878761005797926
[16 INFO root] -0.26979056000709534 0.12096145004034042 -0.8807739404823445
[16 INFO root] -0.26905399560928345 0.12006941437721252 -0.8828062235996499
[16 INFO root] -0.26832225918769836 0.11917953938245773 -0.8848524483528019
[16 INFO root] -0.2675953507423401 0.11829188466072083 -0.8869087593498296
[16 INFO root] -0.2668733298778534 0.1174064427614212 -0.8889729610580658
[16 INFO root] -0.26615601778030396 0.11652310937643051 -0.8910445021997402
[16 INFO root] -0.2654433250427246 0.11564170569181442 -0.8931243494559252
[16 INFO root] -0.26473569869995117 0.11476284265518188 -0.8951886707911114
[16 INFO root] -0.26403746008872986 0.11389195173978806 -0.8970684213665633
[16 INFO root] -0.26334819197654724 0.11302892118692398 -0.8987624416105426
[16 INFO root] -0.2626669704914093 0.112172931432724 -0.900290490633993
[16 INFO root] -0.26199281215667725 0.11132317036390305 -0.9016714842579525
[16 INFO root] -0.261324942111969 0.11047888547182083 -0.9029230072211246
[16 INFO root] -0.2606625556945801 0.10963936895132065 -0.9040609260218812
[16 INFO root] -0.26000502705574036 0.10880402475595474 -0.9050989969729302
[16 INFO root] -0.25935178995132446 0.10797235369682312 -0.906048499781351
[16 INFO root] -0.25870242714881897 0.10714398324489594 -0.9069179274515932
[16 INFO root] -0.2580564320087433 0.1063183844089508 -0.9077189432335917
[16 INFO root] -0.2574128210544586 0.10549447685480118 -0.9084752059418605
[16 INFO root] -0.2567708194255829 0.10467135906219482 -0.9092060641633428
[16 INFO root] -0.25613000988960266 0.10384850203990936 -0.909922868211112
[16 INFO root] -0.25549018383026123 0.10302571207284927 -0.9106295718966755
[16 INFO root] -0.25485143065452576 0.10220310091972351 -0.9113238140349483
[16 INFO root] -0.25421401858329773 0.10138101130723953 -0.9119981077831336
[16 INFO root] -0.2535783052444458 0.10055998712778091 -0.9126410594949356
[16 INFO root] -0.25294479727745056 0.09974071383476257 -0.9132385492658083
[16 INFO root] -0.252314031124115 0.09892395883798599 -0.9137748147941367
[16 INFO root] -0.2516865134239197 0.09811053425073624 -0.914233399771429
[16 INFO root] -0.25106281042099 0.09730125218629837 -0.914597947126855
[16 INFO root] -0.25044333934783936 0.09649685025215149 -0.9148545264767115
[16 INFO root] -0.24982769787311554 0.09569695591926575 -0.9150121096973483
[16 INFO root] -0.24921531975269318 0.09490103274583817 -0.9150833602014848
[16 INFO root] -0.2486053705215454 0.09410812705755234 -0.9150896347188775
[16 INFO root] -0.24799564480781555 0.09331551194190979 -0.9150896347188775
[16 INFO root] -0.2473859339952469 0.09252289682626724 -0.9150896347188775
[16 INFO root] -0.24677620828151703 0.0917302742600441 -0.9150896347188775
[16 INFO root] -0.24616648256778717 0.09093765914440155 -0.9150896347188775
[16 INFO root] -0.2455567717552185 0.090145044028759 -0.9150896347188775
[16 INFO root] -0.24494704604148865 0.08935242146253586 -0.9150896347188775
[16 INFO root] -0.24433733522891998 0.08855980634689331 -0.9150896347188775
[16 INFO root] -0.24372760951519012 0.08776719123125076 -0.9150896347188775
[16 INFO root] -0.24311788380146027 0.08697457611560822 -0.9150896347188775
[16 INFO root] -0.2425081729888916 0.08618195354938507 -0.9150896347188775
[16 INFO root] -0.24189844727516174 0.08538933843374252 -0.9150896347188775
[16 INFO root] -0.24128873646259308 0.08459672331809998 -0.9150896347188775
[16 INFO root] -0.24067901074886322 0.08380410820245743 -0.9150896347188775
[16 INFO root] -0.24006928503513336 0.08301148563623428 -0.9150896347188775
[16 INFO root] -0.2394595742225647 0.08221887052059174 -0.9150896347188775
[16 INFO root] -0.23884984850883484 0.08142625540494919 -0.9150896347188775
[16 INFO root] -0.23824013769626617 0.08063363283872604 -0.9150896347188775
[16 INFO root] -0.23763078451156616 0.0798414945602417 -0.9140462231120425
[16 INFO root] -0.2370210438966751 0.07905039936304092 -0.9117391838428591
[16 INFO root] -0.23640978336334229 0.0782608762383461 -0.9082069313959592
[16 INFO root] -0.2357957512140274 0.07747335731983185 -0.9035138296132708
[16 INFO root] -0.23517775535583496 0.07668817788362503 -0.8977316754722358
[16 INFO root] -0.23455455899238586 0.07590557634830475 -0.8909377823988138
[16 INFO root] -0.2339250147342682 0.07512576133012772 -0.8832135966034702
[16 INFO root] -0.2332879900932312 0.07434889674186707 -0.8746436972500465
[16 INFO root] -0.23264245688915253 0.07357513904571533 -0.8653150666668064
[16 INFO root] -0.23198746144771576 0.07280464470386505 -0.8553165413148043
[16 INFO root] -0.23132215440273285 0.07203759253025055 -0.844738374612909
[16 INFO root] -0.23065784573554993 0.07128775119781494 -0.8331635949955954
[16 INFO root] -0.230007141828537 0.07056998461484909 -0.8200808337181587
[16 INFO root] -0.22936834394931793 0.06988341361284256 -0.8055441584060425
[16 INFO root] -0.2287384271621704 0.06922563910484314 -0.7896607047024515
[16 INFO root] -0.2281147688627243 0.06859458982944489 -0.7725241074247792
[16 INFO root] -0.22749504446983337 0.06798849254846573 -0.7542182710845525
[16 INFO root] -0.22687716782093048 0.0674058273434639 -0.7348205578762964
[16 INFO root] -0.22625930607318878 0.06684529036283493 -0.7144040769024287
[16 INFO root] -0.22563979029655457 0.06630577892065048 -0.6930394230183986
[16 INFO root] -0.22501711547374725 0.06578640639781952 -0.6707960216589344
[16 INFO root] -0.22439000010490417 0.06528645008802414 -0.6477431666110216
[16 INFO root] -0.22375726699829102 0.06480538100004196 -0.6239508055283282
[16 INFO root] -0.22311240434646606 0.064338818192482 -0.5997244416577046
[16 INFO root] -0.22244851291179657 0.06388255953788757 -0.5754313980027611
[16 INFO root] -0.22176586091518402 0.06343741714954376 -0.5511792742419113
[16 INFO root] -0.2210657000541687 0.06300468742847443 -0.5270474041106452
[16 INFO root] -0.22034940123558044 0.06258553266525269 -0.503119092822805
[16 INFO root] -0.21961846947669983 0.06218098849058151 -0.4794809067044061
[16 INFO root] -0.2188744992017746 0.061791934072971344 -0.4562214856731979
[16 INFO root] -0.21811924874782562 0.06141911819577217 -0.4334303423619818
[16 INFO root] -0.21735459566116333 0.06106313318014145 -0.41119665499880353
[16 INFO root] -0.2165825068950653 0.0607244148850441 -0.38960806664296266
[16 INFO root] -0.2158050537109375 0.06040323153138161 -0.368749511715079
[16 INFO root] -0.21502439677715302 0.060099683701992035 -0.3487020952620973
[16 INFO root] -0.21423770487308502 0.05981189012527466 -0.3292475393452071
[16 INFO root] -0.2134326845407486 0.059535104781389236 -0.3096582548781044
[16 INFO root] -0.21260789036750793 0.05926945433020592 -0.2898565521720089
[16 INFO root] -0.21176312863826752 0.059015706181526184 -0.2698430904920844
[16 INFO root] -0.21089819073677063 0.058774638921022415 -0.2496238682329008
[16 INFO root] -0.2100127935409546 0.058547038584947586 -0.22921077341132204
[16 INFO root] -0.2091066539287567 0.058333706110715866 -0.20862140543022442
[16 INFO root] -0.2081795334815979 0.058135468512773514 -0.18787868203309388
[16 INFO root] -0.20723117887973785 0.057953160256147385 -0.16701012636927967
[16 INFO root] -0.20626142621040344 0.057787634432315826 -0.14604669512758878
[16 INFO root] -0.2052702158689499 0.057639747858047485 -0.1250209827302005
[16 INFO root] -0.20425759255886078 0.05751035362482071 -0.10396462494639469
[16 INFO root] -0.20322367548942566 0.057400308549404144 -0.08290475079153599
[16 INFO root] -0.2021687775850296 0.057310450822114944 -0.06185943230820065
[16 INFO root] -0.20109328627586365 0.05724160373210907 -0.04083231079211512
[16 INFO root] -0.1999976933002472 0.05719456821680069 -0.01980698794831374
[16 INFO root] -0.19888246059417725 0.057170167565345764 0.0012576312747540792
[16 INFO root] -0.19774802029132843 0.05716923996806145 0.022429190467437223
[16 INFO root] -0.19659464061260223 0.05719270557165146 0.04379866873415719
[16 INFO root] -0.19542233645915985 0.057241614907979965 0.0654702117966525
[16 INFO root] -0.19423076510429382 0.057317186146974564 0.08754367261398549
[16 INFO root] -0.1930193454027176 0.05742086097598076 0.11009208788164872
[16 INFO root] -0.19178728759288788 0.05755428597331047 0.13313881720175455
[16 INFO root] -0.19053374230861664 0.057719290256500244 0.15664004651091437
[16 INFO root] -0.18925811350345612 0.05791774019598961 0.18047704624759503
[16 INFO root] -0.1879602074623108 0.058151423931121826 0.20445962293852063
[16 INFO root] -0.18664048612117767 0.05842183902859688 0.22833925292990237
[16 INFO root] -0.18530015647411346 0.05873001366853714 0.25182826188442636
[16 INFO root] -0.18394117057323456 0.059076324105262756 0.274620972465563
[16 INFO root] -0.18256613612174988 0.05946039780974388 0.29641143734187303
[16 INFO root] -0.18117819726467133 0.05988103151321411 0.31690891243285035
[16 INFO root] -0.17978081107139587 0.06033618748188019 0.3358500741175831
[16 INFO root] -0.17842213809490204 0.06080751121044159 0.3528472100472626
[16 INFO root] -0.17715707421302795 0.061270784586668015 0.367690503284668
[16 INFO root] -0.17598660290241241 0.06171953305602074 0.38049398921037864
[16 INFO root] -0.17490488290786743 0.0621504932641983 0.39140790556939486
[16 INFO root] -0.17390574514865875 0.06256146728992462 0.4005726177323235
[16 INFO root] -0.17298300564289093 0.06295115500688553 0.40810802133339535
[16 INFO root] -0.1721305102109909 0.06331894546747208 0.41410436321579513
[16 INFO root] -0.17134223878383636 0.06366480141878128 0.418622830441352
[16 INFO root] -0.17061230540275574 0.06398914009332657 0.4216985143285444
[16 INFO root] -0.16993510723114014 0.06429267674684525 0.42335760187316696
[16 INFO root] -0.16930533945560455 0.06457632035017014 0.4235991583955435
[16 INFO root] -0.16871769726276398 0.06484126299619675 0.42239330660629615
[16 INFO root] -0.16816703975200653 0.06508884578943253 0.41968237088146676
[16 INFO root] -0.16764849424362183 0.06532039493322372 0.41538244055756285
[16 INFO root] -0.16715750098228455 0.06553720682859421 0.40938709363340225
[16 INFO root] -0.16668973863124847 0.06574051827192307 0.401572266901797
[16 INFO root] -0.16624101996421814 0.06593149155378342 0.3918019105550525
[16 INFO root] -0.16580726206302643 0.06611122190952301 0.37993435642838935
[16 INFO root] -0.16538429260253906 0.06628072261810303 0.36582932876116997
[16 INFO root] -0.16496793925762177 0.06644091010093689 0.3493554947251638
[16 INFO root] -0.16455382108688354 0.06659254431724548 0.3303983700265421
[16 INFO root] -0.16413775086402893 0.0667361319065094 0.3088492098026833
[16 INFO root] -0.16371549665927887 0.06687185168266296 0.2846359999445207
[16 INFO root] -0.16328290104866028 0.06699953973293304 0.2577342541852508
[16 INFO root] -0.16283585131168365 0.06711863726377487 0.2281705191292669
[16 INFO root] -0.1623704582452774 0.06722811609506607 0.19602454426560662
[16 INFO root] -0.16188326478004456 0.06732643395662308 0.16143016573475089
[16 INFO root] -0.1613713502883911 0.06741154193878174 0.12457445438821607
[16 INFO root] -0.16083265841007233 0.06748093664646149 0.0856947377869359
[16 INFO root] -0.16026608645915985 0.06753173470497131 0.04507135805836549
[16 INFO root] -0.15967096388339996 0.06756090372800827 0.002986944839418526
[16 INFO root] -0.159047469496727 0.06756528466939926 -0.04027995574308805
[16 INFO root] -0.15839676558971405 0.06754177063703537 -0.08445900224233385
[16 INFO root] -0.15772277116775513 0.06748760491609573 -0.12866907887382253
[16 INFO root] -0.1570335477590561 0.0674014613032341 -0.1718348776988694
[16 INFO root] -0.15633624792099 0.067283496260643 -0.21378834972096025
[16 INFO root] -0.15563710033893585 0.06713474541902542 -0.2544906468881542
[16 INFO root] -0.1549413800239563 0.0669567734003067 -0.29392697980950044
[16 INFO root] -0.15425337851047516 0.06675148010253906 -0.33209860154925347
[16 INFO root] -0.1535765677690506 0.06652096658945084 -0.36901528000443556
[16 INFO root] -0.1529136300086975 0.06626741588115692 -0.40468900735702756
[16 INFO root] -0.15226665139198303 0.0659930482506752 -0.4391291800252716
[16 INFO root] -0.1516372263431549 0.06570006906986237 -0.4723393078160105
[16 INFO root] -0.15102656185626984 0.06539066135883331 -0.504315205629504
[16 INFO root] -0.15043556690216064 0.06506697088479996 -0.5350445479821527
[16 INFO root] -0.14986488223075867 0.06473112106323242 -0.5645076150913899
[16 INFO root] -0.1493149697780609 0.06438519060611725 -0.5926793052505224
[16 INFO root] -0.14878599345684052 0.06403116136789322 -0.6195315423370243
[16 INFO root] -0.14827796816825867 0.06367092579603195 -0.6450359346616875
[16 INFO root] -0.1477905660867691 0.06330619752407074 -0.6691666628610135
[16 INFO root] -0.14732326567173004 0.06293846666812897 -0.6919034214323454
[16 INFO root] -0.14687277376651764 0.06256697326898575 -0.7133021139137412
[16 INFO root] -0.14641310274600983 0.06217087432742119 -0.7340501027335348
[16 INFO root] -0.14594286680221558 0.06174831464886665 -0.7542037309374853
[16 INFO root] -0.1454637199640274 0.061299920082092285 -0.7737555937863771
[16 INFO root] -0.14497725665569305 0.06082645803689957 -0.792706880394058
[16 INFO root] -0.1444850116968155 0.060328803956508636 -0.8110666182759727
[16 INFO root] -0.14398841559886932 0.0598079115152359 -0.8288512555568204
[16 INFO root] -0.1434888392686844 0.059264812618494034 -0.8460838158377085
[16 INFO root] -0.14298753440380096 0.0587005615234375 -0.8627927681493665
[16 INFO root] -0.1424856334924698 0.05811621993780136 -0.8790107290579326
[16 INFO root] -0.14198419451713562 0.05751283839344978 -0.8947730902118087
[16 INFO root] -0.14148418605327606 0.05689143389463425 -0.9101166482733113
[16 INFO root] -0.14098641276359558 0.056252967566251755 -0.9250782969097222
[16 INFO root] -0.14049164950847626 0.055598340928554535 -0.9396938089925738
[16 INFO root] -0.14000055193901062 0.05492837727069855 -0.9539966584922036
