[35 INFO root] Initialising Python Geth Console...
[35 INFO root] Initialising RandB board...
[35 INFO root] Initialising resource sensor...
[35 INFO root] Initialising random-walk...
[35 INFO root] Initialising navigation...
[35 INFO root] Initialising Odo...
[35 INFO root] Initialising odometry...
[35 INFO root] Initialising gps...
[35 INFO root] Initialising Ground sensor...
[35 INFO root] --//-- Starting Experiment --//--
[35 INFO root] x y direction
[35 INFO root] 0.02939010038971901 0.10820700228214264 -2.835514262667548
[35 INFO root] 0.031177954748272896 0.10877197980880737 -2.697004397973694
[35 INFO root] 0.03599458560347557 0.11091016232967377 -2.5113419360109424
[35 INFO root] 0.039703618735075 0.11324888467788696 -2.2988583730599292
[35 INFO root] 0.041563473641872406 0.1149723008275032 -2.07290069885355
[35 INFO root] 0.041992973536252975 0.11551043391227722 -1.8451106073584858
[35 INFO root] 0.04171915724873543 0.114488385617733 -1.6342762641307798
[35 INFO root] 0.0414898619055748 0.11197230219841003 -1.4512263244414199
[35 INFO root] 0.041818588972091675 0.10845107585191727 -1.297117816705411
[35 INFO root] 0.0428682379424572 0.10439147800207138 -1.1707974015635536
[35 INFO root] 0.04459093511104584 0.1001252830028534 -1.0709783673892272
[35 INFO root] 0.04685726761817932 0.09585967659950256 -0.9960392020344988
[35 INFO root] 0.04927816241979599 0.09204220026731491 -0.9424062649392936
[35 INFO root] 0.05151762440800667 0.08890118449926376 -0.9043882068745359
[35 INFO root] 0.05348550155758858 0.0863676443696022 -0.8781470627831554
[35 INFO root] 0.0551767498254776 0.08431389182806015 -0.8613620607801957
[35 INFO root] 0.05660948529839516 0.08263806253671646 -0.8526234139477018
[35 INFO root] 0.057812344282865524 0.08125867694616318 -0.8510992984147806
[35 INFO root] 0.05881187692284584 0.08011793345212936 -0.8563081165516155
[35 INFO root] 0.05963144078850746 0.0791742205619812 -0.867968720820256
[35 INFO root] 0.06029206141829491 0.07839660346508026 -0.8858836963584921
[35 INFO root] 0.06081286445260048 0.07776182889938354 -0.9098597098389222
[35 INFO root] 0.06121135130524635 0.07725250720977783 -0.9396148754583857
[35 INFO root] 0.061505503952503204 0.07685323804616928 -0.9745456908088154
[35 INFO root] 0.061713337898254395 0.07654998451471329 -1.0139804219188528
[35 INFO root] 0.06185244396328926 0.07632917910814285 -1.0573204418526694
[35 INFO root] 0.06193957477807999 0.07617688179016113 -1.1041135256360626
[35 INFO root] 0.06199024245142937 0.07607804983854294 -1.154089426178164
[35 INFO root] 0.06201827898621559 0.07601600140333176 -1.2071639134217231
[35 INFO root] 0.06203527748584747 0.0759722888469696 -1.263412967173031
[35 INFO root] 0.06205001473426819 0.07592669874429703 -1.3230237729831258
[35 INFO root] 0.06206775829195976 0.0758577361702919 -1.3862328600133482
[35 INFO root] 0.06208958104252815 0.07574338465929031 -1.4532629694652985
[35 INFO root] 0.06211176887154579 0.07556238025426865 -1.524269933101758
[35 INFO root] 0.06212553009390831 0.07529572397470474 -1.5993080560367927
[35 INFO root] 0.06211711838841438 0.07492826879024506 -1.6783191874013252
[35 INFO root] 0.06206849217414856 0.07445000857114792 -1.7611460107726538
[35 INFO root] 0.06195831671357155 0.07385667413473129 -1.847562508625411
[35 INFO root] 0.06176288425922394 0.07314921170473099 -1.937303359154676
[35 INFO root] 0.061456505209207535 0.07233235239982605 -2.030060260041239
[35 INFO root] 0.061010975390672684 0.07141291350126266 -2.1254016503742945
[35 INFO root] 0.06039482727646828 0.07039950788021088 -2.2225765902304495
[35 INFO root] 0.05957513302564621 0.06930598616600037 -2.320221959855558
[35 INFO root] 0.05852516368031502 0.06815779954195023 -2.416094482671177
[35 INFO root] 0.057241007685661316 0.06699879467487335 -2.5071996070074034
[35 INFO root] 0.05575999990105629 0.06588923186063766 -2.590557467556016
[35 INFO root] 0.054156702011823654 0.06488575041294098 -2.6639739124608828
[35 INFO root] 0.05252271518111229 0.06402436643838882 -2.7264530381141263
[35 INFO root] 0.050941351801157 0.06331480294466019 -2.7781484244447134
[35 INFO root] 0.04946983605623245 0.0627456083893776 -2.8199646157014
[35 INFO root] 0.04813442379236221 0.06229377165436745 -2.853087067851789
[35 INFO root] 0.04693515598773956 0.06193303316831589 -2.878643752451664
[35 INFO root] 0.04585447162389755 0.061638858169317245 -2.89754277317928
[35 INFO root] 0.04486564174294472 0.061390470713377 -2.9104422370019933
[35 INFO root] 0.043939460068941116 0.06117115169763565 -2.91779286087646
[35 INFO root] 0.04304879531264305 0.06096770986914635 -2.9199066833584744
[35 INFO root] 0.04217119887471199 0.060769710689783096 -2.917022800006314
[35 INFO root] 0.04128997400403023 0.060568686574697495 -2.9093560405185976
[35 INFO root] 0.04039717838168144 0.06035824865102768 -2.8970497221855873
[35 INFO root] 0.039496924728155136 0.06013476848602295 -2.880065306016278
[35 INFO root] 0.03859461471438408 0.05989488959312439 -2.8583623816560655
[35 INFO root] 0.03769337758421898 0.05963469296693802 -2.8319496234821853
[35 INFO root] 0.0367937833070755 0.059349484741687775 -2.800889293525767
[35 INFO root] 0.0358942411839962 0.05903368070721626 -2.7652982015311065
[35 INFO root] 0.03499139845371246 0.05868060141801834 -2.725349837860208
[35 INFO root] 0.034081585705280304 0.05828263610601425 -2.6812745617161458
[35 INFO root] 0.0331617034971714 0.05783141404390335 -2.6333580972894697
[35 INFO root] 0.03222990408539772 0.05731799826025963 -2.5819390238293902
[35 INFO root] 0.031269438564777374 0.05672277510166168 -2.530688913821773
[35 INFO root] 0.030291646718978882 0.05604517087340355 -2.4806809287594405
[35 INFO root] 0.029312552884221077 0.05529142916202545 -2.4320002404003147
[35 INFO root] 0.02834469825029373 0.054468173533678055 -2.384638487980144
[35 INFO root] 0.027397410944104195 0.0535815954208374 -2.3385776943328622
[35 INFO root] 0.02647762931883335 0.05263744294643402 -2.2937982376762274
[35 INFO root] 0.02559051103889942 0.05164102092385292 -2.2502834459601218
[35 INFO root] 0.024739868938922882 0.05059725046157837 -2.208022505068347
[35 INFO root] 0.02392846904695034 0.049510691314935684 -2.1670124737465972
[35 INFO root] 0.02315821312367916 0.04838552698493004 -2.1272627294056656
[35 INFO root] 0.022430282086133957 0.04722555726766586 -2.0887989600152435
[35 INFO root] 0.021745285019278526 0.04603426530957222 -2.0516637772292134
[35 INFO root] 0.021103385835886 0.044814933091402054 -2.015914578698016
[35 INFO root] 0.020504329353570938 0.0435706190764904 -1.9816270885722038
[35 INFO root] 0.019947513937950134 0.04230425879359245 -1.9488930767143173
[35 INFO root] 0.019432030618190765 0.041018757969141006 -1.9178146385889159
[35 INFO root] 0.01895669475197792 0.03971707448363304 -1.8884986142903593
[35 INFO root] 0.018520044162869453 0.03840222954750061 -1.8610515851960152
[35 INFO root] 0.018120329827070236 0.037077292799949646 -1.8355755883109548
[35 INFO root] 0.017755527049303055 0.03574535250663757 -1.8121645701825027
[35 INFO root] 0.017423342913389206 0.03440944850444794 -1.7909015406836983
[35 INFO root] 0.01712123677134514 0.03307253122329712 -1.7718563808926162
[35 INFO root] 0.01684645190834999 0.03173739090561867 -1.75508424022623
[35 INFO root] 0.01659606583416462 0.03040660358965397 -1.7406244776830044
[35 INFO root] 0.016367021948099136 0.029082495719194412 -1.728500109053313
[35 INFO root] 0.01615619659423828 0.027767114341259003 -1.7187177053281242
[35 INFO root] 0.015960438176989555 0.026462214067578316 -1.7112676769358246
[35 INFO root] 0.0157766155898571 0.025169244036078453 -1.706124873456259
[35 INFO root] 0.015601667575538158 0.023889347910881042 -1.703252543858727
[35 INFO root] 0.015432621352374554 0.022623388096690178 -1.7026031848312981
[35 INFO root] 0.015266632661223412 0.021371986716985703 -1.7041181603056363
[35 INFO root] 0.01510100532323122 0.020135607570409775 -1.7077227916877777
[35 INFO root] 0.014933220110833645 0.018914617598056793 -1.7133248271582278
[35 INFO root] 0.014760946854948997 0.017709262669086456 -1.7208235575975148
[35 INFO root] 0.014582051895558834 0.016519702970981598 -1.7301127657629045
[35 INFO root] 0.014394983649253845 0.01534842699766159 -1.7412276999031728
[35 INFO root] 0.014200886711478233 0.014212858863174915 -1.7550522635420247
[35 INFO root] 0.013997316360473633 0.0131119005382061 -1.771582406311953
[35 INFO root] 0.013781452551484108 0.012042040936648846 -1.790688171676577
[35 INFO root] 0.013544267043471336 0.010971298441290855 -1.8119740282152557
[35 INFO root] 0.01328173466026783 0.009894161485135555 -1.8351449358566858
[35 INFO root] 0.012991266325116158 0.008811227977275848 -1.8599131506677318
[35 INFO root] 0.01267072930932045 0.007723864633589983 -1.8859786416429798
[35 INFO root] 0.012318487279117107 0.006633997429162264 -1.9130343912224839
[35 INFO root] 0.01193342637270689 0.005543902050703764 -1.940793307907172
[35 INFO root] 0.011515059508383274 0.004456363618373871 -1.9689733304230346
[35 INFO root] 0.011063609272241592 0.0033746606204658747 -1.9972984879732971
[35 INFO root] 0.010580048896372318 0.0023024443071335554 -2.0255058951069254
[35 INFO root] 0.01006609108299017 0.001243584556505084 -2.0533524754088077
[35 INFO root] 0.009524136781692505 0.00020199015852995217 -2.0806204518574334
[35 INFO root] 0.008957182057201862 -0.0008185667102225125 -2.107121310268788
[35 INFO root] 0.008368683978915215 -0.0018146137008443475 -2.1326981135070384
[35 INFO root] 0.0077624088153243065 -0.0027831110637634993 -2.1572262102847253
[35 INFO root] 0.007142274174839258 -0.003721547545865178 -2.180612528867747
[35 INFO root] 0.006512193009257317 -0.0046279942616820335 -2.202793749588562
[35 INFO root] 0.005875936709344387 -0.005501121748238802 -2.223733699975722
[35 INFO root] 0.0052370233461260796 -0.006340182386338711 -2.243420318604951
[35 INFO root] 0.004598633386194706 -0.007144965697079897 -2.261862523394956
[35 INFO root] 0.003963553812354803 -0.007915740832686424 -2.2790872175755754
[35 INFO root] 0.0033341464586555958 -0.008653185330331326 -2.2951365559723023
[35 INFO root] 0.0027123393956571817 -0.00935831107199192 -2.310065550508012
[35 INFO root] 0.0020996362436562777 -0.010032394900918007 -2.32394005856029
[35 INFO root] 0.0014971368946135044 -0.010676912032067776 -2.3368351615129734
[35 INFO root] 0.0009055658592842519 -0.01129347924143076 -2.3488340427411525
[35 INFO root] 0.0003131750854663551 -0.011896111071109772 -2.360459097678579
[35 INFO root] -0.0002966518804896623 -0.012502141296863556 -2.3723567184301135
[35 INFO root] -0.0009249403374269605 -0.013111867941915989 -2.384596453194339
[35 INFO root] -0.0015709741273894906 -0.013723685406148434 -2.3971885769657595
[35 INFO root] -0.002234149258583784 -0.01433612685650587 -2.410151451108019
[35 INFO root] -0.0029139844700694084 -0.014947865158319473 -2.423510397512643
[35 INFO root] -0.0036101217847317457 -0.015557690523564816 -2.4372956706216944
[35 INFO root] -0.0043223244138062 -0.016164498403668404 -2.4515401679543434
[35 INFO root] -0.005050471983850002 -0.016767257824540138 -2.4662769145718757
[35 INFO root] -0.005794547963887453 -0.01736500672996044 -2.4815363355581077
[35 INFO root] -0.006554627791047096 -0.017956823110580444 -2.4973434598518236
[35 INFO root] -0.007330855820327997 -0.018541807308793068 -2.513715300933936
[35 INFO root] -0.008123422041535378 -0.019119074568152428 -2.530658606275634
[35 INFO root] -0.008932528086006641 -0.019687730818986893 -2.5481681453437828
[35 INFO root] -0.009758345782756805 -0.020246855914592743 -2.566225548335958
[35 INFO root] -0.010600908659398556 -0.020795462653040886 -2.5847981411943857
[35 INFO root] -0.011460162699222565 -0.021332543343305588 -2.6038403800419143
[35 INFO root] -0.0123359439894557 -0.021857088431715965 -2.6232946359190388
[35 INFO root] -0.013227948918938637 -0.022368092089891434 -2.643091906484734
[35 INFO root] -0.01413570623844862 -0.022864554077386856 -2.6631525952236195
[35 INFO root] -0.015058543533086777 -0.023345503956079483 -2.683387238660161
[35 INFO root] -0.01599557138979435 -0.0238100104033947 -2.703697085800021
[35 INFO root] -0.01694566011428833 -0.024257199838757515 -2.723974493600358
[35 INFO root] -0.01790725253522396 -0.024686206132173538 -2.744041485023329
[35 INFO root] -0.018878376111388206 -0.025096282362937927 -2.7636831742184382
[35 INFO root] -0.019856810569763184 -0.025486940518021584 -2.7827075641029895
[35 INFO root] -0.02084018848836422 -0.025857975706458092 -2.800950963791352
[35 INFO root] -0.02182605490088463 -0.026209458708763123 -2.818271086599165
[35 INFO root] -0.022811921313405037 -0.026541713625192642 -2.8345406409439327
[35 INFO root] -0.023795288056135178 -0.02685529552400112 -2.8496419608715673
[35 INFO root] -0.024773582816123962 -0.027150936424732208 -2.863464826199656
[35 INFO root] -0.02574433758854866 -0.027429580688476562 -2.8759060697666277
[35 INFO root] -0.02670527622103691 -0.027692371979355812 -2.8868682647438857
[35 INFO root] -0.027654333040118217 -0.027940616011619568 -2.8962583878890498
[35 INFO root] -0.028589686378836632 -0.028175754472613335 -2.9039867842966696
[35 INFO root] -0.02950976975262165 -0.02839934639632702 -2.9099663689654722
[35 INFO root] -0.030413290485739708 -0.028613030910491943 -2.9141119739927652
[35 INFO root] -0.031299248337745667 -0.028818514198064804 -2.9163397690336668
[35 INFO root] -0.03217536583542824 -0.02901947684586048 -2.9171662716683917
[35 INFO root] -0.03305894881486893 -0.029221249744296074 -2.917815447108333
[35 INFO root] -0.033950623124837875 -0.029424244537949562 -2.918421937429895
[35 INFO root] -0.03484902158379555 -0.029628194868564606 -2.9189929492456024
[35 INFO root] -0.03575291484594345 -0.02983284555375576 -2.919535459563348
[35 INFO root] -0.036661237478256226 -0.030037978664040565 -2.920055863498592
[35 INFO root] -0.037573084235191345 -0.03024340607225895 -2.9205598315485837
[35 INFO root] -0.03848769888281822 -0.030448973178863525 -2.9210522736349755
[35 INFO root] -0.03940446674823761 -0.0306545477360487 -2.9215373717829407
[35 INFO root] -0.040322884917259216 -0.030860023573040962 -2.922018629187731
[35 INFO root] -0.041242565959692 -0.0310653168708086 -2.922498919000298
[35 INFO root] -0.042163196951150894 -0.031270358711481094 -2.9229805306026644
[35 INFO root] -0.04308455437421799 -0.03147509694099426 -2.9234652137527855
[35 INFO root] -0.043996863067150116 -0.03167736157774925 -2.9253456852063917
[35 INFO root] -0.044876597821712494 -0.031870801001787186 -2.9322264349043783
[35 INFO root] -0.045726120471954346 -0.0320519395172596 -2.944518331458877
[35 INFO root] -0.046552397310733795 -0.03221800550818443 -2.962208764796018
[35 INFO root] -0.0473637655377388 -0.032366640865802765 -2.985235915643536
[35 INFO root] -0.04817032441496849 -0.032495710998773575 -3.0134272346811013
[35 INFO root] -0.04898524284362793 -0.03260304778814316 -3.046354859460639
[35 INFO root] -0.049821849912405014 -0.03268568962812424 -3.083498119724037
[35 INFO root] -0.0506923608481884 -0.03273945301771164 -3.124300996412753
[35 INFO root] -0.051607247442007065 -0.032758843153715134 3.1149955157551243
[35 INFO root] -0.052574753761291504 -0.03273714333772659 3.06860157775602
[35 INFO root] -0.05359874293208122 -0.03266679123044014 3.0202413129774435
[35 INFO root] -0.054683227092027664 -0.03253956511616707 2.970515852415744
[35 INFO root] -0.055829718708992004 -0.03234703466296196 2.9200451674547248
[35 INFO root] -0.057036131620407104 -0.03208134323358536 2.8694379595359223
[35 INFO root] -0.058295171707868576 -0.031736500561237335 2.8192075929135836
[35 INFO root] -0.05959872901439667 -0.03130801022052765 2.7698943482107508
[35 INFO root] -0.06093697249889374 -0.030793633311986923 2.722011871628616
[35 INFO root] -0.062298811972141266 -0.03019370511174202 2.676027996241536
[35 INFO root] -0.06367266178131104 -0.029511170461773872 2.6323534385203664
[35 INFO root] -0.06504722684621811 -0.02875136025249958 2.591332786728153
[35 INFO root] -0.06641221046447754 -0.027921568602323532 2.5532394124267594
[35 INFO root] -0.06775824725627899 -0.02703085169196129 2.5182141509100875
[35 INFO root] -0.06907537579536438 -0.026090776547789574 2.4860056217976436
[35 INFO root] -0.07035814970731735 -0.025110824033617973 2.4564835254717616
[35 INFO root] -0.07160352915525436 -0.02409932017326355 2.4294873729840742
[35 INFO root] -0.0728103518486023 -0.023063315078616142 2.4048157041455354
[35 INFO root] -0.07398021221160889 -0.02200731635093689 2.382176239707209
[35 INFO root] -0.07511559873819351 -0.02093435823917389 2.3612885453373456
[35 INFO root] -0.07621907442808151 -0.019846653565764427 2.3419163203063866
[35 INFO root] -0.07729290425777435 -0.018746016547083855 2.3238712875493523
[35 INFO root] -0.07833891361951828 -0.017634160816669464 2.3070106321453374
[35 INFO root] -0.07935841381549835 -0.016512928530573845 2.291231192201711
[35 INFO root] -0.08035226166248322 -0.01538439653813839 2.276461889728982
[35 INFO root] -0.08132092654705048 -0.014250908978283405 2.2626557186177814
[35 INFO root] -0.08226460963487625 -0.013115057721734047 2.249782312521122
[35 INFO root] -0.08318333327770233 -0.011979619972407818 2.2378217242914467
[35 INFO root] -0.08407702296972275 -0.010847486555576324 2.226759670012214
[35 INFO root] -0.08494558930397034 -0.009721591137349606 2.2165842003457468
[35 INFO root] -0.08578895777463913 -0.00860484316945076 2.207283586390926
[35 INFO root] -0.08660710602998734 -0.007500071078538895 2.1988451356350462
[35 INFO root] -0.08740008622407913 -0.006409983150660992 2.191254656223103
[35 INFO root] -0.08816800266504288 -0.0053371284157037735 2.184496331989956
[35 INFO root] -0.08891104906797409 -0.004283868707716465 2.178552830050173
[35 INFO root] -0.08962948620319366 -0.003252357477322221 2.173405520041121
[35 INFO root] -0.09032446146011353 -0.0022433127742260695 2.1690066365292724
[35 INFO root] -0.09099908173084259 -0.0012543800985440612 2.16524605591328
[35 INFO root] -0.09165635704994202 -0.0002829133300110698 2.162019907908217
[35 INFO root] -0.09229876846075058 0.0006733328336849809 2.159244181499299
[35 INFO root] -0.09292833507061005 0.0016161930980160832 2.1568519787026195
[35 INFO root] -0.09354667365550995 0.002547134645283222 2.154790272607325
[35 INFO root] -0.09415508061647415 0.0034673018380999565 2.153017239410698
[35 INFO root] -0.09475457668304443 0.004377562087029219 2.1515000612772504
[35 INFO root] -0.09534598141908646 0.005278545897454023 2.150213107740992
[35 INFO root] -0.09592990577220917 0.0061706905253231525 2.1491364256740484
[35 INFO root] -0.09650684893131256 0.0070542749017477036 2.1482544841195375
[35 INFO root] -0.09707716852426529 0.007929452694952488 2.147555132213708
[35 INFO root] -0.09764117747545242 0.008796289563179016 2.1470287370824175
[35 INFO root] -0.09819908440113068 0.00965478178113699 2.14666747480154
[35 INFO root] -0.09875119477510452 0.010505053214728832 2.1464618900079184
[35 INFO root] -0.09929807484149933 0.01134767010807991 2.146395402596576
[35 INFO root] -0.0998426154255867 0.012186836451292038 2.14639012747981
[35 INFO root] -0.10038694739341736 0.013025704771280289 2.14639012747981
[35 INFO root] -0.10093127936124802 0.013864574022591114 2.14639012747981
[35 INFO root] -0.10147561132907867 0.01470344327390194 2.14639012747981
[35 INFO root] -0.10201994329690933 0.015542312525212765 2.14639012747981
[35 INFO root] -0.10256427526473999 0.01638118177652359 2.14639012747981
[35 INFO root] -0.10310860723257065 0.01722005009651184 2.14639012747981
[35 INFO root] -0.1036529466509819 0.01805892027914524 2.14639012747981
[35 INFO root] -0.10419727861881256 0.01889778859913349 2.14639012747981
[35 INFO root] -0.10474161058664322 0.01973665878176689 2.14639012747981
[35 INFO root] -0.10528594255447388 0.020575527101755142 2.14639012747981
[35 INFO root] -0.10583027452230453 0.021414397284388542 2.14639012747981
[35 INFO root] -0.10637460649013519 0.022253265604376793 2.14639012747981
[35 INFO root] -0.10691893845796585 0.023092135787010193 2.14639012747981
[35 INFO root] -0.1074632778763771 0.023931004106998444 2.14639012747981
[35 INFO root] -0.10800760984420776 0.024769874289631844 2.14639012747981
[35 INFO root] -0.10855194181203842 0.025608742609620094 2.14639012747981
[35 INFO root] -0.10909627377986908 0.026447612792253494 2.14639012747981
[35 INFO root] -0.10964060574769974 0.027286481112241745 2.14639012747981
[35 INFO root] -0.1101849377155304 0.028125351294875145 2.14639012747981
[35 INFO root] -0.11072926968336105 0.028964219614863396 2.14639012747981
[35 INFO root] -0.11127360910177231 0.029803089797496796 2.14639012747981
[35 INFO root] -0.11181794106960297 0.030641958117485046 2.14639012747981
[35 INFO root] -0.11236227303743362 0.0314808264374733 2.14639012747981
[35 INFO root] -0.11290660500526428 0.032319698482751846 2.14639012747981
[35 INFO root] -0.11345093697309494 0.0331585668027401 2.14639012747981
[35 INFO root] -0.1139952689409256 0.03399743512272835 2.14639012747981
[35 INFO root] -0.11453960090875626 0.0348363034427166 2.14639012747981
[35 INFO root] -0.11508393287658691 0.03567517176270485 2.14639012747981
[35 INFO root] -0.11562827229499817 0.0365140438079834 2.14639012747981
[35 INFO root] -0.11617260426282883 0.03735291212797165 2.14639012747981
[35 INFO root] -0.11671693623065948 0.0381917804479599 2.14639012747981
[35 INFO root] -0.11726126819849014 0.03903064876794815 2.14639012747981
[35 INFO root] -0.1178056001663208 0.0398695208132267 2.14639012747981
[35 INFO root] -0.11834993213415146 0.04070838913321495 2.14639012747981
[35 INFO root] -0.11889426410198212 0.0415472574532032 2.14639012747981
[35 INFO root] -0.11943860352039337 0.04238612577319145 2.14639012747981
[35 INFO root] -0.11998293548822403 0.04322499781847 2.14639012747981
[35 INFO root] -0.12052726745605469 0.04406386613845825 2.14639012747981
[35 INFO root] -0.12107159942388535 0.0449027344584465 2.14639012747981
[35 INFO root] -0.12161438912153244 0.04573922976851463 2.146574662196206
[35 INFO root] -0.12215279787778854 0.04656865820288658 2.147305873425729
[35 INFO root] -0.12268701940774918 0.04739043116569519 2.1486170885667324
[35 INFO root] -0.12321765720844269 0.0482044592499733 2.1505030411015156
[35 INFO root] -0.12374531477689743 0.04901067912578583 2.152958571100432
[35 INFO root] -0.12427057325839996 0.0498090535402298 2.1559786347661754
[35 INFO root] -0.12479402869939804 0.050599582493305206 2.159558284371584
[35 INFO root] -0.12531627714633942 0.05138227343559265 2.163692643939402
[35 INFO root] -0.12583790719509125 0.05215717479586601 2.1683768804698107
[35 INFO root] -0.1263594925403595 0.05292433872818947 2.1736061708585193
[35 INFO root] -0.1268816590309143 0.053683843463659286 2.179375664632875
[35 INFO root] -0.12740495800971985 0.05443577840924263 2.185680442622274
[35 INFO root] -0.12793000042438507 0.05518024042248726 2.192515471673372
[35 INFO root] -0.12845738232135773 0.055917348712682724 2.199875555521047
[35 INFO root] -0.12898768484592438 0.05664721876382828 2.207755281933323
[35 INFO root] -0.12952151894569397 0.05736997723579407 2.2161489662635705
[35 INFO root] -0.13005948066711426 0.05808574706315994 2.2250505915667707
[35 INFO root] -0.130602166056633 0.05879466235637665 2.234453745469368
[35 INFO root] -0.13115018606185913 0.059496842324733734 2.2443515540246417
