[40 INFO root] Initialising Python Geth Console...
[40 INFO root] Initialising RandB board...
[40 INFO root] Initialising resource sensor...
[40 INFO root] Initialising random-walk...
[40 INFO root] Initialising navigation...
[40 INFO root] Initialising Odo...
[40 INFO root] Initialising odometry...
[40 INFO root] Initialising gps...
[40 INFO root] Initialising Ground sensor...
[40 INFO root] --//-- Starting Experiment --//--
[40 INFO root] x y direction
[40 INFO root] -0.6543880105018616 0.1932860016822815 1.0942184665745769
[40 INFO root] -0.6535278558731079 0.1949520707130432 0.9630160344613095
[40 INFO root] -0.6504127979278564 0.19977188110351562 0.8489126710100935
[40 INFO root] -0.6463863849639893 0.2045232653617859 0.7728038399983403
[40 INFO root] -0.6425703763961792 0.20835918188095093 0.728616561643216
[40 INFO root] -0.639416515827179 0.2112359255552292 0.7141300710105593
[40 INFO root] -0.6370522975921631 0.21329931914806366 0.7146208138146547
[40 INFO root] -0.6354005932807922 0.2147320657968521 0.7242687732389256
[40 INFO root] -0.6343307495117188 0.2156747281551361 0.7420949918347552
[40 INFO root] -0.6337190866470337 0.2162315398454666 0.7680687683527146
[40 INFO root] -0.6334535479545593 0.2164851725101471 0.8024895909940716
[40 INFO root] -0.6334205865859985 0.21651773154735565 0.845940228303114
[40 INFO root] -0.6335242390632629 0.21640057861804962 0.8991012855981975
[40 INFO root] -0.633682131767273 0.2162034809589386 0.9625676738375211
[40 INFO root] -0.6338258981704712 0.21599985659122467 1.0367358037161958
[40 INFO root] -0.6339045166969299 0.21587061882019043 1.121663180462591
[40 INFO root] -0.633886992931366 0.2159096747636795 1.2167041023578953
[40 INFO root] -0.6337727904319763 0.21621686220169067 1.3202469674469828
[40 INFO root] -0.6335986256599426 0.21688255667686462 1.4294701864783201
[40 INFO root] -0.6334367990493774 0.21796323359012604 1.540216874379139
[40 INFO root] -0.6333783864974976 0.21945464611053467 1.6472721032477162
[40 INFO root] -0.6335015296936035 0.2212766706943512 1.7452186537425005
[40 INFO root] -0.6338368058204651 0.22328387200832367 1.8296648595732676
[40 INFO root] -0.6343556642532349 0.22531098127365112 1.8982406064012645
[40 INFO root] -0.6349879503250122 0.22721724212169647 1.9506232001189525
[40 INFO root] -0.6356515288352966 0.22890762984752655 1.9878462322886548
[40 INFO root] -0.6362213492393494 0.23021049797534943 2.0142566763428396
[40 INFO root] -0.6366626620292664 0.23114801943302155 2.032358504306412
[40 INFO root] -0.6369737386703491 0.23177750408649445 2.04385035302197
[40 INFO root] -0.6371645927429199 0.23215200006961823 2.0500456227446233
[40 INFO root] -0.637251079082489 0.23231901228427887 2.052016877734174
[40 INFO root] -0.6372503042221069 0.23231756687164307 2.0505671078893153
[40 INFO root] -0.6371781826019287 0.23217900097370148 2.046286483853239
[40 INFO root] -0.6370493769645691 0.2319289594888687 2.0396170271526253
[40 INFO root] -0.636877179145813 0.23158948123455048 2.0309048305223008
[40 INFO root] -0.6366741061210632 0.23118045926094055 2.02044380331223
[40 INFO root] -0.6364517211914062 0.23072075843811035 2.008513268950185
[40 INFO root] -0.6362206935882568 0.23022854328155518 1.9954539744702848
[40 INFO root] -0.6359905004501343 0.22972121834754944 1.9816617722008627
[40 INFO root] -0.6357690691947937 0.2292148768901825 1.9675667097585399
[40 INFO root] -0.6355624198913574 0.2287236452102661 1.9536291866744235
[40 INFO root] -0.6353746056556702 0.22825922071933746 1.9403337935003198
[40 INFO root] -0.6352071166038513 0.22782860696315765 1.9264568257288681
[40 INFO root] -0.635061502456665 0.2274385392665863 1.9117470328692059
[40 INFO root] -0.6349385976791382 0.22709397971630096 1.8961991186641207
[40 INFO root] -0.6348381638526917 0.22679796814918518 1.879815636314521
[40 INFO root] -0.6347591280937195 0.2265520542860031 1.8626020066551303
[40 INFO root] -0.6347000002861023 0.22635667026042938 1.844573432695859
[40 INFO root] -0.6346588134765625 0.22621144354343414 1.8257583272343838
[40 INFO root] -0.634633481502533 0.22611524164676666 1.8061978135569756
[40 INFO root] -0.6346215605735779 0.22606629133224487 1.7859417168471234
[40 INFO root] -0.6346205472946167 0.2260621041059494 1.765041400095177
[40 INFO root] -0.6346278786659241 0.22609958052635193 1.743541743434007
[40 INFO root] -0.634641170501709 0.226174995303154 1.721475579698691
[40 INFO root] -0.6346579194068909 0.2262841761112213 1.698859581268384
[40 INFO root] -0.6346759796142578 0.2264227271080017 1.6756914580120004
[40 INFO root] -0.6346935629844666 0.22658614814281464 1.6519487795744585
[40 INFO root] -0.6347089409828186 0.22677038609981537 1.627582292071835
[40 INFO root] -0.6347208023071289 0.22697173058986664 1.602524750269005
[40 INFO root] -0.634728193283081 0.22718696296215057 1.5766947329356646
[40 INFO root] -0.6347300410270691 0.22741331160068512 1.5499986218188706
[40 INFO root] -0.6347257494926453 0.2276485562324524 1.5223329500906926
[40 INFO root] -0.634714663028717 0.2278909534215927 1.4935871246445858
[40 INFO root] -0.6346961259841919 0.22813978791236877 1.4636545665141556
[40 INFO root] -0.6346693634986877 0.22839543223381042 1.4324509639693814
[40 INFO root] -0.6346336007118225 0.22865846753120422 1.3998936315522246
[40 INFO root] -0.6345876455307007 0.22892960906028748 1.3658958799842764
[40 INFO root] -0.6345304250717163 0.22920960187911987 1.330367083971602
[40 INFO root] -0.63446044921875 0.22949935495853424 1.29321336271955
[40 INFO root] -0.6343759298324585 0.22979994118213654 1.2543385533691909
[40 INFO root] -0.6342748403549194 0.23011256754398346 1.2136455268479633
[40 INFO root] -0.6341546177864075 0.23043866455554962 1.171037991699529
[40 INFO root] -0.6340121030807495 0.230779767036438 1.1264229656224072
[40 INFO root] -0.6338436007499695 0.23113755881786346 1.079714172236601
[40 INFO root] -0.6336445212364197 0.23151370882987976 1.030836579215835
[40 INFO root] -0.6334095597267151 0.231909841299057 0.979732320232233
[40 INFO root] -0.63313227891922 0.23232728242874146 0.9263680921179732
[40 INFO root] -0.6328052282333374 0.23276692628860474 0.8707441941707559
[40 INFO root] -0.6324201822280884 0.23322883248329163 0.8129051519919758
[40 INFO root] -0.6319677829742432 0.23371194303035736 0.7529509135007876
[40 INFO root] -0.6314381957054138 0.234213724732399 0.691049650936317
[40 INFO root] -0.6308214068412781 0.23472975194454193 0.6274441483379473
[40 INFO root] -0.6301080584526062 0.2352534532546997 0.5624682129022317
[40 INFO root] -0.6292900443077087 0.23577599227428436 0.4965577878131741
[40 INFO root] -0.6283616423606873 0.23628638684749603 0.4302523724998766
[40 INFO root] -0.6273205876350403 0.23677192628383636 0.36418671682381454
[40 INFO root] -0.6261696219444275 0.23721885681152344 0.29976836427580483
[40 INFO root] -0.624919056892395 0.2376137524843216 0.23792007330467344
[40 INFO root] -0.6235843300819397 0.23794583976268768 0.17921487964526983
[40 INFO root] -0.6221835613250732 0.2382078319787979 0.12413906926017511
[40 INFO root] -0.6207364797592163 0.23839634656906128 0.07310239809083006
[40 INFO root] -0.6192629933357239 0.23851172626018524 0.02642682492270177
[40 INFO root] -0.6177824139595032 0.23855777084827423 -0.015657726243459
[40 INFO root] -0.6163119673728943 0.23854097723960876 -0.05301104745545851
[40 INFO root] -0.6148666143417358 0.23846977949142456 -0.08557498286264152
[40 INFO root] -0.6134584546089172 0.23835371434688568 -0.11336209415977655
[40 INFO root] -0.6120966672897339 0.23820261657238007 -0.13644240245097952
[40 INFO root] -0.6107876300811768 0.23802606761455536 -0.15492973676376579
[40 INFO root] -0.6095352172851562 0.2378329336643219 -0.16896886066355454
[40 INFO root] -0.6083410978317261 0.23763100802898407 -0.17872412758233464
[40 INFO root] -0.6072050929069519 0.2374269813299179 -0.1843700462706301
[40 INFO root] -0.6061255931854248 0.23722632229328156 -0.18608383122741742
[40 INFO root] -0.605090320110321 0.23703162372112274 -0.18668815323079463
[40 INFO root] -0.6040945053100586 0.23684358596801758 -0.1868312288490628
[40 INFO root] -0.6031109690666199 0.23665767908096313 -0.18684129790007475
[40 INFO root] -0.6021283864974976 0.23647192120552063 -0.18684129790007475
[40 INFO root] -0.6011458039283752 0.23628616333007812 -0.18684129790007475
[40 INFO root] -0.6001631617546082 0.23610040545463562 -0.18684129790007475
[40 INFO root] -0.5991805791854858 0.2359146624803543 -0.18684129790007475
[40 INFO root] -0.5981979966163635 0.2357289046049118 -0.18684129790007475
[40 INFO root] -0.5972154140472412 0.2355431467294693 -0.18684129790007475
[40 INFO root] -0.5962328314781189 0.2353573888540268 -0.18684129790007475
[40 INFO root] -0.5952501893043518 0.2351716309785843 -0.18684129790007475
[40 INFO root] -0.5942676067352295 0.23498587310314178 -0.18684129790007475
[40 INFO root] -0.5932850241661072 0.23480011522769928 -0.18684129790007475
[40 INFO root] -0.5923024415969849 0.23461435735225677 -0.18684129790007475
[40 INFO root] -0.5913197994232178 0.23442859947681427 -0.18684129790007475
[40 INFO root] -0.5903372168540955 0.23424285650253296 -0.18684129790007475
[40 INFO root] -0.5893546342849731 0.23405709862709045 -0.18684129790007475
[40 INFO root] -0.5883720517158508 0.23387134075164795 -0.18684129790007475
[40 INFO root] -0.5873894691467285 0.23368558287620544 -0.18684129790007475
[40 INFO root] -0.5864068269729614 0.23349982500076294 -0.18684129790007475
[40 INFO root] -0.5854242444038391 0.23331406712532043 -0.18684129790007475
[40 INFO root] -0.5844416618347168 0.23312830924987793 -0.18684129790007475
[40 INFO root] -0.5834590792655945 0.23294255137443542 -0.18684129790007475
[40 INFO root] -0.5824764370918274 0.2327568084001541 -0.18684129790007475
[40 INFO root] -0.5814938545227051 0.2325710505247116 -0.18684129790007475
[40 INFO root] -0.5805112719535828 0.2323852926492691 -0.18684129790007475
[40 INFO root] -0.5795286893844604 0.2321995347738266 -0.18684129790007475
[40 INFO root] -0.5785461068153381 0.2320137768983841 -0.18684129790007475
[40 INFO root] -0.577563464641571 0.2318280190229416 -0.18684129790007475
[40 INFO root] -0.5765808820724487 0.23164226114749908 -0.18684129790007475
[40 INFO root] -0.5755982995033264 0.23145650327205658 -0.18684129790007475
[40 INFO root] -0.5746157169342041 0.23127074539661407 -0.18684129790007475
[40 INFO root] -0.573633074760437 0.23108500242233276 -0.18684129790007475
[40 INFO root] -0.5726504921913147 0.23089924454689026 -0.18684129790007475
[40 INFO root] -0.5717042684555054 0.23072035610675812 -0.18680380458268572
[40 INFO root] -0.5708581805229187 0.23056043684482574 -0.18664492473135857
[40 INFO root] -0.570109486579895 0.23041903972625732 -0.18634303685915213
[40 INFO root] -0.5694478750228882 0.23029428720474243 -0.1858882822014086
[40 INFO root] -0.5688641667366028 0.23018448054790497 -0.18527338895995277
[40 INFO root] -0.5683501362800598 0.23008809983730316 -0.184492395224047
[40 INFO root] -0.5678985118865967 0.23000377416610718 -0.18353975534921985
[40 INFO root] -0.5675029754638672 0.2299303114414215 -0.18240964522753733
[40 INFO root] -0.5671579837799072 0.2298666387796402 -0.1810954077397194
[40 INFO root] -0.5668586492538452 0.22981177270412445 -0.17958909812274523
[40 INFO root] -0.5666006207466125 0.2297648936510086 -0.1778811031185107
[40 INFO root] -0.5663803219795227 0.22972524166107178 -0.17595982011588296
[40 INFO root] -0.5661943554878235 0.22969213128089905 -0.17381139367108692
[40 INFO root] -0.5660399198532104 0.22966496646404266 -0.17141951705140207
[40 INFO root] -0.5659142732620239 0.22964318096637726 -0.16876531572634917
[40 INFO root] -0.5658149719238281 0.22962623834609985 -0.1658273376354003
[40 INFO root] -0.5657397508621216 0.22961360216140747 -0.16258168088498853
[40 INFO root] -0.5656861066818237 0.2296047955751419 -0.15900229227273185
[40 INFO root] -0.5656517148017883 0.2295992523431778 -0.15506146847515012
[40 INFO root] -0.5656339526176453 0.22959646582603455 -0.1507305845596393
[40 INFO root] -0.5656299591064453 0.2295958548784256 -0.14598106060761049
[40 INFO root] -0.5656366944313049 0.2295968383550644 -0.14078555627148745
[40 INFO root] -0.5656507611274719 0.22959883511066437 -0.13512000029633808
[40 INFO root] -0.565668523311615 0.22960126399993896 -0.1289668302558501
[40 INFO root] -0.5656859874725342 0.22960354387760162 -0.12231345584957315
[40 INFO root] -0.5656992793083191 0.22960518300533295 -0.11515290151490438
[40 INFO root] -0.565704345703125 0.2296057790517807 -0.1074850840717824
[40 INFO root] -0.5656969547271729 0.22960498929023743 -0.09931799685396071
[40 INFO root] -0.5656730532646179 0.22960259020328522 -0.09066887922328064
[40 INFO root] -0.5656288862228394 0.22959855198860168 -0.08156515870268946
[40 INFO root] -0.5655608773231506 0.229592964053154 -0.07204252014035709
[40 INFO root] -0.5654659867286682 0.22958603501319885 -0.062143700971339325
[40 INFO root] -0.5653414726257324 0.2295781970024109 -0.05191736550519068
[40 INFO root] -0.5651850700378418 0.2295699417591095 -0.04141684638674377
[40 INFO root] -0.5649948716163635 0.22956188023090363 -0.030698822206917803
[40 INFO root] -0.5647695660591125 0.22955475747585297 -0.019822012585664246
[40 INFO root] -0.5645080804824829 0.2295493334531784 -0.008845957154037812
[40 INFO root] -0.5642098784446716 0.22954639792442322 0.0021700741409089296
[40 INFO root] -0.5638746619224548 0.22954680025577545 0.013168011587374021
[40 INFO root] -0.5635025501251221 0.2295513153076172 0.02409174685973859
[40 INFO root] -0.5630939602851868 0.2295607626438141 0.03488858744645942
[40 INFO root] -0.5626494884490967 0.22957582771778107 0.04551073079513857
[40 INFO root] -0.5621703267097473 0.22959716618061066 0.055916494784948104
[40 INFO root] -0.5616576671600342 0.22962535917758942 0.06607035310679076
[40 INFO root] -0.5611129403114319 0.22966088354587555 0.07594241774250167
[40 INFO root] -0.5605377554893494 0.2297040969133377 0.08550772748020254
[40 INFO root] -0.559933602809906 0.22975532710552216 0.09474550731296373
[40 INFO root] -0.5593019723892212 0.2298147827386856 0.10363847540098856
[40 INFO root] -0.5586473345756531 0.22988229990005493 0.11224252561838785
[40 INFO root] -0.5579746961593628 0.22995755076408386 0.12063980335852822
[40 INFO root] -0.5572881698608398 0.23004020750522614 0.1289091623099914
[40 INFO root] -0.5565914511680603 0.23012994229793549 0.13712085109433916
[40 INFO root] -0.5558871626853943 0.2302265465259552 0.14533610896984475
[40 INFO root] -0.555177628993988 0.23032979667186737 0.15360736546189507
[40 INFO root] -0.55446457862854 0.23043960332870483 0.1619786093060185
[40 INFO root] -0.5537493228912354 0.23055587708950043 0.1704858248179741
[40 INFO root] -0.5530327558517456 0.23067860305309296 0.17915740982299821
[40 INFO root] -0.5523155331611633 0.2308078557252884 0.18801453138673402
[40 INFO root] -0.5515979528427124 0.2309437245130539 0.19707140553548635
[40 INFO root] -0.5508801937103271 0.2310863584280014 0.2063355019818037
[40 INFO root] -0.5501621961593628 0.23123596608638763 0.21580768430285374
[40 INFO root] -0.549443781375885 0.2313927412033081 0.22548943298661278
[40 INFO root] -0.5487253069877625 0.23155681788921356 0.23539627563514368
[40 INFO root] -0.5480069518089294 0.23172834515571594 0.24553877603074892
[40 INFO root] -0.5472886562347412 0.23190759122371674 0.2559182859249046
[40 INFO root] -0.5465700030326843 0.23209482431411743 0.2665277500382414
[40 INFO root] -0.5458506941795349 0.23229040205478668 0.277352943762425
[40 INFO root] -0.5451301336288452 0.23249469697475433 0.28837374834356433
[40 INFO root] -0.5444077849388123 0.23270811140537262 0.2995654288231488
[40 INFO root] -0.5436831712722778 0.23293104767799377 0.31089987804005575
[40 INFO root] -0.5429556369781494 0.23316390812397003 0.3223467890956821
[40 INFO root] -0.5422248244285583 0.23340708017349243 0.3338747515342928
[40 INFO root] -0.5414903163909912 0.23366090655326843 0.34545241167855706
[40 INFO root] -0.5407518148422241 0.2339257150888443 0.3570503170906071
[40 INFO root] -0.5400092601776123 0.23420175909996033 0.36864152944507567
[40 INFO root] -0.5392624139785767 0.23448927700519562 0.38020162678736
[40 INFO root] -0.538511335849762 0.2347884327173233 0.39170852779180654
[40 INFO root] -0.5377561450004578 0.23509936034679413 0.40314222596145727
[40 INFO root] -0.5369969606399536 0.23542214930057526 0.41448446103615527
[40 INFO root] -0.5362339019775391 0.23575685918331146 0.42571834951598514
[40 INFO root] -0.5354670882225037 0.23610351979732513 0.4368279939737579
[40 INFO root] -0.5346968770027161 0.23646211624145508 0.4477980879183428
[40 INFO root] -0.5339233875274658 0.2368326336145401 0.45861352991335885
[40 INFO root] -0.5331467986106873 0.23721501231193542 0.469259057762279
[40 INFO root] -0.5323674082756042 0.2376091629266739 0.4797189109446218
[40 INFO root] -0.5315853357315063 0.23801498115062714 0.48997652720360446
[40 INFO root] -0.5308008790016174 0.2384323626756668 0.5000142772894122
[40 INFO root] -0.530014157295227 0.23886115849018097 0.5098132403604597
[40 INFO root] -0.5292253494262695 0.2393011897802353 0.5193530214107384
[40 INFO root] -0.5284345746040344 0.23975226283073425 0.5286116112753639
[40 INFO root] -0.5276150703430176 0.24022993445396423 0.5384204341952015
[40 INFO root] -0.5267673134803772 0.24073520302772522 0.5487429365615207
[40 INFO root] -0.5258961915969849 0.24126659333705902 0.5594035014896653
[40 INFO root] -0.5250062942504883 0.2418224811553955 0.5702274391611388
[40 INFO root] -0.5241017937660217 0.24240118265151978 0.5810467390295887
[40 INFO root] -0.523186445236206 0.2430008500814438 0.5917014022859692
[40 INFO root] -0.5222638249397278 0.24361948668956757 0.6020405039764025
[40 INFO root] -0.5213369131088257 0.2442549616098404 0.6119230242076367
[40 INFO root] -0.5204086899757385 0.244905024766922 0.6212185586631468
[40 INFO root] -0.5194815993309021 0.24556732177734375 0.6298082336101685
[40 INFO root] -0.5185577273368835 0.24623943865299225 0.6375847673985229
[40 INFO root] -0.5176389813423157 0.2469189465045929 0.6444521341157328
[40 INFO root] -0.5167268514633179 0.2476033866405487 0.650325084065961
[40 INFO root] -0.515827476978302 0.24828670918941498 0.6550275372035903
[40 INFO root] -0.514946460723877 0.24896280467510223 0.658400043982756
[40 INFO root] -0.5140876770019531 0.24962668120861053 0.6603261424564543
[40 INFO root] -0.5132542252540588 0.2502736747264862 0.6612459224846678
[40 INFO root] -0.5124480724334717 0.2509008049964905 0.6615808544123417
[40 INFO root] -0.5116576552391052 0.2515162527561188 0.6616089117094806
[40 INFO root] -0.5108686089515686 0.2521306574344635 0.6616089117094806
[40 INFO root] -0.5100796222686768 0.25274503231048584 0.6616089117094806
[40 INFO root] -0.5092906355857849 0.2533594071865082 0.6616089117094806
[40 INFO root] -0.5085015892982483 0.2539738118648529 0.6616089117094806
[40 INFO root] -0.5077126026153564 0.25458818674087524 0.6616089117094806
[40 INFO root] -0.5069236159324646 0.25520259141921997 0.6616089117094806
[40 INFO root] -0.506134569644928 0.2558169662952423 0.6616089117094806
[40 INFO root] -0.5053455829620361 0.25643134117126465 0.6616089117094806
[40 INFO root] -0.5045565962791443 0.2570457458496094 0.6616089117094806
[40 INFO root] -0.5037676095962524 0.2576601207256317 0.6616089117094806
[40 INFO root] -0.5029785633087158 0.25827452540397644 0.6616089117094806
[40 INFO root] -0.502189576625824 0.2588889002799988 0.6616089117094806
[40 INFO root] -0.5014005899429321 0.2595032751560211 0.6616089117094806
[40 INFO root] -0.5006115436553955 0.26011767983436584 0.6616089117094806
[40 INFO root] -0.49982255697250366 0.2607320547103882 0.6616089117094806
[40 INFO root] -0.4990335702896118 0.2613464593887329 0.6616089117094806
[40 INFO root] -0.4982445538043976 0.26196083426475525 0.6616089117094806
[40 INFO root] -0.49745553731918335 0.2625752091407776 0.6616089117094806
[40 INFO root] -0.4966665506362915 0.2631896138191223 0.6616089117094806
[40 INFO root] -0.49587753415107727 0.26380398869514465 0.6616089117094806
[40 INFO root] -0.49508851766586304 0.2644183933734894 0.6616089117094806
[40 INFO root] -0.4942995309829712 0.2650327682495117 0.6616089117094806
[40 INFO root] -0.49351051449775696 0.26564717292785645 0.6616089117094806
[40 INFO root] -0.4927215278148651 0.2662615478038788 0.6616089117094806
[40 INFO root] -0.4919325113296509 0.2668759226799011 0.6616089117094806
[40 INFO root] -0.49114349484443665 0.26749032735824585 0.6616089117094806
[40 INFO root] -0.4903545081615448 0.2681047022342682 0.6616089117094806
[40 INFO root] -0.48956549167633057 0.2687191069126129 0.6616089117094806
[40 INFO root] -0.4887765049934387 0.26933348178863525 0.6616089117094806
[40 INFO root] -0.4879874885082245 0.2699478566646576 0.6616089117094806
[40 INFO root] -0.48719847202301025 0.2705622613430023 0.6616089117094806
[40 INFO root] -0.4864094853401184 0.27117663621902466 0.6616089117094806
[40 INFO root] -0.4856204688549042 0.2717910408973694 0.6616089117094806
[40 INFO root] -0.48483148217201233 0.2724054157733917 0.6616089117094806
[40 INFO root] -0.4840424656867981 0.27301979064941406 0.6616089117094806
[40 INFO root] -0.48325344920158386 0.2736341953277588 0.6616089117094806
[40 INFO root] -0.482464462518692 0.27424857020378113 0.6616089117094806
[40 INFO root] -0.4816754460334778 0.27486297488212585 0.6616089117094806
[40 INFO root] -0.48088645935058594 0.2754773497581482 0.6616089117094806
[40 INFO root] -0.4800974428653717 0.27609172463417053 0.6616089117094806
[40 INFO root] -0.47930842638015747 0.27670612931251526 0.6616089117094806
[40 INFO root] -0.4785194396972656 0.2773205041885376 0.6616089117094806
[40 INFO root] -0.4777304232120514 0.2779349088668823 0.6616089117094806
[40 INFO root] -0.47694143652915955 0.27854928374290466 0.6616089117094806
[40 INFO root] -0.4761524200439453 0.2791636884212494 0.6616089117094806
[40 INFO root] -0.4753634035587311 0.27977806329727173 0.6616089117094806
[40 INFO root] -0.47457441687583923 0.28039243817329407 0.6616089117094806
[40 INFO root] -0.473785400390625 0.2810068428516388 0.6616089117094806
[40 INFO root] -0.47299641370773315 0.28162121772766113 0.6616089117094806
[40 INFO root] -0.4722073972225189 0.28223562240600586 0.6616089117094806
[40 INFO root] -0.4714183807373047 0.2828499972820282 0.6616089117094806
[40 INFO root] -0.47062939405441284 0.28346437215805054 0.6616089117094806
[40 INFO root] -0.4698403775691986 0.28407877683639526 0.6616089117094806
[40 INFO root] -0.4690513610839844 0.2846931517124176 0.6616089117094806
[40 INFO root] -0.46826237440109253 0.28530755639076233 0.6616089117094806
[40 INFO root] -0.46748027205467224 0.2859165668487549 0.6611598628751267
[40 INFO root] -0.4667494297027588 0.2864851951599121 0.6573168900670443
[40 INFO root] -0.46606677770614624 0.28701251745224 0.6500662488625156
