[13 INFO root] Initialising Python Geth Console...
[13 INFO root] Initialising RandB board...
[13 INFO root] Initialising resource sensor...
[13 INFO root] Initialising random-walk...
[13 INFO root] Initialising navigation...
[13 INFO root] Initialising Odo...
[13 INFO root] Initialising odometry...
[13 INFO root] Initialising gps...
[13 INFO root] Initialising Ground sensor...
[13 INFO root] --//-- Starting Experiment --//--
[13 INFO root] x y direction
[13 INFO root] -0.46440601348876953 0.00996319018304348 -1.7364525074186865
[13 INFO root] -0.4642685353755951 0.010785359889268875 -1.8119716071968726
[13 INFO root] -0.4640730917453766 0.01161202508956194 -1.9003552311430008
[13 INFO root] -0.4638735353946686 0.012218114919960499 -1.9940507127730274
[13 INFO root] -0.4637112617492676 0.012592371553182602 -2.0930058414548425
[13 INFO root] -0.4636363983154297 0.012730074115097523 -2.1970285705149593
[13 INFO root] -0.46370765566825867 0.01263390015810728 -2.305784003433901
[13 INFO root] -0.4639914631843567 0.012317550368607044 -2.4187137785016106
[13 INFO root] -0.4645591080188751 0.011809932067990303 -2.534909212665843
[13 INFO root] -0.46548041701316833 0.011159331537783146 -2.6529512889298688
[13 INFO root] -0.4668119251728058 0.010435723699629307 -2.7707894784917917
[13 INFO root] -0.4685811400413513 0.009727081283926964 -2.8857830974800214
[13 INFO root] -0.4707779288291931 0.009128080680966377 -2.9949945096403607
[13 INFO root] -0.4733460545539856 0.008723346516489983 -3.0956786263614875
[13 INFO root] -0.4761878252029419 0.008566289208829403 3.097386938346829
[13 INFO root] -0.4791921377182007 0.008673318661749363 3.0188332167316485
[13 INFO root] -0.4822540283203125 0.009027197025716305 2.9518185770993877
[13 INFO root] -0.4852893054485321 0.009589162655174732 2.8955400185252387
[13 INFO root] -0.4882393777370453 0.010312138125300407 2.848759443298699
[13 INFO root] -0.49106869101524353 0.011150369420647621 2.810098542291361
[13 INFO root] -0.4937593638896942 0.012064460664987564 2.7782316798211735
[13 INFO root] -0.49630534648895264 0.01302290242165327 2.7519827931515835
[13 INFO root] -0.49870774149894714 0.014001640491187572 2.730356463993876
[13 INFO root] -0.5009716153144836 0.014982841908931732 2.712532602091739
[13 INFO root] -0.5031039118766785 0.015953509137034416 2.697845053722065
[13 INFO root] -0.5051119327545166 0.016904257237911224 2.685755688200766
[13 INFO root] -0.5070027709007263 0.017828328534960747 2.6758295858604457
[13 INFO root] -0.5087831020355225 0.01872086524963379 2.6677135780964183
[13 INFO root] -0.5104348659515381 0.019566193222999573 2.6629162536035222
[13 INFO root] -0.5119324326515198 0.02034231461584568 2.6638189660747296
[13 INFO root] -0.5132917761802673 0.021046342328190804 2.6700064899317826
[13 INFO root] -0.514532744884491 0.021680235862731934 2.680841245598768
[13 INFO root] -0.5156729221343994 0.022247888147830963 2.6958051756887853
[13 INFO root] -0.5167279839515686 0.022754160687327385 2.7144826739387153
[13 INFO root] -0.5177116990089417 0.023204246535897255 2.7365423624742347
[13 INFO root] -0.5186362862586975 0.023603243753314018 2.761723173094085
[13 INFO root] -0.5195130109786987 0.02395600453019142 2.7898189737665473
[13 INFO root] -0.5203530192375183 0.024267127737402916 2.8206614784799777
[13 INFO root] -0.5211663842201233 0.024540411308407784 2.8541146282684497
[13 INFO root] -0.5219623446464539 0.024778734892606735 2.890066873580679
[13 INFO root] -0.5227493643760681 0.02498403564095497 2.9284227982774023
[13 INFO root] -0.5235680341720581 0.02516443468630314 2.968608783853637
[13 INFO root] -0.5244365334510803 0.025319620966911316 3.0102810975375953
[13 INFO root] -0.5253607630729675 0.02544541284441948 3.0532195109810347
[13 INFO root] -0.5263447761535645 0.025536637753248215 3.097178343239291
[13 INFO root] -0.5273913145065308 0.025587523356080055 -3.1413176026994694
[13 INFO root] -0.5285018086433411 0.025591926649212837 -3.096234631125822
[13 INFO root] -0.5296756625175476 0.025543684139847755 -3.051141888767956
[13 INFO root] -0.530910074710846 0.02543707750737667 -3.0064661244219746
[13 INFO root] -0.5321996808052063 0.025267360731959343 -2.9626682193672034
[13 INFO root] -0.5335366725921631 0.02503136545419693 -2.9202292355859014
[13 INFO root] -0.5349108576774597 0.024728037416934967 -2.8796316424037416
[13 INFO root] -0.5363098382949829 0.024358872324228287 -2.8413370691051485
[13 INFO root] -0.5377198457717896 0.02392813190817833 -2.8057629368667074
[13 INFO root] -0.5391262769699097 0.023442773148417473 -2.7732610154497603
[13 INFO root] -0.5405147671699524 0.022912075743079185 -2.744101010695263
[13 INFO root] -0.5418718457221985 0.022347023710608482 -2.7184615698181793
[13 INFO root] -0.5431856513023376 0.021759506314992905 -2.6964297321482524
[13 INFO root] -0.5444464087486267 0.021161487326025963 -2.6780082585007747
[13 INFO root] -0.5456467866897583 0.020564252510666847 -2.6631289396214335
[13 INFO root] -0.5467817783355713 0.01997782289981842 -2.651669274309108
[13 INFO root] -0.5478485822677612 0.019410574808716774 -2.64346990692338
[13 INFO root] -0.5488467216491699 0.018868835642933846 -2.6383306854844144
[13 INFO root] -0.5497779250144958 0.018356820568442345 -2.6360263523262906
[13 INFO root] -0.5506578087806702 0.017870048061013222 -2.635824040306418
[13 INFO root] -0.5515325665473938 0.017385585233569145 -2.635824040306418
[13 INFO root] -0.5524073839187622 0.016901105642318726 -2.635824040306418
[13 INFO root] -0.5532822012901306 0.016416626051068306 -2.635824040306418
[13 INFO root] -0.554157018661499 0.015932146459817886 -2.635824040306418
[13 INFO root] -0.5550317764282227 0.015447665937244892 -2.635824040306418
[13 INFO root] -0.5559065937995911 0.014963185414671898 -2.635824040306418
[13 INFO root] -0.5567814111709595 0.014478705823421478 -2.635824040306418
[13 INFO root] -0.5576562285423279 0.013994226232171059 -2.635824040306418
[13 INFO root] -0.5585309863090515 0.013509745709598064 -2.635824040306418
[13 INFO root] -0.5594058036804199 0.013025266118347645 -2.635824040306418
[13 INFO root] -0.5602806210517883 0.01254078559577465 -2.635824040306418
[13 INFO root] -0.5611554384231567 0.012056306004524231 -2.635824040306418
[13 INFO root] -0.5620301961898804 0.011571826413273811 -2.635824040306418
[13 INFO root] -0.5629050135612488 0.011087345890700817 -2.635824040306418
[13 INFO root] -0.5637798309326172 0.010602866299450397 -2.635824040306418
[13 INFO root] -0.5646546483039856 0.010118385776877403 -2.635824040306418
[13 INFO root] -0.5655294060707092 0.009633906185626984 -2.635824040306418
[13 INFO root] -0.5664042234420776 0.009149426594376564 -2.635824040306418
[13 INFO root] -0.567279040813446 0.00866494607180357 -2.635824040306418
[13 INFO root] -0.5681538581848145 0.00818046648055315 -2.635824040306418
[13 INFO root] -0.5690286159515381 0.007695986423641443 -2.635824040306418
[13 INFO root] -0.5699034333229065 0.007211506366729736 -2.635824040306418
[13 INFO root] -0.5707782506942749 0.006727026309818029 -2.635824040306418
[13 INFO root] -0.5716530680656433 0.00624254671856761 -2.635824040306418
[13 INFO root] -0.5725278258323669 0.005758066661655903 -2.635824040306418
[13 INFO root] -0.5734026432037354 0.005273586604744196 -2.635824040306418
[13 INFO root] -0.5742774605751038 0.004789106547832489 -2.635824040306418
[13 INFO root] -0.5751522779464722 0.004304626956582069 -2.635824040306418
[13 INFO root] -0.5760270357131958 0.003820146666839719 -2.635824040306418
[13 INFO root] -0.5769018530845642 0.0033356668427586555 -2.635824040306418
[13 INFO root] -0.5777766704559326 0.0028511867858469486 -2.635824040306418
[13 INFO root] -0.578651487827301 0.0023667069617658854 -2.635824040306418
[13 INFO root] -0.5795262455940247 0.0018822269048541784 -2.635824040306418
[13 INFO root] -0.5804010629653931 0.0013977469643577933 -2.635824040306418
[13 INFO root] -0.5812758803367615 0.0009132670238614082 -2.635824040306418
[13 INFO root] -0.5821506977081299 0.0004287870542611927 -2.635824040306418
[13 INFO root] -0.5830254554748535 -5.5692889873171225e-05 -2.635824040306418
[13 INFO root] -0.5839002728462219 -0.000540172855835408 -2.635824040306418
[13 INFO root] -0.5847750902175903 -0.001024652854539454 -2.635824040306418
[13 INFO root] -0.5856499075889587 -0.001509132795035839 -2.635824040306418
[13 INFO root] -0.5865246653556824 -0.0019936126191169024 -2.635824040306418
[13 INFO root] -0.5873994827270508 -0.0024780926760286093 -2.635824040306418
[13 INFO root] -0.5882743000984192 -0.002962572732940316 -2.635824040306418
[13 INFO root] -0.5891491174697876 -0.0034470525570213795 -2.635824040306418
[13 INFO root] -0.5900238752365112 -0.003931532613933086 -2.635824040306418
[13 INFO root] -0.5908986926078796 -0.004416012670844793 -2.635824040306418
[13 INFO root] -0.591773509979248 -0.004900492262095213 -2.635824040306418
[13 INFO root] -0.5926483273506165 -0.00538497231900692 -2.635824040306418
[13 INFO root] -0.5935230851173401 -0.005869452375918627 -2.635824040306418
[13 INFO root] -0.5943979024887085 -0.006353932432830334 -2.635824040306418
[13 INFO root] -0.5952727198600769 -0.006838412489742041 -2.635824040306418
[13 INFO root] -0.5961475372314453 -0.00732289208099246 -2.635824040306418
[13 INFO root] -0.597022294998169 -0.007807372137904167 -2.635824040306418
[13 INFO root] -0.5978971123695374 -0.008291851729154587 -2.635824040306418
[13 INFO root] -0.5987719297409058 -0.008776332251727581 -2.635824040306418
[13 INFO root] -0.5996467471122742 -0.009260811842978 -2.635824040306418
[13 INFO root] -0.6005215048789978 -0.009745292365550995 -2.635824040306418
[13 INFO root] -0.6013963222503662 -0.010229771956801414 -2.635824040306418
[13 INFO root] -0.6022711396217346 -0.010714251548051834 -2.635824040306418
[13 INFO root] -0.603145956993103 -0.011198732070624828 -2.635824040306418
[13 INFO root] -0.6040207147598267 -0.011683211661875248 -2.635824040306418
[13 INFO root] -0.6048955321311951 -0.012167692184448242 -2.635824040306418
[13 INFO root] -0.6057703495025635 -0.012652171775698662 -2.635824040306418
[13 INFO root] -0.6066451668739319 -0.013136651366949081 -2.635824040306418
[13 INFO root] -0.6075199246406555 -0.013621131889522076 -2.635824040306418
[13 INFO root] -0.6083947420120239 -0.014105611480772495 -2.635824040306418
[13 INFO root] -0.6092695593833923 -0.01459009200334549 -2.635824040306418
[13 INFO root] -0.6101443767547607 -0.015074571594595909 -2.635824040306418
[13 INFO root] -0.6110191345214844 -0.015559051185846329 -2.635824040306418
[13 INFO root] -0.6118939518928528 -0.01604353077709675 -2.635824040306418
[13 INFO root] -0.6127687692642212 -0.016528012230992317 -2.635824040306418
[13 INFO root] -0.6136435866355896 -0.017012491822242737 -2.635824040306418
[13 INFO root] -0.6145183444023132 -0.017496971413493156 -2.635824040306418
[13 INFO root] -0.6153931617736816 -0.017981451004743576 -2.635824040306418
[13 INFO root] -0.61626797914505 -0.018465930595993996 -2.635824040306418
[13 INFO root] -0.6171427965164185 -0.018950412049889565 -2.635824040306418
[13 INFO root] -0.6180175542831421 -0.019434891641139984 -2.635824040306418
[13 INFO root] -0.6188923716545105 -0.019919371232390404 -2.635824040306418
[13 INFO root] -0.6197671890258789 -0.020403850823640823 -2.635824040306418
[13 INFO root] -0.6206420063972473 -0.020888330414891243 -2.635824040306418
[13 INFO root] -0.6215129494667053 -0.02137068659067154 -2.637436330149448
[13 INFO root] -0.6223757863044739 -0.021846918389201164 -2.643003916380782
[13 INFO root] -0.6232339143753052 -0.02231476455926895 -2.6525595397827644
[13 INFO root] -0.6240749955177307 -0.022763388231396675 -2.664553185985825
[13 INFO root] -0.6248850226402283 -0.02318335510790348 -2.6774230229233407
[13 INFO root] -0.6256681084632874 -0.02357669547200203 -2.691055381575112
[13 INFO root] -0.6264294981956482 -0.023946324363350868 -2.7054744191969826
[13 INFO root] -0.6271739602088928 -0.024294620379805565 -2.7206744772396303
[13 INFO root] -0.6279054880142212 -0.024623475968837738 -2.7366249295926894
[13 INFO root] -0.6286275386810303 -0.02493436634540558 -2.7532750870638254
[13 INFO root] -0.629342794418335 -0.025228401646018028 -2.770558020041995
[13 INFO root] -0.6300536394119263 -0.025506386533379555 -2.7883935980186516
[13 INFO root] -0.6307616829872131 -0.025768857449293137 -2.806690970065111
[13 INFO root] -0.6314680576324463 -0.02601614221930504 -2.825350646840743
[13 INFO root] -0.6321733593940735 -0.026248399168252945 -2.8442668311998656
[13 INFO root] -0.6328776478767395 -0.02646566554903984 -2.8633289809924523
[13 INFO root] -0.6335804462432861 -0.02666790410876274 -2.8824228204286433
[13 INFO root] -0.6342808604240417 -0.026855040341615677 -2.901431147631818
[13 INFO root] -0.6349772810935974 -0.027027010917663574 -2.9202345340138125
[13 INFO root] -0.6356678009033203 -0.027183793485164642 -2.9387119425764734
[13 INFO root] -0.6363003849983215 -0.027315251529216766 -2.957110857198964
[13 INFO root] -0.6368478536605835 -0.02741861157119274 -2.975723721215652
[13 INFO root] -0.6373177766799927 -0.027498312294483185 -2.9946851245802764
[13 INFO root] -0.6377192735671997 -0.027558619156479836 -3.014081118354774
[13 INFO root] -0.6380591988563538 -0.02760298177599907 -3.033970375434448
[13 INFO root] -0.6383427977561951 -0.02763429656624794 -3.0543984569193037
[13 INFO root] -0.6385741829872131 -0.027655096724629402 -3.075411757497148
[13 INFO root] -0.638757050037384 -0.02766769379377365 -3.0970702094344342
[13 INFO root] -0.6388952732086182 -0.027674240991473198 -3.119458553863631
[13 INFO root] -0.6389935612678528 -0.027676716446876526 3.1404897231676396
[13 INFO root] -0.6390579342842102 -0.027676863595843315 3.116244970634004
[13 INFO root] -0.6390960216522217 -0.027676045894622803 3.090791415446352
[13 INFO root] -0.6391181349754333 -0.02767501026391983 3.063840995478694
[13 INFO root] -0.6391355991363525 -0.02767370641231537 3.0350793852425437
[13 INFO root] -0.6391593217849731 -0.027671219781041145 3.0042116850127103
[13 INFO root] -0.6391993165016174 -0.027665765956044197 2.9709878416514943
[13 INFO root] -0.6392642855644226 -0.02765471860766411 2.9352183664872893
[13 INFO root] -0.6393612623214722 -0.02763466350734234 2.896782252186313
[13 INFO root] -0.6394956707954407 -0.027601487934589386 2.8556280607752726
[13 INFO root] -0.6397058367729187 -0.027540313079953194 2.813869429109135
[13 INFO root] -0.6399837136268616 -0.02744683250784874 2.7718931641811184
[13 INFO root] -0.640313982963562 -0.027320219203829765 2.729732939445272
[13 INFO root] -0.640683114528656 -0.02716059796512127 2.6874207521041047
[13 INFO root] -0.6410800218582153 -0.026968741789460182 2.645003438973915
[13 INFO root] -0.6414949893951416 -0.026746032759547234 2.602540759158078
[13 INFO root] -0.6419202089309692 -0.026494039222598076 2.560088788534658
[13 INFO root] -0.6423497200012207 -0.0262142326682806 2.5176989132112606
[13 INFO root] -0.6427783966064453 -0.02590836025774479 2.475435110606693
[13 INFO root] -0.6432015299797058 -0.025578614324331284 2.4333781745315606
[13 INFO root] -0.6436147093772888 -0.025227708742022514 2.391626557398721
[13 INFO root] -0.6440139412879944 -0.024858936667442322 2.350296981251813
[13 INFO root] -0.6443952918052673 -0.02447620779275894 2.309525043450445
[13 INFO root] -0.644755482673645 -0.024084044620394707 2.26946571510527
[13 INFO root] -0.6450912952423096 -0.023687565699219704 2.2302934060229247
[13 INFO root] -0.6454002261161804 -0.02329244092106819 2.1922010534921252
[13 INFO root] -0.6456801295280457 -0.022904803976416588 2.1553975963375063
[13 INFO root] -0.6459294557571411 -0.022531138733029366 2.1201033393051962
[13 INFO root] -0.6461474299430847 -0.022178102284669876 2.08654314484062
[13 INFO root] -0.6463337540626526 -0.02185230143368244 2.0549380324978945
[13 INFO root] -0.6464887857437134 -0.021560003980994225 2.0254964046522157
[13 INFO root] -0.646613597869873 -0.02130679413676262 1.9984064895759874
[13 INFO root] -0.6467099785804749 -0.02109723910689354 1.9738315244836904
[13 INFO root] -0.6467798948287964 -0.020934563130140305 1.9519086991291998
[13 INFO root] -0.6468260884284973 -0.020820381119847298 1.9327521250716742
[13 INFO root] -0.6468512415885925 -0.020754534751176834 1.9164593200144593
[13 INFO root] -0.6468583941459656 -0.020734982565045357 1.9031205527456525
[13 INFO root] -0.6468505859375 -0.02075777016580105 1.8928299199096064
[13 INFO root] -0.6468307375907898 -0.02081707864999771 1.885695607700304
[13 INFO root] -0.6468018889427185 -0.020905423909425735 1.8818469382351426
[13 INFO root] -0.6467669606208801 -0.02101399190723896 1.8814363126049598
[13 INFO root] -0.6467287540435791 -0.02113310806453228 1.8846351069878413
[13 INFO root] -0.6466898918151855 -0.021252810955047607 1.8916239742147998
[13 INFO root] -0.6466532349586487 -0.02136344462633133 1.9025794262629276
[13 INFO root] -0.6466289162635803 -0.02143448032438755 1.9180952917738872
[13 INFO root] -0.64662766456604 -0.021438229829072952 1.9387278707510793
[13 INFO root] -0.64665687084198 -0.02136247418820858 1.9637963643572702
[13 INFO root] -0.6467260718345642 -0.0211949422955513 1.9917294369006726
[13 INFO root] -0.646840512752533 -0.02093805931508541 2.022230173698195
[13 INFO root] -0.6470047235488892 -0.02059728093445301 2.055100645791662
[13 INFO root] -0.647223174571991 -0.02017928846180439 2.090098517333823
[13 INFO root] -0.6474999189376831 -0.019691823050379753 2.126947584815799
[13 INFO root] -0.647838294506073 -0.019143495708703995 2.1653484562126244
[13 INFO root] -0.6482409238815308 -0.018543558195233345 2.204989227256896
[13 INFO root] -0.6487094163894653 -0.01790168322622776 2.2455555522924846
[13 INFO root] -0.649244487285614 -0.017227696254849434 2.2867396316443758
[13 INFO root] -0.649845540523529 -0.01653132773935795 2.3282477289374315
[13 INFO root] -0.6505110263824463 -0.015821967273950577 2.3698059178613398
[13 INFO root] -0.6512384414672852 -0.015108422376215458 2.4111638622597287
[13 INFO root] -0.6520259380340576 -0.014397375285625458 2.452222695324502
[13 INFO root] -0.6528719663619995 -0.013694370165467262 2.492888732783882
[13 INFO root] -0.6537742614746094 -0.013004656881093979 2.5330367917249914
[13 INFO root] -0.6547297835350037 -0.0123332804068923 2.572519351540702
[13 INFO root] -0.6557347178459167 -0.011684972792863846 2.6111784764052266
[13 INFO root] -0.6567843556404114 -0.011064020916819572 2.648855720369973
[13 INFO root] -0.6578733325004578 -0.010474137030541897 2.6853999816528082
[13 INFO root] -0.6589956283569336 -0.009918352589011192 2.7206734225420024
[13 INFO root] -0.6601450443267822 -0.009398944675922394 2.7545555780693567
[13 INFO root] -0.6613150835037231 -0.008917407132685184 2.7869458174705986
[13 INFO root] -0.6624994874000549 -0.008474458009004593 2.8177643741422784
[13 INFO root] -0.6636919975280762 -0.008070084266364574 2.8469522017314266
[13 INFO root] -0.6648869514465332 -0.007703619077801704 2.8744699345333777
[13 INFO root] -0.6660789847373962 -0.007373835891485214 2.900296244323937
[13 INFO root] -0.6672583818435669 -0.007080308627337217 2.9245219607639785
[13 INFO root] -0.6684156060218811 -0.0068220775574445724 2.947288290021397
[13 INFO root] -0.6695433259010315 -0.006597418338060379 2.9687499310636105
[13 INFO root] -0.6706362366676331 -0.00640411302447319 2.9890641702783984
[13 INFO root] -0.6716909408569336 -0.006239705253392458 3.008385632968358
[13 INFO root] -0.6727055311203003 -0.006101679988205433 3.0268630061164954
[13 INFO root] -0.6736791729927063 -0.005987587384879589 3.0446370898178645
[13 INFO root] -0.6746119856834412 -0.0058951168321073055 3.0618397502191494
[13 INFO root] -0.6755049228668213 -0.005822143517434597 3.078593484847292
[13 INFO root] -0.6763592958450317 -0.005766749382019043 3.0950113754279975
[13 INFO root] -0.6771769523620605 -0.005727232433855534 3.1111972951827456
[13 INFO root] -0.6779599785804749 -0.005702105350792408 3.127246268042882
[13 INFO root] -0.6787105798721313 -0.005690084304660559 -3.1399404125564128
[13 INFO root] -0.679431140422821 -0.005690079182386398 -3.1239134797327623
[13 INFO root] -0.6801239252090454 -0.005701178219169378 -3.1077870516294315
[13 INFO root] -0.6807913184165955 -0.005722635425627232 -3.0914969249731596
[13 INFO root] -0.6814356446266174 -0.0057538533583283424 -3.074985424348965
[13 INFO root] -0.6820589900016785 -0.005794371012598276 -3.0582009480585617
[13 INFO root] -0.6826635003089905 -0.00584384985268116 -3.0410975532131013
[13 INFO root] -0.6832510828971863 -0.00590206403285265 -3.023634577092065
[13 INFO root] -0.6838237047195435 -0.005968887824565172 -3.005776288088498
[13 INFO root] -0.6843833923339844 -0.006044337060302496 -2.987490430345528
[13 INFO root] -0.6849459409713745 -0.006130671594291925 -2.9687189884456733
[13 INFO root] -0.6855131983757019 -0.006228638347238302 -2.949443197634336
[13 INFO root] -0.6860854625701904 -0.006338843144476414 -2.92965181684503
[13 INFO root] -0.6866631507873535 -0.006461965385824442 -2.9093399206118145
[13 INFO root] -0.6872467398643494 -0.006598765030503273 -2.8885092755047364
[13 INFO root] -0.6878368258476257 -0.006750081200152636 -2.8671684277579548
[13 INFO root] -0.6884339451789856 -0.00691683404147625 -2.8453329109722842
[13 INFO root] -0.6890386939048767 -0.007100020535290241 -2.823025546155803
[13 INFO root] -0.6896517276763916 -0.0073007093742489815 -2.8002768594806735
[13 INFO root] -0.6902735829353333 -0.0075200325809419155 -2.77712556082155
[13 INFO root] -0.6909046769142151 -0.007759173400700092 -2.753619066863968
[13 INFO root] -0.6915454864501953 -0.008019349537789822 -2.7298140725589835
[13 INFO root] -0.6921963095664978 -0.008301792666316032 -2.7057771295866204
[13 INFO root] -0.6928573250770569 -0.008607720956206322 -2.6815851897556273
[13 INFO root] -0.6935285329818726 -0.008938309736549854 -2.657326127859737
[13 INFO root] -0.6942098736763 -0.009294653311371803 -2.633099138058975
[13 INFO root] -0.6949009299278259 -0.009677723981440067 -2.6090150342487157
[13 INFO root] -0.6956014037132263 -0.010088327340781689 -2.5851963868000896
[13 INFO root] -0.6963104605674744 -0.01052705105394125 -2.561777424119967
[13 INFO root] -0.6970273852348328 -0.010994221083819866 -2.53890371667862
[13 INFO root] -0.6977511048316956 -0.011489844880998135 -2.516731553220958
[13 INFO root] -0.6984805464744568 -0.012013575062155724 -2.495426987613302
[13 INFO root] -0.6992144584655762 -0.01256466656923294 -2.4751645072581647
[13 INFO root] -0.6999515295028687 -0.013141948729753494 -2.456125280065942
[13 INFO root] -0.7006903290748596 -0.013743813149631023 -2.438494926485903
[13 INFO root] -0.7014296054840088 -0.014368216507136822 -2.4224607317583953
[13 INFO root] -0.7021681070327759 -0.01501269731670618 -2.4082082271702845
[13 INFO root] -0.7029045820236206 -0.015674421563744545 -2.395917046341031
[13 INFO root] -0.7036381363868713 -0.016350246965885162 -2.385755944886486
[13 INFO root] -0.704367995262146 -0.01703680120408535 -2.3778769209837654
[13 INFO root] -0.7050936818122864 -0.017730584368109703 -2.3724084586464347
[13 INFO root] -0.7058150172233582 -0.01842809095978737 -2.3694480442271417
[13 INFO root] -0.7065320014953613 -0.019125917926430702 -2.3690543509247277
[13 INFO root] -0.7072481513023376 -0.019823860377073288 -2.3690407035190937
[13 INFO root] -0.707964301109314 -0.020521823316812515 -2.3690407035190937
[13 INFO root] -0.7086804509162903 -0.02121978998184204 -2.3690407035190937
[13 INFO root] -0.7093966007232666 -0.021917754784226418 -2.3690407035190937
[13 INFO root] -0.7101126909255981 -0.022615719586610794 -2.3690407035190937
[13 INFO root] -0.7108288407325745 -0.02331368438899517 -2.3690407035190937
[13 INFO root] -0.7115449905395508 -0.024011649191379547 -2.3690407035190937
[13 INFO root] -0.7122610807418823 -0.024709613993763924 -2.3690407035190937
[13 INFO root] -0.7129772305488586 -0.0254075787961483 -2.3690407035190937
[13 INFO root] -0.713693380355835 -0.026105543598532677 -2.3690407035190937
[13 INFO root] -0.7144094705581665 -0.026803508400917053 -2.3690407035190937
[13 INFO root] -0.7151256203651428 -0.02750147506594658 -2.3690407035190937
[13 INFO root] -0.7158417701721191 -0.028199439868330956 -2.3690407035190937
[13 INFO root] -0.7165579199790955 -0.028897404670715332 -2.3690407035190937
[13 INFO root] -0.717274010181427 -0.02959536947309971 -2.3690407035190937
[13 INFO root] -0.7179901599884033 -0.030293334275484085 -2.3690407035190937
[13 INFO root] -0.7187063097953796 -0.03099129907786846 -2.3690407035190937
[13 INFO root] -0.7194223999977112 -0.03168926388025284 -2.3690407035190937
[13 INFO root] -0.7201385498046875 -0.032387230545282364 -2.3690407035190937
[13 INFO root] -0.7208546996116638 -0.03308519348502159 -2.3690407035190937
[13 INFO root] -0.7215707898139954 -0.03378316015005112 -2.3690407035190937
[13 INFO root] -0.7222869396209717 -0.034481123089790344 -2.3690407035190937
[13 INFO root] -0.723003089427948 -0.03517908975481987 -2.3690407035190937
[13 INFO root] -0.7237192392349243 -0.035877056419849396 -2.3690407035190937
[13 INFO root] -0.7244353294372559 -0.03657501935958862 -2.3690407035190937
[13 INFO root] -0.7251514792442322 -0.03727298602461815 -2.3690407035190937
[13 INFO root] -0.7258676290512085 -0.037970948964357376 -2.3690407035190937
[13 INFO root] -0.72658371925354 -0.0386689156293869 -2.3690407035190937
[13 INFO root] -0.7272998690605164 -0.03936687856912613 -2.3690407035190937
[13 INFO root] -0.7280160188674927 -0.040064845234155655 -2.3690407035190937
[13 INFO root] -0.7287321090698242 -0.04076280817389488 -2.3690407035190937
[13 INFO root] -0.7294482588768005 -0.04146077483892441 -2.3690407035190937
[13 INFO root] -0.7301644086837769 -0.042158741503953934 -2.3690407035190937
[13 INFO root] -0.7308805584907532 -0.04285670444369316 -2.3690407035190937
[13 INFO root] -0.7315966486930847 -0.04355467110872269 -2.3690407035190937
[13 INFO root] -0.732312798500061 -0.044252634048461914 -2.3690407035190937
[13 INFO root] -0.7330289483070374 -0.04495060071349144 -2.3690407035190937
[13 INFO root] -0.7337450385093689 -0.04564856365323067 -2.3690407035190937
[13 INFO root] -0.7344611883163452 -0.04634653031826019 -2.3690407035190937
[13 INFO root] -0.7351773381233215 -0.04704449325799942 -2.3690407035190937
[13 INFO root] -0.7358934283256531 -0.047742459923028946 -2.3690407035190937
[13 INFO root] -0.7366095781326294 -0.04844042658805847 -2.3690407035190937
[13 INFO root] -0.7373257279396057 -0.0491383895277977 -2.3690407035190937
[13 INFO root] -0.7380418181419373 -0.049836356192827225 -2.3690407035190937
[13 INFO root] -0.7387579679489136 -0.05053431913256645 -2.3690407035190937
[13 INFO root] -0.7394741177558899 -0.05123228579759598 -2.3690407035190937
[13 INFO root] -0.7401902675628662 -0.051930248737335205 -2.3690407035190937
[13 INFO root] -0.7409063577651978 -0.05262821540236473 -2.3690407035190937
[13 INFO root] -0.7416225075721741 -0.05332618206739426 -2.3690407035190937
[13 INFO root] -0.7423386573791504 -0.054024145007133484 -2.3690407035190937
[13 INFO root] -0.7430547475814819 -0.05472211167216301 -2.3690407035190937
[13 INFO root] -0.7437708973884583 -0.05542007461190224 -2.3690407035190937
[13 INFO root] -0.7444870471954346 -0.05611804127693176 -2.3690407035190937
[13 INFO root] -0.7452031373977661 -0.05681600421667099 -2.3690407035190937
[13 INFO root] -0.7459192872047424 -0.057513970881700516 -2.3690407035190937
[13 INFO root] -0.7466354370117188 -0.05821193382143974 -2.3690407035190937
[13 INFO root] -0.7473515868186951 -0.05890990048646927 -2.3690407035190937
[13 INFO root] -0.7480676770210266 -0.059607867151498795 -2.3690407035190937
[13 INFO root] -0.7487838268280029 -0.06030583009123802 -2.3690407035190937
[13 INFO root] -0.7494999766349792 -0.06100379675626755 -2.3690407035190937
[13 INFO root] -0.7502160668373108 -0.061701759696006775 -2.3690407035190937
[13 INFO root] -0.7509322166442871 -0.0623997263610363 -2.3690407035190937
[13 INFO root] -0.7516483664512634 -0.06309769302606583 -2.3690407035190937
[13 INFO root] -0.752364456653595 -0.06379565596580505 -2.3690407035190937
[13 INFO root] -0.7530806064605713 -0.06449361890554428 -2.3690407035190937
[13 INFO root] -0.7537967562675476 -0.0651915892958641 -2.3690407035190937
[13 INFO root] -0.7545129060745239 -0.06588955223560333 -2.3690407035190937
[13 INFO root] -0.7552289962768555 -0.06658751517534256 -2.3690407035190937
[13 INFO root] -0.7559451460838318 -0.06728547811508179 -2.3690407035190937
[13 INFO root] -0.7566612958908081 -0.06798344850540161 -2.3690407035190937
[13 INFO root] -0.7573773860931396 -0.06868141144514084 -2.3690407035190937
[13 INFO root] -0.758093535900116 -0.06937937438488007 -2.3690407035190937
[13 INFO root] -0.7588096857070923 -0.0700773373246193 -2.3690407035190937
[13 INFO root] -0.7595257759094238 -0.07077530771493912 -2.3690407035190937
[13 INFO root] -0.7602419257164001 -0.07147327065467834 -2.3690407035190937
[13 INFO root] -0.7609580755233765 -0.07217123359441757 -2.3690407035190937
[13 INFO root] -0.7616742253303528 -0.0728692039847374 -2.3690407035190937
[13 INFO root] -0.7623903155326843 -0.07356716692447662 -2.3690407035190937
[13 INFO root] -0.7631064653396606 -0.07426512986421585 -2.3690407035190937
[13 INFO root] -0.763822615146637 -0.07496309280395508 -2.3690407035190937
[13 INFO root] -0.7645387053489685 -0.0756610631942749 -2.3690407035190937
[13 INFO root] -0.7652548551559448 -0.07635902613401413 -2.3690407035190937
[13 INFO root] -0.7659710049629211 -0.07705698907375336 -2.3690407035190937
[13 INFO root] -0.7666870951652527 -0.07775495946407318 -2.3690407035190937
[13 INFO root] -0.767403244972229 -0.07845292240381241 -2.3690407035190937
[13 INFO root] -0.7681193947792053 -0.07915088534355164 -2.3690407035190937
[13 INFO root] -0.7688355445861816 -0.07984884828329086 -2.3690407035190937
[13 INFO root] -0.7695516347885132 -0.08054681867361069 -2.3690407035190937
[13 INFO root] -0.7702677845954895 -0.08124478161334991 -2.3690407035190937
[13 INFO root] -0.7709839344024658 -0.08194274455308914 -2.3690407035190937
[13 INFO root] -0.7717000246047974 -0.08264071494340897 -2.3690407035190937
[13 INFO root] -0.7724161744117737 -0.0833386778831482 -2.3690407035190937
[13 INFO root] -0.77313232421875 -0.08403664082288742 -2.3690407035190937
[13 INFO root] -0.7738484144210815 -0.08473460376262665 -2.3690407035190937
[13 INFO root] -0.7745645642280579 -0.08543257415294647 -2.3690407035190937
[13 INFO root] -0.7752807140350342 -0.0861305370926857 -2.3690407035190937
[13 INFO root] -0.7759968042373657 -0.08682850003242493 -2.3690407035190937
[13 INFO root] -0.776712954044342 -0.08752646297216415 -2.3690407035190937
[13 INFO root] -0.7774291038513184 -0.08822443336248398 -2.3690407035190937
[13 INFO root] -0.7781452536582947 -0.0889223963022232 -2.3690407035190937
[13 INFO root] -0.7788613438606262 -0.08962035924196243 -2.3690407035190937
[13 INFO root] -0.7795774936676025 -0.09031832963228226 -2.3690407035190937
[13 INFO root] -0.7802936434745789 -0.09101629257202148 -2.3690407035190937
[13 INFO root] -0.7810097336769104 -0.09171425551176071 -2.3690407035190937
[13 INFO root] -0.7817258834838867 -0.09241221845149994 -2.3690407035190937
[13 INFO root] -0.782442033290863 -0.09311018884181976 -2.3690407035190937
[13 INFO root] -0.7831581234931946 -0.09380815178155899 -2.3690407035190937
[13 INFO root] -0.7838742733001709 -0.09450611472129822 -2.3690407035190937
[13 INFO root] -0.7845904231071472 -0.09520408511161804 -2.3690407035190937
[13 INFO root] -0.7853065729141235 -0.09590204805135727 -2.3690407035190937
[13 INFO root] -0.7860226631164551 -0.0966000109910965 -2.3690407035190937
[13 INFO root] -0.7867388129234314 -0.09729797393083572 -2.3690407035190937
[13 INFO root] -0.7874549627304077 -0.09799594432115555 -2.3690407035190937
[13 INFO root] -0.7881710529327393 -0.09869390726089478 -2.3690407035190937
[13 INFO root] -0.7888872027397156 -0.099391870200634 -2.3690407035190937
[13 INFO root] -0.7896033525466919 -0.10008984059095383 -2.3690407035190937
[13 INFO root] -0.7903194427490234 -0.10078780353069305 -2.3690407035190937
[13 INFO root] -0.7910355925559998 -0.10148576647043228 -2.3690407035190937
[13 INFO root] -0.7917517423629761 -0.10218372941017151 -2.3690407035190937
[13 INFO root] -0.7924678921699524 -0.10288169980049133 -2.3690407035190937
[13 INFO root] -0.7931839823722839 -0.10357966274023056 -2.3690407035190937
[13 INFO root] -0.7939001321792603 -0.10427762567996979 -2.3690407035190937
[13 INFO root] -0.7945853471755981 -0.10494543612003326 -2.367761001705133
[13 INFO root] -0.795233428478241 -0.10557852685451508 -2.364973161054364
[13 INFO root] -0.7958452105522156 -0.1061793640255928 -2.360730424605394
[13 INFO root] -0.7964223027229309 -0.10675071179866791 -2.355093694886935
[13 INFO root] -0.7969662547111511 -0.1072952002286911 -2.3481138501654653
[13 INFO root] -0.7974787950515747 -0.10781531780958176 -2.3398329589773192
[13 INFO root] -0.7979616522789001 -0.1083134263753891 -2.330285060239698
[13 INFO root] -0.798416793346405 -0.1087917760014534 -2.319497048475233
[13 INFO root] -0.7988458275794983 -0.10925251245498657 -2.3074890063625384
[13 INFO root] -0.7992506623268127 -0.10969771444797516 -2.2942754585476854
[13 INFO root] -0.7996330261230469 -0.11012938618659973 -2.279865425977098
[13 INFO root] -0.7999945282936096 -0.11054948717355728 -2.264263139926635
[13 INFO root] -0.8003367781639099 -0.11095994710922241 -2.2474686810621023
[13 INFO root] -0.8006613850593567 -0.11136268824338913 -2.2294783231870916
[13 INFO root] -0.8009697794914246 -0.11175962537527084 -2.2102847952144264
[13 INFO root] -0.8012633323669434 -0.11215267330408096 -2.189877874820977
[13 INFO root] -0.8015432357788086 -0.11254381388425827 -2.1682447755919223
[13 INFO root] -0.8018107414245605 -0.11293505877256393 -2.145370745339232
[13 INFO root] -0.8020667433738708 -0.1133284866809845 -2.1212392047729027
[13 INFO root] -0.8023121953010559 -0.11372626572847366 -2.095832752029225
[13 INFO root] -0.802547812461853 -0.1141306459903717 -2.069133395527897
[13 INFO root] -0.8027741312980652 -0.11454400420188904 -2.0411233938238675
[13 INFO root] -0.8029915690422058 -0.11496882885694504 -2.011786098844542
[13 INFO root] -0.8032003045082092 -0.11540773510932922 -1.981106721054542
[13 INFO root] -0.8034001588821411 -0.11586347967386246 -1.9490734385470234
[13 INFO root] -0.8035908341407776 -0.11633893102407455 -1.9156789340017455
[13 INFO root] -0.8037716150283813 -0.11683709919452667 -1.8809214819283255
[13 INFO root] -0.8039414882659912 -0.11736110597848892 -1.8448067978999838
[13 INFO root] -0.8040990233421326 -0.117914117872715 -1.8073497653256154
[13 INFO root] -0.8042423129081726 -0.11849937587976456 -1.768576523416091
[13 INFO root] -0.8043690919876099 -0.1191200539469719 -1.72852677188421
[13 INFO root] -0.8044765591621399 -0.11977923661470413 -1.687255787091555
[13 INFO root] -0.8045612573623657 -0.12047979235649109 -1.6448367939004547
[13 INFO root] -0.8046194911003113 -0.12122427672147751 -1.6013635942803306
[13 INFO root] -0.8046469688415527 -0.12201477587223053 -1.5569517864558795
[13 INFO root] -0.8046388626098633 -0.12285275757312775 -1.511740494342683
[13 INFO root] -0.8045902848243713 -0.12373895198106766 -1.465893573163041
[13 INFO root] -0.8044960498809814 -0.12467314302921295 -1.4195988081512698
[13 INFO root] -0.8043510317802429 -0.12565411627292633 -1.3730670165798846
[13 INFO root] -0.8041503429412842 -0.12667948007583618 -1.326529480033588
[13 INFO root] -0.8038895726203918 -0.12774573266506195 -1.2802341521764626
[13 INFO root] -0.803565263748169 -0.12884819507598877 -1.2344405838039798
[13 INFO root] -0.8031747341156006 -0.1299811154603958 -1.1894131638391987
[13 INFO root] -0.8027166724205017 -0.131137877702713 -1.1454147805855157
[13 INFO root] -0.8021911382675171 -0.13231122493743896 -1.1026991779474749
[13 INFO root] -0.8015996217727661 -0.13349346816539764 -1.0615038596942623
[13 INFO root] -0.800944983959198 -0.13467690348625183 -1.0220438709639945
[13 INFO root] -0.8002316355705261 -0.13585396111011505 -0.9845068662389002
[13 INFO root] -0.7994649410247803 -0.1370176374912262 -0.9490490315041795
[13 INFO root] -0.7986513376235962 -0.1381615847349167 -0.9157937043301848
[13 INFO root] -0.7977978587150574 -0.13928033411502838 -0.8848308865092566
[13 INFO root] -0.7969120144844055 -0.14036941528320312 -0.8562186910678439
[13 INFO root] -0.7960012555122375 -0.14142534136772156 -0.8299856335608042
[13 INFO root] -0.7950730919837952 -0.1424456238746643 -0.806134448212983
[13 INFO root] -0.7941345572471619 -0.14342866837978363 -0.7846455641756548
[13 INFO root] -0.7931922078132629 -0.14437374472618103 -0.7654815299853991
[13 INFO root] -0.7922519445419312 -0.14528077840805054 -0.7485910292583698
[13 INFO root] -0.7913191318511963 -0.1461503654718399 -0.7339127826108762
[13 INFO root] -0.7903982400894165 -0.14698350429534912 -0.7213785719812505
[13 INFO root] -0.7894931435585022 -0.1477815955877304 -0.7109165782721594
[13 INFO root] -0.7886070013046265 -0.14854633808135986 -0.7024535731814217
[13 INFO root] -0.7877423167228699 -0.14927959442138672 -0.6959168948339013
[13 INFO root] -0.7869009971618652 -0.14998336136341095 -0.6912360027402941
[13 INFO root] -0.7860843539237976 -0.1506597101688385 -0.6883436106083747
[13 INFO root] -0.7852934002876282 -0.1513107270002365 -0.6871766191227725
[13 INFO root] -0.7845187783241272 -0.15194649994373322 -0.6870771113092097
[13 INFO root] -0.7837457060813904 -0.15258078277111053 -0.6870771113092097
[13 INFO root] -0.7829725742340088 -0.15321506559848785 -0.6870771113092097
[13 INFO root] -0.782199501991272 -0.15384934842586517 -0.6870771113092097
[13 INFO root] -0.7814263701438904 -0.1544836312532425 -0.6870771113092097
[13 INFO root] -0.7806532979011536 -0.1551179140806198 -0.6870771113092097
[13 INFO root] -0.779880166053772 -0.15575218200683594 -0.6870771113092097
[13 INFO root] -0.7791070938110352 -0.15638646483421326 -0.6870771113092097
[13 INFO root] -0.7783339619636536 -0.15702074766159058 -0.6870771113092097
[13 INFO root] -0.7775608897209167 -0.1576550304889679 -0.6870771113092097
[13 INFO root] -0.7767877578735352 -0.15828931331634521 -0.6870771113092097
[13 INFO root] -0.7760146856307983 -0.15892359614372253 -0.6870771113092097
[13 INFO root] -0.7752415537834167 -0.15955786406993866 -0.6870771113092097
[13 INFO root] -0.7745010256767273 -0.1601654440164566 -0.6872711110399616
[13 INFO root] -0.7738726139068604 -0.16068117320537567 -0.6881377251244091
[13 INFO root] -0.7733508348464966 -0.16111008822917938 -0.6896587964947118
[13 INFO root] -0.7729212045669556 -0.16146434843540192 -0.6917730800723748
[13 INFO root] -0.7725715637207031 -0.1617537885904312 -0.6944403099246901
[13 INFO root] -0.7722921371459961 -0.1619863510131836 -0.6976368721573981
[13 INFO root] -0.7720746994018555 -0.1621684730052948 -0.7013518705005614
[13 INFO root] -0.7719122767448425 -0.16230550408363342 -0.7055843439681492
[13 INFO root] -0.7717990279197693 -0.16240188479423523 -0.710341219995683
[13 INFO root] -0.7717296481132507 -0.16246144473552704 -0.715635722979621
[13 INFO root] -0.7716995477676392 -0.16248758137226105 -0.7214860638364647
[13 INFO root] -0.7717043161392212 -0.1624833196401596 -0.7279143048518875
[13 INFO root] -0.7717400789260864 -0.16245147585868835 -0.7349453402530429
[13 INFO root] -0.7718029618263245 -0.1623946875333786 -0.7426059648698548
[13 INFO root] -0.771889328956604 -0.1623155176639557 -0.7509240251749558
[13 INFO root] -0.7719956040382385 -0.16221646964550018 -0.7599276610051108
[13 INFO root] -0.7721183896064758 -0.1620999425649643 -0.7696446536111728
[13 INFO root] -0.772254467010498 -0.16196836531162262 -0.7801018972906244
[13 INFO root] -0.7724005579948425 -0.1618240624666214 -0.7913250089188469
[13 INFO root] -0.7725537419319153 -0.16166935861110687 -0.8033380836263792
[13 INFO root] -0.7727112770080566 -0.16150647401809692 -0.8161638688056915
[13 INFO root] -0.7728705406188965 -0.16133752465248108 -0.8298248204640006
[13 INFO root] -0.7730292677879333 -0.16116446256637573 -0.8443436635431125
[13 INFO root] -0.7731855511665344 -0.1609891653060913 -0.8597436719172034
[13 INFO root] -0.7733374834060669 -0.1608133316040039 -0.8760488866929427
[13 INFO root] -0.7734835743904114 -0.16063860058784485 -0.8932843061427487
[13 INFO root] -0.773622453212738 -0.16046656668186188 -0.9114760478254408
[13 INFO root] -0.7737492918968201 -0.16030357778072357 -0.9310610978662913
[13 INFO root] -0.7738432884216309 -0.16017791628837585 -0.9542128756220017
[13 INFO root] -0.7739040851593018 -0.16009272634983063 -0.9811000818553047
[13 INFO root] -0.7739338278770447 -0.16004884243011475 -1.011640450857379
[13 INFO root] -0.7739343643188477 -0.16004818677902222 -1.0457473002587672
[13 INFO root] -0.7739079594612122 -0.160093754529953 -1.0833287202913027
[13 INFO root] -0.7738569974899292 -0.1601894199848175 -1.1242854012579682
[13 INFO root] -0.7737844586372375 -0.1603398323059082 -1.1685076916972141
[13 INFO root] -0.7736939191818237 -0.16055072844028473 -1.2158880938049066
[13 INFO root] -0.773589551448822 -0.160829097032547 -1.2663259832790819
[13 INFO root] -0.7734768986701965 -0.1611824482679367 -1.319690182287761
[13 INFO root] -0.7733629941940308 -0.16161836683750153 -1.3758043942197467
[13 INFO root] -0.7732565999031067 -0.1621439903974533 -1.4344381769951493
[13 INFO root] -0.7731679081916809 -0.1627664864063263 -1.4953128968024225
[13 INFO root] -0.7731091380119324 -0.16349241137504578 -1.5580842250620068
[13 INFO root] -0.7730939388275146 -0.16432590782642365 -1.6223098842869834
[13 INFO root] -0.7731370329856873 -0.16526757180690765 -1.687444051542275
[13 INFO root] -0.7732533812522888 -0.16631364822387695 -1.752844085377403
[13 INFO root] -0.7734565138816833 -0.1674555093050003 -1.8177870305364132
[13 INFO root] -0.7737572193145752 -0.168679341673851 -1.881510639594399
[13 INFO root] -0.774161696434021 -0.16996540129184723 -1.9434102047520334
[13 INFO root] -0.7746710777282715 -0.17129163444042206 -2.0029756319168275
[13 INFO root] -0.7752816677093506 -0.17263558506965637 -2.0597764640531686
[13 INFO root] -0.7759851813316345 -0.17397576570510864 -2.113470848869925
[13 INFO root] -0.7767699360847473 -0.1752927303314209 -2.1638124091176922
[13 INFO root] -0.7776213884353638 -0.17656995356082916 -2.21065107493846
[13 INFO root] -0.7785236835479736 -0.17779429256916046 -2.253927200493283
[13 INFO root] -0.7794607877731323 -0.17895615100860596 -2.2936595632152237
[13 INFO root] -0.7804197072982788 -0.18005213141441345 -2.3298584635661026
[13 INFO root] -0.7813723087310791 -0.18106387555599213 -2.360346251968368
[13 INFO root] -0.7822849750518799 -0.18197496235370636 -2.384833518815375
[13 INFO root] -0.7831397652626038 -0.18278644979000092 -2.4038064463456457
[13 INFO root] -0.7839258313179016 -0.18350400030612946 -2.417800347878172
[13 INFO root] -0.7846375107765198 -0.18413493037223816 -2.4273023356341388
[13 INFO root] -0.785273015499115 -0.18468712270259857 -2.4327313831332007
[13 INFO root] -0.785833477973938 -0.18516835570335388 -2.434429584090375
[13 INFO root] -0.7863218784332275 -0.1855858862400055 -2.4326600744204625
[13 INFO root] -0.7867422699928284 -0.1859463006258011 -2.4276092939158747
[13 INFO root] -0.7870993614196777 -0.18625538051128387 -2.419391473364452
[13 INFO root] -0.7873983979225159 -0.18651826679706573 -2.4080539443030977
[13 INFO root] -0.7876472473144531 -0.18674197793006897 -2.3937760682724987
[13 INFO root] -0.7878777384757996 -0.18695513904094696 -2.3784402735227133
[13 INFO root] -0.7880948781967163 -0.18716216087341309 -2.3622386582292685
[13 INFO root] -0.7883017659187317 -0.18736588954925537 -2.34509477866305
[13 INFO root] -0.7885175347328186 -0.1875857561826706 -2.326366193585008
[13 INFO root] -0.7887426018714905 -0.1878238320350647 -2.305984219124428
[13 INFO root] -0.7889751195907593 -0.18807996809482574 -2.283951124226588
[13 INFO root] -0.7892134189605713 -0.1883542686700821 -2.260268808857147
[13 INFO root] -0.7894559502601624 -0.1886470764875412 -2.2349386687214623
[13 INFO root] -0.7897013425827026 -0.188959002494812 -2.2079617471949464
[13 INFO root] -0.7899482250213623 -0.18929080665111542 -2.1793387888108358
[13 INFO root] -0.7901954054832458 -0.1896434724330902 -2.1490706108943805
[13 INFO root] -0.7904415130615234 -0.19001810252666473 -2.11715811319042
[13 INFO root] -0.7906851768493652 -0.19041600823402405 -2.083602913872606
[13 INFO root] -0.7909249067306519 -0.19083856046199799 -2.048407666360339
[13 INFO root] -0.7911590933799744 -0.1912873238325119 -2.0115766000603914
[13 INFO root] -0.7913859486579895 -0.19176386296749115 -1.9731160091352222
[13 INFO root] -0.7916035056114197 -0.19226987659931183 -1.9330349399230016
[13 INFO root] -0.7918094992637634 -0.19280719757080078 -1.8913444679382334
[13 INFO root] -0.7920016646385193 -0.19337844848632812 -1.8480548641237722
[13 INFO root] -0.7921772599220276 -0.19398587942123413 -1.8031864559621096
[13 INFO root] -0.7923329472541809 -0.19463126361370087 -1.7567704833648607
[13 INFO root] -0.7924648523330688 -0.19531577825546265 -1.7088481252692258
[13 INFO root] -0.7925689220428467 -0.19604019820690155 -1.659470339245603
[13 INFO root] -0.7926405668258667 -0.19680486619472504 -1.6086976439138085
[13 INFO root] -0.7926749587059021 -0.1976097822189331 -1.5566020629573625
[13 INFO root] -0.7926672101020813 -0.19845454394817352 -1.5032689694350465
[13 INFO root] -0.7926119565963745 -0.19933821260929108 -1.44879843192908
[13 INFO root] -0.7925039529800415 -0.2002592235803604 -1.3933077094827488
[13 INFO root] -0.7923377156257629 -0.2012152224779129 -1.3369321565915124
[13 INFO root] -0.7921079993247986 -0.20220308005809784 -1.279826908491295
[13 INFO root] -0.7918099761009216 -0.20321868360042572 -1.2221670768973842
[13 INFO root] -0.7914284467697144 -0.2042861431837082 -1.1647195841089333
[13 INFO root] -0.7909553050994873 -0.2054031789302826 -1.1079694841654362
[13 INFO root] -0.7903859615325928 -0.20655976235866547 -1.0523251321591347
[13 INFO root] -0.789718508720398 -0.20774412155151367 -0.9981852901157896
[13 INFO root] -0.7889540791511536 -0.20894356071949005 -0.9459286882500708
[13 INFO root] -0.7880966067314148 -0.21014519035816193 -0.8958989129595396
[13 INFO root] -0.7871526479721069 -0.21133658289909363 -0.8483923848565262
[13 INFO root] -0.7861313819885254 -0.21250629425048828 -0.803649917808403
[13 INFO root] -0.7850437164306641 -0.21364445984363556 -0.7618514650108228
[13 INFO root] -0.7839016914367676 -0.2147430032491684 -0.7231158048281013
[13 INFO root] -0.7827181220054626 -0.2157958447933197 -0.6875039878919169
[13 INFO root] -0.7815055251121521 -0.2167988270521164 -0.6550248942914654
[13 INFO root] -0.7802761793136597 -0.21774964034557343 -0.6256437488097109
[13 INFO root] -0.7790411710739136 -0.21864749491214752 -0.5992902377576435
[13 INFO root] -0.7778106331825256 -0.21949294209480286 -0.5758678775001459
[13 INFO root] -0.7765932679176331 -0.2202875316143036 -0.5552617185006646
[13 INFO root] -0.7753963470458984 -0.22103355824947357 -0.5373457032691048
[13 INFO root] -0.7742260098457336 -0.22173382341861725 -0.5219887843304796
[13 INFO root] -0.7730869054794312 -0.22239144146442413 -0.5090592409583106
[13 INFO root] -0.7719826698303223 -0.22300969064235687 -0.49842870385379745
[13 INFO root] -0.7709158062934875 -0.2235918492078781 -0.4899745063993164
[13 INFO root] -0.7698881030082703 -0.22414115071296692 -0.4835816463669859
[13 INFO root] -0.7689835429191589 -0.22461701929569244 -0.47991545453124806
[13 INFO root] -0.7682095170021057 -0.22502034902572632 -0.47876862370348966
[13 INFO root] -0.7675517201423645 -0.2253618836402893 -0.4797666789953005
[13 INFO root] -0.76699298620224 -0.22565250098705292 -0.4825002852114381
[13 INFO root] -0.7665004730224609 -0.22591030597686768 -0.485876438221365
[13 INFO root] -0.7660650014877319 -0.2261400669813156 -0.4897444739197452
[13 INFO root] -0.7656810283660889 -0.2263445109128952 -0.49407485933594336
[13 INFO root] -0.7653437256813049 -0.22652600705623627 -0.4988450537014431
[13 INFO root] -0.7650485038757324 -0.22668662667274475 -0.5040381008815288
[13 INFO root] -0.7647914886474609 -0.2268281877040863 -0.5096415715978077
[13 INFO root] -0.764569103717804 -0.22695228457450867 -0.5156467249600015
[13 INFO root] -0.7643783092498779 -0.22706027328968048 -0.5220478289611912
[13 INFO root] -0.7642162442207336 -0.22715334594249725 -0.5288415923330667
[13 INFO root] -0.7640805244445801 -0.22723251581192017 -0.5360266952411068
[13 INFO root] -0.7639690637588501 -0.22729860246181488 -0.5436033653032574
[13 INFO root] -0.7638799548149109 -0.2273523062467575 -0.5515728700153486
[13 INFO root] -0.7638117074966431 -0.2273942232131958 -0.5599369736844523
[13 INFO root] -0.7637627720832825 -0.22742483019828796 -0.5686973857079662
[13 INFO root] -0.7637317180633545 -0.2274446040391922 -0.5778552014990349
[13 INFO root] -0.7637171745300293 -0.2274540364742279 -0.5874103389757777
[13 INFO root] -0.763717770576477 -0.22745363414287567 -0.5973609814543781
[13 INFO root] -0.7637319564819336 -0.22744397819042206 -0.6077030451069794
[13 INFO root] -0.7637582421302795 -0.22742575407028198 -0.618429694686169
[13 INFO root] -0.7637947201728821 -0.2273998111486435 -0.6295309513911744
[13 INFO root] -0.7638397216796875 -0.22736713290214539 -0.6409935520795099
[13 INFO root] -0.7638909816741943 -0.22732892632484436 -0.6528009834780704
[13 INFO root] -0.763946533203125 -0.22728657722473145 -0.6649336168109375
[13 INFO root] -0.7640040516853333 -0.22724159061908722 -0.6773689371934809
[13 INFO root] -0.7640612721443176 -0.22719568014144897 -0.6900818742480019
[13 INFO root] -0.7641159296035767 -0.22715066373348236 -0.7030486783659106
[13 INFO root] -0.7641658186912537 -0.22710849344730377 -0.7162489335162482
[13 INFO root] -0.7642090916633606 -0.22707098722457886 -0.7296634611652366
[13 INFO root] -0.764244019985199 -0.22703984379768372 -0.7432736614581825
[13 INFO root] -0.7642691731452942 -0.22701680660247803 -0.7570521847149192
[13 INFO root] -0.7642831206321716 -0.22700366377830505 -0.7709634579855875
[13 INFO root] -0.764284610748291 -0.22700224816799164 -0.7849685596024311
[13 INFO root] -0.7642723917961121 -0.2270144671201706 -0.7990267763432015
[13 INFO root] -0.7642453908920288 -0.22704215347766876 -0.8130964133370037
[13 INFO root] -0.7642027735710144 -0.2270871251821518 -0.8271356470834487
[13 INFO root] -0.7641438245773315 -0.2271510660648346 -0.841103427361562
[13 INFO root] -0.7640681266784668 -0.2272355705499649 -0.8549608867605691
[13 INFO root] -0.7639753818511963 -0.2273419350385666 -0.8686730954432971
[13 INFO root] -0.7638657689094543 -0.2274712324142456 -0.8822103987495563
[13 INFO root] -0.7637395262718201 -0.22762420773506165 -0.8955493697122303
[13 INFO root] -0.7635974287986755 -0.22780127823352814 -0.9086734372244469
[13 INFO root] -0.7634401917457581 -0.22800251841545105 -0.9215731613890301
[13 INFO root] -0.7632688879966736 -0.2282276600599289 -0.934246162375678
[13 INFO root] -0.7630854845046997 -0.22847510874271393 -0.946726493843455
[13 INFO root] -0.762892484664917 -0.2287425398826599 -0.9590688127400446
[13 INFO root] -0.7626919746398926 -0.22902756929397583 -0.9713297655044276
[13 INFO root] -0.7624861598014832 -0.22932803630828857 -0.9835636358205346
[13 INFO root] -0.7622767090797424 -0.22964194416999817 -0.9958212772404144
[13 INFO root] -0.7620651125907898 -0.22996757924556732 -1.0081498037043943
[13 INFO root] -0.7618527412414551 -0.23030342161655426 -1.020592667787145
[13 INFO root] -0.7616406679153442 -0.2306482195854187 -1.0331898808200752
[13 INFO root] -0.7614298462867737 -0.2310009002685547 -1.0459782845536802
[13 INFO root] -0.7612209916114807 -0.2313605546951294 -1.058991841686521
[13 INFO root] -0.7610148191452026 -0.2317265123128891 -1.072261926894268
[13 INFO root] -0.7608118057250977 -0.23209820687770844 -1.085817607253622
[13 INFO root] -0.7606124877929688 -0.23247525095939636 -1.0996859037066888
[13 INFO root] -0.7604172229766846 -0.232857346534729 -1.1138920305256281
[13 INFO root] -0.7602262496948242 -0.23324434459209442 -1.1284596179911448
[13 INFO root] -0.7600283622741699 -0.2336607426404953 -1.143484210304258
[13 INFO root] -0.759816586971283 -0.234124094247818 -1.1590384324943706
[13 INFO root] -0.7595956325531006 -0.23462799191474915 -1.175150556956188
[13 INFO root] -0.7593705058097839 -0.23516467213630676 -1.191845158217302
[13 INFO root] -0.7591451406478882 -0.23572809994220734 -1.2091435838615887
[13 INFO root] -0.7589224576950073 -0.23631376028060913 -1.2270636757537405
[13 INFO root] -0.7587048411369324 -0.2369184046983719 -1.2456200216122093
[13 INFO root] -0.7584932446479797 -0.2375422716140747 -1.2647291844799
[13 INFO root] -0.7582885026931763 -0.23818589746952057 -1.2843067975623372
[13 INFO root] -0.7580916881561279 -0.23884941637516022 -1.3042964399207155
[13 INFO root] -0.7579036951065063 -0.2395327240228653 -1.3246659508729302
[13 INFO root] -0.7577255964279175 -0.24023562669754028 -1.3454007951366
[13 INFO root] -0.7575584053993225 -0.24095819890499115 -1.3664935963494695
[13 INFO root] -0.7574029564857483 -0.24170075356960297 -1.387938710140544
[13 INFO root] -0.7572601437568665 -0.2424638867378235 -1.4097301084013483
[13 INFO root] -0.7571309804916382 -0.24324840307235718 -1.4318599863049732
[13 INFO root] -0.7570163607597351 -0.24405521154403687 -1.4543174745333083
[13 INFO root] -0.7569173574447632 -0.2448853701353073 -1.4770874921240777
[13 INFO root] -0.7568351626396179 -0.2457398772239685 -1.5001498679307417
[13 INFO root] -0.75677090883255 -0.24661973118782043 -1.5234788346416028
[13 INFO root] -0.7567259669303894 -0.24752572178840637 -1.5470429444208238
[13 INFO root] -0.756701648235321 -0.24845848977565765 -1.5708053955896268
[13 INFO root] -0.7566994428634644 -0.24941833317279816 -1.5947247037110186
[13 INFO root] -0.7567207217216492 -0.2504052221775055 -1.6187556049929763
[13 INFO root] -0.7567669749259949 -0.25141870975494385 -1.6428500455865054
[13 INFO root] -0.7568395733833313 -0.25245803594589233 -1.6669580791076808
[13 INFO root] -0.7569396495819092 -0.25352194905281067 -1.6910285099335218
[13 INFO root] -0.757068395614624 -0.2546089291572571 -1.7150091469299027
[13 INFO root] -0.7572266459465027 -0.25571712851524353 -1.7388465850506405
[13 INFO root] -0.7574151754379272 -0.2568444013595581 -1.7624855097229934
[13 INFO root] -0.7576344609260559 -0.2579885423183441 -1.7858675845076748
[13 INFO root] -0.7578818798065186 -0.25913378596305847 -1.8080274362460753
[13 INFO root] -0.758152961730957 -0.2602660357952118 -1.828176059931157
[13 INFO root] -0.7584438920021057 -0.26138055324554443 -1.8461316825762697
[13 INFO root] -0.7587506771087646 -0.2624741494655609 -1.8617939161051484
[13 INFO root] -0.7590693235397339 -0.2635442316532135 -1.8750820651955116
[13 INFO root] -0.7593958377838135 -0.2645889222621918 -1.8859330960642573
[13 INFO root] -0.7597265243530273 -0.26560714840888977 -1.894299176655298
[13 INFO root] -0.7600579857826233 -0.26659858226776123 -1.9001445721264298
[13 INFO root] -0.7603872418403625 -0.26756373047828674 -1.9034427128792712
[13 INFO root] -0.760711669921875 -0.2685038447380066 -1.9041732213367644
[13 INFO root] -0.7610292434692383 -0.2694209814071655 -1.9023194520344133
[13 INFO root] -0.7613381743431091 -0.2703178822994232 -1.8978659541407508
[13 INFO root] -0.7616372108459473 -0.2711980938911438 -1.8907969828631268
[13 INFO root] -0.761925458908081 -0.2720658481121063 -1.8810953603453
[13 INFO root] -0.7622022032737732 -0.2729259729385376 -1.8687432668393331
[13 INFO root] -0.7624668478965759 -0.27378395199775696 -1.8537255051458177
[13 INFO root] -0.7627187967300415 -0.2746458351612091 -1.836034540741316
[13 INFO root] -0.7629573941230774 -0.2755179703235626 -1.8156766552445318
[13 INFO root] -0.7631814479827881 -0.2764070928096771 -1.7926788860569538
[13 INFO root] -0.763389527797699 -0.27731993794441223 -1.767097054111896
[13 INFO root] -0.7635795474052429 -0.27826306223869324 -1.7390229576174008
[13 INFO root] -0.7637486457824707 -0.27924254536628723 -1.708591181616058
[13 INFO root] -0.7638933062553406 -0.2802635729312897 -1.67598413300904
[13 INFO root] -0.7640092968940735 -0.28133007884025574 -1.64143373712188
[13 INFO root] -0.7640918493270874 -0.2824442982673645 -1.6052193125449845
[13 INFO root] -0.7641359567642212 -0.28360649943351746 -1.567660814513914
[13 INFO root] -0.764136552810669 -0.2848147451877594 -1.5291072601558915
[13 INFO root] -0.764089047908783 -0.2860647737979889 -1.489921689353671
[13 INFO root] -0.7639898061752319 -0.28735068440437317 -1.4504214517177199
[13 INFO root] -0.7638358473777771 -0.28866562247276306 -1.4108428406769233
[13 INFO root] -0.7636256814002991 -0.2900014817714691 -1.3713989454344322
[13 INFO root] -0.7633587121963501 -0.2913494110107422 -1.3322820699227962
[13 INFO root] -0.7630358338356018 -0.2927001714706421 -1.2936547559987728
[13 INFO root] -0.762658953666687 -0.2940446436405182 -1.2556433129813254
[13 INFO root] -0.7622309923171997 -0.29537448287010193 -1.2183369609213697
[13 INFO root] -0.7617555856704712 -0.29668205976486206 -1.181799276514051
[13 INFO root] -0.761237382888794 -0.2979597747325897 -1.1461318868439987
[13 INFO root] -0.7606815099716187 -0.29920101165771484 -1.1114200727834893
[13 INFO root] -0.7600933909416199 -0.30040061473846436 -1.0777211012672572
[13 INFO root] -0.7594782114028931 -0.30155494809150696 -1.0450681979672831
[13 INFO root] -0.7588409185409546 -0.30266183614730835 -1.0134770745477015
[13 INFO root] -0.7581859827041626 -0.3037203252315521 -0.9829520878249913
[13 INFO root] -0.7575172185897827 -0.304730623960495 -0.9534923025946359
[13 INFO root] -0.7568379044532776 -0.30569374561309814 -0.9250970262442378
[13 INFO root] -0.7561506628990173 -0.30661147832870483 -0.8977713885339647
[13 INFO root] -0.7554574012756348 -0.3074861168861389 -0.8715302770469288
[13 INFO root] -0.754759669303894 -0.3083202540874481 -0.8464010743042029
[13 INFO root] -0.7540584206581116 -0.30911684036254883 -0.8224250411763632
[13 INFO root] -0.7533543109893799 -0.3098788857460022 -0.7996587566912267
[13 INFO root] -0.7526481747627258 -0.310608834028244 -0.7781460177650537
[13 INFO root] -0.7519437074661255 -0.3113061785697937 -0.7578304337344284
[13 INFO root] -0.751243531703949 -0.3119715750217438 -0.7386654423188035
[13 INFO root] -0.7505483627319336 -0.3126071095466614 -0.7206480454023332
[13 INFO root] -0.7498576641082764 -0.3132159411907196 -0.7038232061813322
[13 INFO root] -0.7491697072982788 -0.31380191445350647 -0.6882831711976148
[13 INFO root] -0.7484822273254395 -0.31436917185783386 -0.6741652132217957
[13 INFO root] -0.7477924823760986 -0.31492194533348083 -0.6616460157302267
[13 INFO root] -0.7470974326133728 -0.315464586019516 -0.6509333173236431
[13 INFO root] -0.7463945150375366 -0.31600120663642883 -0.6422541469956564
[13 INFO root] -0.7456809878349304 -0.3165358901023865 -0.6358460901823655
[13 INFO root] -0.7449550628662109 -0.31707242131233215 -0.6319273518028508
[13 INFO root] -0.7442158460617065 -0.31761398911476135 -0.6306735506625193
[13 INFO root] -0.743463397026062 -0.31816357374191284 -0.6322063443402702
[13 INFO root] -0.7426984310150146 -0.31872373819351196 -0.6365881592396476
[13 INFO root] -0.7419223785400391 -0.3192969262599945 -0.6438227496872263
[13 INFO root] -0.7411370277404785 -0.31988540291786194 -0.6538592508126
[13 INFO root] -0.7403447031974792 -0.32049134373664856 -0.6665995353097217
[13 INFO root] -0.7395481467247009 -0.32111644744873047 -0.681892760938278
[13 INFO root] -0.7387507557868958 -0.32176175713539124 -0.699543497252792
[13 INFO root] -0.7379566431045532 -0.3224276006221771 -0.7193382187601427
[13 INFO root] -0.7371703386306763 -0.3231135904788971 -0.7410566146128998
[13 INFO root] -0.7363961338996887 -0.32381895184516907 -0.7644754683541901
[13 INFO root] -0.7356379628181458 -0.3245426416397095 -0.7893760410144225
[13 INFO root] -0.7348994016647339 -0.32528337836265564 -0.8155496860382178
[13 INFO root] -0.734183669090271 -0.3260396420955658 -0.8428007002157097
[13 INFO root] -0.733493447303772 -0.3268097937107086 -0.8709472293725169
[13 INFO root] -0.7328308820724487 -0.3275921642780304 -0.8998208335683636
[13 INFO root] -0.7321975827217102 -0.3283851444721222 -0.9292646418496044
[13 INFO root] -0.7315947413444519 -0.3291872441768646 -0.9591304152818312
[13 INFO root] -0.7310230135917664 -0.329997181892395 -0.9892746805863346
[13 INFO root] -0.7304825186729431 -0.330814003944397 -1.0195549594019098
[13 INFO root] -0.7299730181694031 -0.3316369652748108 -1.0498262640722102
[13 INFO root] -0.7294941544532776 -0.33246561884880066 -1.0799380013581161
[13 INFO root] -0.7290450930595398 -0.3332996964454651 -1.1097311022578
[13 INFO root] -0.7286249995231628 -0.33413901925086975 -1.1390394913213657
[13 INFO root] -0.7282329201698303 -0.33498337864875793 -1.1676964626472466
[13 INFO root] -0.7278679609298706 -0.335832417011261 -1.1955384189450227
[13 INFO root] -0.7275290489196777 -0.3366856276988983 -1.2224065270976057
[13 INFO root] -0.7272152304649353 -0.33754250407218933 -1.2481483579099093
[13 INFO root] -0.726925253868103 -0.3384024202823639 -1.2726180788017505
[13 INFO root] -0.7266578078269958 -0.3392651081085205 -1.2956772677702417
[13 INFO root] -0.7264111042022705 -0.34013134241104126 -1.3171896884673777
[13 INFO root] -0.7261834144592285 -0.34100207686424255 -1.3370296331040468
[13 INFO root] -0.7259730100631714 -0.34187814593315125 -1.3550828039293805
[13 INFO root] -0.7257780432701111 -0.3427603542804718 -1.3712581957387238
[13 INFO root] -0.7255967855453491 -0.34364908933639526 -1.385520593011524
[13 INFO root] -0.725427508354187 -0.3445452153682709 -1.397841399795421
[13 INFO root] -0.7252683043479919 -0.3454500138759613 -1.4081855560412482
[13 INFO root] -0.7251172065734863 -0.34636521339416504 -1.4165121981178561
[13 INFO root] -0.724972128868103 -0.3472929000854492 -1.4227765509801313
[13 INFO root] -0.7248309850692749 -0.34823542833328247 -1.426932640241182
[13 INFO root] -0.7246915698051453 -0.34919536113739014 -1.42893649870705
[13 INFO root] -0.7245513796806335 -0.3501753509044647 -1.4287503778675095
[13 INFO root] -0.7244080305099487 -0.3511781394481659 -1.426347242580952
[13 INFO root] -0.7242586612701416 -0.35220634937286377 -1.4217140872954612
[13 INFO root] -0.7241005301475525 -0.3532624840736389 -1.4148588429712168
[13 INFO root] -0.7239305377006531 -0.35434868931770325 -1.405815976754215
[13 INFO root] -0.7237454056739807 -0.35546666383743286 -1.3946522417069385
[13 INFO root] -0.7235418558120728 -0.35661759972572327 -1.3814704966892886
[13 INFO root] -0.723316490650177 -0.3578018546104431 -1.3664106742262272
[13 INFO root] -0.7230660319328308 -0.35901907086372375 -1.3496491488228828
[13 INFO root] -0.7227874398231506 -0.36026787757873535 -1.331395461081923
[13 INFO root] -0.722477912902832 -0.3615458607673645 -1.311892665442322
[13 INFO root] -0.7221352458000183 -0.3628495931625366 -1.2914127031270857
[13 INFO root] -0.7217580080032349 -0.36417460441589355 -1.2702450287070126
[13 INFO root] -0.7213454842567444 -0.3655155301094055 -1.2486841657950838
[13 INFO root] -0.7208977937698364 -0.36686646938323975 -1.2270187160388522
[13 INFO root] -0.7204161882400513 -0.3682209849357605 -1.205521677300479
[13 INFO root] -0.7199025750160217 -0.3695725202560425 -1.1844422439445874
[13 INFO root] -0.7193598747253418 -0.3709146976470947 -1.164000676624789
[13 INFO root] -0.7187920212745667 -0.372240275144577 -1.1443832661861701
[13 INFO root] -0.7182040214538574 -0.3735415041446686 -1.1257343645005746
[13 INFO root] -0.7176011204719543 -0.37481167912483215 -1.1081538927915713
[13 INFO root] -0.7169883847236633 -0.37604567408561707 -1.0917016470022496
[13 INFO root] -0.7163705825805664 -0.37723997235298157 -1.076404783915973
[13 INFO root] -0.7157516479492188 -0.37839245796203613 -1.0622651231654092
[13 INFO root] -0.7151350378990173 -0.37950238585472107 -1.049266530752927
[13 INFO root] -0.714523434638977 -0.38057011365890503 -1.0373797473945037
[13 INFO root] -0.7139188051223755 -0.3815969228744507 -1.0265665205412149
[13 INFO root] -0.7133222818374634 -0.3825850188732147 -1.0167825659030822
[13 INFO root] -0.712734580039978 -0.3835372030735016 -1.0079802135109075
[13 INFO root] -0.7121555805206299 -0.3844567835330963 -1.0001100960852378
[13 INFO root] -0.7115848064422607 -0.38534751534461975 -0.9931219543607978
[13 INFO root] -0.7110211849212646 -0.3862135112285614 -0.9869635365112419
[13 INFO root] -0.7104633450508118 -0.3870590031147003 -0.9815798997666054
[13 INFO root] -0.7099094986915588 -0.3878885507583618 -0.9769123471946429
[13 INFO root] -0.7093576192855835 -0.3887068033218384 -0.9728974577337214
[13 INFO root] -0.70880526304245 -0.38951849937438965 -0.9694662431955982
[13 INFO root] -0.7082499861717224 -0.39032846689224243 -0.9665441300867046
[13 INFO root] -0.7076890468597412 -0.39114147424697876 -0.9640504220999735
[13 INFO root] -0.7071197032928467 -0.3919622004032135 -0.9619016449900752
[13 INFO root] -0.7065392732620239 -0.39279499650001526 -0.96001657471465
[13 INFO root] -0.7059452533721924 -0.3936438262462616 -0.9583179523693881
[13 INFO root] -0.7053353190422058 -0.39451220631599426 -0.9567326480469749
[13 INFO root] -0.7047075629234314 -0.3954029381275177 -0.9551915990656165
[13 INFO root] -0.7040603756904602 -0.3963182866573334 -0.95362939566912
[13 INFO root] -0.703392505645752 -0.3972596526145935 -0.951983939903649
[13 INFO root] -0.7027034163475037 -0.39822766184806824 -0.9501964646073027
[13 INFO root] -0.7019928693771362 -0.3992220461368561 -0.9482106315609969
[13 INFO root] -0.7012612819671631 -0.4002417027950287 -0.9459729592190897
[13 INFO root] -0.7005094289779663 -0.4012846350669861 -0.9434326585315
[13 INFO root] -0.6997387409210205 -0.402348130941391 -0.9405425289755245
[13 INFO root] -0.6989508867263794 -0.40342870354652405 -0.9372591962679
[13 INFO root] -0.6981481909751892 -0.40452226996421814 -0.933550980741649
[13 INFO root] -0.6973330974578857 -0.4056242108345032 -0.9293993526333331
[13 INFO root] -0.6965083479881287 -0.4067296087741852 -0.9247985209732779
[13 INFO root] -0.6956769227981567 -0.4078334867954254 -0.9197532200810274
[13 INFO root] -0.694841742515564 -0.4089309275150299 -0.9142754989528142
[13 INFO root] -0.6940057277679443 -0.41001707315444946 -0.9083836069424162
[13 INFO root] -0.6931718587875366 -0.4110875129699707 -0.9021004209943063
[13 INFO root] -0.6923425793647766 -0.4121384024620056 -0.8954510413490759
[13 INFO root] -0.6915203332901001 -0.4131663739681244 -0.8884658279703255
[13 INFO root] -0.6907069087028503 -0.41416898369789124 -0.8811838437418668
[13 INFO root] -0.6899036169052124 -0.41514450311660767 -0.8736407817679197
[13 INFO root] -0.6891114711761475 -0.4160918891429901 -0.8658648052127219
[13 INFO root] -0.688331127166748 -0.417010635137558 -0.857876486915989
[13 INFO root] -0.6875627636909485 -0.41790077090263367 -0.8496911053393399
[13 INFO root] -0.686806321144104 -0.418762743473053 -0.8413214997767775
[13 INFO root] -0.686061441898346 -0.4195973873138428 -0.8327801556447317
[13 INFO root] -0.6853275299072266 -0.4204058349132538 -0.8240809953344997
[13 INFO root] -0.6846035718917847 -0.42118945717811584 -0.8152408168985655
[13 INFO root] -0.6838884949684143 -0.4219498932361603 -0.8062810057439987
[13 INFO root] -0.6831810474395752 -0.4226888418197632 -0.7972281839753798
[13 INFO root] -0.6824693083763123 -0.42341893911361694 -0.7882613793943494
[13 INFO root] -0.6817461848258972 -0.4241475462913513 -0.7795388627385798
[13 INFO root] -0.681011974811554 -0.424874484539032 -0.7711438325396831
[13 INFO root] -0.6802678108215332 -0.42559894919395447 -0.7631465220270618
[13 INFO root] -0.6795148253440857 -0.42632025480270386 -0.7556095440031189
[13 INFO root] -0.6787543892860413 -0.4270377457141876 -0.7485975712054889
[13 INFO root] -0.6779918074607849 -0.4277472198009491 -0.7424011137430666
[13 INFO root] -0.6772284507751465 -0.42844846844673157 -0.7370623623265558
[13 INFO root] -0.6764653325080872 -0.42914190888404846 -0.7325904736056881
[13 INFO root] -0.6757032871246338 -0.429828017950058 -0.7289917004985581
