[54 INFO root] Initialising Python Geth Console...
[54 INFO root] Initialising RandB board...
[54 INFO root] Initialising resource sensor...
[54 INFO root] Initialising random-walk...
[54 INFO root] Initialising navigation...
[54 INFO root] Initialising Odo...
[54 INFO root] Initialising odometry...
[54 INFO root] Initialising gps...
[54 INFO root] Initialising Ground sensor...
[54 INFO root] --//-- Starting Experiment --//--
[54 INFO root] x y direction
[54 INFO root] 0.6847010254859924 0.631447970867157 0.4734449942129898
[54 INFO root] 0.6830322742462158 0.6305930614471436 0.34601356728062205
[54 INFO root] 0.6775051355361938 0.6282374262809753 0.15592161814825736
[54 INFO root] 0.669741690158844 0.6265870332717896 -0.09433571150507084
[54 INFO root] 0.6633965969085693 0.6263960003852844 -0.39137545431279064
[54 INFO root] 0.6597595810890198 0.6271953582763672 -0.7295236167447904
[54 INFO root] 0.658968448638916 0.6273806691169739 -1.1012177398254095
[54 INFO root] 0.6602411270141602 0.625184953212738 -1.4697203307516882
[54 INFO root] 0.661888062953949 0.6191067099571228 -1.7651303234935776
[54 INFO root] 0.6613701581954956 0.609736442565918 -1.9358462499231943
[54 INFO root] 0.6582123637199402 0.6000598669052124 -1.9903255787645442
[54 INFO root] 0.6547340750694275 0.5919278860092163 -1.9724007210887968
[54 INFO root] 0.6518089771270752 0.5851230025291443 -1.911358469724767
[54 INFO root] 0.6496073007583618 0.5791347622871399 -1.8217782491668923
[54 INFO root] 0.6480909585952759 0.573541522026062 -1.7123844617671091
[54 INFO root] 0.6472251415252686 0.5680693984031677 -1.5922190179857856
[54 INFO root] 0.6470175981521606 0.5626134872436523 -1.4707197751321928
[54 INFO root] 0.6474697589874268 0.5572037696838379 -1.3553778698804857
[54 INFO root] 0.648535430431366 0.5519434213638306 -1.2508849670877917
[54 INFO root] 0.6501136422157288 0.5469537377357483 -1.1596602308310175
[54 INFO root] 0.6520649790763855 0.5423356294631958 -1.0824362326324684
[54 INFO root] 0.6542385220527649 0.5381513237953186 -1.0187731204597976
[54 INFO root] 0.6564968824386597 0.5344222187995911 -0.9675098088949068
[54 INFO root] 0.6587384343147278 0.531128466129303 -0.9270100556021255
[54 INFO root] 0.6608904004096985 0.5282342433929443 -0.895862742660671
[54 INFO root] 0.6629082560539246 0.5256951451301575 -0.8727798540426884
[54 INFO root] 0.6647700667381287 0.5234643220901489 -0.8566318626260835
[54 INFO root] 0.6664707660675049 0.5214951634407043 -0.8464729276294262
[54 INFO root] 0.6680620312690735 0.5196926593780518 -0.8421252215696982
[54 INFO root] 0.6695861220359802 0.5179834961891174 -0.8434433731986676
[54 INFO root] 0.6710411310195923 0.5163494348526001 -0.8498788166333358
[54 INFO root] 0.6724230051040649 0.5147789120674133 -0.8608956409691293
[54 INFO root] 0.6737300157546997 0.5132614970207214 -0.8760044764666317
[54 INFO root] 0.6749621629714966 0.5117877125740051 -0.8947712999507851
[54 INFO root] 0.6761719584465027 0.5102852582931519 -0.915237336054615
[54 INFO root] 0.6773709058761597 0.5087326169013977 -0.936647005978113
[54 INFO root] 0.6785565614700317 0.5071276426315308 -0.9587075401399601
[54 INFO root] 0.6797258257865906 0.505469799041748 -0.9811646114567487
[54 INFO root] 0.6808757781982422 0.5037591457366943 -1.003768259013397
[54 INFO root] 0.6820040941238403 0.5019959807395935 -1.0262752693860684
[54 INFO root] 0.6831085085868835 0.5001813173294067 -1.0484525080237301
[54 INFO root] 0.6841874718666077 0.49831658601760864 -1.070080087726136
[54 INFO root] 0.6852396130561829 0.49640363454818726 -1.0909556739573318
[54 INFO root] 0.6862642168998718 0.49444466829299927 -1.1108976090875649
[54 INFO root] 0.6872609257698059 0.49244236946105957 -1.1297488068167425
[54 INFO root] 0.6882299184799194 0.4903995096683502 -1.1473798682612617
[54 INFO root] 0.6891719102859497 0.48831912875175476 -1.1636912267907134
[54 INFO root] 0.6900878548622131 0.48620426654815674 -1.1786145009200968
[54 INFO root] 0.691013753414154 0.48397472500801086 -1.1915340628073727
[54 INFO root] 0.6919593214988708 0.4816107153892517 -1.2023362762987215
[54 INFO root] 0.6929130554199219 0.4791482388973236 -1.211355269256859
[54 INFO root] 0.6938612461090088 0.47663167119026184 -1.2189614810948843
[54 INFO root] 0.6947928667068481 0.4740997850894928 -1.225429900475475
[54 INFO root] 0.6957007050514221 0.4715817868709564 -1.230925332921631
[54 INFO root] 0.6965808272361755 0.46909698843955994 -1.2355289445241437
[54 INFO root] 0.6974327564239502 0.4666556715965271 -1.2392702130797462
[54 INFO root] 0.6982581615447998 0.4642607271671295 -1.2421529334825538
[54 INFO root] 0.6990609169006348 0.46190887689590454 -1.2441719007239211
[54 INFO root] 0.6998472809791565 0.45958924293518066 -1.2453222704498204
[54 INFO root] 0.7006313800811768 0.4572667181491852 -1.2455946424233248
[54 INFO root] 0.7014164328575134 0.45493853092193604 -1.2450596682958017
[54 INFO root] 0.7022042274475098 0.4526057243347168 -1.2438034033486587
[54 INFO root] 0.7029963731765747 0.4502692222595215 -1.2419161855843992
[54 INFO root] 0.7038079500198364 0.4478897750377655 -1.2395184110787727
[54 INFO root] 0.7046504616737366 0.4454384446144104 -1.2367526097753654
[54 INFO root] 0.7055302858352661 0.4429011046886444 -1.2337544234125812
[54 INFO root] 0.7064524292945862 0.4402669668197632 -1.2306462865927916
[54 INFO root] 0.7074190378189087 0.43753305077552795 -1.2275184484669348
[54 INFO root] 0.7084289193153381 0.43470498919487 -1.2244236222694334
[54 INFO root] 0.7094781398773193 0.431795209646225 -1.2213858356371043
[54 INFO root] 0.7105609178543091 0.42882072925567627 -1.218416236972573
[54 INFO root] 0.7116703391075134 0.42580100893974304 -1.2155289793508475
[54 INFO root] 0.712799072265625 0.42275601625442505 -1.2127519365075594
[54 INFO root] 0.7139396667480469 0.4197050929069519 -1.210130839946193
[54 INFO root] 0.7150408625602722 0.4167829751968384 -1.208376017367522
[54 INFO root] 0.7160425782203674 0.41413968801498413 -1.2081814863369003
[54 INFO root] 0.7169387340545654 0.41177743673324585 -1.2081329245554906
[54 INFO root] 0.717744767665863 0.40965309739112854 -1.2080798055753283
[54 INFO root] 0.7184752225875854 0.40772828459739685 -1.208013345507604
[54 INFO root] 0.7191417813301086 0.4059721827507019 -1.2079087656131255
[54 INFO root] 0.7197539210319519 0.4043601453304291 -1.2077374568073909
[54 INFO root] 0.7203190922737122 0.4028722643852234 -1.2074745595844163
[54 INFO root] 0.7208436131477356 0.4014925956726074 -1.2071020985367793
[54 INFO root] 0.7213324308395386 0.4002082347869873 -1.2066115447288228
[54 INFO root] 0.721789538860321 0.3990088403224945 -1.2060036579684639
[54 INFO root] 0.7222181558609009 0.39788618683815 -1.2052879952859894
[54 INFO root] 0.7226208448410034 0.3968338072299957 -1.2044819539274505
[54 INFO root] 0.7229993939399719 0.39584672451019287 -1.2036093085323225
[54 INFO root] 0.7233552932739258 0.39492127299308777 -1.2026977186551127
[54 INFO root] 0.7236893177032471 0.3940548002719879 -1.2017767121285001
[54 INFO root] 0.7240022420883179 0.3932455778121948 -1.2008737051540699
[54 INFO root] 0.7242941856384277 0.3924924433231354 -1.2000108520340056
[54 INFO root] 0.7245654463768005 0.3917945325374603 -1.199199045404403
[54 INFO root] 0.724816083908081 0.39115116000175476 -1.1984325806053209
[54 INFO root] 0.7250464558601379 0.39056119322776794 -1.1976820482839539
[54 INFO root] 0.7252570986747742 0.3900229334831238 -1.1968872943135105
[54 INFO root] 0.7254490852355957 0.38953351974487305 -1.1959503616295377
[54 INFO root] 0.7256240248680115 0.3890887498855591 -1.1947299064248609
[54 INFO root] 0.7257843017578125 0.38868269324302673 -1.1930380870890869
[54 INFO root] 0.7259330749511719 0.3883075416088104 -1.1906415875717158
[54 INFO root] 0.7260743975639343 0.38795363903045654 -1.1872678056060457
[54 INFO root] 0.7262132167816162 0.3876093029975891 -1.1826176181070922
[54 INFO root] 0.7263553142547607 0.38726139068603516 -1.1763844147065707
[54 INFO root] 0.7265073657035828 0.38689547777175903 -1.1682794240973422
[54 INFO root] 0.726676881313324 0.38649648427963257 -1.1580611381003578
[54 INFO root] 0.7268720865249634 0.3860495090484619 -1.145565731252312
[54 INFO root] 0.7271019220352173 0.38554057478904724 -1.130734290354263
[54 INFO root] 0.7273755073547363 0.38495761156082153 -1.1136327159202575
[54 INFO root] 0.7277020812034607 0.3842911422252655 -1.0944599975160787
[54 INFO root] 0.7280905842781067 0.3835350573062897 -1.0735445846537814
[54 INFO root] 0.7285489439964294 0.3826867640018463 -1.051329647904741
[54 INFO root] 0.7290837168693542 0.38174721598625183 -1.0283489045265801
[54 INFO root] 0.7296996116638184 0.38072049617767334 -1.0051977542615054
[54 INFO root] 0.7303991317749023 0.37961336970329285 -0.982502571232086
[54 INFO root] 0.7311820387840271 0.37843430042266846 -0.9608908579825582
[54 INFO root] 0.7320457696914673 0.3771929144859314 -0.9409624071859068
[54 INFO root] 0.7329849600791931 0.37589913606643677 -0.9232649700438744
[54 INFO root] 0.7339922189712524 0.37456265091896057 -0.9082721628610414
[54 INFO root] 0.7350580096244812 0.3731923997402191 -0.8963672432049221
[54 INFO root] 0.736171543598175 0.37179628014564514 -0.8878311654999355
[54 INFO root] 0.7373210787773132 0.3703809678554535 -0.8828378352624993
[54 INFO root] 0.7384944558143616 0.3689518868923187 -0.8814554120868892
[54 INFO root] 0.7396798133850098 0.3675133287906647 -0.883653755957999
[54 INFO root] 0.7408657073974609 0.36606869101524353 -0.8893176459193448
[54 INFO root] 0.7420417666435242 0.3646204471588135 -0.8982629067618765
[54 INFO root] 0.743198573589325 0.3631705939769745 -0.9102546390654641
[54 INFO root] 0.7443279027938843 0.3617206811904907 -0.9250246950191146
[54 INFO root] 0.7454230785369873 0.3602718710899353 -0.9422874358353553
[54 INFO root] 0.7464784383773804 0.3588252067565918 -0.9617534556922702
[54 INFO root] 0.7474896311759949 0.35738152265548706 -0.9831390251268668
[54 INFO root] 0.7484534978866577 0.35594144463539124 -1.0061729381418107
[54 INFO root] 0.7493678331375122 0.35450538992881775 -1.0306004583165271
[54 INFO root] 0.7502313256263733 0.3530735969543457 -1.0561845337901203
[54 INFO root] 0.7510433793067932 0.3516460657119751 -1.0827053801951851
[54 INFO root] 0.7518041133880615 0.35022255778312683 -1.1099586269348045
[54 INFO root] 0.7525140047073364 0.3488025367259979 -1.1377530124571082
[54 INFO root] 0.7531740665435791 0.3473852872848511 -1.1659070013662367
[54 INFO root] 0.7537854909896851 0.3459698259830475 -1.194246152063082
[54 INFO root] 0.7543495893478394 0.3445550501346588 -1.2225998740467892
[54 INFO root] 0.7548679709434509 0.3431396782398224 -1.2507986116838206
[54 INFO root] 0.7553421258926392 0.341722309589386 -1.2786720265723703
[54 INFO root] 0.7557737231254578 0.34030163288116455 -1.3060467940279858
[54 INFO root] 0.7561643719673157 0.33887624740600586 -1.332745995093654
[54 INFO root] 0.7565157413482666 0.33744487166404724 -1.3585884263233607
[54 INFO root] 0.756829559803009 0.33600643277168274 -1.3833890603185992
[54 INFO root] 0.7571075558662415 0.33455991744995117 -1.4069603339197356
[54 INFO root] 0.7573516964912415 0.33310461044311523 -1.4291137574644477
[54 INFO root] 0.7575638890266418 0.3316400647163391 -1.4496629876457905
[54 INFO root] 0.7577463984489441 0.3301660418510437 -1.4684266841058067
[54 INFO root] 0.7579015493392944 0.32868263125419617 -1.4852326942686511
[54 INFO root] 0.7580320835113525 0.3271901607513428 -1.4999219253430387
[54 INFO root] 0.7581408619880676 0.3256891965866089 -1.51235300249526
[54 INFO root] 0.758230984210968 0.32418060302734375 -1.5224060460496
[54 INFO root] 0.7583059072494507 0.32266533374786377 -1.5299863184083642
[54 INFO root] 0.7583691477775574 0.32114464044570923 -1.5350273636136142
[54 INFO root] 0.7584244608879089 0.3196197748184204 -1.5374928203033393
[54 INFO root] 0.7584757804870605 0.3180921673774719 -1.5373774183752833
[54 INFO root] 0.7585268616676331 0.31656336784362793 -1.5347071051234964
[54 INFO root] 0.7585816383361816 0.3150348663330078 -1.5295373131248475
[54 INFO root] 0.7586438655853271 0.3135082721710205 -1.521951091633222
[54 INFO root] 0.7587171196937561 0.31198522448539734 -1.5120560060357433
[54 INFO root] 0.7588047385215759 0.3104698657989502 -1.50001531160936
[54 INFO root] 0.7589094042778015 0.3089679181575775 -1.486029590054864
[54 INFO root] 0.7590333819389343 0.30748412013053894 -1.470295763066635
[54 INFO root] 0.7591784596443176 0.3060219883918762 -1.4529991261093111
[54 INFO root] 0.759346067905426 0.3045841455459595 -1.4343136068872369
[54 INFO root] 0.7595372200012207 0.30317243933677673 -1.4144026029691916
[54 INFO root] 0.759752631187439 0.30178824067115784 -1.3934193339426655
[54 INFO root] 0.7599926590919495 0.3004325330257416 -1.371507528498821
[54 INFO root] 0.7602575421333313 0.29910582304000854 -1.3488019844104218
[54 INFO root] 0.7605472207069397 0.2978084087371826 -1.3254296200517723
[54 INFO root] 0.7608615756034851 0.2965402901172638 -1.3015103680905264
[54 INFO root] 0.7612003684043884 0.2953011989593506 -1.2771585872570097
[54 INFO root] 0.7615631222724915 0.2940906882286072 -1.252484373296542
[54 INFO root] 0.7619495391845703 0.2929081320762634 -1.2275945625690103
[54 INFO root] 0.7623591423034668 0.2917526960372925 -1.202594773961981
[54 INFO root] 0.7627915143966675 0.2906234562397003 -1.1775904293958994
[54 INFO root] 0.7632461786270142 0.28951945900917053 -1.152688281518077
[54 INFO root] 0.7637227177619934 0.2884396016597748 -1.1279975521331056
[54 INFO root] 0.764220654964447 0.2873827815055847 -1.1036309944453504
[54 INFO root] 0.7647398710250854 0.28634703159332275 -1.0797083014731692
[54 INFO root] 0.7652806639671326 0.2853299081325531 -1.0563587132757806
[54 INFO root] 0.7658465504646301 0.2843232750892639 -1.0335431373095074
[54 INFO root] 0.7664465308189392 0.2833109498023987 -1.010985834340201
[54 INFO root] 0.7670815587043762 0.28229260444641113 -0.9888080252600355
[54 INFO root] 0.7677515149116516 0.2812696397304535 -0.9671813717836
[54 INFO root] 0.7684559226036072 0.28024327754974365 -0.946282897187586
[54 INFO root] 0.7691941261291504 0.27921462059020996 -0.9262926163583836
[54 INFO root] 0.7699650526046753 0.27818459272384644 -0.9073908439257984
[54 INFO root] 0.7707673907279968 0.2771540880203247 -0.8897546063268119
[54 INFO root] 0.7715993523597717 0.2761237919330597 -0.8735545009325791
[54 INFO root] 0.7724587321281433 0.2750944197177887 -0.8589508695781483
[54 INFO root] 0.7733430862426758 0.27406635880470276 -0.8460904565298798
[54 INFO root] 0.7742495536804199 0.27303996682167053 -0.8351035373159345
[54 INFO root] 0.7751750946044922 0.2720152735710144 -0.8261012817594041
[54 INFO root] 0.7761164903640747 0.2709921598434448 -0.8191738891042449
[54 INFO root] 0.7770702838897705 0.26997023820877075 -0.8143894064729403
[54 INFO root] 0.7780331373214722 0.26894888281822205 -0.8117927738639938
[54 INFO root] 0.7790016531944275 0.26792728900909424 -0.8114062219905793
[54 INFO root] 0.7799726128578186 0.26690441370010376 -0.8132297665595872
[54 INFO root] 0.7809427380561829 0.2658790647983551 -0.817242530760936
[54 INFO root] 0.7819091081619263 0.264849990606308 -0.8234038512825868
[54 INFO root] 0.7828687429428101 0.2638157606124878 -0.8316556315485889
[54 INFO root] 0.7838189601898193 0.2627750039100647 -0.841923747612233
[54 INFO root] 0.784757137298584 0.2617264688014984 -0.854116681508908
[54 INFO root] 0.78568035364151 0.26066938042640686 -0.8681267452406073
[54 INFO root] 0.7865860462188721 0.25960293412208557 -0.8838394975909238
[54 INFO root] 0.7874720692634583 0.2585262358188629 -0.9011368245232525
[54 INFO root] 0.7883363366127014 0.25743845105171204 -0.9198980984665392
[54 INFO root] 0.7891771793365479 0.2563387453556061 -0.9400004583969811
[54 INFO root] 0.7899929285049438 0.2552264332771301 -0.9613199384484409
[54 INFO root] 0.7907822728157043 0.2541009485721588 -0.9837317472883096
[54 INFO root] 0.7915439009666443 0.25296175479888916 -1.0071113482670875
[54 INFO root] 0.7922766208648682 0.2518085837364197 -1.031334563710063
[54 INFO root] 0.79297935962677 0.25064122676849365 -1.0562780270952574
[54 INFO root] 0.7936511635780334 0.24945969879627228 -1.0818194286175429
[54 INFO root] 0.7942912578582764 0.2482641041278839 -1.1078377989743402
[54 INFO root] 0.7948988676071167 0.24705468118190765 -1.134213769513636
[54 INFO root] 0.7954733967781067 0.24583183228969574 -1.1608292999571854
[54 INFO root] 0.7960144281387329 0.24459601938724518 -1.1875678067668929
[54 INFO root] 0.7965214848518372 0.2433478683233261 -1.214314212759837
[54 INFO root] 0.7969945073127747 0.24208801984786987 -1.2409545637086041
[54 INFO root] 0.7974333763122559 0.24081718921661377 -1.2673767011603152
[54 INFO root] 0.7978381514549255 0.2395361214876175 -1.293469357791053
[54 INFO root] 0.7982091903686523 0.23824560642242432 -1.3191218942847862
[54 INFO root] 0.7985467314720154 0.23694658279418945 -1.3442247441066062
[54 INFO root] 0.7988514304161072 0.2356400042772293 -1.3686690163175648
[54 INFO root] 0.7991238236427307 0.23432695865631104 -1.3923475307951545
[54 INFO root] 0.7993648052215576 0.23300865292549133 -1.4151547711037153
[54 INFO root] 0.7995753884315491 0.23168641328811646 -1.4369882596567416
[54 INFO root] 0.799756646156311 0.230361670255661 -1.4577495297488503
[54 INFO root] 0.7999100089073181 0.22903592884540558 -1.477344868766806
[54 INFO root] 0.8000367879867554 0.22771072387695312 -1.495686829942385
[54 INFO root] 0.8001388311386108 0.226387619972229 -1.5126943982283063
[54 INFO root] 0.8002178072929382 0.2250680923461914 -1.528294806856063
[54 INFO root] 0.8002758026123047 0.22375358641147614 -1.5424233913584935
[54 INFO root] 0.8003147840499878 0.22244542837142944 -1.5550248640091493
[54 INFO root] 0.8003369569778442 0.22114482522010803 -1.566053137995948
[54 INFO root] 0.8003445267677307 0.21985255181789398 -1.5754673828651722
[54 INFO root] 0.8003396987915039 0.21856555342674255 -1.5831778372888226
[54 INFO root] 0.8003247976303101 0.21728116273880005 -1.5891037483400634
[54 INFO root] 0.8003020882606506 0.2159978449344635 -1.5931888743991194
[54 INFO root] 0.8002738356590271 0.21471479535102844 -1.5954001369404074
[54 INFO root] 0.80024254322052 0.21343165636062622 -1.5957251631915939
[54 INFO root] 0.8002105951309204 0.21214832365512848 -1.5941707519373414
[54 INFO root] 0.8001803755760193 0.21086476743221283 -1.5907606766549276
[54 INFO root] 0.8001543283462524 0.20958101749420166 -1.585533888467103
[54 INFO root] 0.8001347184181213 0.20829708874225616 -1.5785431524377838
[54 INFO root] 0.8001238703727722 0.20701296627521515 -1.5698531960245663
[54 INFO root] 0.8001239895820618 0.20572859048843384 -1.5595396083302167
[54 INFO root] 0.8001371026039124 0.20444388687610626 -1.5476874649991212
[54 INFO root] 0.8001652956008911 0.20315878093242645 -1.5343898994780152
[54 INFO root] 0.8002104163169861 0.20187318325042725 -1.5197474813356795
[54 INFO root] 0.8002742528915405 0.20058701932430267 -1.5038669634076953
[54 INFO root] 0.8003584742546082 0.19930024445056915 -1.4868605954215244
[54 INFO root] 0.8004645705223083 0.1980128437280655 -1.4688454643984765
[54 INFO root] 0.8005939722061157 0.19672484695911407 -1.4499427657358883
[54 INFO root] 0.8007479906082153 0.19543640315532684 -1.430277511356978
[54 INFO root] 0.8009276986122131 0.19414766132831573 -1.409978213752848
[54 INFO root] 0.8011341094970703 0.19285893440246582 -1.389176151982354
[54 INFO root] 0.8013679385185242 0.19157060980796814 -1.3680052456547067
[54 INFO root] 0.8016298413276672 0.1902831643819809 -1.3466012767450408
[54 INFO root] 0.8019201755523682 0.18899714946746826 -1.3251017555586992
[54 INFO root] 0.8022392392158508 0.18771323561668396 -1.3036449476952507
[54 INFO root] 0.8025868535041809 0.18643219769001007 -1.2823695584848458
[54 INFO root] 0.8029628992080688 0.18515488505363464 -1.261413349260268
[54 INFO root] 0.8033667802810669 0.18388217687606812 -1.2409131823848005
[54 INFO root] 0.8037977814674377 0.18261493742465973 -1.2210036434135703
[54 INFO root] 0.804254949092865 0.18135401606559753 -1.2018164652883738
[54 INFO root] 0.8047370314598083 0.1801002472639084 -1.1834796766404134
[54 INFO root] 0.8052425980567932 0.1788543462753296 -1.1661164862768036
[54 INFO root] 0.8057700395584106 0.1776169389486313 -1.1498443766946023
[54 INFO root] 0.8063176274299622 0.17638854682445526 -1.1347742036924144
[54 INFO root] 0.8068833351135254 0.17516957223415375 -1.1210094226753047
[54 INFO root] 0.807465136051178 0.17396022379398346 -1.1086447970498374
[54 INFO root] 0.808060884475708 0.17276059091091156 -1.09776585459529
[54 INFO root] 0.8086682558059692 0.1715705692768097 -1.0884481585835246
[54 INFO root] 0.809285044670105 0.17038989067077637 -1.0807563858332259
[54 INFO root] 0.8099089860916138 0.16921812295913696 -1.074744298114195
[54 INFO root] 0.8105376958847046 0.16805465519428253 -1.070454359523282
[54 INFO root] 0.8111690282821655 0.16689874231815338 -1.0679171871065762
[54 INFO root] 0.8118008375167847 0.1657494604587555 -1.0671520617301027
[54 INFO root] 0.8124309182167053 0.1646057814359665 -1.068166930954465
[54 INFO root] 0.8130573630332947 0.16346655786037445 -1.0709582779183815
[54 INFO root] 0.8136781454086304 0.1623305380344391 -1.0755120254379635
[54 INFO root] 0.8142914175987244 0.16119644045829773 -1.081803460727625
[54 INFO root] 0.814895510673523 0.16006290912628174 -1.0897979535842786
[54 INFO root] 0.8154886364936829 0.15892855823040009 -1.0994517899179908
[54 INFO root] 0.8160693049430847 0.15779201686382294 -1.1107122328056716
[54 INFO root] 0.8166358470916748 0.15665194392204285 -1.123518708366591
[54 INFO root] 0.8171868920326233 0.15550704300403595 -1.1378028155345719
[54 INFO root] 0.817720890045166 0.15435607731342316 -1.1534895409367958
[54 INFO root] 0.8182365894317627 0.15319788455963135 -1.170497292080295
[54 INFO root] 0.8187324404716492 0.15203146636486053 -1.1887391304426524
[54 INFO root] 0.8192073106765747 0.1508558839559555 -1.208122500124311
[54 INFO root] 0.8196597695350647 0.14967037737369537 -1.228550732478678
[54 INFO root] 0.8200886249542236 0.14847435057163239 -1.2499227669760062
[54 INFO root] 0.820492684841156 0.14726734161376953 -1.2721341469092422
[54 INFO root] 0.8208706974983215 0.14604906737804413 -1.2950774456583283
[54 INFO root] 0.821221649646759 0.144819438457489 -1.3186424182264964
[54 INFO root] 0.8215444684028625 0.14357851445674896 -1.3427169605147444
[54 INFO root] 0.8218382000923157 0.14232656359672546 -1.367187218634087
[54 INFO root] 0.8221021294593811 0.14106397330760956 -1.3919380946884907
