[39 INFO root] Initialising Python Geth Console...
[39 INFO root] Initialising RandB board...
[39 INFO root] Initialising resource sensor...
[39 INFO root] Initialising random-walk...
[39 INFO root] Initialising navigation...
[39 INFO root] Initialising Odo...
[39 INFO root] Initialising odometry...
[39 INFO root] Initialising gps...
[39 INFO root] Initialising Ground sensor...
[39 INFO root] --//-- Starting Experiment --//--
[39 INFO root] x y direction
[39 INFO root] -0.13245800137519836 -0.07714000344276428 -1.0851549717689704
[39 INFO root] -0.13207291066646576 -0.07786960899829865 -1.0851549717689704
[39 INFO root] -0.13160613179206848 -0.0787539854645729 -1.0851549717689704
[39 INFO root] -0.1311393529176712 -0.07963836193084717 -1.0851549717689704
[39 INFO root] -0.13067258894443512 -0.08052273839712143 -1.0851549717689704
[39 INFO root] -0.13020581007003784 -0.08140711486339569 -1.0851549717689704
[39 INFO root] -0.12973903119564056 -0.08229149132966995 -1.0851549717689704
[39 INFO root] -0.1292722523212433 -0.08317586779594421 -1.0851549717689704
[39 INFO root] -0.128805473446846 -0.08406023681163788 -1.0851549717689704
[39 INFO root] -0.12833870947360992 -0.08494461327791214 -1.0851549717689704
[39 INFO root] -0.12787193059921265 -0.0858289897441864 -1.0851549717689704
[39 INFO root] -0.12740515172481537 -0.08671336621046066 -1.0851549717689704
[39 INFO root] -0.1269383728504181 -0.08759774267673492 -1.0851549717689704
[39 INFO root] -0.126471608877182 -0.08848211914300919 -1.0851549717689704
[39 INFO root] -0.12600483000278473 -0.08936649560928345 -1.0851549717689704
[39 INFO root] -0.12553805112838745 -0.09025087207555771 -1.0851549717689704
[39 INFO root] -0.12507127225399017 -0.09113524854183197 -1.0851549717689704
[39 INFO root] -0.12460450083017349 -0.09201962500810623 -1.0851549717689704
[39 INFO root] -0.12413772195577621 -0.0929039940237999 -1.0851549717689704
[39 INFO root] -0.12367095053195953 -0.09378837049007416 -1.0851549717689704
[39 INFO root] -0.12320417165756226 -0.09467274695634842 -1.0851549717689704
[39 INFO root] -0.12273740023374557 -0.09555712342262268 -1.0851549717689704
[39 INFO root] -0.1222706213593483 -0.09644149988889694 -1.0851549717689704
[39 INFO root] -0.12180384248495102 -0.0973258763551712 -1.0851549717689704
[39 INFO root] -0.12133707106113434 -0.09821025282144547 -1.0851549717689704
[39 INFO root] -0.12087029218673706 -0.09909462928771973 -1.0851549717689704
[39 INFO root] -0.12040352076292038 -0.09997900575399399 -1.0851549717689704
[39 INFO root] -0.1199367418885231 -0.10086338222026825 -1.0851549717689704
[39 INFO root] -0.11946997046470642 -0.10174775868654251 -1.0851549717689704
[39 INFO root] -0.11900319159030914 -0.10263212770223618 -1.0851549717689704
[39 INFO root] -0.11853641271591187 -0.10351650416851044 -1.0851549717689704
[39 INFO root] -0.11806964129209518 -0.1044008806347847 -1.0851549717689704
[39 INFO root] -0.1176028624176979 -0.10528525710105896 -1.0851549717689704
[39 INFO root] -0.11713609099388123 -0.10616963356733322 -1.0851549717689704
[39 INFO root] -0.11666931211948395 -0.10705401003360748 -1.0851549717689704
[39 INFO root] -0.11620254069566727 -0.10793838649988174 -1.0851549717689704
[39 INFO root] -0.11573576182126999 -0.108822762966156 -1.0851549717689704
[39 INFO root] -0.11526899039745331 -0.10970713943243027 -1.0851549717689704
[39 INFO root] -0.11480221152305603 -0.11059151589870453 -1.0851549717689704
[39 INFO root] -0.11433543264865875 -0.1114758849143982 -1.0851549717689704
[39 INFO root] -0.11386866122484207 -0.11236026138067245 -1.0851549717689704
[39 INFO root] -0.1134018823504448 -0.11324463784694672 -1.0851549717689704
[39 INFO root] -0.11293511092662811 -0.11412901431322098 -1.0851549717689704
[39 INFO root] -0.11246833205223083 -0.11501339077949524 -1.0851549717689704
[39 INFO root] -0.11200156062841415 -0.1158977672457695 -1.0851549717689704
[39 INFO root] -0.11153478175401688 -0.11678214371204376 -1.0851549717689704
[39 INFO root] -0.1110680028796196 -0.11766652017831802 -1.0851549717689704
[39 INFO root] -0.11060123145580292 -0.11855089664459229 -1.0851549717689704
[39 INFO root] -0.11013445258140564 -0.11943527311086655 -1.0851549717689704
[39 INFO root] -0.10966768115758896 -0.12031964212656021 -1.0851549717689704
[39 INFO root] -0.10920090228319168 -0.12120401859283447 -1.0851549717689704
[39 INFO root] -0.108734130859375 -0.12208839505910873 -1.0851549717689704
[39 INFO root] -0.10826735198497772 -0.122972771525383 -1.0851549717689704
[39 INFO root] -0.10780057311058044 -0.12385714799165726 -1.0851549717689704
[39 INFO root] -0.10733380168676376 -0.12474152445793152 -1.0851549717689704
[39 INFO root] -0.10686702281236649 -0.12562589347362518 -1.0851549717689704
[39 INFO root] -0.1064002513885498 -0.12651027739048004 -1.0851549717689704
[39 INFO root] -0.10593917965888977 -0.12738384306430817 -1.0855666844952998
[39 INFO root] -0.10548524558544159 -0.12824465334415436 -1.0864865012861158
[39 INFO root] -0.10503800958395004 -0.12909455597400665 -1.0878708700558164
[39 INFO root] -0.10459687560796738 -0.1299355924129486 -1.089665350718616
[39 INFO root] -0.10416124761104584 -0.13076968491077423 -1.0918162715880373
[39 INFO root] -0.10373055189847946 -0.1315986067056656 -1.0942707316342235
[39 INFO root] -0.10330420732498169 -0.1324240267276764 -1.0969765853446032
[39 INFO root] -0.10288166999816895 -0.1332474946975708 -1.0998824760452381
[39 INFO root] -0.10246241837739944 -0.13407038152217865 -1.1029379104759365
[39 INFO root] -0.1020459532737732 -0.134893998503685 -1.1060933674559918
[39 INFO root] -0.10163179785013199 -0.13571947813034058 -1.109300433580645
[39 INFO root] -0.10121951252222061 -0.13654783368110657 -1.112511959071164
[39 INFO root] -0.10080867260694504 -0.1373799741268158 -1.1156822271805353
[39 INFO root] -0.10039887577295303 -0.13821668922901154 -1.1187671309345315
[39 INFO root] -0.09998974204063416 -0.13905863463878632 -1.1217243514572628
[39 INFO root] -0.09958089888095856 -0.1399063766002655 -1.1245135326770732
[39 INFO root] -0.09917200356721878 -0.14076034724712372 -1.127096447814274
[39 INFO root] -0.09876269847154617 -0.14162090420722961 -1.1294371536957608
[39 INFO root] -0.09835265576839447 -0.14248831570148468 -1.1315021296023495
[39 INFO root] -0.09794152528047562 -0.14336273074150085 -1.1332603980132525
[39 INFO root] -0.09752898663282394 -0.1442442536354065 -1.1346836252516481
[39 INFO root] -0.0971146821975708 -0.145132914185524 -1.1357462006421555
[39 INFO root] -0.09669828414916992 -0.14602863788604736 -1.13642529335459
[39 INFO root] -0.09627942740917206 -0.14693133533000946 -1.1367008866213364
[39 INFO root] -0.09585899114608765 -0.14783819019794464 -1.1367243912185123
[39 INFO root] -0.09543842077255249 -0.14874544739723206 -1.1367243912185123
[39 INFO root] -0.09501785039901733 -0.14965271949768066 -1.1367243912185123
[39 INFO root] -0.09459728002548218 -0.15055997669696808 -1.1367243912185123
[39 INFO root] -0.09417670965194702 -0.1514672338962555 -1.1367243912185123
[39 INFO root] -0.09375614672899246 -0.1523744910955429 -1.1367243912185123
[39 INFO root] -0.0933355763554573 -0.15328176319599152 -1.1367243912185123
[39 INFO root] -0.09291500598192215 -0.15418902039527893 -1.1367243912185123
[39 INFO root] -0.092494435608387 -0.15509627759456635 -1.1367243912185123
[39 INFO root] -0.09207387268543243 -0.15600353479385376 -1.1367243912185123
[39 INFO root] -0.09165330231189728 -0.15691080689430237 -1.1367243912185123
[39 INFO root] -0.09123273193836212 -0.15781806409358978 -1.1367243912185123
[39 INFO root] -0.09081216156482697 -0.1587253212928772 -1.1367243912185123
[39 INFO root] -0.0903915986418724 -0.1596325784921646 -1.1367243912185123
[39 INFO root] -0.08997102826833725 -0.16053985059261322 -1.1367243912185123
[39 INFO root] -0.0895504578948021 -0.16144710779190063 -1.1367243912185123
[39 INFO root] -0.08912988752126694 -0.16235436499118805 -1.1367243912185123
[39 INFO root] -0.08870931714773178 -0.16326162219047546 -1.1367243912185123
[39 INFO root] -0.08828875422477722 -0.16416887938976288 -1.1367243912185123
[39 INFO root] -0.08786818385124207 -0.1650761514902115 -1.1367243912185123
[39 INFO root] -0.08744761347770691 -0.1659834086894989 -1.1367243912185123
[39 INFO root] -0.08702704310417175 -0.16689066588878632 -1.1367243912185123
[39 INFO root] -0.0866064801812172 -0.16779792308807373 -1.1367243912185123
[39 INFO root] -0.08618590980768204 -0.16870519518852234 -1.1367243912185123
[39 INFO root] -0.08576533943414688 -0.16961245238780975 -1.1367243912185123
[39 INFO root] -0.08534476906061172 -0.17051970958709717 -1.1367243912185123
[39 INFO root] -0.08492420613765717 -0.17142696678638458 -1.1367243912185123
[39 INFO root] -0.08450363576412201 -0.1723342388868332 -1.1367243912185123
[39 INFO root] -0.08408306539058685 -0.1732414960861206 -1.1367243912185123
[39 INFO root] -0.0836624950170517 -0.17414875328540802 -1.1367243912185123
[39 INFO root] -0.08324193209409714 -0.17505601048469543 -1.1367243912185123
[39 INFO root] -0.08282136172056198 -0.17596328258514404 -1.1367243912185123
[39 INFO root] -0.08240079134702682 -0.17687053978443146 -1.1367243912185123
[39 INFO root] -0.08198022097349167 -0.17777779698371887 -1.1367243912185123
[39 INFO root] -0.08155965805053711 -0.1786850541830063 -1.1367243912185123
[39 INFO root] -0.08113908767700195 -0.1795923262834549 -1.1367243912185123
[39 INFO root] -0.0807185173034668 -0.1804995834827423 -1.1367243912185123
[39 INFO root] -0.08029794692993164 -0.18140684068202972 -1.1367243912185123
[39 INFO root] -0.07987738400697708 -0.18231409788131714 -1.1367243912185123
[39 INFO root] -0.07945681363344193 -0.18322135508060455 -1.1367243912185123
[39 INFO root] -0.07903624325990677 -0.18412862718105316 -1.1367243912185123
[39 INFO root] -0.07861567288637161 -0.18503588438034058 -1.1367243912185123
[39 INFO root] -0.07819510251283646 -0.185943141579628 -1.1367243912185123
[39 INFO root] -0.0777745395898819 -0.1868503987789154 -1.1367243912185123
[39 INFO root] -0.07735396921634674 -0.187757670879364 -1.1367243912185123
[39 INFO root] -0.07693339884281158 -0.18866492807865143 -1.1367243912185123
[39 INFO root] -0.07651282846927643 -0.18957218527793884 -1.1367243912185123
[39 INFO root] -0.07609226554632187 -0.19047944247722626 -1.1367243912185123
[39 INFO root] -0.07567169517278671 -0.19138671457767487 -1.1367243912185123
[39 INFO root] -0.07525112479925156 -0.19229397177696228 -1.1367243912185123
[39 INFO root] -0.0748305544257164 -0.1932012289762497 -1.1367243912185123
[39 INFO root] -0.07440999150276184 -0.1941084861755371 -1.1367243912185123
[39 INFO root] -0.07398942112922668 -0.19501575827598572 -1.1367243912185123
[39 INFO root] -0.07356885075569153 -0.19592301547527313 -1.1367243912185123
[39 INFO root] -0.07314828038215637 -0.19683027267456055 -1.1367243912185123
[39 INFO root] -0.07272771745920181 -0.19773752987384796 -1.1367243912185123
[39 INFO root] -0.07230714708566666 -0.19864478707313538 -1.1367243912185123
[39 INFO root] -0.0718865767121315 -0.19955205917358398 -1.1367243912185123
[39 INFO root] -0.07146600633859634 -0.2004593163728714 -1.1367243912185123
[39 INFO root] -0.07104544341564178 -0.2013665735721588 -1.1367243912185123
[39 INFO root] -0.07062487304210663 -0.20227383077144623 -1.1367243912185123
[39 INFO root] -0.07020430266857147 -0.20318110287189484 -1.1367243912185123
[39 INFO root] -0.06978373229503632 -0.20408836007118225 -1.1367243912185123
[39 INFO root] -0.06936316937208176 -0.20499561727046967 -1.1367243912185123
[39 INFO root] -0.0689425989985466 -0.20590287446975708 -1.1367243912185123
[39 INFO root] -0.06852202862501144 -0.2068101465702057 -1.1367243912185123
[39 INFO root] -0.06810145825147629 -0.2077174037694931 -1.1367243912185123
[39 INFO root] -0.06768089532852173 -0.20862466096878052 -1.1367243912185123
[39 INFO root] -0.06726032495498657 -0.20953191816806793 -1.1367243912185123
[39 INFO root] -0.06683975458145142 -0.21043919026851654 -1.1367243912185123
[39 INFO root] -0.06641918420791626 -0.21134644746780396 -1.1367243912185123
[39 INFO root] -0.0659986138343811 -0.21225370466709137 -1.1367243912185123
[39 INFO root] -0.06557805091142654 -0.21316096186637878 -1.1367243912185123
[39 INFO root] -0.06515748053789139 -0.2140682339668274 -1.1367243912185123
[39 INFO root] -0.06473691016435623 -0.2149754911661148 -1.1367243912185123
[39 INFO root] -0.06431633979082108 -0.21588274836540222 -1.1367243912185123
[39 INFO root] -0.06389577686786652 -0.21679000556468964 -1.1367243912185123
[39 INFO root] -0.06347520649433136 -0.21769726276397705 -1.1367243912185123
[39 INFO root] -0.0630546361207962 -0.21860453486442566 -1.1367243912185123
[39 INFO root] -0.06263406574726105 -0.21951179206371307 -1.1367243912185123
[39 INFO root] -0.06221349909901619 -0.2204190492630005 -1.1367243912185123
[39 INFO root] -0.06179293245077133 -0.2213263064622879 -1.1367243912185123
[39 INFO root] -0.061372362077236176 -0.2222335785627365 -1.1367243912185123
[39 INFO root] -0.06095179542899132 -0.22314083576202393 -1.1367243912185123
[39 INFO root] -0.06053122505545616 -0.22404809296131134 -1.1367243912185123
[39 INFO root] -0.060110658407211304 -0.22495535016059875 -1.1367243912185123
[39 INFO root] -0.05969008803367615 -0.22586262226104736 -1.1367243912185123
[39 INFO root] -0.05926952138543129 -0.22676987946033478 -1.1367243912185123
[39 INFO root] -0.05884895101189613 -0.2276771366596222 -1.1367243912185123
[39 INFO root] -0.058428384363651276 -0.2285843938589096 -1.1367243912185123
[39 INFO root] -0.05800781399011612 -0.22949166595935822 -1.1367243912185123
[39 INFO root] -0.05758724734187126 -0.23039892315864563 -1.1367243912185123
[39 INFO root] -0.057166676968336105 -0.23130618035793304 -1.1367243912185123
[39 INFO root] -0.05674611032009125 -0.23221343755722046 -1.1367243912185123
[39 INFO root] -0.05632553994655609 -0.23312069475650787 -1.1367243912185123
[39 INFO root] -0.055904973298311234 -0.23402796685695648 -1.1367243912185123
[39 INFO root] -0.05548440292477608 -0.2349352240562439 -1.1367243912185123
[39 INFO root] -0.05506383627653122 -0.2358424812555313 -1.1367243912185123
[39 INFO root] -0.05464326590299606 -0.23674973845481873 -1.1367243912185123
[39 INFO root] -0.05422269552946091 -0.23765701055526733 -1.1367243912185123
[39 INFO root] -0.05380212888121605 -0.23856426775455475 -1.1367243912185123
[39 INFO root] -0.05338155850768089 -0.23947152495384216 -1.1367243912185123
[39 INFO root] -0.052960991859436035 -0.24037878215312958 -1.1367243912185123
[39 INFO root] -0.05254042148590088 -0.24128605425357819 -1.1367243912185123
[39 INFO root] -0.05211985483765602 -0.2421933114528656 -1.1367243912185123
[39 INFO root] -0.051699284464120865 -0.24310056865215302 -1.1367243912185123
[39 INFO root] -0.05127871781587601 -0.24400782585144043 -1.1367243912185123
[39 INFO root] -0.05085814744234085 -0.24491509795188904 -1.1367243912185123
[39 INFO root] -0.05043758079409599 -0.24582235515117645 -1.1367243912185123
[39 INFO root] -0.05001701042056084 -0.24672961235046387 -1.1367243912185123
[39 INFO root] -0.04959644377231598 -0.24763686954975128 -1.1367243912185123
[39 INFO root] -0.04917587339878082 -0.2485441416501999 -1.1367243912185123
[39 INFO root] -0.048755306750535965 -0.2494513988494873 -1.1367243912185123
[39 INFO root] -0.04833473637700081 -0.2503586411476135 -1.1367243912185123
[39 INFO root] -0.04791416972875595 -0.25126591324806213 -1.1367243912185123
[39 INFO root] -0.047493599355220795 -0.25217318534851074 -1.1367243912185123
[39 INFO root] -0.04707303270697594 -0.25308042764663696 -1.1367243912185123
[39 INFO root] -0.04665246233344078 -0.25398769974708557 -1.1367243912185123
[39 INFO root] -0.04623189568519592 -0.2548949718475342 -1.1367243912185123
[39 INFO root] -0.04581132531166077 -0.2558022141456604 -1.1367243912185123
[39 INFO root] -0.04539075866341591 -0.256709486246109 -1.1367243912185123
[39 INFO root] -0.04497018828988075 -0.25761672854423523 -1.1367243912185123
[39 INFO root] -0.044549621641635895 -0.25852400064468384 -1.1367243912185123
[39 INFO root] -0.04412905126810074 -0.25943127274513245 -1.1367243912185123
[39 INFO root] -0.04370848461985588 -0.26033851504325867 -1.1367243912185123
[39 INFO root] -0.043287914246320724 -0.2612457871437073 -1.1367243912185123
[39 INFO root] -0.04286734759807587 -0.2621530592441559 -1.1367243912185123
[39 INFO root] -0.04244677722454071 -0.2630603015422821 -1.1367243912185123
[39 INFO root] -0.042026206851005554 -0.2639675736427307 -1.1367243912185123
[39 INFO root] -0.041605640202760696 -0.26487481594085693 -1.1367243912185123
[39 INFO root] -0.04118506982922554 -0.26578208804130554 -1.1367243912185123
[39 INFO root] -0.04076450318098068 -0.26668936014175415 -1.1367243912185123
[39 INFO root] -0.040343932807445526 -0.26759660243988037 -1.1367243912185123
[39 INFO root] -0.03992336615920067 -0.268503874540329 -1.1367243912185123
[39 INFO root] -0.03950279578566551 -0.2694111168384552 -1.1367243912185123
[39 INFO root] -0.039082229137420654 -0.2703183889389038 -1.1367243912185123
[39 INFO root] -0.0386616587638855 -0.2712256610393524 -1.1367243912185123
[39 INFO root] -0.03824109211564064 -0.27213290333747864 -1.1367243912185123
[39 INFO root] -0.037820521742105484 -0.27304017543792725 -1.1367243912185123
[39 INFO root] -0.037399955093860626 -0.27394744753837585 -1.1367243912185123
[39 INFO root] -0.03697938472032547 -0.2748546898365021 -1.1367243912185123
[39 INFO root] -0.03655881807208061 -0.2757619619369507 -1.1367243912185123
[39 INFO root] -0.036138247698545456 -0.2766692042350769 -1.1367243912185123
[39 INFO root] -0.0357176810503006 -0.2775764763355255 -1.1367243912185123
[39 INFO root] -0.03529711067676544 -0.2784837484359741 -1.1367243912185123
[39 INFO root] -0.034876544028520584 -0.27939099073410034 -1.1367243912185123
[39 INFO root] -0.03445597365498543 -0.28029826283454895 -1.1367243912185123
[39 INFO root] -0.03403540700674057 -0.28120553493499756 -1.1367243912185123
[39 INFO root] -0.033614836633205414 -0.2821127772331238 -1.1367243912185123
[39 INFO root] -0.033194269984960556 -0.2830200493335724 -1.1367243912185123
[39 INFO root] -0.0327736996114254 -0.2839272916316986 -1.1367243912185123
[39 INFO root] -0.03235313296318054 -0.2848345637321472 -1.1367243912185123
[39 INFO root] -0.031932562589645386 -0.2857418358325958 -1.1367243912185123
[39 INFO root] -0.03151199594140053 -0.28664907813072205 -1.1367243912185123
[39 INFO root] -0.03109142556786537 -0.28755635023117065 -1.1367243912185123
[39 INFO root] -0.030670857056975365 -0.2884635925292969 -1.1367243912185123
[39 INFO root] -0.030250288546085358 -0.2893708646297455 -1.1367243912185123
[39 INFO root] -0.02982972003519535 -0.2902781367301941 -1.1367243912185123
[39 INFO root] -0.029409151524305344 -0.2911853790283203 -1.1367243912185123
[39 INFO root] -0.028988583013415337 -0.2920926511287689 -1.1367243912185123
[39 INFO root] -0.02856801450252533 -0.29299992322921753 -1.1367243912185123
[39 INFO root] -0.028147445991635323 -0.29390716552734375 -1.1367243912185123
[39 INFO root] -0.027726877480745316 -0.29481443762779236 -1.1367243912185123
[39 INFO root] -0.02730630896985531 -0.2957216799259186 -1.1367243912185123
[39 INFO root] -0.0268857404589653 -0.2966289520263672 -1.1367243912185123
[39 INFO root] -0.026465171948075294 -0.2975362241268158 -1.1367243912185123
[39 INFO root] -0.026044603437185287 -0.298443466424942 -1.1367243912185123
[39 INFO root] -0.02562403492629528 -0.2993507385253906 -1.1367243912185123
[39 INFO root] -0.025203466415405273 -0.30025801062583923 -1.1367243912185123
[39 INFO root] -0.024782896041870117 -0.30116525292396545 -1.1367243912185123
[39 INFO root] -0.02436232753098011 -0.30207252502441406 -1.1367243912185123
[39 INFO root] -0.023941759020090103 -0.3029797673225403 -1.1367243912185123
[39 INFO root] -0.023521190509200096 -0.3038870394229889 -1.1367243912185123
[39 INFO root] -0.02310062199831009 -0.3047943115234375 -1.1367243912185123
[39 INFO root] -0.022680053487420082 -0.3057015538215637 -1.1367243912185123
[39 INFO root] -0.022259484976530075 -0.30660882592201233 -1.1367243912185123
[39 INFO root] -0.021838916465640068 -0.30751606822013855 -1.1367243912185123
[39 INFO root] -0.02141834795475006 -0.30842334032058716 -1.1367243912185123
[39 INFO root] -0.020997779443860054 -0.30933061242103577 -1.1367243912185123
[39 INFO root] -0.020577210932970047 -0.310237854719162 -1.1367243912185123
[39 INFO root] -0.02015664242208004 -0.3111451268196106 -1.1367243912185123
[39 INFO root] -0.019736073911190033 -0.3120523989200592 -1.1367243912185123
[39 INFO root] -0.019315505400300026 -0.3129596412181854 -1.1367243912185123
[39 INFO root] -0.01889493688941002 -0.31386691331863403 -1.1367243912185123
[39 INFO root] -0.018474368378520012 -0.31477415561676025 -1.1367243912185123
[39 INFO root] -0.018053799867630005 -0.31568142771720886 -1.1367243912185123
[39 INFO root] -0.017633231356739998 -0.31658869981765747 -1.1367243912185123
[39 INFO root] -0.01721266284584999 -0.3174959421157837 -1.1367243912185123
[39 INFO root] -0.016792094334959984 -0.3184032142162323 -1.1367243912185123
[39 INFO root] -0.016371525824069977 -0.3193104565143585 -1.1367243912185123
[39 INFO root] -0.01595095731317997 -0.32021772861480713 -1.1367243912185123
[39 INFO root] -0.015530387870967388 -0.32112500071525574 -1.1367243912185123
[39 INFO root] -0.015109819360077381 -0.32203224301338196 -1.1367243912185123
[39 INFO root] -0.014689250849187374 -0.32293951511383057 -1.1367243912185123
[39 INFO root] -0.014268682338297367 -0.3238467872142792 -1.1367243912185123
[39 INFO root] -0.01384811382740736 -0.3247540295124054 -1.1367243912185123
[39 INFO root] -0.013427545316517353 -0.325661301612854 -1.1367243912185123
[39 INFO root] -0.013006976805627346 -0.3265685439109802 -1.1367243912185123
[39 INFO root] -0.012586408294737339 -0.32747581601142883 -1.1367243912185123
[39 INFO root] -0.012165839783847332 -0.32838308811187744 -1.1367243912185123
[39 INFO root] -0.011745271272957325 -0.32929033041000366 -1.1367243912185123
[39 INFO root] -0.011324702762067318 -0.33019760251045227 -1.1367243912185123
[39 INFO root] -0.010904134251177311 -0.3311048746109009 -1.1367243912185123
[39 INFO root] -0.010483565740287304 -0.3320121169090271 -1.1367243912185123
[39 INFO root] -0.010062996298074722 -0.3329193890094757 -1.1367243912185123
[39 INFO root] -0.009642427787184715 -0.33382663130760193 -1.1367243912185123
[39 INFO root] -0.009221859276294708 -0.33473390340805054 -1.1367243912185123
[39 INFO root] -0.008801290765404701 -0.33564117550849915 -1.1367243912185123
[39 INFO root] -0.008380722254514694 -0.33654841780662537 -1.1367243912185123
[39 INFO root] -0.007960153743624687 -0.337455689907074 -1.1367243912185123
[39 INFO root] -0.00753958523273468 -0.3383629322052002 -1.1367243912185123
[39 INFO root] -0.007119016721844673 -0.3392702043056488 -1.1367243912185123
[39 INFO root] -0.006698448210954666 -0.3401774764060974 -1.1367243912185123
[39 INFO root] -0.006277879700064659 -0.34108471870422363 -1.1367243912185123
[39 INFO root] -0.005857311189174652 -0.34199199080467224 -1.1367243912185123
[39 INFO root] -0.005436742212623358 -0.34289926290512085 -1.1367243912185123
[39 INFO root] -0.005016173701733351 -0.34380650520324707 -1.1367243912185123
[39 INFO root] -0.004595605190843344 -0.3447137773036957 -1.1367243912185123
[39 INFO root] -0.004175036679953337 -0.3456210196018219 -1.1367243912185123
[39 INFO root] -0.0037544681690633297 -0.3465282917022705 -1.1367243912185123
[39 INFO root] -0.003333899425342679 -0.3474355638027191 -1.1367243912185123
[39 INFO root] -0.002913330914452672 -0.34834280610084534 -1.1367243912185123
[39 INFO root] -0.002492762403562665 -0.34925007820129395 -1.1367243912185123
[39 INFO root] -0.002072193892672658 -0.35015735030174255 -1.1367243912185123
[39 INFO root] -0.0016516252653673291 -0.3510645925998688 -1.1367243912185123
[39 INFO root] -0.0012310566380620003 -0.3519718647003174 -1.1367243912185123
[39 INFO root] -0.0008104880689643323 -0.3528791069984436 -1.1367243912185123
[39 INFO root] -0.0003899194998666644 -0.3537863790988922 -1.1367243912185123
[39 INFO root] 3.064908378291875e-05 -0.3546936511993408 -1.1367243912185123
[39 INFO root] 0.0004512176674325019 -0.35560089349746704 -1.1367243912185123
[39 INFO root] 0.0008717862656340003 -0.35650816559791565 -1.1367243912185123
[39 INFO root] 0.0012923547765240073 -0.35741540789604187 -1.1367243912185123
[39 INFO root] 0.0017129234038293362 -0.3583226799964905 -1.1367243912185123
[39 INFO root] 0.002133491914719343 -0.3592299520969391 -1.1367243912185123
[39 INFO root] 0.002554060658439994 -0.3601371943950653 -1.1367243912185123
[39 INFO root] 0.002974629169330001 -0.3610444664955139 -1.1367243912185123
[39 INFO root] 0.003395197680220008 -0.3619517385959625 -1.1367243912185123
[39 INFO root] 0.003815766191110015 -0.36285898089408875 -1.1367243912185123
[39 INFO root] 0.004236334934830666 -0.36376625299453735 -1.1367243912185123
[39 INFO root] 0.004656903445720673 -0.3646734952926636 -1.1367243912185123
[39 INFO root] 0.00507747195661068 -0.3655807673931122 -1.1367243912185123
[39 INFO root] 0.005498040467500687 -0.3664880394935608 -1.1367243912185123
[39 INFO root] 0.005918608978390694 -0.367395281791687 -1.1367243912185123
[39 INFO root] 0.006339177954941988 -0.3683025538921356 -1.1367243912185123
[39 INFO root] 0.006759746465831995 -0.36920982599258423 -1.1367243912185123
[39 INFO root] 0.0071364170871675014 -0.37002238631248474 -1.1369838639916479
[39 INFO root] 0.007444790564477444 -0.37068799138069153 -1.1377165714746558
[39 INFO root] 0.007692631799727678 -0.37122392654418945 -1.1389538787987925
[39 INFO root] 0.007889974862337112 -0.37165194749832153 -1.1406971417719722
[39 INFO root] 0.008045474998652935 -0.37199074029922485 -1.1429409430111401
[39 INFO root] 0.008166528306901455 -0.37225601077079773 -1.1456754999103247
[39 INFO root] 0.008259426802396774 -0.3724609911441803 -1.1488882986230724
[39 INFO root] 0.008329495787620544 -0.3726169466972351 -1.1525653932251125
[39 INFO root] 0.008381218649446964 -0.3727331757545471 -1.1566924346959677
[39 INFO root] 0.008418346755206585 -0.3728175163269043 -1.161255473905148
[39 INFO root] 0.008443384431302547 -0.3728750944137573 -1.166258424006846
[39 INFO root] 0.008458057418465614 -0.372909277677536 -1.1717196486705241
[39 INFO root] 0.008463861420750618 -0.37292298674583435 -1.1776619168969231
[39 INFO root] 0.008462194353342056 -0.372918963432312 -1.1841100211656042
[39 INFO root] 0.008454392664134502 -0.3728998005390167 -1.1910901646232999
[39 INFO root] 0.008441752754151821 -0.3728681802749634 -1.198629292836649
[39 INFO root] 0.00842555332928896 -0.3728267550468445 -1.2067542306196792
[39 INFO root] 0.008407062850892544 -0.3727783262729645 -1.2154906044116647
[39 INFO root] 0.008387548848986626 -0.37272587418556213 -1.2248615434441283
[39 INFO root] 0.008368268609046936 -0.37267252802848816 -1.23488617215865
[39 INFO root] 0.008350459858775139 -0.37262168526649475 -1.2455779325524332
[39 INFO root] 0.00833531841635704 -0.3725769817829132 -1.2569428069129123
[39 INFO root] 0.008323966525495052 -0.3725421726703644 -1.268977545322979
[39 INFO root] 0.008317415602505207 -0.3725212812423706 -1.2816680328194474
[39 INFO root] 0.008316525258123875 -0.3725183606147766 -1.29498795104826
[39 INFO root] 0.00832196045666933 -0.3725375831127167 -1.3088978913988003
[39 INFO root] 0.008334153331816196 -0.37258294224739075 -1.3233450555772768
[39 INFO root] 0.008353075943887234 -0.37265756726264954 -1.3382678566444748
[39 INFO root] 0.008377994410693645 -0.3727622628211975 -1.353612907330788
[39 INFO root] 0.008407952263951302 -0.3728972375392914 -1.3693333306031534
[39 INFO root] 0.00844193808734417 -0.37306252121925354 -1.3853851340787628
[39 INFO root] 0.0084789227694273 -0.37325823307037354 -1.401724625362869
[39 INFO root] 0.008517879992723465 -0.37348446249961853 -1.418305930544562
[39 INFO root] 0.008557789959013462 -0.37374162673950195 -1.4350785077500203
[39 INFO root] 0.008597641251981258 -0.374030202627182 -1.4519847250270246
[39 INFO root] 0.00863642804324627 -0.374350905418396 -1.4689575844668656
[39 INFO root] 0.008673140779137611 -0.3747047185897827 -1.485918686991649
[39 INFO root] 0.008706766180694103 -0.3750927448272705 -1.5027765504622617
[39 INFO root] 0.008736283518373966 -0.37551629543304443 -1.5194254146960766
[39 INFO root] 0.008760672993957996 -0.3759767413139343 -1.5357446335288836
[39 INFO root] 0.00877892505377531 -0.37647560238838196 -1.5515986305947698
[39 INFO root] 0.008790066465735435 -0.3770143389701843 -1.5668380438328147
[39 INFO root] 0.008793189190328121 -0.37759432196617126 -1.5813021335919313
[39 INFO root] 0.008787493221461773 -0.37821686267852783 -1.594822477265004
[39 INFO root] 0.008772333152592182 -0.3788830041885376 -1.6072279469536677
[39 INFO root] 0.008747268468141556 -0.37959355115890503 -1.6183508567592944
[39 INFO root] 0.008712115697562695 -0.38034895062446594 -1.6280340208016204
[39 INFO root] 0.00866699032485485 -0.3811493515968323 -1.6361383091873851
[39 INFO root] 0.008612343110144138 -0.38199448585510254 -1.6425501531434288
[39 INFO root] 0.008548971265554428 -0.382883757352829 -1.647188362566672
[39 INFO root] 0.008478020317852497 -0.3838161826133728 -1.650009607194738
[39 INFO root] 0.008400957100093365 -0.3847903609275818 -1.6510119933365388
[39 INFO root] 0.008321074768900871 -0.3857852816581726 -1.6510940456496297
[39 INFO root] 0.008240871131420135 -0.38678207993507385 -1.6510940456496297
[39 INFO root] 0.008160660043358803 -0.3877788484096527 -1.6510940456496297
[39 INFO root] 0.008080448023974895 -0.38877561688423157 -1.6510940456496297
[39 INFO root] 0.008000236935913563 -0.3897724151611328 -1.6510940456496297
[39 INFO root] 0.00792002584785223 -0.39076918363571167 -1.6510940456496297
[39 INFO root] 0.007839813828468323 -0.3917659521102905 -1.6510940456496297
[39 INFO root] 0.007759602274745703 -0.3927627503871918 -1.6510940456496297
[39 INFO root] 0.00767939118668437 -0.39375951886177063 -1.6510940456496297
[39 INFO root] 0.00759917963296175 -0.3947562873363495 -1.6510940456496297
[39 INFO root] 0.00751896807923913 -0.39575305581092834 -1.6510940456496297
[39 INFO root] 0.00743875652551651 -0.3967498540878296 -1.6510940456496297
[39 INFO root] 0.00735854497179389 -0.39774662256240845 -1.6510940456496297
[39 INFO root] 0.007278333883732557 -0.3987433910369873 -1.6510940456496297
[39 INFO root] 0.007198122330009937 -0.39974018931388855 -1.6510940456496297
[39 INFO root] 0.007117910776287317 -0.4007369577884674 -1.6510940456496297
[39 INFO root] 0.007037699222564697 -0.40173372626304626 -1.6510940456496297
[39 INFO root] 0.0069574881345033646 -0.4027305245399475 -1.6510940456496297
[39 INFO root] 0.0068772765807807446 -0.40372729301452637 -1.6510940456496297
[39 INFO root] 0.0067970650270581245 -0.4047240614891052 -1.6510940456496297
[39 INFO root] 0.0067168534733355045 -0.40572085976600647 -1.6510940456496297
[39 INFO root] 0.0066366419196128845 -0.4067176282405853 -1.6510940456496297
[39 INFO root] 0.006558944005519152 -0.4076831638813019 -1.6526841245958095
[39 INFO root] 0.006483155768364668 -0.40860849618911743 -1.6563693101790937
[39 INFO root] 0.006407394539564848 -0.40949565172195435 -1.6621190900126674
[39 INFO root] 0.006329869851469994 -0.4103477895259857 -1.6698668039363305
[39 INFO root] 0.00624897750094533 -0.41116830706596375 -1.6795449969098983
[39 INFO root] 0.006163274869322777 -0.4119606018066406 -1.6910974826184737
[39 INFO root] 0.00607142923399806 -0.4127280116081238 -1.7044798448487872
[39 INFO root] 0.0059721628203988075 -0.41347387433052063 -1.7196565608766794
[39 INFO root] 0.005864198785275221 -0.4142014682292938 -1.736598148667799
[39 INFO root] 0.0057462118566036224 -0.414914071559906 -1.7552784867458804
[39 INFO root] 0.0056167831644415855 -0.4156150221824646 -1.7756722143097574
[39 INFO root] 0.005474355537444353 -0.41630759835243225 -1.7977521410509796
[39 INFO root] 0.005317191127687693 -0.4169950783252716 -1.8214866191972376
[39 INFO root] 0.005143335554748774 -0.4176807403564453 -1.8468368527197994
[39 INFO root] 0.004950587637722492 -0.41836777329444885 -1.8737541423344988
[39 INFO root] 0.0047364793717861176 -0.4190591871738434 -1.9021770914618528
[39 INFO root] 0.0044982596300542355 -0.4197578728199005 -1.9320257974651756
[39 INFO root] 0.004232911393046379 -0.42046645283699036 -1.9631997570866178
[39 INFO root] 0.003937193658202887 -0.421187162399292 -1.9955781006717983
[39 INFO root] 0.0036077082622796297 -0.4219217300415039 -2.029019874744122
[39 INFO root] 0.003240985097363591 -0.4226713478565216 -2.063364093537456
[39 INFO root] 0.002833597594872117 -0.4234364926815033 -2.0984298646874544
[39 INFO root] 0.002382297534495592 -0.42421698570251465 -2.1340168737677514
[39 INFO root] 0.001884173951111734 -0.42501190304756165 -2.1699064957240006
[39 INFO root] 0.0013368253130465746 -0.425819456577301 -2.205863752303187
[39 INFO root] 0.0007385368808172643 -0.42663729190826416 -2.241640252675354
[39 INFO root] 8.844907279126346e-05 -0.42746227979660034 -2.276978150399957
[39 INFO root] -0.0006132968701422215 -0.42829078435897827 -2.3116150293158397
[39 INFO root] -0.0013654535869136453 -0.4291187822818756 -2.3452895043864626
[39 INFO root] -0.002165615325793624 -0.42994198203086853 -2.377747208228976
[39 INFO root] -0.0030102278105914593 -0.4307561218738556 -2.408746750449861
[39 INFO root] -0.0038754704874008894 -0.4315398037433624 -2.4379891124696473
[39 INFO root] -0.0046508777886629105 -0.43220216035842896 -2.4651122575903393
[39 INFO root] -0.005331074818968773 -0.43275177478790283 -2.4904336353751755
[39 INFO root] -0.005925657693296671 -0.43320760130882263 -2.5142741940802384
[39 INFO root] -0.006444042548537254 -0.43358558416366577 -2.536867660408419
[39 INFO root] -0.00689481757581234 -0.4338988661766052 -2.5583751625702713
[39 INFO root] -0.007285566534847021 -0.434158056974411 -2.5789000432402323
[39 INFO root] -0.007622812408953905 -0.4343718886375427 -2.598500212455647
[39 INFO root] -0.007912052795290947 -0.4345473647117615 -2.6171984536040886
[39 INFO root] -0.008157833479344845 -0.4346902668476105 -2.6349910426379766
[39 INFO root] -0.008363859727978706 -0.43480515480041504 -2.651854947346242
[39 INFO root] -0.008533117361366749 -0.4348958134651184 -2.667753804685241
[39 INFO root] -0.008668000809848309 -0.4349653124809265 -2.682642826808737
[39 INFO root] -0.008770432323217392 -0.4350161850452423 -2.6964727559615027
[39 INFO root] -0.008841983042657375 -0.43505048751831055 -2.709192971500833
[39 INFO root] -0.008883974514901638 -0.4350699782371521 -2.720753845201093
[39 INFO root] -0.008897568099200726 -0.43507611751556396 -2.731108440329262
[39 INFO root] -0.008902935311198235 -0.4350784420967102 -2.741364451783868
[39 INFO root] -0.008908812887966633 -0.43508094549179077 -2.7520009178016247
[39 INFO root] -0.008915973827242851 -0.43508389592170715 -2.7630727441003207
[39 INFO root] -0.008924435824155807 -0.43508726358413696 -2.7745999712712077
[39 INFO root] -0.008934229612350464 -0.4350910484790802 -2.7866039006540815
[39 INFO root] -0.008945407345890999 -0.4350951910018921 -2.79910695015568
[39 INFO root] -0.008958043530583382 -0.435099720954895 -2.812132750158692
[39 INFO root] -0.008972231298685074 -0.4351046085357666 -2.825706248006124
[39 INFO root] -0.008988087065517902 -0.43510979413986206 -2.8398538212810247
[39 INFO root] -0.00900575052946806 -0.4351153075695038 -2.8546034009616177
[39 INFO root] -0.009025385603308678 -0.4351211488246918 -2.8699846056128715
[39 INFO root] -0.009047183208167553 -0.43512725830078125 -2.886028887816196
[39 INFO root] -0.009071364998817444 -0.43513360619544983 -2.902769694057858
[39 INFO root] -0.00909818522632122 -0.4351401925086975 -2.920242639279507
[39 INFO root] -0.009127936325967312 -0.43514692783355713 -2.9384856972198716
[39 INFO root] -0.00916095357388258 -0.4351537823677063 -2.9575394075152497
[39 INFO root] -0.009197620674967766 -0.43516066670417786 -2.9774471002352523
[39 INFO root] -0.009238378144800663 -0.43516749143600464 -2.9982551380498714
[39 INFO root] -0.009283728897571564 -0.4351741373538971 -3.020013175469744
[39 INFO root] -0.009334253147244453 -0.4351803958415985 -3.0427744334560263
[39 INFO root] -0.009390614926815033 -0.43518611788749695 -3.0665959859946823
[39 INFO root] -0.009453576989471912 -0.43519097566604614 -3.0915390527437
[39 INFO root] -0.00952401664108038 -0.4351946711540222 -3.117669288273846
[39 INFO root] -0.009602946229279041 -0.43519675731658936 3.1381282538810966
[39 INFO root] -0.009691529907286167 -0.4351966679096222 3.1094076611484063
[39 INFO root] -0.009791107848286629 -0.4351937174797058 3.079273845560954
[39 INFO root] -0.009903223253786564 -0.4351870119571686 3.0476412737749
[39 INFO root] -0.010029650293290615 -0.43517544865608215 3.014419416978801
[39 INFO root] -0.010172423906624317 -0.4351576268672943 2.979513170154721
[39 INFO root] -0.010333869606256485 -0.4351317584514618 2.9428236763410816
[39 INFO root] -0.010516630485653877 -0.43509554862976074 2.9042497317928566
[39 INFO root] -0.010723691433668137 -0.4350462257862091 2.863690008897734
[39 INFO root] -0.010958378203213215 -0.434980183839798 2.8210464090972778
[39 INFO root] -0.011224351823329926 -0.4348929822444916 2.7762289458036906
[39 INFO root] -0.011525547131896019 -0.4347791373729706 2.7291626491096372
[39 INFO root] -0.0118660693988204 -0.4346318244934082 2.6797970601243444
[39 INFO root] -0.012250003404915333 -0.43444281816482544 2.6281189037325294
[39 INFO root] -0.012681121937930584 -0.43420225381851196 2.574168425765475
[39 INFO root] -0.013162459246814251 -0.4338986873626709 2.518059547383211
[39 INFO root] -0.013695748522877693 -0.4335190951824188 2.460003283780082
[39 INFO root] -0.014280721545219421 -0.4330494701862335 2.4003326511456886
[39 INFO root] -0.014914357103407383 -0.43247556686401367 2.3395254888114314
[39 INFO root] -0.015590199269354343 -0.43178439140319824 2.278219458004411
[39 INFO root] -0.0162979643791914 -0.4309658706188202 2.217211634860222
[39 INFO root] -0.017023680731654167 -0.4300151765346527 2.1574348803966203
[39 INFO root] -0.017750579863786697 -0.42893463373184204 2.0999061063715474
[39 INFO root] -0.01846071518957615 -0.4277350902557373 2.045648465715776
[39 INFO root] -0.019137095659971237 -0.42643603682518005 1.9955989786488415
[39 INFO root] -0.01976579800248146 -0.4250640273094177 1.9505210191783962
[39 INFO root] -0.020337477326393127 -0.42364999651908875 1.9109424265550683
[39 INFO root] -0.02084793522953987 -0.4222257137298584 1.877132704781434
[39 INFO root] -0.02129768207669258 -0.4208207428455353 1.8491200825092264
[39 INFO root] -0.021690834313631058 -0.41945981979370117 1.8267377069488477
[39 INFO root] -0.02203374356031418 -0.41816189885139465 1.8096830164016613
[39 INFO root] -0.022333737462759018 -0.4169396758079529 1.7975759171968575
[39 INFO root] -0.02259816788136959 -0.41580045223236084 1.7900067925344028
[39 INFO root] -0.022833824157714844 -0.4147467315196991 1.7865698489229411
[39 INFO root] -0.02304980158805847 -0.4137631058692932 1.7862670712795403
[39 INFO root] -0.023263638839125633 -0.41278621554374695 1.7862670712795403
[39 INFO root] -0.023477446287870407 -0.41180935502052307 1.7862670712795403
[39 INFO root] -0.02369125373661518 -0.4108324646949768 1.7862670712795403
[39 INFO root] -0.023905061185359955 -0.40985560417175293 1.7862670712795403
[39 INFO root] -0.02411886677145958 -0.40887871384620667 1.7862670712795403
[39 INFO root] -0.024332674220204353 -0.4079018533229828 1.7862670712795403
[39 INFO root] -0.024546481668949127 -0.4069249629974365 1.7862670712795403
[39 INFO root] -0.0247602891176939 -0.40594810247421265 1.7862670712795403
[39 INFO root] -0.024974096566438675 -0.4049712121486664 1.7862670712795403
[39 INFO root] -0.02518790401518345 -0.4039943516254425 1.7862670712795403
[39 INFO root] -0.025401711463928223 -0.40301746129989624 1.7862670712795403
[39 INFO root] -0.025615518912672997 -0.40204060077667236 1.7862670712795403
[39 INFO root] -0.02582932636141777 -0.4010637104511261 1.7862670712795403
[39 INFO root] -0.026043133810162544 -0.4000868499279022 1.7862670712795403
[39 INFO root] -0.026256941258907318 -0.39910995960235596 1.7862670712795403
[39 INFO root] -0.02646454982459545 -0.3981614112854004 1.7888193783918542
[39 INFO root] -0.026667986065149307 -0.39724200963974 1.7941261973828513
[39 INFO root] -0.02687040902674198 -0.3963485062122345 1.802068833181751
[39 INFO root] -0.02707482874393463 -0.3954772651195526 1.8125303737812273
[39 INFO root] -0.02728412114083767 -0.3946244716644287 1.8253982584087247
[39 INFO root] -0.027473703026771545 -0.3938915431499481 1.8411088210777964
[39 INFO root] -0.027639517560601234 -0.3932887613773346 1.859667250266064
[39 INFO root] -0.027785075828433037 -0.39279496669769287 1.8809420560077632
[39 INFO root] -0.027914024889469147 -0.39238911867141724 1.9048336854116548
[39 INFO root] -0.028029706329107285 -0.3920527398586273 1.9312796617829362
[39 INFO root] -0.028135402128100395 -0.39176973700523376 1.9602433847756002
[39 INFO root] -0.028234507888555527 -0.3915259838104248 1.9917046901971729
[39 INFO root] -0.028330694884061813 -0.39130914211273193 2.025651871704635
[39 INFO root] -0.02842801995575428 -0.39110830426216125 2.0620745281038615
[39 INFO root] -0.028531033545732498 -0.39091405272483826 2.1009567893936145
[39 INFO root] -0.028644833713769913 -0.3907182216644287 2.142270640802961
[39 INFO root] -0.028775092214345932 -0.39051392674446106 2.185969220784132
[39 INFO root] -0.028928043320775032 -0.3902956247329712 2.2319801337399503
[39 INFO root] -0.02911038137972355 -0.390059232711792 2.2801990012359803
[39 INFO root] -0.029329096898436546 -0.3898022472858429 2.3304836756560268
[39 INFO root] -0.029591213911771774 -0.38952380418777466 2.382649741041883
[39 INFO root] -0.02990342304110527 -0.3892248868942261 2.436468090570374
[39 INFO root] -0.030271630734205246 -0.3889084458351135 2.491665442179192
[39 INFO root] -0.030700452625751495 -0.3885791003704071 2.5479285659670325
[39 INFO root] -0.03119269758462906 -0.388243168592453 2.6049126932923126
[39 INFO root] -0.031748924404382706 -0.38790827989578247 2.6622540465310176
[39 INFO root] -0.03236713632941246 -0.3875827193260193 2.719585735045896
[39 INFO root] -0.033042699098587036 -0.38727498054504395 2.776555557682658
[39 INFO root] -0.03376850485801697 -0.38699305057525635 2.83284373921166
[39 INFO root] -0.03453538194298744 -0.38674384355545044 2.888178491355275
[39 INFO root] -0.03533271700143814 -0.386532723903656 2.9423476067378105
[39 INFO root] -0.036149147897958755 -0.38636329770088196 2.99520499206995
[39 INFO root] -0.03697332739830017 -0.38623732328414917 3.046671922933106
[39 INFO root] -0.0377945639193058 -0.38615483045578003 3.0967336124625957
[39 INFO root] -0.03863850235939026 -0.3861128091812134 -3.137164495334324
[39 INFO root] -0.039547186344861984 -0.38611266016960144 -3.08800700409919
[39 INFO root] -0.0405227392911911 -0.3861604928970337 -3.039130352641108
[39 INFO root] -0.04156159237027168 -0.3862624764442444 -2.990785605567592
[39 INFO root] -0.04265883192420006 -0.38642406463623047 -2.94323441265801
[39 INFO root] -0.04380825534462929 -0.3866496980190277 -2.896740931611747
[39 INFO root] -0.0450025238096714 -0.38694247603416443 -2.8515624701093327
[39 INFO root] -0.046233419328927994 -0.38730400800704956 -2.807940004233134
[39 INFO root] -0.04749215766787529 -0.3877343535423279 -2.766089400576799
[39 INFO root] -0.048769760876894 -0.3882319927215576 -2.7261941303020003
[39 INFO root] -0.05005739629268646 -0.3887939155101776 -2.6884000955884644
[39 INFO root] -0.05134669691324234 -0.3894158899784088 -2.652812918914861
[39 INFO root] -0.05263005197048187 -0.3900926113128662 -2.6194977309541887
[39 INFO root] -0.053900767117738724 -0.39081814885139465 -2.588481199766115
[39 INFO root] -0.05515317618846893 -0.391586035490036 -2.5597553269260085
[39 INFO root] -0.0563826858997345 -0.3923897445201874 -2.5332824239337075
[39 INFO root] -0.05758571997284889 -0.3932228088378906 -2.509000674281471
[39 INFO root] -0.0587596632540226 -0.3940790295600891 -2.4868297600657536
[39 INFO root] -0.05990273877978325 -0.39495256543159485 -2.46667615341569
[39 INFO root] -0.06101389601826668 -0.39583808183670044 -2.4484378092868515
[39 INFO root] -0.062093351036310196 -0.3967313766479492 -2.4319750578813006
[39 INFO root] -0.0631423071026802 -0.3976292610168457 -2.4171260630633995
[39 INFO root] -0.06416209787130356 -0.3985290229320526 -2.4037448044404903
[39 INFO root] -0.06515403836965561 -0.3994283974170685 -2.391704220246459
[39 INFO root] -0.06611941009759903 -0.40032532811164856 -2.380891917600773
[39 INFO root] -0.06705950200557709 -0.40121814608573914 -2.37120672005597
[39 INFO root] -0.06797558069229126 -0.4021053612232208 -2.3625562711630237
[39 INFO root] -0.06886893510818481 -0.4029858708381653 -2.354855385745666
[39 INFO root] -0.06974083185195923 -0.4038587510585785 -2.348024924229002
[39 INFO root] -0.07059254497289658 -0.40472328662872314 -2.3419910333252814
[39 INFO root] -0.07142534852027893 -0.4055790603160858 -2.3366846438123665
[39 INFO root] -0.07224047183990479 -0.40642571449279785 -2.3320411488343757
[39 INFO root] -0.07303913682699203 -0.4072631299495697 -2.3280002083612117
[39 INFO root] -0.07382252812385559 -0.40809130668640137 -2.3245056402341917
[39 INFO root] -0.07459178566932678 -0.40891033411026 -2.3215053678661772
[39 INFO root] -0.07534798979759216 -0.40972042083740234 -2.3189514008704646
[39 INFO root] -0.07609216868877411 -0.41052180528640747 -2.316799828527757
[39 INFO root] -0.07682526856660843 -0.4113146960735321 -2.3150108091711266
[39 INFO root] -0.07754816859960556 -0.4120994806289673 -2.313548541437669
[39 INFO root] -0.07826167345046997 -0.41287633776664734 -2.312381206146858
[39 INFO root] -0.07896646857261658 -0.41364559531211853 -2.311480870730976
[39 INFO root] -0.07966318726539612 -0.4144074320793152 -2.310823351451256
[39 INFO root] -0.08035233616828918 -0.415162056684494 -2.310388031864112
[39 INFO root] -0.081034354865551 -0.4159095287322998 -2.310157639304735
[39 INFO root] -0.08170958608388901 -0.4166499376296997 -2.310117984233763
[39 INFO root] -0.08238345384597778 -0.4173889458179474 -2.3101159122176798
[39 INFO root] -0.08305723965167999 -0.4181278645992279 -2.3101159122176798
[39 INFO root] -0.0837310254573822 -0.4188668131828308 -2.3101159122176798
[39 INFO root] -0.08440480381250381 -0.41960573196411133 -2.3101159122176798
[39 INFO root] -0.08507858961820602 -0.42034465074539185 -2.3101159122176798
[39 INFO root] -0.08575237542390823 -0.42108356952667236 -2.3101159122176798
[39 INFO root] -0.08642616122961044 -0.42182251811027527 -2.3101159122176798
[39 INFO root] -0.08709994703531265 -0.4225614368915558 -2.3101159122176798
[39 INFO root] -0.08777373284101486 -0.4233003556728363 -2.3101159122176798
[39 INFO root] -0.08844751864671707 -0.4240392744541168 -2.3101159122176798
[39 INFO root] -0.08912130445241928 -0.4247782230377197 -2.3101159122176798
[39 INFO root] -0.08979509025812149 -0.42551714181900024 -2.3101159122176798
[39 INFO root] -0.0904688760638237 -0.42625606060028076 -2.3101159122176798
[39 INFO root] -0.09114266186952591 -0.42699500918388367 -2.3101159122176798
[39 INFO root] -0.09181644767522812 -0.4277339279651642 -2.3101159122176798
[39 INFO root] -0.09249023348093033 -0.4284728467464447 -2.3101159122176798
[39 INFO root] -0.09316401928663254 -0.4292117655277252 -2.3101159122176798
[39 INFO root] -0.09383779764175415 -0.4299507141113281 -2.3101159122176798
[39 INFO root] -0.09451158344745636 -0.43068963289260864 -2.3101159122176798
[39 INFO root] -0.09518536925315857 -0.43142855167388916 -2.3101159122176798
[39 INFO root] -0.09585916250944138 -0.43216750025749207 -2.31007384507824
[39 INFO root] -0.09653336554765701 -0.4329069256782532 -2.307977948648511
[39 INFO root] -0.09720691293478012 -0.4336484670639038 -2.3036832389045894
[39 INFO root] -0.09787867218255997 -0.43439412117004395 -2.297290798025906
[39 INFO root] -0.09854773432016373 -0.4351460635662079 -2.2889097921605788
[39 INFO root] -0.0992133766412735 -0.43590661883354187 -2.278655841607333
[39 INFO root] -0.09987500309944153 -0.4366781413555145 -2.2666503145780705
[39 INFO root] -0.10053209215402603 -0.4374629557132721 -2.253019795579304
[39 INFO root] -0.10118412971496582 -0.4382633864879608 -2.2378956756295874
[39 INFO root] -0.10183057188987732 -0.43908169865608215 -2.2214138000894046
[39 INFO root] -0.10247080773115158 -0.43991997838020325 -2.203714111495906
[39 INFO root] -0.1031041219830513 -0.4407801032066345 -2.1849402295867506
[39 INFO root] -0.10372968763113022 -0.44166380167007446 -2.1652389185635337
[39 INFO root] -0.10434652864933014 -0.4425724744796753 -2.1447594025608976
[39 INFO root] -0.1049535721540451 -0.44350719451904297 -2.123652504087798
[39 INFO root] -0.10554960370063782 -0.4444686472415924 -2.1020695964484952
[39 INFO root] -0.1061333417892456 -0.44545722007751465 -2.080161379008408
[39 INFO root] -0.10670341551303864 -0.44647273421287537 -2.0580765024111503
[39 INFO root] -0.10725846886634827 -0.44751468300819397 -2.0359600879036748
[39 INFO root] -0.10779713839292526 -0.44858214259147644 -2.0139521990397693
[39 INFO root] -0.10831814259290695 -0.4496736526489258 -1.9921863335458057
[39 INFO root] -0.10882030427455902 -0.4507875144481659 -1.9707880067613122
[39 INFO root] -0.10930260270833969 -0.4519215524196625 -1.9498734951726386
[39 INFO root] -0.10976419597864151 -0.4530733823776245 -1.9295487993210283
[39 INFO root] -0.11020446568727493 -0.4542403221130371 -1.9099088708092042
[39 INFO root] -0.11062301695346832 -0.45541951060295105 -1.8910371299745208
[39 INFO root] -0.11101969331502914 -0.4566080570220947 -1.8730052811798812
[39 INFO root] -0.11139456927776337 -0.4578029215335846 -1.855873413795057
[39 INFO root] -0.11174796521663666 -0.45900118350982666 -1.8396903607130048
[39 INFO root] -0.1120803952217102 -0.46019992232322693 -1.8244942740299186
[39 INFO root] -0.11239256709814072 -0.46139636635780334 -1.8103133699933174
[39 INFO root] -0.11268536746501923 -0.46258798241615295 -1.7971667924929344
[39 INFO root] -0.11295979470014572 -0.46377232670783997 -1.7850655456850515
[39 INFO root] -0.11321698129177094 -0.46494725346565247 -1.7740134508880696
[39 INFO root] -0.11345811188220978 -0.46611088514328003 -1.7640080895929902
[39 INFO root] -0.11368447542190552 -0.4672616720199585 -1.7550340279346461
[39 INFO root] -0.113897405564785 -0.4683985412120819 -1.7470614983623027
[39 INFO root] -0.1140982061624527 -0.4695206880569458 -1.7400584303192745
[39 INFO root] -0.11428816616535187 -0.4706275165081024 -1.7339928761847405
[39 INFO root] -0.1144685223698616 -0.47171860933303833 -1.728832859140392
[39 INFO root] -0.11464044451713562 -0.4727937877178192 -1.7245461815145042
[39 INFO root] -0.11480506509542465 -0.4738530218601227 -1.7211003309644548
[39 INFO root] -0.11496346443891525 -0.4748964309692383 -1.7184624502997246
[39 INFO root] -0.11511664092540741 -0.4759243130683899 -1.7165993458446398
[39 INFO root] -0.11526555567979813 -0.47693708539009094 -1.7154775175129906
[39 INFO root] -0.11541110277175903 -0.477935254573822 -1.7150631997101222
[39 INFO root] -0.11555501818656921 -0.47892558574676514 -1.7150288092433965
[39 INFO root] -0.11569875478744507 -0.47991520166397095 -1.7150288092433965
[39 INFO root] -0.11584248393774033 -0.48090481758117676 -1.7150288092433965
[39 INFO root] -0.11598622053861618 -0.48189443349838257 -1.7150288092433965
[39 INFO root] -0.11612994968891144 -0.4828840494155884 -1.7150288092433965
[39 INFO root] -0.11627368628978729 -0.4838736653327942 -1.7150288092433965
[39 INFO root] -0.11641741544008255 -0.48486328125 -1.7150288092433965
[39 INFO root] -0.1165611520409584 -0.4858528971672058 -1.7150288092433965
[39 INFO root] -0.11670488119125366 -0.4868425130844116 -1.7150288092433965
[39 INFO root] -0.11684861779212952 -0.48783212900161743 -1.7150288092433965
[39 INFO root] -0.11699234694242477 -0.48882174491882324 -1.7150288092433965
[39 INFO root] -0.11713608354330063 -0.48981136083602905 -1.7150288092433965
[39 INFO root] -0.11727981269359589 -0.49080097675323486 -1.7150288092433965
[39 INFO root] -0.11742354929447174 -0.4917905926704407 -1.7150288092433965
[39 INFO root] -0.117567278444767 -0.4927802085876465 -1.7150288092433965
[39 INFO root] -0.11771101504564285 -0.4937698245048523 -1.7150288092433965
[39 INFO root] -0.11785474419593811 -0.4947594404220581 -1.7150288092433965
[39 INFO root] -0.11798971146345139 -0.49568870663642883 -1.7148144895008814
[39 INFO root] -0.1181136891245842 -0.4965434670448303 -1.714311602881289
[39 INFO root] -0.11822719871997833 -0.49732863903045654 -1.7135100648945643
[39 INFO root] -0.11833097785711288 -0.49805039167404175 -1.712405612776519
[39 INFO root] -0.11842575669288635 -0.4987146854400635 -1.7109942657710087
[39 INFO root] -0.11851227283477783 -0.49932703375816345 -1.709272187959317
[39 INFO root] -0.11859122663736343 -0.49989280104637146 -1.7072356735861307
[39 INFO root] -0.11866331100463867 -0.5004169940948486 -1.7048812268320654
[39 INFO root] -0.11872920393943787 -0.5009045600891113 -1.7022057410668976
[39 INFO root] -0.11878954619169235 -0.5013601183891296 -1.6992067725225173
[39 INFO root] -0.11884495615959167 -0.5017881393432617 -1.6958828935109078
[39 INFO root] -0.1188960149884224 -0.5021930932998657 -1.6922341008455875
[39 INFO root] -0.11894328147172928 -0.5025792121887207 -1.6882622464038124
[39 INFO root] -0.11898726224899292 -0.5029505491256714 -1.683971449723881
[39 INFO root] -0.11902841925621033 -0.5033112168312073 -1.679368448441734
[39 INFO root] -0.11906714737415314 -0.5036649703979492 -1.6744628425497068
[39 INFO root] -0.11910378187894821 -0.5040154457092285 -1.669267193878856
[39 INFO root] -0.11913860589265823 -0.5043660402297974 -1.6637969531295809
[39 INFO root] -0.11917179822921753 -0.5047199130058289 -1.658070202525856
[39 INFO root] -0.11920350044965744 -0.5050798058509827 -1.6521072209751242
[39 INFO root] -0.11923374235630035 -0.5054483413696289 -1.645929898020863
[39 INFO root] -0.11926251649856567 -0.5058275461196899 -1.6395610399374037
[39 INFO root] -0.11928971856832504 -0.5062189698219299 -1.6330224080083844
[39 INFO root] -0.11931519955396652 -0.5066238045692444 -1.6263336089548879
[39 INFO root] -0.1193387508392334 -0.5070425271987915 -1.6195119643244722
[39 INFO root] -0.11936015635728836 -0.5074756145477295 -1.6125728044501058
[39 INFO root] -0.11937916278839111 -0.5079230666160583 -1.6055299408979722
[39 INFO root] -0.11939553171396255 -0.5083850026130676 -1.5983962235319515
[39 INFO root] -0.11940900981426239 -0.5088613629341125 -1.5911841231977293
[39 INFO root] -0.11941935867071152 -0.5093520283699036 -1.583906295413868
[39 INFO root] -0.11942633986473083 -0.5098571181297302 -1.5765760914810045
[39 INFO root] -0.11942971497774124 -0.5103766322135925 -1.5692079921360833
[39 INFO root] -0.11942925304174423 -0.51091068983078 -1.5618179456301968
[39 INFO root] -0.1194247156381607 -0.5114595890045166 -1.554423597342622
[39 INFO root] -0.11941589415073395 -0.5120234489440918 -1.5470444023472956
[39 INFO root] -0.11940255016088486 -0.5126027464866638 -1.5397016161943287
[39 INFO root] -0.11938446760177612 -0.5131977200508118 -1.532418163311006
[39 INFO root] -0.11936143785715103 -0.5138088464736938 -1.5252183867678666
[39 INFO root] -0.11933325976133347 -0.5144364237785339 -1.5181276879547396
[39 INFO root] -0.11929973214864731 -0.5150808691978455 -1.511172069661503
[39 INFO root] -0.11926069110631943 -0.5157424211502075 -1.504377600999527
[39 INFO root] -0.11921598017215729 -0.516421377658844 -1.4977698267023807
[39 INFO root] -0.11916548013687134 -0.5171178579330444 -1.4913731463643933
[39 INFO root] -0.11910909414291382 -0.5178319215774536 -1.485210190230201
[39 INFO root] -0.11904677003622055 -0.5185635685920715 -1.479301217204812
[39 INFO root] -0.11897848546504974 -0.5193125605583191 -1.4736635640338627
[39 INFO root] -0.11890427023172379 -0.5200785994529724 -1.4683111628894951
[39 INFO root] -0.11882418394088745 -0.5208613276481628 -1.4632541443037075
[39 INFO root] -0.11873834580183029 -0.5216601490974426 -1.4584985395210026
[39 INFO root] -0.11864754557609558 -0.5224687457084656 -1.4554129945888075
[39 INFO root] -0.11855365335941315 -0.5232810378074646 -1.455582446580879
[39 INFO root] -0.11845900863409042 -0.5240986943244934 -1.4590374020783505
[39 INFO root] -0.1183660477399826 -0.5249245166778564 -1.465630194514561
[39 INFO root] -0.1182771623134613 -0.5257613658905029 -1.4752124067754906
[39 INFO root] -0.11819477379322052 -0.5266122221946716 -1.487633281698802
[39 INFO root] -0.11812136322259903 -0.5274801254272461 -1.502737570160625
[39 INFO root] -0.11805951595306396 -0.5283680558204651 -1.520363559883238
[39 INFO root] -0.118011973798275 -0.5292788147926331 -1.5403413258489047
[39 INFO root] -0.11798162758350372 -0.5302150249481201 -1.5624850932707879
[39 INFO root] -0.11797153204679489 -0.531178891658783 -1.586568566441199
[39 INFO root] -0.11798486858606339 -0.5321719646453857 -1.6123495909369856
[39 INFO root] -0.11802484840154648 -0.5331952571868896 -1.6395776594728035
[39 INFO root] -0.11809462308883667 -0.5342488884925842 -1.6679966022134602
[39 INFO root] -0.11819722503423691 -0.5353320837020874 -1.697347992958495
[39 INFO root] -0.11833539605140686 -0.5364434719085693 -1.7273752376878
[39 INFO root] -0.11851152032613754 -0.537580668926239 -1.7578280824172339
[39 INFO root] -0.11872749030590057 -0.5387408137321472 -1.7884673055172453
[39 INFO root] -0.1189846619963646 -0.5399203300476074 -1.81906932464119
[39 INFO root] -0.11928365379571915 -0.541114866733551 -1.8494248915218297
[39 INFO root] -0.11962441354990005 -0.542319655418396 -1.8793502555839834
[39 INFO root] -0.12000629305839539 -0.5435301065444946 -1.9086917362334808
[39 INFO root] -0.12042814493179321 -0.5447419285774231 -1.9373265238523323
[39 INFO root] -0.12088840454816818 -0.5459511876106262 -1.9651620729025012
[39 INFO root] -0.12138523906469345 -0.5471543669700623 -1.99213446739923
[39 INFO root] -0.12191664427518845 -0.5483487248420715 -2.01820589310259
[39 INFO root] -0.12248057126998901 -0.5495317578315735 -2.043361384320136
[39 INFO root] -0.12307500839233398 -0.5507017970085144 -2.0676050457814377
[39 INFO root] -0.12369803339242935 -0.5518576502799988 -2.090955967412135
[39 INFO root] -0.12434790283441544 -0.552998423576355 -2.113444054760551
[39 INFO root] -0.1250230371952057 -0.5541236996650696 -2.135105992381758
[39 INFO root] -0.1257220208644867 -0.5552332997322083 -2.155981541644956
[39 INFO root] -0.12644357979297638 -0.556327223777771 -2.1761103465711518
[39 INFO root] -0.12718656659126282 -0.5574055910110474 -2.195529379932313
[39 INFO root] -0.12794984877109528 -0.5584684610366821 -2.21427110771095
[39 INFO root] -0.1287323385477066 -0.5595159530639648 -2.2323623875106793
[39 INFO root] -0.12953293323516846 -0.5605480074882507 -2.2498240533970693
[39 INFO root] -0.13035044074058533 -0.5615646243095398 -2.266671085235366
[39 INFO root] -0.13118359446525574 -0.5625655055046082 -2.2829132229982276
[39 INFO root] -0.13203106820583344 -0.5635504722595215 -2.2985558702716666
[39 INFO root] -0.13289141654968262 -0.5645192861557007 -2.3136011361647104
[39 INFO root] -0.1337631493806839 -0.5654714703559875 -2.328048886773946
[39 INFO root] -0.13464470207691193 -0.5664068460464478 -2.3418977095656848
[39 INFO root] -0.13553451001644135 -0.5673249959945679 -2.3551457293999087
[39 INFO root] -0.1364309936761856 -0.5682258009910583 -2.3677912475594973
[39 INFO root] -0.13733255863189697 -0.5691089034080505 -2.3798332013186325
[39 INFO root] -0.1382378190755844 -0.5699744820594788 -2.391273949488918
[39 INFO root] -0.13914555311203003 -0.5708225965499878 -2.4021198087964963
[39 INFO root] -0.14005474746227264 -0.5716537237167358 -2.4123805642871683
[39 INFO root] -0.1409645825624466 -0.5724683403968811 -2.422068663799142
[39 INFO root] -0.14187440276145935 -0.5732671022415161 -2.431198405572635
[39 INFO root] -0.14278365671634674 -0.5740507245063782 -2.4397853104403
[39 INFO root] -0.14369192719459534 -0.5748199224472046 -2.4478456806345354
[39 INFO root] -0.14459887146949768 -0.5755754113197327 -2.4553962982919733
[39 INFO root] -0.14550423622131348 -0.5763180255889893 -2.4624542221115813
[39 INFO root] -0.14640778303146362 -0.5770484805107117 -2.469036651075078
[39 INFO root] -0.14730942249298096 -0.577767550945282 -2.4751608327045096
[39 INFO root] -0.14820902049541473 -0.5784759521484375 -2.480843999844635
[39 INFO root] -0.14910656213760376 -0.5791744589805603 -2.486103323435188
[39 INFO root] -0.15000201761722565 -0.5798637270927429 -2.4909558739526054
[39 INFO root] -0.15089543163776398 -0.5805444717407227 -2.495418586861753
[39 INFO root] -0.15178684890270233 -0.5812174081802368 -2.4995082287915764
[39 INFO root] -0.15267635881900787 -0.5818831324577332 -2.5032413623178367
[39 INFO root] -0.15356406569480896 -0.5825423002243042 -2.506634308192967
[39 INFO root] -0.1544564813375473 -0.5832002758979797 -2.5075791013970807
[39 INFO root] -0.15535329282283783 -0.5838598012924194 -2.5057081498666536
[39 INFO root] -0.15625222027301788 -0.58452308177948 -2.5012515585368336
[39 INFO root] -0.15715134143829346 -0.5851923823356628 -2.4944767877741865
[39 INFO root] -0.15804915130138397 -0.5858698487281799 -2.4856424683279825
[39 INFO root] -0.15894433856010437 -0.5865575671195984 -2.474997628792373
[39 INFO root] -0.15983569622039795 -0.5872573256492615 -2.46278108732602
[39 INFO root] -0.160722017288208 -0.587970495223999 -2.449220635074895
[39 INFO root] -0.16160210967063904 -0.5886983871459961 -2.434532077829252
[39 INFO root] -0.16247472167015076 -0.5894417762756348 -2.4189182220737955
[39 INFO root] -0.1633385270833969 -0.5902010798454285 -2.4025678953335166
[39 INFO root] -0.16419224441051483 -0.5909765362739563 -2.385655084422556
[39 INFO root] -0.16503457725048065 -0.5917679667472839 -2.368338262874059
[39 INFO root] -0.1658642441034317 -0.592574954032898 -2.3507599647322164
[39 INFO root] -0.16668008267879486 -0.593396782875061 -2.333046632807733
[39 INFO root] -0.16748100519180298 -0.5942327380180359 -2.315308748070119
[39 INFO root] -0.16827119886875153 -0.5950872898101807 -2.2977298175768675
[39 INFO root] -0.1690504550933838 -0.5959603786468506 -2.2804334942246474
[39 INFO root] -0.16981732845306396 -0.5968500971794128 -2.2635099959433864
[39 INFO root] -0.17057059705257416 -0.5977546572685242 -2.247030440407197
[39 INFO root] -0.17130929231643677 -0.598672091960907 -2.231049224182637
[39 INFO root] -0.17203275859355927 -0.5996007323265076 -2.215605981151064
[39 INFO root] -0.17274053394794464 -0.6005388498306274 -2.2007287325746905
[39 INFO root] -0.17343240976333618 -0.6014848947525024 -2.186434668414656
[39 INFO root] -0.1741083562374115 -0.6024376153945923 -2.1727310699450677
[39 INFO root] -0.17476850748062134 -0.6033957600593567 -2.1596169049859277
[39 INFO root] -0.17541316151618958 -0.6043582558631897 -2.1470844376956064
[39 INFO root] -0.17604270577430725 -0.6053243279457092 -2.1351206931662206
[39 INFO root] -0.17665761709213257 -0.6062932014465332 -2.1237087668206125
[39 INFO root] -0.1772584170103073 -0.6072642207145691 -2.1128289844007275
[39 INFO root] -0.17784567177295685 -0.6082370281219482 -2.102459922524179
[39 INFO root] -0.17841975390911102 -0.6092107892036438 -2.0925815634022635
[39 INFO root] -0.1789783090353012 -0.6101800799369812 -2.0831967467726025
[39 INFO root] -0.17951926589012146 -0.6111395955085754 -2.074293171660118
[39 INFO root] -0.18004144728183746 -0.6120855212211609 -2.065839877629882
[39 INFO root] -0.1805443912744522 -0.6130151748657227 -2.0577940603359535
[39 INFO root] -0.1810280680656433 -0.6139267683029175 -2.050106955510884
[39 INFO root] -0.18149277567863464 -0.6148191690444946 -2.0427280750762744
[39 INFO root] -0.18193897604942322 -0.6156917214393616 -2.035608045399766
[39 INFO root] -0.1823672652244568 -0.6165443062782288 -2.028700416615806
[39 INFO root] -0.1827782541513443 -0.6173767447471619 -2.021962733858582
[39 INFO root] -0.18317261338233948 -0.61818927526474 -2.015357075360265
[39 INFO root] -0.18355096876621246 -0.6189821362495422 -2.008850203599633
[39 INFO root] -0.18391388654708862 -0.6197555661201477 -2.0024134469674855
[39 INFO root] -0.1842619627714157 -0.6205099821090698 -1.996022375190235
[39 INFO root] -0.18459570407867432 -0.6212456822395325 -1.9896563530691367
[39 INFO root] -0.18491530418395996 -0.621962308883667 -1.9833185768849066
[39 INFO root] -0.1852189302444458 -0.6226548552513123 -1.977142978070929
[39 INFO root] -0.1855052411556244 -0.6233190298080444 -1.9712483732730104
[39 INFO root] -0.18577376008033752 -0.6239522695541382 -1.965709355867303
[39 INFO root] -0.18602481484413147 -0.6245536208152771 -1.9605595825083535
[39 INFO root] -0.18625907599925995 -0.6251230239868164 -1.9558115682835604
[39 INFO root] -0.186477392911911 -0.6256610155105591 -1.9514656747526138
[39 INFO root] -0.18668076395988464 -0.6261684894561768 -1.9475144572772674
[39 INFO root] -0.18687020242214203 -0.6266467571258545 -1.9439454485465995
[39 INFO root] -0.18704669177532196 -0.6270970702171326 -1.9407429935145142
[39 INFO root] -0.18721126019954681 -0.6275209784507751 -1.9378894248169054
[39 INFO root] -0.187364861369133 -0.6279200911521912 -1.9353657756194973
[39 INFO root] -0.18750840425491333 -0.6282959580421448 -1.9331521667350025
[39 INFO root] -0.18764281272888184 -0.6286502480506897 -1.9312279622497608
[39 INFO root] -0.18776892125606537 -0.6289846301078796 -1.9295717598342665
[39 INFO root] -0.18789170682430267 -0.6293118596076965 -1.9279018161429387
[39 INFO root] -0.1880120187997818 -0.6296342015266418 -1.9261590213149327
[39 INFO root] -0.18812976777553558 -0.6299512982368469 -1.9243364296590493
[39 INFO root] -0.18824489414691925 -0.630263090133667 -1.9224298099425847
[39 INFO root] -0.18835735321044922 -0.6305693984031677 -1.9204350154114345
[39 INFO root] -0.1884671449661255 -0.6308703422546387 -1.9183479556420622
[39 INFO root] -0.18857432901859283 -0.6311660408973694 -1.9161645622797179
[39 INFO root] -0.18867896497249603 -0.6314566135406494 -1.9138807616418798
[39 INFO root] -0.18878111243247986 -0.6317424178123474 -1.9114924528212958
[39 INFO root] -0.18888090550899506 -0.6320236921310425 -1.9089954886191967
[39 INFO root] -0.1889784336090088 -0.6323007345199585 -1.9063856589820922
[39 INFO root] -0.1890738308429718 -0.6325740218162537 -1.903658677737057
[39 INFO root] -0.18916721642017365 -0.6328439116477966 -1.900810170500837
[39 INFO root] -0.18925872445106506 -0.633110761642456 -1.8978356623574297
[39 INFO root] -0.1893484890460968 -0.6333751678466797 -1.8947305653037654
[39 INFO root] -0.1894366443157196 -0.6336374282836914 -1.8914901634493737
[39 INFO root] -0.1895233541727066 -0.6338981986045837 -1.8881095959821834
[39 INFO root] -0.18960872292518616 -0.6341578364372253 -1.884583834114255
[39 INFO root] -0.1896929293870926 -0.6344169974327087 -1.880907652458616
[39 INFO root] -0.18977607786655426 -0.6346761584281921 -1.8770755899609375
[39 INFO root] -0.1898665428161621 -0.6349619030952454 -1.8725721492433511
[39 INFO root] -0.1899692416191101 -0.6352913975715637 -1.8670178522671101
[39 INFO root] -0.19008329510688782 -0.6356644034385681 -1.8603308127587657
[39 INFO root] -0.19020701944828033 -0.6360787749290466 -1.8524656321900033
[39 INFO root] -0.1903386116027832 -0.6365323662757874 -1.8433847373631043
[39 INFO root] -0.19047600030899048 -0.6370221972465515 -1.8330627864086264
[39 INFO root] -0.19061680138111115 -0.6375446319580078 -1.8214906622607783
[39 INFO root] -0.19075840711593628 -0.6380950808525085 -1.808678136869433
[39 INFO root] -0.19089798629283905 -0.6386675834655762 -1.7946547333676979
[39 INFO root] -0.19103264808654785 -0.6392553448677063 -1.7794684500076616
[39 INFO root] -0.19115950167179108 -0.6398499608039856 -1.7631953764104666
[39 INFO root] -0.19127579033374786 -0.6404417753219604 -1.745942649184519
[39 INFO root] -0.19137950241565704 -0.6410218477249146 -1.7278109423368722
[39 INFO root] -0.19146940112113953 -0.6415828466415405 -1.7088788360183194
[39 INFO root] -0.1915450096130371 -0.6421191692352295 -1.6891965151119326
[39 INFO root] -0.19160649180412292 -0.6426270008087158 -1.6687830902947747
[39 INFO root] -0.19165632128715515 -0.6431233882904053 -1.6482207319283326
[39 INFO root] -0.19169621169567108 -0.6436243057250977 -1.6281566734949
[39 INFO root] -0.19172585010528564 -0.644122838973999 -1.6085900285213672
[39 INFO root] -0.1917453110218048 -0.6446115374565125 -1.5894272224673154
[39 INFO root] -0.19175507128238678 -0.6450853943824768 -1.5705643763798534
[39 INFO root] -0.19175586104393005 -0.6455413699150085 -1.5518920539850887
