[28 INFO root] Initialising Python Geth Console...
[28 INFO root] Initialising RandB board...
[28 INFO root] Initialising resource sensor...
[28 INFO root] Initialising random-walk...
[28 INFO root] Initialising navigation...
[28 INFO root] Initialising Odo...
[28 INFO root] Initialising odometry...
[28 INFO root] Initialising gps...
[28 INFO root] Initialising Ground sensor...
[28 INFO root] --//-- Starting Experiment --//--
[28 INFO root] x y direction
[28 INFO root] -0.7994970083236694 -0.7704520225524902 1.4006267247254491
[28 INFO root] -0.7991794943809509 -0.7686040997505188 0.9345495607851728
[28 INFO root] -0.7972393035888672 -0.7630864381790161 0.6837487138062471
[28 INFO root] -0.7921488285064697 -0.7549375295639038 0.7304225337247925
[28 INFO root] -0.7834817171096802 -0.7446566224098206 0.7654511923281949
[28 INFO root] -0.7714071273803711 -0.7319828867912292 0.7639027202403994
[28 INFO root] -0.7560106515884399 -0.7169005274772644 0.7597003065242308
[28 INFO root] -0.7403402328491211 -0.7019798159599304 0.7586794553552355
[28 INFO root] -0.7259470224380493 -0.6883279085159302 0.7586958603177226
[28 INFO root] -0.7128031849861145 -0.675868034362793 0.7587701257042292
[28 INFO root] -0.7007971405982971 -0.6644853353500366 0.7587972887758268
[28 INFO root] -0.6898298859596252 -0.654086709022522 0.7588047224829635
[28 INFO root] -0.6800332069396973 -0.6447977423667908 0.7728226262508485
[28 INFO root] -0.6716530919075012 -0.6366977095603943 0.7943541602749934
[28 INFO root] -0.6647160649299622 -0.6297248005867004 0.8078098258102588
[28 INFO root] -0.6588951349258423 -0.6236732006072998 0.8146767209573044
[28 INFO root] -0.6537948250770569 -0.6182777881622314 0.8173767897490197
[28 INFO root] -0.6491860747337341 -0.6133683323860168 0.8178062736210338
[28 INFO root] -0.644952118396759 -0.6088511943817139 0.8174686270043199
[28 INFO root] -0.6410287618637085 -0.6046674251556396 0.817368614149695
[28 INFO root] -0.6373770236968994 -0.600774347782135 0.81805015652564
[28 INFO root] -0.6339724659919739 -0.597140371799469 0.819692662988936
[28 INFO root] -0.6307979822158813 -0.5937415361404419 0.8222116180224008
[28 INFO root] -0.6278389096260071 -0.590557873249054 0.8253441166892378
[28 INFO root] -0.6250815987586975 -0.5875729322433472 0.8287268115477937
[28 INFO root] -0.6225125789642334 -0.584773063659668 0.8319540301109919
[28 INFO root] -0.6201187372207642 -0.5821470618247986 0.834617289446036
[28 INFO root] -0.6178869605064392 -0.5796854496002197 0.836334498675256
[28 INFO root] -0.6158043146133423 -0.5773799419403076 0.836771887666983
[28 INFO root] -0.6138584017753601 -0.5752232670783997 0.8355166863108577
[28 INFO root] -0.6120368242263794 -0.5732086896896362 0.8321525217952911
[28 INFO root] -0.6103267669677734 -0.5713294744491577 0.8263883023650407
[28 INFO root] -0.6087156534194946 -0.5695784091949463 0.8181253051861416
[28 INFO root] -0.6071915030479431 -0.5679481625556946 0.8073306280771225
[28 INFO root] -0.6057431101799011 -0.5664314031600952 0.7940454589957592
[28 INFO root] -0.6043604016304016 -0.5650205612182617 0.7783832241409442
[28 INFO root] -0.6030340194702148 -0.5637083649635315 0.7605178696411985
[28 INFO root] -0.6017557382583618 -0.5624876022338867 0.7406494443754608
[28 INFO root] -0.6005180478096008 -0.5613512992858887 0.7190074198731935
[28 INFO root] -0.5993146300315857 -0.5602930784225464 0.69588652753449
[28 INFO root] -0.5981400012969971 -0.5593071579933167 0.6716464557700625
[28 INFO root] -0.5969902276992798 -0.5583884119987488 0.6467006797426201
[28 INFO root] -0.5958624482154846 -0.5575323700904846 0.6215026284911089
[28 INFO root] -0.5947550535202026 -0.5567348599433899 0.5965293319889043
[28 INFO root] -0.5936686396598816 -0.5559930801391602 0.5723842867657016
[28 INFO root] -0.5926054120063782 -0.5553041696548462 0.5496616841984409
[28 INFO root] -0.5915682911872864 -0.5546654462814331 0.5288965477308645
[28 INFO root] -0.5905610918998718 -0.5540739297866821 0.5105537440589444
[28 INFO root] -0.5895877480506897 -0.5535263419151306 0.49502215708074143
[28 INFO root] -0.5886520743370056 -0.5530192255973816 0.4826084601465185
[28 INFO root] -0.5877572894096375 -0.5525489449501038 0.4735293164009184
[28 INFO root] -0.5869057774543762 -0.5521115660667419 0.4679026501124411
[28 INFO root] -0.5860989093780518 -0.5517032146453857 0.465741155281522
[28 INFO root] -0.5853368043899536 -0.55131995677948 0.4669524282393416
[28 INFO root] -0.5846186876296997 -0.5509580373764038 0.4713481303190011
[28 INFO root] -0.5839425921440125 -0.5506138801574707 0.4786623353663563
[28 INFO root] -0.5833059549331665 -0.5502841472625732 0.488575415497018
[28 INFO root] -0.5827057361602783 -0.5499658584594727 0.5007394918274541
[28 INFO root] -0.5821387767791748 -0.5496565699577332 0.5148013959570389
[28 INFO root] -0.5816020965576172 -0.5493540167808533 0.5304210048331951
[28 INFO root] -0.581092894077301 -0.5490564703941345 0.5473022951312919
[28 INFO root] -0.5805746912956238 -0.5487418174743652 0.5656241561287043
[28 INFO root] -0.5800414681434631 -0.5484046339988708 0.5853046764358193
[28 INFO root] -0.5794930458068848 -0.5480426549911499 0.6061785240551786
[28 INFO root] -0.5789297819137573 -0.54765385389328 0.628068577773349
[28 INFO root] -0.5783520936965942 -0.5472362041473389 0.6507996691676019
[28 INFO root] -0.5777607560157776 -0.5467880368232727 0.6741997172504018
[28 INFO root] -0.5771569013595581 -0.5463076829910278 0.6980993063446194
[28 INFO root] -0.5765416622161865 -0.545793890953064 0.7223314138073138
[28 INFO root] -0.5759166479110718 -0.5452457070350647 0.7467314431585477
[28 INFO root] -0.5752835273742676 -0.5446625351905823 0.7711376017456553
[28 INFO root] -0.5746442079544067 -0.5440441370010376 0.7953915646292584
[28 INFO root] -0.5740007162094116 -0.543390691280365 0.8193394382357722
[28 INFO root] -0.5733550786972046 -0.5427029132843018 0.842833011656046
[28 INFO root] -0.5727121829986572 -0.5419849157333374 0.8647808854344078
[28 INFO root] -0.5720749497413635 -0.5412408709526062 0.8847571215144164
[28 INFO root] -0.5714449882507324 -0.5404744148254395 0.9026731125288837
[28 INFO root] -0.5708231925964355 -0.5396894216537476 0.918479544086157
[28 INFO root] -0.5702102184295654 -0.5388895869255066 0.9321396706013241
[28 INFO root] -0.5696061849594116 -0.5380783677101135 0.9436287892675053
[28 INFO root] -0.5690109729766846 -0.5372591018676758 0.9529334285545131
[28 INFO root] -0.5684239864349365 -0.5364347696304321 0.960050362267755
[28 INFO root] -0.5678444504737854 -0.535608172416687 0.964985529593385
[28 INFO root] -0.5672712326049805 -0.5347815155982971 0.9677529440906854
[28 INFO root] -0.5667030811309814 -0.5339569449424744 0.9683737620382467
[28 INFO root] -0.5661363005638123 -0.5331329107284546 0.9684143997289167
[28 INFO root] -0.5655696988105774 -0.5323089361190796 0.9684143997289167
[28 INFO root] -0.5650030970573425 -0.5314849615097046 0.9684143997289167
[28 INFO root] -0.5644364953041077 -0.5306609869003296 0.9684143997289167
[28 INFO root] -0.5638698935508728 -0.5298369526863098 0.9684143997289167
[28 INFO root] -0.5633032917976379 -0.5290129780769348 0.9684143997289167
[28 INFO root] -0.5627366900444031 -0.5281890034675598 0.9684143997289167
[28 INFO root] -0.5621700882911682 -0.5273650288581848 0.9684143997289167
[28 INFO root] -0.5616034865379333 -0.526540994644165 0.9684143997289167
[28 INFO root] -0.5610368251800537 -0.52571702003479 0.9684143997289167
[28 INFO root] -0.5605136752128601 -0.524956226348877 0.970903370493688
[28 INFO root] -0.5600440502166748 -0.5242700576782227 0.976489841663118
[28 INFO root] -0.5596213340759277 -0.5236453413963318 0.9848461844416805
[28 INFO root] -0.5592381358146667 -0.5230690836906433 0.9956326119937939
[28 INFO root] -0.5588880181312561 -0.5225304365158081 1.0085745510063397
[28 INFO root] -0.5585656762123108 -0.5220203399658203 1.0234505200586217
[28 INFO root] -0.5582665801048279 -0.5215312838554382 1.0400824615664286
[28 INFO root] -0.5579871535301208 -0.5210570096969604 1.05832864033027
[28 INFO root] -0.5577244758605957 -0.5205921530723572 1.0780783020039872
[28 INFO root] -0.5574763417243958 -0.5201322436332703 1.0992475871497935
[28 INFO root] -0.5572411417961121 -0.5196734070777893 1.121776224796966
[28 INFO root] -0.5570176839828491 -0.5192123055458069 1.1456245968923429
[28 INFO root] -0.5568051338195801 -0.5187458395957947 1.1707719706449198
[28 INFO root] -0.5566032528877258 -0.5182717442512512 1.197247201449646
[28 INFO root] -0.5564119815826416 -0.517787516117096 1.225090070201146
[28 INFO root] -0.5562314391136169 -0.5172904133796692 1.2543386187059444
[28 INFO root] -0.5560618042945862 -0.5167774558067322 1.2850246468627415
[28 INFO root] -0.5559037327766418 -0.5162452459335327 1.31716896199538
[28 INFO root] -0.5557579398155212 -0.5156900882720947 1.3507757378559926
[28 INFO root] -0.5556257367134094 -0.5151077508926392 1.3858259339837835
[28 INFO root] -0.5555087924003601 -0.5144939422607422 1.4222698339860513
[28 INFO root] -0.5554091930389404 -0.5138440728187561 1.460018916705394
[28 INFO root] -0.5553299188613892 -0.5131535530090332 1.4989374882137332
[28 INFO root] -0.555274248123169 -0.5124182105064392 1.5388347777077025
[28 INFO root] -0.5552462339401245 -0.511634349822998 1.579458512090544
[28 INFO root] -0.5552502274513245 -0.5107994675636292 1.620491271586792
[28 INFO root] -0.5552883744239807 -0.5099639296531677 1.6621052302192487
[28 INFO root] -0.5553606152534485 -0.5091363787651062 1.7041052117952482
[28 INFO root] -0.5554670691490173 -0.5083165168762207 1.7461669526186319
[28 INFO root] -0.5556073188781738 -0.5075049996376038 1.7879402336634111
[28 INFO root] -0.5557805299758911 -0.5067040920257568 1.8290693405783707
[28 INFO root] -0.5559847950935364 -0.5059176087379456 1.869207934153667
[28 INFO root] -0.5562174320220947 -0.5051501989364624 1.9080331095305498
[28 INFO root] -0.5564747452735901 -0.5044068694114685 1.9452569193029532
[28 INFO root] -0.5567522644996643 -0.5036928653717041 1.9806340120996595
[28 INFO root] -0.5570448637008667 -0.5030125379562378 2.0139647651196335
[28 INFO root] -0.5573472380638123 -0.5023697018623352 2.0450940857532482
[28 INFO root] -0.5576542615890503 -0.5017668604850769 2.073906714552381
[28 INFO root] -0.5579610466957092 -0.5012053847312927 2.1003202443689424
[28 INFO root] -0.5582634210586548 -0.500685453414917 2.1242771501113724
[28 INFO root] -0.5585579872131348 -0.5002060532569885 2.1457369606331227
[28 INFO root] -0.558842122554779 -0.4997653067111969 2.1646694017998307
[28 INFO root] -0.5591272115707397 -0.49934130907058716 2.1824747282250643
[28 INFO root] -0.5594247579574585 -0.49891552329063416 2.20024097802569
[28 INFO root] -0.5597373247146606 -0.4984847903251648 2.217986357487245
[28 INFO root] -0.560066282749176 -0.4980478882789612 2.23562235636792
[28 INFO root] -0.560413122177124 -0.4976039230823517 2.2530633829572477
[28 INFO root] -0.5607788562774658 -0.497152179479599 2.270227219777301
[28 INFO root] -0.5611644983291626 -0.4966922104358673 2.2870359716320445
[28 INFO root] -0.561570942401886 -0.49622371792793274 2.303416901512902
[28 INFO root] -0.5619987845420837 -0.4957466423511505 2.3193031267688125
[28 INFO root] -0.5624484419822693 -0.495261013507843 2.334634159180333
[28 INFO root] -0.562920093536377 -0.49476709961891174 2.3493562830247856
[28 INFO root] -0.5634138584136963 -0.494265079498291 2.3634227744429954
[28 INFO root] -0.5639296174049377 -0.49375537037849426 2.3767939728188296
[28 INFO root] -0.564466118812561 -0.493239164352417 2.3895023180581507
[28 INFO root] -0.5650221705436707 -0.4927176833152771 2.4015917592382583
[28 INFO root] -0.5655965805053711 -0.49219197034835815 2.4130977893193815
[28 INFO root] -0.5661883354187012 -0.49166274070739746 2.424045673863098
[28 INFO root] -0.5667967200279236 -0.49113062024116516 2.434450535335194
[28 INFO root] -0.5674210786819458 -0.4905959963798523 2.4443175625106623
[28 INFO root] -0.5680608153343201 -0.4900590479373932 2.453642301092791
[28 INFO root] -0.568715512752533 -0.4895199239253998 2.4624110368611847
[28 INFO root] -0.5693849325180054 -0.4889785349369049 2.47060128670392
[28 INFO root] -0.5700688362121582 -0.48843473196029663 2.4781824155373644
[28 INFO root] -0.5707669854164124 -0.4878882169723511 2.4851163980278685
[28 INFO root] -0.5714793801307678 -0.4873385727405548 2.491358742944453
[28 INFO root] -0.5722058415412903 -0.48678532242774963 2.496859594616888
[28 INFO root] -0.5729463696479797 -0.4862278699874878 2.5015650201634823
[28 INFO root] -0.5737009048461914 -0.48566552996635437 2.5054184828568564
[28 INFO root] -0.574469268321991 -0.4850975275039673 2.5083624913858733
[28 INFO root] -0.5752514004707336 -0.4845230281352997 2.5103404022724005
[28 INFO root] -0.5760471820831299 -0.48394107818603516 2.5112983390235866
[28 INFO root] -0.5768539309501648 -0.4833523631095886 2.511383879376862
[28 INFO root] -0.5776618719100952 -0.48276305198669434 2.511383879376862
[28 INFO root] -0.5784697532653809 -0.48217371106147766 2.511383879376862
[28 INFO root] -0.5792776346206665 -0.4815843999385834 2.511383879376862
[28 INFO root] -0.5800855755805969 -0.4809950888156891 2.511383879376862
[28 INFO root] -0.5808934569358826 -0.4804057776927948 2.511383879376862
[28 INFO root] -0.581701397895813 -0.4798164665699005 2.511383879376862
[28 INFO root] -0.5825092792510986 -0.4792271554470062 2.511383879376862
[28 INFO root] -0.5833171606063843 -0.47863784432411194 2.511383879376862
[28 INFO root] -0.5841251015663147 -0.47804853320121765 2.511383879376862
[28 INFO root] -0.5849329829216003 -0.47745922207832336 2.511383879376862
[28 INFO root] -0.5857409238815308 -0.4768699109554291 2.511383879376862
[28 INFO root] -0.5865488052368164 -0.4762805998325348 2.511383879376862
[28 INFO root] -0.587356686592102 -0.4756912887096405 2.511383879376862
[28 INFO root] -0.5881646275520325 -0.4751019775867462 2.511383879376862
[28 INFO root] -0.5889725089073181 -0.47451263666152954 2.511383879376862
[28 INFO root] -0.5897803902626038 -0.47392332553863525 2.511383879376862
[28 INFO root] -0.5905883312225342 -0.47333401441574097 2.511383879376862
[28 INFO root] -0.5913962125778198 -0.4727447032928467 2.511383879376862
[28 INFO root] -0.5922041535377502 -0.4721553921699524 2.511383879376862
[28 INFO root] -0.5930120348930359 -0.4715660810470581 2.511383879376862
[28 INFO root] -0.5938199162483215 -0.4709767699241638 2.511383879376862
[28 INFO root] -0.594627857208252 -0.47038745880126953 2.511383879376862
[28 INFO root] -0.5954357385635376 -0.46979814767837524 2.511383879376862
[28 INFO root] -0.596243679523468 -0.46920883655548096 2.511383879376862
[28 INFO root] -0.5970515608787537 -0.46861952543258667 2.511383879376862
[28 INFO root] -0.5978594422340393 -0.4680302143096924 2.511383879376862
[28 INFO root] -0.5986673831939697 -0.4674409031867981 2.511383879376862
[28 INFO root] -0.5994752645492554 -0.4668515622615814 2.511383879376862
[28 INFO root] -0.6002832055091858 -0.46626225113868713 2.511383879376862
[28 INFO root] -0.6010910868644714 -0.46567294001579285 2.511383879376862
[28 INFO root] -0.6018989682197571 -0.46508362889289856 2.511383879376862
[28 INFO root] -0.6027069091796875 -0.4644943177700043 2.511383879376862
[28 INFO root] -0.6034873723983765 -0.46392500400543213 2.511627019304957
[28 INFO root] -0.6042260527610779 -0.4633864462375641 2.5122436582813648
[28 INFO root] -0.6049282550811768 -0.462875097990036 2.5131896531627085
[28 INFO root] -0.6056005358695984 -0.46238648891448975 2.514410005158022
[28 INFO root] -0.6062482595443726 -0.46191683411598206 2.515858010730772
[28 INFO root] -0.6068761348724365 -0.4614630341529846 2.5174936618119315
[28 INFO root] -0.6074879169464111 -0.4610223174095154 2.5192822067596325
[28 INFO root] -0.608086884021759 -0.46059244871139526 2.52119312296474
[28 INFO root] -0.6086758375167847 -0.4601714611053467 2.5231994063443954
[28 INFO root] -0.6092565059661865 -0.45975813269615173 2.5252824594428644
[28 INFO root] -0.6098288297653198 -0.4593525230884552 2.5274414346955663
[28 INFO root] -0.6103922128677368 -0.4589550793170929 2.5296798666568114
[28 INFO root] -0.610945999622345 -0.458566278219223 2.5320020999278845
[28 INFO root] -0.6114894151687622 -0.45818665623664856 2.534413015606876
[28 INFO root] -0.6120216250419617 -0.4578166902065277 2.536917979502595
[28 INFO root] -0.612541913986206 -0.45745694637298584 2.539522775809393
[28 INFO root] -0.6130494475364685 -0.4571080207824707 2.542233535936399
[28 INFO root] -0.6135432720184326 -0.4567703902721405 2.5450566740147345
[28 INFO root] -0.6140227317810059 -0.4564446210861206 2.547998836997252
[28 INFO root] -0.6144870519638062 -0.45613113045692444 2.5510668721406833
[28 INFO root] -0.6149354577064514 -0.45583033561706543 2.5542678179121894
[28 INFO root] -0.6153673529624939 -0.4555426239967346 2.5576089131260558
[28 INFO root] -0.6157821416854858 -0.4552682638168335 2.5610976194561723
[28 INFO root] -0.6161795258522034 -0.4550074338912964 2.5647416571389554
[28 INFO root] -0.6165590882301331 -0.45476028323173523 2.568549047685893
[28 INFO root] -0.6169205904006958 -0.45452678203582764 2.572528157980694
[28 INFO root] -0.6172640323638916 -0.4543069005012512 2.5766877433203432
[28 INFO root] -0.6175894141197205 -0.45410045981407166 2.581036987058844
[28 INFO root] -0.6178969740867615 -0.45390722155570984 2.5855855376387242
[28 INFO root] -0.6181869506835938 -0.4537268579006195 2.590343537652982
[28 INFO root] -0.6184597015380859 -0.45355895161628723 2.5953216467428506
[28 INFO root] -0.6187158226966858 -0.4534030556678772 2.6005310586700343
[28 INFO root] -0.6189557909965515 -0.4532586634159088 2.6059835154427544
[28 INFO root] -0.61918044090271 -0.4531251788139343 2.6116913164970392
[28 INFO root] -0.6193903088569641 -0.45300206542015076 2.617667325086148
[28 INFO root] -0.6195862889289856 -0.4528886675834656 2.6239249749415365
[28 INFO root] -0.6197692155838013 -0.45278435945510864 2.630478278132488
[28 INFO root] -0.6199398040771484 -0.4526885151863098 2.6373418308371592
[28 INFO root] -0.6200989484786987 -0.45260050892829895 2.6445308254455444
[28 INFO root] -0.6202475428581238 -0.4525197744369507 2.652061064241517
[28 INFO root] -0.6203864216804504 -0.4524456560611725 2.65994897756557
[28 INFO root] -0.620516300201416 -0.452377587556839 2.6682116477838074
[28 INFO root] -0.6206381320953369 -0.4523150622844696 2.676866839529608
[28 INFO root] -0.6207526326179504 -0.45225754380226135 2.685933036251065
[28 INFO root] -0.6208605766296387 -0.45220452547073364 2.6954294825843803
[28 INFO root] -0.6209626197814941 -0.45215559005737305 2.705376233349509
[28 INFO root] -0.6210594773292542 -0.45211029052734375 2.715794209687067
[28 INFO root] -0.6211518049240112 -0.4520682990550995 2.726705258890251
[28 INFO root] -0.6212401986122131 -0.4520292282104492 2.738132218362292
[28 INFO root] -0.6213252544403076 -0.45199280977249146 2.750098977838286
[28 INFO root] -0.6214074492454529 -0.4519587755203247 2.7626305360365624
[28 INFO root] -0.6214873790740967 -0.4519268274307251 2.7757530398935604
[28 INFO root] -0.6215654015541077 -0.4518967866897583 2.7894938035835577
[28 INFO root] -0.6216421127319336 -0.4518685042858124 2.8038812865183593
[28 INFO root] -0.6217179298400879 -0.4518417418003082 2.818945017096201
[28 INFO root] -0.6217933297157288 -0.4518164098262787 2.834715437883598
[28 INFO root] -0.6218688488006592 -0.4517923593521118 2.851223646488025
[28 INFO root] -0.6219449639320374 -0.45176947116851807 2.8685009996442554
[28 INFO root] -0.6220226287841797 -0.4517475962638855 2.8865710615022704
[28 INFO root] -0.6221026182174683 -0.4517265856266022 2.905454445319504
[28 INFO root] -0.6221861839294434 -0.45170632004737854 2.925169917714553
[28 INFO root] -0.6222743391990662 -0.4516867399215698 2.9457339680823504
[28 INFO root] -0.622368574142456 -0.4516678750514984 2.9671602159459463
[28 INFO root] -0.6224703192710876 -0.4516497254371643 2.9894587639766037
[28 INFO root] -0.6225810647010803 -0.4516324996948242 3.01263550782251
[28 INFO root] -0.6227026581764221 -0.45161646604537964 3.0366913871563432
[28 INFO root] -0.6228369474411011 -0.451602041721344 3.061621605559595
[28 INFO root] -0.6229857802391052 -0.45158976316452026 3.0874147955566698
[28 INFO root] -0.6231513023376465 -0.4515804052352905 3.1140521428478127
[28 INFO root] -0.6233355402946472 -0.4515748918056488 3.1415064579440686
[28 INFO root] -0.6235406398773193 -0.4515743553638458 -3.113444107921761
[28 INFO root] -0.62376868724823 -0.4515801966190338 -3.0844758574980546
[28 INFO root] -0.6240218281745911 -0.4515939950942993 -3.054832476453211
[28 INFO root] -0.6243020296096802 -0.45161759853363037 -3.0245849321255047
[28 INFO root] -0.6246111392974854 -0.45165306329727173 -2.9938179464732455
[28 INFO root] -0.6249508261680603 -0.45170265436172485 -2.9626311783600103
[28 INFO root] -0.6253226399421692 -0.45176881551742554 -2.931140375181391
[28 INFO root] -0.6257275938987732 -0.4518541097640991 -2.899478454453866
[28 INFO root] -0.6261666417121887 -0.4519611895084381 -2.867796434773358
[28 INFO root] -0.626640260219574 -0.4520926773548126 -2.836264147154379
[28 INFO root] -0.627148449420929 -0.45225122570991516 -2.8050705959085938
[28 INFO root] -0.627690851688385 -0.45243918895721436 -2.774423849942852
[28 INFO root] -0.6282666921615601 -0.4526587724685669 -2.744550373321782
[28 INFO root] -0.6288747191429138 -0.45291170477867126 -2.715693625281546
[28 INFO root] -0.6295132637023926 -0.4531992971897125 -2.6881118752809336
[28 INFO root] -0.630180299282074 -0.4535222053527832 -2.662075098041771
[28 INFO root] -0.6308735609054565 -0.45388054847717285 -2.637860936647826
[28 INFO root] -0.6315906047821045 -0.4542735815048218 -2.6157497488969237
[28 INFO root] -0.6323288679122925 -0.45469993352890015 -2.5960187674233963
[28 INFO root] -0.6330858469009399 -0.45515745878219604 -2.5789355220892407
[28 INFO root] -0.6338592767715454 -0.4556434154510498 -2.564750696938357
[28 INFO root] -0.634647011756897 -0.45615440607070923 -2.5536906647217212
[28 INFO root] -0.6354475021362305 -0.45668670535087585 -2.5459499966627326
[28 INFO root] -0.6362596154212952 -0.45723623037338257 -2.5416842918449762
[28 INFO root] -0.6370828151702881 -0.4577988088130951 -2.5410037074632092
[28 INFO root] -0.6379077434539795 -0.458363801240921 -2.54097160577844
[28 INFO root] -0.6387327313423157 -0.4589289426803589 -2.54097160577844
[28 INFO root] -0.6395577192306519 -0.45949411392211914 -2.54097160577844
[28 INFO root] -0.640382707118988 -0.460059255361557 -2.54097160577844
[28 INFO root] -0.6412076950073242 -0.46062442660331726 -2.54097160577844
[28 INFO root] -0.6420326828956604 -0.4611895680427551 -2.54097160577844
[28 INFO root] -0.6428576707839966 -0.4617547392845154 -2.54097160577844
[28 INFO root] -0.6436826586723328 -0.46231988072395325 -2.54097160577844
[28 INFO root] -0.644507646560669 -0.4628850221633911 -2.54097160577844
[28 INFO root] -0.6453326344490051 -0.46345019340515137 -2.54097160577844
[28 INFO root] -0.6461576223373413 -0.46401533484458923 -2.54097160577844
[28 INFO root] -0.6469826102256775 -0.4645805060863495 -2.54097160577844
[28 INFO root] -0.6478075981140137 -0.46514564752578735 -2.54097160577844
[28 INFO root] -0.6486325860023499 -0.4657108187675476 -2.54097160577844
[28 INFO root] -0.649457573890686 -0.4662759602069855 -2.54097160577844
[28 INFO root] -0.6502825021743774 -0.4668411314487457 -2.54097160577844
[28 INFO root] -0.6510762572288513 -0.46738487482070923 -2.541004638676357
[28 INFO root] -0.6518070697784424 -0.46788549423217773 -2.54110431201319
[28 INFO root] -0.6524765491485596 -0.46834397315979004 -2.541269476220568
[28 INFO root] -0.6530897617340088 -0.4687638282775879 -2.541495761535094
[28 INFO root] -0.6536515355110168 -0.4691482484340668 -2.5417796174251452
[28 INFO root] -0.6541662216186523 -0.46950021386146545 -2.5421182066258505
[28 INFO root] -0.6546376943588257 -0.4698224663734436 -2.5425092875996054
[28 INFO root] -0.6550697088241577 -0.470117449760437 -2.5429511163192866
[28 INFO root] -0.6554655432701111 -0.4703874886035919 -2.5434423758030302
[28 INFO root] -0.6558281779289246 -0.4706346392631531 -2.543982113431795
[28 INFO root] -0.6561604738235474 -0.4708608388900757 -2.5445696859458176
[28 INFO root] -0.6564649939537048 -0.471067875623703 -2.545204728075037
[28 INFO root] -0.6567440629005432 -0.4712573289871216 -2.5458871191516086
[28 INFO root] -0.6569997668266296 -0.4714306890964508 -2.5466169511210945
[28 INFO root] -0.6572341322898865 -0.4715893268585205 -2.5473945071277266
[28 INFO root] -0.6574488878250122 -0.47173449397087097 -2.548220249811837
[28 INFO root] -0.6576457619667053 -0.47186729311943054 -2.5490948008373424
[28 INFO root] -0.6578262448310852 -0.4719887673854828 -2.550018932211247
[28 INFO root] -0.6579916477203369 -0.4720999300479889 -2.550993554951664
[28 INFO root] -0.6581432223320007 -0.4722015857696533 -2.5520197130066777
[28 INFO root] -0.6582822799682617 -0.4722945988178253 -2.553098569498056
[28 INFO root] -0.6584097146987915 -0.4723796844482422 -2.5542314218773234
[28 INFO root] -0.6585265398025513 -0.47245749831199646 -2.5554196756197043
[28 INFO root] -0.6586337089538574 -0.4725286662578583 -2.5566648504862632
[28 INFO root] -0.6587319374084473 -0.472593754529953 -2.5579685843241755
[28 INFO root] -0.6588221192359924 -0.4726532995700836 -2.5593326211733047
[28 INFO root] -0.6589047908782959 -0.47270774841308594 -2.5607588282875153
[28 INFO root] -0.6589806079864502 -0.4727575480937958 -2.5622491733999126
[28 INFO root] -0.6590502262115479 -0.4728030860424042 -2.5638057385436714
[28 INFO root] -0.6591140627861023 -0.4728447496891022 -2.565430725429478
[28 INFO root] -0.6591727137565613 -0.47288286685943604 -2.567126445732562
[28 INFO root] -0.6592265367507935 -0.47291770577430725 -2.5688953372886787
[28 INFO root] -0.659276008605957 -0.4729496240615845 -2.5707399475323105
[28 INFO root] -0.6593213677406311 -0.472978800535202 -2.572662961440795
[28 INFO root] -0.6593631505966187 -0.4730055034160614 -2.5746671694818097
[28 INFO root] -0.659401535987854 -0.4730299413204193 -2.5767555128349797
[28 INFO root] -0.659436821937561 -0.47305232286453247 -2.5789310542347454
[28 INFO root] -0.6594693064689636 -0.4730728268623352 -2.581196994398302
[28 INFO root] -0.6594992280006409 -0.47309160232543945 -2.5835566796227822
[28 INFO root] -0.6595268249511719 -0.47310882806777954 -2.5860136002883922
[28 INFO root] -0.6595522165298462 -0.473124623298645 -2.588571403839887
[28 INFO root] -0.6595757603645325 -0.4731391370296478 -2.591233880357919
[28 INFO root] -0.6595974564552307 -0.4731524586677551 -2.5940050072014302
[28 INFO root] -0.65961754322052 -0.47316473722457886 -2.5968889038410228
[28 INFO root] -0.6596361994743347 -0.4731760323047638 -2.5998898782749125
[28 INFO root] -0.6596534848213196 -0.4731864631175995 -2.6030124200497435
[28 INFO root] -0.6596695780754089 -0.4731960892677307 -2.6062611981838417
[28 INFO root] -0.6596846580505371 -0.47320500016212463 -2.6096410797022522
[28 INFO root] -0.6596986651420593 -0.4732132852077484 -2.613157148388487
[28 INFO root] -0.6597118973731995 -0.4732210040092468 -2.616814671556119
[28 INFO root] -0.6597242951393127 -0.47322818636894226 -2.6206191689855878
[28 INFO root] -0.6597360372543335 -0.4732349216938019 -2.624576354813867
[28 INFO root] -0.6597471237182617 -0.47324126958847046 -2.6286922004763538
[28 INFO root] -0.6597577333450317 -0.473247230052948 -2.6329729090757663
[28 INFO root] -0.6597679257392883 -0.47325292229652405 -2.6374249497037425
[28 INFO root] -0.6597777009010315 -0.4732583165168762 -2.6420550736472874
[28 INFO root] -0.6597871780395508 -0.4732635021209717 -2.6468702766774608
[28 INFO root] -0.659796416759491 -0.4732685089111328 -2.6518778640323077
[28 INFO root] -0.659857988357544 -0.47330132126808167 -2.65742833949551
[28 INFO root] -0.6599746942520142 -0.4733627438545227 -2.6635896503601275
[28 INFO root] -0.6601346731185913 -0.47344571352005005 -2.670343742422785
[28 INFO root] -0.6603275537490845 -0.4735441207885742 -2.677672726839713
[28 INFO root] -0.6605449318885803 -0.47365307807922363 -2.685565088028041
[28 INFO root] -0.6607804298400879 -0.47376883029937744 -2.694014870089924
[28 INFO root] -0.6610291600227356 -0.47388845682144165 -2.7030209665246363
[28 INFO root] -0.6612871885299683 -0.47400978207588196 -2.7125864298425935
[28 INFO root] -0.6615515947341919 -0.4741310179233551 -2.72271780527566
[28 INFO root] -0.6618201732635498 -0.4742509126663208 -2.733424595559409
[28 INFO root] -0.6620911955833435 -0.47436845302581787 -2.7447188839181735
[28 INFO root] -0.6623634696006775 -0.474482923746109 -2.7566149334798884
[28 INFO root] -0.6626360416412354 -0.47459375858306885 -2.769128981340692
[28 INFO root] -0.6629084348678589 -0.47470057010650635 -2.7822789730870423
[28 INFO root] -0.6631802320480347 -0.47480309009552 -2.7960845327016606
[28 INFO root] -0.6634513139724731 -0.47490108013153076 -2.8105667982203
[28 INFO root] -0.66372150182724 -0.47499439120292664 -2.8257483964286334
[28 INFO root] -0.6639910936355591 -0.4750829339027405 -2.8416532969896116
[28 INFO root] -0.6642601490020752 -0.4751666188240051 -2.858307040677289
[28 INFO root] -0.664529025554657 -0.4752453863620758 -2.875736540165057
[28 INFO root] -0.6647980809211731 -0.47531914710998535 -2.893970243067418
[28 INFO root] -0.6650677919387817 -0.475387841463089 -2.913038123378979
[28 INFO root] -0.6653385758399963 -0.47545138001441956 -2.9329718004568543
[28 INFO root] -0.6656110882759094 -0.4755096435546875 -2.9538045018398638
[28 INFO root] -0.6658859252929688 -0.4755624532699585 -2.9755712859865877
[28 INFO root] -0.6661637425422668 -0.4756096303462982 -2.9983090219474073
[28 INFO root] -0.6664453744888306 -0.4756509065628052 -3.022056496777148
[28 INFO root] -0.6667315363883972 -0.4756859540939331 -3.0468546141284154
[28 INFO root] -0.6670231223106384 -0.47571438550949097 -3.072746308504131
[28 INFO root] -0.6673210263252258 -0.47573569416999817 -3.09977675274263
[28 INFO root] -0.6676263213157654 -0.47574928402900696 -3.1279933467206935
[28 INFO root] -0.667940080165863 -0.47575441002845764 3.125739386272993
[28 INFO root] -0.66826331615448 -0.475750207901001 3.094998631820375
[28 INFO root] -0.668597400188446 -0.4757356345653534 3.0629153188242437
[28 INFO root] -0.6689435243606567 -0.4757094383239746 3.0294325903686423
[28 INFO root] -0.6693031191825867 -0.47567009925842285 2.994491605398322
[28 INFO root] -0.6696775555610657 -0.47561588883399963 2.9580316564253657
[28 INFO root] -0.6700683832168579 -0.4755447506904602 2.9199907166362484
[28 INFO root] -0.6704771518707275 -0.4754542112350464 2.8803059241506452
[28 INFO root] -0.6709054708480835 -0.47534140944480896 2.8389146341133635
[28 INFO root] -0.6713548898696899 -0.4752030074596405 2.7957556172537386
[28 INFO root] -0.671826958656311 -0.47503507137298584 2.7507708857022255
[28 INFO root] -0.6723231673240662 -0.47483307123184204 2.7039079985259478
[28 INFO root] -0.6728447079658508 -0.47459179162979126 2.655122945437995
[28 INFO root] -0.673392653465271 -0.4743052124977112 2.604384211309695
[28 INFO root] -0.6739674806594849 -0.473966509103775 2.5516773436824844
[28 INFO root] -0.6745690703392029 -0.47356802225112915 2.4970111885832655
[28 INFO root] -0.675196647644043 -0.47310128808021545 2.440424969164974
[28 INFO root] -0.6758480668067932 -0.47255709767341614 2.38199599200623
[28 INFO root] -0.6765201091766357 -0.4719257652759552 2.321849218354314
[28 INFO root] -0.6772078275680542 -0.47119730710983276 2.260165737525937
[28 INFO root] -0.6779043674468994 -0.4703620970249176 2.1971915533515554
[28 INFO root] -0.6786008477210999 -0.46941131353378296 2.1332441542789793
[28 INFO root] -0.679286539554596 -0.4683378040790558 2.0687158128923913
[28 INFO root] -0.6799488067626953 -0.46713685989379883 2.0040711697791895
[28 INFO root] -0.6805737018585205 -0.4658072292804718 1.9398389348355405
[28 INFO root] -0.6811468601226807 -0.4643515944480896 1.8765956401685648
[28 INFO root] -0.6816543340682983 -0.4627772569656372 1.8149421562743675
[28 INFO root] -0.6820837259292603 -0.46109598875045776 1.7554745861552583
[28 INFO root] -0.682425320148468 -0.4593236744403839 1.6987527872457044
[28 INFO root] -0.6826729774475098 -0.4574793577194214 1.6452699055442874
[28 INFO root] -0.6828243732452393 -0.4555841088294983 1.5954270812018247
[28 INFO root] -0.6828812956809998 -0.4536595046520233 1.5495168109518724
[28 INFO root] -0.6828489899635315 -0.45172637701034546 1.5077157222504005
[28 INFO root] -0.6827356815338135 -0.4498036503791809 1.4700872559544211
[28 INFO root] -0.6825513243675232 -0.4479076862335205 1.436591744835124
[28 INFO root] -0.6823071837425232 -0.44605180621147156 1.4071022455582416
[28 INFO root] -0.682014524936676 -0.44424620270729065 1.3814220769941754
[28 INFO root] -0.6816843152046204 -0.44249823689460754 1.3593034831166328
[28 INFO root] -0.6813263893127441 -0.4408126473426819 1.3404641976713256
[28 INFO root] -0.6809497475624084 -0.43919214606285095 1.3246024594114807
[28 INFO root] -0.6805618405342102 -0.4376377463340759 1.3114082502911775
[28 INFO root] -0.6801689863204956 -0.4361492097377777 1.3005730124666868
[28 INFO root] -0.6797763109207153 -0.43472540378570557 1.291796403388493
[28 INFO root] -0.6793878674507141 -0.4333646297454834 1.2847912755813242
[28 INFO root] -0.6790066361427307 -0.43206489086151123 1.2792870924470978
[28 INFO root] -0.6786351203918457 -0.43082395195961 1.2750323069897864
[28 INFO root] -0.6782748103141785 -0.42963963747024536 1.2717951746538168
[28 INFO root] -0.6779269576072693 -0.4285097122192383 1.2693646898369704
[28 INFO root] -0.6775922179222107 -0.427432119846344 1.2675501770379078
[28 INFO root] -0.6772710084915161 -0.4264048933982849 1.2661809099945485
[28 INFO root] -0.6769635081291199 -0.4254264831542969 1.265426470730355
[28 INFO root] -0.6766623258590698 -0.4244707524776459 1.2653573822545252
[28 INFO root] -0.676361620426178 -0.42351704835891724 1.2653573822545252
[28 INFO root] -0.6760609149932861 -0.4225633442401886 1.2653573822545252
[28 INFO root] -0.6757602095603943 -0.4216096103191376 1.2653573822545252
[28 INFO root] -0.6754595041275024 -0.42065590620040894 1.2653573822545252
[28 INFO root] -0.6751587986946106 -0.4197022020816803 1.2653573822545252
[28 INFO root] -0.6748580932617188 -0.4187484681606293 1.2653573822545252
[28 INFO root] -0.6745573878288269 -0.41779476404190063 1.2653573822545252
[28 INFO root] -0.6742566823959351 -0.4168410301208496 1.2653573822545252
[28 INFO root] -0.6739559173583984 -0.41588732600212097 1.2653573822545252
[28 INFO root] -0.6736552119255066 -0.41493362188339233 1.2653573822545252
[28 INFO root] -0.6733545064926147 -0.4139798879623413 1.2653573822545252
[28 INFO root] -0.6730538010597229 -0.41302618384361267 1.2653573822545252
[28 INFO root] -0.672753095626831 -0.41207247972488403 1.2653573822545252
[28 INFO root] -0.6724523901939392 -0.411118745803833 1.2653573822545252
[28 INFO root] -0.6721516847610474 -0.41016504168510437 1.2653573822545252
[28 INFO root] -0.6718509793281555 -0.40921130776405334 1.2653573822545252
[28 INFO root] -0.6715502738952637 -0.4082576036453247 1.2653573822545252
[28 INFO root] -0.6712495684623718 -0.40730389952659607 1.2653573822545252
[28 INFO root] -0.6709488034248352 -0.40635016560554504 1.2653573822545252
[28 INFO root] -0.6706480979919434 -0.4053964614868164 1.2653573822545252
[28 INFO root] -0.6703473925590515 -0.40444275736808777 1.2653573822545252
[28 INFO root] -0.6700466871261597 -0.40348902344703674 1.2653573822545252
[28 INFO root] -0.6697459816932678 -0.4025353193283081 1.2653573822545252
[28 INFO root] -0.669445276260376 -0.40158161520957947 1.2653573822545252
[28 INFO root] -0.6691445708274841 -0.40062788128852844 1.2653573822545252
[28 INFO root] -0.6688438653945923 -0.3996741771697998 1.2653573822545252
[28 INFO root] -0.6685431599617004 -0.3987204432487488 1.2653573822545252
[28 INFO root] -0.6682423949241638 -0.39776673913002014 1.2653573822545252
[28 INFO root] -0.667941689491272 -0.3968130350112915 1.2653573822545252
[28 INFO root] -0.6676409840583801 -0.3958593010902405 1.2653573822545252
[28 INFO root] -0.6673402786254883 -0.39490559697151184 1.2653573822545252
[28 INFO root] -0.6670395731925964 -0.3939518928527832 1.2653573822545252
[28 INFO root] -0.6667388677597046 -0.3929981589317322 1.2653573822545252
[28 INFO root] -0.6664381623268127 -0.39204445481300354 1.2653573822545252
[28 INFO root] -0.6661374568939209 -0.3910907506942749 1.2653573822545252
[28 INFO root] -0.665836751461029 -0.3901370167732239 1.2653573822545252
[28 INFO root] -0.6655359864234924 -0.38918331265449524 1.2653573822545252
[28 INFO root] -0.6652352809906006 -0.3882295787334442 1.2653573822545252
[28 INFO root] -0.6649345755577087 -0.3872758746147156 1.2653573822545252
[28 INFO root] -0.6646338701248169 -0.38632217049598694 1.2653573822545252
[28 INFO root] -0.664333164691925 -0.3853684365749359 1.2653573822545252
[28 INFO root] -0.6640324592590332 -0.3844147324562073 1.2653573822545252
[28 INFO root] -0.6637317538261414 -0.38346102833747864 1.2653573822545252
[28 INFO root] -0.6634310483932495 -0.3825072944164276 1.2653573822545252
[28 INFO root] -0.6631303429603577 -0.381553590297699 1.2653573822545252
[28 INFO root] -0.6628296375274658 -0.38059988617897034 1.2653573822545252
[28 INFO root] -0.6625288724899292 -0.3796461522579193 1.2653573822545252
[28 INFO root] -0.6622281670570374 -0.3786924481391907 1.2653573822545252
[28 INFO root] -0.6619274616241455 -0.37773871421813965 1.2653573822545252
[28 INFO root] -0.6616267561912537 -0.376785010099411 1.2653573822545252
[28 INFO root] -0.6613260507583618 -0.3758313059806824 1.2653573822545252
[28 INFO root] -0.66102534532547 -0.37487757205963135 1.2653573822545252
[28 INFO root] -0.6607246398925781 -0.3739238679409027 1.2653573822545252
[28 INFO root] -0.6604239344596863 -0.3729701638221741 1.2653573822545252
[28 INFO root] -0.6601232290267944 -0.37201642990112305 1.2653573822545252
[28 INFO root] -0.6598224639892578 -0.3710627257823944 1.2653573822545252
[28 INFO root] -0.659521758556366 -0.3701089918613434 1.2653573822545252
[28 INFO root] -0.6592210531234741 -0.36915528774261475 1.2653573822545252
[28 INFO root] -0.6589203476905823 -0.3682015836238861 1.2653573822545252
[28 INFO root] -0.6586196422576904 -0.3672478497028351 1.2653573822545252
[28 INFO root] -0.6583189368247986 -0.36629414558410645 1.2653573822545252
[28 INFO root] -0.6580182313919067 -0.3653404414653778 1.2653573822545252
[28 INFO root] -0.6577175259590149 -0.3643867075443268 1.2653573822545252
[28 INFO root] -0.657416820526123 -0.36343300342559814 1.2653573822545252
[28 INFO root] -0.6571160554885864 -0.3624792993068695 1.2653573822545252
[28 INFO root] -0.6568153500556946 -0.3615255653858185 1.2653573822545252
[28 INFO root] -0.6565146446228027 -0.36057186126708984 1.2653573822545252
[28 INFO root] -0.6562139391899109 -0.3596181273460388 1.2653573822545252
[28 INFO root] -0.655913233757019 -0.3586644232273102 1.2653573822545252
[28 INFO root] -0.6556125283241272 -0.35771071910858154 1.2653573822545252
[28 INFO root] -0.6553118228912354 -0.3567569851875305 1.2653573822545252
[28 INFO root] -0.6550111174583435 -0.3558032810688019 1.2653573822545252
[28 INFO root] -0.6547104120254517 -0.35484957695007324 1.2653573822545252
[28 INFO root] -0.6544097065925598 -0.3538958430290222 1.2653573822545252
[28 INFO root] -0.6541089415550232 -0.3529421389102936 1.2653573822545252
[28 INFO root] -0.6538082361221313 -0.35198843479156494 1.2653573822545252
[28 INFO root] -0.6535075306892395 -0.3510347008705139 1.2653573822545252
[28 INFO root] -0.6532068252563477 -0.3500809967517853 1.2653573822545252
[28 INFO root] -0.6529061198234558 -0.34912726283073425 1.2653573822545252
[28 INFO root] -0.652605414390564 -0.3481735587120056 1.2653573822545252
[28 INFO root] -0.6523047089576721 -0.347219854593277 1.2653573822545252
[28 INFO root] -0.6520040035247803 -0.34626612067222595 1.2653573822545252
[28 INFO root] -0.6517032980918884 -0.3453124165534973 1.2653573822545252
[28 INFO root] -0.6514025330543518 -0.3443587124347687 1.2653573822545252
[28 INFO root] -0.65110182762146 -0.34340497851371765 1.2653573822545252
[28 INFO root] -0.6508011221885681 -0.342451274394989 1.2653573822545252
[28 INFO root] -0.6505004167556763 -0.3414975702762604 1.2653573822545252
[28 INFO root] -0.6501997113227844 -0.34054383635520935 1.2653573822545252
[28 INFO root] -0.6498990058898926 -0.3395901322364807 1.2653573822545252
[28 INFO root] -0.6495983004570007 -0.3386363983154297 1.2653573822545252
[28 INFO root] -0.6492975950241089 -0.33768269419670105 1.2653573822545252
[28 INFO root] -0.648996889591217 -0.3367289900779724 1.2653573822545252
[28 INFO root] -0.6486961245536804 -0.3357752561569214 1.2653573822545252
[28 INFO root] -0.6483954191207886 -0.33482155203819275 1.2653573822545252
[28 INFO root] -0.6480947136878967 -0.3338678479194641 1.2653573822545252
[28 INFO root] -0.6477940082550049 -0.3329141139984131 1.2653573822545252
[28 INFO root] -0.647493302822113 -0.33196040987968445 1.2653573822545252
[28 INFO root] -0.6471925973892212 -0.3310066759586334 1.2653573822545252
[28 INFO root] -0.6468918919563293 -0.3300529718399048 1.2653573822545252
[28 INFO root] -0.6465911865234375 -0.32909926772117615 1.2653573822545252
[28 INFO root] -0.6462904810905457 -0.3281455338001251 1.2653573822545252
[28 INFO root] -0.6459897756576538 -0.3271918296813965 1.2653573822545252
[28 INFO root] -0.6456890106201172 -0.32623812556266785 1.2653573822545252
[28 INFO root] -0.6453883051872253 -0.3252843916416168 1.2653573822545252
[28 INFO root] -0.6450875997543335 -0.3243306875228882 1.2653573822545252
[28 INFO root] -0.6447868943214417 -0.32337698340415955 1.2653573822545252
[28 INFO root] -0.6444861888885498 -0.3224232494831085 1.2653573822545252
[28 INFO root] -0.644185483455658 -0.3214695453643799 1.2653573822545252
[28 INFO root] -0.6438847780227661 -0.32051581144332886 1.2653573822545252
[28 INFO root] -0.6435840725898743 -0.3195621073246002 1.2653573822545252
[28 INFO root] -0.6432833671569824 -0.3186084032058716 1.2653573822545252
[28 INFO root] -0.6429826021194458 -0.31765466928482056 1.2653573822545252
[28 INFO root] -0.642681896686554 -0.3167009651660919 1.2653573822545252
[28 INFO root] -0.6423811912536621 -0.3157472610473633 1.2653573822545252
[28 INFO root] -0.6420804858207703 -0.31479352712631226 1.2653573822545252
[28 INFO root] -0.6417797803878784 -0.3138398230075836 1.2653573822545252
[28 INFO root] -0.6414790749549866 -0.312886118888855 1.2653573822545252
[28 INFO root] -0.6411783695220947 -0.31193238496780396 1.2653573822545252
[28 INFO root] -0.6408776640892029 -0.3109786808490753 1.2653573822545252
[28 INFO root] -0.640576958656311 -0.3100249469280243 1.2653573822545252
[28 INFO root] -0.6402761936187744 -0.30907124280929565 1.2653573822545252
[28 INFO root] -0.6399754881858826 -0.308117538690567 1.2653573822545252
[28 INFO root] -0.6396747827529907 -0.307163804769516 1.2653573822545252
[28 INFO root] -0.6393740773200989 -0.30621010065078735 1.2653573822545252
[28 INFO root] -0.639073371887207 -0.3052563965320587 1.2653573822545252
[28 INFO root] -0.6387726664543152 -0.3043026626110077 1.2653573822545252
[28 INFO root] -0.6384719610214233 -0.30334895849227905 1.2653573822545252
[28 INFO root] -0.6381712555885315 -0.302395224571228 1.2653573822545252
[28 INFO root] -0.6378705501556396 -0.3014415204524994 1.2653573822545252
[28 INFO root] -0.6375698447227478 -0.30048781633377075 1.2653573822545252
[28 INFO root] -0.6372690796852112 -0.2995340824127197 1.2653573822545252
[28 INFO root] -0.6369683742523193 -0.2985803782939911 1.2653573822545252
[28 INFO root] -0.6366676688194275 -0.29762667417526245 1.2653573822545252
[28 INFO root] -0.6363669633865356 -0.2966729402542114 1.2653573822545252
[28 INFO root] -0.6360662579536438 -0.2957192361354828 1.2653573822545252
[28 INFO root] -0.635765552520752 -0.29476553201675415 1.2653573822545252
[28 INFO root] -0.6354648470878601 -0.2938117980957031 1.2653573822545252
[28 INFO root] -0.6351641416549683 -0.2928580939769745 1.2653573822545252
[28 INFO root] -0.6348634362220764 -0.29190436005592346 1.2653573822545252
[28 INFO root] -0.6345626711845398 -0.2909506559371948 1.2653573822545252
[28 INFO root] -0.634261965751648 -0.2899969518184662 1.2653573822545252
[28 INFO root] -0.6339612603187561 -0.28904321789741516 1.2653573822545252
[28 INFO root] -0.6336605548858643 -0.2880895137786865 1.2653573822545252
[28 INFO root] -0.6333598494529724 -0.2871358096599579 1.2653573822545252
[28 INFO root] -0.6330591440200806 -0.28618207573890686 1.2653573822545252
[28 INFO root] -0.6327584385871887 -0.2852283716201782 1.2653573822545252
[28 INFO root] -0.6324577331542969 -0.2842746675014496 1.2653573822545252
[28 INFO root] -0.632157027721405 -0.28332093358039856 1.2653573822545252
[28 INFO root] -0.6318562626838684 -0.2823672294616699 1.2653573822545252
[28 INFO root] -0.6315555572509766 -0.2814134955406189 1.2653573822545252
[28 INFO root] -0.6312548518180847 -0.28045979142189026 1.2653573822545252
[28 INFO root] -0.6309541463851929 -0.2795060873031616 1.2653573822545252
[28 INFO root] -0.630653440952301 -0.2785523533821106 1.2653573822545252
[28 INFO root] -0.6303527355194092 -0.27759864926338196 1.2653573822545252
[28 INFO root] -0.6300520300865173 -0.2766449451446533 1.2653573822545252
[28 INFO root] -0.6297513246536255 -0.2756912112236023 1.2653573822545252
[28 INFO root] -0.6294506192207336 -0.27473750710487366 1.2653573822545252
[28 INFO root] -0.6291499137878418 -0.273783802986145 1.2653573822545252
[28 INFO root] -0.6288491487503052 -0.272830069065094 1.2653573822545252
[28 INFO root] -0.6285484433174133 -0.27187636494636536 1.2653573822545252
[28 INFO root] -0.6282477378845215 -0.27092263102531433 1.2653573822545252
[28 INFO root] -0.6279470324516296 -0.2699689269065857 1.2653573822545252
[28 INFO root] -0.6276463270187378 -0.26901522278785706 1.2653573822545252
[28 INFO root] -0.627345621585846 -0.26806148886680603 1.2653573822545252
[28 INFO root] -0.6270449161529541 -0.2671077847480774 1.2653573822545252
[28 INFO root] -0.6267442107200623 -0.26615408062934875 1.2653573822545252
[28 INFO root] -0.6264435052871704 -0.26520034670829773 1.2653573822545252
[28 INFO root] -0.6261427402496338 -0.2642466425895691 1.2653573822545252
[28 INFO root] -0.6258420348167419 -0.26329290866851807 1.2653573822545252
[28 INFO root] -0.6255413293838501 -0.26233920454978943 1.2653573822545252
[28 INFO root] -0.6252406239509583 -0.2613855004310608 1.2653573822545252
[28 INFO root] -0.6249399185180664 -0.26043176651000977 1.2653573822545252
[28 INFO root] -0.6246392130851746 -0.25947806239128113 1.2653573822545252
[28 INFO root] -0.6243385076522827 -0.2585243582725525 1.2653573822545252
[28 INFO root] -0.6240378022193909 -0.25757062435150146 1.2653573822545252
[28 INFO root] -0.623737096786499 -0.2566169202327728 1.2653573822545252
[28 INFO root] -0.6234363317489624 -0.2556632161140442 1.2653573822545252
[28 INFO root] -0.6231356263160706 -0.25470948219299316 1.2653573822545252
[28 INFO root] -0.6228349208831787 -0.2537557780742645 1.2653573822545252
[28 INFO root] -0.6225342154502869 -0.2528020441532135 1.2653573822545252
[28 INFO root] -0.622233510017395 -0.25184834003448486 1.2653573822545252
[28 INFO root] -0.6219328045845032 -0.2508946359157562 1.2653573822545252
[28 INFO root] -0.6216320991516113 -0.2499409168958664 1.2653573822545252
[28 INFO root] -0.6213313937187195 -0.24898719787597656 1.2653573822545252
[28 INFO root] -0.6210306882858276 -0.24803347885608673 1.2653573822545252
[28 INFO root] -0.620729923248291 -0.2470797747373581 1.2653573822545252
[28 INFO root] -0.6204292178153992 -0.24612605571746826 1.2653573822545252
[28 INFO root] -0.6201285123825073 -0.24517233669757843 1.2653573822545252
[28 INFO root] -0.6198278069496155 -0.2442186176776886 1.2653573822545252
[28 INFO root] -0.6195271015167236 -0.24326491355895996 1.2653573822545252
[28 INFO root] -0.6192263960838318 -0.24231119453907013 1.2653573822545252
[28 INFO root] -0.6189256906509399 -0.2413574755191803 1.2653573822545252
[28 INFO root] -0.6186249852180481 -0.24040375649929047 1.2653573822545252
[28 INFO root] -0.6183242797851562 -0.23945005238056183 1.2653573822545252
[28 INFO root] -0.6180235743522644 -0.238496333360672 1.2653573822545252
[28 INFO root] -0.6177228093147278 -0.23754261434078217 1.2653573822545252
[28 INFO root] -0.6174221038818359 -0.23658889532089233 1.2653573822545252
[28 INFO root] -0.6171213984489441 -0.2356351912021637 1.2653573822545252
[28 INFO root] -0.6168206930160522 -0.23468147218227386 1.2653573822545252
[28 INFO root] -0.6165199875831604 -0.23372775316238403 1.2653573822545252
[28 INFO root] -0.6162192821502686 -0.2327740490436554 1.2653573822545252
[28 INFO root] -0.6159185767173767 -0.23182033002376556 1.2653573822545252
[28 INFO root] -0.6156178712844849 -0.23086661100387573 1.2653573822545252
[28 INFO root] -0.615317165851593 -0.2299128919839859 1.2653573822545252
[28 INFO root] -0.6150164008140564 -0.22895918786525726 1.2653573822545252
[28 INFO root] -0.6147156953811646 -0.22800546884536743 1.2653573822545252
[28 INFO root] -0.6144149899482727 -0.2270517498254776 1.2653573822545252
[28 INFO root] -0.6141142845153809 -0.22609803080558777 1.2653573822545252
[28 INFO root] -0.613813579082489 -0.22514432668685913 1.2653573822545252
[28 INFO root] -0.6135128736495972 -0.2241906076669693 1.2653573822545252
[28 INFO root] -0.6132121682167053 -0.22323688864707947 1.2653573822545252
[28 INFO root] -0.6129114627838135 -0.22228316962718964 1.2653573822545252
[28 INFO root] -0.6126107573509216 -0.221329465508461 1.2653573822545252
[28 INFO root] -0.612309992313385 -0.22037574648857117 1.2653573822545252
[28 INFO root] -0.6120092868804932 -0.21942202746868134 1.2653573822545252
[28 INFO root] -0.6117085814476013 -0.2184683233499527 1.2653573822545252
[28 INFO root] -0.6114078760147095 -0.21751460433006287 1.2653573822545252
[28 INFO root] -0.6111071705818176 -0.21656088531017303 1.2653573822545252
[28 INFO root] -0.6108064651489258 -0.2156071662902832 1.2653573822545252
[28 INFO root] -0.6105057597160339 -0.21465346217155457 1.2653573822545252
[28 INFO root] -0.6102050542831421 -0.21369974315166473 1.2653573822545252
[28 INFO root] -0.6099043488502502 -0.2127460241317749 1.2653573822545252
[28 INFO root] -0.6096036434173584 -0.21179230511188507 1.2653573822545252
[28 INFO root] -0.6093028783798218 -0.21083860099315643 1.2653573822545252
[28 INFO root] -0.6090021729469299 -0.2098848819732666 1.2653573822545252
[28 INFO root] -0.6087014675140381 -0.20893116295337677 1.2653573822545252
[28 INFO root] -0.6084007620811462 -0.20797745883464813 1.2653573822545252
[28 INFO root] -0.6081000566482544 -0.2070237398147583 1.2653573822545252
[28 INFO root] -0.6077993512153625 -0.20607002079486847 1.2653573822545252
[28 INFO root] -0.6074986457824707 -0.20511630177497864 1.2653573822545252
[28 INFO root] -0.6071979403495789 -0.20416259765625 1.2653573822545252
[28 INFO root] -0.606897234916687 -0.20320887863636017 1.2653573822545252
[28 INFO root] -0.6065964698791504 -0.20225515961647034 1.2653573822545252
[28 INFO root] -0.6062957644462585 -0.2013014405965805 1.2653573822545252
[28 INFO root] -0.6059950590133667 -0.20034773647785187 1.2653573822545252
[28 INFO root] -0.6056943535804749 -0.19939401745796204 1.2653573822545252
[28 INFO root] -0.605393648147583 -0.1984402984380722 1.2653573822545252
[28 INFO root] -0.6050929427146912 -0.19748657941818237 1.2653573822545252
[28 INFO root] -0.6047922372817993 -0.19653287529945374 1.2653573822545252
[28 INFO root] -0.6044915318489075 -0.1955791562795639 1.2653573822545252
[28 INFO root] -0.6041908264160156 -0.19462543725967407 1.2653573822545252
[28 INFO root] -0.603890061378479 -0.19367173314094543 1.2653573822545252
[28 INFO root] -0.6035893559455872 -0.1927180141210556 1.2653573822545252
[28 INFO root] -0.6032886505126953 -0.19176429510116577 1.2653573822545252
[28 INFO root] -0.6029879450798035 -0.19081057608127594 1.2653573822545252
[28 INFO root] -0.6026872396469116 -0.1898568719625473 1.2653573822545252
[28 INFO root] -0.6023865342140198 -0.18890315294265747 1.2653573822545252
[28 INFO root] -0.6020858287811279 -0.18794943392276764 1.2653573822545252
[28 INFO root] -0.6017851233482361 -0.1869957149028778 1.2653573822545252
[28 INFO root] -0.6014844179153442 -0.18604201078414917 1.2653573822545252
[28 INFO root] -0.6011837124824524 -0.18508829176425934 1.2653573822545252
[28 INFO root] -0.6008829474449158 -0.1841345727443695 1.2653573822545252
[28 INFO root] -0.6005822420120239 -0.18318085372447968 1.2653573822545252
[28 INFO root] -0.6002815365791321 -0.18222714960575104 1.2653573822545252
[28 INFO root] -0.5999808311462402 -0.1812734305858612 1.2653573822545252
[28 INFO root] -0.5996801257133484 -0.18031971156597137 1.2653573822545252
[28 INFO root] -0.5993794202804565 -0.17936600744724274 1.2653573822545252
[28 INFO root] -0.5990787148475647 -0.1784122884273529 1.2653573822545252
[28 INFO root] -0.5987780094146729 -0.17745856940746307 1.2653573822545252
[28 INFO root] -0.598477303981781 -0.17650485038757324 1.2653573822545252
[28 INFO root] -0.5981765389442444 -0.1755511462688446 1.2653573822545252
[28 INFO root] -0.5978758335113525 -0.17459742724895477 1.2653573822545252
[28 INFO root] -0.5975751280784607 -0.17364370822906494 1.2653573822545252
[28 INFO root] -0.5972744226455688 -0.1726899892091751 1.2653573822545252
[28 INFO root] -0.596973717212677 -0.17173628509044647 1.2653573822545252
[28 INFO root] -0.5966730117797852 -0.17078256607055664 1.2653573822545252
[28 INFO root] -0.5963723063468933 -0.1698288470506668 1.2653573822545252
[28 INFO root] -0.5960716009140015 -0.16887512803077698 1.2653573822545252
[28 INFO root] -0.5957708954811096 -0.16792142391204834 1.2653573822545252
[28 INFO root] -0.595470130443573 -0.1669677048921585 1.2653573822545252
[28 INFO root] -0.5951694250106812 -0.16601398587226868 1.2653573822545252
[28 INFO root] -0.5948687195777893 -0.16506028175354004 1.2653573822545252
[28 INFO root] -0.5945680141448975 -0.1641065627336502 1.2653573822545252
[28 INFO root] -0.5942673087120056 -0.16315284371376038 1.2653573822545252
[28 INFO root] -0.5939666032791138 -0.16219912469387054 1.2653573822545252
[28 INFO root] -0.5936658978462219 -0.1612454205751419 1.2653573822545252
[28 INFO root] -0.5933651924133301 -0.16029170155525208 1.2653573822545252
[28 INFO root] -0.5930644869804382 -0.15933798253536224 1.2653573822545252
[28 INFO root] -0.5927637815475464 -0.1583842635154724 1.2653573822545252
[28 INFO root] -0.5924630165100098 -0.15743055939674377 1.2653573822545252
[28 INFO root] -0.5921623110771179 -0.15647684037685394 1.2653573822545252
[28 INFO root] -0.5918616056442261 -0.1555231213569641 1.2653573822545252
[28 INFO root] -0.5915609002113342 -0.15456941723823547 1.2653573822545252
[28 INFO root] -0.5912601947784424 -0.15361569821834564 1.2653573822545252
[28 INFO root] -0.5909594893455505 -0.1526619791984558 1.2653573822545252
[28 INFO root] -0.5906587839126587 -0.15170826017856598 1.2653573822545252
[28 INFO root] -0.5903580784797668 -0.15075455605983734 1.2653573822545252
[28 INFO root] -0.590057373046875 -0.1498008370399475 1.2653573822545252
[28 INFO root] -0.5897566080093384 -0.14884711802005768 1.2653573822545252
[28 INFO root] -0.5894559025764465 -0.14789339900016785 1.2653573822545252
[28 INFO root] -0.5891551971435547 -0.1469396948814392 1.2653573822545252
[28 INFO root] -0.5888544917106628 -0.14598597586154938 1.2653573822545252
[28 INFO root] -0.588553786277771 -0.14503225684165955 1.2653573822545252
[28 INFO root] -0.5882530808448792 -0.14407853782176971 1.2653573822545252
[28 INFO root] -0.5879523754119873 -0.14312483370304108 1.2653573822545252
[28 INFO root] -0.5876516699790955 -0.14217111468315125 1.2653573822545252
[28 INFO root] -0.5873509645462036 -0.1412173956632614 1.2653573822545252
[28 INFO root] -0.587050199508667 -0.14026369154453278 1.2653573822545252
[28 INFO root] -0.5867494940757751 -0.13930997252464294 1.2653573822545252
[28 INFO root] -0.5864487886428833 -0.1383562535047531 1.2653573822545252
[28 INFO root] -0.5861480832099915 -0.13740253448486328 1.2653573822545252
[28 INFO root] -0.5858473777770996 -0.13644883036613464 1.2653573822545252
[28 INFO root] -0.5855466723442078 -0.1354951113462448 1.2653573822545252
[28 INFO root] -0.5852459669113159 -0.13454139232635498 1.2653573822545252
[28 INFO root] -0.5849452614784241 -0.13358767330646515 1.2653573822545252
[28 INFO root] -0.5846445560455322 -0.1326339691877365 1.2653573822545252
[28 INFO root] -0.5843438506126404 -0.13168025016784668 1.2653573822545252
[28 INFO root] -0.5840430855751038 -0.13072653114795685 1.2653573822545252
[28 INFO root] -0.5837423801422119 -0.12977281212806702 1.2653573822545252
[28 INFO root] -0.5834416747093201 -0.12881910800933838 1.2653573822545252
[28 INFO root] -0.5831409692764282 -0.12786538898944855 1.2653573822545252
[28 INFO root] -0.5828402638435364 -0.12691166996955872 1.2653573822545252
[28 INFO root] -0.5825395584106445 -0.12595796585083008 1.2653573822545252
[28 INFO root] -0.5822388529777527 -0.12500424683094025 1.2653573822545252
[28 INFO root] -0.5819381475448608 -0.12405052781105042 1.2653573822545252
[28 INFO root] -0.581637442111969 -0.12309681624174118 1.2653573822545252
[28 INFO root] -0.5813366770744324 -0.12214309722185135 1.2653573822545252
[28 INFO root] -0.5810359716415405 -0.12118938565254211 1.2653573822545252
[28 INFO root] -0.5807352662086487 -0.12023566663265228 1.2653573822545252
[28 INFO root] -0.5804345607757568 -0.11928195506334305 1.2653573822545252
[28 INFO root] -0.580133855342865 -0.11832823604345322 1.2653573822545252
[28 INFO root] -0.5798331499099731 -0.11737452447414398 1.2653573822545252
[28 INFO root] -0.5795324444770813 -0.11642080545425415 1.2653573822545252
[28 INFO root] -0.5792317390441895 -0.11546709388494492 1.2653573822545252
[28 INFO root] -0.5789310336112976 -0.11451338231563568 1.2653573822545252
[28 INFO root] -0.578630268573761 -0.11355966329574585 1.2653573822545252
[28 INFO root] -0.5783295631408691 -0.11260595172643661 1.2653573822545252
[28 INFO root] -0.5780288577079773 -0.11165223270654678 1.2653573822545252
[28 INFO root] -0.5777281522750854 -0.11069852113723755 1.2653573822545252
[28 INFO root] -0.5774274468421936 -0.10974480211734772 1.2653573822545252
[28 INFO root] -0.5771267414093018 -0.10879109054803848 1.2653573822545252
[28 INFO root] -0.5768260359764099 -0.10783737152814865 1.2653573822545252
[28 INFO root] -0.5765253305435181 -0.10688365995883942 1.2653573822545252
[28 INFO root] -0.5762246251106262 -0.10592994093894958 1.2653573822545252
[28 INFO root] -0.5759239196777344 -0.10497622936964035 1.2653573822545252
[28 INFO root] -0.5756231546401978 -0.10402251034975052 1.2653573822545252
[28 INFO root] -0.5753224492073059 -0.10306879878044128 1.2653573822545252
[28 INFO root] -0.5750217437744141 -0.10211508721113205 1.2653573822545252
[28 INFO root] -0.5747210383415222 -0.10116136819124222 1.2653573822545252
[28 INFO root] -0.5744203329086304 -0.10020765662193298 1.2653573822545252
[28 INFO root] -0.5741196274757385 -0.09925393760204315 1.2653573822545252
[28 INFO root] -0.5738189220428467 -0.09830022603273392 1.2653573822545252
[28 INFO root] -0.5735182166099548 -0.09734650701284409 1.2653573822545252
[28 INFO root] -0.573217511177063 -0.09639279544353485 1.2653573822545252
[28 INFO root] -0.5729167461395264 -0.09543907642364502 1.2653573822545252
[28 INFO root] -0.5726160407066345 -0.09448536485433578 1.2653573822545252
[28 INFO root] -0.5723153352737427 -0.09353164583444595 1.2653573822545252
[28 INFO root] -0.5720146298408508 -0.09257793426513672 1.2653573822545252
[28 INFO root] -0.571713924407959 -0.09162421524524689 1.2653573822545252
[28 INFO root] -0.5714132189750671 -0.09067050367593765 1.2653573822545252
[28 INFO root] -0.5711125135421753 -0.08971678465604782 1.2653573822545252
[28 INFO root] -0.5708118081092834 -0.08876307308673859 1.2653573822545252
[28 INFO root] -0.5705111026763916 -0.08780936151742935 1.2653573822545252
[28 INFO root] -0.570210337638855 -0.08685564249753952 1.2653573822545252
[28 INFO root] -0.5699096322059631 -0.08590193092823029 1.2653573822545252
[28 INFO root] -0.5696089267730713 -0.08494821190834045 1.2653573822545252
[28 INFO root] -0.5693082213401794 -0.08399450033903122 1.2653573822545252
[28 INFO root] -0.5690075159072876 -0.08304078131914139 1.2653573822545252
[28 INFO root] -0.5687068104743958 -0.08208706974983215 1.2653573822545252
[28 INFO root] -0.5684061050415039 -0.08113335072994232 1.2653573822545252
[28 INFO root] -0.5681053996086121 -0.08017963916063309 1.2653573822545252
[28 INFO root] -0.5678046941757202 -0.07922592014074326 1.2653573822545252
[28 INFO root] -0.5675039887428284 -0.07827220857143402 1.2653573822545252
[28 INFO root] -0.5672032237052917 -0.07731848955154419 1.2653573822545252
[28 INFO root] -0.5669025182723999 -0.07636477798223495 1.2653573822545252
[28 INFO root] -0.5666018128395081 -0.07541106641292572 1.2653573822545252
[28 INFO root] -0.5663011074066162 -0.07445734739303589 1.2653573822545252
[28 INFO root] -0.5660004019737244 -0.07350363582372665 1.2653573822545252
[28 INFO root] -0.5656996965408325 -0.07254991680383682 1.2653573822545252
[28 INFO root] -0.5653989911079407 -0.07159620523452759 1.2653573822545252
[28 INFO root] -0.5650982856750488 -0.07064248621463776 1.2653573822545252
[28 INFO root] -0.564797580242157 -0.06968877464532852 1.2653573822545252
[28 INFO root] -0.5644968152046204 -0.06873505562543869 1.2653573822545252
[28 INFO root] -0.5641961097717285 -0.06778134405612946 1.2653573822545252
[28 INFO root] -0.5638954043388367 -0.06682762503623962 1.2653573822545252
[28 INFO root] -0.5635946989059448 -0.06587391346693039 1.2653573822545252
[28 INFO root] -0.563293993473053 -0.06492019444704056 1.2653573822545252
[28 INFO root] -0.5629932880401611 -0.06396648287773132 1.2653573822545252
[28 INFO root] -0.5626925826072693 -0.06301276385784149 1.2653573822545252
[28 INFO root] -0.5623918771743774 -0.06205905228853226 1.2653573822545252
[28 INFO root] -0.5620911717414856 -0.061105336993932724 1.2653573822545252
[28 INFO root] -0.561790406703949 -0.06015162169933319 1.2653573822545252
[28 INFO root] -0.5614897012710571 -0.05919790640473366 1.2653573822545252
[28 INFO root] -0.5611889958381653 -0.058244191110134125 1.2653573822545252
[28 INFO root] -0.5608882904052734 -0.05729047581553459 1.2653573822545252
[28 INFO root] -0.5605875849723816 -0.05633676052093506 1.2653573822545252
[28 INFO root] -0.5602868795394897 -0.055383048951625824 1.2653573822545252
[28 INFO root] -0.5599861741065979 -0.05442933365702629 1.2653573822545252
[28 INFO root] -0.559685468673706 -0.05347561836242676 1.2653573822545252
[28 INFO root] -0.5593847632408142 -0.052521903067827225 1.2653573822545252
[28 INFO root] -0.5590840578079224 -0.05156818777322769 1.2653573822545252
[28 INFO root] -0.5587832927703857 -0.05061447247862816 1.2653573822545252
[28 INFO root] -0.5584825873374939 -0.049660757184028625 1.2653573822545252
[28 INFO root] -0.558181881904602 -0.04870704188942909 1.2653573822545252
[28 INFO root] -0.5578811764717102 -0.04775332659482956 1.2653573822545252
[28 INFO root] -0.5575804710388184 -0.046799611300230026 1.2653573822545252
[28 INFO root] -0.5572797656059265 -0.04584589600563049 1.2653573822545252
[28 INFO root] -0.5569790601730347 -0.04489218071103096 1.2653573822545252
[28 INFO root] -0.5566783547401428 -0.04393846541643143 1.2653573822545252
[28 INFO root] -0.556377649307251 -0.042984750121831894 1.2653573822545252
[28 INFO root] -0.5560768842697144 -0.04203103855252266 1.2653573822545252
[28 INFO root] -0.5557761788368225 -0.041077323257923126 1.2653573822545252
[28 INFO root] -0.5554754734039307 -0.04012360796332359 1.2653573822545252
[28 INFO root] -0.5551747679710388 -0.03916989266872406 1.2653573822545252
[28 INFO root] -0.554874062538147 -0.03821617737412453 1.2653573822545252
[28 INFO root] -0.5545733571052551 -0.037262462079524994 1.2653573822545252
[28 INFO root] -0.5542726516723633 -0.03630874678492546 1.2653573822545252
[28 INFO root] -0.5539719462394714 -0.03535503149032593 1.2653573822545252
[28 INFO root] -0.5536712408065796 -0.034401316195726395 1.2653573822545252
[28 INFO root] -0.553370475769043 -0.03344760090112686 1.2653573822545252
[28 INFO root] -0.5530697703361511 -0.03249388560652733 1.2653573822545252
[28 INFO root] -0.5527690649032593 -0.031540170311927795 1.2653573822545252
[28 INFO root] -0.5524683594703674 -0.03058645687997341 1.2653573822545252
[28 INFO root] -0.5521676540374756 -0.02963274158537388 1.2653573822545252
[28 INFO root] -0.5518669486045837 -0.028679026290774345 1.2653573822545252
[28 INFO root] -0.5515662431716919 -0.027725310996174812 1.2653573822545252
[28 INFO root] -0.5512655377388 -0.02677159570157528 1.2653573822545252
[28 INFO root] -0.5509648323059082 -0.025817882269620895 1.2653573822545252
[28 INFO root] -0.5506641268730164 -0.024864166975021362 1.2653573822545252
[28 INFO root] -0.5503633618354797 -0.02391045168042183 1.2653573822545252
[28 INFO root] -0.5500626564025879 -0.022956736385822296 1.2653573822545252
[28 INFO root] -0.549761950969696 -0.022003021091222763 1.2653573822545252
[28 INFO root] -0.5494612455368042 -0.02104930579662323 1.2653573822545252
[28 INFO root] -0.5491605401039124 -0.020095590502023697 1.2653573822545252
[28 INFO root] -0.5488598346710205 -0.019141877070069313 1.2653573822545252
[28 INFO root] -0.5485591292381287 -0.01818816177546978 1.2653573822545252
[28 INFO root] -0.5482584238052368 -0.017234446480870247 1.2653573822545252
[28 INFO root] -0.547957718372345 -0.016280731186270714 1.2653573822545252
[28 INFO root] -0.5476569533348083 -0.01532701589167118 1.2653573822545252
[28 INFO root] -0.5473562479019165 -0.014373300597071648 1.2653573822545252
[28 INFO root] -0.5470555424690247 -0.01341958623379469 1.2653573822545252
[28 INFO root] -0.5467548370361328 -0.012465870939195156 1.2653573822545252
[28 INFO root] -0.546454131603241 -0.011512155644595623 1.2653573822545252
[28 INFO root] -0.5461534261703491 -0.010558441281318665 1.2653573822545252
[28 INFO root] -0.5458527207374573 -0.009604725986719131 1.2653573822545252
[28 INFO root] -0.5455520153045654 -0.008651010692119598 1.2653573822545252
[28 INFO root] -0.5452513098716736 -0.007697295863181353 1.2653573822545252
[28 INFO root] -0.544950544834137 -0.0067435805685818195 1.2653573822545252
[28 INFO root] -0.5446498394012451 -0.005789865739643574 1.2653573822545252
[28 INFO root] -0.5443491339683533 -0.004836150910705328 1.2653573822545252
[28 INFO root] -0.5440484285354614 -0.003882435616105795 1.2653573822545252
[28 INFO root] -0.5437477231025696 -0.002928720787167549 1.2653573822545252
[28 INFO root] -0.5434470176696777 -0.0019750057253986597 1.2653573822545252
[28 INFO root] -0.5431463122367859 -0.0010212906636297703 1.2653573822545252
[28 INFO root] -0.5428521633148193 -8.845698175719008e-05 1.265796316404174
[28 INFO root] -0.5425658226013184 0.0008210462401621044 1.2667450395491768
