[60 INFO root] Initialising Python Geth Console...
[60 INFO root] Initialising RandB board...
[60 INFO root] Initialising resource sensor...
[60 INFO root] Initialising random-walk...
[60 INFO root] Initialising navigation...
[60 INFO root] Initialising Odo...
[60 INFO root] Initialising odometry...
[60 INFO root] Initialising gps...
[60 INFO root] Initialising Ground sensor...
[60 INFO root] --//-- Starting Experiment --//--
[60 INFO root] x y direction
[60 INFO root] -0.27365198731422424 0.2911500036716461 -1.9291822353994124
[60 INFO root] -0.2729943096637726 0.29290586709976196 -1.906996608766995
[60 INFO root] -0.2714536786079407 0.2972797453403473 -1.8822660744784945
[60 INFO root] -0.27013468742370605 0.3013315200805664 -1.8634580622235106
[60 INFO root] -0.26902735233306885 0.3049774467945099 -1.8520162614661515
[60 INFO root] -0.2680741250514984 0.3082617223262787 -1.848540501352173
[60 INFO root] -0.2672309875488281 0.3112146258354187 -1.8535788925621624
[60 INFO root] -0.2664647102355957 0.3138572871685028 -1.8676265505412306
[60 INFO root] -0.26575085520744324 0.3162042498588562 -1.8910462103413628
[60 INFO root] -0.26507407426834106 0.31826281547546387 -1.9240094034464914
[60 INFO root] -0.264426589012146 0.32003945112228394 -1.96638720003175
[60 INFO root] -0.2638094425201416 0.3215377628803253 -2.0178102013372943
[60 INFO root] -0.2632327377796173 0.3227597177028656 -2.0777293940051074
[60 INFO root] -0.2627142667770386 0.3237096667289734 -2.1454561467312185
[60 INFO root] -0.26227718591690063 0.3243977725505829 -2.2202146562142766
[60 INFO root] -0.2619474530220032 0.32484176754951477 -2.301206988351107
[60 INFO root] -0.26175013184547424 0.32506847381591797 -2.387794309883899
[60 INFO root] -0.2617081105709076 0.32511118054389954 -2.479593221266905
[60 INFO root] -0.26184505224227905 0.325004905462265 -2.5762981248768635
[60 INFO root] -0.26218605041503906 0.32478633522987366 -2.6775777516090686
[60 INFO root] -0.26275739073753357 0.3244955539703369 -2.782969349256216
[60 INFO root] -0.26358383893966675 0.3241783082485199 -2.891745116456877
[60 INFO root] -0.2646837532520294 0.323887437582016 -3.0027784969232614
[60 INFO root] -0.26606106758117676 0.3236819803714752 -3.114465091553128
[60 INFO root] -0.26769599318504333 0.32362180948257446 3.058381900968004
[60 INFO root] -0.26953989267349243 0.32375723123550415 2.9514995191533444
[60 INFO root] -0.2715197205543518 0.32411786913871765 2.8499148444879725
[60 INFO root] -0.27355048060417175 0.3247060775756836 2.7548891366010517
[60 INFO root] -0.2755511999130249 0.325499027967453 2.666968358349138
[60 INFO root] -0.2774573266506195 0.32645711302757263 2.5860541722421746
[60 INFO root] -0.2792258560657501 0.32753464579582214 2.5116043345455568
[60 INFO root] -0.28083425760269165 0.3286883234977722 2.4428574503571476
[60 INFO root] -0.2822757959365845 0.3298817276954651 2.3790148508455458
[60 INFO root] -0.28355416655540466 0.3310866057872772 2.319357917852255
[60 INFO root] -0.28467893600463867 0.3322821855545044 2.2633094760282115
[60 INFO root] -0.2857213318347931 0.3335244357585907 2.2093167903862434
[60 INFO root] -0.28672924637794495 0.3348676562309265 2.1569377352474786
[60 INFO root] -0.2876957952976227 0.3363074064254761 2.1070117454820236
[60 INFO root] -0.28860902786254883 0.33782705664634705 2.0604638087765155
[60 INFO root] -0.2894589900970459 0.33940428495407104 2.018126616209965
[60 INFO root] -0.29023903608322144 0.3410125970840454 1.9806976639593938
[60 INFO root] -0.290946364402771 0.34262365102767944 1.9487022272917411
[60 INFO root] -0.2915821373462677 0.3442099392414093 1.9224574204943157
[60 INFO root] -0.2921508550643921 0.3457470238208771 1.902085069336483
[60 INFO root] -0.29265937209129333 0.3472152054309845 1.8875373468741607
[60 INFO root] -0.2931157350540161 0.34860026836395264 1.8786305502759277
[60 INFO root] -0.29352837800979614 0.34989380836486816 1.875081682564818
[60 INFO root] -0.2939053475856781 0.351092666387558 1.8765426975369224
[60 INFO root] -0.2942541241645813 0.3521982431411743 1.8826295373692903
[60 INFO root] -0.29458966851234436 0.3532414436340332 1.8914681529337154
[60 INFO root] -0.29493165016174316 0.35427412390708923 1.9000809235329517
[60 INFO root] -0.29527243971824646 0.3552742600440979 1.904369298967728
[60 INFO root] -0.29560407996177673 0.3562327027320862 1.9032252728342132
[60 INFO root] -0.29592159390449524 0.3571520745754242 1.8969134426041887
[60 INFO root] -0.2962217330932617 0.35803765058517456 1.8858015847747904
[60 INFO root] -0.2965025007724762 0.3588959276676178 1.8702360982783994
[60 INFO root] -0.2967628240585327 0.3597344160079956 1.850539451136606
[60 INFO root] -0.2970021069049835 0.3605611324310303 1.8270114915066913
[60 INFO root] -0.2972199022769928 0.36138445138931274 1.799930052940047
[60 INFO root] -0.29741546511650085 0.3622128665447235 1.7695562699307053
[60 INFO root] -0.29758769273757935 0.36305487155914307 1.7361426738760228
[60 INFO root] -0.2977347671985626 0.3639187812805176 1.6999421163441417
[60 INFO root] -0.29785406589508057 0.3648125231266022 1.6612167862558727
[60 INFO root] -0.29794198274612427 0.3657434582710266 1.620246862436111
[60 INFO root] -0.29799404740333557 0.3667180836200714 1.5773380198593048
[60 INFO root] -0.29800495505332947 0.36774173378944397 1.5328274242261746
[60 INFO root] -0.29796865582466125 0.36881816387176514 1.487087796899629
[60 INFO root] -0.2978787124156952 0.3699493110179901 1.440528481729799
[60 INFO root] -0.2977287471294403 0.3711349368095398 1.3935926714389268
[60 INFO root] -0.29751282930374146 0.37237244844436646 1.3467502999102232
[60 INFO root] -0.297226220369339 0.37365683913230896 1.3004865837678345
[60 INFO root] -0.29686570167541504 0.3749808967113495 1.2552868319782244
[60 INFO root] -0.2964301109313965 0.37633541226387024 1.2116188309774922
[60 INFO root] -0.295920729637146 0.3777098059654236 1.1699106758527338
[60 INFO root] -0.2953411936759949 0.37909287214279175 1.1305226799520418
[60 INFO root] -0.2946973741054535 0.3804733455181122 1.0937493541388164
[60 INFO root] -0.2939969599246979 0.38184067606925964 1.0598153688496785
[60 INFO root] -0.2932490110397339 0.38318541646003723 1.0288732827322618
[60 INFO root] -0.2924633026123047 0.384499728679657 1.0010059625023715
[60 INFO root] -0.29164978861808777 0.38577741384506226 0.9762329072043763
[60 INFO root] -0.2908180356025696 0.38701415061950684 0.9545191163848215
[60 INFO root] -0.28997692465782166 0.3882072865962982 0.9357851021898117
[60 INFO root] -0.28913414478302 0.3893556594848633 0.9199168447434067
[60 INFO root] -0.28829625248908997 0.3904595673084259 0.9067748194096341
[60 INFO root] -0.28746843338012695 0.39152032136917114 0.8962015828515935
[60 INFO root] -0.28665465116500854 0.3925401568412781 0.8880277238010791
[60 INFO root] -0.28585749864578247 0.3935220241546631 0.8820762325807395
[60 INFO root] -0.28507861495018005 0.39446941018104553 0.8781655169003061
[60 INFO root] -0.2843185365200043 0.3953861594200134 0.8761114006800058
[60 INFO root] -0.283577024936676 0.39627644419670105 0.8757285002868891
[60 INFO root] -0.28285321593284607 0.39714449644088745 0.8768313860744013
[60 INFO root] -0.2821456789970398 0.3979946970939636 0.879235906433194
[60 INFO root] -0.2814526855945587 0.3988312780857086 0.8827609733603572
[60 INFO root] -0.28077226877212524 0.3996583819389343 0.887230982812467
[60 INFO root] -0.2801024615764618 0.40047991275787354 0.8924788798597139
[60 INFO root] -0.27944138646125793 0.4012993276119232 0.8983497019564475
[60 INFO root] -0.2787873148918152 0.40211978554725647 0.9047042790685726
[60 INFO root] -0.27813878655433655 0.4029439091682434 0.9114226742998757
[60 INFO root] -0.2774946093559265 0.40377381443977356 0.9184069386454337
[60 INFO root] -0.276854008436203 0.40461114048957825 0.9255828317116006
[60 INFO root] -0.27621638774871826 0.4054569900035858 0.9329003052589695
[60 INFO root] -0.27558156847953796 0.40631210803985596 0.9403327201332757
[60 INFO root] -0.2749495506286621 0.4071767330169678 0.9478749284929961
[60 INFO root] -0.2743206024169922 0.40805092453956604 0.9555404711396547
[60 INFO root] -0.2736951410770416 0.40893444418907166 0.9633592147311357
[60 INFO root] -0.27307379245758057 0.4098268449306488 0.9713743049337541
[60 INFO root] -0.2724572718143463 0.4107275903224945 0.9796386871698116
[60 INFO root] -0.27184632420539856 0.4116361439228058 0.9882116450106867
[60 INFO root] -0.27124184370040894 0.4125518798828125 0.9971555729131574
[60 INFO root] -0.2706446945667267 0.41347429156303406 1.0065330940080284
[60 INFO root] -0.27005577087402344 0.41440290212631226 1.0164045899865235
[60 INFO root] -0.26947587728500366 0.4153374135494232 1.0268261668976593
[60 INFO root] -0.2689058780670166 0.41627758741378784 1.0378480456638324
[60 INFO root] -0.26834651827812195 0.41722342371940613 1.049513342345388
[60 INFO root] -0.26779860258102417 0.41817501187324524 1.0618571890067587
[60 INFO root] -0.267262727022171 0.4191325902938843 1.074906139806663
[60 INFO root] -0.26673927903175354 0.4200972020626068 1.0886303988095654
[60 INFO root] -0.2662283182144165 0.4210702180862427 1.1029740115968338
[60 INFO root] -0.2657300531864166 0.42205294966697693 1.117877437784169
[60 INFO root] -0.26524463295936584 0.42304664850234985 1.133280976820558
[60 INFO root] -0.26477232575416565 0.424052357673645 1.1491246437674278
[60 INFO root] -0.26431339979171753 0.4250711500644684 1.1653479086928347
[60 INFO root] -0.26386815309524536 0.4261038899421692 1.1818894978481966
[60 INFO root] -0.2634369134902954 0.42715132236480713 1.1986872611620873
[60 INFO root] -0.2630200684070587 0.4282141327857971 1.2156781091628965
[60 INFO root] -0.26261797547340393 0.42929282784461975 1.2327980217082788
[60 INFO root] -0.2622310221195221 0.4303877651691437 1.249982129883657
[60 INFO root] -0.26185959577560425 0.4314992129802704 1.2671648711206187
[60 INFO root] -0.26150405406951904 0.43262726068496704 1.284280215992512
[60 INFO root] -0.26116472482681274 0.43377184867858887 1.3012619633126203
[60 INFO root] -0.26084187626838684 0.43493279814720154 1.3180440981652632
[60 INFO root] -0.26053664088249207 0.4361065626144409 1.334399932762078
[60 INFO root] -0.26025861501693726 0.4372521638870239 1.3483630776816968
[60 INFO root] -0.26000556349754333 0.43836352229118347 1.359752776026608
[60 INFO root] -0.25977373123168945 0.439439594745636 1.3686184455258659
[60 INFO root] -0.2595594525337219 0.44048011302948 1.375014884140589
[60 INFO root] -0.25935935974121094 0.4414854645729065 1.3789994515157669
[60 INFO root] -0.2591705024242401 0.4424560070037842 1.3806654629391943
[60 INFO root] -0.2589901089668274 0.44339239597320557 1.3801289971753052
[60 INFO root] -0.25881582498550415 0.44429561495780945 1.3775089431819982
[60 INFO root] -0.25864550471305847 0.44516703486442566 1.3729227086669182
[60 INFO root] -0.25847724080085754 0.4460083842277527 1.3664864972073565
[60 INFO root] -0.2583093047142029 0.44682157039642334 1.3583168313740839
[60 INFO root] -0.2581401467323303 0.4476088881492615 1.3485329963424484
[60 INFO root] -0.25796830654144287 0.44837281107902527 1.337260296145873
[60 INFO root] -0.2577924132347107 0.4491160809993744 1.3246339961137175
[60 INFO root] -0.25761109590530396 0.44984161853790283 1.3108037856309684
[60 INFO root] -0.2574230432510376 0.45055264234542847 1.295938540788794
[60 INFO root] -0.2572267949581146 0.4512525200843811 1.2802311015462957
[60 INFO root] -0.2570209801197052 0.4519447982311249 1.2639027102949145
[60 INFO root] -0.25680407881736755 0.4526331424713135 1.2472066987239894
[60 INFO root] -0.2565746009349823 0.4533211588859558 1.2304309705108
[60 INFO root] -0.25633102655410767 0.45401254296302795 1.2138988224548914
[60 INFO root] -0.2560719847679138 0.45471078157424927 1.1979676886253616
[60 INFO root] -0.2557961940765381 0.4554191529750824 1.1830254883781282
[60 INFO root] -0.2555026710033417 0.45614081621170044 1.1694840297986595
[60 INFO root] -0.25519081950187683 0.4568784534931183 1.1577598037747487
[60 INFO root] -0.2548605799674988 0.457634299993515 1.1482473706532528
[60 INFO root] -0.25451263785362244 0.4584100544452667 1.141299929771454
[60 INFO root] -0.2541482746601105 0.45920705795288086 1.1372141297143818
[60 INFO root] -0.2537692189216614 0.4600266218185425 1.1362782154984432
[60 INFO root] -0.25339770317077637 0.46082738041877747 1.138434213918777
[60 INFO root] -0.25305747985839844 0.4615641236305237 1.1434930519540105
[60 INFO root] -0.2527494728565216 0.4622395634651184 1.1514742167015248
[60 INFO root] -0.25247204303741455 0.46286049485206604 1.1623583164275557
[60 INFO root] -0.25222402811050415 0.463431715965271 1.1760664255155988
[60 INFO root] -0.2520044147968292 0.46395668387413025 1.192479845072086
[60 INFO root] -0.251814067363739 0.46443304419517517 1.2111118758922645
[60 INFO root] -0.25165992975234985 0.464840292930603 1.2302796325776113
[60 INFO root] -0.2515386641025543 0.4651801288127899 1.2498547541819136
[60 INFO root] -0.2514459192752838 0.46545687317848206 1.2699084855869371
[60 INFO root] -0.2513776421546936 0.4656749963760376 1.2905380496063723
[60 INFO root] -0.25132986903190613 0.46583932638168335 1.3118590931629959
[60 INFO root] -0.2512987554073334 0.46595537662506104 1.33400144567191
[60 INFO root] -0.2512805759906769 0.4660295844078064 1.3571050296559888
[60 INFO root] -0.2512718141078949 0.4660692811012268 1.3813144356537521
[60 INFO root] -0.2512691617012024 0.4660826325416565 1.4067723608080842
[60 INFO root] -0.25126975774765015 0.4660786986351013 1.4336123985207938
[60 INFO root] -0.25127139687538147 0.46606704592704773 1.4619518080767036
[60 INFO root] -0.2512724697589874 0.46605750918388367 1.4918849484394363
[60 INFO root] -0.2512723207473755 0.4660598933696747 1.5234780038595457
[60 INFO root] -0.25127118825912476 0.4660836160182953 1.5567654633976764
[60 INFO root] -0.2512703239917755 0.4661373496055603 1.5917485723285083
[60 INFO root] -0.251272052526474 0.466228723526001 1.6283956961670036
[60 INFO root] -0.2512795031070709 0.46636414527893066 1.6666442710246552
[60 INFO root] -0.2512967884540558 0.4665493071079254 1.706402192795202
[60 INFO root] -0.25132888555526733 0.46679016947746277 1.747528836190906
[60 INFO root] -0.2513817250728607 0.4670919179916382 1.7898206644407202
[60 INFO root] -0.2514619529247284 0.46745842695236206 1.8330078125999896
[60 INFO root] -0.25157657265663147 0.4678918123245239 1.8767553915704351
[60 INFO root] -0.25173065066337585 0.4683862030506134 1.92083317426049
[60 INFO root] -0.25192755460739136 0.46893230080604553 1.9650984976655244
[60 INFO root] -0.2521694302558899 0.4695203900337219 2.0094553040754075
[60 INFO root] -0.25245746970176697 0.47014105319976807 2.053834701960356
[60 INFO root] -0.252792090177536 0.47078561782836914 2.098183186435205
[60 INFO root] -0.2531730532646179 0.47144615650177 2.14245449331854
[60 INFO root] -0.25359946489334106 0.47211530804634094 2.1865861706408904
[60 INFO root] -0.25406989455223083 0.47278621792793274 2.23051019099681
[60 INFO root] -0.25458231568336487 0.47345274686813354 2.2741601410453827
[60 INFO root] -0.25513431429862976 0.47410932183265686 2.31747360864203
[60 INFO root] -0.25572308897972107 0.4747510254383087 2.360394353345006
[60 INFO root] -0.2563455104827881 0.4753735363483429 2.4028745716563282
[60 INFO root] -0.256998211145401 0.4759730398654938 2.444876930530083
[60 INFO root] -0.25767773389816284 0.47654643654823303 2.4863761183607527
[60 INFO root] -0.2583805024623871 0.4770911633968353 2.5273597317976897
[60 INFO root] -0.25910308957099915 0.4776052236557007 2.567828380548341
[60 INFO root] -0.25984227657318115 0.4780872166156769 2.60779495716936
[60 INFO root] -0.26059502363204956 0.4785361886024475 2.647283084011392
[60 INFO root] -0.26135873794555664 0.47895172238349915 2.6863248117875043
[60 INFO root] -0.2621312439441681 0.47933369874954224 2.7249576996997553
[60 INFO root] -0.26291075348854065 0.4796822965145111 2.763221451339874
[60 INFO root] -0.2636958658695221 0.4799979031085968 2.8011543101304985
[60 INFO root] -0.2644856572151184 0.4802810847759247 2.8387894305036223
[60 INFO root] -0.26527947187423706 0.48053237795829773 2.876151435168423
[60 INFO root] -0.2660767734050751 0.4807523488998413 2.913253345348824
[60 INFO root] -0.266876757144928 0.48094141483306885 2.950043967109071
[60 INFO root] -0.2677004337310791 0.4811042249202728 2.9861933747977907
[60 INFO root] -0.26854702830314636 0.481239914894104 3.0215193670722207
[60 INFO root] -0.2694123089313507 0.48134738206863403 3.055886150794871
[60 INFO root] -0.2702905833721161 0.48142585158348083 3.0891773089700276
[60 INFO root] -0.27117276191711426 0.4814750850200653 3.1212957814977167
[60 INFO root] -0.2720501720905304 0.48149573802948 -3.130997779608762
[60 INFO root] -0.27291548252105713 0.48148927092552185 -3.1013506320364606
[60 INFO root] -0.2737627327442169 0.4814577102661133 -3.072942998179657
[60 INFO root] -0.27458709478378296 0.4814034402370453 -3.045758243351248
[60 INFO root] -0.27538466453552246 0.4813290238380432 -3.019777050278026
[60 INFO root] -0.27615228295326233 0.48123714327812195 -2.9949838285935604
[60 INFO root] -0.2768873870372772 0.4811305105686188 -2.9713708226089315
[60 INFO root] -0.27758777141571045 0.48101189732551575 -2.9489400414387927
[60 INFO root] -0.278251588344574 0.48088404536247253 -2.9277030542897373
[60 INFO root] -0.27887746691703796 0.48074954748153687 -2.907678605188145
[60 INFO root] -0.2794644236564636 0.48061099648475647 -2.8888879593814254
[60 INFO root] -0.2800123393535614 0.4804706871509552 -2.871347970025237
[60 INFO root] -0.2805221378803253 0.4803304672241211 -2.8550621313280495
[60 INFO root] -0.2809962034225464 0.4801916778087616 -2.8400104293037916
[60 INFO root] -0.2814386188983917 0.4800548553466797 -2.8261395902803312
[60 INFO root] -0.2818552553653717 0.47991955280303955 -2.8133561354883385
[60 INFO root] -0.2822539508342743 0.4797843396663666 -2.8015162290826954
[60 INFO root] -0.28265246748924255 0.47964388132095337 -2.7901855128642032
[60 INFO root] -0.28306713700294495 0.4794923663139343 -2.778926345544749
[60 INFO root] -0.2834984362125397 0.4793292284011841 -2.7676989108731527
[60 INFO root] -0.2839454114437103 0.47915443778038025 -2.7565102405179536
[60 INFO root] -0.28440746665000916 0.47896772623062134 -2.7453744503358672
[60 INFO root] -0.28488433361053467 0.47876882553100586 -2.7343131945550043
[60 INFO root] -0.28537601232528687 0.4785573482513428 -2.7233556039477818
[60 INFO root] -0.2858985364437103 0.478325754404068 -2.712106596786902
[60 INFO root] -0.2864687740802765 0.47806528210639954 -2.7001133231340715
[60 INFO root] -0.2870929539203644 0.47777116298675537 -2.6871784103691856
[60 INFO root] -0.2877757251262665 0.47743862867355347 -2.673149449717602
[60 INFO root] -0.28852131962776184 0.47706252336502075 -2.6579009586384945
[60 INFO root] -0.2893332242965698 0.47663748264312744 -2.6413489875871434
[60 INFO root] -0.29021331667900085 0.47615817189216614 -2.6234710331679523
[60 INFO root] -0.2911611497402191 0.4756198823451996 -2.604325396117062
[60 INFO root] -0.2921735942363739 0.4750192165374756 -2.584058532716889
[60 INFO root] -0.29324448108673096 0.4743543267250061 -2.562897803707673
[60 INFO root] -0.2943609952926636 0.47362813353538513 -2.540953043244486
[60 INFO root] -0.2955089509487152 0.47284525632858276 -2.518354590304202
[60 INFO root] -0.2966746985912323 0.47201117873191833 -2.4952731023916574
[60 INFO root] -0.2978455722332001 0.4711320102214813 -2.4718878034188636
[60 INFO root] -0.2990102469921112 0.47021421790122986 -2.448357564069167
[60 INFO root] -0.3001589775085449 0.4692643880844116 -2.4248026881733065
[60 INFO root] -0.3012852072715759 0.4682876765727997 -2.401277026487926
[60 INFO root] -0.3023856282234192 0.46728700399398804 -2.377767089666432
[60 INFO root] -0.3034578859806061 0.46626487374305725 -2.3542294154223447
[60 INFO root] -0.30450010299682617 0.465223491191864 -2.3305994794391434
[60 INFO root] -0.3055106997489929 0.4641648232936859 -2.30679487212803
[60 INFO root] -0.30648869276046753 0.46309030055999756 -2.28271947366362
[60 INFO root] -0.30743342638015747 0.4620007872581482 -2.258268268146774
[60 INFO root] -0.3083445131778717 0.46089673042297363 -2.233333544672579
[60 INFO root] -0.30922162532806396 0.4597783088684082 -2.207810586842776
[60 INFO root] -0.31006449460983276 0.4586452543735504 -2.1816014484690296
[60 INFO root] -0.3108728528022766 0.4574970602989197 -2.1546182951274355
[60 INFO root] -0.31164655089378357 0.45633283257484436 -2.1267866887910554
[60 INFO root] -0.3123853802680969 0.45515117049217224 -2.098048787557491
[60 INFO root] -0.3130890429019928 0.45395058393478394 -2.0683879443731006
[60 INFO root] -0.3137570023536682 0.4527294933795929 -2.037805306986377
[60 INFO root] -0.31438854336738586 0.4514864385128021 -2.0063023492078265
[60 INFO root] -0.31498265266418457 0.4502200186252594 -1.9738787313568982
[60 INFO root] -0.3155381381511688 0.44892892241477966 -1.940533817088232
[60 INFO root] -0.3160535991191864 0.44761183857917786 -1.9062691587315108
[60 INFO root] -0.31652745604515076 0.4462674856185913 -1.8710917600999877
[60 INFO root] -0.31695783138275146 0.44489461183547974 -1.8350179945890068
[60 INFO root] -0.31734269857406616 0.44349202513694763 -1.7980779497831771
[60 INFO root] -0.3176797032356262 0.44205862283706665 -1.76031997871846
[60 INFO root] -0.31796640157699585 0.4405936300754547 -1.7218154084487378
[60 INFO root] -0.3182000517845154 0.43909648060798645 -1.6826624201287783
[60 INFO root] -0.318377822637558 0.43756717443466187 -1.642988846218245
[60 INFO root] -0.31849685311317444 0.4360063374042511 -1.6029535339712397
[60 INFO root] -0.3185543119907379 0.43441540002822876 -1.5627458235171783
[60 INFO root] -0.31854769587516785 0.43279674649238586 -1.522582776764811
[60 INFO root] -0.3184749186038971 0.43115389347076416 -1.4827040034297205
[60 INFO root] -0.318334698677063 0.4294913411140442 -1.4433642292082203
[60 INFO root] -0.31812649965286255 0.4278147518634796 -1.4048240904682332
[60 INFO root] -0.3178509771823883 0.426130473613739 -1.3673442157793894
[60 INFO root] -0.31750985980033875 0.42444542050361633 -1.3311762921200507
[60 INFO root] -0.3171061873435974 0.42276692390441895 -1.2965528419721095
[60 INFO root] -0.3166440725326538 0.42110228538513184 -1.2636785550013034
[60 INFO root] -0.31612876057624817 0.41945862770080566 -1.2327243027322479
[60 INFO root] -0.3155662715435028 0.4178426265716553 -1.2038241279735487
[60 INFO root] -0.31496328115463257 0.41626015305519104 -1.1770750826820056
[60 INFO root] -0.31432685256004333 0.41471630334854126 -1.1525394894819614
[60 INFO root] -0.31366416811943054 0.413215309381485 -1.1302603737019732
[60 INFO root] -0.3129826784133911 0.41176122426986694 -1.1103231441706698
