[44 INFO root] Initialising Python Geth Console...
[44 INFO root] Initialising RandB board...
[44 INFO root] Initialising resource sensor...
[44 INFO root] Initialising random-walk...
[44 INFO root] Initialising navigation...
[44 INFO root] Initialising Odo...
[44 INFO root] Initialising odometry...
[44 INFO root] Initialising gps...
[44 INFO root] Initialising Ground sensor...
[44 INFO root] --//-- Starting Experiment --//--
[44 INFO root] x y direction
[44 INFO root] -0.7399449944496155 0.3261699974536896 -1.4729357156355742
[44 INFO root] -0.7397618293762207 0.3243039846420288 -1.6059655662859957
[44 INFO root] -0.7397695779800415 0.3185877501964569 -1.722267301355184
[44 INFO root] -0.7405245900154114 0.31272080540657043 -1.8000529076742282
[44 INFO root] -0.7415779232978821 0.30784934759140015 -1.8472463395533572
[44 INFO root] -0.7426953911781311 0.3037916123867035 -1.8726102294718716
[44 INFO root] -0.7437936067581177 0.30022767186164856 -1.881656717830278
[44 INFO root] -0.744826078414917 0.2970031201839447 -1.8793540246223255
[44 INFO root] -0.7457346320152283 0.29415515065193176 -1.869191778256001
[44 INFO root] -0.7465680241584778 0.2914557456970215 -1.8622152628202722
[44 INFO root] -0.747327983379364 0.2889290452003479 -1.8590755599916173
[44 INFO root] -0.748014509677887 0.2866167426109314 -1.8584599498067895
[44 INFO root] -0.7486302852630615 0.2845360040664673 -1.8592305478840616
[44 INFO root] -0.7491781115531921 0.2826891541481018 -1.8605371276394307
[44 INFO root] -0.7496604919433594 0.28107038140296936 -1.8617666700872149
[44 INFO root] -0.7500995993614197 0.2796032726764679 -1.8612277016473917
[44 INFO root] -0.7505175471305847 0.2782052159309387 -1.85729367895308
[44 INFO root] -0.7509118914604187 0.27686864137649536 -1.8497909152229133
[44 INFO root] -0.7513315677642822 0.2754075229167938 -1.8403293853574865
[44 INFO root] -0.7517738342285156 0.2738119959831238 -1.8295918191298943
[44 INFO root] -0.7522305846214294 0.27209365367889404 -1.818096066842041
[44 INFO root] -0.7526952028274536 0.27026185393333435 -1.8060825984643398
[44 INFO root] -0.7531620264053345 0.26832422614097595 -1.7935966555645646
[44 INFO root] -0.7536258101463318 0.2662883996963501 -1.7808851395094019
[44 INFO root] -0.7540820240974426 0.2641618251800537 -1.7681842960838587
[44 INFO root] -0.7545267343521118 0.26195237040519714 -1.7556935560169646
[44 INFO root] -0.754956841468811 0.25966811180114746 -1.7435781026379074
[44 INFO root] -0.7553699016571045 0.25731751322746277 -1.7319708294500402
[44 INFO root] -0.7557643055915833 0.2549091577529907 -1.7209737043857474
[44 INFO root] -0.7561388611793518 0.2524515688419342 -1.710660064130054
[44 INFO root] -0.7564932107925415 0.24995310604572296 -1.7010779063450445
[44 INFO root] -0.7568273544311523 0.24742178618907928 -1.6922536984822234
[44 INFO root] -0.757141649723053 0.24486535787582397 -1.6841962729761206
[44 INFO root] -0.7574368715286255 0.2422911375761032 -1.6769004953551134
[44 INFO root] -0.7577141523361206 0.23970603942871094 -1.6703505324412196
[44 INFO root] -0.7579745054244995 0.23711660504341125 -1.6645226396594743
[44 INFO root] -0.7582192420959473 0.23452889919281006 -1.659387461540699
[44 INFO root] -0.7584497928619385 0.2319486290216446 -1.6549118765153414
[44 INFO root] -0.7586674094200134 0.2293810248374939 -1.6510604412154897
[44 INFO root] -0.7588735222816467 0.22683092951774597 -1.64779649548951
[44 INFO root] -0.7590694427490234 0.2243027240037918 -1.6450829826437334
[44 INFO root] -0.7592563629150391 0.22180043160915375 -1.6428830356474375
[44 INFO root] -0.7594354748725891 0.21932759881019592 -1.641160378926371
[44 INFO root] -0.7596079111099243 0.216887429356575 -1.639879567818684
[44 INFO root] -0.7597746253013611 0.21448272466659546 -1.639006063984278
[44 INFO root] -0.759936511516571 0.2121160328388214 -1.6385061903697613
[44 INFO root] -0.7600943446159363 0.20978961884975433 -1.6383470165728689
[44 INFO root] -0.7602489590644836 0.2075055092573166 -1.6384962190969614
[44 INFO root] -0.7604007720947266 0.20526553690433502 -1.638921955828138
[44 INFO root] -0.7605503797531128 0.20307132601737976 -1.6395927919947584
[44 INFO root] -0.7606981992721558 0.20092429220676422 -1.6404777092647007
[44 INFO root] -0.7608444690704346 0.1988256424665451 -1.6415462150636684
[44 INFO root] -0.7609894871711731 0.19677630066871643 -1.64276855513059
[44 INFO root] -0.7611333727836609 0.19477693736553192 -1.644116015258629
[44 INFO root] -0.7612762451171875 0.19282785058021545 -1.6455612806518105
[44 INFO root] -0.7614182233810425 0.19092907011508942 -1.647078814095132
[44 INFO root] -0.761559247970581 0.18908020853996277 -1.6486452089754164
[44 INFO root] -0.7616993188858032 0.18728049099445343 -1.6502394825297273
[44 INFO root] -0.7618384957313538 0.18552881479263306 -1.6518432840746624
[44 INFO root] -0.7619767189025879 0.18382370471954346 -1.653440998827061
[44 INFO root] -0.7621139883995056 0.1821633279323578 -1.65501974444778
[44 INFO root] -0.7622503042221069 0.1805456280708313 -1.6565692811623016
[44 INFO root] -0.7623856663703918 0.17896823585033417 -1.658081845413229
[44 INFO root] -0.7625201344490051 0.17742866277694702 -1.6595519264101102
[44 INFO root] -0.7626538276672363 0.17592422664165497 -1.660975994238234
[44 INFO root] -0.7627866864204407 0.1744522601366043 -1.6623521941199575
[44 INFO root] -0.7629188895225525 0.17301000654697418 -1.663680013556144
[44 INFO root] -0.7630505561828613 0.17159485816955566 -1.6649599319165531
[44 INFO root] -0.7631816864013672 0.170204296708107 -1.6661930608833193
[44 INFO root] -0.7633124589920044 0.16883602738380432 -1.6673807881835812
[44 INFO root] -0.763442873954773 0.16748803853988647 -1.668524437563516
[44 INFO root] -0.7635730504989624 0.16615866124629974 -1.6696248431490683
[44 INFO root] -0.7637029886245728 0.16484664380550385 -1.6706820770430237
[44 INFO root] -0.763832688331604 0.16355115175247192 -1.6716953252715434
[44 INFO root] -0.7639620900154114 0.16227178275585175 -1.6726628672613428
[44 INFO root] -0.7640910744667053 0.16100849211215973 -1.6735821409801213
[44 INFO root] -0.7642195820808411 0.15976159274578094 -1.6744498793703275
[44 INFO root] -0.7643474340438843 0.15853163599967957 -1.6752622948532268
[44 INFO root] -0.7644743919372559 0.15731944143772125 -1.6760152878916215
[44 INFO root] -0.764600396156311 0.15612591803073883 -1.6767046614035883
[44 INFO root] -0.7647250890731812 0.1549520492553711 -1.677326350726987
[44 INFO root] -0.7648484110832214 0.15379804372787476 -1.677879463773971
[44 INFO root] -0.7649702429771423 0.15266382694244385 -1.6783641646622658
[44 INFO root] -0.7650905251502991 0.15154941380023956 -1.6787804504684558
[44 INFO root] -0.7652091383934021 0.15045486390590668 -1.6791282516639143
[44 INFO root] -0.765326201915741 0.14937812089920044 -1.679414845368678
[44 INFO root] -0.7654419541358948 0.14831644296646118 -1.6796499017911959
[44 INFO root] -0.7655565738677979 0.14726732671260834 -1.679841960207711
[44 INFO root] -0.7656702995300293 0.14622870087623596 -1.6799980987732086
[44 INFO root] -0.7657831907272339 0.14519885182380676 -1.680124174993443
[44 INFO root] -0.765895426273346 0.14417633414268494 -1.6802250490962873
[44 INFO root] -0.7660070657730103 0.1431599110364914 -1.680304763233907
[44 INFO root] -0.7661182284355164 0.14214861392974854 -1.6803666857916395
[44 INFO root] -0.7662290334701538 0.1411415934562683 -1.680413628326952
[44 INFO root] -0.7663394808769226 0.14013813436031342 -1.6804479408591777
[44 INFO root] -0.7664495706558228 0.13913767039775848 -1.6804715898970772
[44 INFO root] -0.7665594816207886 0.13813969492912292 -1.680486222601842
[44 INFO root] -0.7666691541671753 0.1371438205242157 -1.6804932197415758
[44 INFO root] -0.7667786478996277 0.13614965975284576 -1.6804938444545463
[44 INFO root] -0.7668881416320801 0.13515566289424896 -1.6804938444545463
[44 INFO root] -0.7669976353645325 0.13416168093681335 -1.6804938444545463
[44 INFO root] -0.7671070694923401 0.13316768407821655 -1.6804938444545463
[44 INFO root] -0.7672165632247925 0.13217370212078094 -1.6804938444545463
[44 INFO root] -0.7673260569572449 0.13117970526218414 -1.6804938444545463
[44 INFO root] -0.7674355506896973 0.13018572330474854 -1.6804938444545463
[44 INFO root] -0.7675449848175049 0.12919172644615173 -1.6804938444545463
[44 INFO root] -0.7676544785499573 0.12819774448871613 -1.6804938444545463
[44 INFO root] -0.7677639722824097 0.12720374763011932 -1.6804938444545463
[44 INFO root] -0.7678734660148621 0.12620976567268372 -1.6804938444545463
[44 INFO root] -0.7679829001426697 0.12521576881408691 -1.6804938444545463
[44 INFO root] -0.7680923938751221 0.1242217868566513 -1.6804938444545463
[44 INFO root] -0.7682018876075745 0.1232277974486351 -1.6804938444545463
[44 INFO root] -0.7683113217353821 0.1222338080406189 -1.6804938444545463
[44 INFO root] -0.7684208154678345 0.12123981863260269 -1.6804938444545463
[44 INFO root] -0.7685303092002869 0.12024582922458649 -1.6804938444545463
[44 INFO root] -0.7686398029327393 0.11925183981657028 -1.6804938444545463
[44 INFO root] -0.7687492370605469 0.11825785040855408 -1.6804938444545463
[44 INFO root] -0.7688587307929993 0.11726386100053787 -1.6804938444545463
[44 INFO root] -0.7689682245254517 0.11626987159252167 -1.6804938444545463
[44 INFO root] -0.769077718257904 0.11527588218450546 -1.6804938444545463
[44 INFO root] -0.7691871523857117 0.11428189277648926 -1.6804938444545463
[44 INFO root] -0.7692966461181641 0.11328790336847305 -1.6804938444545463
[44 INFO root] -0.7694061398506165 0.11229391396045685 -1.6804938444545463
[44 INFO root] -0.7695155739784241 0.11129992455244064 -1.6804938444545463
[44 INFO root] -0.7696250677108765 0.11030593514442444 -1.6804938444545463
[44 INFO root] -0.7697311043739319 0.10934317857027054 -1.6803373590728117
[44 INFO root] -0.7698172330856323 0.10856055468320847 -1.6792944324811128
[44 INFO root] -0.7698841691017151 0.10794630646705627 -1.677436788097607
[44 INFO root] -0.7699357271194458 0.10746600478887558 -1.6749289489898591
[44 INFO root] -0.7699778079986572 0.10706457495689392 -1.6720248513664746
[44 INFO root] -0.7700130939483643 0.10671829432249069 -1.6688349260056061
[44 INFO root] -0.7700432538986206 0.10641272366046906 -1.665427235479217
[44 INFO root] -0.7700693607330322 0.10613886266946793 -1.6618464665533794
[44 INFO root] -0.7700921297073364 0.10589044541120529 -1.6581253984337785
[44 INFO root] -0.770112156867981 0.1056627556681633 -1.6542894249522555
[44 INFO root] -0.7701298594474792 0.10545219480991364 -1.6503583993808086
[44 INFO root] -0.7701455950737 0.10525600612163544 -1.6463478326251524
[44 INFO root] -0.7701596021652222 0.1050720289349556 -1.6422697774658184
[44 INFO root] -0.7701720595359802 0.10489856451749802 -1.6381334996187313
[44 INFO root] -0.7701832056045532 0.10473425686359406 -1.6339459959309486
[44 INFO root] -0.7701931595802307 0.10457853227853775 -1.6297086642439864
[44 INFO root] -0.7702018022537231 0.1044328510761261 -1.625407202887273
[44 INFO root] -0.7702091932296753 0.10429853945970535 -1.621025613585251
[44 INFO root] -0.7702154517173767 0.10417576879262924 -1.6165505708370513
[44 INFO root] -0.7702206373214722 0.10406332463026047 -1.6119707133128172
[44 INFO root] -0.770224928855896 0.10395999252796173 -1.6072740991056063
[44 INFO root] -0.770227313041687 0.10389701277017593 -1.6041933971680629
[44 INFO root] -0.7702279686927795 0.10387697070837021 -1.6032380378113695
[44 INFO root] -0.7702275514602661 0.1038908138871193 -1.6043745814642885
[44 INFO root] -0.770226240158081 0.10393024235963821 -1.6075451474839841
[44 INFO root] -0.7702240943908691 0.10398860275745392 -1.6127101915756363
[44 INFO root] -0.7702211141586304 0.10406046360731125 -1.6198458958265467
[44 INFO root] -0.7702171802520752 0.10414129495620728 -1.6289422614225049
[44 INFO root] -0.7702122926712036 0.10422718524932861 -1.6400016785623543
[44 INFO root] -0.7702062726020813 0.1043146550655365 -1.6530377442455868
[44 INFO root] -0.7701993584632874 0.10440056771039963 -1.6680747682393737
[44 INFO root] -0.770191490650177 0.10448212176561356 -1.6851477225149032
[44 INFO root] -0.7701830863952637 0.10455650836229324 -1.7043003968600876
[44 INFO root] -0.7701745629310608 0.10462115705013275 -1.725613174043557
[44 INFO root] -0.7701665759086609 0.1046733409166336 -1.7491841000734898
[44 INFO root] -0.7701600790023804 0.10470990836620331 -1.775111176167677
[44 INFO root] -0.7701565623283386 0.10472731292247772 -1.8034877889985097
[44 INFO root] -0.7701579332351685 0.10472169518470764 -1.834400482883029
[44 INFO root] -0.7701667547225952 0.10468897223472595 -1.867926321649594
[44 INFO root] -0.7701862454414368 0.10462495684623718 -1.9041296708169042
[44 INFO root] -0.7702203989028931 0.10452551394701004 -1.9430584683675163
[44 INFO root] -0.7702741026878357 0.10438673198223114 -1.9847401264962672
[44 INFO root] -0.7703531980514526 0.1042051836848259 -2.0291773002127806
[44 INFO root] -0.7704641819000244 0.10397817194461823 -2.0763438667505376
[44 INFO root] -0.7706145644187927 0.1037040501832962 -2.126181562418657
[44 INFO root] -0.7708122134208679 0.10338252037763596 -2.1785977874442617
[44 INFO root] -0.7710654735565186 0.10301493853330612 -2.2334650706992605
[44 INFO root] -0.7713825702667236 0.10260452330112457 -2.290622541960696
[44 INFO root] -0.7717714309692383 0.10215648263692856 -2.349879467369979
[44 INFO root] -0.7722388505935669 0.10167800635099411 -2.411020486264409
[44 INFO root] -0.7727906703948975 0.10117807984352112 -2.4738117265785027
[44 INFO root] -0.7734308838844299 0.10066717863082886 -2.538004547970985
[44 INFO root] -0.774161696434021 0.10015689581632614 -2.6033273836133444
[44 INFO root] -0.7749829888343811 0.09965968877077103 -2.6695086303904274
[44 INFO root] -0.7758926153182983 0.09918805211782455 -2.736302861194961
[44 INFO root] -0.7768869996070862 0.09875393658876419 -2.803469825607158
[44 INFO root] -0.777961254119873 0.09836844354867935 -2.870753206414376
[44 INFO root] -0.7791101932525635 0.09804142266511917 -2.937923575269571
[44 INFO root] -0.7803282141685486 0.09778162837028503 -3.0047178270987995
[44 INFO root] -0.7816087603569031 0.09759683161973953 -3.070806332096841
[44 INFO root] -0.7829433679580688 0.09749359637498856 -3.1357866166455484
[44 INFO root] -0.7843210697174072 0.09747687727212906 3.0839917513531567
[44 INFO root] -0.7857283353805542 0.09754925221204758 3.022661415608308
[44 INFO root] -0.787148654460907 0.0977102592587471 2.9639130798390108
[44 INFO root] -0.7885637283325195 0.09795583039522171 2.9082005567161087
[44 INFO root] -0.7900307774543762 0.09829635918140411 2.855291176725932
[44 INFO root] -0.7915571331977844 0.09873735904693604 2.805672980661859
[44 INFO root] -0.7931234836578369 0.0992758497595787 2.760044200194673
[44 INFO root] -0.7947075366973877 0.09990321844816208 2.718995741079959
[44 INFO root] -0.7962251901626587 0.10057801008224487 2.682110733837127
[44 INFO root] -0.7976153492927551 0.10125906020402908 2.6486022779825715
[44 INFO root] -0.7988744378089905 0.10192961990833282 2.61806192634671
[44 INFO root] -0.800007700920105 0.10257882624864578 2.5900969484816367
[44 INFO root] -0.8010226488113403 0.10319896042346954 2.5643087441814028
[44 INFO root] -0.8019281029701233 0.10378504544496536 2.540309451345978
[44 INFO root] -0.8027334213256836 0.10433440655469894 2.5177316809844443
[44 INFO root] -0.8034482002258301 0.10484618693590164 2.4962336713375617
[44 INFO root] -0.8040818572044373 0.10532090067863464 2.475500813781525
[44 INFO root] -0.8046432733535767 0.10576006025075912 2.4552449367807685
[44 INFO root] -0.8051409125328064 0.10616589337587357 2.4352024487784405
[44 INFO root] -0.805582582950592 0.10654111206531525 2.4151314518384726
[44 INFO root] -0.8059762120246887 0.10688932240009308 2.394732270615193
[44 INFO root] -0.8063291311264038 0.10721459239721298 2.3737088336215444
[44 INFO root] -0.8066481351852417 0.10752122104167938 2.3517905963619965
[44 INFO root] -0.8069393634796143 0.10781367123126984 2.3287329944449477
[44 INFO root] -0.8072084188461304 0.10809656977653503 2.304315410955604
[44 INFO root] -0.8074604272842407 0.10837473720312119 2.2783389362086672
[44 INFO root] -0.8076999187469482 0.10865326970815659 2.250624382653567
[44 INFO root] -0.807931125164032 0.10893764346837997 2.2210112837775213
[44 INFO root] -0.8081576824188232 0.10923375189304352 2.1893575922366213
[44 INFO root] -0.8083828091621399 0.10954801738262177 2.155541480840409
[44 INFO root] -0.8086090087890625 0.10988735407590866 2.1194644669552534
[44 INFO root] -0.8088379502296448 0.11025909334421158 2.081056293776482
[44 INFO root] -0.809070348739624 0.1106707975268364 2.040280347200335
[44 INFO root] -0.8093054294586182 0.11112995445728302 1.9971381371480599
[44 INFO root] -0.8095412254333496 0.11164364963769913 1.9516725040163314
[44 INFO root] -0.8097741007804871 0.11221814155578613 1.9039668340262
[44 INFO root] -0.8099988698959351 0.11285852640867233 1.8541419470915363
[44 INFO root] -0.8102091550827026 0.11356848478317261 1.802350501934033
[44 INFO root] -0.8103973865509033 0.11435014754533768 1.7487697542822993
[44 INFO root] -0.8105553984642029 0.11520405858755112 1.6935953664464087
[44 INFO root] -0.8106744885444641 0.11612928658723831 1.6370362512414698
[44 INFO root] -0.8107457160949707 0.117123544216156 1.5793124535610246
[44 INFO root] -0.8107605576515198 0.1181831881403923 1.5206573001544348
[44 INFO root] -0.8107107877731323 0.1192997545003891 1.461343531802193
[44 INFO root] -0.8105887770652771 0.12047106772661209 1.4016050408115233
[44 INFO root] -0.8103869557380676 0.12169446796178818 1.3417101005365155
[44 INFO root] -0.8100985288619995 0.12296430766582489 1.2819705851107381
[44 INFO root] -0.8097192645072937 0.1242680773139 1.2227203975775398
[44 INFO root] -0.8092458248138428 0.12559649348258972 1.1643115115311613
[44 INFO root] -0.8086764216423035 0.1269402652978897 1.107117338664292
[44 INFO root] -0.808010995388031 0.12828971445560455 1.051526925999416
[44 INFO root] -0.8072516322135925 0.1296350508928299 0.9979374652394368
[44 INFO root] -0.8064026236534119 0.1309666931629181 0.9467457046272563
[44 INFO root] -0.8054700493812561 0.13227571547031403 0.8983386786511095
[44 INFO root] -0.8044619560241699 0.13355420529842377 0.8530827485090912
[44 INFO root] -0.8033880591392517 0.13479553163051605 0.8113116767643691
[44 INFO root] -0.8022589683532715 0.13599465787410736 0.7733165122084841
[44 INFO root] -0.8010861277580261 0.13714824616909027 0.7393390298003137
[44 INFO root] -0.7998809814453125 0.138254776597023 0.7095672099107129
[44 INFO root] -0.7986545562744141 0.13931439816951752 0.6841342019808797
[44 INFO root] -0.797417163848877 0.14032882452011108 0.6631196917658209
[44 INFO root] -0.7961779236793518 0.14130106568336487 0.6465528370298553
[44 INFO root] -0.7949446439743042 0.14223521947860718 0.634416754566192
[44 INFO root] -0.7937241196632385 0.1431356966495514 0.6266274134032346
[44 INFO root] -0.7925288677215576 0.1440025120973587 0.6227510209634944
[44 INFO root] -0.7913686633110046 0.14483630657196045 0.6223358070189795
[44 INFO root] -0.7902498245239258 0.1456390917301178 0.6249989236554303
[44 INFO root] -0.7891755700111389 0.1464136689901352 0.6304199682985792
[44 INFO root] -0.7881473302841187 0.14716315269470215 0.6383288873198928
[44 INFO root] -0.7871650457382202 0.14789074659347534 0.6484954115303119
[44 INFO root] -0.7862275838851929 0.14859959483146667 0.6607215007936519
[44 INFO root] -0.785333514213562 0.1492927074432373 0.674835678837788
[44 INFO root] -0.7844579219818115 0.14999127388000488 0.6893286534467883
[44 INFO root] -0.7835944294929504 0.1507008671760559 0.7035536364542747
[44 INFO root] -0.7827446460723877 0.1514197587966919 0.7173109977816553
[44 INFO root] -0.7819101214408875 0.15214566886425018 0.7304745062315646
[44 INFO root] -0.781113862991333 0.1528569906949997 0.743217111854021
[44 INFO root] -0.7803671360015869 0.1535414308309555 0.7557509545649198
[44 INFO root] -0.7796642184257507 0.15420211851596832 0.7681754775754632
[44 INFO root] -0.7789984941482544 0.15484364330768585 0.7805614354136028
[44 INFO root] -0.7783641219139099 0.15547028183937073 0.7929568074975705
[44 INFO root] -0.7777559757232666 0.15608610212802887 0.805387003406364
[44 INFO root] -0.7771695256233215 0.15669496357440948 0.8178546557457155
[44 INFO root] -0.7766004204750061 0.15730071067810059 0.8303384004372687
[44 INFO root] -0.7760447859764099 0.1579071283340454 0.8427910945777335
[44 INFO root] -0.7754989266395569 0.15851804614067078 0.8551379901188157
[44 INFO root] -0.7749592661857605 0.15913717448711395 0.8672754264620394
[44 INFO root] -0.7744227051734924 0.15976814925670624 0.8790706358996768
[44 INFO root] -0.7738862633705139 0.16041429340839386 0.8903632149112304
[44 INFO root] -0.7733474969863892 0.16107840836048126 0.9009687345079266
[44 INFO root] -0.7728044986724854 0.16176261007785797 0.9106847534830406
[44 INFO root] -0.7722560167312622 0.16246776282787323 0.9193030828052751
[44 INFO root] -0.771701455116272 0.1631937325000763 0.9266138663948348
[44 INFO root] -0.7711401581764221 0.1639399230480194 0.9324001544830784
[44 INFO root] -0.77057284116745 0.16470353305339813 0.936476422864738
[44 INFO root] -0.7700051665306091 0.16547447443008423 0.9388132797431318
[44 INFO root] -0.7694581747055054 0.16622115671634674 0.9398896883168155
[44 INFO root] -0.7689329385757446 0.16694000363349915 0.9397872739473307
[44 INFO root] -0.7684280872344971 0.16763098537921906 0.9385349226370318
[44 INFO root] -0.767942488193512 0.1682940572500229 0.9361482243787453
[44 INFO root] -0.7674751281738281 0.1689291149377823 0.9326322301496559
[44 INFO root] -0.7670252323150635 0.16953618824481964 0.9279849548335444
[44 INFO root] -0.7665918469429016 0.17011547088623047 0.9221997929572014
[44 INFO root] -0.7661740779876709 0.17066732048988342 0.9152670419188341
[44 INFO root] -0.7657709717750549 0.17119230329990387 0.9071747683088324
[44 INFO root] -0.7653815150260925 0.17169120907783508 0.8979092366296941
[44 INFO root] -0.7650046944618225 0.17216500639915466 0.8874550941667698
[44 INFO root] -0.7646389007568359 0.17261521518230438 0.8758100544404935
[44 INFO root] -0.7642826437950134 0.17304356396198273 0.8629714064085399
[44 INFO root] -0.763934314250946 0.1734517514705658 0.8489322761545097
[44 INFO root] -0.7635921835899353 0.17384149134159088 0.8336822669130445
[44 INFO root] -0.7632546424865723 0.17421448230743408 0.817208460156013
[44 INFO root] -0.7629199028015137 0.17457245290279388 0.7994964021229116
[44 INFO root] -0.7625859975814819 0.1749170869588852 0.7805311597719353
[44 INFO root] -0.762251079082489 0.1752500981092453 0.760298548984202
[44 INFO root] -0.7619127631187439 0.17557312548160553 0.7387865640622453
[44 INFO root] -0.7615687847137451 0.175887793302536 0.715987574938356
[44 INFO root] -0.7612165212631226 0.17619569599628448 0.6919019933108449
[44 INFO root] -0.7608529329299927 0.1764983981847763 0.6665424240530682
[44 INFO root] -0.7604748606681824 0.17679734528064728 0.6399380881424829
[44 INFO root] -0.7600786089897156 0.17709392309188843 0.6121415824236573
[44 INFO root] -0.759659469127655 0.17738987505435944 0.5832845586512357
[44 INFO root] -0.7592127323150635 0.17768645286560059 0.5535260884951614
[44 INFO root] -0.7587339878082275 0.17798417806625366 0.5230395638832557
[44 INFO root] -0.7582193613052368 0.17828291654586792 0.49201312712299683
[44 INFO root] -0.7576655149459839 0.1785818636417389 0.46064968035182235
[44 INFO root] -0.7570698857307434 0.17887966334819794 0.4291653221069415
[44 INFO root] -0.7564306855201721 0.1791744977235794 0.39778625829356457
[44 INFO root] -0.7557470798492432 0.1794641613960266 0.36674433251423827
[44 INFO root] -0.7550191879272461 0.17974624037742615 0.33627142433624635
[44 INFO root] -0.7542481422424316 0.18001827597618103 0.3065930140392601
[44 INFO root] -0.7534361481666565 0.18027788400650024 0.2779213217899657
[44 INFO root] -0.7525861859321594 0.18052293360233307 0.25044848994453633
[44 INFO root] -0.751702070236206 0.18075163662433624 0.22434027800009052
[44 INFO root] -0.750788152217865 0.18096262216567993 0.1997306949596578
[44 INFO root] -0.7498491406440735 0.18115507066249847 0.17671789526256299
[44 INFO root] -0.7488899827003479 0.18132860958576202 0.15536153567606828
[44 INFO root] -0.7479156255722046 0.18148331344127655 0.13568164904653315
[44 INFO root] -0.7469308972358704 0.18161971867084503 0.11765897567782815
[44 INFO root] -0.7459402084350586 0.18173862993717194 0.10123659901175877
[44 INFO root] -0.744947612285614 0.18184110522270203 0.08632268865156979
[44 INFO root] -0.7439568638801575 0.1819283366203308 0.07279412304052027
[44 INFO root] -0.7429710626602173 0.18200157582759857 0.06050076900043002
[44 INFO root] -0.7419862747192383 0.18206244707107544 0.04987530131762365
[44 INFO root] -0.7409967184066772 0.1821128875017166 0.04145389434692007
[44 INFO root] -0.7400034666061401 0.18215492367744446 0.03509182907279864
[44 INFO root] -0.7390077710151672 0.18219050765037537 0.030556368493786644
[44 INFO root] -0.7380104064941406 0.1822214424610138 0.027609095633725177
[44 INFO root] -0.7370119690895081 0.18224932253360748 0.026011929599740993
[44 INFO root] -0.7360522747039795 0.1822744458913803 0.02622190323658138
[44 INFO root] -0.7351551651954651 0.1822979599237442 0.027962268690802785
[44 INFO root] -0.7343187928199768 0.1823211908340454 0.030788567670718046
[44 INFO root] -0.7335383892059326 0.18234498798847198 0.03458708315697237
[44 INFO root] -0.7328091263771057 0.18236993253231049 0.03928872924898854
[44 INFO root] -0.7321264147758484 0.18239642679691315 0.044830831069471416
[44 INFO root] -0.7314856052398682 0.18242479860782623 0.05115560566661361
[44 INFO root] -0.7308824062347412 0.18245527148246765 0.05820872697661031
[44 INFO root] -0.7303124070167542 0.1824880689382553 0.06593798408453669
[44 INFO root] -0.7297714352607727 0.18252335488796234 0.0742920401502192
[44 INFO root] -0.7292553782463074 0.18256130814552307 0.08321958851120327
[44 INFO root] -0.7287601828575134 0.1826021522283554 0.09266878195845174
[44 INFO root] -0.7282819747924805 0.18264612555503845 0.1025865583648298
[44 INFO root] -0.7278180122375488 0.18269340693950653 0.11254993105773739
[44 INFO root] -0.7273650169372559 0.18274414539337158 0.12241654466989552
[44 INFO root] -0.7269195914268494 0.18279848992824554 0.13210332348962275
[44 INFO root] -0.7264784574508667 0.18285667896270752 0.14153030104224154
[44 INFO root] -0.7260382175445557 0.182918980717659 0.15061748261412714
[44 INFO root] -0.7255957722663879 0.18298572301864624 0.15928450639376227
[44 INFO root] -0.7251479029655457 0.1830572783946991 0.1674629485814532
[44 INFO root] -0.7246915698051453 0.1831340342760086 0.17508865379311914
[44 INFO root] -0.724223792552948 0.1832164227962494 0.18209329581085523
[44 INFO root] -0.723741888999939 0.1833048313856125 0.18840443599495613
[44 INFO root] -0.723243236541748 0.18339958786964417 0.19394757235777352
[44 INFO root] -0.7227255702018738 0.1835009753704071 0.1986483283318281
[44 INFO root] -0.7221866846084595 0.18360920250415802 0.2024345958039453
[44 INFO root] -0.7216247916221619 0.1837243139743805 0.20523859330523947
[44 INFO root] -0.7210382223129272 0.18384625017642975 0.2069987944791605
[44 INFO root] -0.720425546169281 0.18397481739521027 0.20766169367205772
[44 INFO root] -0.7197855114936829 0.184109628200531 0.2071833824234777
[44 INFO root] -0.7191170454025269 0.18425016105175018 0.205530917931543
[44 INFO root] -0.7184194326400757 0.1843957155942917 0.2026834722891764
[44 INFO root] -0.717691957950592 0.18454542756080627 0.19863326425736477
[44 INFO root] -0.7169341444969177 0.18469826877117157 0.19338628102205235
[44 INFO root] -0.7161456346511841 0.18485310673713684 0.18696280400807133
[44 INFO root] -0.7153263092041016 0.18500863015651703 0.17939775929765236
[44 INFO root] -0.7144761085510254 0.1851634532213211 0.170740912103643
[44 INFO root] -0.7135953307151794 0.1853160709142685 0.1610569260140544
[44 INFO root] -0.7126843333244324 0.18546496331691742 0.15042530980844518
[44 INFO root] -0.7117437124252319 0.18560853600502014 0.13894026250257974
[44 INFO root] -0.7107849717140198 0.18574370443820953 0.12691062759781715
[44 INFO root] -0.7098190188407898 0.18586812913417816 0.11462859698597529
[44 INFO root] -0.7088465690612793 0.18598130345344543 0.1022028938938269
[44 INFO root] -0.7078675031661987 0.18608294427394867 0.08973153136029424
[44 INFO root] -0.7068818211555481 0.18617285788059235 0.07732297675768621
[44 INFO root] -0.7058898210525513 0.1862509399652481 0.06509699567062047
[44 INFO root] -0.7048918604850769 0.18631722033023834 0.05318550682579495
[44 INFO root] -0.7038885354995728 0.1863718330860138 0.0417332903532677
[44 INFO root] -0.7028729915618896 0.1864153891801834 0.03122937436211728
[44 INFO root] -0.7017987370491028 0.1864500194787979 0.02394239123346977
[44 INFO root] -0.7006998062133789 0.18647712469100952 0.019042240135385382
[44 INFO root] -0.6995795965194702 0.1864989995956421 0.016540024174367642
[44 INFO root] -0.6984370946884155 0.18651817739009857 0.016589552313611724
[44 INFO root] -0.697272002696991 0.1865374892950058 0.019317242606806916
[44 INFO root] -0.6960851550102234 0.18656010925769806 0.02479402372344033
[44 INFO root] -0.6948783993721008 0.18658937513828278 0.0329756391427616
[44 INFO root] -0.6936531066894531 0.1866288185119629 0.04295916909668775
[44 INFO root] -0.6924114227294922 0.18668095767498016 0.053420959533616384
[44 INFO root] -0.6911593079566956 0.18674661219120026 0.06399350050628108
[44 INFO root] -0.6899035573005676 0.18682575225830078 0.07443026670544953
[44 INFO root] -0.6886510848999023 0.18691782653331757 0.08450883394226352
[44 INFO root] -0.6874085664749146 0.18702180683612823 0.09403878517970578
[44 INFO root] -0.6861822009086609 0.18713627755641937 0.1028653457452571
[44 INFO root] -0.6849774718284607 0.18725955486297607 0.11086982487323674
[44 INFO root] -0.6837990283966064 0.1873897761106491 0.11796774090403984
[44 INFO root] -0.6826505064964294 0.18752504885196686 0.12410542258929638
[44 INFO root] -0.6815347671508789 0.18766352534294128 0.1292557260124581
[44 INFO root] -0.6804537177085876 0.1878034621477127 0.133413413244327
[44 INFO root] -0.6794077754020691 0.18794338405132294 0.13660672856541492
[44 INFO root] -0.6783952713012695 0.18808221817016602 0.13891904918241088
[44 INFO root] -0.6774141192436218 0.18821915984153748 0.140439075311279
[44 INFO root] -0.6764621734619141 0.18835358321666718 0.14124977418996412
[44 INFO root] -0.6755362153053284 0.18848517537117004 0.14145854567357155
[44 INFO root] -0.6746330857276917 0.18861377239227295 0.1411657545163874
[44 INFO root] -0.6737504005432129 0.18873924016952515 0.14044704146995127
[44 INFO root] -0.6728859543800354 0.18886151909828186 0.139364544934516
[44 INFO root] -0.6720378398895264 0.1889805793762207 0.137972063664668
[44 INFO root] -0.6712040901184082 0.18909648060798645 0.13631724971498674
[44 INFO root] -0.6703827977180481 0.18920926749706268 0.13444330024698672
[44 INFO root] -0.6695721745491028 0.18931907415390015 0.13239048164033498
[44 INFO root] -0.6687702536582947 0.18942603468894958 0.1301975592926088
[44 INFO root] -0.6679749488830566 0.18953034281730652 0.12790315081708076
[44 INFO root] -0.6671841740608215 0.18963222205638885 0.1255469610616358
[44 INFO root] -0.6663956642150879 0.1897319257259369 0.12317080187489117
[44 INFO root] -0.6656069159507751 0.1898297667503357 0.12081925783544568
[44 INFO root] -0.6648152470588684 0.18992607295513153 0.118541050660417
[44 INFO root] -0.6640178561210632 0.19002123177051544 0.11638627707906338
[44 INFO root] -0.6632120609283447 0.19011561572551727 0.11439724822560063
[44 INFO root] -0.662395715713501 0.19020956754684448 0.11260557728808276
[44 INFO root] -0.6615670323371887 0.19030342996120453 0.1110315001480793
[44 INFO root] -0.6607246994972229 0.1903974711894989 0.10968361846630195
[44 INFO root] -0.6598678827285767 0.1904919445514679 0.10855896649170682
[44 INFO root] -0.6589962244033813 0.19058704376220703 0.10764347203524173
[44 INFO root] -0.6581099629402161 0.19068290293216705 0.1069128419421708
[44 INFO root] -0.6572097539901733 0.19077958166599274 0.10633385317027536
[44 INFO root] -0.6562967896461487 0.19087707996368408 0.10586598725829015
[44 INFO root] -0.655372679233551 0.19097530841827393 0.10546331361034979
[44 INFO root] -0.6544395089149475 0.19107413291931152 0.10507650835843066
[44 INFO root] -0.6534995436668396 0.19117330014705658 0.10465489092537286
[44 INFO root] -0.6525552868843079 0.1912725269794464 0.10414836808323294
[44 INFO root] -0.651609480381012 0.19137144088745117 0.10350919224165557
[44 INFO root] -0.6506649255752563 0.19146962463855743 0.10269346334892607
[44 INFO root] -0.6497244834899902 0.1915666162967682 0.10165795312327335
[44 INFO root] -0.6487910747528076 0.19166192412376404 0.10036660464378079
[44 INFO root] -0.6478671431541443 0.19175510108470917 0.09879258683633664
[44 INFO root] -0.6469549536705017 0.19184565544128418 0.09691786768781022
[44 INFO root] -0.6460562944412231 0.19193319976329803 0.09473237920707624
[44 INFO root] -0.6451728940010071 0.1920173317193985 0.09223313021754921
[44 INFO root] -0.644305944442749 0.1920977383852005 0.0894233112423273
[44 INFO root] -0.6434563994407654 0.19217416644096375 0.08631141340176576
[44 INFO root] -0.6426252126693726 0.19224634766578674 0.0829082909623058
[44 INFO root] -0.6418057084083557 0.1923147290945053 0.07934879125646101
[44 INFO root] -0.6409655213356018 0.1923818290233612 0.07619110900192297
[44 INFO root] -0.6401034593582153 0.19244790077209473 0.07345234162039585
[44 INFO root] -0.6392223834991455 0.19251298904418945 0.07108419668332314
[44 INFO root] -0.6383246183395386 0.19257710874080658 0.06904292144118009
[44 INFO root] -0.6374123096466064 0.19264039397239685 0.06728952214063913
[44 INFO root] -0.6364873051643372 0.19270288944244385 0.06578934569958886
[44 INFO root] -0.6355512142181396 0.19276469945907593 0.0645116657737408
[44 INFO root] -0.6346055269241333 0.19282591342926025 0.0634292900022955
[44 INFO root] -0.6336513161659241 0.192886620759964 0.06251819297520836
[44 INFO root] -0.6326897740364075 0.1929468959569931 0.06175717718107279
[44 INFO root] -0.6317218542098999 0.19300682842731476 0.061127562657874245
[44 INFO root] -0.6307483315467834 0.19306647777557373 0.06061290500328223
[44 INFO root] -0.6297699809074402 0.1931259036064148 0.06019874068840305
[44 INFO root] -0.6287873387336731 0.19318516552448273 0.059872358167276006
[44 INFO root] -0.6278010010719299 0.1932443231344223 0.059622593013183754
[44 INFO root] -0.6268115043640137 0.1933034062385559 0.059439645188602584
[44 INFO root] -0.625819206237793 0.19336247444152832 0.059314916527484905
[44 INFO root] -0.6248244643211365 0.19342155754566193 0.05924086654601115
[44 INFO root] -0.6238276362419128 0.1934807002544403 0.05921088477868188
[44 INFO root] -0.6228294968605042 0.19353987276554108 0.05920832076536644
[44 INFO root] -0.6218312978744507 0.19359904527664185 0.05920832076536644
[44 INFO root] -0.6208330392837524 0.19365821778774261 0.05920832076536644
[44 INFO root] -0.6198347806930542 0.19371739029884338 0.05920832076536644
[44 INFO root] -0.618836522102356 0.19377656280994415 0.05920832076536644
[44 INFO root] -0.6178382635116577 0.19383573532104492 0.05920832076536644
[44 INFO root] -0.6168400049209595 0.1938949078321457 0.05920832076536644
[44 INFO root] -0.615841805934906 0.19395408034324646 0.05920832076536644
[44 INFO root] -0.6148435473442078 0.19401325285434723 0.05920832076536644
[44 INFO root] -0.6138452887535095 0.194072425365448 0.05920832076536644
[44 INFO root] -0.6128470301628113 0.19413159787654877 0.05920832076536644
[44 INFO root] -0.611848771572113 0.19419077038764954 0.05920832076536644
[44 INFO root] -0.6108505725860596 0.1942499577999115 0.05920832076536644
[44 INFO root] -0.6098523139953613 0.19430913031101227 0.05920832076536644
[44 INFO root] -0.6088540554046631 0.19436830282211304 0.05920832076536644
[44 INFO root] -0.6078557968139648 0.1944274753332138 0.05920832076536644
[44 INFO root] -0.6068575382232666 0.19448664784431458 0.05920832076536644
[44 INFO root] -0.6058592796325684 0.19454582035541534 0.05920832076536644
[44 INFO root] -0.6048610806465149 0.1946049928665161 0.05920832076536644
[44 INFO root] -0.6038628220558167 0.19466416537761688 0.05920832076536644
[44 INFO root] -0.6028645634651184 0.19472333788871765 0.05920832076536644
[44 INFO root] -0.6018663048744202 0.19478251039981842 0.05920832076536644
[44 INFO root] -0.6008680462837219 0.1948416829109192 0.05920832076536644
[44 INFO root] -0.5998698472976685 0.19490085542201996 0.05920832076536644
[44 INFO root] -0.5988715887069702 0.19496002793312073 0.05920832076536644
[44 INFO root] -0.597873330116272 0.1950192153453827 0.05920832076536644
[44 INFO root] -0.5968750715255737 0.19507838785648346 0.05920832076536644
[44 INFO root] -0.5958768129348755 0.19513756036758423 0.05920832076536644
[44 INFO root] -0.5948785543441772 0.195196732878685 0.05920832076536644
[44 INFO root] -0.5938803553581238 0.19525590538978577 0.05920832076536644
[44 INFO root] -0.5928820967674255 0.19531507790088654 0.05920832076536644
[44 INFO root] -0.5918838381767273 0.1953742504119873 0.05920832076536644
[44 INFO root] -0.590885579586029 0.19543342292308807 0.05920832076536644
[44 INFO root] -0.5898873209953308 0.19549259543418884 0.05920832076536644
[44 INFO root] -0.5888891220092773 0.1955517679452896 0.05920832076536644
[44 INFO root] -0.5878908634185791 0.19561094045639038 0.05920832076536644
[44 INFO root] -0.5868926048278809 0.19567011296749115 0.05920832076536644
[44 INFO root] -0.5858943462371826 0.1957293003797531 0.05920832076536644
[44 INFO root] -0.5848960876464844 0.19578847289085388 0.05920832076536644
[44 INFO root] -0.5838978290557861 0.19584764540195465 0.05920832076536644
[44 INFO root] -0.5828999876976013 0.19590678811073303 0.05919971871263231
[44 INFO root] -0.5819053649902344 0.1959657371044159 0.059122446139291435
[44 INFO root] -0.5809128880500793 0.19602449238300323 0.05899957359930788
[44 INFO root] -0.5799214243888855 0.19608306884765625 0.058855413854875374
[44 INFO root] -0.5789304375648499 0.19614148139953613 0.05870183101194673
[44 INFO root] -0.577940046787262 0.1961997002363205 0.058537285728264686
[44 INFO root] -0.5769509077072144 0.19625768065452576 0.058347326050059566
[44 INFO root] -0.5759643912315369 0.19631533324718475 0.058106595661770365
[44 INFO root] -0.5749834775924683 0.19637241959571838 0.05775436726235508
[44 INFO root] -0.5740143656730652 0.19642847776412964 0.05716850983987355
[44 INFO root] -0.5730628371238708 0.19648300111293793 0.05624050632036794
[44 INFO root] -0.5721333026885986 0.1965354084968567 0.0548877710305418
[44 INFO root] -0.5712292790412903 0.19658520817756653 0.05304790549743312
[44 INFO root] -0.5703533291816711 0.19663189351558685 0.050673329431661494
[44 INFO root] -0.5695075988769531 0.19667498767375946 0.04772736913701195
[44 INFO root] -0.5686935782432556 0.1967141181230545 0.044181407892107026
[44 INFO root] -0.5679123401641846 0.19674894213676453 0.04001278123662491
[44 INFO root] -0.5671646595001221 0.19677920639514923 0.035203193271499594
[44 INFO root] -0.5664508938789368 0.1968047022819519 0.02973749897816116
[44 INFO root] -0.5657711029052734 0.196825310587883 0.02360275137447523
[44 INFO root] -0.5651252865791321 0.19684097170829773 0.016787444011476606
[44 INFO root] -0.5645130276679993 0.1968516856431961 0.009280874393931238
[44 INFO root] -0.5639339089393616 0.1968575268983841 0.0010729043617614623
[44 INFO root] -0.5633871555328369 0.19685858488082886 -0.007846501351434585
[44 INFO root] -0.5628721117973328 0.19685502350330353 -0.017487846847305845
[44 INFO root] -0.5623878836631775 0.19684705138206482 -0.027862570928462314
[44 INFO root] -0.5619335770606995 0.19683489203453064 -0.038983369117345325
[44 INFO root] -0.5615082383155823 0.19681879878044128 -0.05086438878046071
[44 INFO root] -0.56111079454422 0.19679906964302063 -0.06352131632506784
[44 INFO root] -0.5607401132583618 0.19677598774433136 -0.07697137166585286
[44 INFO root] -0.5603951811790466 0.19674988090991974 -0.09123322413688471
[44 INFO root] -0.5600746273994446 0.19672104716300964 -0.10632684115402721
[44 INFO root] -0.5597771406173706 0.19668978452682495 -0.12227327992914347
[44 INFO root] -0.5595012903213501 0.19665636122226715 -0.13909443396795473
[44 INFO root] -0.5592455267906189 0.19662103056907654 -0.15681274508643894
[44 INFO root] -0.5590081810951233 0.19658395648002625 -0.17545088787128343
[44 INFO root] -0.5587874054908752 0.19654527306556702 -0.19503143042923618
[44 INFO root] -0.5585814118385315 0.19650502502918243 -0.2155764722959563
[44 INFO root] -0.5583880543708801 0.19646312296390533 -0.23710725683382683
[44 INFO root] -0.558205246925354 0.1964193880558014 -0.2596437512922438
[44 INFO root] -0.5580308437347412 0.19637347757816315 -0.2832041830970639
[44 INFO root] -0.5578624606132507 0.1963249295949936 -0.30780451614724913
[44 INFO root] -0.5576977729797363 0.19627302885055542 -0.3334578463193576
[44 INFO root] -0.5575345158576965 0.19621694087982178 -0.36017369158463874
[44 INFO root] -0.5573702454566956 0.19615556299686432 -0.3879571499231653
[44 INFO root] -0.5572025775909424 0.1960875689983368 -0.41680789861144407
[44 INFO root] -0.5570291876792908 0.19601137936115265 -0.4467187026318207
[44 INFO root] -0.5568479299545288 0.19592519104480743 -0.4776736893104905
[44 INFO root] -0.5566566586494446 0.19582687318325043 -0.5096465007399187
[44 INFO root] -0.5564533472061157 0.19571402668952942 -0.5425983407591219
[44 INFO root] -0.556236207485199 0.1955839991569519 -0.5764759870738627
[44 INFO root] -0.5560036301612854 0.1954338401556015 -0.6112098851445171
[44 INFO root] -0.5557543635368347 0.19526036083698273 -0.6467124706062994
[44 INFO root] -0.5554874539375305 0.19506020843982697 -0.6828768866188389
[44 INFO root] -0.5552022457122803 0.1948297768831253 -0.7195559752830378
[44 INFO root] -0.5548985600471497 0.19456546008586884 -0.7565761568803697
[44 INFO root] -0.5545767545700073 0.194263756275177 -0.7937445371730527
[44 INFO root] -0.5542377829551697 0.19392144680023193 -0.8308538489496305
[44 INFO root] -0.5538833141326904 0.19353581964969635 -0.8676880907079443
[44 INFO root] -0.5535153150558472 0.19310471415519714 -0.9040286182246421
[44 INFO root] -0.5531364679336548 0.1926266998052597 -0.9396601447136541
[44 INFO root] -0.5527496933937073 0.1921011507511139 -0.9743761168005383
[44 INFO root] -0.5523579716682434 0.19152821600437164 -1.0079829766774757
[44 INFO root] -0.5519644618034363 0.19090887904167175 -1.0403032339978775
[44 INFO root] -0.5515721440315247 0.19024480879306793 -1.071177443744732
[44 INFO root] -0.551183819770813 0.18953832983970642 -1.1004651937818712
[44 INFO root] -0.5508018732070923 0.18879227340221405 -1.1280452602037527
[44 INFO root] -0.5504283905029297 0.18800988793373108 -1.1538151195748403
[44 INFO root] -0.5500648021697998 0.18719466030597687 -1.1776900015703615
[44 INFO root] -0.5497123003005981 0.1863502413034439 -1.1996016407486472
[44 INFO root] -0.5493715405464172 0.18548031151294708 -1.2194968550018241
[44 INFO root] -0.5490427017211914 0.1845884770154953 -1.2373360482317168
[44 INFO root] -0.5487256050109863 0.1836782544851303 -1.2530917097762788
[44 INFO root] -0.548419713973999 0.18275289237499237 -1.2667469640596838
[44 INFO root] -0.5481241345405579 0.18181540071964264 -1.2782942102244348
[44 INFO root] -0.5478377938270569 0.1808685064315796 -1.2877338817459953
[44 INFO root] -0.547559380531311 0.17991457879543304 -1.2950733487515895
[44 INFO root] -0.5472872853279114 0.17895567417144775 -1.3003259798205205
[44 INFO root] -0.5470200181007385 0.1779935210943222 -1.303510374725956
[44 INFO root] -0.5467628240585327 0.17705561220645905 -1.3025249741072915
[44 INFO root] -0.5465179085731506 0.17616431415081024 -1.2966176944443848
[44 INFO root] -0.5462800860404968 0.17531678080558777 -1.2868838039825465
[44 INFO root] -0.5460445284843445 0.17450645565986633 -1.2737440390527712
[44 INFO root] -0.5458070039749146 0.17372660338878632 -1.25748970201296
[44 INFO root] -0.5455634593963623 0.17297059297561646 -1.238380040923828
[44 INFO root] -0.5453100800514221 0.17223210632801056 -1.2166488357346272
[44 INFO root] -0.5450431704521179 0.17150524258613586 -1.1925105626440364
[44 INFO root] -0.5447587370872498 0.1707846224308014 -1.1661660219548255
[44 INFO root] -0.544452965259552 0.17006541788578033 -1.1378074418885837
[44 INFO root] -0.5441217422485352 0.169343501329422 -1.1076230626095016
[44 INFO root] -0.5437607765197754 0.1686154007911682 -1.0758011802509386
[44 INFO root] -0.5433658957481384 0.1678784042596817 -1.0425335994407046
[44 INFO root] -0.5429326891899109 0.16713060438632965 -1.0080184103745686
[44 INFO root] -0.5424570441246033 0.1663709282875061 -0.9724619787775495
[44 INFO root] -0.5419347882270813 0.16559919714927673 -0.9360800206346089
[44 INFO root] -0.5413623452186584 0.16481606662273407 -0.8990976352874964
[44 INFO root] -0.5407364964485168 0.16402305662631989 -0.8617481967558377
[44 INFO root] -0.5400547385215759 0.1632225066423416 -0.8242710581234182
[44 INFO root] -0.5393153429031372 0.1624174416065216 -0.7869081074349926
[44 INFO root] -0.5385175347328186 0.1616114377975464 -0.7498993195040569
[44 INFO root] -0.5376616716384888 0.1608085334300995 -0.7134775630507784
[44 INFO root] -0.5367491245269775 0.16001296043395996 -0.6778630274596861
[44 INFO root] -0.5357822775840759 0.15922898054122925 -0.6432577064825816
[44 INFO root] -0.5347645878791809 0.15846069157123566 -0.6098403985982779
[44 INFO root] -0.5337002277374268 0.15771184861660004 -0.5777626452656076
[44 INFO root] -0.5325941443443298 0.15698570013046265 -0.5471459313540866
[44 INFO root] -0.5314516425132751 0.15628494322299957 -0.5180803320280601
[44 INFO root] -0.530278205871582 0.15561160445213318 -0.4906246320937571
[44 INFO root] -0.5290794968605042 0.1549670398235321 -0.46480779488715174
[44 INFO root] -0.5279166102409363 0.1543799787759781 -0.43811404812497456
[44 INFO root] -0.5268104076385498 0.15385791659355164 -0.40935346261052064
[44 INFO root] -0.5257528424263 0.15339528024196625 -0.37843806247684747
[44 INFO root] -0.5247334241867065 0.15298613905906677 -0.3453935150831942
[44 INFO root] -0.5237421989440918 0.15262562036514282 -0.3102558280481557
[44 INFO root] -0.522769570350647 0.15230992436408997 -0.2730722831756489
[44 INFO root] -0.5218068361282349 0.1520363688468933 -0.2339027253033083
[44 INFO root] -0.520845890045166 0.1518033742904663 -0.1928208899700292
[44 INFO root] -0.5198792219161987 0.15161050856113434 -0.14991572883409326
[44 INFO root] -0.5189003944396973 0.15145838260650635 -0.10529269263059036
[44 INFO root] -0.5179036855697632 0.15134860575199127 -0.05907493646183568
[44 INFO root] -0.5168843865394592 0.15128366649150848 -0.011404411342522208
[44 INFO root] -0.5158390402793884 0.15126687288284302 0.03755720103591223
[44 INFO root] -0.5147652626037598 0.15130208432674408 0.0876277666847687
[44 INFO root] -0.5136620402336121 0.1513935923576355 0.13860426662788175
[44 INFO root] -0.5125296711921692 0.15154585242271423 0.19026275275631768
[44 INFO root] -0.5113699436187744 0.1517631709575653 0.24235881622803063
[44 INFO root] -0.5101860165596008 0.15204951167106628 0.2946287110389909
[44 INFO root] -0.5090222954750061 0.15239599347114563 0.3468702853080486
[44 INFO root] -0.507893979549408 0.15279711782932281 0.39904781256068605
[44 INFO root] -0.506799042224884 0.15325205028057098 0.45111290892695727
[44 INFO root] -0.5057350397109985 0.1537606418132782 0.5029676997230583
[44 INFO root] -0.5047008395195007 0.15432262420654297 0.5544658813312593
[44 INFO root] -0.503696620464325 0.15493737161159515 0.6054166954744418
[44 INFO root] -0.5027235746383667 0.1556035429239273 0.6555893986525086
[44 INFO root] -0.5017836093902588 0.15631899237632751 0.7047185438984577
[44 INFO root] -0.5008790493011475 0.15708056092262268 0.752510309655005
[44 INFO root] -0.5000126361846924 0.15788406133651733 0.798649886370032
[44 INFO root] -0.4991832375526428 0.15872794389724731 0.8427457839713893
[44 INFO root] -0.498390793800354 0.15960906445980072 0.8843924332339486
[44 INFO root] -0.49763917922973633 0.16051867604255676 0.9232680994448963
[44 INFO root] -0.49693137407302856 0.1614469289779663 0.9590885488225313
[44 INFO root] -0.4962690472602844 0.16238385438919067 0.9916046233919185
[44 INFO root] -0.4956524968147278 0.16331978142261505 1.0206047899525406
[44 INFO root] -0.49508076906204224 0.16424570977687836 1.045915648194843
[44 INFO root] -0.49455180764198303 0.16515369713306427 1.067400598651916
[44 INFO root] -0.49406275153160095 0.16603706777095795 1.0849570240662036
[44 INFO root] -0.49361008405685425 0.16689053177833557 1.0985124087590725
[44 INFO root] -0.49318981170654297 0.1677103489637375 1.1080198430574033
[44 INFO root] -0.4927796423435211 0.16853053867816925 1.1144346784956654
[44 INFO root] -0.4923589527606964 0.1693861037492752 1.1187795022460059
[44 INFO root] -0.4919265806674957 0.17027567327022552 1.1212355084070018
[44 INFO root] -0.4914831221103668 0.1711941808462143 1.1218989604435576
[44 INFO root] -0.4910287857055664 0.17213718593120575 1.1208595233948488
[44 INFO root] -0.4905704855918884 0.17308637499809265 1.1194930517619144
[44 INFO root] -0.4901094436645508 0.17403796315193176 1.1180527569813115
[44 INFO root] -0.48964592814445496 0.174991175532341 1.1165666077619039
[44 INFO root] -0.48918014764785767 0.1759454607963562 1.1150504488789166
[44 INFO root] -0.48871228098869324 0.17690032720565796 1.1135176532791233
[44 INFO root] -0.488242506980896 0.17785538733005524 1.1119794747053755
[44 INFO root] -0.48777100443840027 0.17881028354167938 1.1104453345754692
[44 INFO root] -0.4872978627681732 0.1797647327184677 1.1089230738615978
[44 INFO root] -0.48682329058647156 0.18071848154067993 1.1074191738428427
[44 INFO root] -0.48634737730026245 0.18167132139205933 1.105938949060706
[44 INFO root] -0.48587024211883545 0.18262307345867157 1.1044867155433
[44 INFO root] -0.4853919744491577 0.18357358872890472 1.1030659371042237
[44 INFO root] -0.4849127233028412 0.18452276289463043 1.1016793522683195
[44 INFO root] -0.48443251848220825 0.18547046184539795 1.1003290841328373
[44 INFO root] -0.48395150899887085 0.1864166408777237 1.0990167352412794
[44 INFO root] -0.48346972465515137 0.1873612254858017 1.097743469330598
[44 INFO root] -0.48298728466033936 0.18830415606498718 1.0965100816113689
[44 INFO root] -0.4825042188167572 0.18924540281295776 1.0953170590553243
[44 INFO root] -0.48202061653137207 0.19018493592739105 1.0941646319956233
[44 INFO root] -0.48153653740882874 0.19112274050712585 1.0930528181916517
[44 INFO root] -0.4810520112514496 0.19205880165100098 1.091981460371388
[44 INFO root] -0.4805671274662018 0.19299311935901642 1.090950258140164
[44 INFO root] -0.4800819456577301 0.19392569363117218 1.0899587950331249
[44 INFO root] -0.47959646582603455 0.19485652446746826 1.0890065613898436
[44 INFO root] -0.4791107773780823 0.19578561186790466 1.0880929736416152
[44 INFO root] -0.4786485731601715 0.19666779041290283 1.088057704246448
[44 INFO root] -0.4782213270664215 0.19748300313949585 1.0893205803306387
[44 INFO root] -0.4778258204460144 0.19823971390724182 1.0917898453357788
[44 INFO root] -0.47745776176452637 0.1989479660987854 1.0953475139246465
[44 INFO root] -0.47711336612701416 0.19961629807949066 1.0999034453662733
[44 INFO root] -0.47678932547569275 0.20025202631950378 1.1053893751896375
[44 INFO root] -0.4764828681945801 0.20086140930652618 1.111753273258022
[44 INFO root] -0.47619152069091797 0.2014499008655548 1.1189548504870752
[44 INFO root] -0.4759131968021393 0.20202229917049408 1.1269619875422958
[44 INFO root] -0.47564607858657837 0.20258291065692902 1.1357478765941569
[44 INFO root] -0.47538861632347107 0.20313557982444763 1.14528871971614
[44 INFO root] -0.4751394987106323 0.20368385314941406 1.1555618707288542
[44 INFO root] -0.4748976230621338 0.20423096418380737 1.1665443389837036
[44 INFO root] -0.47466206550598145 0.20477992296218872 1.1782115963449258
[44 INFO root] -0.4744320809841156 0.20533350110054016 1.190536644672225
[44 INFO root] -0.4742071032524109 0.205894336104393 1.2034893120660695
[44 INFO root] -0.47398677468299866 0.20646479725837708 1.2170357532590335
[44 INFO root] -0.4737708270549774 0.20704716444015503 1.2311381337962637
[44 INFO root] -0.4735592007637024 0.20764347910881042 1.245754479830164
[44 INFO root] -0.47335192561149597 0.20825563371181488 1.260838676096981
[44 INFO root] -0.47314921021461487 0.2088852971792221 1.2763405944663948
[44 INFO root] -0.47295141220092773 0.20953400433063507 1.2922063347824504
[44 INFO root] -0.47275885939598083 0.21020330488681793 1.3083698002035082
[44 INFO root] -0.47257182002067566 0.21089525520801544 1.324736998677252
[44 INFO root] -0.47239068150520325 0.21161165833473206 1.3412050137557225
[44 INFO root] -0.4722159504890442 0.2123539298772812 1.357668323479927
[44 INFO root] -0.47204819321632385 0.21312305331230164 1.3740203885881332
[44 INFO root] -0.47188809514045715 0.21391962468624115 1.390154888483677
[44 INFO root] -0.47173622250556946 0.21474385261535645 1.4059669281564073
[44 INFO root] -0.4715932011604309 0.21559560298919678 1.4213541633607074
[44 INFO root] -0.4714595377445221 0.21647438406944275 1.4362177993971195
[44 INFO root] -0.47133564949035645 0.21737946569919586 1.4504634463389883
[44 INFO root] -0.47122183442115784 0.21830983459949493 1.464001938268318
[44 INFO root] -0.4711182415485382 0.21926428377628326 1.4767499976617124
[44 INFO root] -0.47102484107017517 0.22024144232273102 1.4886307054624794
[44 INFO root] -0.4709414541721344 0.22123977541923523 1.4995738061432722
[44 INFO root] -0.47086772322654724 0.22225771844387054 1.5095158941903855
[44 INFO root] -0.4708031415939331 0.22329358756542206 1.5184005292508511
[44 INFO root] -0.47074705362319946 0.22434568405151367 1.5261783218059677
[44 INFO root] -0.47069859504699707 0.2254122942686081 1.5328070218735805
[44 INFO root] -0.4706568717956543 0.2264917492866516 1.5382516311385512
[44 INFO root] -0.4706207811832428 0.22758238017559052 1.5424846509975982
[44 INFO root] -0.47058916091918945 0.2286825329065323 1.5454869749927262
[44 INFO root] -0.470560759305954 0.22979064285755157 1.5472481825856197
[44 INFO root] -0.4705343246459961 0.23090514540672302 1.547766547237994
[44 INFO root] -0.47050848603248596 0.23202459514141083 1.5470489524400624
[44 INFO root] -0.47048190236091614 0.23314756155014038 1.545110710404213
[44 INFO root] -0.4704532027244568 0.23427270352840424 1.5419752521395893
[44 INFO root] -0.47042116522789 0.23539617657661438 1.5380755409602245
[44 INFO root] -0.4703851342201233 0.23651081323623657 1.5344514727650032
[44 INFO root] -0.4703453481197357 0.23761585354804993 1.5311975862277427
[44 INFO root] -0.4703023135662079 0.2387113869190216 1.5282956591199934
[44 INFO root] -0.47025641798973083 0.23979748785495758 1.525728069553159
[44 INFO root] -0.47020813822746277 0.2408742755651474 1.52347796484926
[44 INFO root] -0.47015783190727234 0.24194185435771942 1.5215292615827842
[44 INFO root] -0.4701058566570282 0.24300038814544678 1.51986663587799
[44 INFO root] -0.4700525403022766 0.2440500259399414 1.518475505697331
[44 INFO root] -0.46999815106391907 0.24509091675281525 1.5173420072493882
[44 INFO root] -0.4699430465698242 0.24612320959568024 1.5164529672670386
[44 INFO root] -0.4698874354362488 0.2471470981836319 1.515795872570503
[44 INFO root] -0.46983158588409424 0.24816273152828217 1.5153588380450114
[44 INFO root] -0.4697757363319397 0.24917030334472656 1.5151305739231093
[44 INFO root] -0.4697200357913971 0.250169962644577 1.5151003530623877
[44 INFO root] -0.4696643650531769 0.25116845965385437 1.5150993007377207
[44 INFO root] -0.46960869431495667 0.25216689705848694 1.5150993007377207
[44 INFO root] -0.46955305337905884 0.2531653642654419 1.5150993007377207
[44 INFO root] -0.4694973826408386 0.25416380167007446 1.5150993007377207
[44 INFO root] -0.4694417119026184 0.2551622688770294 1.5150993007377207
[44 INFO root] -0.4693860411643982 0.256160706281662 1.5150993007377207
[44 INFO root] -0.469330370426178 0.25715914368629456 1.5150993007377207
[44 INFO root] -0.46927469968795776 0.2581576108932495 1.5150993007377207
[44 INFO root] -0.46921902894973755 0.2591560482978821 1.5150993007377207
[44 INFO root] -0.46916335821151733 0.26015451550483704 1.5150993007377207
[44 INFO root] -0.4691076874732971 0.2611529529094696 1.5150993007377207
[44 INFO root] -0.4690520167350769 0.2621513903141022 1.5150993007377207
[44 INFO root] -0.4689963459968567 0.26314985752105713 1.5150993007377207
[44 INFO root] -0.46894121170043945 0.26413875818252563 1.514798697220938
[44 INFO root] -0.4688895046710968 0.2650620639324188 1.5124351427878984
[44 INFO root] -0.4688398838043213 0.26591479778289795 1.5078457194158503
[44 INFO root] -0.46879082918167114 0.2666991055011749 1.5010664114641792
[44 INFO root] -0.46874117851257324 0.2674178183078766 1.492127789016591
[44 INFO root] -0.46869006752967834 0.26807430386543274 1.4810541390191108
[44 INFO root] -0.46863695979118347 0.26867249608039856 1.467863613580142
[44 INFO root] -0.46858152747154236 0.26921671628952026 1.4525683674838403
[44 INFO root] -0.4685235619544983 0.2697116434574127 1.4351746937672927
[44 INFO root] -0.4684629440307617 0.27016228437423706 1.4156831663097764
[44 INFO root] -0.4683994650840759 0.2705739438533783 1.3940888036672716
[44 INFO root] -0.46833285689353943 0.2709519565105438 1.3703812748369855
[44 INFO root] -0.4682627022266388 0.27130189538002014 1.3445451751156583
[44 INFO root] -0.46818825602531433 0.27162933349609375 1.316560408987905
[44 INFO root] -0.46810853481292725 0.2719399034976959 1.2864027272658798
[44 INFO root] -0.46802201867103577 0.27223923802375793 1.2540444777260433
[44 INFO root] -0.46792683005332947 0.2725329101085663 1.2194556425127632
[44 INFO root] -0.467820405960083 0.27282634377479553 1.1826052515570633
[44 INFO root] -0.4676957130432129 0.2731342911720276 1.1434529244868223
[44 INFO root] -0.4675436317920685 0.2734713554382324 1.10199733398437
[44 INFO root] -0.46735918521881104 0.2738390266895294 1.0582551999706296
[44 INFO root] -0.4671373665332794 0.2742369472980499 1.0122456529154944
[44 INFO root] -0.46687260270118713 0.27466458082199097 0.9639934918386619
[44 INFO root] -0.4665587842464447 0.27512097358703613 0.9135326576380571
[44 INFO root] -0.46618908643722534 0.27560463547706604 0.8609105015474229
[44 INFO root] -0.4657560884952545 0.27611345052719116 0.806193309292498
[44 INFO root] -0.4652518630027771 0.27664443850517273 0.7494731570640972
[44 INFO root] -0.46466800570487976 0.27719348669052124 0.6908760484389938
[44 INFO root] -0.4639959931373596 0.2777552604675293 0.6305710815022424
[44 INFO root] -0.4632275402545929 0.27832281589508057 0.5687599751868596
[44 INFO root] -0.46235498785972595 0.27888762950897217 0.5057042978064683
[44 INFO root] -0.46135786175727844 0.2794473171234131 0.4422673085198271
[44 INFO root] -0.460229754447937 0.27998965978622437 0.3790797099142174
[44 INFO root] -0.45897090435028076 0.2804996967315674 0.3167557551666216
[44 INFO root] -0.45758676528930664 0.28096237778663635 0.25593215209975934
[44 INFO root] -0.456088125705719 0.28136375546455383 0.1972375154377144
[44 INFO root] -0.45449069142341614 0.2816923260688782 0.14125592514971722
[44 INFO root] -0.4528141915798187 0.2819399833679199 0.08849292742361062
[44 INFO root] -0.45108097791671753 0.2821027636528015 0.03934903573640838
[44 INFO root] -0.44931450486183167 0.28218090534210205 -0.005895639795721698
[44 INFO root] -0.44753754138946533 0.28217843174934387 -0.04708435567490608
[44 INFO root] -0.44577112793922424 0.2821025252342224 -0.08417546729220834
[44 INFO root] -0.4440333843231201 0.28196248412132263 -0.11722590190337875
[44 INFO root] -0.4423392117023468 0.2817687392234802 -0.14637009144081656
[44 INFO root] -0.4407000243663788 0.2815321087837219 -0.17179785226844288
[44 INFO root] -0.43912407755851746 0.28126293420791626 -0.19373416613988745
[44 INFO root] -0.437616765499115 0.2809707522392273 -0.21242064676561578
[44 INFO root] -0.43618088960647583 0.28066399693489075 -0.22810219237938575
[44 INFO root] -0.4348173439502716 0.28034982085227966 -0.24101777232745888
[44 INFO root] -0.43352532386779785 0.2800340950489044 -0.2513945230263841
[44 INFO root] -0.4323027431964874 0.27972152829170227 -0.2594445576863167
[44 INFO root] -0.4311465620994568 0.27941569685935974 -0.26536394071532654
[44 INFO root] -0.43005308508872986 0.27911922335624695 -0.269333358191895
[44 INFO root] -0.4290178716182709 0.27883395552635193 -0.2715201129602043
[44 INFO root] -0.4280361831188202 0.2785608768463135 -0.2720811556441667
[44 INFO root] -0.4270670711994171 0.2782905697822571 -0.27101225447497757
[44 INFO root] -0.426093190908432 0.27801984548568726 -0.2685286640537148
[44 INFO root] -0.42511269450187683 0.27774977684020996 -0.26470219004276424
[44 INFO root] -0.4241250157356262 0.27748167514801025 -0.25959334421751973
[44 INFO root] -0.4231296181678772 0.27721676230430603 -0.25326913800168493
[44 INFO root] -0.42212581634521484 0.2769562900066376 -0.24580228130092127
[44 INFO root] -0.4211130142211914 0.2767013907432556 -0.23727055199063574
[44 INFO root] -0.42009058594703674 0.2764532268047333 -0.2277561783292261
[44 INFO root] -0.41905805468559265 0.2762128710746765 -0.21734522445334176
[44 INFO root] -0.41801488399505615 0.2759813666343689 -0.20612696955780385
[44 INFO root] -0.416960746049881 0.2757597267627716 -0.19419327242108306
[44 INFO root] -0.4158954620361328 0.27554890513420105 -0.18163791502642265
[44 INFO root] -0.4148188829421997 0.27534979581832886 -0.16855592194846533
[44 INFO root] -0.41373109817504883 0.2751632332801819 -0.15504285568142048
[44 INFO root] -0.41263237595558167 0.2749899923801422 -0.14119409188861695
[44 INFO root] -0.41152310371398926 0.27483075857162476 -0.1271040823358722
[44 INFO root] -0.41040390729904175 0.27468615770339966 -0.11286561670392524
[44 INFO root] -0.40927547216415405 0.27455663681030273 -0.09856909724677784
[44 INFO root] -0.4081387519836426 0.274442583322525 -0.08430184210993348
[44 INFO root] -0.4069947898387909 0.2743442952632904 -0.0701474338580785
[44 INFO root] -0.4058447778224945 0.27426186203956604 -0.05618512930050177
[44 INFO root] -0.4046899676322937 0.27419528365135193 -0.04248934507056809
[44 INFO root] -0.4035317301750183 0.2741444706916809 -0.02912923075213911
[44 INFO root] -0.40237146615982056 0.2741090953350067 -0.016168337885859894
[44 INFO root] -0.4012106657028198 0.2740888297557831 -0.0036643892338072744
[44 INFO root] -0.4000507593154907 0.27408313751220703 0.008330851433263642
[44 INFO root] -0.3988931477069855 0.27409136295318604 0.019771612710072686
[44 INFO root] -0.3977392911911011 0.27411288022994995 0.03061805927458419
[44 INFO root] -0.3965904414653778 0.27414679527282715 0.040836155965045216
[44 INFO root] -0.3954451382160187 0.2741924226284027 0.05022625623353185
[44 INFO root] -0.3942924737930298 0.27424928545951843 0.05797911437303707
[44 INFO root] -0.3931339383125305 0.27431562542915344 0.06403338684083984
[44 INFO root] -0.39197206497192383 0.27438944578170776 0.06843178192121283
[44 INFO root] -0.3908090591430664 0.27446863055229187 0.07122656359678661
[44 INFO root] -0.38964661955833435 0.27455124258995056 0.07247778346692194
[44 INFO root] -0.3884861469268799 0.27463534474372864 0.07225224137049516
[44 INFO root] -0.3873285949230194 0.27471914887428284 0.07062264478280358
[44 INFO root] -0.3861747980117798 0.27480095624923706 0.06766691358330436
[44 INFO root] -0.38505420088768005 0.27487725019454956 0.0640515895801397
[44 INFO root] -0.3839653432369232 0.27494749426841736 0.0598362166469564
[44 INFO root] -0.382902592420578 0.2750116288661957 0.054999494980464435
[44 INFO root] -0.3818613290786743 0.2750694751739502 0.04953735292730979
[44 INFO root] -0.3808380663394928 0.2751207649707794 0.04346369081393699
[44 INFO root] -0.37982404232025146 0.27516549825668335 0.037200417958135355
[44 INFO root] -0.3788166642189026 0.2752036154270172 0.030902755586907273
[44 INFO root] -0.3778160512447357 0.2752351760864258 0.02461392140354881
[44 INFO root] -0.376822829246521 0.2752602696418762 0.01836930670413064
[44 INFO root] -0.37583819031715393 0.2752789855003357 0.012207484685610193
[44 INFO root] -0.3748663663864136 0.27529144287109375 0.0062071245683646085
[44 INFO root] -0.3739114999771118 0.27529796957969666 0.0004153742039323619
[44 INFO root] -0.37297701835632324 0.2752988934516907 -0.005142459520911946
[44 INFO root] -0.37206584215164185 0.2752947211265564 -0.010456421375151879
[44 INFO root] -0.3711802661418915 0.2752859592437744 -0.015529676850758211
[44 INFO root] -0.37032198905944824 0.27527305483818054 -0.020376358799527344
[44 INFO root] -0.3694920837879181 0.27525657415390015 -0.025019289705448176
[44 INFO root] -0.36869123578071594 0.27523690462112427 -0.029487656741176347
[44 INFO root] -0.36791959404945374 0.2752145230770111 -0.033815266036398596
[44 INFO root] -0.36717689037323 0.27518972754478455 -0.038039181442943465
[44 INFO root] -0.3664625883102417 0.27516284584999084 -0.042198652963621554
[44 INFO root] -0.3657757341861725 0.2751341462135315 -0.046334331440998716
[44 INFO root] -0.3651151955127716 0.2751038074493408 -0.050487749959701594
[44 INFO root] -0.3644794523715973 0.2750719487667084 -0.05470102289616972
[44 INFO root] -0.3638848066329956 0.2750396430492401 -0.060642222872052655
[44 INFO root] -0.36333391070365906 0.27500656247138977 -0.06903822125871859
[44 INFO root] -0.36282142996788025 0.2749715745449066 -0.080056843341312
[44 INFO root] -0.36234089732170105 0.2749336063861847 -0.09380726053101338
[44 INFO root] -0.3618854880332947 0.2748914062976837 -0.11038537015353597
[44 INFO root] -0.36144793033599854 0.27484366297721863 -0.12987198638193906
[44 INFO root] -0.36102059483528137 0.2747887074947357 -0.1523296192620493
[44 INFO root] -0.3605956435203552 0.27472445368766785 -0.17779771760339333
[44 INFO root] -0.3601650297641754 0.27464818954467773 -0.20628668922793536
[44 INFO root] -0.359720915555954 0.2745565176010132 -0.23777069900538428
[44 INFO root] -0.3592548370361328 0.2744450569152832 -0.27191985250798617
[44 INFO root] -0.35875993967056274 0.2743087708950043 -0.30824144546116256
[44 INFO root] -0.35823318362236023 0.2741430103778839 -0.3464594637252609
[44 INFO root] -0.35767337679862976 0.2739431858062744 -0.3862823626241833
[44 INFO root] -0.3570811152458191 0.27370485663414 -0.42737757707580276
[44 INFO root] -0.35645878314971924 0.27342432737350464 -0.4693768057718717
[44 INFO root] -0.3558104336261749 0.27309873700141907 -0.5118836538217876
[44 INFO root] -0.3551415801048279 0.27272650599479675 -0.554483540152545
[44 INFO root] -0.3544590175151825 0.2723076641559601 -0.5967551718319581
[44 INFO root] -0.3537701964378357 0.2718437910079956 -0.6382826623822939
[44 INFO root] -0.35308295488357544 0.27133825421333313 -0.6786783366585503
[44 INFO root] -0.35240504145622253 0.2707959711551666 -0.7175723840666677
