[49 INFO root] Initialising Python Geth Console...
[49 INFO root] Initialising RandB board...
[49 INFO root] Initialising resource sensor...
[49 INFO root] Initialising random-walk...
[49 INFO root] Initialising navigation...
[49 INFO root] Initialising Odo...
[49 INFO root] Initialising odometry...
[49 INFO root] Initialising gps...
[49 INFO root] Initialising Ground sensor...
[49 INFO root] --//-- Starting Experiment --//--
[49 INFO root] x y direction
[49 INFO root] -0.20137399435043335 -0.7865070104598999 0.6892654281976003
[49 INFO root] -0.20031780004501343 -0.7856366038322449 0.6779945227298617
[49 INFO root] -0.1988808810710907 -0.7844765782356262 0.66373168350106
[49 INFO root] -0.19749252498149872 -0.7833874225616455 0.6470964998661463
[49 INFO root] -0.19614803791046143 -0.7823678255081177 0.6282305073571443
[49 INFO root] -0.19484108686447144 -0.7814145684242249 0.607324987069951
[49 INFO root] -0.19356591999530792 -0.7805242538452148 0.5845487785060072
[49 INFO root] -0.19231732189655304 -0.7796938419342041 0.5600522717702006
[49 INFO root] -0.19109058380126953 -0.7789203524589539 0.5339721064877805
[49 INFO root] -0.18988142907619476 -0.7782010436058044 0.506434725824781
[49 INFO root] -0.1886860430240631 -0.7775335311889648 0.4775595589801878
[49 INFO root] -0.1875009685754776 -0.7769158482551575 0.44746194893970526
[49 INFO root] -0.1862877607345581 -0.7763291001319885 0.4177828501796893
[49 INFO root] -0.1850392073392868 -0.7757704854011536 0.38884757180207447
[49 INFO root] -0.1837574690580368 -0.7752410769462585 0.36067273113669396
[49 INFO root] -0.18244588375091553 -0.7747421860694885 0.3333039699873982
[49 INFO root] -0.18110831081867218 -0.774275004863739 0.3068083690661548
[49 INFO root] -0.17974895238876343 -0.7738404273986816 0.2812601230217883
[49 INFO root] -0.178372323513031 -0.7734388709068298 0.25673246730622584
[49 INFO root] -0.17698310315608978 -0.7730705738067627 0.23329181197377627
[49 INFO root] -0.17558600008487701 -0.7727351188659668 0.2109938378696643
[49 INFO root] -0.1741855889558792 -0.7724319100379944 0.1898813913825459
[49 INFO root] -0.17278629541397095 -0.7721598744392395 0.16998382587960076
[49 INFO root] -0.17139220237731934 -0.7719177007675171 0.15131740065093563
[49 INFO root] -0.17000705003738403 -0.771703839302063 0.13388638646172582
[49 INFO root] -0.16863416135311127 -0.7715164422988892 0.11768458726484093
[49 INFO root] -0.16727645695209503 -0.7713536620140076 0.10269705629144259
[49 INFO root] -0.1659363955259323 -0.7712135314941406 0.08890084373187052
[49 INFO root] -0.1646159142255783 -0.7710939645767212 0.07626410973232549
[49 INFO root] -0.1633165031671524 -0.7709929943084717 0.06474782572275074
[49 INFO root] -0.16203917562961578 -0.7709086537361145 0.05430816013404441
[49 INFO root] -0.16078458726406097 -0.7708390951156616 0.04489858518759519
[49 INFO root] -0.15955302119255066 -0.7707825899124146 0.03647159672468881
[49 INFO root] -0.15834449231624603 -0.7707374691963196 0.028980006317119323
[49 INFO root] -0.15715883672237396 -0.7707021832466125 0.02237789074295381
[49 INFO root] -0.15599563717842102 -0.7706753611564636 0.016621293037964887
[49 INFO root] -0.1548544019460678 -0.7706557512283325 0.011668726690988736
[49 INFO root] -0.15373452007770538 -0.770642101764679 0.007481515187945642
[49 INFO root] -0.15263530611991882 -0.7706333994865417 0.004023993221883636
[49 INFO root] -0.15155604481697083 -0.7706286907196045 0.0012635926123778403
[49 INFO root] -0.15049602091312408 -0.7706270813941956 -0.0008291667367346578
[49 INFO root] -0.14945445954799652 -0.7706276774406433 -0.002280762819480893
[49 INFO root] -0.14843067526817322 -0.7706298828125 -0.0031148184025083948
[49 INFO root] -0.14742393791675568 -0.7706329226493835 -0.003352294504934802
[49 INFO root] -0.14642342925071716 -0.770636260509491 -0.003370097017195788
[49 INFO root] -0.14542344212532043 -0.7706395983695984 -0.003370097017195788
[49 INFO root] -0.1444234400987625 -0.7706429958343506 -0.003370097017195788
[49 INFO root] -0.14342345297336578 -0.7706463932991028 -0.003370097017195788
[49 INFO root] -0.14242345094680786 -0.7706497311592102 -0.003370097017195788
[49 INFO root] -0.14142346382141113 -0.7706531286239624 -0.003370097017195788
[49 INFO root] -0.1404234617948532 -0.7706564664840698 -0.003370097017195788
[49 INFO root] -0.13942347466945648 -0.770659863948822 -0.003370097017195788
[49 INFO root] -0.13842347264289856 -0.7706632018089294 -0.003370097017195788
[49 INFO root] -0.13742348551750183 -0.7706665992736816 -0.003370097017195788
[49 INFO root] -0.1364234834909439 -0.7706699371337891 -0.003370097017195788
[49 INFO root] -0.13542349636554718 -0.7706733345985413 -0.003370097017195788
[49 INFO root] -0.13442349433898926 -0.7706766724586487 -0.003370097017195788
[49 INFO root] -0.13342350721359253 -0.7706800699234009 -0.003370097017195788
[49 INFO root] -0.1324235200881958 -0.7706834673881531 -0.003370097017195788
[49 INFO root] -0.13142351806163788 -0.7706868052482605 -0.003370097017195788
[49 INFO root] -0.13042353093624115 -0.7706902027130127 -0.003370097017195788
[49 INFO root] -0.12942352890968323 -0.7706935405731201 -0.003370097017195788
[49 INFO root] -0.1284235417842865 -0.7706969380378723 -0.003370097017195788
[49 INFO root] -0.12742353975772858 -0.7707002758979797 -0.003370097017195788
[49 INFO root] -0.12642355263233185 -0.7707036733627319 -0.003370097017195788
[49 INFO root] -0.12542355060577393 -0.7707070112228394 -0.003370097017195788
[49 INFO root] -0.1244235560297966 -0.7707104086875916 -0.003370097017195788
[49 INFO root] -0.12342356145381927 -0.770713746547699 -0.003370097017195788
[49 INFO root] -0.12242356687784195 -0.7707171440124512 -0.003370097017195788
[49 INFO root] -0.12142357230186462 -0.7707204818725586 -0.003370097017195788
[49 INFO root] -0.12049373239278793 -0.7707236409187317 -0.0031855396819166775
[49 INFO root] -0.11966157704591751 -0.7707263231277466 -0.002704810167119819
[49 INFO root] -0.11892101913690567 -0.770728349685669 -0.0018969510375793617
[49 INFO root] -0.11826352030038834 -0.770729660987854 -0.000738734651218369
[49 INFO root] -0.11768117547035217 -0.7707301378250122 0.0007932171018383684
[49 INFO root] -0.1171666830778122 -0.7707298398017883 0.002722352303041666
[49 INFO root] -0.11671324074268341 -0.7707287073135376 0.005072178208048959
[49 INFO root] -0.11631453782320023 -0.7707267999649048 0.007866221006153428
[49 INFO root] -0.11596467345952988 -0.7707241773605347 0.011127943785487407
[49 INFO root] -0.11565813422203064 -0.7707208395004272 0.014880777739198861
[49 INFO root] -0.11538975685834885 -0.7707169651985168 0.01914802069549198
[49 INFO root] -0.1151547059416771 -0.7707125544548035 0.02395264209704568
[49 INFO root] -0.11494841426610947 -0.7707077264785767 0.029317042432038153
[49 INFO root] -0.11476657539606094 -0.7707025408744812 0.03526278373928707
[49 INFO root] -0.1146051362156868 -0.7706969380378723 0.04181030170748879
[49 INFO root] -0.11446022987365723 -0.7706909775733948 0.0489786092317967
[49 INFO root] -0.11432822793722153 -0.7706845998764038 0.05678500124912954
[49 INFO root] -0.11420566588640213 -0.7706777453422546 0.0652447700567423
[49 INFO root] -0.11408939212560654 -0.7706702351570129 0.07435918009920749
[49 INFO root] -0.11397678405046463 -0.7706619501113892 0.08412261659061432
[49 INFO root] -0.11386577039957047 -0.770652711391449 0.094530636980514
[49 INFO root] -0.1137547641992569 -0.7706423401832581 0.10558168946819474
[49 INFO root] -0.11364252865314484 -0.7706305384635925 0.11727737860657707
[49 INFO root] -0.11352815479040146 -0.7706171870231628 0.12962256241658923
[49 INFO root] -0.11341095715761185 -0.7706020474433899 0.14262537801370553
[49 INFO root] -0.1132904514670372 -0.7705849409103394 0.15629721461834137
[49 INFO root] -0.11316626518964767 -0.7705655097961426 0.17065264983240658
[49 INFO root] -0.11303814500570297 -0.77054363489151 0.18570936232694057
[49 INFO root] -0.11290588229894638 -0.770518958568573 0.20148803251164293
[49 INFO root] -0.11276931315660477 -0.7704913020133972 0.21801223917201829
[49 INFO root] -0.112628273665905 -0.770460307598114 0.23530835894735821
[49 INFO root] -0.11248259246349335 -0.7704256176948547 0.25340547244317846
[49 INFO root] -0.11233207583427429 -0.7703869342803955 0.2723352792607394
[49 INFO root] -0.11217649281024933 -0.7703437805175781 0.2921320216027128
[49 INFO root] -0.11201555281877518 -0.7702957391738892 0.31283241468781964
[49 INFO root] -0.11184893548488617 -0.7702421545982361 0.33447558010025136
[49 INFO root] -0.11167623102664948 -0.7701825499534607 0.3571029759419458
[49 INFO root] -0.11149698495864868 -0.7701161503791809 0.3807583155661476
[49 INFO root] -0.11131066828966141 -0.7700420618057251 0.4054874636519678
[49 INFO root] -0.1111166849732399 -0.7699593305587769 0.4313382951387605
[49 INFO root] -0.11091437935829163 -0.7698668241500854 0.45836049879766483
[49 INFO root] -0.1107030063867569 -0.769763171672821 0.48660530219218034
[49 INFO root] -0.11048179864883423 -0.769646942615509 0.5161250889270905
[49 INFO root] -0.11024992167949677 -0.7695161700248718 0.5469728723427789
[49 INFO root] -0.11000651121139526 -0.7693689465522766 0.579201581666491
[49 INFO root] -0.10975069552659988 -0.769202709197998 0.6128631078012234
[49 INFO root] -0.10948161035776138 -0.7690147757530212 0.6480070472555026
[49 INFO root] -0.1091984435915947 -0.7688018679618835 0.6846790719962915
[49 INFO root] -0.10890109837055206 -0.7685607671737671 0.7226315031076338
[49 INFO root] -0.10859078913927078 -0.7682891488075256 0.7614402291870686
[49 INFO root] -0.10826878994703293 -0.7679844498634338 0.8010240667474776
[49 INFO root] -0.10793659836053848 -0.7676442265510559 0.8413248579285328
[49 INFO root] -0.10759605467319489 -0.7672661542892456 0.8822652616360809
[49 INFO root] -0.10724934190511703 -0.7668481469154358 0.9237475041490878
[49 INFO root] -0.10689903795719147 -0.7663882374763489 0.9656525943127382
[49 INFO root] -0.10654808580875397 -0.7658851742744446 1.0078403862101173
[49 INFO root] -0.10619980841875076 -0.7653381824493408 1.0501507412879236
[49 INFO root] -0.10585778951644897 -0.7647472620010376 1.0924060000982156
[49 INFO root] -0.10552582889795303 -0.7641134262084961 1.1344148923630832
[49 INFO root] -0.10520777851343155 -0.7634385824203491 1.1759779041668756
[49 INFO root] -0.10490737855434418 -0.7627257704734802 1.216893934061923
[49 INFO root] -0.10462810099124908 -0.7619790434837341 1.2569679199491648
[49 INFO root] -0.10437297075986862 -0.7612032890319824 1.296018926659245
[49 INFO root] -0.10414440184831619 -0.7604042887687683 1.3338880828580943
[49 INFO root] -0.10394413024187088 -0.7595882415771484 1.370445706483039
[49 INFO root] -0.1037731021642685 -0.758761465549469 1.4055970072166233
[49 INFO root] -0.10363152623176575 -0.757930338382721 1.4392858895495617
[49 INFO root] -0.10351891815662384 -0.7571007013320923 1.4714965889334983
[49 INFO root] -0.10343420505523682 -0.7562775611877441 1.5022530798504719
[49 INFO root] -0.1033758893609047 -0.7554652094841003 1.5316163975427304
[49 INFO root] -0.1033421978354454 -0.7546666264533997 1.5596801820882378
[49 INFO root] -0.10333125293254852 -0.7538836598396301 1.586564816502556
[49 INFO root] -0.103341244161129 -0.7531168460845947 1.6124105892708827
[49 INFO root] -0.1033705472946167 -0.7523655295372009 1.6373702858712778
[49 INFO root] -0.10341784358024597 -0.7516279816627502 1.6616016009116306
[49 INFO root] -0.1034821942448616 -0.7509015798568726 1.6852597311647743
[49 INFO root] -0.103563092648983 -0.7501828074455261 1.708490503887934
[49 INFO root] -0.1036604791879654 -0.7494677901268005 1.7314243944916405
[49 INFO root] -0.10377473384141922 -0.7487522959709167 1.7541717647538275
[49 INFO root] -0.10390665382146835 -0.7480319738388062 1.776819605736039
[49 INFO root] -0.10405736416578293 -0.7473026514053345 1.7994300053770698
[49 INFO root] -0.10422830283641815 -0.7465606331825256 1.8220404220826267
[49 INFO root] -0.10442109405994415 -0.7458025813102722 1.8446656763753908
[49 INFO root] -0.10463748127222061 -0.7450257539749146 1.8673014218624178
[49 INFO root] -0.10487926751375198 -0.7442280650138855 1.8899286822623478
[49 INFO root] -0.10514825582504272 -0.7434079647064209 1.9125189395921816
[49 INFO root] -0.10544618219137192 -0.7425644993782043 1.9350392327270696
[49 INFO root] -0.10577473044395447 -0.7416970729827881 1.957456740886964
[49 INFO root] -0.10613551735877991 -0.740805447101593 1.9797424311729257
[49 INFO root] -0.106530100107193 -0.7398895025253296 2.0018734844578607
[49 INFO root] -0.1069600060582161 -0.7389495372772217 2.0238343746344576
[49 INFO root] -0.107426717877388 -0.7379856109619141 2.045616640461711
[49 INFO root] -0.1079317033290863 -0.7369980812072754 2.0672175371348844
[49 INFO root] -0.10847637057304382 -0.7359874844551086 2.0886378736780404
[49 INFO root] -0.1090599074959755 -0.7349582314491272 2.1099001484440443
[49 INFO root] -0.10967724770307541 -0.7339213490486145 2.131091538149567
[49 INFO root] -0.11032363027334213 -0.7328861951828003 2.1523364557548916
[49 INFO root] -0.11099570244550705 -0.7318590879440308 2.1737685934932265
[49 INFO root] -0.11169115453958511 -0.7308443784713745 2.1955146749750476
[49 INFO root] -0.11240832507610321 -0.7298451662063599 2.2176863150423216
[49 INFO root] -0.11314591765403748 -0.7288641333580017 2.240377326563375
[49 INFO root] -0.11390267312526703 -0.7279036045074463 2.263664451814351
[49 INFO root] -0.114677295088768 -0.7269660830497742 2.287609980736837
[49 INFO root] -0.11546832323074341 -0.7260539531707764 2.3122651757730024
[49 INFO root] -0.1162741631269455 -0.7251695990562439 2.3376737948404243
[49 INFO root] -0.11709310859441757 -0.724315345287323 2.3638752887521433
[49 INFO root] -0.11792339384555817 -0.7234933972358704 2.390907478440873
[49 INFO root] -0.11876329779624939 -0.7227055430412292 2.418808630188993
[49 INFO root] -0.11961117386817932 -0.7219534516334534 2.447618937338025
[49 INFO root] -0.12046559154987335 -0.7212382555007935 2.4773814295777266
[49 INFO root] -0.12132535129785538 -0.7205609679222107 2.508142324696124
[49 INFO root] -0.12218962609767914 -0.7199220657348633 2.5399496870573723
[49 INFO root] -0.12305808067321777 -0.7193217277526855 2.572848720404704
[49 INFO root] -0.1239309161901474 -0.7187596559524536 2.606880377408735
[49 INFO root] -0.12480882555246353 -0.7182356119155884 2.6420811349929583
[49 INFO root] -0.1256929486989975 -0.7177491188049316 2.678482366048608
[49 INFO root] -0.12658485770225525 -0.7172996401786804 2.71610900735271
[49 INFO root] -0.12748652696609497 -0.7168869376182556 2.7549774804631113
[49 INFO root] -0.12840035557746887 -0.7165107131004333 2.795092862542311
[49 INFO root] -0.12932902574539185 -0.7161712050437927 2.836445326680471
[49 INFO root] -0.13027551770210266 -0.7158687710762024 2.879005901840433
[49 INFO root] -0.1312430202960968 -0.7156043648719788 2.9227216483843357
[49 INFO root] -0.13223472237586975 -0.7153792977333069 2.967510403166984
[49 INFO root] -0.13325375318527222 -0.7151954174041748 3.013255348751115
[49 INFO root] -0.13430286943912506 -0.7150552868843079 3.0597997479757044
[49 INFO root] -0.1353842318058014 -0.7149616479873657 3.106942347114245
[49 INFO root] -0.13649912178516388 -0.7149178981781006 -3.1287512440106573
[49 INFO root] -0.1376475840806961 -0.7149273157119751 -3.0812085998239565
[49 INFO root] -0.13882820308208466 -0.7149932384490967 -3.033960741424038
[49 INFO root] -0.14003781974315643 -0.7151182889938354 -2.9873957669416473
[49 INFO root] -0.1412714570760727 -0.7153042554855347 -2.9419350005246416
[49 INFO root] -0.14252224564552307 -0.7155515551567078 -2.898019676645956
[49 INFO root] -0.14378219842910767 -0.7158589363098145 -2.85611030380771
[49 INFO root] -0.14504297077655792 -0.7162232995033264 -2.8166963482567087
[49 INFO root] -0.1462954729795456 -0.7166396975517273 -2.780242210442962
[49 INFO root] -0.1475301831960678 -0.7171012163162231 -2.7471595010266117
[49 INFO root] -0.14873793721199036 -0.7175992131233215 -2.7177922624115047
[49 INFO root] -0.1499105989933014 -0.7181240320205688 -2.6924089701717615
[49 INFO root] -0.15104153752326965 -0.718665599822998 -2.6712012476410965
[49 INFO root] -0.15212754905223846 -0.7192147970199585 -2.654384168741462
[49 INFO root] -0.15316426753997803 -0.7197617292404175 -2.6419266858616535
[49 INFO root] -0.15414893627166748 -0.7202975749969482 -2.633720033983626
[49 INFO root] -0.15508390963077545 -0.7208169102668762 -2.6298235944533292
[49 INFO root] -0.15597222745418549 -0.7213153839111328 -2.6301420141981073
[49 INFO root] -0.15686342120170593 -0.7218156456947327 -2.631322099604191
[49 INFO root] -0.1577632874250412 -0.7223194241523743 -2.632972262740279
[49 INFO root] -0.15867175161838531 -0.7228261232376099 -2.6350536562565
[49 INFO root] -0.15958862006664276 -0.7233350872993469 -2.637521687187267
[49 INFO root] -0.16051357984542847 -0.7238456010818481 -2.640328828516545
[49 INFO root] -0.1614462286233902 -0.724357008934021 -2.6434259728525182
[49 INFO root] -0.16238610446453094 -0.7248685956001282 -2.646763649504583
[49 INFO root] -0.16333267092704773 -0.7253797650337219 -2.6502930848132817
[49 INFO root] -0.1642853319644928 -0.7258899211883545 -2.6539669934679146
[49 INFO root] -0.16524328291416168 -0.7263984084129333 -2.657732066649755
[49 INFO root] -0.16620571911334991 -0.7269046306610107 -2.661538195176201
[49 INFO root] -0.16717179119586945 -0.7274081110954285 -2.665340779423725
[49 INFO root] -0.1681406944990158 -0.7279084324836731 -2.6691005710415885
[49 INFO root] -0.16911162436008453 -0.7284051179885864 -2.6727833092375115
[49 INFO root] -0.17008385062217712 -0.7288979887962341 -2.6763593492733113
[49 INFO root] -0.1710566133260727 -0.7293867468833923 -2.6798032924421236
[49 INFO root] -0.17202921211719513 -0.7298712134361267 -2.683093622400185
[49 INFO root] -0.17299143970012665 -0.7303465008735657 -2.6848220153664957
[49 INFO root] -0.17393718659877777 -0.7308114767074585 -2.6841311949612536
[49 INFO root] -0.17486682534217834 -0.7312690615653992 -2.6810488661978473
[49 INFO root] -0.17578165233135223 -0.7317225933074951 -2.6756934743915743
[49 INFO root] -0.17668332159519196 -0.732175350189209 -2.668184207922614
[49 INFO root] -0.17757372558116913 -0.7326306104660034 -2.6586467457058522
[49 INFO root] -0.17845478653907776 -0.7330915331840515 -2.6472133434957943
[49 INFO root] -0.17932847142219543 -0.7335611581802368 -2.6340215550009307
[49 INFO root] -0.1801965981721878 -0.7340425252914429 -2.6192137958869033
[49 INFO root] -0.1810608059167862 -0.7345383763313293 -2.602937735988855
[49 INFO root] -0.18192249536514282 -0.7350514531135559 -2.585347208651376
[49 INFO root] -0.18278272449970245 -0.7355841994285583 -2.566603361900329
[49 INFO root] -0.18364225327968597 -0.7361389398574829 -2.5468758152850617
[49 INFO root] -0.18450142443180084 -0.7367176413536072 -2.526343611523725
[49 INFO root] -0.18536022305488586 -0.7373219728469849 -2.5051957706414187
[49 INFO root] -0.18621818721294403 -0.737953245639801 -2.4836312741260964
[49 INFO root] -0.1870744526386261 -0.7386120557785034 -2.461858335292508
[49 INFO root] -0.18792776763439178 -0.7392987012863159 -2.440092855667658
[49 INFO root] -0.18877656757831573 -0.7400127053260803 -2.4185560291661026
[49 INFO root] -0.18961894512176514 -0.7407528758049011 -2.397471135217782
[49 INFO root] -0.19045281410217285 -0.7415173649787903 -2.3770596526543715
[49 INFO root] -0.191275954246521 -0.7423036694526672 -2.3575369166522986
[49 INFO root] -0.1920861303806305 -0.7431085109710693 -2.3391076161929085
[49 INFO root] -0.19288118183612823 -0.7439281940460205 -2.321961473619933
[49 INFO root] -0.19365917146205902 -0.7447584867477417 -2.306269449028189
[49 INFO root] -0.19441953301429749 -0.745596170425415 -2.2922692426001015
[49 INFO root] -0.1951618641614914 -0.746437668800354 -2.280164681705318
[49 INFO root] -0.19588515162467957 -0.7472781538963318 -2.2700538398200814
[49 INFO root] -0.1965886950492859 -0.7481129169464111 -2.2619997781452175
[49 INFO root] -0.19727221131324768 -0.7489376664161682 -2.2560408782342427
[49 INFO root] -0.19793584942817688 -0.7497485876083374 -2.2521936364386477
[49 INFO root] -0.1985800862312317 -0.7505423426628113 -2.2504559762561507
[49 INFO root] -0.19920998811721802 -0.75132155418396 -2.2503033021538363
[49 INFO root] -0.19983841478824615 -0.7520994544029236 -2.2503033021538363
[49 INFO root] -0.2004668265581131 -0.7528773546218872 -2.2503033021538363
[49 INFO root] -0.20109523832798004 -0.753655195236206 -2.2503033021538363
[49 INFO root] -0.20172365009784698 -0.7544330954551697 -2.2503033021538363
[49 INFO root] -0.20235204696655273 -0.7552109956741333 -2.2503033021538363
[49 INFO root] -0.20298045873641968 -0.7559888362884521 -2.2503033021538363
[49 INFO root] -0.20360887050628662 -0.7567667365074158 -2.2503033021538363
[49 INFO root] -0.20423728227615356 -0.7575446367263794 -2.2503033021538363
[49 INFO root] -0.2048656940460205 -0.7583224773406982 -2.2503033021538363
[49 INFO root] -0.20549410581588745 -0.7591003775596619 -2.2503033021538363
[49 INFO root] -0.2061225026845932 -0.7598782777786255 -2.2503033021538363
[49 INFO root] -0.20675091445446014 -0.7606561779975891 -2.2503033021538363
[49 INFO root] -0.2073793262243271 -0.761434018611908 -2.2503033021538363
[49 INFO root] -0.20800773799419403 -0.7622119188308716 -2.2503033021538363
[49 INFO root] -0.20863614976406097 -0.7629898190498352 -2.2503033021538363
[49 INFO root] -0.20926456153392792 -0.763767659664154 -2.2503033021538363
[49 INFO root] -0.20989297330379486 -0.7645455598831177 -2.2503033021538363
[49 INFO root] -0.2105213701725006 -0.7653234601020813 -2.2503033021538363
[49 INFO root] -0.21114978194236755 -0.7661013007164001 -2.2503033021538363
[49 INFO root] -0.2117781937122345 -0.7668792009353638 -2.2503033021538363
[49 INFO root] -0.21240660548210144 -0.7676571011543274 -2.2503033021538363
[49 INFO root] -0.21303501725196838 -0.768435001373291 -2.2503033021538363
[49 INFO root] -0.21366342902183533 -0.7692128419876099 -2.2503033021538363
[49 INFO root] -0.21429184079170227 -0.7699907422065735 -2.2503033021538363
[49 INFO root] -0.21492023766040802 -0.7707686424255371 -2.2503033021538363
[49 INFO root] -0.21554121375083923 -0.7715373039245605 -2.250505744377389
[49 INFO root] -0.21612222492694855 -0.7722562551498413 -2.251798578645498
[49 INFO root] -0.2166629433631897 -0.7729237079620361 -2.2542136939974697
[49 INFO root] -0.2171669453382492 -0.7735429406166077 -2.2576851146152195
[49 INFO root] -0.21763746440410614 -0.774117112159729 -2.2621581316137127
[49 INFO root] -0.21807752549648285 -0.7746493220329285 -2.2675882755880883
[49 INFO root] -0.21848981082439423 -0.7751426100730896 -2.2739399279978176
[49 INFO root] -0.21887685358524323 -0.7755998373031616 -2.2811851694731904
[49 INFO root] -0.2192409187555313 -0.7760236859321594 -2.289302758712108
[49 INFO root] -0.219584122300148 -0.7764168977737427 -2.29827723174741
[49 INFO root] -0.2199084609746933 -0.7767818570137024 -2.3080984640264566
[49 INFO root] -0.22021572291851044 -0.7771208882331848 -2.3187608830448827
[49 INFO root] -0.22050762176513672 -0.7774362564086914 -2.3302630424644075
[49 INFO root] -0.22078578174114227 -0.7777299284934998 -2.342607356198674
[49 INFO root] -0.22105170786380768 -0.7780038714408875 -2.3557995765884887
[49 INFO root] -0.22130687534809113 -0.7782599329948425 -2.369848654784505
[49 INFO root] -0.22155267000198364 -0.7784998416900635 -2.3847665575575685
[49 INFO root] -0.22179043292999268 -0.7787250876426697 -2.4005680738911424
[49 INFO root] -0.22202149033546448 -0.7789372205734253 -2.4172704702162493
[49 INFO root] -0.2222471684217453 -0.7791375517845154 -2.434893578971744
[49 INFO root] -0.222468763589859 -0.7793274521827698 -2.4534595098653464
[49 INFO root] -0.22268757224082947 -0.7795080542564392 -2.4729927518899677
[49 INFO root] -0.22290492057800293 -0.7796804904937744 -2.4935198666607743
[49 INFO root] -0.22312219440937042 -0.7798457145690918 -2.515069504416899
[49 INFO root] -0.22334080934524536 -0.780004620552063 -2.5376721649216676
[49 INFO root] -0.22356221079826355 -0.7801581621170044 -2.561360081250194
[49 INFO root] -0.22378797829151154 -0.780306875705719 -2.586167320442323
[49 INFO root] -0.22401975095272064 -0.7804515361785889 -2.6121290485977506
[49 INFO root] -0.22425927221775055 -0.7805925011634827 -2.639281820098097
[49 INFO root] -0.22450841963291168 -0.7807302474975586 -2.66766273015617
[49 INFO root] -0.2247692048549652 -0.7808648943901062 -2.697309403918644
[49 INFO root] -0.22504380345344543 -0.780996561050415 -2.7282590728316616
[49 INFO root] -0.2253345400094986 -0.7811251282691956 -2.760548183327989
[49 INFO root] -0.22564393281936646 -0.7812501788139343 -2.7942114801665703
[49 INFO root] -0.2259746789932251 -0.7813711166381836 -2.8292807797174744
[49 INFO root] -0.22632963955402374 -0.7814870476722717 -2.8657838352062934
[49 INFO root] -0.22671188414096832 -0.7815966606140137 -2.9037428015533964
[49 INFO root] -0.2271246463060379 -0.7816982865333557 -2.9431722437654804
[49 INFO root] -0.2275712490081787 -0.7817898392677307 -2.9840770594866117
[49 INFO root] -0.22805514931678772 -0.781868577003479 -3.0264500777884633
[49 INFO root] -0.2285797894001007 -0.7819313406944275 -3.0702689435054626
[49 INFO root] -0.2291485071182251 -0.7819743156433105 -3.1154933809792147
[49 INFO root] -0.22976447641849518 -0.78199303150177 3.121123432116169
[49 INFO root] -0.2304304838180542 -0.7819822430610657 3.0732969245686266
[49 INFO root] -0.23114876449108124 -0.7819363474845886 3.0243264568943795
[49 INFO root] -0.23192088305950165 -0.7818489670753479 2.974356098067447
[49 INFO root] -0.2327473759651184 -0.7817134261131287 2.923562339379258
[49 INFO root] -0.23362769186496735 -0.7815227508544922 2.872154674777966
[49 INFO root] -0.23455990850925446 -0.7812701463699341 2.8203750039154882
[49 INFO root] -0.23554067313671112 -0.7809491157531738 2.7684947234655
[49 INFO root] -0.23656509816646576 -0.780553936958313 2.716810238369583
[49 INFO root] -0.237626850605011 -0.7800799012184143 2.6656362028311116
[49 INFO root] -0.23871825635433197 -0.779524028301239 2.6152972633115965
[49 INFO root] -0.2398306280374527 -0.778885006904602 2.5661175409647163
[49 INFO root] -0.24095453321933746 -0.7781634330749512 2.5184103454272315
[49 INFO root] -0.24208028614521027 -0.7773622274398804 2.4724681857111657
[49 INFO root] -0.24319836497306824 -0.7764860987663269 2.4285528978538107
[49 INFO root] -0.24429982900619507 -0.7755417823791504 2.386888851996058
[49 INFO root] -0.24537669122219086 -0.7745373845100403 2.347657546203078
[49 INFO root] -0.24642212688922882 -0.7734822034835815 2.3109956186860425
[49 INFO root] -0.2474307119846344 -0.7723861336708069 2.276995018172282
[49 INFO root] -0.24839846789836884 -0.7712593674659729 2.245705703327425
[49 INFO root] -0.24932272732257843 -0.7701118588447571 2.2171397786505707
[49 INFO root] -0.2502021789550781 -0.7689531445503235 2.191277144161232
[49 INFO root] -0.25103652477264404 -0.7677921056747437 2.168071253078676
[49 INFO root] -0.2518264651298523 -0.7666365504264832 2.1474549900756
[49 INFO root] -0.2525733709335327 -0.7654934525489807 2.1293466495231232
[49 INFO root] -0.2532792389392853 -0.7643686532974243 2.1136547107196346
[49 INFO root] -0.25394633412361145 -0.763266921043396 2.1002823010741642
[49 INFO root] -0.25457724928855896 -0.7621922492980957 2.0891309715320654
[49 INFO root] -0.2551746666431427 -0.7611475586891174 2.0801030573394788
[49 INFO root] -0.2557413578033447 -0.7601350545883179 2.0731041710572486
[49 INFO root] -0.25628000497817993 -0.7591561079025269 2.068044563577643
[49 INFO root] -0.2567932605743408 -0.758211612701416 2.0648404461233496
[49 INFO root] -0.25728362798690796 -0.7573018670082092 2.0634143482351566
[49 INFO root] -0.25775808095932007 -0.7564182877540588 2.0632894418058685
[49 INFO root] -0.25823092460632324 -0.7555370926856995 2.0632894418058685
[49 INFO root] -0.2587037682533264 -0.7546559572219849 2.0632894418058685
[49 INFO root] -0.2591765820980072 -0.7537748217582703 2.0632894418058685
[49 INFO root] -0.259649395942688 -0.7528936266899109 2.0632894418058685
[49 INFO root] -0.26012223958969116 -0.7520124912261963 2.0632894418058685
[49 INFO root] -0.26059505343437195 -0.7511312961578369 2.0632894418058685
[49 INFO root] -0.26106786727905273 -0.7502501606941223 2.0632894418058685
[49 INFO root] -0.2615407109260559 -0.7493690252304077 2.0632894418058685
[49 INFO root] -0.2620135247707367 -0.7484878301620483 2.0632894418058685
[49 INFO root] -0.2624863386154175 -0.7476066946983337 2.0632894418058685
[49 INFO root] -0.26295918226242065 -0.7467255592346191 2.0632894418058685
[49 INFO root] -0.26343199610710144 -0.7458443641662598 2.0632894418058685
[49 INFO root] -0.2639048099517822 -0.7449632287025452 2.0632894418058685
[49 INFO root] -0.2643776535987854 -0.7440820932388306 2.0632894418058685
[49 INFO root] -0.2648504674434662 -0.7432008981704712 2.0632894418058685
[49 INFO root] -0.265323281288147 -0.7423197627067566 2.0632894418058685
[49 INFO root] -0.26579612493515015 -0.741438627243042 2.0632894418058685
[49 INFO root] -0.26626893877983093 -0.7405574321746826 2.0632894418058685
[49 INFO root] -0.2667417526245117 -0.739676296710968 2.0632894418058685
[49 INFO root] -0.2672145962715149 -0.7387951016426086 2.0632894418058685
[49 INFO root] -0.2676874101161957 -0.737913966178894 2.0632894418058685
[49 INFO root] -0.26816022396087646 -0.7370328307151794 2.0632894418058685
[49 INFO root] -0.26863306760787964 -0.7361516356468201 2.0632894418058685
[49 INFO root] -0.2691058814525604 -0.7352705001831055 2.0632894418058685
[49 INFO root] -0.2695786952972412 -0.7343893647193909 2.0632894418058685
[49 INFO root] -0.2700515389442444 -0.7335081696510315 2.0632894418058685
[49 INFO root] -0.27052435278892517 -0.7326270341873169 2.0632894418058685
[49 INFO root] -0.27099719643592834 -0.7317458987236023 2.0632894418058685
[49 INFO root] -0.27147001028060913 -0.7308647036552429 2.0632894418058685
[49 INFO root] -0.2719428241252899 -0.7299835681915283 2.0632894418058685
[49 INFO root] -0.2724156677722931 -0.7291024327278137 2.0632894418058685
[49 INFO root] -0.2728884816169739 -0.7282212376594543 2.0632894418058685
[49 INFO root] -0.27336129546165466 -0.7273401021957397 2.0632894418058685
[49 INFO root] -0.27383413910865784 -0.7264589071273804 2.0632894418058685
[49 INFO root] -0.2743069529533386 -0.7255777716636658 2.0632894418058685
[49 INFO root] -0.2747797667980194 -0.7246966361999512 2.0632894418058685
[49 INFO root] -0.2752526104450226 -0.7238154411315918 2.0632894418058685
[49 INFO root] -0.27572542428970337 -0.7229343056678772 2.0632894418058685
[49 INFO root] -0.27619823813438416 -0.7220531702041626 2.0632894418058685
[49 INFO root] -0.27667108178138733 -0.7211719751358032 2.0632894418058685
[49 INFO root] -0.2771438956260681 -0.7202908396720886 2.0632894418058685
[49 INFO root] -0.2776167094707489 -0.719409704208374 2.0632894418058685
[49 INFO root] -0.2780895531177521 -0.7185285091400146 2.0632894418058685
[49 INFO root] -0.27856236696243286 -0.7176473736763 2.0632894418058685
[49 INFO root] -0.27903518080711365 -0.7167662382125854 2.0632894418058685
[49 INFO root] -0.2795080244541168 -0.7158850431442261 2.0632894418058685
[49 INFO root] -0.2799808382987976 -0.7150039076805115 2.0632894418058685
[49 INFO root] -0.2804536521434784 -0.7141227126121521 2.0632894418058685
[49 INFO root] -0.28092649579048157 -0.7132415771484375 2.0632894418058685
[49 INFO root] -0.28139930963516235 -0.7123604416847229 2.0632894418058685
[49 INFO root] -0.28187212347984314 -0.7114792466163635 2.0632894418058685
[49 INFO root] -0.2823449671268463 -0.7105981111526489 2.0632894418058685
[49 INFO root] -0.2828177809715271 -0.7097169756889343 2.0632894418058685
[49 INFO root] -0.2832906246185303 -0.708835780620575 2.0632894418058685
[49 INFO root] -0.28376343846321106 -0.7079546451568604 2.0632894418058685
[49 INFO root] -0.28423625230789185 -0.7070735096931458 2.0632894418058685
[49 INFO root] -0.284709095954895 -0.7061923146247864 2.0632894418058685
[49 INFO root] -0.2851819097995758 -0.7053111791610718 2.0632894418058685
[49 INFO root] -0.2856547236442566 -0.7044300436973572 2.0632894418058685
[49 INFO root] -0.28612756729125977 -0.7035488486289978 2.0632894418058685
[49 INFO root] -0.28660038113594055 -0.7026677131652832 2.0632894418058685
[49 INFO root] -0.28707319498062134 -0.7017865180969238 2.0632894418058685
[49 INFO root] -0.2875460386276245 -0.7009053826332092 2.0632894418058685
[49 INFO root] -0.2880188524723053 -0.7000242471694946 2.0632894418058685
[49 INFO root] -0.2884916663169861 -0.6991430521011353 2.0632894418058685
[49 INFO root] -0.28896450996398926 -0.6982619166374207 2.0632894418058685
[49 INFO root] -0.28943732380867004 -0.697380781173706 2.0632894418058685
[49 INFO root] -0.28991013765335083 -0.6964995861053467 2.0632894418058685
[49 INFO root] -0.290382981300354 -0.6956184506416321 2.0632894418058685
[49 INFO root] -0.2908557951450348 -0.6947373151779175 2.0632894418058685
[49 INFO root] -0.2913286089897156 -0.6938561201095581 2.0632894418058685
[49 INFO root] -0.29180145263671875 -0.6929749846458435 2.0632894418058685
[49 INFO root] -0.29227426648139954 -0.6920938491821289 2.0632894418058685
[49 INFO root] -0.2927470803260803 -0.6912126541137695 2.0632894418058685
[49 INFO root] -0.2932199239730835 -0.6903315186500549 2.0632894418058685
[49 INFO root] -0.2936927378177643 -0.6894503235816956 2.0632894418058685
[49 INFO root] -0.29416555166244507 -0.688569188117981 2.0632894418058685
[49 INFO root] -0.29463839530944824 -0.6876880526542664 2.0632894418058685
[49 INFO root] -0.29511120915412903 -0.686806857585907 2.0632894418058685
[49 INFO root] -0.2955840528011322 -0.6859257221221924 2.0632894418058685
[49 INFO root] -0.296056866645813 -0.6850445866584778 2.0632894418058685
[49 INFO root] -0.2965296804904938 -0.6841633915901184 2.0632894418058685
[49 INFO root] -0.29700252413749695 -0.6832822561264038 2.0632894418058685
[49 INFO root] -0.29747533798217773 -0.6824011206626892 2.0632894418058685
[49 INFO root] -0.2979481518268585 -0.6815199255943298 2.0632894418058685
[49 INFO root] -0.2984209954738617 -0.6806387901306152 2.0632894418058685
[49 INFO root] -0.2988938093185425 -0.6797576546669006 2.0632894418058685
[49 INFO root] -0.29936662316322327 -0.6788764595985413 2.0632894418058685
[49 INFO root] -0.29983946681022644 -0.6779953241348267 2.0632894418058685
[49 INFO root] -0.3003122806549072 -0.6771141290664673 2.0632894418058685
[49 INFO root] -0.300785094499588 -0.6762329936027527 2.0632894418058685
[49 INFO root] -0.3012579381465912 -0.6753518581390381 2.0632894418058685
[49 INFO root] -0.301730751991272 -0.6744706630706787 2.0632894418058685
[49 INFO root] -0.30220356583595276 -0.6735895276069641 2.0632894418058685
[49 INFO root] -0.30267640948295593 -0.6727083921432495 2.0632894418058685
[49 INFO root] -0.3031492233276367 -0.6718271970748901 2.0632894418058685
[49 INFO root] -0.3036220371723175 -0.6709460616111755 2.0632894418058685
[49 INFO root] -0.3040948808193207 -0.6700649261474609 2.0632894418058685
[49 INFO root] -0.30456769466400146 -0.6691837310791016 2.0632894418058685
[49 INFO root] -0.30504050850868225 -0.668302595615387 2.0632894418058685
[49 INFO root] -0.3055133521556854 -0.6674214601516724 2.0632894418058685
[49 INFO root] -0.3059861660003662 -0.666540265083313 2.0632894418058685
[49 INFO root] -0.306458979845047 -0.6656591296195984 2.0632894418058685
[49 INFO root] -0.30693182349205017 -0.664777934551239 2.0632894418058685
[49 INFO root] -0.30740463733673096 -0.6638967990875244 2.0632894418058685
[49 INFO root] -0.30787748098373413 -0.6630156636238098 2.0632894418058685
[49 INFO root] -0.3083502948284149 -0.6621344685554504 2.0632894418058685
[49 INFO root] -0.3088231086730957 -0.6612533330917358 2.0632894418058685
[49 INFO root] -0.3092959523200989 -0.6603721976280212 2.0632894418058685
[49 INFO root] -0.30976876616477966 -0.6594910025596619 2.0632894418058685
[49 INFO root] -0.31024158000946045 -0.6586098670959473 2.0632894418058685
[49 INFO root] -0.3107144236564636 -0.6577287316322327 2.0632894418058685
[49 INFO root] -0.3111872375011444 -0.6568475365638733 2.0632894418058685
[49 INFO root] -0.3116600513458252 -0.6559664011001587 2.0632894418058685
[49 INFO root] -0.31213289499282837 -0.6550852656364441 2.0632894418058685
[49 INFO root] -0.31260570883750916 -0.6542040705680847 2.0632894418058685
[49 INFO root] -0.31307852268218994 -0.6533229351043701 2.0632894418058685
[49 INFO root] -0.3135513663291931 -0.6524417400360107 2.0632894418058685
[49 INFO root] -0.3140241801738739 -0.6515606045722961 2.0632894418058685
[49 INFO root] -0.3144969940185547 -0.6506794691085815 2.0632894418058685
[49 INFO root] -0.31496983766555786 -0.6497982740402222 2.0632894418058685
[49 INFO root] -0.31544265151023865 -0.6489171385765076 2.0632894418058685
[49 INFO root] -0.31591546535491943 -0.648036003112793 2.0632894418058685
[49 INFO root] -0.3163883090019226 -0.6471548080444336 2.0632894418058685
[49 INFO root] -0.3168611228466034 -0.646273672580719 2.0632894418058685
[49 INFO root] -0.3173339366912842 -0.6453925371170044 2.0632894418058685
[49 INFO root] -0.31780678033828735 -0.644511342048645 2.0632894418058685
[49 INFO root] -0.31827959418296814 -0.6436302065849304 2.0632894418058685
[49 INFO root] -0.3187524378299713 -0.6427490711212158 2.0632894418058685
[49 INFO root] -0.3192252516746521 -0.6418678760528564 2.0632894418058685
[49 INFO root] -0.3196980655193329 -0.6409867405891418 2.0632894418058685
[49 INFO root] -0.32017090916633606 -0.6401055455207825 2.0632894418058685
[49 INFO root] -0.32064372301101685 -0.6392244100570679 2.0632894418058685
[49 INFO root] -0.32111653685569763 -0.6383432745933533 2.0632894418058685
[49 INFO root] -0.3215893805027008 -0.6374620795249939 2.0632894418058685
[49 INFO root] -0.3220621943473816 -0.6365809440612793 2.0632894418058685
[49 INFO root] -0.3225350081920624 -0.6356998085975647 2.0632894418058685
[49 INFO root] -0.32300785183906555 -0.6348186135292053 2.0632894418058685
[49 INFO root] -0.32348066568374634 -0.6339374780654907 2.0632894418058685
[49 INFO root] -0.3239534795284271 -0.6330563426017761 2.0632894418058685
[49 INFO root] -0.3244263231754303 -0.6321751475334167 2.0632894418058685
[49 INFO root] -0.3248991370201111 -0.6312940120697021 2.0632894418058685
[49 INFO root] -0.32537195086479187 -0.6304128766059875 2.0632894418058685
[49 INFO root] -0.32584479451179504 -0.6295316815376282 2.0632894418058685
[49 INFO root] -0.32631760835647583 -0.6286505460739136 2.0632894418058685
[49 INFO root] -0.3267904222011566 -0.6277693510055542 2.0632894418058685
[49 INFO root] -0.3272632658481598 -0.6268882155418396 2.0632894418058685
[49 INFO root] -0.3277360796928406 -0.626007080078125 2.0632894418058685
[49 INFO root] -0.32820889353752136 -0.6251258850097656 2.0632894418058685
[49 INFO root] -0.32868173718452454 -0.624244749546051 2.0632894418058685
[49 INFO root] -0.3291545510292053 -0.6233636140823364 2.0632894418058685
[49 INFO root] -0.3296273648738861 -0.622482419013977 2.0632894418058685
[49 INFO root] -0.3301002085208893 -0.6216012835502625 2.0632894418058685
[49 INFO root] -0.33057302236557007 -0.6207201480865479 2.0632894418058685
[49 INFO root] -0.33104586601257324 -0.6198389530181885 2.0632894418058685
[49 INFO root] -0.33151867985725403 -0.6189578175544739 2.0632894418058685
[49 INFO root] -0.3319914937019348 -0.6180766820907593 2.0632894418058685
[49 INFO root] -0.332464337348938 -0.6171954870223999 2.0632894418058685
[49 INFO root] -0.3329371511936188 -0.6163143515586853 2.0632894418058685
[49 INFO root] -0.33340996503829956 -0.6154331564903259 2.0632894418058685
[49 INFO root] -0.33388280868530273 -0.6145520210266113 2.0632894418058685
[49 INFO root] -0.3343556225299835 -0.6136708855628967 2.0632894418058685
[49 INFO root] -0.3348284363746643 -0.6127896904945374 2.0632894418058685
[49 INFO root] -0.3353012800216675 -0.6119085550308228 2.0632894418058685
[49 INFO root] -0.33577409386634827 -0.6110274195671082 2.0632894418058685
[49 INFO root] -0.33624690771102905 -0.6101462244987488 2.0632894418058685
[49 INFO root] -0.3367197811603546 -0.6092649698257446 2.0633100205218717
[49 INFO root] -0.33719512820243835 -0.6083791851997375 2.0642906806290133
[49 INFO root] -0.33767399191856384 -0.6074886918067932 2.0663113026403566
[49 INFO root] -0.3381572961807251 -0.6065940856933594 2.0693388152721868
[49 INFO root] -0.3386460542678833 -0.6056956648826599 2.073336142802299
[49 INFO root] -0.33914121985435486 -0.604793906211853 2.0782625251400018
[49 INFO root] -0.3396437168121338 -0.6038891077041626 2.0840735719140278
[49 INFO root] -0.3401545584201813 -0.6029816269874573 2.0907213560572044
[49 INFO root] -0.34067460894584656 -0.6020717620849609 2.0981545469473177
[49 INFO root] -0.34120476245880127 -0.601159930229187 2.1063185843232186
[49 INFO root] -0.3417458236217499 -0.6002463698387146 2.115155894372346
[49 INFO root] -0.3422985374927521 -0.5993315577507019 2.1246061492509902
[49 INFO root] -0.3428635895252228 -0.5984158515930176 2.134606570772988
[49 INFO root] -0.34344154596328735 -0.597499668598175 2.14509227809301
[49 INFO root] -0.3440329432487488 -0.5965836048126221 2.15599667795405
[49 INFO root] -0.3446381092071533 -0.5956681966781616 2.167251894533157
[49 INFO root] -0.34525734186172485 -0.5947539210319519 2.1787892342012265
[49 INFO root] -0.3458907902240753 -0.5938414931297302 2.190539678732405
[49 INFO root] -0.3465384244918823 -0.5929315686225891 2.202434398793729
[49 INFO root] -0.3472001552581787 -0.5920248627662659 2.2144040381330536
[49 INFO root] -0.3478756844997406 -0.5911220908164978 2.2263770562949894
[49 INFO root] -0.3485645651817322 -0.5902240872383118 2.238284064760965
[49 INFO root] -0.34926629066467285 -0.5893316268920898 2.2500592025274875
[49 INFO root] -0.34998011589050293 -0.5884454250335693 2.2616405616724626
[49 INFO root] -0.3507052958011627 -0.5875662565231323 2.272970490258731
[49 INFO root] -0.3514409065246582 -0.5866947174072266 2.2839958248985837
[49 INFO root] -0.35218602418899536 -0.5858315229415894 2.2946680518192104
[49 INFO root] -0.35293957591056824 -0.5849771499633789 2.3049433974725213
[49 INFO root] -0.35370051860809326 -0.584132194519043 2.3147828519641522
[49 INFO root] -0.3544676899909973 -0.583297073841095 2.3241521305270667
[49 INFO root] -0.35523998737335205 -0.5824720859527588 2.3330215798344085
[49 INFO root] -0.35601624846458435 -0.5816575288772583 2.3413660370717038
[49 INFO root] -0.35679540038108826 -0.5808535814285278 2.349164650349865
[49 INFO root] -0.35757631063461304 -0.5800603628158569 2.3564006692540747
[49 INFO root] -0.3583579659461975 -0.5792778730392456 2.363061214136376
[49 INFO root] -0.3591393828392029 -0.5785061120986938 2.369137032239082
[49 INFO root] -0.35991960763931274 -0.5777448415756226 2.3746222479604806
[49 INFO root] -0.36069777607917786 -0.576994001865387 2.3795141136250564
[49 INFO root] -0.36147311329841614 -0.5762532949447632 2.3838104555415023
[49 INFO root] -0.36224478483200073 -0.5755224823951721 2.3875088929833503
[49 INFO root] -0.3630121350288391 -0.5748012065887451 2.39060945892911
[49 INFO root] -0.36377450823783875 -0.5740891098976135 2.3931150268511416
[49 INFO root] -0.36453142762184143 -0.5733857750892639 2.395031098539981
[49 INFO root] -0.3652823567390442 -0.5726907849311829 2.396365566897535
[49 INFO root] -0.36602699756622314 -0.5720034837722778 2.397128501648818
[49 INFO root] -0.36676499247550964 -0.5713234543800354 2.3973319580162955
[49 INFO root] -0.36750078201293945 -0.570645809173584 2.397346721121087
[49 INFO root] -0.36823636293411255 -0.5699684023857117 2.397346721121087
[49 INFO root] -0.36897197365760803 -0.5692909955978394 2.397346721121087
[49 INFO root] -0.36970755457878113 -0.568613588809967 2.397346721121087
[49 INFO root] -0.3704431653022766 -0.5679361820220947 2.397346721121087
[49 INFO root] -0.3711787760257721 -0.5672587156295776 2.397346721121087
[49 INFO root] -0.3719143569469452 -0.5665813088417053 2.397346721121087
[49 INFO root] -0.3726499676704407 -0.565903902053833 2.397346721121087
[49 INFO root] -0.37338554859161377 -0.5652264952659607 2.397346721121087
[49 INFO root] -0.37406662106513977 -0.5645992755889893 2.395665564995445
[49 INFO root] -0.3746756911277771 -0.5640367269515991 2.391710395814524
[49 INFO root] -0.3752177357673645 -0.5635323524475098 2.385548264668657
[49 INFO root] -0.3756994307041168 -0.5630787014961243 2.377281646689175
[49 INFO root] -0.3761272728443146 -0.5626692771911621 2.3669869807597252
[49 INFO root] -0.37650731205940247 -0.5622982382774353 2.354717802985146
[49 INFO root] -0.37684524059295654 -0.5619602203369141 2.3405080979415125
[49 INFO root] -0.377146452665329 -0.5616503953933716 2.324375320247501
[49 INFO root] -0.3774159252643585 -0.5613641738891602 2.306323162839309
[49 INFO root] -0.377658486366272 -0.5610972046852112 2.286344170539544
[49 INFO root] -0.3778785169124603 -0.560845136642456 2.264422309697643
[49 INFO root] -0.3780803084373474 -0.5606035590171814 2.24053561523445
[49 INFO root] -0.378267765045166 -0.5603680610656738 2.2146590469580105
[49 INFO root] -0.3784445822238922 -0.5601337552070618 2.186767697616924
[49 INFO root] -0.3786141872406006 -0.5598955750465393 2.1568405043741725
[49 INFO root] -0.3787796199321747 -0.5596479177474976 2.124864619914898
[49 INFO root] -0.3789435029029846 -0.5593848824501038 2.090840593562462
[49 INFO root] -0.3791079521179199 -0.5590997934341431 2.0547884878996165
[49 INFO root] -0.3792744278907776 -0.5587856769561768 2.016755000412484
[49 INFO root] -0.3794436454772949 -0.5584349036216736 1.9768215574396608
[49 INFO root] -0.37961530685424805 -0.5580396056175232 1.935113182862922
[49 INFO root] -0.37978801131248474 -0.5575917959213257 1.891807703647611
[49 INFO root] -0.37995922565460205 -0.5570835471153259 1.8471445378476996
[49 INFO root] -0.3801250159740448 -0.5565078258514404 1.801431942610761
[49 INFO root] -0.3802802860736847 -0.5558586120605469 1.7550512450403746
[49 INFO root] -0.3804129660129547 -0.5551637411117554 1.7091733110963303
[49 INFO root] -0.38051775097846985 -0.554435133934021 1.6644467976925732
[49 INFO root] -0.3805917799472809 -0.5536821484565735 1.6216990022131395
[49 INFO root] -0.38063403964042664 -0.5529167652130127 1.5816740735281265
[49 INFO root] -0.38064542412757874 -0.5521523356437683 1.5448801777356036
[49 INFO root] -0.3806287944316864 -0.5514024496078491 1.5117259887783068
[49 INFO root] -0.3805885314941406 -0.5506798624992371 1.4825231259519773
[49 INFO root] -0.38053011894226074 -0.5499958992004395 1.4574804735755909
[49 INFO root] -0.38045936822891235 -0.5493592023849487 1.4367090310363766
[49 INFO root] -0.3803820013999939 -0.5487757325172424 1.4202350737350102
[49 INFO root] -0.3803029954433441 -0.5482484698295593 1.4080184281369084
[49 INFO root] -0.38022634387016296 -0.5477778315544128 1.3999731202965484
[49 INFO root] -0.38015496730804443 -0.5473617315292358 1.3959860808831337
[49 INFO root] -0.380090594291687 -0.5469963550567627 1.3959308708022515
[49 INFO root] -0.38003408908843994 -0.546676516532898 1.3996781494294976
[49 INFO root] -0.379985511302948 -0.5463961362838745 1.4071040386332103
[49 INFO root] -0.37994441390037537 -0.5461485981941223 1.4180955285129866
[49 INFO root] -0.37991002202033997 -0.5459269285202026 1.4325531447929316
[49 INFO root] -0.3798792362213135 -0.5457079410552979 1.4483561962740612
[49 INFO root] -0.379851371049881 -0.5454844832420349 1.4649649884138443
[49 INFO root] -0.3798265755176544 -0.5452544093132019 1.4823373454890516
[49 INFO root] -0.3798050284385681 -0.5450159907341003 1.500457933021333
[49 INFO root] -0.3797870874404907 -0.5447674989700317 1.519303612026307
[49 INFO root] -0.37977319955825806 -0.5445072054862976 1.53884194870047
[49 INFO root] -0.3797639012336731 -0.5442330837249756 1.5590296214872301
[49 INFO root] -0.37975993752479553 -0.5439433455467224 1.579810987064852
[49 INFO root] -0.37976211309432983 -0.543635904788971 1.6011170969659434
[49 INFO root] -0.3797713816165924 -0.5433089733123779 1.622864667120774
[49 INFO root] -0.3797888159751892 -0.5429607033729553 1.644955165611771
[49 INFO root] -0.37981560826301575 -0.5425894856452942 1.6672742119260446
[49 INFO root] -0.3798530697822571 -0.5421938300132751 1.6896913741538315
[49 INFO root] -0.3799024820327759 -0.5417725443840027 1.7120604732653837
[49 INFO root] -0.3799651861190796 -0.5413247346878052 1.7342204931725784
[49 INFO root] -0.38004249334335327 -0.5408498048782349 1.7559971548136217
[49 INFO root] -0.3801354765892029 -0.540347695350647 1.7772096937883441
[49 INFO root] -0.3802450895309448 -0.5398190021514893 1.7976757024219752
[49 INFO root] -0.38037189841270447 -0.5392647385597229 1.8172143620004315
[49 INFO root] -0.3805162310600281 -0.5386863350868225 1.8356496098391695
[49 INFO root] -0.3806779980659485 -0.5380856990814209 1.852813340052603
[49 INFO root] -0.38085681200027466 -0.5374646782875061 1.8685484407791721
[49 INFO root] -0.3810518980026245 -0.53682541847229 1.8827115438302748
[49 INFO root] -0.38126224279403687 -0.5361700057983398 1.8951753760513042
[49 INFO root] -0.3814865052700043 -0.5355004072189331 1.9058306396178792
[49 INFO root] -0.3817231357097626 -0.5348184704780579 1.9145871559817622
[49 INFO root] -0.381971150636673 -0.5341238379478455 1.9222931209767427
[49 INFO root] -0.38223007321357727 -0.5334160923957825 1.9296115117682926
[49 INFO root] -0.3824995160102844 -0.5326961278915405 1.9366175422567484
[49 INFO root] -0.38277900218963623 -0.5319650173187256 1.943327907962506
[49 INFO root] -0.3830680847167969 -0.5312238335609436 1.9497633797126606
[49 INFO root] -0.383366197347641 -0.5304737687110901 1.9559498729739921
[49 INFO root] -0.38365232944488525 -0.5297666788101196 1.961163249340156
[49 INFO root] -0.3839057981967926 -0.5291496515274048 1.964623342409102
[49 INFO root] -0.38412734866142273 -0.5286158323287964 1.9662263322193654
[49 INFO root] -0.3843202292919159 -0.5281535387039185 1.9659493732327278
[49 INFO root] -0.3844873905181885 -0.5277528166770935 1.9637774279655316
[49 INFO root] -0.38463157415390015 -0.5274052619934082 1.9597026353124434
[49 INFO root] -0.384755402803421 -0.5271034836769104 1.9537224344373254
[49 INFO root] -0.3848613202571869 -0.5268409848213196 1.9458378369069675
[49 INFO root] -0.3849515914916992 -0.5266122817993164 1.9360521295802897
[49 INFO root] -0.3850284814834595 -0.5264119505882263 1.9243400090910296
[49 INFO root] -0.3850942552089691 -0.5262343883514404 1.9106297465739146
[49 INFO root] -0.3851461708545685 -0.5260883569717407 1.8953005655093456
[49 INFO root] -0.3851846158504486 -0.5259748101234436 1.878501246298932
[49 INFO root] -0.3852119445800781 -0.5258893966674805 1.8602119381847932
[49 INFO root] -0.38523051142692566 -0.5258275866508484 1.8403922513734288
[49 INFO root] -0.38524240255355835 -0.5257850885391235 1.8189949319179346
[49 INFO root] -0.38524943590164185 -0.5257576704025269 1.7959660281182415
[49 INFO root] -0.38525325059890747 -0.5257413387298584 1.7712451876773512
[49 INFO root] -0.3852551579475403 -0.5257320404052734 1.7447659717666646
[49 INFO root] -0.3852563202381134 -0.5257257223129272 1.716456231384965
[49 INFO root] -0.38525912165641785 -0.5257065892219543 1.6851328640307461
[49 INFO root] -0.38526734709739685 -0.5256356596946716 1.6478995560604013
[49 INFO root] -0.3852781355381012 -0.5254995226860046 1.6046643301140686
[49 INFO root] -0.3852859437465668 -0.5252875685691833 1.5557301468653462
[49 INFO root] -0.3852825164794922 -0.524989128112793 1.5014606874759213
[49 INFO root] -0.3852567672729492 -0.524594247341156 1.4422798600414761
[49 INFO root] -0.3851946294307709 -0.5240945816040039 1.3786757311026117
[49 INFO root] -0.3850792348384857 -0.5234843492507935 1.311206191874186
[49 INFO root] -0.38489165902137756 -0.522761344909668 1.2405043673092664
[49 INFO root] -0.3846116065979004 -0.5219280123710632 1.1672817852604496
[49 INFO root] -0.38421911001205444 -0.5209920406341553 1.0923327128248697
[49 INFO root] -0.383696049451828 -0.5199668407440186 1.0165248221552137
[49 INFO root] -0.38302844762802124 -0.518871545791626 0.940772322129943
[49 INFO root] -0.3822081685066223 -0.5177299380302429 0.8660047659046458
[49 INFO root] -0.38123467564582825 -0.5165689587593079 0.7931277081973481
[49 INFO root] -0.38011568784713745 -0.5154167413711548 0.7229764842841888
[49 INFO root] -0.37889227271080017 -0.5143221616744995 0.6569853402218125
[49 INFO root] -0.3776525855064392 -0.5133522748947144 0.5969206104596217
[49 INFO root] -0.3764376640319824 -0.5125152468681335 0.5426101046056828
[49 INFO root] -0.3752732574939728 -0.5118038058280945 0.49353264018116727
[49 INFO root] -0.3741758465766907 -0.5112059116363525 0.4491167431956245
[49 INFO root] -0.37315115332603455 -0.5107059478759766 0.40881959863715206
[49 INFO root] -0.3721860349178314 -0.5102828741073608 0.37228729735084953
[49 INFO root] -0.371286541223526 -0.5099275708198547 0.3390797978749333
[49 INFO root] -0.37045690417289734 -0.5096315741539001 0.3087543313067858
[49 INFO root] -0.36969736218452454 -0.5093865394592285 0.2808932461280077
[49 INFO root] -0.36900511384010315 -0.5091844797134399 0.255118575748077
[49 INFO root] -0.3683754503726959 -0.5090183615684509 0.23109873170022485
[49 INFO root] -0.3678024411201477 -0.5088819861412048 0.2085489276873848
[49 INFO root] -0.36726003885269165 -0.5087658166885376 0.187597576127486
[49 INFO root] -0.3667398691177368 -0.508665919303894 0.1682021473004502
[49 INFO root] -0.36623817682266235 -0.508579671382904 0.15028698999069187
[49 INFO root] -0.365751713514328 -0.50850510597229 0.13378143177115948
[49 INFO root] -0.36527737975120544 -0.5084404349327087 0.1186172320404745
[49 INFO root] -0.36481210589408875 -0.5083842873573303 0.10472415539363229
[49 INFO root] -0.3643527328968048 -0.5083353519439697 0.09202227897555042
[49 INFO root] -0.3638964891433716 -0.5082926154136658 0.08042339273064916
[49 INFO root] -0.36344099044799805 -0.5082554221153259 0.06983756273943115
[49 INFO root] -0.36298418045043945 -0.5082229375839233 0.06017560742076425
[49 INFO root] -0.3625241219997406 -0.5081948041915894 0.051351238010357
[49 INFO root] -0.36205899715423584 -0.508170485496521 0.043283656233253705
[49 INFO root] -0.3615871071815491 -0.5081496834754944 0.03590022847336151
[49 INFO root] -0.3611069321632385 -0.5081321001052856 0.029138787404818196
[49 INFO root] -0.36061719059944153 -0.5081174969673157 0.022949139854235284
[49 INFO root] -0.3601168394088745 -0.5081056952476501 0.01729342322251087
[49 INFO root] -0.3596052825450897 -0.5080965757369995 0.012145056640111387
[49 INFO root] -0.35908231139183044 -0.5080899596214294 0.007486171776765649
[49 INFO root] -0.3585481643676758 -0.5080856680870056 0.003303571370193472
[49 INFO root] -0.3580036163330078 -0.508083701133728 -0.000416560560305678
[49 INFO root] -0.3574499785900116 -0.508083701133728 -0.003694796690761776
[49 INFO root] -0.356889009475708 -0.5080856084823608 -0.006564892276514224
[49 INFO root] -0.35632309317588806 -0.5080891251564026 -0.00907980751407757
[49 INFO root] -0.35575491189956665 -0.5080941915512085 -0.011316587301850341
[49 INFO root] -0.3551875948905945 -0.5081004500389099 -0.013379427893930184
[49 INFO root] -0.3546244204044342 -0.5081079006195068 -0.015400440669884526
[49 INFO root] -0.3540688455104828 -0.5081163048744202 -0.01753791171708914
[49 INFO root] -0.3535241484642029 -0.5081257224082947 -0.019972212460536844
[49 INFO root] -0.3529934585094452 -0.5081362128257751 -0.022899868245465176
[49 INFO root] -0.3524794280529022 -0.5081478357315063 -0.026526556603472026
[49 INFO root] -0.3519842326641083 -0.5081607699394226 -0.031059923897751102
[49 INFO root] -0.3515094816684723 -0.5081753134727478 -0.03670313922533968
[49 INFO root] -0.35105615854263306 -0.508191704750061 -0.043649837314813845
[49 INFO root] -0.3506246507167816 -0.5082102417945862 -0.05208132953450335
[49 INFO root] -0.35021477937698364 -0.5082312226295471 -0.06216482586349567
[49 INFO root] -0.3498256206512451 -0.5082550644874573 -0.07405359923652982
[49 INFO root] -0.34945550560951233 -0.5082820653915405 -0.08788862608266756
[49 INFO root] -0.3491024971008301 -0.5083126425743103 -0.10380969478938078
[49 INFO root] -0.34876394271850586 -0.5083473324775696 -0.12194785986187398
[49 INFO root] -0.3484363555908203 -0.5083868503570557 -0.14242311010773162
[49 INFO root] -0.3481154143810272 -0.5084322094917297 -0.16534537324756252
[49 INFO root] -0.34779325127601624 -0.5084851980209351 -0.19062657604955918
[49 INFO root] -0.3474475145339966 -0.5085511207580566 -0.21716174436792576
[49 INFO root] -0.34707731008529663 -0.5086318254470825 -0.24488018836030673
[49 INFO root] -0.3466838598251343 -0.5087290406227112 -0.27383649637406865
[49 INFO root] -0.34626731276512146 -0.5088448524475098 -0.30408057852782183
[49 INFO root] -0.3458268344402313 -0.5089816451072693 -0.33565351665894677
[49 INFO root] -0.34536078572273254 -0.5091426968574524 -0.36858109930887173
[49 INFO root] -0.3448665142059326 -0.5093318223953247 -0.4028631282687145
[49 INFO root] -0.34434089064598083 -0.509553849697113 -0.43846162071070544
[49 INFO root] -0.34377965331077576 -0.5098147988319397 -0.47527349386759804
[49 INFO root] -0.34317728877067566 -0.5101221799850464 -0.5130934412101601
[49 INFO root] -0.3425273299217224 -0.5104854106903076 -0.5515745534392416
[49 INFO root] -0.34182319045066833 -0.5109152793884277 -0.5901932558811515
[49 INFO root] -0.3410589396953583 -0.5114233493804932 -0.6283399637173167
[49 INFO root] -0.34022948145866394 -0.5120216012001038 -0.6654382781162727
[49 INFO root] -0.3393363356590271 -0.5127177238464355 -0.7002330952418229
[49 INFO root] -0.33838555216789246 -0.5135137438774109 -0.7313740897856646
[49 INFO root] -0.3373861312866211 -0.514405369758606 -0.7576357248076325
[49 INFO root] -0.3363429307937622 -0.5153873562812805 -0.7786216741904508
[49 INFO root] -0.33526352047920227 -0.5164479613304138 -0.7941652183860126
[49 INFO root] -0.3341568410396576 -0.5175708532333374 -0.8045811307285544
[49 INFO root] -0.33302974700927734 -0.518739640712738 -0.8104572782574034
[49 INFO root] -0.331886887550354 -0.5199398994445801 -0.8124979576376921
[49 INFO root] -0.33073145151138306 -0.5211592316627502 -0.8114349414737877
[49 INFO root] -0.3295658230781555 -0.5223874449729919 -0.8079711194611264
[49 INFO root] -0.3283920884132385 -0.5236162543296814 -0.8027478785049402
[49 INFO root] -0.32721230387687683 -0.5248389840126038 -0.7963294427238248
[49 INFO root] -0.3260287046432495 -0.5260502696037292 -0.7891983347714048
[49 INFO root] -0.3248435854911804 -0.5272461771965027 -0.781757635695838
[49 INFO root] -0.3236593008041382 -0.5284236073493958 -0.7743370842631729
[49 INFO root] -0.3224782645702362 -0.5295805335044861 -0.7672010693775007
[49 INFO root] -0.32130277156829834 -0.5307156443595886 -0.7605572632499858
[49 INFO root] -0.3201349675655365 -0.5318283438682556 -0.7545651138675029
[49 INFO root] -0.3189767897129059 -0.5329185128211975 -0.7493437339230099
[49 INFO root] -0.31782954931259155 -0.5339870452880859 -0.7449663884504293
[49 INFO root] -0.31669411063194275 -0.5350351333618164 -0.7414705791388305
[49 INFO root] -0.3155710697174072 -0.5360643267631531 -0.7388735027901476
[49 INFO root] -0.3144609034061432 -0.5370762348175049 -0.7371791501697895
[49 INFO root] -0.31336402893066406 -0.5380724668502808 -0.7363822488314854
[49 INFO root] -0.31228071451187134 -0.5390546321868896 -0.7364711029560106
[49 INFO root] -0.31121113896369934 -0.5400243401527405 -0.7374297158556739
[49 INFO root] -0.31015545129776 -0.5409831404685974 -0.7392393790950144
[49 INFO root] -0.30911368131637573 -0.5419325232505798 -0.7418798601160386
[49 INFO root] -0.3080858886241913 -0.5428740382194519 -0.7453302819540453
[49 INFO root] -0.30707213282585144 -0.5438089966773987 -0.7495697568566293
[49 INFO root] -0.3060724437236786 -0.5447387099266052 -0.7545778131399558
[49 INFO root] -0.3050868809223175 -0.545664370059967 -0.760334639974189
[49 INFO root] -0.30411553382873535 -0.5465871691703796 -0.7668211666725859
[49 INFO root] -0.30315858125686646 -0.5475080013275146 -0.7740189905166641
[49 INFO root] -0.30221623182296753 -0.5484278202056885 -0.7819099854339095
[49 INFO root] -0.3012887239456177 -0.5493474006652832 -0.7904750510583326
[49 INFO root] -0.30037638545036316 -0.5502674579620361 -0.7996927578758506
[49 INFO root] -0.29947957396507263 -0.551188588142395 -0.8095384729916464
[49 INFO root] -0.2986523509025574 -0.5520548820495605 -0.8178482974781014
[49 INFO root] -0.2979002594947815 -0.5528559684753418 -0.8240322984255127
[49 INFO root] -0.29721081256866455 -0.5535998940467834 -0.8281644335619887
[49 INFO root] -0.2965726852416992 -0.5542944669723511 -0.8303639007759142
[49 INFO root] -0.29597708582878113 -0.5549458861351013 -0.8307390005628709
[49 INFO root] -0.29541710019111633 -0.5555590391159058 -0.8293846993889828
[49 INFO root] -0.2948870062828064 -0.5561380982398987 -0.8263761731633688
[49 INFO root] -0.29438164830207825 -0.55668705701828 -0.8217564849688297
[49 INFO root] -0.2938966751098633 -0.5572091341018677 -0.8155544959474795
[49 INFO root] -0.29342857003211975 -0.5577070116996765 -0.8077605645961895
[49 INFO root] -0.2929743230342865 -0.5581828355789185 -0.7983447634095266
[49 INFO root] -0.29253125190734863 -0.5586383938789368 -0.7872685911218368
[49 INFO root] -0.292096883058548 -0.5590753555297852 -0.7744868253159903
[49 INFO root] -0.2916688024997711 -0.5594953298568726 -0.7599484620998792
[49 INFO root] -0.2912440896034241 -0.559900164604187 -0.743591934440271
[49 INFO root] -0.29081907868385315 -0.5602923035621643 -0.725345267770395
[49 INFO root] -0.29038992524147034 -0.5606741905212402 -0.7051447120956598
[49 INFO root] -0.2899526357650757 -0.5610479116439819 -0.682942811907587
[49 INFO root] -0.28945982456207275 -0.5614504814147949 -0.6611770072272449
[49 INFO root] -0.2889023721218109 -0.5618859529495239 -0.6406502010301703
[49 INFO root] -0.2882901132106781 -0.5623442530632019 -0.6212170331465116
[49 INFO root] -0.28763216733932495 -0.5628170371055603 -0.6026726253305191
[49 INFO root] -0.28693467378616333 -0.563298761844635 -0.5848659779163247
[49 INFO root] -0.28620484471321106 -0.5637838244438171 -0.567686442438394
[49 INFO root] -0.28544893860816956 -0.5642676949501038 -0.5511031822155549
[49 INFO root] -0.28467029333114624 -0.5647479891777039 -0.5352034305304095
[49 INFO root] -0.28386983275413513 -0.565224289894104 -0.520195409283861
[49 INFO root] -0.2830471992492676 -0.5656971335411072 -0.5063953767692437
[49 INFO root] -0.28220170736312866 -0.5661675930023193 -0.4942139853890711
[49 INFO root] -0.2813331186771393 -0.5666369199752808 -0.4841260988838193
[49 INFO root] -0.2804420590400696 -0.5671066641807556 -0.4766295126902617
[49 INFO root] -0.27952995896339417 -0.5675784349441528 -0.4722010162794695
[49 INFO root] -0.27859899401664734 -0.5680544376373291 -0.4712559893280648
[49 INFO root] -0.27765128016471863 -0.5685374140739441 -0.4741160583200798
[49 INFO root] -0.2766881585121155 -0.5690313577651978 -0.48098711827384094
[49 INFO root] -0.2757110595703125 -0.5695404410362244 -0.4919490866537185
[49 INFO root] -0.274721622467041 -0.5700692534446716 -0.5069574765224485
[49 INFO root] -0.27372172474861145 -0.5706226825714111 -0.5258533140020165
[49 INFO root] -0.27271324396133423 -0.5712054371833801 -0.548377939622636
[49 INFO root] -0.27169808745384216 -0.571822464466095 -0.5742185820475912
[49 INFO root] -0.27067169547080994 -0.5724828243255615 -0.6030267147122591
[49 INFO root] -0.26962587237358093 -0.573198676109314 -0.6342102192479127
[49 INFO root] -0.2685897946357727 -0.5739558935165405 -0.6651194026801659
[49 INFO root] -0.26756927371025085 -0.5747512578964233 -0.6953642602967759
[49 INFO root] -0.26656728982925415 -0.5755822062492371 -0.7248129170688636
[49 INFO root] -0.26558718085289 -0.5764451026916504 -0.7533154538647573
[49 INFO root] -0.2646324634552002 -0.5773353576660156 -0.7807092372877881
[49 INFO root] -0.263706773519516 -0.5782473683357239 -0.8068259435362877
[49 INFO root] -0.262813538312912 -0.579174816608429 -0.8314995418539075
[49 INFO root] -0.2619559168815613 -0.5801107287406921 -0.8545743002835545
[49 INFO root] -0.2611364424228668 -0.5810477137565613 -0.8759119168392677
[49 INFO root] -0.2603570222854614 -0.5819786190986633 -0.89539706870984
[49 INFO root] -0.2596188485622406 -0.58289635181427 -0.9129409462540748
[49 INFO root] -0.25892218947410583 -0.5837945938110352 -0.9284826508966808
[49 INFO root] -0.25826671719551086 -0.5846677422523499 -0.9419886208366272
[49 INFO root] -0.25765132904052734 -0.5855113863945007 -0.9534504596555918
[49 INFO root] -0.25707119703292847 -0.586326539516449 -0.9629203383722462
[49 INFO root] -0.25649991631507874 -0.587145984172821 -0.9713445436134008
[49 INFO root] -0.25593432784080505 -0.5879721641540527 -0.9787715248765984
[49 INFO root] -0.25537407398223877 -0.5888038873672485 -0.9851622278210357
[49 INFO root] -0.25481879711151123 -0.5896399617195129 -0.9904969137112968
[49 INFO root] -0.25426796078681946 -0.5904791951179504 -0.9947701066751546
[49 INFO root] -0.2537209689617157 -0.5913205742835999 -0.9979868398891902
[49 INFO root] -0.2531772255897522 -0.5921630859375 -1.0001598248632475
[49 INFO root] -0.25263601541519165 -0.593005895614624 -1.0013073387403673
[49 INFO root] -0.25209659337997437 -0.5938481688499451 -1.001451675102913
[49 INFO root] -0.25155749917030334 -0.5946904420852661 -1.0014560996443047
[49 INFO root] -0.2510179281234741 -0.5955334305763245 -1.0014360713814205
[49 INFO root] -0.25047433376312256 -0.596382737159729 -1.0012538406622755
[49 INFO root] -0.24992768466472626 -0.5972364544868469 -1.0009560837809124
[49 INFO root] -0.24937927722930908 -0.5980924367904663 -1.0005990579801107
[49 INFO root] -0.24883008003234863 -0.5989489555358887 -1.0002247536660238
[49 INFO root] -0.2482808530330658 -0.5998048186302185 -0.9998640759203956
[49 INFO root] -0.24773214757442474 -0.600659191608429 -0.9995391336301873
[49 INFO root] -0.24718444049358368 -0.6015113592147827 -0.999265354145395
[49 INFO root] -0.24665910005569458 -0.6023283004760742 -0.9977274893191362
[49 INFO root] -0.24615895748138428 -0.6031035780906677 -0.9945385080690868
[49 INFO root] -0.24568182229995728 -0.6038383841514587 -0.9895645825863462
[49 INFO root] -0.24522516131401062 -0.6045343279838562 -0.9826955522470453
[49 INFO root] -0.24478647112846375 -0.6051932573318481 -0.9738337385209946
[49 INFO root] -0.24436305463314056 -0.605817437171936 -0.9628956578523297
[49 INFO root] -0.24395206570625305 -0.6064095497131348 -0.94981292712325
[49 INFO root] -0.2435498982667923 -0.6069732904434204 -0.9345531011887497
[49 INFO root] -0.2431516945362091 -0.6075141429901123 -0.9171390150365439
[49 INFO root] -0.24275247752666473 -0.6080372333526611 -0.8976064866997958
[49 INFO root] -0.24234749376773834 -0.6085471510887146 -0.8759949011774524
[49 INFO root] -0.2419322282075882 -0.6090475916862488 -0.8523482547265699
[49 INFO root] -0.24150235950946808 -0.6095415949821472 -0.8267167737371727
[49 INFO root] -0.24105384945869446 -0.610031247138977 -0.7991580733787298
[49 INFO root] -0.2405829280614853 -0.6105179190635681 -0.7697377337083694
[49 INFO root] -0.2400861233472824 -0.6110022068023682 -0.7385292975580595
[49 INFO root] -0.2395603507757187 -0.6114838123321533 -0.7056136807358763
[49 INFO root] -0.23900291323661804 -0.6119617819786072 -0.6710780020961231
[49 INFO root] -0.23840895295143127 -0.6124366521835327 -0.6346619969985587
[49 INFO root] -0.23776966333389282 -0.612910807132721 -0.5958012532186654
