[31 INFO root] Initialising Python Geth Console...
[31 INFO root] Initialising RandB board...
[31 INFO root] Initialising resource sensor...
[31 INFO root] Initialising random-walk...
[31 INFO root] Initialising navigation...
[31 INFO root] Initialising Odo...
[31 INFO root] Initialising odometry...
[31 INFO root] Initialising gps...
[31 INFO root] Initialising Ground sensor...
[31 INFO root] --//-- Starting Experiment --//--
[31 INFO root] x y direction
[31 INFO root] -0.6391969919204712 0.39146700501441956 -0.01263618378443912
[31 INFO root] -0.6373221278190613 0.39144331216812134 -0.03660441656994121
[31 INFO root] -0.631284236907959 0.3912773132324219 -0.05817709137723007
[31 INFO root] -0.623696506023407 0.3908640444278717 -0.07599000455532781
[31 INFO root] -0.6170891523361206 0.390384703874588 -0.09375679510153649
[31 INFO root] -0.6113705635070801 0.3898642063140869 -0.11299303885245239
[31 INFO root] -0.6064739227294922 0.38932478427886963 -0.12847078983020507
[31 INFO root] -0.6021091341972351 0.38876914978027344 -0.14458727787605932
[31 INFO root] -0.5980748534202576 0.38818883895874023 -0.16387379720272896
[31 INFO root] -0.5940450429916382 0.3875303864479065 -0.17654756659776463
[31 INFO root] -0.5900262594223022 0.38681867718696594 -0.18160886319942007
[31 INFO root] -0.5860645174980164 0.38609325885772705 -0.17997204496218214
[31 INFO root] -0.5821826457977295 0.38538631796836853 -0.1726613029933421
[31 INFO root] -0.5783873796463013 0.3847215175628662 -0.16061198395156687
[31 INFO root] -0.5746760368347168 0.3841155469417572 -0.14462585360048497
[31 INFO root] -0.5710406303405762 0.3835800290107727 -0.12538001137945592
[31 INFO root] -0.567470908164978 0.383122980594635 -0.10344478970030484
[31 INFO root] -0.5639566779136658 0.3827502429485321 -0.07930304893760576
[31 INFO root] -0.5604814887046814 0.38246551156044006 -0.05354520634647503
[31 INFO root] -0.5570253729820251 0.38227128982543945 -0.02684326115087405
[31 INFO root] -0.5535757541656494 0.3821694254875183 0.00029081659827300335
[31 INFO root] -0.5501413941383362 0.38216108083724976 0.021953192510232762
[31 INFO root] -0.5467439889907837 0.38222822546958923 0.033455721396670926
[31 INFO root] -0.543390691280365 0.3823365569114685 0.03540621793055807
[31 INFO root] -0.5400809049606323 0.38245314359664917 0.029075285504350432
[31 INFO root] -0.5368121862411499 0.38255029916763306 0.015803773335966175
[31 INFO root] -0.5335841774940491 0.382605642080307 -0.002997269547311627
[31 INFO root] -0.5303966999053955 0.38260215520858765 -0.025985392647333187
[31 INFO root] -0.5272501111030579 0.3825277090072632 -0.05193363805024328
[31 INFO root] -0.5241457223892212 0.38237449526786804 -0.07974182627975927
[31 INFO root] -0.5210859775543213 0.3821386396884918 -0.10843933197020458
[31 INFO root] -0.5180739164352417 0.38181957602500916 -0.13718405670542475
[31 INFO root] -0.5151128172874451 0.3814195692539215 -0.16525895210259528
[31 INFO root] -0.512205958366394 0.38094326853752136 -0.19206646397003194
[31 INFO root] -0.5093555450439453 0.3803969919681549 -0.21712093540861294
[31 INFO root] -0.5065629482269287 0.3797883987426758 -0.24003906324694146
[31 INFO root] -0.503828227519989 0.37912577390670776 -0.2605287364334522
[31 INFO root] -0.5011500716209412 0.3784177899360657 -0.2783768334835368
[31 INFO root] -0.49852606654167175 0.3776729702949524 -0.29343671242885666
[31 INFO root] -0.4959525763988495 0.3768996596336365 -0.3056161504436087
[31 INFO root] -0.4934253394603729 0.37610572576522827 -0.31486638489317437
[31 INFO root] -0.4909411668777466 0.3752991855144501 -0.3211718238987949
[31 INFO root] -0.48849737644195557 0.37448790669441223 -0.32454501248538337
[31 INFO root] -0.48609089851379395 0.37367919087409973 -0.3250191230343851
[31 INFO root] -0.48371854424476624 0.37287989258766174 -0.3226398622824699
[31 INFO root] -0.4813772439956665 0.37209653854370117 -0.3174592171712189
[31 INFO root] -0.479064404964447 0.3713352382183075 -0.3095310521340279
[31 INFO root] -0.4767780005931854 0.370602011680603 -0.2989081270119871
[31 INFO root] -0.47451654076576233 0.36990249156951904 -0.2856403861882278
[31 INFO root] -0.47227925062179565 0.36924219131469727 -0.2696984057417878
[31 INFO root] -0.47006529569625854 0.36862635612487793 -0.2508622892257666
[31 INFO root] -0.46787190437316895 0.36805981397628784 -0.2290335134128982
[31 INFO root] -0.46569424867630005 0.36754706501960754 -0.20428915385942906
[31 INFO root] -0.46352601051330566 0.36709222197532654 -0.1768691042825102
[31 INFO root] -0.4613599181175232 0.36669889092445374 -0.14717649074286618
[31 INFO root] -0.4591884911060333 0.36637037992477417 -0.11579615747201494
[31 INFO root] -0.45700517296791077 0.3661094903945923 -0.083524467077447
[31 INFO root] -0.45480605959892273 0.36591824889183044 -0.05139974421350135
[31 INFO root] -0.45259174704551697 0.365797221660614 -0.02070738422282118
[31 INFO root] -0.45036932826042175 0.36574438214302063 0.007068830871040998
[31 INFO root] -0.4481534957885742 0.3657538890838623 0.030365255810439456
[31 INFO root] -0.44596555829048157 0.3658151626586914 0.04771261348229681
[31 INFO root] -0.44383010268211365 0.3659133315086365 0.05791651272168398
[31 INFO root] -0.4417700171470642 0.36603060364723206 0.06018216787827029
[31 INFO root] -0.4398018717765808 0.3661487400531769 0.05414708939637016
[31 INFO root] -0.4379331171512604 0.3662512004375458 0.03983134144955952
[31 INFO root] -0.43616077303886414 0.3663245141506195 0.017544329280327238
[31 INFO root] -0.434472918510437 0.36635804176330566 -0.012219697728571552
[31 INFO root] -0.4328521490097046 0.36634325981140137 -0.04885154379026796
[31 INFO root] -0.43127843737602234 0.3662722408771515 -0.09166417573731367
[31 INFO root] -0.4297294318675995 0.3661365807056427 -0.13991791094498504
[31 INFO root] -0.42818498611450195 0.3659266531467438 -0.192800285977817
[31 INFO root] -0.42663028836250305 0.3656315207481384 -0.24942418839076708
[31 INFO root] -0.4250571131706238 0.36524003744125366 -0.30884188907762194
[31 INFO root] -0.42346447706222534 0.3647420406341553 -0.37007086583868837
[31 INFO root] -0.42185845971107483 0.3641299903392792 -0.4321299472565848
[31 INFO root] -0.42025092244148254 0.3634003698825836 -0.49408226699238605
[31 INFO root] -0.41865798830986023 0.36255478858947754 -0.5528485164212135
[31 INFO root] -0.41709867119789124 0.36160510778427124 -0.6067975633795073
[31 INFO root] -0.4155760705471039 0.36056020855903625 -0.6553727720505541
[31 INFO root] -0.41410747170448303 0.3594425618648529 -0.6985467197798868
[31 INFO root] -0.4127066135406494 0.35827651619911194 -0.7364765192054701
[31 INFO root] -0.4113818407058716 0.357084721326828 -0.7694365427110581
[31 INFO root] -0.41013696789741516 0.35588711500167847 -0.7977762801472404
[31 INFO root] -0.40897226333618164 0.3547002077102661 -0.8218822299836239
[31 INFO root] -0.40788552165031433 0.35353702306747437 -0.842147108855646
[31 INFO root] -0.40687307715415955 0.35240742564201355 -0.8589470400984455
[31 INFO root] -0.40593037009239197 0.3513186275959015 -0.8726260477625493
[31 INFO root] -0.40505269169807434 0.35027578473091125 -0.8834866691301577
[31 INFO root] -0.40423545241355896 0.34928247332572937 -0.8917855346082781
[31 INFO root] -0.40347450971603394 0.3483412563800812 -0.8977321299119939
[31 INFO root] -0.40276604890823364 0.3474538028240204 -0.9014918135052711
[31 INFO root] -0.40210673213005066 0.3466210663318634 -0.9031936433916004
[31 INFO root] -0.40148410201072693 0.34583157300949097 -0.9033433733542446
[31 INFO root] -0.4008651077747345 0.34504619240760803 -0.9033433733542446
[31 INFO root] -0.40024611353874207 0.3442607820034027 -0.9033433733542446
[31 INFO root] -0.39962711930274963 0.3434753715991974 -0.9033433733542446
[31 INFO root] -0.3990081250667572 0.34268999099731445 -0.9033433733542446
[31 INFO root] -0.39838916063308716 0.34190458059310913 -0.9033433733542446
[31 INFO root] -0.3977701663970947 0.3411191701889038 -0.9033433733542446
[31 INFO root] -0.3971511721611023 0.3403337895870209 -0.9033433733542446
[31 INFO root] -0.39653217792510986 0.33954837918281555 -0.9033433733542446
[31 INFO root] -0.39591318368911743 0.33876296877861023 -0.9033433733542446
[31 INFO root] -0.3952784836292267 0.33795762062072754 -0.902601182759542
[31 INFO root] -0.3946254849433899 0.33713021874427795 -0.9010282121177671
[31 INFO root] -0.39395585656166077 0.3362843096256256 -0.8987466138982565
[31 INFO root] -0.39327138662338257 0.3354235887527466 -0.8958844142442111
[31 INFO root] -0.3925737142562866 0.3345513343811035 -0.8925565924644304
[31 INFO root] -0.3918643891811371 0.33367040753364563 -0.8888650246089593
[31 INFO root] -0.3911447525024414 0.3327833414077759 -0.8848994593556059
[31 INFO root] -0.39041614532470703 0.3318924009799957 -0.8807386001715396
[31 INFO root] -0.38967975974082947 0.3309995234012604 -0.8764511667761444
[31 INFO root] -0.3889367878437042 0.3301064670085907 -0.8720969092634792
[31 INFO root] -0.3881884515285492 0.329214870929718 -0.8677332294919732
[31 INFO root] -0.3874373435974121 0.32832786440849304 -0.8634679014549742
[31 INFO root] -0.3866860568523407 0.327448308467865 -0.859398565466906
[31 INFO root] -0.38593682646751404 0.32657837867736816 -0.8555990034561878
[31 INFO root] -0.38519150018692017 0.3257196247577667 -0.8521217146841967
[31 INFO root] -0.3844515383243561 0.32487308979034424 -0.8490013987897187
[31 INFO root] -0.3837181031703949 0.3240393400192261 -0.8462579993709152
[31 INFO root] -0.3829919993877411 0.32321855425834656 -0.8438992875381901
[31 INFO root] -0.3822738230228424 0.3224106431007385 -0.8419230213374341
[31 INFO root] -0.38156384229660034 0.32161515951156616 -0.8403187325254132
[31 INFO root] -0.3808620870113373 0.3208315074443817 -0.8390691993501305
[31 INFO root] -0.3801684081554413 0.3200588524341583 -0.8381516660930709
[31 INFO root] -0.3794824182987213 0.3192962408065796 -0.8375388690329166
[31 INFO root] -0.3788035809993744 0.31854256987571716 -0.8371999252829424
[31 INFO root] -0.37813127040863037 0.3177966773509979 -0.8371011361290402
[31 INFO root] -0.37746143341064453 0.3170537054538727 -0.8370936247872668
[31 INFO root] -0.3767918050289154 0.3163110017776489 -0.8370936247872668
[31 INFO root] -0.37612220644950867 0.31556832790374756 -0.8370936247872668
[31 INFO root] -0.37545257806777954 0.3148256242275238 -0.8370936247872668
[31 INFO root] -0.3747829496860504 0.31408292055130005 -0.8370936247872668
[31 INFO root] -0.3741133213043213 0.3133402168750763 -0.8370936247872668
[31 INFO root] -0.37344369292259216 0.31259751319885254 -0.8370936247872668
[31 INFO root] -0.37277406454086304 0.3118548095226288 -0.8370936247872668
[31 INFO root] -0.3721044361591339 0.31111210584640503 -0.8370936247872668
[31 INFO root] -0.3714348375797272 0.3103694021701813 -0.8370936247872668
[31 INFO root] -0.37076520919799805 0.3096267282962799 -0.8370936247872668
[31 INFO root] -0.3700955808162689 0.30888402462005615 -0.8370936247872668
[31 INFO root] -0.3694259524345398 0.3081413209438324 -0.8370936247872668
[31 INFO root] -0.36875632405281067 0.30739861726760864 -0.8370936247872668
[31 INFO root] -0.36808669567108154 0.3066559135913849 -0.8370936247872668
[31 INFO root] -0.3674170672893524 0.30591320991516113 -0.8370936247872668
[31 INFO root] -0.3667474687099457 0.3051705062389374 -0.8370936247872668
[31 INFO root] -0.36607682704925537 0.3044266998767853 -0.8370613627988611
[31 INFO root] -0.36540111899375916 0.3036772906780243 -0.8368656496533743
[31 INFO root] -0.36472028493881226 0.30292248725891113 -0.8365122904899163
[31 INFO root] -0.3640349209308624 0.30216315388679504 -0.8360248915577022
[31 INFO root] -0.36334556341171265 0.3014001250267029 -0.8354266384156207
[31 INFO root] -0.3626526892185211 0.30063414573669434 -0.8347383482463628
[31 INFO root] -0.36195680499076843 0.29986584186553955 -0.8339779087669111
[31 INFO root] -0.36125826835632324 0.2990958094596863 -0.8331605405092928
[31 INFO root] -0.3605574369430542 0.29832446575164795 -0.8322991573483395
[31 INFO root] -0.3598545789718628 0.2975522577762604 -0.8314046889777176
[31 INFO root] -0.3591499626636505 0.29677948355674744 -0.8304863615768155
[31 INFO root] -0.3584437966346741 0.2960064709186554 -0.8295519413445943
[31 INFO root] -0.3577363193035126 0.2952333986759186 -0.8286079453271386
[31 INFO root] -0.35702764987945557 0.2944605350494385 -0.827659823550586
[31 INFO root] -0.356317937374115 0.293688029050827 -0.8267121160635983
[31 INFO root] -0.3556073307991028 0.2929159998893738 -0.8257685881059041
[31 INFO root] -0.3548959493637085 0.2921445667743683 -0.8248323462575156
[31 INFO root] -0.3541838824748993 0.2913738787174225 -0.8239059380899441
[31 INFO root] -0.35347121953964233 0.2906039357185364 -0.8229914375372374
[31 INFO root] -0.3527580201625824 0.2898348569869995 -0.822090517930711
[31 INFO root] -0.35204437375068665 0.28906670212745667 -0.8212045143957445
[31 INFO root] -0.35133033990859985 0.28829944133758545 -0.8203344770903946
[31 INFO root] -0.3506159484386444 0.2875331938266754 -0.8194812165718252
[31 INFO root] -0.3499012589454651 0.2867678999900818 -0.818645342405714
[31 INFO root] -0.34918633103370667 0.28600364923477173 -0.8178272959836371
[31 INFO root] -0.34847164154052734 0.28524091839790344 -0.8170397154637477
[31 INFO root] -0.3477591872215271 0.2844817638397217 -0.8163301538282961
[31 INFO root] -0.34705084562301636 0.28372809290885925 -0.8157440666189293
[31 INFO root] -0.34634822607040405 0.28298139572143555 -0.8153157044645302
[31 INFO root] -0.3456525504589081 0.28224271535873413 -0.8150684291067726
[31 INFO root] -0.3449645936489105 0.28151264786720276 -0.8150157855037274
[31 INFO root] -0.34427860379219055 0.2807847559452057 -0.8150124800351227
[31 INFO root] -0.34359273314476013 0.28005701303482056 -0.8150124800351227
[31 INFO root] -0.3429068922996521 0.2793292999267578 -0.8150124800351227
[31 INFO root] -0.3422210216522217 0.2786015570163727 -0.8150124800351227
[31 INFO root] -0.34153515100479126 0.27787381410598755 -0.8150124800351227
[31 INFO root] -0.3408493101596832 0.2771461009979248 -0.8150124800351227
[31 INFO root] -0.3401634395122528 0.2764183580875397 -0.8150124800351227
[31 INFO root] -0.3394775986671448 0.27569061517715454 -0.8150124800351227
[31 INFO root] -0.33879172801971436 0.2749628722667694 -0.8150124800351227
[31 INFO root] -0.33810585737228394 0.27423515915870667 -0.8150124800351227
[31 INFO root] -0.3374200165271759 0.27350741624832153 -0.8150124800351227
[31 INFO root] -0.3367341458797455 0.2727796733379364 -0.8150124800351227
[31 INFO root] -0.33604827523231506 0.27205196022987366 -0.8150124800351227
[31 INFO root] -0.33536243438720703 0.2713242173194885 -0.8150124800351227
[31 INFO root] -0.3346765637397766 0.2705964744091034 -0.8150124800351227
[31 INFO root] -0.3339907228946686 0.26986873149871826 -0.8150124800351227
[31 INFO root] -0.33330485224723816 0.2691410183906555 -0.8150124800351227
[31 INFO root] -0.33261898159980774 0.2684132754802704 -0.8150124800351227
[31 INFO root] -0.3319331407546997 0.26768553256988525 -0.8150124800351227
[31 INFO root] -0.3312472701072693 0.2669578194618225 -0.8150124800351227
[31 INFO root] -0.33056142926216125 0.2662300765514374 -0.8150124800351227
[31 INFO root] -0.32987555861473083 0.26550233364105225 -0.8150124800351227
[31 INFO root] -0.3291896879673004 0.2647746205329895 -0.8150124800351227
[31 INFO root] -0.3285038471221924 0.26404687762260437 -0.8150124800351227
[31 INFO root] -0.32781797647476196 0.26331913471221924 -0.8150124800351227
[31 INFO root] -0.32713210582733154 0.2625913918018341 -0.8150124800351227
[31 INFO root] -0.3264462649822235 0.26186367869377136 -0.8150124800351227
[31 INFO root] -0.3257603943347931 0.26113593578338623 -0.8150124800351227
[31 INFO root] -0.32507455348968506 0.2604081928730011 -0.8150124800351227
[31 INFO root] -0.32438868284225464 0.25968047976493835 -0.8150124800351227
[31 INFO root] -0.3237028121948242 0.2589527368545532 -0.8150124800351227
[31 INFO root] -0.3230169713497162 0.2582249939441681 -0.8150124800351227
[31 INFO root] -0.32233110070228577 0.25749725103378296 -0.8150124800351227
[31 INFO root] -0.32164523005485535 0.2567695379257202 -0.8150124800351227
[31 INFO root] -0.3209593892097473 0.2560417950153351 -0.8150124800351227
[31 INFO root] -0.3202735185623169 0.25531405210494995 -0.8150124800351227
[31 INFO root] -0.31958767771720886 0.2545863389968872 -0.8150124800351227
[31 INFO root] -0.31890180706977844 0.2538585960865021 -0.8150124800351227
[31 INFO root] -0.318215936422348 0.25313085317611694 -0.8150124800351227
[31 INFO root] -0.31753009557724 0.2524031400680542 -0.8150124800351227
[31 INFO root] -0.31684422492980957 0.25167539715766907 -0.8150124800351227
[31 INFO root] -0.31615838408470154 0.25094765424728394 -0.8150124800351227
[31 INFO root] -0.3154725134372711 0.2502199113368988 -0.8150124800351227
[31 INFO root] -0.3147866427898407 0.24949218332767487 -0.8150124800351227
[31 INFO root] -0.31410080194473267 0.24876445531845093 -0.8150124800351227
[31 INFO root] -0.31341493129730225 0.248036727309227 -0.8150124800351227
[31 INFO root] -0.3127290606498718 0.24730898439884186 -0.8150124800351227
[31 INFO root] -0.3120432198047638 0.24658125638961792 -0.8150124800351227
[31 INFO root] -0.3113573491573334 0.2458535134792328 -0.8150124800351227
[31 INFO root] -0.31067150831222534 0.24512578547000885 -0.8150124800351227
[31 INFO root] -0.3099856376647949 0.2443980574607849 -0.8150124800351227
[31 INFO root] -0.3092997670173645 0.24367031455039978 -0.8150124800351227
[31 INFO root] -0.30861392617225647 0.24294258654117584 -0.8150124800351227
[31 INFO root] -0.30792805552482605 0.2422148436307907 -0.8150124800351227
[31 INFO root] -0.30724218487739563 0.24148711562156677 -0.8150124800351227
[31 INFO root] -0.3065563440322876 0.24075937271118164 -0.8150124800351227
[31 INFO root] -0.3058704733848572 0.2400316447019577 -0.8150124800351227
[31 INFO root] -0.30518463253974915 0.23930391669273376 -0.8150124800351227
[31 INFO root] -0.3044987618923187 0.23857617378234863 -0.8150124800351227
[31 INFO root] -0.3038128912448883 0.2378484457731247 -0.8150124800351227
[31 INFO root] -0.3031270503997803 0.23712070286273956 -0.8150124800351227
[31 INFO root] -0.30244117975234985 0.23639297485351562 -0.8150124800351227
[31 INFO root] -0.3017553389072418 0.2356652468442917 -0.8150124800351227
[31 INFO root] -0.3010694682598114 0.23493750393390656 -0.8150124800351227
[31 INFO root] -0.300383597612381 0.23420977592468262 -0.8150124800351227
[31 INFO root] -0.29969775676727295 0.23348203301429749 -0.8150124800351227
[31 INFO root] -0.29901188611984253 0.23275430500507355 -0.8150124800351227
[31 INFO root] -0.2983260154724121 0.2320265769958496 -0.8150124800351227
[31 INFO root] -0.2976401746273041 0.23129883408546448 -0.8150124800351227
[31 INFO root] -0.29695430397987366 0.23057110607624054 -0.8150124800351227
[31 INFO root] -0.2962684631347656 0.2298433631658554 -0.8150124800351227
[31 INFO root] -0.2955825924873352 0.22911563515663147 -0.8150124800351227
[31 INFO root] -0.2948967218399048 0.22838789224624634 -0.8150124800351227
[31 INFO root] -0.29421088099479675 0.2276601642370224 -0.8150124800351227
[31 INFO root] -0.29352501034736633 0.22693243622779846 -0.8150124800351227
[31 INFO root] -0.2928391396999359 0.22620469331741333 -0.8150124800351227
[31 INFO root] -0.2921532988548279 0.2254769653081894 -0.8150124800351227
[31 INFO root] -0.29146742820739746 0.22474922239780426 -0.8150124800351227
[31 INFO root] -0.29078158736228943 0.22402149438858032 -0.8150124800351227
[31 INFO root] -0.290095716714859 0.22329376637935638 -0.8150124800351227
[31 INFO root] -0.2894098460674286 0.22256602346897125 -0.8150124800351227
[31 INFO root] -0.28872400522232056 0.22183829545974731 -0.8150124800351227
[31 INFO root] -0.28803813457489014 0.22111055254936218 -0.8150124800351227
[31 INFO root] -0.2873522937297821 0.22038282454013824 -0.8150124800351227
[31 INFO root] -0.2866664230823517 0.2196550965309143 -0.8150124800351227
[31 INFO root] -0.28598055243492126 0.21892735362052917 -0.8150124800351227
[31 INFO root] -0.28529471158981323 0.21819962561130524 -0.8150124800351227
[31 INFO root] -0.2846088409423828 0.2174718827009201 -0.8150124800351227
[31 INFO root] -0.2839229702949524 0.21674415469169617 -0.8150124800351227
[31 INFO root] -0.28323712944984436 0.21601641178131104 -0.8150124800351227
[31 INFO root] -0.28255125880241394 0.2152886837720871 -0.8150124800351227
[31 INFO root] -0.2818654179573059 0.21456095576286316 -0.8150124800351227
[31 INFO root] -0.2811795473098755 0.21383321285247803 -0.8150124800351227
[31 INFO root] -0.28049367666244507 0.2131054848432541 -0.8150124800351227
[31 INFO root] -0.27980783581733704 0.21237774193286896 -0.8150124800351227
[31 INFO root] -0.2791219651699066 0.21165001392364502 -0.8150124800351227
[31 INFO root] -0.2784360945224762 0.21092228591442108 -0.8150124800351227
[31 INFO root] -0.27775025367736816 0.21019454300403595 -0.8150124800351227
[31 INFO root] -0.27706438302993774 0.209466814994812 -0.8150124800351227
[31 INFO root] -0.2763785421848297 0.20873907208442688 -0.8150124800351227
[31 INFO root] -0.2756926715373993 0.20801134407520294 -0.8150124800351227
[31 INFO root] -0.27500680088996887 0.207283616065979 -0.8150124800351227
[31 INFO root] -0.27432096004486084 0.20655587315559387 -0.8150124800351227
[31 INFO root] -0.2736350893974304 0.20582814514636993 -0.8150124800351227
[31 INFO root] -0.2729492485523224 0.2051004022359848 -0.8150124800351227
[31 INFO root] -0.27226337790489197 0.20437267422676086 -0.8150124800351227
[31 INFO root] -0.27157750725746155 0.20364493131637573 -0.8150124800351227
[31 INFO root] -0.2708916664123535 0.2029172033071518 -0.8150124800351227
[31 INFO root] -0.2702057957649231 0.20218947529792786 -0.8150124800351227
[31 INFO root] -0.2695199251174927 0.20146173238754272 -0.8150124800351227
[31 INFO root] -0.26883408427238464 0.2007340043783188 -0.8150124800351227
[31 INFO root] -0.2681482136249542 0.20000626146793365 -0.8150124800351227
[31 INFO root] -0.2674623727798462 0.19927853345870972 -0.8150124800351227
[31 INFO root] -0.26677650213241577 0.19855080544948578 -0.8150124800351227
[31 INFO root] -0.26609063148498535 0.19782306253910065 -0.8150124800351227
[31 INFO root] -0.2654047906398773 0.1970953345298767 -0.8150124800351227
[31 INFO root] -0.2647189199924469 0.19636759161949158 -0.8150124800351227
[31 INFO root] -0.2640330493450165 0.19563986361026764 -0.8150124800351227
[31 INFO root] -0.26334720849990845 0.1949121356010437 -0.8150124800351227
[31 INFO root] -0.262665331363678 0.19418862462043762 -0.8162589794106329
[31 INFO root] -0.2619917392730713 0.19347231090068817 -0.8198852707657553
[31 INFO root] -0.26132771372795105 0.19276133179664612 -0.8259309265684575
[31 INFO root] -0.260673850774765 0.19205304980278015 -0.8343089254001782
[31 INFO root] -0.26003047823905945 0.19134464859962463 -0.844926613276559
[31 INFO root] -0.25939762592315674 0.1906331479549408 -0.8576866736098945
[31 INFO root] -0.2587752342224121 0.18991541862487793 -0.8724874332392202
[31 INFO root] -0.25816306471824646 0.18918830156326294 -0.8892227919804206
[31 INFO root] -0.2575608789920807 0.18844854831695557 -0.907781839840139
[31 INFO root] -0.25696852803230286 0.18769291043281555 -0.9280482369672871
[31 INFO root] -0.2563859224319458 0.18691816926002502 -0.9498994362309076
[31 INFO root] -0.25581324100494385 0.1861211508512497 -0.9732058334137312
[31 INFO root] -0.25525081157684326 0.1852988451719284 -0.9978299353472507
[31 INFO root] -0.2546992301940918 0.18444842100143433 -1.0236256411180906
[31 INFO root] -0.2541593909263611 0.1835673451423645 -1.0504377343434714
[31 INFO root] -0.25363245606422424 0.18265339732170105 -1.0781016835424109
[31 INFO root] -0.25311991572380066 0.1817048341035843 -1.1064438406636312
[31 INFO root] -0.25262340903282166 0.18072044849395752 -1.1352821128465023
[31 INFO root] -0.2521449029445648 0.1796995997428894 -1.164427158101373
[31 INFO root] -0.25168636441230774 0.1786423772573471 -1.1936841216189664
[31 INFO root] -0.25124990940093994 0.1775495857000351 -1.222854887375488
[31 INFO root] -0.2508375644683838 0.17642280459403992 -1.2517407730660965
[31 INFO root] -0.2504512369632721 0.1752643883228302 -1.2801455504364456
[31 INFO root] -0.2500925660133362 0.17407740652561188 -1.3078786341518815
[31 INFO root] -0.24976284801959991 0.172865629196167 -1.3347582567493441
[31 INFO root] -0.24946299195289612 0.17163337767124176 -1.360614439809066
[31 INFO root] -0.24919341504573822 0.1703854501247406 -1.3852915844126645
[31 INFO root] -0.24895402789115906 0.169126957654953 -1.4086505359754418
[31 INFO root] -0.24874426424503326 0.1678631454706192 -1.4305700251333975
[31 INFO root] -0.2485630214214325 0.16659928858280182 -1.450947440683654
[31 INFO root] -0.24840882420539856 0.16534051299095154 -1.469698944947899
[31 INFO root] -0.24827975034713745 0.16409169137477875 -1.4867589894477782
[31 INFO root] -0.2481756955385208 0.1628819704055786 -1.5005899955439859
[31 INFO root] -0.24809400737285614 0.16174404323101044 -1.5096179578617381
[31 INFO root] -0.24802806973457336 0.16068455576896667 -1.5138393934683207
[31 INFO root] -0.24797172844409943 0.15970413386821747 -1.5134528757740238
[31 INFO root] -0.24791990220546722 0.15880058705806732 -1.5086653959664575
[31 INFO root] -0.2478686273097992 0.15796953439712524 -1.4996777235533942
[31 INFO root] -0.24781489372253418 0.15720489621162415 -1.4866749850846612
[31 INFO root] -0.24775640666484833 0.1564994603395462 -1.4698210506548253
[31 INFO root] -0.2476913034915924 0.15584520995616913 -1.4492559866423462
[31 INFO root] -0.2476179599761963 0.15523366630077362 -1.425095914637309
[31 INFO root] -0.24753469228744507 0.15465597808361053 -1.3974347889084149
[31 INFO root] -0.24743951857089996 0.15410318970680237 -1.3663477970610862
[31 INFO root] -0.2473299503326416 0.15356624126434326 -1.3318962702556223
[31 INFO root] -0.24720150232315063 0.1530308574438095 -1.2946748764043152
[31 INFO root] -0.24704964458942413 0.15248742699623108 -1.2550143277169012
[31 INFO root] -0.24686989188194275 0.15193001925945282 -1.2129838591156528
[31 INFO root] -0.24665690958499908 0.1513533592224121 -1.1686436347907991
[31 INFO root] -0.24640440940856934 0.1507527232170105 -1.1220772603657994
[31 INFO root] -0.2461051493883133 0.15012411773204803 -1.0733985830938655
[31 INFO root] -0.24575094878673553 0.14946457743644714 -1.0227589312774994
[31 INFO root] -0.24533289670944214 0.14877240359783173 -0.9703543025505863
[31 INFO root] -0.24484165012836456 0.14804746210575104 -0.9164317954962977
[31 INFO root] -0.2442677617073059 0.14729154109954834 -0.861294364284869
[31 INFO root] -0.24360229074954987 0.14650844037532806 -0.805302783628197
[31 INFO root] -0.24283747375011444 0.14570418000221252 -0.7488736406337765
[31 INFO root] -0.24196745455265045 0.14488689601421356 -0.6924723216096603
[31 INFO root] -0.2409890592098236 0.14406651258468628 -0.6366004162535329
[31 INFO root] -0.23990240693092346 0.14325425028800964 -0.5817777333371719
[31 INFO root] -0.23871134221553802 0.14246191084384918 -0.5285201141911067
[31 INFO root] -0.23742350935935974 0.14170105755329132 -0.4773152194671031
[31 INFO root] -0.2360515147447586 0.14098279178142548 -0.42871787478485374
[31 INFO root] -0.2346307784318924 0.14032511413097382 -0.3846603191585822
[31 INFO root] -0.23318861424922943 0.13973385095596313 -0.34562640411607237
[31 INFO root] -0.2317502498626709 0.13920944929122925 -0.31175749357233623
[31 INFO root] -0.2303379327058792 0.1387488692998886 -0.28303610629186166
[31 INFO root] -0.22896982729434967 0.13834653794765472 -0.2593173792074352
[31 INFO root] -0.2276594638824463 0.13799543678760529 -0.24036341475325457
[31 INFO root] -0.22641578316688538 0.13768796622753143 -0.22587532201676164
[31 INFO root] -0.22524352371692657 0.13741669058799744 -0.2155197300606963
[31 INFO root] -0.22414390742778778 0.13717469573020935 -0.20894860876427537
[31 INFO root] -0.22311533987522125 0.1369558423757553 -0.20581265463755488
[31 INFO root] -0.22215402126312256 0.1367548257112503 -0.205769266849454
[31 INFO root] -0.22125458717346191 0.13656708598136902 -0.20848640486545725
[31 INFO root] -0.22041063010692596 0.13638879358768463 -0.21364358002418837
[31 INFO root] -0.21961507201194763 0.1362166404724121 -0.22093104959427806
[31 INFO root] -0.21886049211025238 0.13604776561260223 -0.23004805649756213
[31 INFO root] -0.2181394398212433 0.13587962090969086 -0.2407007450284712
[31 INFO root] -0.21744459867477417 0.13570986688137054 -0.25260020485791546
[31 INFO root] -0.21676889061927795 0.1355363428592682 -0.2654609559097009
[31 INFO root] -0.21610574424266815 0.13535697758197784 -0.27900008109873187
[31 INFO root] -0.21544906497001648 0.13516981899738312 -0.2929371346218198
[31 INFO root] -0.21479342877864838 0.13497306406497955 -0.30700286156440215
[31 INFO root] -0.21413421630859375 0.13476508855819702 -0.32094393201459276
[31 INFO root] -0.21346746385097504 0.13454444706439972 -0.334516959449156
[31 INFO root] -0.21278975903987885 0.13430990278720856 -0.34748849470588405
[31 INFO root] -0.21209833025932312 0.13406047224998474 -0.3596371517555684
[31 INFO root] -0.21139083802700043 0.13379541039466858 -0.3707561128533379
[31 INFO root] -0.21066540479660034 0.13351431488990784 -0.38065576892789293
[31 INFO root] -0.2099205106496811 0.13321706652641296 -0.3891663726222524
[31 INFO root] -0.2091549187898636 0.13290385901927948 -0.396140574929065
[31 INFO root] -0.20836758613586426 0.13257518410682678 -0.40145571411453096
[31 INFO root] -0.20755760371685028 0.13223183155059814 -0.405015732721893
[31 INFO root] -0.2067241370677948 0.13187484443187714 -0.40675261513707966
[31 INFO root] -0.20586639642715454 0.13150551915168762 -0.40662638391993305
[31 INFO root] -0.20498354732990265 0.1311253309249878 -0.4046242257983157
[31 INFO root] -0.20407477021217346 0.13073593378067017 -0.40076049865710456
[31 INFO root] -0.20313921570777893 0.1303391307592392 -0.39507657247453315
[31 INFO root] -0.20217609405517578 0.12993688881397247 -0.38763999608586264
[31 INFO root] -0.2011847048997879 0.12953126430511475 -0.3785429475628405
[31 INFO root] -0.20016443729400635 0.12912441790103912 -0.36790001706780373
[31 INFO root] -0.19911494851112366 0.12871864438056946 -0.3558453947908818
[31 INFO root] -0.198036327958107 0.12831629812717438 -0.3425422815022547
[31 INFO root] -0.19692911207675934 0.12791983783245087 -0.32817296054886536
[31 INFO root] -0.1957942247390747 0.12753164768218994 -0.31292512988871707
[31 INFO root] -0.19463291764259338 0.12715396285057068 -0.2969858858240877
[31 INFO root] -0.19344675540924072 0.1267889142036438 -0.2805377531804096
[31 INFO root] -0.19223769009113312 0.12643840909004211 -0.2637551988521128
[31 INFO root] -0.19100789725780487 0.12610411643981934 -0.24680162792956267
[31 INFO root] -0.18975979089736938 0.12578745186328888 -0.22982695384039836
[31 INFO root] -0.18849599361419678 0.1254895180463791 -0.212965802260776
[31 INFO root] -0.18721918761730194 0.1252111792564392 -0.19633637052820302
[31 INFO root] -0.18593211472034454 0.12495296448469162 -0.18003992572788405
[31 INFO root] -0.18463745713233948 0.12471514940261841 -0.1641609080346876
[31 INFO root] -0.18333782255649567 0.12449774146080017 -0.14876755329161087
[31 INFO root] -0.18203584849834442 0.12430055439472198 -0.13392284418206943
[31 INFO root] -0.18073411285877228 0.12412320077419281 -0.11967798659896836
[31 INFO root] -0.1794349104166031 0.12396508455276489 -0.10606845833783621
[31 INFO root] -0.17814023792743683 0.12382545322179794 -0.09311527545555699
[31 INFO root] -0.17685182392597198 0.12370344251394272 -0.08082726878753797
[31 INFO root] -0.17557109892368317 0.12359810620546341 -0.06920331985511408
[31 INFO root] -0.1742992252111435 0.12350844591856003 -0.05823442363417649
[31 INFO root] -0.17303745448589325 0.12343348562717438 -0.047917898258316036
[31 INFO root] -0.17178691923618317 0.12337221205234528 -0.03825151341518168
[31 INFO root] -0.170548677444458 0.12332361191511154 -0.02923059528316131
[31 INFO root] -0.16932348906993866 0.123286671936512 -0.020843623758974434
[31 INFO root] -0.16811180114746094 0.12326038628816605 -0.013072023137038901
[31 INFO root] -0.16691380739212036 0.1232437863945961 -0.005891677931165533
[31 INFO root] -0.16572943329811096 0.12323594838380814 0.0007254778324609946
[31 INFO root] -0.16455845534801483 0.12323601543903351 0.006810068408622037
[31 INFO root] -0.16340045630931854 0.12324319034814835 0.012394095147213605
[31 INFO root] -0.1622549593448639 0.12325674295425415 0.017509326430270658
[31 INFO root] -0.16112150251865387 0.1232760027050972 0.022184539771084588
[31 INFO root] -0.1599995642900467 0.12330036610364914 0.026447686858307676
[31 INFO root] -0.15888859331607819 0.1233292818069458 0.030326297201447267
[31 INFO root] -0.1577879786491394 0.123362235724926 0.03384726321793072
[31 INFO root] -0.1566970944404602 0.1233987882733345 0.03703662044873192
[31 INFO root] -0.15561529994010925 0.1234385222196579 0.039919366810573065
[31 INFO root] -0.1545419692993164 0.12348107993602753 0.04251931051213902
[31 INFO root] -0.15347646176815033 0.12352613359689713 0.04485893679106619
[31 INFO root] -0.15241818130016327 0.12357339262962341 0.046959286014197826
[31 INFO root] -0.15136656165122986 0.1236225888133049 0.048839838445717446
[31 INFO root] -0.15032105147838593 0.12367349117994308 0.050518404088619163
[31 INFO root] -0.14928120374679565 0.12372589111328125 0.05201101936552936
[31 INFO root] -0.14824657142162323 0.12377959489822388 0.05333187817171042
[31 INFO root] -0.14734035730361938 0.12382783740758896 0.05734498481244237
[31 INFO root] -0.146564781665802 0.12387200444936752 0.06492472977598693
[31 INFO root] -0.14588703215122223 0.12391548603773117 0.07621661072132746
[31 INFO root] -0.14527739584445953 0.12396128475666046 0.09122980279949286
[31 INFO root] -0.1447109580039978 0.12401218712329865 0.10992272233280327
[31 INFO root] -0.1441812366247177 0.12406959384679794 0.13190603459100478
[31 INFO root] -0.1436872035264969 0.12413396686315536 0.15673384753826702
[31 INFO root] -0.14321519434452057 0.12420731037855148 0.18426257162823795
[31 INFO root] -0.14275257289409637 0.12429220229387283 0.2143776395154416
[31 INFO root] -0.14228928089141846 0.12439162284135818 0.2469629898539611
[31 INFO root] -0.1418178379535675 0.12450888752937317 0.28189892884548473
[31 INFO root] -0.14133302867412567 0.12464752048254013 0.31906858446234254
[31 INFO root] -0.14083118736743927 0.1248113289475441 0.35836576029981965
[31 INFO root] -0.14030994474887848 0.12500432133674622 0.39969659269140473
[31 INFO root] -0.13976798951625824 0.12523075938224792 0.44297930634636884
[31 INFO root] -0.13920482993125916 0.12549510598182678 0.4881432339261484
[31 INFO root] -0.13862071931362152 0.12580208480358124 0.5351271441544038
[31 INFO root] -0.13801653683185577 0.12615662813186646 0.5838768146615263
[31 INFO root] -0.1373938024044037 0.12656396627426147 0.6343480096420119
[31 INFO root] -0.13675455749034882 0.1270296275615692 0.6864995547176597
[31 INFO root] -0.1361013501882553 0.12755954265594482 0.7402804102631998
[31 INFO root] -0.13543736934661865 0.1281600147485733 0.7956209945628712
[31 INFO root] -0.13476650416851044 0.12883761525154114 0.8524241277008435
[31 INFO root] -0.13409359753131866 0.12959907948970795 0.9105540779623691
[31 INFO root] -0.1334245651960373 0.1304510086774826 0.9698238126494487
[31 INFO root] -0.13276657462120056 0.13139936327934265 1.0299811732508597
[31 INFO root] -0.13212993741035461 0.13244590163230896 1.0907708423411675
[31 INFO root] -0.13154536485671997 0.13355249166488647 1.1529457499536702
[31 INFO root] -0.13101784884929657 0.13472138345241547 1.216311757613105
[31 INFO root] -0.1305515617132187 0.1359577775001526 1.280456214081455
[31 INFO root] -0.13015280663967133 0.13726267218589783 1.3448748994584996
[31 INFO root] -0.12982407212257385 0.13865360617637634 1.4083719786686468
[31 INFO root] -0.12957428395748138 0.1401214897632599 1.4701417952542055
[31 INFO root] -0.1294110268354416 0.14164620637893677 1.5295256901369092
[31 INFO root] -0.1293376088142395 0.1432027816772461 1.5859609919485989
[31 INFO root] -0.12935248017311096 0.14476384222507477 1.6390238855395787
[31 INFO root] -0.1294492930173874 0.14630208909511566 1.688459628366193
[31 INFO root] -0.12960629165172577 0.14769506454467773 1.7298091941903293
[31 INFO root] -0.1297958493232727 0.14891326427459717 1.7633895513169384
[31 INFO root] -0.1299944519996643 0.1499529629945755 1.790248888363392
[31 INFO root] -0.13018514215946198 0.1508207768201828 1.811423844123933
[31 INFO root] -0.13035719096660614 0.1515296846628189 1.827873896376659
[31 INFO root] -0.13050486147403717 0.1520959734916687 1.8404545980336153
[31 INFO root] -0.13062600791454315 0.152537003159523 1.8499092623937912
[31 INFO root] -0.13072095811367035 0.1528698205947876 1.8568715557682764
[31 INFO root] -0.1308032125234604 0.1531503051519394 1.8626712654717157
[31 INFO root] -0.13088113069534302 0.15341022610664368 1.8680397391427288
[31 INFO root] -0.13095822930335999 0.15366242825984955 1.8726934627655822
[31 INFO root] -0.13103948533535004 0.15392373502254486 1.8757795582439571
[31 INFO root] -0.13112522661685944 0.15419641137123108 1.8772642980803618
[31 INFO root] -0.13121522963047028 0.1544809490442276 1.8771981241325137
[31 INFO root] -0.1313091665506363 0.1547778844833374 1.8756182177465943
[31 INFO root] -0.13140669465065002 0.15508770942687988 1.8725490621128105
[31 INFO root] -0.13150742650032043 0.1554110050201416 1.8680028004832283
[31 INFO root] -0.1316109001636505 0.15574829280376434 1.8619793896841212
[31 INFO root] -0.1317165642976761 0.15610013902187347 1.8544661859353384
[31 INFO root] -0.13182374835014343 0.1564667820930481 1.84542393771048
[31 INFO root] -0.1319316178560257 0.15684838593006134 1.8347943025194302
[31 INFO root] -0.13203932344913483 0.1572452187538147 1.822504019491779
[31 INFO root] -0.1321459263563156 0.1576576828956604 1.8084655187808734
[31 INFO root] -0.13225038349628448 0.15808634459972382 1.7925839066241798
[31 INFO root] -0.1323515772819519 0.15853190422058105 1.774764202200062
[31 INFO root] -0.1324482411146164 0.15899524092674255 1.7549159879832243
[31 INFO root] -0.13253900408744812 0.15947742760181427 1.732957459876789
[31 INFO root] -0.13262227177619934 0.15997973084449768 1.7088195274594908
[31 INFO root] -0.13269628584384918 0.160503551363945 1.682449880241211
[31 INFO root] -0.1327590048313141 0.1610504388809204 1.6538168375474225
[31 INFO root] -0.1328081488609314 0.16162195801734924 1.6229127915831594
[31 INFO root] -0.1328411102294922 0.16221968829631805 1.5897570528810234
[31 INFO root] -0.13285496830940247 0.16284500062465668 1.554397911101797
[31 INFO root] -0.13284645974636078 0.16349901258945465 1.5169137338324774
[31 INFO root] -0.13281206786632538 0.16418233513832092 1.477412945696079
[31 INFO root] -0.1327480524778366 0.16489502787590027 1.4360327651666385
[31 INFO root] -0.132650688290596 0.16563528776168823 1.3928330027838032
[31 INFO root] -0.13251665234565735 0.16639871895313263 1.3476344224828414
[31 INFO root] -0.13234248757362366 0.1671820431947708 1.300271784428426
[31 INFO root] -0.13212421536445618 0.16798341274261475 1.2506561328522348
[31 INFO root] -0.1318572610616684 0.1688017100095749 1.1987719427121533
[31 INFO root] -0.1315365582704544 0.16963592171669006 1.1446703332452526
[31 INFO root] -0.13115666806697845 0.17048455774784088 1.088463006368316
[31 INFO root] -0.13070519268512726 0.171358123421669 1.0306723792230599
[31 INFO root] -0.1301574409008026 0.17228277027606964 0.9718783019545659
[31 INFO root] -0.12950056791305542 0.17325645685195923 0.9124985898189731
[31 INFO root] -0.12880784273147583 0.17416366934776306 0.852295121460185
[31 INFO root] -0.1281004250049591 0.17498308420181274 0.7909067352849445
[31 INFO root] -0.12737323343753815 0.1757277101278305 0.7281055462471172
[31 INFO root] -0.1266176700592041 0.1764100193977356 0.6637404420940274
[31 INFO root] -0.12582442164421082 0.17703872919082642 0.5977226769115682
[31 INFO root] -0.12498406320810318 0.17761892080307007 0.5300186709681453
[31 INFO root] -0.12408752739429474 0.17815226316452026 0.46064186151861397
[31 INFO root] -0.1231265664100647 0.17863723635673523 0.3896441485269632
[31 INFO root] -0.12209411710500717 0.17906947433948517 0.317107612199104
[31 INFO root] -0.12099795788526535 0.1794377863407135 0.2434011429215918
[31 INFO root] -0.11984402686357498 0.17973314225673676 0.1687228993619045
[31 INFO root] -0.11863492429256439 0.17994815111160278 0.093141120136705
[31 INFO root] -0.11737371981143951 0.18007530272006989 0.016699689700888393
[31 INFO root] -0.11606425791978836 0.18010687828063965 -0.060563582451651554
[31 INFO root] -0.11471101641654968 0.18003499507904053 -0.1386054411976529
[31 INFO root] -0.11331915855407715 0.17985153198242188 -0.2173625168119883
[31 INFO root] -0.11189467459917068 0.17954829335212708 -0.296734821446765
[31 INFO root] -0.11044473946094513 0.1791170835494995 -0.3765690177528774
[31 INFO root] -0.10897806286811829 0.178550124168396 -0.45664320947875126
[31 INFO root] -0.10750523954629898 0.17784063518047333 -0.5366551043464006
[31 INFO root] -0.10603897273540497 0.17698362469673157 -0.6162153980944138
[31 INFO root] -0.10459405183792114 0.1759769171476364 -0.6948480329350261
[31 INFO root] -0.1031869575381279 0.1748221516609192 -0.7719985029596067
[31 INFO root] -0.10183510929346085 0.17352570593357086 -0.8470505671055785
[31 INFO root] -0.10055574774742126 0.1720992773771286 -0.9193506293047905
[31 INFO root] -0.09936461597681046 0.17056000232696533 -0.9882378121727133
[31 INFO root] -0.09827500581741333 0.1689305454492569 -1.0530608123863687
[31 INFO root] -0.09729629009962082 0.16723784804344177 -1.1132099142255631
[31 INFO root] -0.0964328795671463 0.1655111312866211 -1.1681538888690357
[31 INFO root] -0.09568341076374054 0.16377848386764526 -1.2175081864473436
[31 INFO root] -0.09504126757383347 0.16206397116184235 -1.2610731240893118
[31 INFO root] -0.09449635446071625 0.160387322306633 -1.2987938489042896
[31 INFO root] -0.09403657913208008 0.15876352787017822 -1.3307271133026284
[31 INFO root] -0.09364904463291168 0.15720295906066895 -1.3570113322726263
[31 INFO root] -0.09332521259784698 0.15573115646839142 -1.3771010495664822
[31 INFO root] -0.09306087344884872 0.15439915657043457 -1.3894437904964252
[31 INFO root] -0.09283982217311859 0.1532028615474701 -1.3942977497878546
[31 INFO root] -0.09264744818210602 0.15212756395339966 -1.3920963453865156
[31 INFO root] -0.09247224777936935 0.1511562615633011 -1.3832244156209221
[31 INFO root] -0.09230512380599976 0.15027111768722534 -1.3680189012501163
[31 INFO root] -0.09213649481534958 0.14944422245025635 -1.3470868865683703
[31 INFO root] -0.09195205569267273 0.14862565696239471 -1.321845995805502
[31 INFO root] -0.09174726903438568 0.14781151711940765 -1.2932038743076082
[31 INFO root] -0.09152095019817352 0.1470084935426712 -1.262391136221146
[31 INFO root] -0.09127052873373032 0.14621396362781525 -1.2295887093327076
[31 INFO root] -0.09099308401346207 0.145424485206604 -1.1948662560246335
[31 INFO root] -0.09068542718887329 0.1446370780467987 -1.1583080557459653
[31 INFO root] -0.09034409373998642 0.14384934306144714 -1.12001723373145
[31 INFO root] -0.08996546268463135 0.14305952191352844 -1.0801194386947215
[31 INFO root] -0.0895458310842514 0.1422666311264038 -1.0387657655485176
[31 INFO root] -0.08908151835203171 0.1414705365896225 -0.9961348351270018
[31 INFO root] -0.08856908977031708 0.140671968460083 -0.952433920945842
[31 INFO root] -0.08800550550222397 0.13987262547016144 -0.9078984693083351
[31 INFO root] -0.08738835155963898 0.13907507061958313 -0.8627898952904576
[31 INFO root] -0.08671606332063675 0.13828273117542267 -0.8173924614895509
[31 INFO root] -0.0859881043434143 0.13749971985816956 -0.7720092467842183
[31 INFO root] -0.08520516753196716 0.13673068583011627 -0.7269571324749006
[31 INFO root] -0.08436929434537888 0.13598059117794037 -0.682560867083148
[31 INFO root] -0.08348391950130463 0.13525442779064178 -0.6391463788806622
[31 INFO root] -0.08255381882190704 0.13455694913864136 -0.5970336088496859
[31 INFO root] -0.08158504962921143 0.1338924616575241 -0.5565292319276517
[31 INFO root] -0.08058470487594604 0.13326451182365417 -0.5179197007616938
[31 INFO root] -0.07956065237522125 0.13267575204372406 -0.48146506429646646
[31 INFO root] -0.07855302095413208 0.13214443624019623 -0.4479593782202716
[31 INFO root] -0.07757408916950226 0.1316698044538498 -0.41756544416500996
[31 INFO root] -0.07662920653820038 0.13124699890613556 -0.3903162465876972
[31 INFO root] -0.0757220983505249 0.1308707594871521 -0.36622422847086933
[31 INFO root] -0.0748482421040535 0.1305330991744995 -0.34537856435394604
[31 INFO root] -0.074003204703331 0.1302269846200943 -0.32787403720778857
[31 INFO root] -0.07319054752588272 0.12994889914989471 -0.3136863611428395
[31 INFO root] -0.07241321355104446 0.12969546020030975 -0.30275714632574485
[31 INFO root] -0.07167249917984009 0.12946316599845886 -0.2950103326570389
[31 INFO root] -0.07096821814775467 0.12924852967262268 -0.29035897116726805
[31 INFO root] -0.07029891014099121 0.1290481835603714 -0.2887108211453165
[31 INFO root] -0.06966210156679153 0.12885892391204834 -0.2899725484962474
[31 INFO root] -0.06903799623250961 0.1286727786064148 -0.29180180127760674
[31 INFO root] -0.06842080503702164 0.1284875124692917 -0.2936421276262283
[31 INFO root] -0.0678088590502739 0.12830260396003723 -0.295452251059737
[31 INFO root] -0.06720069795846939 0.1281176209449768 -0.29722301281841257
[31 INFO root] -0.06659480929374695 0.12793216109275818 -0.2989456022795279
[31 INFO root] -0.06598961353302002 0.12774576246738434 -0.30061165554888963
[31 INFO root] -0.06538284569978714 0.12755776941776276 -0.30222377649303567
[31 INFO root] -0.0647677555680275 0.1273661106824875 -0.3038700561507586
[31 INFO root] -0.06414374709129333 0.12717054784297943 -0.3055440846117249
[31 INFO root] -0.06351109594106674 0.12697111070156097 -0.3072278787829233
[31 INFO root] -0.062870092689991 0.1267678439617157 -0.3089043673377932
[31 INFO root] -0.06222102418541908 0.12656083703041077 -0.3105575208149999
[31 INFO root] -0.06156416982412338 0.12635014951229095 -0.31217235542112914
[31 INFO root] -0.060899823904037476 0.12613585591316223 -0.31373492716061724
[31 INFO root] -0.06022828072309494 0.12591809034347534 -0.31523231923312417
[31 INFO root] -0.059549830853939056 0.12569695711135864 -0.3166526235846296
[31 INFO root] -0.058864776045084 0.12547259032726288 -0.31798491746984925
[31 INFO root] -0.058173421770334244 0.1252451241016388 -0.319219235885265
[31 INFO root] -0.057476066052913666 0.12501472234725952 -0.3203465407170897
[31 INFO root] -0.05677301064133644 0.12478155642747879 -0.32135868741546214
[31 INFO root] -0.05606454983353615 0.12454579025506973 -0.32224838995655775
[31 INFO root] -0.05535096675157547 0.12430760264396667 -0.32300918479078505
[31 INFO root] -0.05463254451751709 0.12406718730926514 -0.3236353944012084
[31 INFO root] -0.053909555077552795 0.12382472306489944 -0.3241220910152719
[31 INFO root] -0.05317993089556694 0.12357962876558304 -0.3245097744016903
[31 INFO root] -0.052441712468862534 0.12333132326602936 -0.3248422362233597
[31 INFO root] -0.0516950860619545 0.12307991087436676 -0.32512715094232686
[31 INFO root] -0.05094046890735626 0.12282556295394897 -0.3253680446293495
[31 INFO root] -0.050178270787000656 0.12256845086812973 -0.3255682036451106
[31 INFO root] -0.049408894032239914 0.12230873852968216 -0.32573067391370075
[31 INFO root] -0.04863271117210388 0.1220465898513794 -0.32585827087298874
[31 INFO root] -0.04785009101033211 0.12178214639425278 -0.3259535912803039
[31 INFO root] -0.04706137627363205 0.12151556462049484 -0.32601902617678585
[31 INFO root] -0.046266887336969376 0.12124696373939514 -0.3260567744898377
[31 INFO root] -0.045466937124729156 0.12097648531198502 -0.3260688568598801
[31 INFO root] -0.04466180503368378 0.12070424109697342 -0.32605712936925524
[31 INFO root] -0.04385176673531532 0.1204303428530693 -0.32602329692907267
[31 INFO root] -0.04303707554936409 0.12015490233898163 -0.3259689261450942
[31 INFO root] -0.04221796244382858 0.11987801641225815 -0.32589545753764004
[31 INFO root] -0.04139465093612671 0.11959977447986603 -0.32580421703430434
[31 INFO root] -0.040567342191934586 0.11932026594877243 -0.3256964266892861
[31 INFO root] -0.03973622992634773 0.11903957277536392 -0.3255732146106541
[31 INFO root] -0.038901492953300476 0.11875776201486588 -0.32543562409801474
[31 INFO root] -0.03806329146027565 0.11847491562366486 -0.32528462200892055
[31 INFO root] -0.03722178190946579 0.11819108575582504 -0.3251211063838564
[31 INFO root] -0.03637710586190224 0.1179063469171524 -0.3249459133675983
[31 INFO root] -0.03552938997745514 0.11762074381113052 -0.3247598234698715
[31 INFO root] -0.03467876464128494 0.11733434349298477 -0.32456356721110896
[31 INFO root] -0.0338253416121006 0.11704717576503754 -0.3243578302002679
[31 INFO root] -0.03296922147274017 0.1167593002319336 -0.32414325769147406
[31 INFO root] -0.032110508531332016 0.11647076159715652 -0.3239204586651191
[31 INFO root] -0.031249292194843292 0.11618158966302872 -0.3236900094771793
[31 INFO root] -0.030385658144950867 0.11589182913303375 -0.32345245711818654
[31 INFO root] -0.029519684612751007 0.11560150980949402 -0.3232083221206531
[31 INFO root] -0.028651446104049683 0.1153106614947319 -0.3229581011509515
[31 INFO root] -0.027781011536717415 0.11501932889223099 -0.3227022693187993
[31 INFO root] -0.026908444240689278 0.11472751945257187 -0.3224412822346588
[31 INFO root] -0.026033807545900345 0.11443527787923813 -0.32217557784261736
[31 INFO root] -0.025157153606414795 0.11414261907339096 -0.3219055780536768
[31 INFO root] -0.024278540164232254 0.11384957283735275 -0.3216316902019002
[31 INFO root] -0.023398011922836304 0.1135561540722847 -0.3213543083435433
[31 INFO root] -0.022515619173645973 0.11326238512992859 -0.32107381441716565
[31 INFO root] -0.021631402894854546 0.11296828091144562 -0.32079057928073346
[31 INFO root] -0.020745407789945602 0.11267386376857758 -0.320504963639946
[31 INFO root] -0.01985766924917698 0.11237915605306625 -0.32021731888038907
[31 INFO root] -0.01896822452545166 0.11208415776491165 -0.3199279878146494
[31 INFO root] -0.01807711087167263 0.11178889870643616 -0.3196373053542147
[31 INFO root] -0.017184359952807426 0.11149337887763977 -0.3193455991148071
[31 INFO root] -0.016290001571178436 0.11119762063026428 -0.31905318996274695
[31 INFO root] -0.015394065529108047 0.11090162396430969 -0.3187603925090218
[31 INFO root] -0.014496580697596073 0.11060541868209839 -0.31846751555690683
[31 INFO root] -0.013597574084997177 0.11030898988246918 -0.31817486250826726
[31 INFO root] -0.0126970699056983 0.11001236736774445 -0.3178827317330205
[31 INFO root] -0.01179509423673153 0.1097155511379242 -0.31759141690569026
[31 INFO root] -0.010891667567193508 0.10941854864358902 -0.317301207312483
[31 INFO root] -0.009986814111471176 0.10912136733531952 -0.31701238813189403
[31 INFO root] -0.009080554358661175 0.10882402211427689 -0.31672524069146907
[31 INFO root] -0.008172907866537571 0.10852649807929993 -0.3164400427030255
[31 INFO root] -0.0072638955898582935 0.10822882503271103 -0.31615706847834857
[31 INFO root] -0.00635353522375226 0.107930988073349 -0.31587658912713157
[31 INFO root] -0.005441844463348389 0.10763300210237503 -0.3155988727387129
[31 INFO root] -0.004528841003775597 0.10733486711978912 -0.31532418454897415
[31 INFO root] -0.0036145418416708708 0.10703658312559128 -0.315052787093602
[31 INFO root] -0.0026989623438566923 0.10673816502094269 -0.31478494034877835
[31 INFO root] -0.0017821185756474733 0.10643960535526276 -0.3145209018602332
[31 INFO root] -0.000850153504870832 0.10613638907670975 -0.31459373156093223
[31 INFO root] 0.0001103694667108357 0.10582384467124939 -0.31533988908073163
[31 INFO root] 0.0010934449965134263 0.10550321638584137 -0.3166443952188111
[31 INFO root] 0.0020920054521411657 0.1051761656999588 -0.3183583916767336
[31 INFO root] 0.003100443398579955 0.10484400391578674 -0.3203577130957978
[31 INFO root] 0.004114379640668631 0.10450781881809235 -0.3225405965955631
[31 INFO root] 0.0051304129883646965 0.10416848957538605 -0.3248242785916849
[31 INFO root] 0.006145921070128679 0.10382677614688873 -0.32714194530819063
[31 INFO root] 0.007158901542425156 0.10348329693078995 -0.3294400932488869
[31 INFO root] 0.00816784705966711 0.10313860327005386 -0.3316762832637903
[31 INFO root] 0.009171645157039165 0.1027931496500969 -0.33381725268042817
[31 INFO root] 0.01016949862241745 0.10244733840227127 -0.3358373424654505
[31 INFO root] 0.011160863563418388 0.10210151225328445 -0.3377171951895287
[31 INFO root] 0.012145774438977242 0.10175585001707077 -0.33945062297209255
[31 INFO root] 0.013125349767506123 0.10141013562679291 -0.34105491380963165
[31 INFO root] 0.014100715517997742 0.10106413066387177 -0.3425487828866953
[31 INFO root] 0.01507276576012373 0.10071765631437302 -0.3439474396013724
[31 INFO root] 0.016042198985815048 0.10037057846784592 -0.3452630230777186
[31 INFO root] 0.01700955629348755 0.10002279281616211 -0.34650527992774344
[31 INFO root] 0.017974477261304855 0.0996745154261589 -0.34767484771182916
[31 INFO root] 0.018936332315206528 0.09932607412338257 -0.34876951550660934
[31 INFO root] 0.019894693046808243 0.0989776998758316 -0.34978893172353864
[31 INFO root] 0.020849402993917465 0.09862954169511795 -0.35073512286441866
[31 INFO root] 0.021800542250275612 0.09828165918588638 -0.35161214959078174
[31 INFO root] 0.02274840697646141 0.09793402254581451 -0.35242576901698935
[31 INFO root] 0.02369348146021366 0.09758653491735458 -0.3531831533026828
[31 INFO root] 0.02463640086352825 0.09723901748657227 -0.35389264444868046
[31 INFO root] 0.025577936321496964 0.09689124673604965 -0.3545635268429774
[31 INFO root] 0.026518965139985085 0.09654293954372406 -0.35520580211544783
[31 INFO root] 0.027460435405373573 0.09619378298521042 -0.3558299534842744
[31 INFO root] 0.028403347358107567 0.09584341198205948 -0.35644668951059616
[31 INFO root] 0.029348712414503098 0.09549146890640259 -0.3570666603817984
[31 INFO root] 0.030297525227069855 0.0951375737786293 -0.35770014378154774
[31 INFO root] 0.0312507301568985 0.09478135406970978 -0.35835670220740995
[31 INFO root] 0.032209187746047974 0.09442245960235596 -0.35904481920193376
[31 INFO root] 0.03317362442612648 0.09406057000160217 -0.35977152805600365
[31 INFO root] 0.03414462134242058 0.09369541704654694 -0.36054205252795485
[31 INFO root] 0.035122569650411606 0.09332679212093353 -0.36135948414413777
[31 INFO root] 0.036107659339904785 0.09295456856489182 -0.36222452369353264
[31 INFO root] 0.037096116691827774 0.09258009493350983 -0.3630964173064773
[31 INFO root] 0.038081105798482895 0.0922059491276741 -0.36390412631039026
[31 INFO root] 0.03906231001019478 0.09183233231306076 -0.3646476686978535
[31 INFO root] 0.04004018008708954 0.09145914763212204 -0.36533500852132056
[31 INFO root] 0.04101509228348732 0.09108631312847137 -0.36597298367484754
[31 INFO root] 0.041987378150224686 0.09071376919746399 -0.36656737469836337
[31 INFO root] 0.04295731335878372 0.09034145623445511 -0.3671230725992627
[31 INFO root] 0.04392514005303383 0.08996933698654175 -0.36764422142195147
[31 INFO root] 0.04489105939865112 0.08959736675024033 -0.3681343378124894
[31 INFO root] 0.045855242758989334 0.08922551572322845 -0.36859641130457327
[31 INFO root] 0.0468178428709507 0.08885376155376434 -0.3690329884629564
[31 INFO root] 0.047778982669115067 0.0884820893406868 -0.36944624350093774
[31 INFO root] 0.04873877018690109 0.08811048418283463 -0.36983803755783634
[31 INFO root] 0.04969729855656624 0.08773892372846603 -0.37020996846477605
[31 INFO root] 0.05065464600920677 0.08736741542816162 -0.3705634125295486
[31 INFO root] 0.051610883325338364 0.08699594438076019 -0.370899559623247
[31 INFO root] 0.05256606638431549 0.08662451058626175 -0.37121944264419715
[31 INFO root] 0.05352025106549263 0.08625311404466629 -0.3715239622614694
[31 INFO root] 0.054473474621772766 0.08588175475597382 -0.3718139076952195
[31 INFO root] 0.05542578175663948 0.08551043272018433 -0.372089974169558
[31 INFO root] 0.05637719854712486 0.08513915538787842 -0.3723527775717317
[31 INFO root] 0.0573277585208416 0.08476792275905609 -0.37260286676586524
[31 INFO root] 0.05827748775482178 0.08439673483371735 -0.37284073393771267
[31 INFO root] 0.05922640115022659 0.08402560651302338 -0.3730668232865753
[31 INFO root] 0.06017452850937843 0.08365454524755478 -0.3732815383298898
[31 INFO root] 0.06112188100814819 0.08328354358673096 -0.37348524804344435
[31 INFO root] 0.06206847354769707 0.0829126164317131 -0.37367829202443337
[31 INFO root] 0.06301432102918625 0.08254177123308182 -0.3738609848345154
[31 INFO root] 0.06395943462848663 0.0821710079908371 -0.3740336196548192
[31 INFO root] 0.06490383297204971 0.08180034160614014 -0.3741964713636307
[31 INFO root] 0.06584390997886658 0.08143119513988495 -0.3743221331497427
[31 INFO root] 0.06677431613206863 0.08106569945812225 -0.3743718665161824
[31 INFO root] 0.06769640743732452 0.08070341497659683 -0.374359941060175
[31 INFO root] 0.06861201673746109 0.08034368604421616 -0.3743035774402397
[31 INFO root] 0.06952260434627533 0.07998597621917725 -0.3742159021941826
[31 INFO root] 0.07042929530143738 0.07962989062070847 -0.3741067362398329
[31 INFO root] 0.07133068144321442 0.07927600294351578 -0.37396689902145924
[31 INFO root] 0.07222451269626617 0.07892521470785141 -0.3737815052766619
[31 INFO root] 0.07310903072357178 0.07857827097177505 -0.3735401791972955
[31 INFO root] 0.07398312538862228 0.07823564857244492 -0.37323745184841334
[31 INFO root] 0.07484618574380875 0.07789765298366547 -0.372871363676134
[31 INFO root] 0.07569793611764908 0.07756444066762924 -0.37244231055132204
[31 INFO root] 0.07653842121362686 0.07723604142665863 -0.37195220717125205
[31 INFO root] 0.07736784964799881 0.07691242545843124 -0.3714038901703803
[31 INFO root] 0.07818660140037537 0.07659348100423813 -0.37080069831340823
[31 INFO root] 0.07899516075849533 0.07627907395362854 -0.37014618320124887
[31 INFO root] 0.07979407906532288 0.07596901059150696 -0.36944391599089366
[31 INFO root] 0.08058398216962814 0.07566307485103607 -0.3686973645320427
[31 INFO root] 0.08136552572250366 0.07536104321479797 -0.36790982197638056
[31 INFO root] 0.08213941007852554 0.07506266981363297 -0.3670843728936962
[31 INFO root] 0.08290635049343109 0.07476770132780075 -0.3662238866161934
[31 INFO root] 0.0836670994758606 0.07447586208581924 -0.365331030247734
[31 INFO root] 0.08442240208387375 0.07418687641620636 -0.3644082957699328
[31 INFO root] 0.08517306298017502 0.07390046119689941 -0.36345803714606334
[31 INFO root] 0.08591987937688828 0.07361631840467453 -0.3624825144202995
[31 INFO root] 0.08666369318962097 0.07333415746688843 -0.3614839426554723
[31 INFO root] 0.08740535378456116 0.07305365055799484 -0.36046454423654356
[31 INFO root] 0.08814577013254166 0.0727744773030281 -0.3594266036234618
[31 INFO root] 0.08888585865497589 0.07249630242586136 -0.3583725240606018
[31 INFO root] 0.08962659537792206 0.07221877574920654 -0.3573048858111516
[31 INFO root] 0.09036897122859955 0.07194153219461441 -0.35622650557461144
[31 INFO root] 0.09111404418945312 0.07166419923305511 -0.35514049685838867
[31 INFO root] 0.09186290204524994 0.07138638198375702 -0.3540504524700121
[31 INFO root] 0.09261669963598251 0.0711076632142067 -0.3529604389161893
[31 INFO root] 0.09337659925222397 0.07082763314247131 -0.35187491861150205
[31 INFO root] 0.09414374828338623 0.07054588198661804 -0.3507986694263917
[31 INFO root] 0.09491927176713943 0.07026199251413345 -0.3497366979045674
[31 INFO root] 0.09570421278476715 0.0699756070971489 -0.3486941280737027
[31 INFO root] 0.09649951010942459 0.0696863904595375 -0.34767605413709424
[31 INFO root] 0.09730593115091324 0.069394052028656 -0.34668734859934797
[31 INFO root] 0.09812406450510025 0.06909838318824768 -0.3457324175933167
[31 INFO root] 0.0989542156457901 0.06879927963018417 -0.34481490025473893
[31 INFO root] 0.09979642927646637 0.0684966966509819 -0.34393732160493695
[31 INFO root] 0.10065038502216339 0.06819075345993042 -0.3431007305923968
[31 INFO root] 0.10151545703411102 0.06788164377212524 -0.342304359273945
[31 INFO root] 0.10239065438508987 0.06756970286369324 -0.3415453366197715
[31 INFO root] 0.10327252000570297 0.0672561451792717 -0.34079848777550514
[31 INFO root] 0.10415463149547577 0.06694324314594269 -0.3400088526610238
[31 INFO root] 0.105031818151474 0.06663285940885544 -0.33912793904792293
[31 INFO root] 0.10590054094791412 0.0663263276219368 -0.3381183579411042
[31 INFO root] 0.10675834864377975 0.06602460891008377 -0.33694960092819787
[31 INFO root] 0.10760348290205002 0.06572844088077545 -0.33559456031223633
[31 INFO root] 0.10843458771705627 0.06543842703104019 -0.3340273366228334
[31 INFO root] 0.10925059020519257 0.06515510380268097 -0.3322219992620577
[31 INFO root] 0.11005059629678726 0.0648789331316948 -0.3301520117317634
[31 INFO root] 0.11083388328552246 0.0646103173494339 -0.3277901022280154
[31 INFO root] 0.1115998923778534 0.06434962898492813 -0.3251084164039253
[31 INFO root] 0.11234822124242783 0.06409715861082077 -0.32207882443250385
[31 INFO root] 0.11307960003614426 0.06385284662246704 -0.3186840607616486
[31 INFO root] 0.11379597336053848 0.06361622363328934 -0.31492022163755223
[31 INFO root] 0.1144992783665657 0.06338681280612946 -0.3107831000158889
[31 INFO root] 0.11519116908311844 0.06316426396369934 -0.30626488698348997
[31 INFO root] 0.11587303876876831 0.0629483014345169 -0.301353799265877
[31 INFO root] 0.11654599010944366 0.06273876875638962 -0.29603370900420056
[31 INFO root] 0.11721089482307434 0.06253558397293091 -0.2902836620104024
[31 INFO root] 0.11786837130784988 0.06233876571059227 -0.28407739853643554
[31 INFO root] 0.11851881444454193 0.062148407101631165 -0.2773829950536418
[31 INFO root] 0.1191624253988266 0.06196468695998192 -0.27016272360473054
[31 INFO root] 0.11979928612709045 0.061787817627191544 -0.2623731911320353
[31 INFO root] 0.1204293817281723 0.06161806359887123 -0.2539657884332095
[31 INFO root] 0.12105269730091095 0.061455704271793365 -0.2448874505177041
[31 INFO root] 0.12166846543550491 0.06130121648311615 -0.2350726624807411
[31 INFO root] 0.12227548658847809 0.06115519627928734 -0.22444860447271706
[31 INFO root] 0.12287302315235138 0.06101810187101364 -0.2129471838611634
[31 INFO root] 0.12346094846725464 0.060890257358551025 -0.20050749985919633
[31 INFO root] 0.12403962016105652 0.0607718899846077 -0.1870754545012102
[31 INFO root] 0.12460978329181671 0.06066315621137619 -0.1726030232245877
[31 INFO root] 0.12517249584197998 0.060564205050468445 -0.15704743575590457
[31 INFO root] 0.125729039311409 0.060475174337625504 -0.14037031900202482
[31 INFO root] 0.12628088891506195 0.06039625033736229 -0.122536853774587
[31 INFO root] 0.12682963907718658 0.060327671468257904 -0.10351499847029336
[31 INFO root] 0.1273774653673172 0.06026970222592354 -0.08328111869734135
[31 INFO root] 0.12792722880840302 0.06022269278764725 -0.06182139372549516
[31 INFO root] 0.12848180532455444 0.06018717586994171 -0.03912465197628606
[31 INFO root] 0.1290440708398819 0.06016390398144722 -0.015181872509929605
[31 INFO root] 0.12961694598197937 0.06015385687351227 0.010012275911129853
[31 INFO root] 0.13020342588424683 0.06015828251838684 0.03645758706912004
[31 INFO root] 0.13080662488937378 0.0601787269115448 0.06414620042770604
[31 INFO root] 0.1314297318458557 0.06021707504987717 0.0930601369666882
[31 INFO root] 0.13207602500915527 0.060275573283433914 0.12316829661114807
[31 INFO root] 0.1327487975358963 0.06035688519477844 0.1544228963739567
[31 INFO root] 0.13345195353031158 0.06046418473124504 0.18674022039812946
[31 INFO root] 0.13418956100940704 0.06060120090842247 0.22000134401742083
[31 INFO root] 0.13496512174606323 0.060772061347961426 0.2540619258962927
[31 INFO root] 0.13578134775161743 0.060981202870607376 0.2887504077187721
[31 INFO root] 0.13664013147354126 0.061233241111040115 0.3238637999492951
[31 INFO root] 0.1375424563884735 0.061532799154520035 0.3591648637736215
[31 INFO root] 0.1384882926940918 0.0618843138217926 0.3943815053864997
[31 INFO root] 0.13946956396102905 0.062288831919431686 0.42887972204539176
[31 INFO root] 0.14041954278945923 0.06271917372941971 0.4594598975485219
[31 INFO root] 0.14133010804653168 0.06316615641117096 0.4856026764681588
[31 INFO root] 0.14220164716243744 0.06362312287092209 0.5071463622231395
[31 INFO root] 0.14303521811962128 0.06408385187387466 0.5239645063493387
[31 INFO root] 0.14383263885974884 0.06454279273748398 0.5359692361645221
[31 INFO root] 0.14459653198719025 0.06499523669481277 0.5431116992100882
[31 INFO root] 0.14533033967018127 0.06543747335672379 0.5453800021166908
[31 INFO root] 0.14603835344314575 0.06586684286594391 0.5427953817755478
[31 INFO root] 0.1467256098985672 0.06628167629241943 0.5354076154151498
[31 INFO root] 0.14739789068698883 0.0666811615228653 0.5232906016168445
[31 INFO root] 0.1480616182088852 0.06706517934799194 0.5065388241661402
[31 INFO root] 0.1487237513065338 0.06743401288986206 0.48526515434554257
[31 INFO root] 0.1493917554616928 0.06778808683156967 0.45960019927078793
[31 INFO root] 0.15007345378398895 0.06812766194343567 0.42969320477890494
[31 INFO root] 0.1507769376039505 0.06845253705978394 0.39571427794772773
[31 INFO root] 0.1515103429555893 0.06876177340745926 0.35785763391742015
[31 INFO root] 0.15228165686130524 0.06905344128608704 0.3163456765126163
[31 INFO root] 0.15309841930866241 0.06932441145181656 0.2714336238955124
[31 INFO root] 0.15396744012832642 0.06957028806209564 0.22341391682151845
[31 INFO root] 0.15489430725574493 0.06978534907102585 0.17262007737413648
[31 INFO root] 0.1558830589056015 0.06996267288923264 0.11943002325600949
[31 INFO root] 0.15693575143814087 0.07009440660476685 0.06426873260476376
[31 INFO root] 0.15805202722549438 0.07017213851213455 0.007610010123458841
[31 INFO root] 0.1592288315296173 0.07018746435642242 -0.05002305046222838
[31 INFO root] 0.16046009957790375 0.07013264298439026 -0.10805951047327408
[31 INFO root] 0.1617368459701538 0.07000136375427246 -0.16588472560407824
[31 INFO root] 0.16304807364940643 0.06978938728570938 -0.22289729963887167
[31 INFO root] 0.16438068449497223 0.06949511915445328 -0.27847430240665916
[31 INFO root] 0.16571979224681854 0.06912016868591309 -0.3319704423608186
[31 INFO root] 0.16704949736595154 0.06866966933012009 -0.382737297894811
[31 INFO root] 0.168353870511055 0.06815221905708313 -0.43014812338190966
[31 INFO root] 0.16961809992790222 0.06757951527833939 -0.4736238786768222
[31 INFO root] 0.1708294302225113 0.06696543097496033 -0.5126569795154076
[31 INFO root] 0.17197805643081665 0.06632500141859055 -0.5468293965068509
[31 INFO root] 0.17305752635002136 0.0656731128692627 -0.5758226457684202
[31 INFO root] 0.1740649938583374 0.06502339243888855 -0.5994182397259847
[31 INFO root] 0.17500093579292297 0.06438727676868439 -0.617490971703898
[31 INFO root] 0.17586876451969147 0.0637735053896904 -0.6299972349681845
[31 INFO root] 0.17667421698570251 0.06318788230419159 -0.6369609476835273
[31 INFO root] 0.17742478847503662 0.0626334398984909 -0.6384595888101653
[31 INFO root] 0.17812927067279816 0.0621107742190361 -0.6346121989163857
[31 INFO root] 0.17879733443260193 0.06161853298544884 -0.6255703438495895
[31 INFO root] 0.17943915724754333 0.06115398555994034 -0.6115124082959698
[31 INFO root] 0.18006545305252075 0.06071349233388901 -0.5926658946055378
[31 INFO root] 0.1806880682706833 0.06029247120022774 -0.5694485371022452
[31 INFO root] 0.18131820857524872 0.05988699570298195 -0.5422952738955065
[31 INFO root] 0.18196596205234528 0.05949431657791138 -0.5116180928337353
